2021-11-14_07-46-07

Data Source: Número de casos confirmados de COVID-19 no Brasil (on GitHub)
https://raw.githubusercontent.com/wcota/covid19br/master/cases-brazil-cities-time.csv

Rejection ABC fitting of epidemic curves

Model: SEIRD
Parameters: $\beta_{I}$, $\beta_{E}$, $N$, $\mu$, $\gamma$, $t_{c}$, RF_{0}, $E_{0}$
#####################################################################

Number of Samples: 960
Number of Posteriors: 3
RMSD Weights: [1,1]
Training window size: 45
Validation window size: 10

#####################################################################

Posterior No. 3
Execution Time: 0.321 s
Tolerance: eps = 0.072839

Priors' Ranges:

	 $\beta_{I}$: 0.000246 <-> 0.997071
	 $\beta_{E}$: 0.002903 <-> 0.194749
	 $N$: 520445.689539 <-> 42396467.603504
	 $\mu$: 0.011370 <-> 0.096637
	 $\gamma$: 0.095943 <-> 0.998777
	 $t_{c}$: 1.478645 <-> 28.621484
	 RF_{0}: 0.001226 <-> 0.998855
	 $E_{0}$: 0.014829 <-> 1.999996

Estimated parameters (av +/- std):

	 $\beta_{I}$: 0.293582 +/- 0.234804
	 $\beta_{E}$: 0.084847 +/- 0.033502
	 $N$: 10255914.486922 +/- 11575756.558321
	 $\mu$: 0.044915 +/- 0.018702
	 $\gamma$: 0.616299 +/- 0.229743
	 $t_{c}$: 21.183157 +/- 5.040439
	 RF_{0}: 0.544582 +/- 0.267408
	 $E_{0}$: 1.974518 +/- 0.445256

Posterior distribution on file posterior_'param'.png

RMSD: 0.016263
Weighted RMSD: 0.016263
RMSD for validation data: 0.270425
RMSD for total data: 0.311640
AIC: 16.032525
AIC for validation data: 16.540850
AIC for total data: 16.623280

#####################################################################

Total time on ABC: 0.645 s
Number of trials: 18060

Fit on file model_fit.png