2021-11-14_21-02-25

Data Source: Número de casos confirmados de COVID-19 no Brasil (on GitHub)
https://raw.githubusercontent.com/wcota/covid19br/master/cases-brazil-cities-time.csv

Rejection ABC fitting of epidemic curves

Model: SEIRD
Parameters: $\beta_{I}$, $\beta_{E}$, $N$, $\mu$, $\gamma$, $t_{c}$, RF_{0}, $E_{0}$
#####################################################################

Number of Samples: 960
Number of Posteriors: 3
RMSD Weights: [1,1]
Training window size: 50
Validation window size: 10

#####################################################################

Posterior No. 3
Execution Time: 4.162 s
Tolerance: eps = 0.021878

Priors' Ranges:

	 $\beta_{I}$: 0.000186 <-> 0.951923
	 $\beta_{E}$: 0.000023 <-> 0.111235
	 $N$: 2635354.874047 <-> 66136862.827070
	 $\mu$: 0.011396 <-> 0.073380
	 $\gamma$: 0.183799 <-> 0.999588
	 $t_{c}$: 5.136645 <-> 29.990943
	 RF_{0}: 0.559189 <-> 0.994126
	 $E_{0}$: 0.037245 <-> 1.626531

Estimated parameters (av +/- std):

	 $\beta_{I}$: 0.177146 +/- 0.197770
	 $\beta_{E}$: 0.009031 +/- 0.019238
	 $N$: 23070834.956666 +/- 18280228.850136
	 $\mu$: 0.017877 +/- 0.012596
	 $\gamma$: 0.272183 +/- 0.177510
	 $t_{c}$: 20.153680 +/- 5.438859
	 RF_{0}: 0.757372 +/- 0.067463
	 $E_{0}$: 0.948265 +/- 0.280687

Posterior distribution on file posterior_'param'.png

RMSD: 0.012534
Weighted RMSD: 0.012534
RMSD for validation data: 0.570340
RMSD for total data: 0.486714
AIC: 16.025067
AIC for validation data: 17.140679
AIC for total data: 16.973429

#####################################################################

Total time on ABC: 9.218 s
Number of trials: 256264

Fit on file model_fit.png