2021-11-14_19-22-12

Data Source: Número de casos confirmados de COVID-19 no Brasil (on GitHub)
https://raw.githubusercontent.com/wcota/covid19br/master/cases-brazil-cities-time.csv

Rejection ABC fitting of epidemic curves

Model: SEIRD
Parameters: $\beta_{I}$, $\beta_{E}$, $N$, $\mu$, $\gamma$, $t_{c}$, RF_{0}, $E_{0}$
#####################################################################

Number of Samples: 48
Number of Posteriors: 3
RMSD Weights: [1,1]
Training window size: 45
Validation window size: 10

#####################################################################

Posterior No. 1
Execution Time: 0.097 s
Tolerance: eps = 0.507779

Priors' Ranges:

	 $\beta_{I}$: 0.000000 <-> 1.000000
	 $\beta_{E}$: 0.000000 <-> 1.000000
	 $N$: 51269.183000 <-> 10253836.600000
	 $\mu$: 0.000000 <-> 1.000000
	 $\gamma$: 0.000000 <-> 1.000000
	 $t_{c}$: 0.000000 <-> 30.000000
	 RF_{0}: 0.000000 <-> 1.000000
	 $E_{0}$: 0.000000 <-> 2.000000

Estimated parameters (av +/- std):

	 $\beta_{I}$: 0.164015 +/- 0.052667
	 $\beta_{E}$: 0.068986 +/- 0.049939
	 $N$: 7933872.803996 +/- 2512875.653942
	 $\mu$: 0.043185 +/- 0.008720
	 $\gamma$: 0.356853 +/- 0.125634
	 $t_{c}$: 4.885283 +/- 3.763437
	 RF_{0}: 0.996711 +/- 0.025080
	 $E_{0}$: 0.015202 +/- 0.021788

Posterior distribution on file posterior_'param'.png

RMSD: 0.078568
Weighted RMSD: 0.078568
RMSD for validation data: 0.861542
RMSD for total data: 0.433979
AIC: 16.157137
AIC for validation data: 17.723085
AIC for total data: 16.867957

#####################################################################

Total time on ABC: 0.097 s
Number of trials: 5782

Fit on file model_fit.png