2022-03-08_16-07-57

Data Source: Número de casos confirmados de COVID-19 no Brasil (on GitHub)
https://raw.githubusercontent.com/wcota/covid19br/master/cases-brazil-cities-time.csv

Rejection ABC fitting of epidemic curves

Model: SEIRD
Parameters: $\beta_{I}$, $\beta_{E}$, $N$, $\mu$, $\gamma$, $t_{c}$, RF_{0}, $E_{0}$
#####################################################################

Number of Samples: 48
Number of Posteriors: 3
RMSD Weights: [1,1]
Training window size: 30
Validation window size: 10

#####################################################################

Posterior No. 1
Execution Time: 0.545 s
Tolerance: eps = 0.04

Priors' Ranges:

	 $\beta_{I}$: 0.000000 <-> 1.000000
	 $\beta_{E}$: 0.000000 <-> 1.000000
	 $N$: 2125594.090000 <-> 106279704.500000
	 $\mu$: 0.000000 <-> 1.000000
	 $\gamma$: 0.000000 <-> 1.000000
	 $t_{c}$: 0.000000 <-> 30.000000
	 RF_{0}: 0.000000 <-> 1.000000
	 $E_{0}$: 0.000000 <-> 2.000000

Estimated parameters (av +/- std):

	 $\beta_{I}$: 0.703771 +/- 0.253532
	 $\beta_{E}$: 0.053638 +/- 0.022400
	 $N$: 85607361.781766 +/- 25136052.229094
	 $\mu$: 0.014397 +/- 0.003019
	 $\gamma$: 0.812759 +/- 0.172748
	 $t_{c}$: 7.780854 +/- 5.588619
	 RF_{0}: 0.994809 +/- 0.003699
	 $E_{0}$: 0.029410 +/- 0.019603

Posterior distribution on file posterior_'param'.png

RMSD: 0.020402
Weighted RMSD: 0.020402
RMSD for validation data: 0.099848
RMSD for total data: 0.449109
AIC: 16.040805
AIC for validation data: 16.199697
AIC for total data: 16.898219

#####################################################################

Total time on ABC: 0.545 s
Number of trials: 37448

Fit on file model_fit.png