2021-11-14_08-20-25

Data Source: Número de casos confirmados de COVID-19 no Brasil (on GitHub)
https://raw.githubusercontent.com/wcota/covid19br/master/cases-brazil-cities-time.csv

Rejection ABC fitting of epidemic curves

Model: SEIRD
Parameters: $\beta_{I}$, $\beta_{E}$, $N$, $\mu$, $\gamma$, $t_{c}$, RF_{0}, $E_{0}$
#####################################################################

Number of Samples: 960
Number of Posteriors: 3
RMSD Weights: [1,1]
Training window size: 35
Validation window size: 10

#####################################################################

Posterior No. 3
Execution Time: 2.073 s
Tolerance: eps = 0.027867

Priors' Ranges:

	 $\beta_{I}$: 0.003187 <-> 0.995590
	 $\beta_{E}$: 0.000008 <-> 0.177034
	 $N$: 5914361.446818 <-> 42499032.658933
	 $\mu$: 0.004140 <-> 0.026546
	 $\gamma$: 0.177089 <-> 0.998766
	 $t_{c}$: 6.140338 <-> 29.961930
	 RF_{0}: 0.938253 <-> 0.999988
	 $E_{0}$: 0.036604 <-> 0.279823

Estimated parameters (av +/- std):

	 $\beta_{I}$: 0.376229 +/- 0.243845
	 $\beta_{E}$: 0.016764 +/- 0.025318
	 $N$: 35710578.312343 +/- 10389478.059650
	 $\mu$: 0.014972 +/- 0.004539
	 $\gamma$: 0.619022 +/- 0.179181
	 $t_{c}$: 22.513191 +/- 5.236670
	 RF_{0}: 0.980904 +/- 0.010028
	 $E_{0}$: 0.176237 +/- 0.044576

Posterior distribution on file posterior_'param'.png

RMSD: 0.013687
Weighted RMSD: 0.013687
RMSD for validation data: 0.187512
RMSD for total data: 0.449499
AIC: 16.027374
AIC for validation data: 16.375024
AIC for total data: 16.898998

#####################################################################

Total time on ABC: 4.291 s
Number of trials: 136707

Fit on file model_fit.png