2021-11-14_19-26-42

Data Source: Número de casos confirmados de COVID-19 no Brasil (on GitHub)
https://raw.githubusercontent.com/wcota/covid19br/master/cases-brazil-cities-time.csv

Rejection ABC fitting of epidemic curves

Model: SEIRD
Parameters: $\beta_{I}$, $\beta_{E}$, $N$, $\mu$, $\gamma$, $t_{c}$, RF_{0}, $E_{0}$
#####################################################################

Number of Samples: 48
Number of Posteriors: 3
RMSD Weights: [1,1]
Training window size: 45
Validation window size: 10

#####################################################################

Posterior No. 1
Execution Time: 0.793 s
Tolerance: eps = 0.077261

Priors' Ranges:

	 $\beta_{I}$: 0.000000 <-> 1.000000
	 $\beta_{E}$: 0.000000 <-> 1.000000
	 $N$: 67886.004000 <-> 13577200.800000
	 $\mu$: 0.000000 <-> 1.000000
	 $\gamma$: 0.000000 <-> 1.000000
	 $t_{c}$: 0.000000 <-> 30.000000
	 RF_{0}: 0.000000 <-> 1.000000
	 $E_{0}$: 0.000000 <-> 2.000000

Estimated parameters (av +/- std):

	 $\beta_{I}$: 0.274053 +/- 0.190855
	 $\beta_{E}$: 0.013706 +/- 0.023079
	 $N$: 8727013.245309 +/- 3868154.355172
	 $\mu$: 0.097974 +/- 0.030502
	 $\gamma$: 0.610642 +/- 0.167782
	 $t_{c}$: 13.317491 +/- 6.492307
	 RF_{0}: 0.903426 +/- 0.184711
	 $E_{0}$: 0.654122 +/- 0.268425

Posterior distribution on file posterior_'param'.png

RMSD: 0.011178
Weighted RMSD: 0.011178
RMSD for validation data: 0.349174
RMSD for total data: 0.498564
AIC: 16.022355
AIC for validation data: 16.698347
AIC for total data: 16.997127

#####################################################################

Total time on ABC: 0.793 s
Number of trials: 49982

Fit on file model_fit.png