2021-11-14_04-03-32

Data Source: Número de casos confirmados de COVID-19 no Brasil (on GitHub)
https://raw.githubusercontent.com/wcota/covid19br/master/cases-brazil-cities-time.csv

Rejection ABC fitting of epidemic curves

Model: SEIRD
Parameters: $\beta_{I}$, $\beta_{E}$, $N$, $\mu$, $\gamma$, $t_{c}$, RF_{0}, $E_{0}$
#####################################################################

Number of Samples: 960
Number of Posteriors: 3
RMSD Weights: [1,1]
Training window size: 50
Validation window size: 10

#####################################################################

Posterior No. 2
Execution Time: 4.862 s
Tolerance: eps = 0.049025

Priors' Ranges:

	 $\beta_{I}$: 0.000038 <-> 0.332411
	 $\beta_{E}$: 0.000006 <-> 0.103032
	 $N$: 215100.743506 <-> 25167634.295828
	 $\mu$: 0.003988 <-> 0.057333
	 $\gamma$: 0.072439 <-> 0.560011
	 $t_{c}$: 9.347885 <-> 29.986805
	 RF_{0}: 0.683199 <-> 0.933278
	 $E_{0}$: 0.001206 <-> 0.104881

Estimated parameters (av +/- std):

	 $\beta_{I}$: 0.001777 +/- 0.070092
	 $\beta_{E}$: 0.050560 +/- 0.014391
	 $N$: 8066609.617688 +/- 6275061.623750
	 $\mu$: 0.006992 +/- 0.009455
	 $\gamma$: 0.133684 +/- 0.087334
	 $t_{c}$: 23.663877 +/- 4.478694
	 RF_{0}: 0.742255 +/- 0.039132
	 $E_{0}$: 0.059502 +/- 0.020373

Posterior distribution on file posterior_'param'.png

RMSD: 0.027789
Weighted RMSD: 0.027789
RMSD for validation data: 1.121203
RMSD for total data: 0.399231
AIC: 16.055577
AIC for validation data: 18.242406
AIC for total data: 16.798463

#####################################################################

Total time on ABC: 8.079 s
Number of trials: 220963

Fit on file model_fit.png