2022-03-08_15-59-59

Data Source: Número de casos confirmados de COVID-19 no Brasil (on GitHub)
https://raw.githubusercontent.com/wcota/covid19br/master/cases-brazil-cities-time.csv

Rejection ABC fitting of epidemic curves

Model: SEIRD
Parameters: $\beta_{I}$, $\beta_{E}$, $N$, $\mu$, $\gamma$, $t_{c}$, RF_{0}, $E_{0}$
#####################################################################

Number of Samples: 960
Number of Posteriors: 3
RMSD Weights: [1,1]
Training window size: 20
Validation window size: 10

#####################################################################

Posterior No. 2
Execution Time: 0.362 s
Tolerance: eps = 0.042009

Priors' Ranges:

	 $\beta_{I}$: 0.000172 <-> 0.999111
	 $\beta_{E}$: 0.001392 <-> 0.161535
	 $N$: 11687113.023704 <-> 106067020.916189
	 $\mu$: 0.004170 <-> 0.020023
	 $\gamma$: 0.174259 <-> 0.999301
	 $t_{c}$: 6.568833 <-> 29.986731
	 RF_{0}: 0.976605 <-> 0.999937
	 $E_{0}$: 0.020311 <-> 0.119417

Estimated parameters (av +/- std):

	 $\beta_{I}$: 0.539022 +/- 0.265324
	 $\beta_{E}$: 0.069013 +/- 0.028425
	 $N$: 38117168.187254 +/- 24192397.663506
	 $\mu$: 0.014866 +/- 0.003148
	 $\gamma$: 0.799918 +/- 0.177848
	 $t_{c}$: 26.027821 +/- 5.430409
	 RF_{0}: 0.994245 +/- 0.004109
	 $E_{0}$: 0.084860 +/- 0.020624

Posterior distribution on file posterior_'param'.png

RMSD: 0.024919
Weighted RMSD: 0.024919
RMSD for validation data: 0.331781
RMSD for total data: 0.310211
AIC: 16.049839
AIC for validation data: 16.663563
AIC for total data: 16.620422

#####################################################################

Total time on ABC: 0.541 s
Number of trials: 38898

Fit on file model_fit.png