2021-12-01_00-51-50

Data Source: Número de casos confirmados de COVID-19 no Brasil (on GitHub)
https://raw.githubusercontent.com/wcota/covid19br/master/cases-brazil-cities-time.csv

Rejection ABC fitting of epidemic curves

Model: SEIRD
Parameters: $\beta_{I}$, $\beta_{E}$, $N$, $\mu$, $\gamma$, $t_{c}$, RF_{0}, $E_{0}$
#####################################################################

Number of Samples: 99984
Number of Posteriors: 3
RMSD Weights: [1,1]
Training window size: 15
Validation window size: 10

#####################################################################

Posterior No. 3
Execution Time: 87.853 s
Tolerance: eps = 5.276600

Priors' Ranges:

	 $\beta_{I}$: 0.000010 <-> 1.000000
	 $\beta_{E}$: 0.000005 <-> 0.999950
	 $N$: 212562.591483 <-> 42508869.683637
	 $\mu$: 0.000000 <-> 0.998993
	 $\gamma$: 0.000009 <-> 0.999997
	 $t_{c}$: 0.036264 <-> 29.999976
	 RF_{0}: 0.000073 <-> 1.000000
	 $E_{0}$: 0.000004 <-> 1.999974

Estimated parameters (av +/- std):

	 $\beta_{I}$: 0.419305 +/- 0.269892
	 $\beta_{E}$: 0.674045 +/- 0.275363
	 $N$: 4242812.466797 +/- 10247513.026522
	 $\mu$: 0.007037 +/- 0.133717
	 $\gamma$: 0.332367 +/- 0.223768
	 $t_{c}$: 22.585419 +/- 7.372372
	 RF_{0}: 0.933294 +/- 0.241160
	 $E_{0}$: 0.425651 +/- 0.540630

Posterior distribution on file posterior_'param'.png

RMSD: 0.044776
Weighted RMSD: 0.044776
RMSD for validation data: 0.238706
RMSD for total data: 0.277383
AIC: 16.089551
AIC for validation data: 16.477413
AIC for total data: 16.554766

#####################################################################

Total time on ABC: 179.697 s
Number of trials: 1568557

Fit on file model_fit.png