2021-11-14_19-26-42

Data Source: Número de casos confirmados de COVID-19 no Brasil (on GitHub)
https://raw.githubusercontent.com/wcota/covid19br/master/cases-brazil-cities-time.csv

Rejection ABC fitting of epidemic curves

Model: SEIRD
Parameters: $\beta_{I}$, $\beta_{E}$, $N$, $\mu$, $\gamma$, $t_{c}$, RF_{0}, $E_{0}$
#####################################################################

Number of Samples: 960
Number of Posteriors: 3
RMSD Weights: [1,1]
Training window size: 45
Validation window size: 10

#####################################################################

Posterior No. 2
Execution Time: 3.515 s
Tolerance: eps = 0.032493

Priors' Ranges:

	 $\beta_{I}$: 0.000649 <-> 0.990992
	 $\beta_{E}$: 0.001296 <-> 0.135725
	 $N$: 698845.971312 <-> 13540078.906201
	 $\mu$: 0.001238 <-> 0.006047
	 $\gamma$: 0.205163 <-> 0.999743
	 $t_{c}$: 10.752425 <-> 29.995279
	 RF_{0}: 0.915293 <-> 0.975400
	 $E_{0}$: 0.001235 <-> 0.096619

Estimated parameters (av +/- std):

	 $\beta_{I}$: 0.070555 +/- 0.255622
	 $\beta_{E}$: 0.071453 +/- 0.020456
	 $N$: 6889329.873145 +/- 3337934.324212
	 $\mu$: 0.002057 +/- 0.001011
	 $\gamma$: 0.366333 +/- 0.182700
	 $t_{c}$: 26.474899 +/- 4.395613
	 RF_{0}: 0.944072 +/- 0.010553
	 $E_{0}$: 0.070025 +/- 0.019145

Posterior distribution on file posterior_'param'.png

RMSD: 0.022637
Weighted RMSD: 0.022637
RMSD for validation data: 0.256634
RMSD for total data: 0.435936
AIC: 16.045275
AIC for validation data: 16.513267
AIC for total data: 16.871872

#####################################################################

Total time on ABC: 6.347 s
Number of trials: 176544

Fit on file model_fit.png