2021-11-14_07-46-07

Data Source: Número de casos confirmados de COVID-19 no Brasil (on GitHub)
https://raw.githubusercontent.com/wcota/covid19br/master/cases-brazil-cities-time.csv

Rejection ABC fitting of epidemic curves

Model: SEIRD
Parameters: $\beta_{I}$, $\beta_{E}$, $N$, $\mu$, $\gamma$, $t_{c}$, RF_{0}, $E_{0}$
#####################################################################

Number of Samples: 960
Number of Posteriors: 3
RMSD Weights: [1,1]
Training window size: 50
Validation window size: 10

#####################################################################

Posterior No. 2
Execution Time: 47.445 s
Tolerance: eps = 0.010439

Priors' Ranges:

	 $\beta_{I}$: 0.003713 <-> 0.990465
	 $\beta_{E}$: 0.000070 <-> 0.094113
	 $N$: 6530263.528684 <-> 42504365.204763
	 $\mu$: 0.007703 <-> 0.024029
	 $\gamma$: 0.338258 <-> 0.999471
	 $t_{c}$: 8.242061 <-> 29.964516
	 RF_{0}: 0.922652 <-> 0.993789
	 $E_{0}$: 0.175648 <-> 0.727346

Estimated parameters (av +/- std):

	 $\beta_{I}$: 0.426283 +/- 0.246306
	 $\beta_{E}$: 0.024348 +/- 0.016404
	 $N$: 29326544.914328 +/- 9819969.496253
	 $\mu$: 0.014782 +/- 0.003299
	 $\gamma$: 0.633511 +/- 0.138959
	 $t_{c}$: 15.389567 +/- 4.878453
	 RF_{0}: 0.957333 +/- 0.012582
	 $E_{0}$: 0.358418 +/- 0.116267

Posterior distribution on file posterior_'param'.png

RMSD: 0.007840
Weighted RMSD: 0.007840
RMSD for validation data: 0.132988
RMSD for total data: 0.449499
AIC: 16.015680
AIC for validation data: 16.265976
AIC for total data: 16.898997

#####################################################################

Total time on ABC: 64.786 s
Number of trials: 2267942

Fit on file model_fit.png