2021-11-14_19-38-02

Data Source: Número de casos confirmados de COVID-19 no Brasil (on GitHub)
https://raw.githubusercontent.com/wcota/covid19br/master/cases-brazil-cities-time.csv

Rejection ABC fitting of epidemic curves

Model: SEIRD
Parameters: $\beta_{I}$, $\beta_{E}$, $N$, $\mu$, $\gamma$, $t_{c}$, RF_{0}, $E_{0}$
#####################################################################

Number of Samples: 960
Number of Posteriors: 3
RMSD Weights: [1,1]
Training window size: 20
Validation window size: 10

#####################################################################

Posterior No. 2
Execution Time: 0.044 s
Tolerance: eps = 0.199623

Priors' Ranges:

	 $\beta_{I}$: 0.000063 <-> 0.998510
	 $\beta_{E}$: 0.000031 <-> 0.144954
	 $N$: 61773.918763 <-> 10234221.474584
	 $\mu$: 0.001320 <-> 0.066752
	 $\gamma$: 0.058579 <-> 0.999597
	 $t_{c}$: 3.296124 <-> 29.983201
	 RF_{0}: 0.969979 <-> 0.999978
	 $E_{0}$: 0.000146 <-> 0.050383

Estimated parameters (av +/- std):

	 $\beta_{I}$: 0.295911 +/- 0.244308
	 $\beta_{E}$: 0.050956 +/- 0.034113
	 $N$: 2436767.225743 +/- 2682078.012058
	 $\mu$: 0.023708 +/- 0.009310
	 $\gamma$: 0.725737 +/- 0.175108
	 $t_{c}$: 16.107273 +/- 6.224898
	 RF_{0}: 0.998589 +/- 0.006830
	 $E_{0}$: 0.029458 +/- 0.010026

Posterior distribution on file posterior_'param'.png

RMSD: 0.046280
Weighted RMSD: 0.046280
RMSD for validation data: 0.294613
RMSD for total data: 0.433979
AIC: 16.092560
AIC for validation data: 16.589226
AIC for total data: 16.867957

#####################################################################

Total time on ABC: 0.132 s
Number of trials: 4652

Fit on file model_fit.png