2022-03-08_16-07-57

Data Source: Número de casos confirmados de COVID-19 no Brasil (on GitHub)
https://raw.githubusercontent.com/wcota/covid19br/master/cases-brazil-cities-time.csv

Rejection ABC fitting of epidemic curves

Model: SEIRD
Parameters: $\beta_{I}$, $\beta_{E}$, $N$, $\mu$, $\gamma$, $t_{c}$, RF_{0}, $E_{0}$
#####################################################################

Number of Samples: 960
Number of Posteriors: 3
RMSD Weights: [1,1]
Training window size: 30
Validation window size: 10

#####################################################################

Posterior No. 3
Execution Time: 0.965 s
Tolerance: eps = 0.032537

Priors' Ranges:

	 $\beta_{I}$: 0.001891 <-> 0.999633
	 $\beta_{E}$: 0.000258 <-> 0.143882
	 $N$: 2307051.629616 <-> 106069473.039401
	 $\mu$: 0.010215 <-> 0.057850
	 $\gamma$: 0.207888 <-> 0.999291
	 $t_{c}$: 3.204812 <-> 29.794734
	 RF_{0}: 0.168727 <-> 0.998884
	 $E_{0}$: 0.036237 <-> 1.999208

Estimated parameters (av +/- std):

	 $\beta_{I}$: 0.209818 +/- 0.267376
	 $\beta_{E}$: 0.090456 +/- 0.021531
	 $N$: 35554203.908830 +/- 28583653.172797
	 $\mu$: 0.030573 +/- 0.008758
	 $\gamma$: 0.603999 +/- 0.165844
	 $t_{c}$: 12.071787 +/- 5.296376
	 RF_{0}: 0.654060 +/- 0.153964
	 $E_{0}$: 0.860186 +/- 0.391151

Posterior distribution on file posterior_'param'.png

RMSD: 0.018582
Weighted RMSD: 0.018582
RMSD for validation data: 0.368310
RMSD for total data: 0.415541
AIC: 16.037165
AIC for validation data: 16.736620
AIC for total data: 16.831081

#####################################################################

Total time on ABC: 2.218 s
Number of trials: 84565

Fit on file model_fit.png