2021-11-14_05-08-12

Data Source: Número de casos confirmados de COVID-19 no Brasil (on GitHub)
https://raw.githubusercontent.com/wcota/covid19br/master/cases-brazil-cities-time.csv

Rejection ABC fitting of epidemic curves

Model: SEIRD
Parameters: $\beta_{I}$, $\beta_{E}$, $N$, $\mu$, $\gamma$, $t_{c}$, RF_{0}, $E_{0}$
#####################################################################

Number of Samples: 48
Number of Posteriors: 3
RMSD Weights: [1,1]
Training window size: 30
Validation window size: 10

#####################################################################

Posterior No. 1
Execution Time: 0.161 s
Tolerance: eps = 1.691150

Priors' Ranges:

	 $\beta_{I}$: 0.000000 <-> 1.000000
	 $\beta_{E}$: 0.000000 <-> 1.000000
	 $N$: 126476.458000 <-> 25295291.600000
	 $\mu$: 0.000000 <-> 1.000000
	 $\gamma$: 0.000000 <-> 1.000000
	 $t_{c}$: 0.000000 <-> 30.000000
	 RF_{0}: 0.000000 <-> 1.000000
	 $E_{0}$: 0.000000 <-> 2.000000

Estimated parameters (av +/- std):

	 $\beta_{I}$: 0.513631 +/- 0.269487
	 $\beta_{E}$: 0.101917 +/- 0.149723
	 $N$: 4746106.014751 +/- 7220297.243909
	 $\mu$: 0.036729 +/- 0.296514
	 $\gamma$: 0.766796 +/- 0.258090
	 $t_{c}$: 26.976730 +/- 9.358601
	 RF_{0}: 0.924667 +/- 0.284648
	 $E_{0}$: 1.851856 +/- 0.545423

Posterior distribution on file posterior_'param'.png

RMSD: 0.131110
Weighted RMSD: 0.131110
RMSD for validation data: 0.471844
RMSD for total data: 10.626701
AIC: 16.262221
AIC for validation data: 16.943687
AIC for total data: 37.253403

#####################################################################

Total time on ABC: 0.161 s
Number of trials: 8762

Fit on file model_fit.png