2021-11-14_05-08-12

Data Source: Número de casos confirmados de COVID-19 no Brasil (on GitHub)
https://raw.githubusercontent.com/wcota/covid19br/master/cases-brazil-cities-time.csv

Rejection ABC fitting of epidemic curves

Model: SEIRD
Parameters: $\beta_{I}$, $\beta_{E}$, $N$, $\mu$, $\gamma$, $t_{c}$, RF_{0}, $E_{0}$
#####################################################################

Number of Samples: 960
Number of Posteriors: 3
RMSD Weights: [1,1]
Training window size: 15
Validation window size: 10

#####################################################################

Posterior No. 2
Execution Time: 0.047 s
Tolerance: eps = 49.820251

Priors' Ranges:

	 $\beta_{I}$: 0.000344 <-> 0.998457
	 $\beta_{E}$: 0.000249 <-> 0.657053
	 $N$: 172882.287348 <-> 25228913.489967
	 $\mu$: 0.000040 <-> 0.994641
	 $\gamma$: 0.035996 <-> 0.999261
	 $t_{c}$: 0.102143 <-> 29.996357
	 RF_{0}: 0.000020 <-> 0.999439
	 $E_{0}$: 0.001122 <-> 1.990127

Estimated parameters (av +/- std):

	 $\beta_{I}$: 0.677325 +/- 0.266148
	 $\beta_{E}$: 0.055813 +/- 0.091162
	 $N$: 9140293.323719 +/- 6817471.393900
	 $\mu$: 0.058167 +/- 0.230083
	 $\gamma$: 0.869233 +/- 0.240499
	 $t_{c}$: 21.589565 +/- 7.355227
	 RF_{0}: 0.994232 +/- 0.242571
	 $E_{0}$: 0.094544 +/- 0.444571

Posterior distribution on file posterior_'param'.png

RMSD: 0.306679
Weighted RMSD: 0.306679
RMSD for validation data: 4.113895
RMSD for total data: 5.421080
AIC: 16.613357
AIC for validation data: 24.227790
AIC for total data: 26.842161

#####################################################################

Total time on ABC: 0.140 s
Number of trials: 8234

Fit on file model_fit.png