2021-11-14_05-08-12

Data Source: Número de casos confirmados de COVID-19 no Brasil (on GitHub)
https://raw.githubusercontent.com/wcota/covid19br/master/cases-brazil-cities-time.csv

Rejection ABC fitting of epidemic curves

Model: SEIRD
Parameters: $\beta_{I}$, $\beta_{E}$, $N$, $\mu$, $\gamma$, $t_{c}$, RF_{0}, $E_{0}$
#####################################################################

Number of Samples: 960
Number of Posteriors: 3
RMSD Weights: [1,1]
Training window size: 20
Validation window size: 10

#####################################################################

Posterior No. 2
Execution Time: 0.119 s
Tolerance: eps = 78.446008

Priors' Ranges:

	 $\beta_{I}$: 0.000361 <-> 0.990967
	 $\beta_{E}$: 0.000095 <-> 0.884683
	 $N$: 132721.665107 <-> 25249577.548204
	 $\mu$: 0.000003 <-> 0.992362
	 $\gamma$: 0.004251 <-> 0.999107
	 $t_{c}$: 0.052162 <-> 29.994195
	 RF_{0}: 0.004647 <-> 0.999495
	 $E_{0}$: 0.000224 <-> 1.961660

Estimated parameters (av +/- std):

	 $\beta_{I}$: 0.873930 +/- 0.263767
	 $\beta_{E}$: 0.084544 +/- 0.108458
	 $N$: 14720292.544260 +/- 6838933.993028
	 $\mu$: 0.236503 +/- 0.238542
	 $\gamma$: 0.725070 +/- 0.215017
	 $t_{c}$: 22.291488 +/- 7.703048
	 RF_{0}: 0.987972 +/- 0.240047
	 $E_{0}$: 0.021614 +/- 0.476019

Posterior distribution on file posterior_'param'.png

RMSD: 1.914641
Weighted RMSD: 1.914641
RMSD for validation data: 16.288313
RMSD for total data: 111.049831
AIC: 19.829282
AIC for validation data: 48.576625
AIC for total data: 238.099661

#####################################################################

Total time on ABC: 0.273 s
Number of trials: 9431

Fit on file model_fit.png