2021-11-14_20-30-25

Data Source: Número de casos confirmados de COVID-19 no Brasil (on GitHub)
https://raw.githubusercontent.com/wcota/covid19br/master/cases-brazil-cities-time.csv

Rejection ABC fitting of epidemic curves

Model: SEIRD
Parameters: $\beta_{I}$, $\beta_{E}$, $N$, $\mu$, $\gamma$, $t_{c}$, RF_{0}, $E_{0}$
#####################################################################

Number of Samples: 960
Number of Posteriors: 3
RMSD Weights: [1,1]
Training window size: 40
Validation window size: 10

#####################################################################

Posterior No. 2
Execution Time: 0.167 s
Tolerance: eps = 56.632458

Priors' Ranges:

	 $\beta_{I}$: 0.000185 <-> 0.995720
	 $\beta_{E}$: 0.000017 <-> 0.984782
	 $N$: 53205.545014 <-> 10247608.760036
	 $\mu$: 0.000397 <-> 0.971583
	 $\gamma$: 0.006383 <-> 0.998894
	 $t_{c}$: 0.041129 <-> 29.977315
	 RF_{0}: 0.004070 <-> 0.998948
	 $E_{0}$: 0.000512 <-> 1.997295

Estimated parameters (av +/- std):

	 $\beta_{I}$: 0.466237 +/- 0.246885
	 $\beta_{E}$: 0.354178 +/- 0.210538
	 $N$: 53205.545014 +/- 3085619.543613
	 $\mu$: 0.003384 +/- 0.253823
	 $\gamma$: 0.949949 +/- 0.215932
	 $t_{c}$: 5.471797 +/- 8.928698
	 RF_{0}: 0.691440 +/- 0.256206
	 $E_{0}$: 0.872170 +/- 0.505976

Posterior distribution on file posterior_'param'.png

RMSD: 0.394714
Weighted RMSD: 0.394714
RMSD for validation data: 2.856820
RMSD for total data: 0.433979
AIC: 16.789429
AIC for validation data: 21.713641
AIC for total data: 16.867957

#####################################################################

Total time on ABC: 0.388 s
Number of trials: 19785

Fit on file model_fit.png