2021-11-14_05-05-40

Data Source: Número de casos confirmados de COVID-19 no Brasil (on GitHub)
https://raw.githubusercontent.com/wcota/covid19br/master/cases-brazil-cities-time.csv

Rejection ABC fitting of epidemic curves

Model: SEIRD
Parameters: $\beta_{I}$, $\beta_{E}$, $N$, $\mu$, $\gamma$, $t_{c}$, RF_{0}, $E_{0}$
#####################################################################

Number of Samples: 48
Number of Posteriors: 3
RMSD Weights: [1,1]
Training window size: 30
Validation window size: 10

#####################################################################

Posterior No. 1
Execution Time: 0.165 s
Tolerance: eps = 0.634024

Priors' Ranges:

	 $\beta_{I}$: 0.000000 <-> 1.000000
	 $\beta_{E}$: 0.000000 <-> 1.000000
	 $N$: 126476.458000 <-> 25295291.600000
	 $\mu$: 0.000000 <-> 1.000000
	 $\gamma$: 0.000000 <-> 1.000000
	 $t_{c}$: 0.000000 <-> 30.000000
	 RF_{0}: 0.000000 <-> 1.000000
	 $E_{0}$: 0.000000 <-> 2.000000

Estimated parameters (av +/- std):

	 $\beta_{I}$: 0.984167 +/- 0.273281
	 $\beta_{E}$: 0.116068 +/- 0.146307
	 $N$: 11924036.545165 +/- 7242788.099455
	 $\mu$: 0.014370 +/- 0.300043
	 $\gamma$: 0.891932 +/- 0.256788
	 $t_{c}$: 2.133959 +/- 9.304544
	 RF_{0}: 0.959747 +/- 0.288669
	 $E_{0}$: 0.761981 +/- 0.574120

Posterior distribution on file posterior_'param'.png

RMSD: 0.075718
Weighted RMSD: 0.075718
RMSD for validation data: 0.304283
RMSD for total data: 7.475420
AIC: 16.151436
AIC for validation data: 16.608566
AIC for total data: 30.950840

#####################################################################

Total time on ABC: 0.165 s
Number of trials: 9435

Fit on file model_fit.png