2021-11-14_05-08-12

Data Source: Número de casos confirmados de COVID-19 no Brasil (on GitHub)
https://raw.githubusercontent.com/wcota/covid19br/master/cases-brazil-cities-time.csv

Rejection ABC fitting of epidemic curves

Model: SEIRD
Parameters: $\beta_{I}$, $\beta_{E}$, $N$, $\mu$, $\gamma$, $t_{c}$, RF_{0}, $E_{0}$
#####################################################################

Number of Samples: 48
Number of Posteriors: 3
RMSD Weights: [1,1]
Training window size: 15
Validation window size: 10

#####################################################################

Posterior No. 1
Execution Time: 0.108 s
Tolerance: eps = 70.725711

Priors' Ranges:

	 $\beta_{I}$: 0.000000 <-> 1.000000
	 $\beta_{E}$: 0.000000 <-> 1.000000
	 $N$: 126476.458000 <-> 25295291.600000
	 $\mu$: 0.000000 <-> 1.000000
	 $\gamma$: 0.000000 <-> 1.000000
	 $t_{c}$: 0.000000 <-> 30.000000
	 RF_{0}: 0.000000 <-> 1.000000
	 $E_{0}$: 0.000000 <-> 2.000000

Estimated parameters (av +/- std):

	 $\beta_{I}$: 0.704216 +/- 0.291711
	 $\beta_{E}$: 0.596540 +/- 0.268423
	 $N$: 365701.057045 +/- 7883203.016141
	 $\mu$: 0.007107 +/- 0.272702
	 $\gamma$: 0.883313 +/- 0.263441
	 $t_{c}$: 12.292841 +/- 8.242862
	 RF_{0}: 0.869643 +/- 0.264251
	 $E_{0}$: 0.471177 +/- 0.572893

Posterior distribution on file posterior_'param'.png

RMSD: 0.813415
Weighted RMSD: 0.813415
RMSD for validation data: 1.424659
RMSD for total data: 0.379415
AIC: 17.626829
AIC for validation data: 18.849318
AIC for total data: 16.758830

#####################################################################

Total time on ABC: 0.108 s
Number of trials: 9820

Fit on file model_fit.png