2022-03-08_16-22-08

Data Source: Número de casos confirmados de COVID-19 no Brasil (on GitHub)
https://raw.githubusercontent.com/wcota/covid19br/master/cases-brazil-cities-time.csv

Rejection ABC fitting of epidemic curves

Model: SEIRD
Parameters: $\beta_{I}$, $\beta_{E}$, $N$, $\mu$, $\gamma$, $t_{c}$, RF_{0}, $E_{0}$
#####################################################################

Number of Samples: 960
Number of Posteriors: 3
RMSD Weights: [1,1]
Training window size: 40
Validation window size: 10

#####################################################################

Posterior No. 2
Execution Time: 0.180 s
Tolerance: eps = 0.191638

Priors' Ranges:

	 $\beta_{I}$: 0.000152 <-> 0.998952
	 $\beta_{E}$: 0.087412 <-> 0.358649
	 $N$: 2493977.767143 <-> 105989712.085333
	 $\mu$: 0.012600 <-> 0.235334
	 $\gamma$: 0.053214 <-> 0.999500
	 $t_{c}$: 0.642321 <-> 29.851437
	 RF_{0}: 0.000712 <-> 0.993272
	 $E_{0}$: 0.024924 <-> 1.998105

Estimated parameters (av +/- std):

	 $\beta_{I}$: 0.801710 +/- 0.248536
	 $\beta_{E}$: 0.226536 +/- 0.037444
	 $N$: 46172333.771884 +/- 27306651.296562
	 $\mu$: 0.052415 +/- 0.046272
	 $\gamma$: 0.749209 +/- 0.219511
	 $t_{c}$: 1.234172 +/- 7.046253
	 RF_{0}: 0.142779 +/- 0.249511
	 $E_{0}$: 1.837023 +/- 0.444457

Posterior distribution on file posterior_'param'.png

RMSD: 0.067711
Weighted RMSD: 0.067711
RMSD for validation data: 1.064048
RMSD for total data: 1.489314
AIC: 16.135422
AIC for validation data: 18.128096
AIC for total data: 18.978629

#####################################################################

Total time on ABC: 0.274 s
Number of trials: 11634

Fit on file model_fit.png