2021-11-14_19-37-26

Data Source: Número de casos confirmados de COVID-19 no Brasil (on GitHub)
https://raw.githubusercontent.com/wcota/covid19br/master/cases-brazil-cities-time.csv

Rejection ABC fitting of epidemic curves

Model: SEIRD
Parameters: $\beta_{I}$, $\beta_{E}$, $N$, $\mu$, $\gamma$, $t_{c}$, RF_{0}, $E_{0}$
#####################################################################

Number of Samples: 48
Number of Posteriors: 3
RMSD Weights: [1,1]
Training window size: 50
Validation window size: 10

#####################################################################

Posterior No. 1
Execution Time: 2.403 s
Tolerance: eps = 0.038228

Priors' Ranges:

	 $\beta_{I}$: 0.000000 <-> 1.000000
	 $\beta_{E}$: 0.000000 <-> 1.000000
	 $N$: 67886.004000 <-> 13577200.800000
	 $\mu$: 0.000000 <-> 1.000000
	 $\gamma$: 0.000000 <-> 1.000000
	 $t_{c}$: 0.000000 <-> 30.000000
	 RF_{0}: 0.000000 <-> 1.000000
	 $E_{0}$: 0.000000 <-> 2.000000

Estimated parameters (av +/- std):

	 $\beta_{I}$: 0.174783 +/- 0.223624
	 $\beta_{E}$: 0.081877 +/- 0.054594
	 $N$: 1986727.931256 +/- 2088625.959345
	 $\mu$: 0.001050 +/- 0.000661
	 $\gamma$: 0.038952 +/- 0.052886
	 $t_{c}$: 12.831764 +/- 4.667768
	 RF_{0}: 0.950242 +/- 0.042757
	 $E_{0}$: 0.446084 +/- 0.214954

Posterior distribution on file posterior_'param'.png

RMSD: 0.010595
Weighted RMSD: 0.010595
RMSD for validation data: 0.099358
RMSD for total data: 0.281913
AIC: 16.021190
AIC for validation data: 16.198715
AIC for total data: 16.563826

#####################################################################

Total time on ABC: 2.403 s
Number of trials: 124427

Fit on file model_fit.png