2021-11-14_19-22-12

Data Source: Número de casos confirmados de COVID-19 no Brasil (on GitHub)
https://raw.githubusercontent.com/wcota/covid19br/master/cases-brazil-cities-time.csv

Rejection ABC fitting of epidemic curves

Model: SEIRD
Parameters: $\beta_{I}$, $\beta_{E}$, $N$, $\mu$, $\gamma$, $t_{c}$, RF_{0}, $E_{0}$
#####################################################################

Number of Samples: 960
Number of Posteriors: 3
RMSD Weights: [1,1]
Training window size: 40
Validation window size: 10

#####################################################################

Posterior No. 2
Execution Time: 0.178 s
Tolerance: eps = 0.075448

Priors' Ranges:

	 $\beta_{I}$: 0.000063 <-> 0.408261
	 $\beta_{E}$: 0.000032 <-> 0.090872
	 $N$: 140440.327841 <-> 10237775.429730
	 $\mu$: 0.002198 <-> 0.011319
	 $\gamma$: 0.088424 <-> 0.510769
	 $t_{c}$: 4.365796 <-> 29.780773
	 RF_{0}: 0.909473 <-> 0.999983
	 $E_{0}$: 0.167668 <-> 0.828575

Estimated parameters (av +/- std):

	 $\beta_{I}$: 0.025265 +/- 0.051407
	 $\beta_{E}$: 0.007840 +/- 0.018946
	 $N$: 5186258.893376 +/- 2437388.094557
	 $\mu$: 0.003320 +/- 0.001301
	 $\gamma$: 0.112964 +/- 0.063707
	 $t_{c}$: 21.194114 +/- 4.599017
	 RF_{0}: 0.969334 +/- 0.015633
	 $E_{0}$: 0.594682 +/- 0.121287

Posterior distribution on file posterior_'param'.png

RMSD: 0.019308
Weighted RMSD: 0.019308
RMSD for validation data: 0.305623
RMSD for total data: 0.433979
AIC: 16.038616
AIC for validation data: 16.611246
AIC for total data: 16.867957

#####################################################################

Total time on ABC: 0.437 s
Number of trials: 11485

Fit on file model_fit.png