2021-11-14_05-05-40

Data Source: Número de casos confirmados de COVID-19 no Brasil (on GitHub)
https://raw.githubusercontent.com/wcota/covid19br/master/cases-brazil-cities-time.csv

Rejection ABC fitting of epidemic curves

Model: SEIRD
Parameters: $\beta_{I}$, $\beta_{E}$, $N$, $\mu$, $\gamma$, $t_{c}$, RF_{0}, $E_{0}$
#####################################################################

Number of Samples: 960
Number of Posteriors: 3
RMSD Weights: [1,1]
Training window size: 35
Validation window size: 10

#####################################################################

Posterior No. 2
Execution Time: 0.133 s
Tolerance: eps = 22.382165

Priors' Ranges:

	 $\beta_{I}$: 0.001144 <-> 0.996857
	 $\beta_{E}$: 0.000019 <-> 0.976529
	 $N$: 127305.417227 <-> 25249993.064711
	 $\mu$: 0.000065 <-> 0.982349
	 $\gamma$: 0.041167 <-> 0.997705
	 $t_{c}$: 0.041389 <-> 29.937853
	 RF_{0}: 0.011341 <-> 0.999975
	 $E_{0}$: 0.000220 <-> 1.997233

Estimated parameters (av +/- std):

	 $\beta_{I}$: 0.339606 +/- 0.260447
	 $\beta_{E}$: 0.299020 +/- 0.187747
	 $N$: 284690.035339 +/- 7563957.251540
	 $\mu$: 0.029456 +/- 0.263142
	 $\gamma$: 0.482484 +/- 0.205195
	 $t_{c}$: 28.670181 +/- 8.498409
	 RF_{0}: 0.869341 +/- 0.257878
	 $E_{0}$: 0.100416 +/- 0.494101

Posterior distribution on file posterior_'param'.png

RMSD: 0.655816
Weighted RMSD: 0.655816
RMSD for validation data: 2.954023
RMSD for total data: 0.785398
AIC: 17.311631
AIC for validation data: 21.908045
AIC for total data: 17.570796

#####################################################################

Total time on ABC: 0.344 s
Number of trials: 19034

Fit on file model_fit.png