2021-11-14_04-49-43

Data Source: Número de casos confirmados de COVID-19 no Brasil (on GitHub)
https://raw.githubusercontent.com/wcota/covid19br/master/cases-brazil-cities-time.csv

Rejection ABC fitting of epidemic curves

Model: SEIRD
Parameters: $\beta_{I}$, $\beta_{E}$, $N$, $\mu$, $\gamma$, $t_{c}$, RF_{0}, $E_{0}$
#####################################################################

Number of Samples: 960
Number of Posteriors: 3
RMSD Weights: [1,1]
Training window size: 35
Validation window size: 10

#####################################################################

Posterior No. 3
Execution Time: 0.194 s
Tolerance: eps = 0.113868

Priors' Ranges:

	 $\beta_{I}$: 0.001296 <-> 0.907798
	 $\beta_{E}$: 0.000189 <-> 0.111280
	 $N$: 122470.081303 <-> 16690857.822541
	 $\mu$: 0.008055 <-> 0.108978
	 $\gamma$: 0.103988 <-> 0.999017
	 $t_{c}$: 1.193556 <-> 29.852352
	 RF_{0}: 0.879608 <-> 0.999834
	 $E_{0}$: 0.000286 <-> 0.117408

Estimated parameters (av +/- std):

	 $\beta_{I}$: 0.352024 +/- 0.203965
	 $\beta_{E}$: 0.015610 +/- 0.018767
	 $N$: 7714925.653233 +/- 4475878.361503
	 $\mu$: 0.047179 +/- 0.015152
	 $\gamma$: 0.743376 +/- 0.175606
	 $t_{c}$: 11.815540 +/- 6.850510
	 RF_{0}: 0.984534 +/- 0.021765
	 $E_{0}$: 0.041223 +/- 0.021478

Posterior distribution on file posterior_'param'.png

RMSD: 0.029848
Weighted RMSD: 0.029848
RMSD for validation data: 0.452596
RMSD for total data: 0.415608
AIC: 16.059697
AIC for validation data: 16.905192
AIC for total data: 16.831215

#####################################################################

Total time on ABC: 0.458 s
Number of trials: 14611

Fit on file model_fit.png