2021-11-14_19-38-02

Data Source: Número de casos confirmados de COVID-19 no Brasil (on GitHub)
https://raw.githubusercontent.com/wcota/covid19br/master/cases-brazil-cities-time.csv

Rejection ABC fitting of epidemic curves

Model: SEIRD
Parameters: $\beta_{I}$, $\beta_{E}$, $N$, $\mu$, $\gamma$, $t_{c}$, RF_{0}, $E_{0}$
#####################################################################

Number of Samples: 960
Number of Posteriors: 3
RMSD Weights: [1,1]
Training window size: 35
Validation window size: 10

#####################################################################

Posterior No. 2
Execution Time: 2.526 s
Tolerance: eps = 0.036420

Priors' Ranges:

	 $\beta_{I}$: 0.000983 <-> 0.965945
	 $\beta_{E}$: 0.000008 <-> 0.072923
	 $N$: 77386.228551 <-> 10188682.808444
	 $\mu$: 0.001810 <-> 0.009879
	 $\gamma$: 0.175137 <-> 0.999981
	 $t_{c}$: 3.989685 <-> 29.989640
	 RF_{0}: 0.981494 <-> 0.999997
	 $E_{0}$: 0.016622 <-> 0.139220

Estimated parameters (av +/- std):

	 $\beta_{I}$: 0.243173 +/- 0.216860
	 $\beta_{E}$: 0.031656 +/- 0.013344
	 $N$: 7475331.127837 +/- 2714131.528816
	 $\mu$: 0.007657 +/- 0.001666
	 $\gamma$: 0.784565 +/- 0.178248
	 $t_{c}$: 20.331840 +/- 4.897502
	 RF_{0}: 0.999252 +/- 0.002894
	 $E_{0}$: 0.087656 +/- 0.021270

Posterior distribution on file posterior_'param'.png

RMSD: 0.029321
Weighted RMSD: 0.029321
RMSD for validation data: 0.259700
RMSD for total data: 0.433979
AIC: 16.058642
AIC for validation data: 16.519401
AIC for total data: 16.867957

#####################################################################

Total time on ABC: 4.969 s
Number of trials: 177561

Fit on file model_fit.png