2021-11-14_19-22-12

Data Source: Número de casos confirmados de COVID-19 no Brasil (on GitHub)
https://raw.githubusercontent.com/wcota/covid19br/master/cases-brazil-cities-time.csv

Rejection ABC fitting of epidemic curves

Model: SEIRD
Parameters: $\beta_{I}$, $\beta_{E}$, $N$, $\mu$, $\gamma$, $t_{c}$, RF_{0}, $E_{0}$
#####################################################################

Number of Samples: 48
Number of Posteriors: 3
RMSD Weights: [1,1]
Training window size: 40
Validation window size: 10

#####################################################################

Posterior No. 1
Execution Time: 1.433 s
Tolerance: eps = 0.064085

Priors' Ranges:

	 $\beta_{I}$: 0.000000 <-> 1.000000
	 $\beta_{E}$: 0.000000 <-> 1.000000
	 $N$: 51269.183000 <-> 10253836.600000
	 $\mu$: 0.000000 <-> 1.000000
	 $\gamma$: 0.000000 <-> 1.000000
	 $t_{c}$: 0.000000 <-> 30.000000
	 RF_{0}: 0.000000 <-> 1.000000
	 $E_{0}$: 0.000000 <-> 2.000000

Estimated parameters (av +/- std):

	 $\beta_{I}$: 0.033034 +/- 0.167468
	 $\beta_{E}$: 0.065759 +/- 0.022188
	 $N$: 8127152.705281 +/- 2761350.519552
	 $\mu$: 0.007156 +/- 0.004836
	 $\gamma$: 0.304380 +/- 0.177892
	 $t_{c}$: 25.111994 +/- 5.485498
	 RF_{0}: 0.965163 +/- 0.009053
	 $E_{0}$: 0.030915 +/- 0.010654

Posterior distribution on file posterior_'param'.png

RMSD: 0.041207
Weighted RMSD: 0.041207
RMSD for validation data: 0.612830
RMSD for total data: 0.433979
AIC: 16.082413
AIC for validation data: 17.225660
AIC for total data: 16.867957

#####################################################################

Total time on ABC: 1.433 s
Number of trials: 83401

Fit on file model_fit.png