2021-11-14_06-20-09

Data Source: Número de casos confirmados de COVID-19 no Brasil (on GitHub)
https://raw.githubusercontent.com/wcota/covid19br/master/cases-brazil-cities-time.csv

Rejection ABC fitting of epidemic curves

Model: SEIRD
Parameters: $\beta_{I}$, $\beta_{E}$, $N$, $\mu$, $\gamma$, $t_{c}$, RF_{0}, $E_{0}$
#####################################################################

Number of Samples: 960
Number of Posteriors: 3
RMSD Weights: [1,1]
Training window size: 50
Validation window size: 10

#####################################################################

Posterior No. 3
Execution Time: 4.182 s
Tolerance: eps = 0.018256

Priors' Ranges:

	 $\beta_{I}$: 0.000341 <-> 0.937096
	 $\beta_{E}$: 0.000061 <-> 0.058594
	 $N$: 13017245.724557 <-> 275328419.388347
	 $\mu$: 0.003502 <-> 0.013795
	 $\gamma$: 0.281710 <-> 0.999990
	 $t_{c}$: 4.931673 <-> 29.991175
	 RF_{0}: 0.984051 <-> 0.999989
	 $E_{0}$: 0.023271 <-> 0.163930

Estimated parameters (av +/- std):

	 $\beta_{I}$: 0.406504 +/- 0.163980
	 $\beta_{E}$: 0.016436 +/- 0.010771
	 $N$: 51816902.109205 +/- 70020025.607023
	 $\mu$: 0.011097 +/- 0.002093
	 $\gamma$: 0.829702 +/- 0.158707
	 $t_{c}$: 16.699829 +/- 5.026808
	 RF_{0}: 0.997806 +/- 0.003033
	 $E_{0}$: 0.087820 +/- 0.025482

Posterior distribution on file posterior_'param'.png

RMSD: 0.004957
Weighted RMSD: 0.004957
RMSD for validation data: 0.143230
RMSD for total data: 0.507636
AIC: 16.009913
AIC for validation data: 16.286460
AIC for total data: 17.015271

#####################################################################

Total time on ABC: 7.055 s
Number of trials: 191495

Fit on file model_fit.png