2021-11-14_07-42-31

Data Source: Número de casos confirmados de COVID-19 no Brasil (on GitHub)
https://raw.githubusercontent.com/wcota/covid19br/master/cases-brazil-cities-time.csv

Rejection ABC fitting of epidemic curves

Model: SEIRD
Parameters: $\beta_{I}$, $\beta_{E}$, $N$, $\mu$, $\gamma$, $t_{c}$, RF_{0}, $E_{0}$
#####################################################################

Number of Samples: 48
Number of Posteriors: 3
RMSD Weights: [1,1]
Training window size: 25
Validation window size: 10

#####################################################################

Posterior No. 1
Execution Time: 0.158 s
Tolerance: eps = 0.338907

Priors' Ranges:

	 $\beta_{I}$: 0.000000 <-> 1.000000
	 $\beta_{E}$: 0.000000 <-> 1.000000
	 $N$: 1380004.385000 <-> 276000877.000000
	 $\mu$: 0.000000 <-> 1.000000
	 $\gamma$: 0.000000 <-> 1.000000
	 $t_{c}$: 0.000000 <-> 30.000000
	 RF_{0}: 0.000000 <-> 1.000000
	 $E_{0}$: 0.000000 <-> 2.000000

Estimated parameters (av +/- std):

	 $\beta_{I}$: 0.986562 +/- 0.284266
	 $\beta_{E}$: 0.156462 +/- 0.123454
	 $N$: 49266478.866404 +/- 79299624.919664
	 $\mu$: 0.025109 +/- 0.288224
	 $\gamma$: 0.389366 +/- 0.261260
	 $t_{c}$: 11.013145 +/- 8.654874
	 RF_{0}: 0.640627 +/- 0.282037
	 $E_{0}$: 0.251472 +/- 0.562696

Posterior distribution on file posterior_'param'.png

RMSD: 0.072666
Weighted RMSD: 0.072666
RMSD for validation data: 1.445303
RMSD for total data: 7.926256
AIC: 16.145331
AIC for validation data: 18.890607
AIC for total data: 31.852512

#####################################################################

Total time on ABC: 0.158 s
Number of trials: 10348

Fit on file model_fit.png