2021-11-14_20-32-41

Data Source: Número de casos confirmados de COVID-19 no Brasil (on GitHub)
https://raw.githubusercontent.com/wcota/covid19br/master/cases-brazil-cities-time.csv

Rejection ABC fitting of epidemic curves

Model: SEIRD
Parameters: $\beta_{I}$, $\beta_{E}$, $N$, $\mu$, $\gamma$, $t_{c}$, RF_{0}, $E_{0}$
#####################################################################

Number of Samples: 48
Number of Posteriors: 3
RMSD Weights: [1,1]
Training window size: 10
Validation window size: 10

#####################################################################

Posterior No. 1
Execution Time: 0.077 s
Tolerance: eps = 61.394438

Priors' Ranges:

	 $\beta_{I}$: 0.000000 <-> 1.000000
	 $\beta_{E}$: 0.000000 <-> 1.000000
	 $N$: 67886.004000 <-> 13577200.800000
	 $\mu$: 0.000000 <-> 1.000000
	 $\gamma$: 0.000000 <-> 1.000000
	 $t_{c}$: 0.000000 <-> 30.000000
	 RF_{0}: 0.000000 <-> 1.000000
	 $E_{0}$: 0.000000 <-> 2.000000

Estimated parameters (av +/- std):

	 $\beta_{I}$: 0.729132 +/- 0.282983
	 $\beta_{E}$: 0.561577 +/- 0.294901
	 $N$: 308636.273219 +/- 3823786.902265
	 $\mu$: 0.012823 +/- 0.247544
	 $\gamma$: 0.647424 +/- 0.267353
	 $t_{c}$: 11.621126 +/- 8.169085
	 RF_{0}: 0.973181 +/- 0.268889
	 $E_{0}$: 1.258029 +/- 0.584680

Posterior distribution on file posterior_'param'.png

RMSD: 0.408526
Weighted RMSD: 0.408526
RMSD for validation data: 1.013458
RMSD for total data: 0.458488
AIC: 16.817051
AIC for validation data: 18.026916
AIC for total data: 16.916975

#####################################################################

Total time on ABC: 0.077 s
Number of trials: 10121

Fit on file model_fit.png