2021-11-14_10-31-06

Data Source: Número de casos confirmados de COVID-19 no Brasil (on GitHub)
https://raw.githubusercontent.com/wcota/covid19br/master/cases-brazil-cities-time.csv

Rejection ABC fitting of epidemic curves

Model: SEIRD
Parameters: $\beta_{I}$, $\beta_{E}$, $N$, $\mu$, $\gamma$, $t_{c}$, RF_{0}, $E_{0}$
#####################################################################

Number of Samples: 48
Number of Posteriors: 3
RMSD Weights: [1,1]
Training window size: 15
Validation window size: 10

#####################################################################

Posterior No. 1
Execution Time: 0.103 s
Tolerance: eps = 27.576057

Priors' Ranges:

	 $\beta_{I}$: 0.000000 <-> 1.000000
	 $\beta_{E}$: 0.000000 <-> 1.000000
	 $N$: 212559.409000 <-> 42511881.800000
	 $\mu$: 0.000000 <-> 1.000000
	 $\gamma$: 0.000000 <-> 1.000000
	 $t_{c}$: 0.000000 <-> 30.000000
	 RF_{0}: 0.000000 <-> 1.000000
	 $E_{0}$: 0.000000 <-> 2.000000

Estimated parameters (av +/- std):

	 $\beta_{I}$: 0.418552 +/- 0.283192
	 $\beta_{E}$: 0.410935 +/- 0.289578
	 $N$: 2048810.530836 +/- 11769346.507436
	 $\mu$: 0.006231 +/- 0.233934
	 $\gamma$: 0.299974 +/- 0.258851
	 $t_{c}$: 27.986143 +/- 8.410638
	 RF_{0}: 0.928801 +/- 0.272982
	 $E_{0}$: 0.372736 +/- 0.594183

Posterior distribution on file posterior_'param'.png

RMSD: 0.318165
Weighted RMSD: 0.318165
RMSD for validation data: 1.880628
RMSD for total data: 0.355088
AIC: 16.636330
AIC for validation data: 19.761257
AIC for total data: 16.710175

#####################################################################

Total time on ABC: 0.103 s
Number of trials: 9360

Fit on file model_fit.png