2021-11-14_06-19-53

Data Source: Número de casos confirmados de COVID-19 no Brasil (on GitHub)
https://raw.githubusercontent.com/wcota/covid19br/master/cases-brazil-cities-time.csv

Rejection ABC fitting of epidemic curves

Model: SEIRD
Parameters: $\beta_{I}$, $\beta_{E}$, $N$, $\mu$, $\gamma$, $t_{c}$, RF_{0}, $E_{0}$
#####################################################################

Number of Samples: 48
Number of Posteriors: 3
RMSD Weights: [1,1]
Training window size: 45
Validation window size: 10

#####################################################################

Posterior No. 1
Execution Time: 0.238 s
Tolerance: eps = 25.838573

Priors' Ranges:

	 $\beta_{I}$: 0.000000 <-> 1.000000
	 $\beta_{E}$: 0.000000 <-> 1.000000
	 $N$: 83783.945000 <-> 16756789.000000
	 $\mu$: 0.000000 <-> 1.000000
	 $\gamma$: 0.000000 <-> 1.000000
	 $t_{c}$: 0.000000 <-> 30.000000
	 RF_{0}: 0.000000 <-> 1.000000
	 $E_{0}$: 0.000000 <-> 2.000000

Estimated parameters (av +/- std):

	 $\beta_{I}$: 0.576179 +/- 0.271397
	 $\beta_{E}$: 0.008108 +/- 0.283296
	 $N$: 4043127.261809 +/- 5186193.432777
	 $\mu$: 0.380114 +/- 0.298079
	 $\gamma$: 0.740582 +/- 0.257414
	 $t_{c}$: 13.481826 +/- 9.590790
	 RF_{0}: 0.986733 +/- 0.281061
	 $E_{0}$: 0.010560 +/- 0.565028

Posterior distribution on file posterior_'param'.png

RMSD: 0.463989
Weighted RMSD: 0.463989
RMSD for validation data: 11.654494
RMSD for total data: 0.415608
AIC: 16.927978
AIC for validation data: 39.308987
AIC for total data: 16.831215

#####################################################################

Total time on ABC: 0.238 s
Number of trials: 9206

Fit on file model_fit.png