2021-11-14_04-03-32

Data Source: Número de casos confirmados de COVID-19 no Brasil (on GitHub)
https://raw.githubusercontent.com/wcota/covid19br/master/cases-brazil-cities-time.csv

Rejection ABC fitting of epidemic curves

Model: SEIRD
Parameters: $\beta_{I}$, $\beta_{E}$, $N$, $\mu$, $\gamma$, $t_{c}$, RF_{0}, $E_{0}$
#####################################################################

Number of Samples: 960
Number of Posteriors: 3
RMSD Weights: [1,1]
Training window size: 35
Validation window size: 10

#####################################################################

Posterior No. 2
Execution Time: 5.270 s
Tolerance: eps = 0.034659

Priors' Ranges:

	 $\beta_{I}$: 0.000343 <-> 0.989248
	 $\beta_{E}$: 0.000050 <-> 0.085192
	 $N$: 329541.144907 <-> 25200535.562306
	 $\mu$: 0.000810 <-> 0.010706
	 $\gamma$: 0.005421 <-> 0.998534
	 $t_{c}$: 0.161760 <-> 29.951613
	 RF_{0}: 0.941982 <-> 0.999987
	 $E_{0}$: 0.052378 <-> 0.565232

Estimated parameters (av +/- std):

	 $\beta_{I}$: 0.075479 +/- 0.200330
	 $\beta_{E}$: 0.027897 +/- 0.018271
	 $N$: 1116397.570711 +/- 7144891.448803
	 $\mu$: 0.001110 +/- 0.001962
	 $\gamma$: 0.044732 +/- 0.190890
	 $t_{c}$: 29.573827 +/- 5.483190
	 RF_{0}: 0.970359 +/- 0.008925
	 $E_{0}$: 0.517524 +/- 0.085581

Posterior distribution on file posterior_'param'.png

RMSD: 0.014320
Weighted RMSD: 0.014320
RMSD for validation data: 0.114675
RMSD for total data: 0.319716
AIC: 16.028639
AIC for validation data: 16.229349
AIC for total data: 16.639431

#####################################################################

Total time on ABC: 9.011 s
Number of trials: 430719

Fit on file model_fit.png