2021-11-14_23-03-08

Data Source: Número de casos confirmados de COVID-19 no Brasil (on GitHub)
https://raw.githubusercontent.com/wcota/covid19br/master/cases-brazil-cities-time.csv

Rejection ABC fitting of epidemic curves

Model: SEIRD
Parameters: $\beta_{I}$, $\beta_{E}$, $N$, $\mu$, $\gamma$, $t_{c}$, RF_{0}, $E_{0}$
#####################################################################

Number of Samples: 960
Number of Posteriors: 3
RMSD Weights: [1,1]
Training window size: 10
Validation window size: 10

#####################################################################

Posterior No. 2
Execution Time: 0.054 s
Tolerance: eps = 23.655978

Priors' Ranges:

	 $\beta_{I}$: 0.000262 <-> 0.998809
	 $\beta_{E}$: 0.000435 <-> 0.996795
	 $N$: 342224.742494 <-> 66128343.069889
	 $\mu$: 0.000019 <-> 0.944547
	 $\gamma$: 0.024460 <-> 0.999771
	 $t_{c}$: 0.215062 <-> 29.874425
	 RF_{0}: 0.007078 <-> 0.999995
	 $E_{0}$: 0.000175 <-> 1.992877

Estimated parameters (av +/- std):

	 $\beta_{I}$: 0.712911 +/- 0.270560
	 $\beta_{E}$: 0.023806 +/- 0.274712
	 $N$: 7595467.181682 +/- 16700225.973892
	 $\mu$: 0.005148 +/- 0.129651
	 $\gamma$: 0.858933 +/- 0.238227
	 $t_{c}$: 2.813138 +/- 7.009740
	 RF_{0}: 0.953133 +/- 0.239406
	 $E_{0}$: 0.018708 +/- 0.524622

Posterior distribution on file posterior_'param'.png

RMSD: 0.310221
Weighted RMSD: 0.310221
RMSD for validation data: 1.231618
RMSD for total data: 0.486715
AIC: 16.620442
AIC for validation data: 18.463237
AIC for total data: 16.973429

#####################################################################

Total time on ABC: 0.126 s
Number of trials: 12810

Fit on file model_fit.png