2021-11-14_20-27-56

Data Source: Número de casos confirmados de COVID-19 no Brasil (on GitHub)
https://raw.githubusercontent.com/wcota/covid19br/master/cases-brazil-cities-time.csv

Rejection ABC fitting of epidemic curves

Model: SEIRD
Parameters: $\beta_{I}$, $\beta_{E}$, $N$, $\mu$, $\gamma$, $t_{c}$, RF_{0}, $E_{0}$
#####################################################################

Number of Samples: 48
Number of Posteriors: 3
RMSD Weights: [1,1]
Training window size: 25
Validation window size: 10

#####################################################################

Posterior No. 1
Execution Time: 0.156 s
Tolerance: eps = 103.735791

Priors' Ranges:

	 $\beta_{I}$: 0.000000 <-> 1.000000
	 $\beta_{E}$: 0.000000 <-> 1.000000
	 $N$: 51269.183000 <-> 10253836.600000
	 $\mu$: 0.000000 <-> 1.000000
	 $\gamma$: 0.000000 <-> 1.000000
	 $t_{c}$: 0.000000 <-> 30.000000
	 RF_{0}: 0.000000 <-> 1.000000
	 $E_{0}$: 0.000000 <-> 2.000000

Estimated parameters (av +/- std):

	 $\beta_{I}$: 0.055053 +/- 0.284617
	 $\beta_{E}$: 0.089808 +/- 0.221452
	 $N$: 3777714.876926 +/- 3135955.145512
	 $\mu$: 0.010320 +/- 0.286893
	 $\gamma$: 0.520065 +/- 0.245646
	 $t_{c}$: 27.412426 +/- 9.217863
	 RF_{0}: 0.956970 +/- 0.273670
	 $E_{0}$: 0.117309 +/- 0.553731

Posterior distribution on file posterior_'param'.png

RMSD: 0.276847
Weighted RMSD: 0.276847
RMSD for validation data: 0.603458
RMSD for total data: 0.433979
AIC: 16.553695
AIC for validation data: 17.206917
AIC for total data: 16.867957

#####################################################################

Total time on ABC: 0.156 s
Number of trials: 9204

Fit on file model_fit.png