2022-03-08_16-07-57

Data Source: Número de casos confirmados de COVID-19 no Brasil (on GitHub)
https://raw.githubusercontent.com/wcota/covid19br/master/cases-brazil-cities-time.csv

Rejection ABC fitting of epidemic curves

Model: SEIRD
Parameters: $\beta_{I}$, $\beta_{E}$, $N$, $\mu$, $\gamma$, $t_{c}$, RF_{0}, $E_{0}$
#####################################################################

Number of Samples: 960
Number of Posteriors: 3
RMSD Weights: [1,1]
Training window size: 30
Validation window size: 10

#####################################################################

Posterior No. 2
Execution Time: 1.144 s
Tolerance: eps = 0.028712

Priors' Ranges:

	 $\beta_{I}$: 0.000654 <-> 0.978164
	 $\beta_{E}$: 0.000043 <-> 0.096911
	 $N$: 5201803.293753 <-> 106200806.759284
	 $\mu$: 0.004068 <-> 0.025328
	 $\gamma$: 0.163564 <-> 0.999228
	 $t_{c}$: 2.789391 <-> 29.992586
	 RF_{0}: 0.930555 <-> 0.999842
	 $E_{0}$: 0.030188 <-> 0.430662

Estimated parameters (av +/- std):

	 $\beta_{I}$: 0.616050 +/- 0.214439
	 $\beta_{E}$: 0.001423 +/- 0.018597
	 $N$: 85857740.958048 +/- 27801280.859718
	 $\mu$: 0.021115 +/- 0.004055
	 $\gamma$: 0.892713 +/- 0.168934
	 $t_{c}$: 25.199484 +/- 5.753919
	 RF_{0}: 0.983443 +/- 0.011674
	 $E_{0}$: 0.306260 +/- 0.072851

Posterior distribution on file posterior_'param'.png

RMSD: 0.015153
Weighted RMSD: 0.015153
RMSD for validation data: 0.098872
RMSD for total data: 0.449499
AIC: 16.030306
AIC for validation data: 16.197744
AIC for total data: 16.898998

#####################################################################

Total time on ABC: 1.933 s
Number of trials: 79873

Fit on file model_fit.png