2021-11-14_04-49-43

Data Source: Número de casos confirmados de COVID-19 no Brasil (on GitHub)
https://raw.githubusercontent.com/wcota/covid19br/master/cases-brazil-cities-time.csv

Rejection ABC fitting of epidemic curves

Model: SEIRD
Parameters: $\beta_{I}$, $\beta_{E}$, $N$, $\mu$, $\gamma$, $t_{c}$, RF_{0}, $E_{0}$
#####################################################################

Number of Samples: 48
Number of Posteriors: 3
RMSD Weights: [1,1]
Training window size: 50
Validation window size: 10

#####################################################################

Posterior No. 1
Execution Time: 0.899 s
Tolerance: eps = 0.044412

Priors' Ranges:

	 $\beta_{I}$: 0.000000 <-> 1.000000
	 $\beta_{E}$: 0.000000 <-> 1.000000
	 $N$: 83783.945000 <-> 16756789.000000
	 $\mu$: 0.000000 <-> 1.000000
	 $\gamma$: 0.000000 <-> 1.000000
	 $t_{c}$: 0.000000 <-> 30.000000
	 RF_{0}: 0.000000 <-> 1.000000
	 $E_{0}$: 0.000000 <-> 2.000000

Estimated parameters (av +/- std):

	 $\beta_{I}$: 0.447664 +/- 0.251493
	 $\beta_{E}$: 0.024166 +/- 0.016283
	 $N$: 15261463.752095 +/- 4367833.433410
	 $\mu$: 0.002631 +/- 0.000538
	 $\gamma$: 0.796127 +/- 0.166018
	 $t_{c}$: 27.365274 +/- 4.836019
	 RF_{0}: 0.971288 +/- 0.009588
	 $E_{0}$: 0.140849 +/- 0.030592

Posterior distribution on file posterior_'param'.png

RMSD: 0.025021
Weighted RMSD: 0.025021
RMSD for validation data: 0.361861
RMSD for total data: 0.415606
AIC: 16.050042
AIC for validation data: 16.723723
AIC for total data: 16.831212

#####################################################################

Total time on ABC: 0.899 s
Number of trials: 45503

Fit on file model_fit.png