2021-11-14_23-03-08

Data Source: Número de casos confirmados de COVID-19 no Brasil (on GitHub)
https://raw.githubusercontent.com/wcota/covid19br/master/cases-brazil-cities-time.csv

Rejection ABC fitting of epidemic curves

Model: SEIRD
Parameters: $\beta_{I}$, $\beta_{E}$, $N$, $\mu$, $\gamma$, $t_{c}$, RF_{0}, $E_{0}$
#####################################################################

Number of Samples: 960
Number of Posteriors: 3
RMSD Weights: [1,1]
Training window size: 15
Validation window size: 10

#####################################################################

Posterior No. 3
Execution Time: 0.079 s
Tolerance: eps = 8.009717

Priors' Ranges:

	 $\beta_{I}$: 0.002471 <-> 0.997933
	 $\beta_{E}$: 0.000150 <-> 0.995188
	 $N$: 333846.082552 <-> 65697916.689054
	 $\mu$: 0.000024 <-> 0.966124
	 $\gamma$: 0.043533 <-> 0.999006
	 $t_{c}$: 0.108913 <-> 29.985209
	 RF_{0}: 0.005650 <-> 0.997336
	 $E_{0}$: 0.001158 <-> 1.998742

Estimated parameters (av +/- std):

	 $\beta_{I}$: 0.093880 +/- 0.260164
	 $\beta_{E}$: 0.425231 +/- 0.274316
	 $N$: 10139716.222719 +/- 14893507.145230
	 $\mu$: 0.010525 +/- 0.135701
	 $\gamma$: 0.337971 +/- 0.220552
	 $t_{c}$: 25.855756 +/- 7.200456
	 RF_{0}: 0.986887 +/- 0.243085
	 $E_{0}$: 0.108227 +/- 0.540674

Posterior distribution on file posterior_'param'.png

RMSD: 0.128937
Weighted RMSD: 0.128937
RMSD for validation data: 1.547128
RMSD for total data: 0.283288
AIC: 16.257874
AIC for validation data: 19.094255
AIC for total data: 16.566576

#####################################################################

Total time on ABC: 0.223 s
Number of trials: 13614

Fit on file model_fit.png