2021-11-29_21-52-43

Data Source: Número de casos confirmados de COVID-19 no Brasil (on GitHub)
https://raw.githubusercontent.com/wcota/covid19br/master/cases-brazil-cities-time.csv

Rejection ABC fitting of epidemic curves

Model: SEIRD
Parameters: $\beta_{I}$, $\beta_{E}$, $N$, $\mu$, $\gamma$, $t_{c}$, RF_{0}, $E_{0}$
#####################################################################

Number of Samples: 9984
Number of Posteriors: 3
RMSD Weights: [1,1]
Training window size: 25
Validation window size: 10

#####################################################################

Posterior No. 2
Execution Time: 1.812 s
Tolerance: eps = 9.563815

Priors' Ranges:

	 $\beta_{I}$: 0.000249 <-> 0.999689
	 $\beta_{E}$: 0.000030 <-> 0.999845
	 $N$: 214391.348294 <-> 42503257.940371
	 $\mu$: 0.000016 <-> 0.999691
	 $\gamma$: 0.001188 <-> 0.999897
	 $t_{c}$: 0.036721 <-> 29.991637
	 RF_{0}: 0.000615 <-> 0.999992
	 $E_{0}$: 0.000035 <-> 1.999773

Estimated parameters (av +/- std):

	 $\beta_{I}$: 0.648669 +/- 0.268032
	 $\beta_{E}$: 0.454053 +/- 0.268458
	 $N$: 9283228.734868 +/- 8121320.041480
	 $\mu$: 0.017288 +/- 0.193701
	 $\gamma$: 0.833379 +/- 0.224734
	 $t_{c}$: 27.127802 +/- 7.673584
	 RF_{0}: 0.988950 +/- 0.237723
	 $E_{0}$: 0.333521 +/- 0.542065

Posterior distribution on file posterior_'param'.png

RMSD: 0.084120
Weighted RMSD: 0.084120
RMSD for validation data: 0.928070
RMSD for total data: 0.265934
AIC: 16.168240
AIC for validation data: 17.856140
AIC for total data: 16.531869

#####################################################################

Total time on ABC: 3.289 s
Number of trials: 134852

Fit on file model_fit.png