2021-11-29_21-52-43

Data Source: Número de casos confirmados de COVID-19 no Brasil (on GitHub)
https://raw.githubusercontent.com/wcota/covid19br/master/cases-brazil-cities-time.csv

Rejection ABC fitting of epidemic curves

Model: SEIRD
Parameters: $\beta_{I}$, $\beta_{E}$, $N$, $\mu$, $\gamma$, $t_{c}$, RF_{0}, $E_{0}$
#####################################################################

Number of Samples: 48
Number of Posteriors: 3
RMSD Weights: [1,1]
Training window size: 30
Validation window size: 10

#####################################################################

Posterior No. 1
Execution Time: 1.886 s
Tolerance: eps = 0.292525

Priors' Ranges:

	 $\beta_{I}$: 0.000000 <-> 1.000000
	 $\beta_{E}$: 0.000000 <-> 1.000000
	 $N$: 212559.409000 <-> 42511881.800000
	 $\mu$: 0.000000 <-> 1.000000
	 $\gamma$: 0.000000 <-> 1.000000
	 $t_{c}$: 0.000000 <-> 30.000000
	 RF_{0}: 0.000000 <-> 1.000000
	 $E_{0}$: 0.000000 <-> 2.000000

Estimated parameters (av +/- std):

	 $\beta_{I}$: 0.003504 +/- 0.287964
	 $\beta_{E}$: 0.554763 +/- 0.117259
	 $N$: 21427937.159101 +/- 12159638.521336
	 $\mu$: 0.031638 +/- 0.289653
	 $\gamma$: 0.559790 +/- 0.289051
	 $t_{c}$: 3.273755 +/- 8.775013
	 RF_{0}: 0.829825 +/- 0.285281
	 $E_{0}$: 1.871266 +/- 0.576160

Posterior distribution on file posterior_'param'.png

RMSD: 0.073829
Weighted RMSD: 0.073829
RMSD for validation data: 1.609502
RMSD for total data: 1.182073
AIC: 16.147658
AIC for validation data: 19.219004
AIC for total data: 18.364145

#####################################################################

Total time on ABC: 1.886 s
Number of trials: 101152

Fit on file model_fit.png