2021-11-14_19-26-42

Data Source: Número de casos confirmados de COVID-19 no Brasil (on GitHub)
https://raw.githubusercontent.com/wcota/covid19br/master/cases-brazil-cities-time.csv

Rejection ABC fitting of epidemic curves

Model: SEIRD
Parameters: $\beta_{I}$, $\beta_{E}$, $N$, $\mu$, $\gamma$, $t_{c}$, RF_{0}, $E_{0}$
#####################################################################

Number of Samples: 48
Number of Posteriors: 3
RMSD Weights: [1,1]
Training window size: 40
Validation window size: 10

#####################################################################

Posterior No. 1
Execution Time: 1.128 s
Tolerance: eps = 0.066317

Priors' Ranges:

	 $\beta_{I}$: 0.000000 <-> 1.000000
	 $\beta_{E}$: 0.000000 <-> 1.000000
	 $N$: 67886.004000 <-> 13577200.800000
	 $\mu$: 0.000000 <-> 1.000000
	 $\gamma$: 0.000000 <-> 1.000000
	 $t_{c}$: 0.000000 <-> 30.000000
	 RF_{0}: 0.000000 <-> 1.000000
	 $E_{0}$: 0.000000 <-> 2.000000

Estimated parameters (av +/- std):

	 $\beta_{I}$: 0.271907 +/- 0.320316
	 $\beta_{E}$: 0.013511 +/- 0.020398
	 $N$: 12991345.776546 +/- 3886458.231453
	 $\mu$: 0.003390 +/- 0.002013
	 $\gamma$: 0.282670 +/- 0.170953
	 $t_{c}$: 11.808505 +/- 5.412532
	 RF_{0}: 0.964276 +/- 0.015435
	 $E_{0}$: 0.016220 +/- 0.019452

Posterior distribution on file posterior_'param'.png

RMSD: 0.024863
Weighted RMSD: 0.024863
RMSD for validation data: 0.328277
RMSD for total data: 0.498564
AIC: 16.049725
AIC for validation data: 16.656555
AIC for total data: 16.997128

#####################################################################

Total time on ABC: 1.128 s
Number of trials: 67106

Fit on file model_fit.png