2021-11-14_23-05-32

Data Source: Número de casos confirmados de COVID-19 no Brasil (on GitHub)
https://raw.githubusercontent.com/wcota/covid19br/master/cases-brazil-cities-time.csv

Rejection ABC fitting of epidemic curves

Model: SEIRD
Parameters: $\beta_{I}$, $\beta_{E}$, $N$, $\mu$, $\gamma$, $t_{c}$, RF_{0}, $E_{0}$
#####################################################################

Number of Samples: 960
Number of Posteriors: 3
RMSD Weights: [1,1]
Training window size: 30
Validation window size: 10

#####################################################################

Posterior No. 2
Execution Time: 0.104 s
Tolerance: eps = 0.211808

Priors' Ranges:

	 $\beta_{I}$: 0.000788 <-> 0.999326
	 $\beta_{E}$: 0.041071 <-> 0.657879
	 $N$: 390015.501067 <-> 66167993.377948
	 $\mu$: 0.000623 <-> 0.999604
	 $\gamma$: 0.002027 <-> 0.994543
	 $t_{c}$: 0.210008 <-> 29.995192
	 RF_{0}: 0.000574 <-> 0.997899
	 $E_{0}$: 0.004718 <-> 1.991357

Estimated parameters (av +/- std):

	 $\beta_{I}$: 0.006205 +/- 0.262807
	 $\beta_{E}$: 0.440498 +/- 0.055956
	 $N$: 5234384.232874 +/- 17222389.942561
	 $\mu$: 0.018387 +/- 0.267089
	 $\gamma$: 0.432941 +/- 0.266732
	 $t_{c}$: 21.520102 +/- 7.659551
	 RF_{0}: 0.101821 +/- 0.261762
	 $E_{0}$: 0.572373 +/- 0.536262

Posterior distribution on file posterior_'param'.png

RMSD: 0.058230
Weighted RMSD: 0.058230
RMSD for validation data: 1.400089
RMSD for total data: 0.323154
AIC: 16.116460
AIC for validation data: 18.800177
AIC for total data: 16.646308

#####################################################################

Total time on ABC: 0.305 s
Number of trials: 10775

Fit on file model_fit.png