2021-11-14_05-08-12

Data Source: Número de casos confirmados de COVID-19 no Brasil (on GitHub)
https://raw.githubusercontent.com/wcota/covid19br/master/cases-brazil-cities-time.csv

Rejection ABC fitting of epidemic curves

Model: SEIRD
Parameters: $\beta_{I}$, $\beta_{E}$, $N$, $\mu$, $\gamma$, $t_{c}$, RF_{0}, $E_{0}$
#####################################################################

Number of Samples: 960
Number of Posteriors: 3
RMSD Weights: [1,1]
Training window size: 25
Validation window size: 10

#####################################################################

Posterior No. 2
Execution Time: 0.059 s
Tolerance: eps = 0.819122

Priors' Ranges:

	 $\beta_{I}$: 0.003303 <-> 0.996452
	 $\beta_{E}$: 0.000174 <-> 0.945647
	 $N$: 195306.740239 <-> 25212235.444000
	 $\mu$: 0.000868 <-> 0.983836
	 $\gamma$: 0.038929 <-> 0.999945
	 $t_{c}$: 0.045058 <-> 29.989932
	 RF_{0}: 0.006796 <-> 0.999765
	 $E_{0}$: 0.001156 <-> 1.993162

Estimated parameters (av +/- std):

	 $\beta_{I}$: 0.841695 +/- 0.262583
	 $\beta_{E}$: 0.059443 +/- 0.082542
	 $N$: 9158730.048145 +/- 6591130.859252
	 $\mu$: 0.008619 +/- 0.256048
	 $\gamma$: 0.274626 +/- 0.224800
	 $t_{c}$: 20.506058 +/- 8.138776
	 RF_{0}: 0.725603 +/- 0.252933
	 $E_{0}$: 1.579921 +/- 0.473007

Posterior distribution on file posterior_'param'.png

RMSD: 0.064310
Weighted RMSD: 0.064310
RMSD for validation data: 0.259884
RMSD for total data: 17.604644
AIC: 16.128621
AIC for validation data: 16.519767
AIC for total data: 51.209289

#####################################################################

Total time on ABC: 0.209 s
Number of trials: 7355

Fit on file model_fit.png