2021-11-14_20-27-56

Data Source: Número de casos confirmados de COVID-19 no Brasil (on GitHub)
https://raw.githubusercontent.com/wcota/covid19br/master/cases-brazil-cities-time.csv

Rejection ABC fitting of epidemic curves

Model: SEIRD
Parameters: $\beta_{I}$, $\beta_{E}$, $N$, $\mu$, $\gamma$, $t_{c}$, RF_{0}, $E_{0}$
#####################################################################

Number of Samples: 48
Number of Posteriors: 3
RMSD Weights: [1,1]
Training window size: 30
Validation window size: 10

#####################################################################

Posterior No. 1
Execution Time: 0.190 s
Tolerance: eps = 272.591392

Priors' Ranges:

	 $\beta_{I}$: 0.000000 <-> 1.000000
	 $\beta_{E}$: 0.000000 <-> 1.000000
	 $N$: 51269.183000 <-> 10253836.600000
	 $\mu$: 0.000000 <-> 1.000000
	 $\gamma$: 0.000000 <-> 1.000000
	 $t_{c}$: 0.000000 <-> 30.000000
	 RF_{0}: 0.000000 <-> 1.000000
	 $E_{0}$: 0.000000 <-> 2.000000

Estimated parameters (av +/- std):

	 $\beta_{I}$: 0.478218 +/- 0.279178
	 $\beta_{E}$: 0.000495 +/- 0.198909
	 $N$: 8780768.584174 +/- 3140813.428575
	 $\mu$: 0.001696 +/- 0.309536
	 $\gamma$: 0.593045 +/- 0.259295
	 $t_{c}$: 7.772902 +/- 9.345295
	 RF_{0}: 0.342813 +/- 0.283016
	 $E_{0}$: 0.990692 +/- 0.542890

Posterior distribution on file posterior_'param'.png

RMSD: 4.174847
Weighted RMSD: 4.174847
RMSD for validation data: 20.215572
RMSD for total data: 0.433979
AIC: 24.349693
AIC for validation data: 56.431144
AIC for total data: 16.867957

#####################################################################

Total time on ABC: 0.190 s
Number of trials: 10088

Fit on file model_fit.png