2021-11-14_19-37-26

Data Source: Número de casos confirmados de COVID-19 no Brasil (on GitHub)
https://raw.githubusercontent.com/wcota/covid19br/master/cases-brazil-cities-time.csv

Rejection ABC fitting of epidemic curves

Model: SEIRD
Parameters: $\beta_{I}$, $\beta_{E}$, $N$, $\mu$, $\gamma$, $t_{c}$, RF_{0}, $E_{0}$
#####################################################################

Number of Samples: 960
Number of Posteriors: 3
RMSD Weights: [1,1]
Training window size: 50
Validation window size: 10

#####################################################################

Posterior No. 3
Execution Time: 19.729 s
Tolerance: eps = 0.022034

Priors' Ranges:

	 $\beta_{I}$: 0.008528 <-> 0.999169
	 $\beta_{E}$: 0.030000 <-> 0.106760
	 $N$: 1864636.755899 <-> 13568866.503878
	 $\mu$: 0.001739 <-> 0.005518
	 $\gamma$: 0.299265 <-> 0.999003
	 $t_{c}$: 14.593306 <-> 29.988280
	 RF_{0}: 0.931321 <-> 0.961711
	 $E_{0}$: 0.000770 <-> 0.071622

Estimated parameters (av +/- std):

	 $\beta_{I}$: 0.212454 +/- 0.266556
	 $\beta_{E}$: 0.064673 +/- 0.013770
	 $N$: 6549039.536120 +/- 3000139.074736
	 $\mu$: 0.001928 +/- 0.000843
	 $\gamma$: 0.345498 +/- 0.161724
	 $t_{c}$: 28.065933 +/- 2.911501
	 RF_{0}: 0.935393 +/- 0.006071
	 $E_{0}$: 0.041741 +/- 0.015243

Posterior distribution on file posterior_'param'.png

RMSD: 0.018950
Weighted RMSD: 0.018950
RMSD for validation data: 0.212822
RMSD for total data: 0.323242
AIC: 16.037901
AIC for validation data: 16.425644
AIC for total data: 16.646484

#####################################################################

Total time on ABC: 31.341 s
Number of trials: 866346

Fit on file model_fit.png