2021-12-01_00-51-50

Data Source: Número de casos confirmados de COVID-19 no Brasil (on GitHub)
https://raw.githubusercontent.com/wcota/covid19br/master/cases-brazil-cities-time.csv

Rejection ABC fitting of epidemic curves

Model: SEIRD
Parameters: $\beta_{I}$, $\beta_{E}$, $N$, $\mu$, $\gamma$, $t_{c}$, RF_{0}, $E_{0}$
#####################################################################

Number of Samples: 99984
Number of Posteriors: 3
RMSD Weights: [1,1]
Training window size: 30
Validation window size: 10

#####################################################################

Posterior No. 2
Execution Time: 84.938 s
Tolerance: eps = 15.212101

Priors' Ranges:

	 $\beta_{I}$: 0.000003 <-> 1.000000
	 $\beta_{E}$: 0.000019 <-> 0.999961
	 $N$: 212597.586252 <-> 42508958.815733
	 $\mu$: 0.000000 <-> 0.999647
	 $\gamma$: 0.000081 <-> 0.999992
	 $t_{c}$: 0.034799 <-> 29.999343
	 RF_{0}: 0.000315 <-> 0.999998
	 $E_{0}$: 0.000014 <-> 1.999794

Estimated parameters (av +/- std):

	 $\beta_{I}$: 0.525536 +/- 0.267439
	 $\beta_{E}$: 0.719900 +/- 0.272278
	 $N$: 7690926.564579 +/- 7786944.088362
	 $\mu$: 0.007608 +/- 0.197646
	 $\gamma$: 0.703735 +/- 0.226929
	 $t_{c}$: 12.875108 +/- 7.793788
	 RF_{0}: 0.944787 +/- 0.241470
	 $E_{0}$: 0.015308 +/- 0.547266

Posterior distribution on file posterior_'param'.png

RMSD: 0.083274
Weighted RMSD: 0.083274
RMSD for validation data: 0.347636
RMSD for total data: 0.295811
AIC: 16.166549
AIC for validation data: 16.695272
AIC for total data: 16.591623

#####################################################################

Total time on ABC: 97.974 s
Number of trials: 1363916

Fit on file model_fit.png