2021-11-14_20-30-25

Data Source: Número de casos confirmados de COVID-19 no Brasil (on GitHub)
https://raw.githubusercontent.com/wcota/covid19br/master/cases-brazil-cities-time.csv

Rejection ABC fitting of epidemic curves

Model: SEIRD
Parameters: $\beta_{I}$, $\beta_{E}$, $N$, $\mu$, $\gamma$, $t_{c}$, RF_{0}, $E_{0}$
#####################################################################

Number of Samples: 960
Number of Posteriors: 3
RMSD Weights: [1,1]
Training window size: 30
Validation window size: 10

#####################################################################

Posterior No. 3
Execution Time: 0.064 s
Tolerance: eps = 1.536346

Priors' Ranges:

	 $\beta_{I}$: 0.001400 <-> 0.997244
	 $\beta_{E}$: 0.000092 <-> 0.950279
	 $N$: 52075.803067 <-> 10192353.955365
	 $\mu$: 0.000054 <-> 0.987013
	 $\gamma$: 0.003052 <-> 0.999877
	 $t_{c}$: 0.064451 <-> 29.979696
	 RF_{0}: 0.001008 <-> 0.999615
	 $E_{0}$: 0.000309 <-> 1.994403

Estimated parameters (av +/- std):

	 $\beta_{I}$: 0.773022 +/- 0.256210
	 $\beta_{E}$: 0.036890 +/- 0.071001
	 $N$: 1906764.316488 +/- 2781890.913380
	 $\mu$: 0.016388 +/- 0.249351
	 $\gamma$: 0.921370 +/- 0.203491
	 $t_{c}$: 8.551671 +/- 8.318888
	 RF_{0}: 0.732453 +/- 0.258668
	 $E_{0}$: 1.865949 +/- 0.499439

Posterior distribution on file posterior_'param'.png

RMSD: 0.200891
Weighted RMSD: 0.200891
RMSD for validation data: 0.814605
RMSD for total data: 0.433979
AIC: 16.401781
AIC for validation data: 17.629209
AIC for total data: 16.867957

#####################################################################

Total time on ABC: 0.366 s
Number of trials: 7869

Fit on file model_fit.png