2021-11-14_06-20-09

Data Source: Número de casos confirmados de COVID-19 no Brasil (on GitHub)
https://raw.githubusercontent.com/wcota/covid19br/master/cases-brazil-cities-time.csv

Rejection ABC fitting of epidemic curves

Model: SEIRD
Parameters: $\beta_{I}$, $\beta_{E}$, $N$, $\mu$, $\gamma$, $t_{c}$, RF_{0}, $E_{0}$
#####################################################################

Number of Samples: 960
Number of Posteriors: 3
RMSD Weights: [1,1]
Training window size: 50
Validation window size: 10

#####################################################################

Posterior No. 3
Execution Time: 4.824 s
Tolerance: eps = 0.018378

Priors' Ranges:

	 $\beta_{I}$: 0.000834 <-> 0.996055
	 $\beta_{E}$: 0.000013 <-> 0.104718
	 $N$: 9670785.015377 <-> 275178846.597692
	 $\mu$: 0.003931 <-> 0.015287
	 $\gamma$: 0.249330 <-> 0.999268
	 $t_{c}$: 10.006570 <-> 29.982358
	 RF_{0}: 0.752837 <-> 0.999384
	 $E_{0}$: 0.272626 <-> 1.221907

Estimated parameters (av +/- std):

	 $\beta_{I}$: 0.116668 +/- 0.264148
	 $\beta_{E}$: 0.036945 +/- 0.018079
	 $N$: 234119800.166114 +/- 71140284.689749
	 $\mu$: 0.005278 +/- 0.002214
	 $\gamma$: 0.365175 +/- 0.155844
	 $t_{c}$: 28.833253 +/- 4.806687
	 RF_{0}: 0.869498 +/- 0.049050
	 $E_{0}$: 0.991555 +/- 0.185437

Posterior distribution on file posterior_'param'.png

RMSD: 0.007033
Weighted RMSD: 0.007033
RMSD for validation data: 0.125996
RMSD for total data: 0.507621
AIC: 16.014066
AIC for validation data: 16.251991
AIC for total data: 17.015242

#####################################################################

Total time on ABC: 8.616 s
Number of trials: 192606

Fit on file model_fit.png