2021-11-14_20-27-56

Data Source: Número de casos confirmados de COVID-19 no Brasil (on GitHub)
https://raw.githubusercontent.com/wcota/covid19br/master/cases-brazil-cities-time.csv

Rejection ABC fitting of epidemic curves

Model: SEIRD
Parameters: $\beta_{I}$, $\beta_{E}$, $N$, $\mu$, $\gamma$, $t_{c}$, RF_{0}, $E_{0}$
#####################################################################

Number of Samples: 960
Number of Posteriors: 3
RMSD Weights: [1,1]
Training window size: 35
Validation window size: 10

#####################################################################

Posterior No. 2
Execution Time: 0.074 s
Tolerance: eps = 0.354033

Priors' Ranges:

	 $\beta_{I}$: 0.000824 <-> 0.996707
	 $\beta_{E}$: 0.000439 <-> 0.687755
	 $N$: 75478.166836 <-> 10215079.549286
	 $\mu$: 0.003908 <-> 0.997623
	 $\gamma$: 0.003423 <-> 0.997585
	 $t_{c}$: 0.982932 <-> 29.975387
	 RF_{0}: 0.002295 <-> 0.998092
	 $E_{0}$: 0.011121 <-> 1.985548

Estimated parameters (av +/- std):

	 $\beta_{I}$: 0.822772 +/- 0.265585
	 $\beta_{E}$: 0.103549 +/- 0.053659
	 $N$: 3146866.281838 +/- 2651522.776924
	 $\mu$: 0.011623 +/- 0.259489
	 $\gamma$: 0.284197 +/- 0.251337
	 $t_{c}$: 10.085520 +/- 7.033701
	 RF_{0}: 0.929342 +/- 0.260446
	 $E_{0}$: 0.745498 +/- 0.502318

Posterior distribution on file posterior_'param'.png

RMSD: 0.218198
Weighted RMSD: 0.218198
RMSD for validation data: 4.357263
RMSD for total data: 0.433979
AIC: 16.436396
AIC for validation data: 24.714526
AIC for total data: 16.867957

#####################################################################

Total time on ABC: 0.246 s
Number of trials: 8194

Fit on file model_fit.png