2022-03-08_16-22-08

Data Source: Número de casos confirmados de COVID-19 no Brasil (on GitHub)
https://raw.githubusercontent.com/wcota/covid19br/master/cases-brazil-cities-time.csv

Rejection ABC fitting of epidemic curves

Model: SEIRD
Parameters: $\beta_{I}$, $\beta_{E}$, $N$, $\mu$, $\gamma$, $t_{c}$, RF_{0}, $E_{0}$
#####################################################################

Number of Samples: 48
Number of Posteriors: 3
RMSD Weights: [1,1]
Training window size: 40
Validation window size: 10

#####################################################################

Posterior No. 1
Execution Time: 5.367 s
Tolerance: eps = 0.02

Priors' Ranges:

	 $\beta_{I}$: 0.000000 <-> 1.000000
	 $\beta_{E}$: 0.000000 <-> 1.000000
	 $N$: 2125594.090000 <-> 106279704.500000
	 $\mu$: 0.000000 <-> 1.000000
	 $\gamma$: 0.000000 <-> 1.000000
	 $t_{c}$: 0.000000 <-> 30.000000
	 RF_{0}: 0.000000 <-> 1.000000
	 $E_{0}$: 0.000000 <-> 2.000000

Estimated parameters (av +/- std):

	 $\beta_{I}$: 0.864584 +/- 0.252502
	 $\beta_{E}$: 0.009130 +/- 0.018217
	 $N$: 79682360.464235 +/- 23017173.063896
	 $\mu$: 0.019174 +/- 0.003657
	 $\gamma$: 0.836904 +/- 0.164130
	 $t_{c}$: 17.424706 +/- 4.609303
	 RF_{0}: 0.997024 +/- 0.003681
	 $E_{0}$: 0.100126 +/- 0.026392

Posterior distribution on file posterior_'param'.png

RMSD: 0.011313
Weighted RMSD: 0.011313
RMSD for validation data: 0.218361
RMSD for total data: 0.449499
AIC: 16.022625
AIC for validation data: 16.436723
AIC for total data: 16.898997

#####################################################################

Total time on ABC: 5.367 s
Number of trials: 328218

Fit on file model_fit.png