2021-11-29_21-52-43

Data Source: Número de casos confirmados de COVID-19 no Brasil (on GitHub)
https://raw.githubusercontent.com/wcota/covid19br/master/cases-brazil-cities-time.csv

Rejection ABC fitting of epidemic curves

Model: SEIRD
Parameters: $\beta_{I}$, $\beta_{E}$, $N$, $\mu$, $\gamma$, $t_{c}$, RF_{0}, $E_{0}$
#####################################################################

Number of Samples: 9984
Number of Posteriors: 3
RMSD Weights: [1,1]
Training window size: 20
Validation window size: 10

#####################################################################

Posterior No. 2
Execution Time: 1.762 s
Tolerance: eps = 12.200882

Priors' Ranges:

	 $\beta_{I}$: 0.000025 <-> 0.999963
	 $\beta_{E}$: 0.000713 <-> 0.999562
	 $N$: 212907.170494 <-> 42444261.118078
	 $\mu$: 0.000004 <-> 0.999255
	 $\gamma$: 0.001092 <-> 0.999992
	 $t_{c}$: 0.063690 <-> 29.982198
	 RF_{0}: 0.001514 <-> 0.999985
	 $E_{0}$: 0.000012 <-> 1.999978

Estimated parameters (av +/- std):

	 $\beta_{I}$: 0.446873 +/- 0.269597
	 $\beta_{E}$: 0.481523 +/- 0.267603
	 $N$: 11250131.639655 +/- 8731324.916088
	 $\mu$: 0.002741 +/- 0.190014
	 $\gamma$: 0.454552 +/- 0.233854
	 $t_{c}$: 29.479828 +/- 7.665878
	 RF_{0}: 0.843413 +/- 0.229683
	 $E_{0}$: 0.165559 +/- 0.547408

Posterior distribution on file posterior_'param'.png

RMSD: 0.103268
Weighted RMSD: 0.103268
RMSD for validation data: 0.810450
RMSD for total data: 0.358886
AIC: 16.206535
AIC for validation data: 17.620900
AIC for total data: 16.717773

#####################################################################

Total time on ABC: 2.992 s
Number of trials: 133551

Fit on file model_fit.png