2021-11-14_04-14-21

Data Source: Número de casos confirmados de COVID-19 no Brasil (on GitHub)
https://raw.githubusercontent.com/wcota/covid19br/master/cases-brazil-cities-time.csv

Rejection ABC fitting of epidemic curves

Model: SEIRD
Parameters: $\beta_{I}$, $\beta_{E}$, $N$, $\mu$, $\gamma$, $t_{c}$, RF_{0}, $E_{0}$
#####################################################################

Number of Samples: 960
Number of Posteriors: 3
RMSD Weights: [1,1]
Training window size: 45
Validation window size: 10

#####################################################################

Posterior No. 3
Execution Time: 0.172 s
Tolerance: eps = 0.095037

Priors' Ranges:

	 $\beta_{I}$: 0.000339 <-> 0.067934
	 $\beta_{E}$: 0.000031 <-> 0.123020
	 $N$: 137058.468142 <-> 25210584.148563
	 $\mu$: 0.000549 <-> 0.002077
	 $\gamma$: 0.001313 <-> 0.135293
	 $t_{c}$: 1.204759 <-> 29.929754
	 RF_{0}: 0.626307 <-> 0.999522
	 $E_{0}$: 0.073834 <-> 0.532539

Estimated parameters (av +/- std):

	 $\beta_{I}$: 0.030342 +/- 0.013382
	 $\beta_{E}$: 0.009191 +/- 0.024215
	 $N$: 12489921.649416 +/- 6397380.788370
	 $\mu$: 0.001264 +/- 0.000360
	 $\gamma$: 0.083701 +/- 0.025801
	 $t_{c}$: 24.208977 +/- 5.983893
	 RF_{0}: 0.819454 +/- 0.081977
	 $E_{0}$: 0.337810 +/- 0.084888

Posterior distribution on file posterior_'param'.png

RMSD: 0.020628
Weighted RMSD: 0.020628
RMSD for validation data: 0.426424
RMSD for total data: 0.399267
AIC: 16.041256
AIC for validation data: 16.852847
AIC for total data: 16.798534

#####################################################################

Total time on ABC: 0.355 s
Number of trials: 8224

Fit on file model_fit.png