2021-11-14_06-01-51

Data Source: Número de casos confirmados de COVID-19 no Brasil (on GitHub)
https://raw.githubusercontent.com/wcota/covid19br/master/cases-brazil-cities-time.csv

Rejection ABC fitting of epidemic curves

Model: SEIRD
Parameters: $\beta_{I}$, $\beta_{E}$, $N$, $\mu$, $\gamma$, $t_{c}$, RF_{0}, $E_{0}$
#####################################################################

Number of Samples: 960
Number of Posteriors: 3
RMSD Weights: [1,1]
Training window size: 45
Validation window size: 10

#####################################################################

Posterior No. 3
Execution Time: 4.723 s
Tolerance: eps = 0.025166

Priors' Ranges:

	 $\beta_{I}$: 0.003552 <-> 0.993824
	 $\beta_{E}$: 0.002497 <-> 0.093391
	 $N$: 4362016.332774 <-> 275132172.141087
	 $\mu$: 0.008153 <-> 0.024697
	 $\gamma$: 0.332227 <-> 0.998930
	 $t_{c}$: 6.895607 <-> 29.998553
	 RF_{0}: 0.311730 <-> 0.789188
	 $E_{0}$: 0.029239 <-> 1.273305

Estimated parameters (av +/- std):

	 $\beta_{I}$: 0.432254 +/- 0.251223
	 $\beta_{E}$: 0.018895 +/- 0.016713
	 $N$: 229412751.838372 +/- 71029596.803787
	 $\mu$: 0.008153 +/- 0.003535
	 $\gamma$: 0.335067 +/- 0.149633
	 $t_{c}$: 20.758595 +/- 4.858071
	 RF_{0}: 0.519069 +/- 0.090629
	 $E_{0}$: 0.488083 +/- 0.255788

Posterior distribution on file posterior_'param'.png

RMSD: 0.017971
Weighted RMSD: 0.017971
RMSD for validation data: 0.204737
RMSD for total data: 0.504196
AIC: 16.035941
AIC for validation data: 16.409474
AIC for total data: 17.008391

#####################################################################

Total time on ABC: 9.649 s
Number of trials: 243440

Fit on file model_fit.png