2021-11-14_20-35-18

Data Source: Número de casos confirmados de COVID-19 no Brasil (on GitHub)
https://raw.githubusercontent.com/wcota/covid19br/master/cases-brazil-cities-time.csv

Rejection ABC fitting of epidemic curves

Model: SEIRD
Parameters: $\beta_{I}$, $\beta_{E}$, $N$, $\mu$, $\gamma$, $t_{c}$, RF_{0}, $E_{0}$
#####################################################################

Number of Samples: 48
Number of Posteriors: 3
RMSD Weights: [1,1]
Training window size: 15
Validation window size: 10

#####################################################################

Posterior No. 1
Execution Time: 0.105 s
Tolerance: eps = 9.753344

Priors' Ranges:

	 $\beta_{I}$: 0.000000 <-> 1.000000
	 $\beta_{E}$: 0.000000 <-> 1.000000
	 $N$: 67886.004000 <-> 13577200.800000
	 $\mu$: 0.000000 <-> 1.000000
	 $\gamma$: 0.000000 <-> 1.000000
	 $t_{c}$: 0.000000 <-> 30.000000
	 RF_{0}: 0.000000 <-> 1.000000
	 $E_{0}$: 0.000000 <-> 2.000000

Estimated parameters (av +/- std):

	 $\beta_{I}$: 0.646521 +/- 0.288686
	 $\beta_{E}$: 0.542462 +/- 0.292028
	 $N$: 5158681.740861 +/- 3639848.388799
	 $\mu$: 0.005389 +/- 0.247907
	 $\gamma$: 0.461316 +/- 0.265992
	 $t_{c}$: 17.969685 +/- 8.388321
	 RF_{0}: 0.868096 +/- 0.271345
	 $E_{0}$: 0.041099 +/- 0.584739

Posterior distribution on file posterior_'param'.png

RMSD: 0.171989
Weighted RMSD: 0.171989
RMSD for validation data: 1.392954
RMSD for total data: 0.544181
AIC: 16.343978
AIC for validation data: 18.785908
AIC for total data: 17.088362

#####################################################################

Total time on ABC: 0.105 s
Number of trials: 10107

Fit on file model_fit.png