2021-11-14_06-20-09

Data Source: Número de casos confirmados de COVID-19 no Brasil (on GitHub)
https://raw.githubusercontent.com/wcota/covid19br/master/cases-brazil-cities-time.csv

Rejection ABC fitting of epidemic curves

Model: SEIRD
Parameters: $\beta_{I}$, $\beta_{E}$, $N$, $\mu$, $\gamma$, $t_{c}$, RF_{0}, $E_{0}$
#####################################################################

Number of Samples: 960
Number of Posteriors: 3
RMSD Weights: [1,1]
Training window size: 50
Validation window size: 10

#####################################################################

Posterior No. 3
Execution Time: 6.109 s
Tolerance: eps = 0.015069

Priors' Ranges:

	 $\beta_{I}$: 0.000237 <-> 0.997949
	 $\beta_{E}$: 0.000295 <-> 0.135124
	 $N$: 8929648.025775 <-> 275980120.679030
	 $\mu$: 0.004373 <-> 0.016073
	 $\gamma$: 0.266889 <-> 0.999823
	 $t_{c}$: 5.635303 <-> 29.990110
	 RF_{0}: 0.729864 <-> 0.998718
	 $E_{0}$: 0.143801 <-> 1.425812

Estimated parameters (av +/- std):

	 $\beta_{I}$: 0.878587 +/- 0.266770
	 $\beta_{E}$: 0.008582 +/- 0.017417
	 $N$: 186151434.001968 +/- 71789116.422189
	 $\mu$: 0.012119 +/- 0.002219
	 $\gamma$: 0.797109 +/- 0.147292
	 $t_{c}$: 22.803198 +/- 4.828904
	 RF_{0}: 0.919767 +/- 0.053011
	 $E_{0}$: 0.973747 +/- 0.219182

Posterior distribution on file posterior_'param'.png

RMSD: 0.007241
Weighted RMSD: 0.007241
RMSD for validation data: 0.118280
RMSD for total data: 0.507622
AIC: 16.014482
AIC for validation data: 16.236561
AIC for total data: 17.015244

#####################################################################

Total time on ABC: 12.296 s
Number of trials: 307524

Fit on file model_fit.png