2021-11-14_20-30-25

Data Source: Número de casos confirmados de COVID-19 no Brasil (on GitHub)
https://raw.githubusercontent.com/wcota/covid19br/master/cases-brazil-cities-time.csv

Rejection ABC fitting of epidemic curves

Model: SEIRD
Parameters: $\beta_{I}$, $\beta_{E}$, $N$, $\mu$, $\gamma$, $t_{c}$, RF_{0}, $E_{0}$
#####################################################################

Number of Samples: 960
Number of Posteriors: 3
RMSD Weights: [1,1]
Training window size: 40
Validation window size: 10

#####################################################################

Posterior No. 3
Execution Time: 0.100 s
Tolerance: eps = 69.883698

Priors' Ranges:

	 $\beta_{I}$: 0.000865 <-> 0.995402
	 $\beta_{E}$: 0.000116 <-> 0.833420
	 $N$: 65278.322446 <-> 10245421.686036
	 $\mu$: 0.000353 <-> 0.996545
	 $\gamma$: 0.021683 <-> 0.999680
	 $t_{c}$: 0.051110 <-> 29.994972
	 RF_{0}: 0.000041 <-> 0.999935
	 $E_{0}$: 0.001244 <-> 1.990740

Estimated parameters (av +/- std):

	 $\beta_{I}$: 0.211874 +/- 0.236814
	 $\beta_{E}$: 0.072521 +/- 0.106655
	 $N$: 1795419.576386 +/- 2848709.979277
	 $\mu$: 0.004489 +/- 0.267709
	 $\gamma$: 0.945763 +/- 0.221657
	 $t_{c}$: 14.572109 +/- 8.809360
	 RF_{0}: 0.670479 +/- 0.256416
	 $E_{0}$: 0.090038 +/- 0.455072

Posterior distribution on file posterior_'param'.png

RMSD: 0.565861
Weighted RMSD: 0.565861
RMSD for validation data: 1.459253
RMSD for total data: 0.433979
AIC: 17.131722
AIC for validation data: 18.918507
AIC for total data: 16.867957

#####################################################################

Total time on ABC: 0.429 s
Number of trials: 12061

Fit on file model_fit.png