2021-11-14_06-17-32

Data Source: Número de casos confirmados de COVID-19 no Brasil (on GitHub)
https://raw.githubusercontent.com/wcota/covid19br/master/cases-brazil-cities-time.csv

Rejection ABC fitting of epidemic curves

Model: SEIRD
Parameters: $\beta_{I}$, $\beta_{E}$, $N$, $\mu$, $\gamma$, $t_{c}$, RF_{0}, $E_{0}$
#####################################################################

Number of Samples: 960
Number of Posteriors: 3
RMSD Weights: [1,1]
Training window size: 15
Validation window size: 10

#####################################################################

Posterior No. 3
Execution Time: 0.071 s
Tolerance: eps = 179.893849

Priors' Ranges:

	 $\beta_{I}$: 0.000702 <-> 0.999613
	 $\beta_{E}$: 0.000147 <-> 0.999062
	 $N$: 85138.954145 <-> 16703735.548073
	 $\mu$: 0.000023 <-> 0.919775
	 $\gamma$: 0.004529 <-> 0.999725
	 $t_{c}$: 0.063873 <-> 29.967308
	 RF_{0}: 0.024082 <-> 0.999781
	 $E_{0}$: 0.000754 <-> 1.991979

Estimated parameters (av +/- std):

	 $\beta_{I}$: 0.337299 +/- 0.258604
	 $\beta_{E}$: 0.884264 +/- 0.221619
	 $N$: 507985.945582 +/- 4774469.598055
	 $\mu$: 0.001009 +/- 0.134869
	 $\gamma$: 0.705577 +/- 0.228527
	 $t_{c}$: 17.140502 +/- 7.164470
	 RF_{0}: 0.608311 +/- 0.245919
	 $E_{0}$: 0.369955 +/- 0.527864

Posterior distribution on file posterior_'param'.png

RMSD: 3.398099
Weighted RMSD: 3.398099
RMSD for validation data: 6.987956
RMSD for total data: 0.370098
AIC: 22.796197
AIC for validation data: 29.975912
AIC for total data: 16.740197

#####################################################################

Total time on ABC: 0.225 s
Number of trials: 14884

Fit on file model_fit.png