2021-11-14_04-49-43

Data Source: Número de casos confirmados de COVID-19 no Brasil (on GitHub)
https://raw.githubusercontent.com/wcota/covid19br/master/cases-brazil-cities-time.csv

Rejection ABC fitting of epidemic curves

Model: SEIRD
Parameters: $\beta_{I}$, $\beta_{E}$, $N$, $\mu$, $\gamma$, $t_{c}$, RF_{0}, $E_{0}$
#####################################################################

Number of Samples: 48
Number of Posteriors: 3
RMSD Weights: [1,1]
Training window size: 45
Validation window size: 10

#####################################################################

Posterior No. 1
Execution Time: 0.101 s
Tolerance: eps = 0.438639

Priors' Ranges:

	 $\beta_{I}$: 0.000000 <-> 1.000000
	 $\beta_{E}$: 0.000000 <-> 1.000000
	 $N$: 83783.945000 <-> 16756789.000000
	 $\mu$: 0.000000 <-> 1.000000
	 $\gamma$: 0.000000 <-> 1.000000
	 $t_{c}$: 0.000000 <-> 30.000000
	 RF_{0}: 0.000000 <-> 1.000000
	 $E_{0}$: 0.000000 <-> 2.000000

Estimated parameters (av +/- std):

	 $\beta_{I}$: 0.625113 +/- 0.241004
	 $\beta_{E}$: 0.002730 +/- 0.021058
	 $N$: 5937122.682869 +/- 4896412.542386
	 $\mu$: 0.088156 +/- 0.021843
	 $\gamma$: 0.972770 +/- 0.151545
	 $t_{c}$: 11.479502 +/- 5.852818
	 RF_{0}: 0.974502 +/- 0.017395
	 $E_{0}$: 0.088051 +/- 0.073450

Posterior distribution on file posterior_'param'.png

RMSD: 0.034853
Weighted RMSD: 0.034853
RMSD for validation data: 0.474457
RMSD for total data: 0.415607
AIC: 16.069705
AIC for validation data: 16.948914
AIC for total data: 16.831215

#####################################################################

Total time on ABC: 0.101 s
Number of trials: 5814

Fit on file model_fit.png