2021-11-14_23-03-08

Data Source: Número de casos confirmados de COVID-19 no Brasil (on GitHub)
https://raw.githubusercontent.com/wcota/covid19br/master/cases-brazil-cities-time.csv

Rejection ABC fitting of epidemic curves

Model: SEIRD
Parameters: $\beta_{I}$, $\beta_{E}$, $N$, $\mu$, $\gamma$, $t_{c}$, RF_{0}, $E_{0}$
#####################################################################

Number of Samples: 960
Number of Posteriors: 3
RMSD Weights: [1,1]
Training window size: 25
Validation window size: 10

#####################################################################

Posterior No. 3
Execution Time: 0.094 s
Tolerance: eps = 6.615297

Priors' Ranges:

	 $\beta_{I}$: 0.002145 <-> 0.998110
	 $\beta_{E}$: 0.000536 <-> 0.999379
	 $N$: 521147.656137 <-> 65082425.574200
	 $\mu$: 0.000036 <-> 0.933013
	 $\gamma$: 0.008918 <-> 0.999836
	 $t_{c}$: 0.128420 <-> 29.948367
	 RF_{0}: 0.007577 <-> 0.999839
	 $E_{0}$: 0.000014 <-> 1.992127

Estimated parameters (av +/- std):

	 $\beta_{I}$: 0.468286 +/- 0.267613
	 $\beta_{E}$: 0.326561 +/- 0.267153
	 $N$: 17619331.929197 +/- 12807669.494549
	 $\mu$: 0.001912 +/- 0.158408
	 $\gamma$: 0.492795 +/- 0.233192
	 $t_{c}$: 26.146371 +/- 7.581326
	 RF_{0}: 0.772222 +/- 0.219232
	 $E_{0}$: 0.688350 +/- 0.536333

Posterior distribution on file posterior_'param'.png

RMSD: 0.233999
Weighted RMSD: 0.233999
RMSD for validation data: 2.068810
RMSD for total data: 0.365632
AIC: 16.467997
AIC for validation data: 20.137620
AIC for total data: 16.731264

#####################################################################

Total time on ABC: 0.310 s
Number of trials: 12644

Fit on file model_fit.png