2021-12-01_05-20-35

Data Source: Número de casos confirmados de COVID-19 no Brasil (on GitHub)
https://raw.githubusercontent.com/wcota/covid19br/master/cases-brazil-cities-time.csv

Rejection ABC fitting of epidemic curves

Model: SEIRD
Parameters: $\beta_{I}$, $\beta_{E}$, $N$, $\mu$, $\gamma$, $t_{c}$, RF_{0}, $E_{0}$
#####################################################################

Number of Samples: 99984
Number of Posteriors: 3
RMSD Weights: [1,1]
Training window size: 25
Validation window size: 10

#####################################################################

Posterior No. 2
Execution Time: 83.952 s
Tolerance: eps = 9.630546

Priors' Ranges:

	 $\beta_{I}$: 0.000036 <-> 0.999988
	 $\beta_{E}$: 0.000002 <-> 0.999936
	 $N$: 212859.146409 <-> 42509131.983394
	 $\mu$: 0.000000 <-> 0.999985
	 $\gamma$: 0.000065 <-> 0.999997
	 $t_{c}$: 0.035382 <-> 29.999424
	 RF_{0}: 0.000052 <-> 0.999998
	 $E_{0}$: 0.000008 <-> 1.999774

Estimated parameters (av +/- std):

	 $\beta_{I}$: 0.813783 +/- 0.267353
	 $\beta_{E}$: 0.309663 +/- 0.269366
	 $N$: 13605561.478462 +/- 8242347.251653
	 $\mu$: 0.013541 +/- 0.189149
	 $\gamma$: 0.782246 +/- 0.227554
	 $t_{c}$: 6.413515 +/- 7.744499
	 RF_{0}: 0.983967 +/- 0.234342
	 $E_{0}$: 0.031686 +/- 0.546849

Posterior distribution on file posterior_'param'.png

RMSD: 0.054419
Weighted RMSD: 0.054419
RMSD for validation data: 0.217532
RMSD for total data: 0.361336
AIC: 16.108838
AIC for validation data: 16.435064
AIC for total data: 16.722673

#####################################################################

Total time on ABC: 95.196 s
Number of trials: 1320434

Fit on file model_fit.png