2021-11-14_05-05-40

Data Source: Número de casos confirmados de COVID-19 no Brasil (on GitHub)
https://raw.githubusercontent.com/wcota/covid19br/master/cases-brazil-cities-time.csv

Rejection ABC fitting of epidemic curves

Model: SEIRD
Parameters: $\beta_{I}$, $\beta_{E}$, $N$, $\mu$, $\gamma$, $t_{c}$, RF_{0}, $E_{0}$
#####################################################################

Number of Samples: 48
Number of Posteriors: 3
RMSD Weights: [1,1]
Training window size: 30
Validation window size: 10

#####################################################################

Posterior No. 1
Execution Time: 0.151 s
Tolerance: eps = 2.362358

Priors' Ranges:

	 $\beta_{I}$: 0.000000 <-> 1.000000
	 $\beta_{E}$: 0.000000 <-> 1.000000
	 $N$: 126476.458000 <-> 25295291.600000
	 $\mu$: 0.000000 <-> 1.000000
	 $\gamma$: 0.000000 <-> 1.000000
	 $t_{c}$: 0.000000 <-> 30.000000
	 RF_{0}: 0.000000 <-> 1.000000
	 $E_{0}$: 0.000000 <-> 2.000000

Estimated parameters (av +/- std):

	 $\beta_{I}$: 0.162958 +/- 0.282275
	 $\beta_{E}$: 0.099703 +/- 0.132780
	 $N$: 8673898.328560 +/- 7204272.371341
	 $\mu$: 0.035523 +/- 0.290005
	 $\gamma$: 0.757242 +/- 0.259132
	 $t_{c}$: 19.873582 +/- 9.570961
	 RF_{0}: 0.952602 +/- 0.288230
	 $E_{0}$: 1.548153 +/- 0.572087

Posterior distribution on file posterior_'param'.png

RMSD: 0.065246
Weighted RMSD: 0.065246
RMSD for validation data: 0.196172
RMSD for total data: 13.905219
AIC: 16.130492
AIC for validation data: 16.392343
AIC for total data: 43.810439

#####################################################################

Total time on ABC: 0.151 s
Number of trials: 9549

Fit on file model_fit.png