2021-11-14_23-05-32

Data Source: Número de casos confirmados de COVID-19 no Brasil (on GitHub)
https://raw.githubusercontent.com/wcota/covid19br/master/cases-brazil-cities-time.csv

Rejection ABC fitting of epidemic curves

Model: SEIRD
Parameters: $\beta_{I}$, $\beta_{E}$, $N$, $\mu$, $\gamma$, $t_{c}$, RF_{0}, $E_{0}$
#####################################################################

Number of Samples: 960
Number of Posteriors: 3
RMSD Weights: [1,1]
Training window size: 15
Validation window size: 10

#####################################################################

Posterior No. 2
Execution Time: 0.064 s
Tolerance: eps = 32.851826

Priors' Ranges:

	 $\beta_{I}$: 0.001811 <-> 0.999198
	 $\beta_{E}$: 0.000648 <-> 0.999627
	 $N$: 413810.733654 <-> 66196385.083447
	 $\mu$: 0.000031 <-> 0.976252
	 $\gamma$: 0.009052 <-> 0.999417
	 $t_{c}$: 0.156417 <-> 29.986070
	 RF_{0}: 0.004532 <-> 0.999805
	 $E_{0}$: 0.003445 <-> 1.997125

Estimated parameters (av +/- std):

	 $\beta_{I}$: 0.004215 +/- 0.268532
	 $\beta_{E}$: 0.711942 +/- 0.262767
	 $N$: 5215526.207337 +/- 16745640.985757
	 $\mu$: 0.000606 +/- 0.156700
	 $\gamma$: 0.471528 +/- 0.233904
	 $t_{c}$: 4.694846 +/- 7.431959
	 RF_{0}: 0.801306 +/- 0.236564
	 $E_{0}$: 0.066598 +/- 0.530850

Posterior distribution on file posterior_'param'.png

RMSD: 0.340109
Weighted RMSD: 0.340109
RMSD for validation data: 1.797786
RMSD for total data: 0.434433
AIC: 16.680218
AIC for validation data: 19.595571
AIC for total data: 16.868866

#####################################################################

Total time on ABC: 0.156 s
Number of trials: 13184

Fit on file model_fit.png