2021-11-14_19-26-42

Data Source: Número de casos confirmados de COVID-19 no Brasil (on GitHub)
https://raw.githubusercontent.com/wcota/covid19br/master/cases-brazil-cities-time.csv

Rejection ABC fitting of epidemic curves

Model: SEIRD
Parameters: $\beta_{I}$, $\beta_{E}$, $N$, $\mu$, $\gamma$, $t_{c}$, RF_{0}, $E_{0}$
#####################################################################

Number of Samples: 960
Number of Posteriors: 3
RMSD Weights: [1,1]
Training window size: 45
Validation window size: 10

#####################################################################

Posterior No. 2
Execution Time: 3.041 s
Tolerance: eps = 0.036330

Priors' Ranges:

	 $\beta_{I}$: 0.003347 <-> 0.998779
	 $\beta_{E}$: 0.000000 <-> 0.100533
	 $N$: 733765.334667 <-> 13575831.041576
	 $\mu$: 0.002144 <-> 0.013457
	 $\gamma$: 0.171477 <-> 0.999936
	 $t_{c}$: 4.671545 <-> 29.968694
	 RF_{0}: 0.937314 <-> 0.986627
	 $E_{0}$: 0.000274 <-> 0.093825

Estimated parameters (av +/- std):

	 $\beta_{I}$: 0.146579 +/- 0.251038
	 $\beta_{E}$: 0.030651 +/- 0.017061
	 $N$: 12375184.615715 +/- 3448762.539655
	 $\mu$: 0.002835 +/- 0.002382
	 $\gamma$: 0.256990 +/- 0.192010
	 $t_{c}$: 27.422650 +/- 5.101237
	 RF_{0}: 0.951367 +/- 0.008295
	 $E_{0}$: 0.056919 +/- 0.018879

Posterior distribution on file posterior_'param'.png

RMSD: 0.023592
Weighted RMSD: 0.023592
RMSD for validation data: 0.358270
RMSD for total data: 0.498558
AIC: 16.047184
AIC for validation data: 16.716541
AIC for total data: 16.997115

#####################################################################

Total time on ABC: 5.299 s
Number of trials: 166590

Fit on file model_fit.png