2021-11-14_19-37-26

Data Source: Número de casos confirmados de COVID-19 no Brasil (on GitHub)
https://raw.githubusercontent.com/wcota/covid19br/master/cases-brazil-cities-time.csv

Rejection ABC fitting of epidemic curves

Model: SEIRD
Parameters: $\beta_{I}$, $\beta_{E}$, $N$, $\mu$, $\gamma$, $t_{c}$, RF_{0}, $E_{0}$
#####################################################################

Number of Samples: 960
Number of Posteriors: 3
RMSD Weights: [1,1]
Training window size: 45
Validation window size: 10

#####################################################################

Posterior No. 3
Execution Time: 0.932 s
Tolerance: eps = 0.067372

Priors' Ranges:

	 $\beta_{I}$: 0.000969 <-> 0.999816
	 $\beta_{E}$: 0.000254 <-> 0.709292
	 $N$: 378924.927023 <-> 3409014.770871
	 $\mu$: 0.001092 <-> 0.010353
	 $\gamma$: 0.138460 <-> 0.998956
	 $t_{c}$: 4.865455 <-> 29.886546
	 RF_{0}: 0.920651 <-> 0.999457
	 $E_{0}$: 0.000428 <-> 0.126876

Estimated parameters (av +/- std):

	 $\beta_{I}$: 0.460486 +/- 0.268510
	 $\beta_{E}$: 0.027281 +/- 0.082443
	 $N$: 1130579.020016 +/- 569594.747710
	 $\mu$: 0.002765 +/- 0.001595
	 $\gamma$: 0.330149 +/- 0.181375
	 $t_{c}$: 17.636218 +/- 5.695645
	 RF_{0}: 0.969523 +/- 0.016593
	 $E_{0}$: 0.037556 +/- 0.025578

Posterior distribution on file posterior_'param'.png

RMSD: 0.033485
Weighted RMSD: 0.033485
RMSD for validation data: 0.352179
RMSD for total data: 0.466954
AIC: 16.066970
AIC for validation data: 16.704359
AIC for total data: 16.933908

#####################################################################

Total time on ABC: 1.855 s
Number of trials: 47533

Fit on file model_fit.png