2022-03-08_15-59-59

Data Source: Número de casos confirmados de COVID-19 no Brasil (on GitHub)
https://raw.githubusercontent.com/wcota/covid19br/master/cases-brazil-cities-time.csv

Rejection ABC fitting of epidemic curves

Model: SEIRD
Parameters: $\beta_{I}$, $\beta_{E}$, $N$, $\mu$, $\gamma$, $t_{c}$, RF_{0}, $E_{0}$
#####################################################################

Number of Samples: 48
Number of Posteriors: 3
RMSD Weights: [1,1]
Training window size: 20
Validation window size: 10

#####################################################################

Posterior No. 1
Execution Time: 0.228 s
Tolerance: eps = 0.04

Priors' Ranges:

	 $\beta_{I}$: 0.000000 <-> 1.000000
	 $\beta_{E}$: 0.000000 <-> 1.000000
	 $N$: 2125594.090000 <-> 106279704.500000
	 $\mu$: 0.000000 <-> 1.000000
	 $\gamma$: 0.000000 <-> 1.000000
	 $t_{c}$: 0.000000 <-> 30.000000
	 RF_{0}: 0.000000 <-> 1.000000
	 $E_{0}$: 0.000000 <-> 2.000000

Estimated parameters (av +/- std):

	 $\beta_{I}$: 0.617941 +/- 0.259563
	 $\beta_{E}$: 0.056581 +/- 0.029658
	 $N$: 54991097.518777 +/- 23315468.817399
	 $\mu$: 0.013525 +/- 0.003371
	 $\gamma$: 0.686888 +/- 0.172659
	 $t_{c}$: 16.094000 +/- 5.672714
	 RF_{0}: 0.991126 +/- 0.004449
	 $E_{0}$: 0.076440 +/- 0.027926

Posterior distribution on file posterior_'param'.png

RMSD: 0.025274
Weighted RMSD: 0.025274
RMSD for validation data: 0.275056
RMSD for total data: 0.362559
AIC: 16.050549
AIC for validation data: 16.550112
AIC for total data: 16.725119

#####################################################################

Total time on ABC: 0.228 s
Number of trials: 22106

Fit on file model_fit.png