2021-11-14_08-20-25

Data Source: Número de casos confirmados de COVID-19 no Brasil (on GitHub)
https://raw.githubusercontent.com/wcota/covid19br/master/cases-brazil-cities-time.csv

Rejection ABC fitting of epidemic curves

Model: SEIRD
Parameters: $\beta_{I}$, $\beta_{E}$, $N$, $\mu$, $\gamma$, $t_{c}$, RF_{0}, $E_{0}$
#####################################################################

Number of Samples: 960
Number of Posteriors: 3
RMSD Weights: [1,1]
Training window size: 50
Validation window size: 10

#####################################################################

Posterior No. 3
Execution Time: 2.145 s
Tolerance: eps = 0.032445

Priors' Ranges:

	 $\beta_{I}$: 0.001337 <-> 0.999526
	 $\beta_{E}$: 0.002420 <-> 0.403225
	 $N$: 670337.737188 <-> 42463946.866373
	 $\mu$: 0.017877 <-> 0.089580
	 $\gamma$: 0.176849 <-> 0.999791
	 $t_{c}$: 0.931430 <-> 14.859121
	 RF_{0}: 0.003018 <-> 0.992358
	 $E_{0}$: 0.035357 <-> 1.992399

Estimated parameters (av +/- std):

	 $\beta_{I}$: 0.001485 +/- 0.267136
	 $\beta_{E}$: 0.175360 +/- 0.055702
	 $N$: 15882053.754963 +/- 11545886.421970
	 $\mu$: 0.047741 +/- 0.013492
	 $\gamma$: 0.570948 +/- 0.169838
	 $t_{c}$: 8.635589 +/- 2.306614
	 RF_{0}: 0.927605 +/- 0.261480
	 $E_{0}$: 1.922782 +/- 0.432072

Posterior distribution on file posterior_'param'.png

RMSD: 0.009679
Weighted RMSD: 0.009679
RMSD for validation data: 0.161605
RMSD for total data: 0.441981
AIC: 16.019358
AIC for validation data: 16.323211
AIC for total data: 16.883961

#####################################################################

Total time on ABC: 4.615 s
Number of trials: 96836

Fit on file model_fit.png