2021-11-14_06-17-32

Data Source: Número de casos confirmados de COVID-19 no Brasil (on GitHub)
https://raw.githubusercontent.com/wcota/covid19br/master/cases-brazil-cities-time.csv

Rejection ABC fitting of epidemic curves

Model: SEIRD
Parameters: $\beta_{I}$, $\beta_{E}$, $N$, $\mu$, $\gamma$, $t_{c}$, RF_{0}, $E_{0}$
#####################################################################

Number of Samples: 960
Number of Posteriors: 3
RMSD Weights: [1,1]
Training window size: 20
Validation window size: 10

#####################################################################

Posterior No. 3
Execution Time: 0.057 s
Tolerance: eps = 0.393996

Priors' Ranges:

	 $\beta_{I}$: 0.004032 <-> 0.997866
	 $\beta_{E}$: 0.000128 <-> 0.374390
	 $N$: 104768.306042 <-> 16756000.657076
	 $\mu$: 0.000327 <-> 0.993973
	 $\gamma$: 0.012393 <-> 0.999825
	 $t_{c}$: 0.259538 <-> 29.997895
	 RF_{0}: 0.000042 <-> 0.999823
	 $E_{0}$: 0.001625 <-> 1.969775

Estimated parameters (av +/- std):

	 $\beta_{I}$: 0.894188 +/- 0.257848
	 $\beta_{E}$: 0.040469 +/- 0.069316
	 $N$: 9743545.414555 +/- 4356205.105321
	 $\mu$: 0.008895 +/- 0.197446
	 $\gamma$: 0.676988 +/- 0.226538
	 $t_{c}$: 3.806018 +/- 7.456017
	 RF_{0}: 0.188156 +/- 0.237957
	 $E_{0}$: 1.774502 +/- 0.490104

Posterior distribution on file posterior_'param'.png

RMSD: 0.135817
Weighted RMSD: 0.135817
RMSD for validation data: 0.412391
RMSD for total data: 0.717970
AIC: 16.271633
AIC for validation data: 16.824782
AIC for total data: 17.435941

#####################################################################

Total time on ABC: 0.251 s
Number of trials: 7689

Fit on file model_fit.png