2021-11-14_10-31-06

Data Source: Número de casos confirmados de COVID-19 no Brasil (on GitHub)
https://raw.githubusercontent.com/wcota/covid19br/master/cases-brazil-cities-time.csv

Rejection ABC fitting of epidemic curves

Model: SEIRD
Parameters: $\beta_{I}$, $\beta_{E}$, $N$, $\mu$, $\gamma$, $t_{c}$, RF_{0}, $E_{0}$
#####################################################################

Number of Samples: 960
Number of Posteriors: 3
RMSD Weights: [1,1]
Training window size: 30
Validation window size: 10

#####################################################################

Posterior No. 3
Execution Time: 0.127 s
Tolerance: eps = 1.973917

Priors' Ranges:

	 $\beta_{I}$: 0.000107 <-> 0.997810
	 $\beta_{E}$: 0.000188 <-> 0.999196
	 $N$: 213160.802161 <-> 42231019.614167
	 $\mu$: 0.000038 <-> 0.982610
	 $\gamma$: 0.046049 <-> 0.998505
	 $t_{c}$: 0.092249 <-> 29.997675
	 RF_{0}: 0.004167 <-> 0.999635
	 $E_{0}$: 0.000192 <-> 1.990132

Estimated parameters (av +/- std):

	 $\beta_{I}$: 0.080622 +/- 0.269982
	 $\beta_{E}$: 0.102101 +/- 0.268582
	 $N$: 21881669.109344 +/- 11380532.072579
	 $\mu$: 0.015293 +/- 0.175708
	 $\gamma$: 0.577775 +/- 0.212832
	 $t_{c}$: 28.484868 +/- 8.477090
	 RF_{0}: 0.830560 +/- 0.250277
	 $E_{0}$: 0.607132 +/- 0.530712

Posterior distribution on file posterior_'param'.png

RMSD: 0.086069
Weighted RMSD: 0.086069
RMSD for validation data: 1.891698
RMSD for total data: 0.394189
AIC: 16.172138
AIC for validation data: 19.783396
AIC for total data: 16.788378

#####################################################################

Total time on ABC: 0.391 s
Number of trials: 20173

Fit on file model_fit.png