2021-11-14_19-37-26

Data Source: Número de casos confirmados de COVID-19 no Brasil (on GitHub)
https://raw.githubusercontent.com/wcota/covid19br/master/cases-brazil-cities-time.csv

Rejection ABC fitting of epidemic curves

Model: SEIRD
Parameters: $\beta_{I}$, $\beta_{E}$, $N$, $\mu$, $\gamma$, $t_{c}$, RF_{0}, $E_{0}$
#####################################################################

Number of Samples: 48
Number of Posteriors: 3
RMSD Weights: [1,1]
Training window size: 40
Validation window size: 10

#####################################################################

Posterior No. 1
Execution Time: 0.670 s
Tolerance: eps = 0.100203

Priors' Ranges:

	 $\beta_{I}$: 0.000000 <-> 1.000000
	 $\beta_{E}$: 0.000000 <-> 1.000000
	 $N$: 67886.004000 <-> 13577200.800000
	 $\mu$: 0.000000 <-> 1.000000
	 $\gamma$: 0.000000 <-> 1.000000
	 $t_{c}$: 0.000000 <-> 30.000000
	 RF_{0}: 0.000000 <-> 1.000000
	 $E_{0}$: 0.000000 <-> 2.000000

Estimated parameters (av +/- std):

	 $\beta_{I}$: 0.852440 +/- 0.262642
	 $\beta_{E}$: 0.283811 +/- 0.215411
	 $N$: 410036.576137 +/- 110480.003483
	 $\mu$: 0.009117 +/- 0.003130
	 $\gamma$: 0.676946 +/- 0.183346
	 $t_{c}$: 13.113442 +/- 5.299309
	 RF_{0}: 0.978347 +/- 0.030212
	 $E_{0}$: 0.032436 +/- 0.029897

Posterior distribution on file posterior_'param'.png

RMSD: 0.031791
Weighted RMSD: 0.031791
RMSD for validation data: 0.509819
RMSD for total data: 0.453783
AIC: 16.063583
AIC for validation data: 17.019639
AIC for total data: 16.907566

#####################################################################

Total time on ABC: 0.670 s
Number of trials: 48384

Fit on file model_fit.png