2021-12-01_05-20-35

Data Source: Número de casos confirmados de COVID-19 no Brasil (on GitHub)
https://raw.githubusercontent.com/wcota/covid19br/master/cases-brazil-cities-time.csv

Rejection ABC fitting of epidemic curves

Model: SEIRD
Parameters: $\beta_{I}$, $\beta_{E}$, $N$, $\mu$, $\gamma$, $t_{c}$, RF_{0}, $E_{0}$
#####################################################################

Number of Samples: 99984
Number of Posteriors: 3
RMSD Weights: [1,1]
Training window size: 25
Validation window size: 10

#####################################################################

Posterior No. 3
Execution Time: 95.484 s
Tolerance: eps = 3.247094

Priors' Ranges:

	 $\beta_{I}$: 0.000008 <-> 0.999956
	 $\beta_{E}$: 0.000001 <-> 0.999993
	 $N$: 212562.337270 <-> 42508119.135364
	 $\mu$: 0.000000 <-> 0.999558
	 $\gamma$: 0.000153 <-> 0.999993
	 $t_{c}$: 0.035479 <-> 29.999342
	 RF_{0}: 0.000047 <-> 0.999996
	 $E_{0}$: 0.000004 <-> 1.999893

Estimated parameters (av +/- std):

	 $\beta_{I}$: 0.024631 +/- 0.270687
	 $\beta_{E}$: 0.235517 +/- 0.284737
	 $N$: 3571007.898269 +/- 9574757.413967
	 $\mu$: 0.002341 +/- 0.161770
	 $\gamma$: 0.111685 +/- 0.218274
	 $t_{c}$: 23.793891 +/- 7.776408
	 RF_{0}: 0.689896 +/- 0.252859
	 $E_{0}$: 0.581377 +/- 0.546934

Posterior distribution on file posterior_'param'.png

RMSD: 0.044464
Weighted RMSD: 0.044464
RMSD for validation data: 0.378805
RMSD for total data: 0.290476
AIC: 16.088928
AIC for validation data: 16.757609
AIC for total data: 16.580953

#####################################################################

Total time on ABC: 196.371 s
Number of trials: 1742926

Fit on file model_fit.png