2022-03-08_16-22-08

Data Source: Número de casos confirmados de COVID-19 no Brasil (on GitHub)
https://raw.githubusercontent.com/wcota/covid19br/master/cases-brazil-cities-time.csv

Rejection ABC fitting of epidemic curves

Model: SEIRD
Parameters: $\beta_{I}$, $\beta_{E}$, $N$, $\mu$, $\gamma$, $t_{c}$, RF_{0}, $E_{0}$
#####################################################################

Number of Samples: 960
Number of Posteriors: 3
RMSD Weights: [1,1]
Training window size: 40
Validation window size: 10

#####################################################################

Posterior No. 3
Execution Time: 9.645 s
Tolerance: eps = 0.016285

Priors' Ranges:

	 $\beta_{I}$: 0.000847 <-> 0.998767
	 $\beta_{E}$: 0.001808 <-> 0.145065
	 $N$: 19406122.696309 <-> 106240606.949335
	 $\mu$: 0.006624 <-> 0.025948
	 $\gamma$: 0.241993 <-> 0.999187
	 $t_{c}$: 7.451379 <-> 29.998715
	 RF_{0}: 0.984517 <-> 0.999997
	 $E_{0}$: 0.029176 <-> 0.137024

Estimated parameters (av +/- std):

	 $\beta_{I}$: 0.686265 +/- 0.259061
	 $\beta_{E}$: 0.025807 +/- 0.021683
	 $N$: 50547267.386957 +/- 22844279.504676
	 $\mu$: 0.012978 +/- 0.004451
	 $\gamma$: 0.491796 +/- 0.183050
	 $t_{c}$: 25.207120 +/- 4.339824
	 RF_{0}: 0.996514 +/- 0.002754
	 $E_{0}$: 0.112098 +/- 0.019150

Posterior distribution on file posterior_'param'.png

RMSD: 0.012376
Weighted RMSD: 0.012376
RMSD for validation data: 0.160242
RMSD for total data: 0.445338
AIC: 16.024752
AIC for validation data: 16.320484
AIC for total data: 16.890676

#####################################################################

Total time on ABC: 18.432 s
Number of trials: 604878

Fit on file model_fit.png