2021-12-01_00-51-50

Data Source: Número de casos confirmados de COVID-19 no Brasil (on GitHub)
https://raw.githubusercontent.com/wcota/covid19br/master/cases-brazil-cities-time.csv

Rejection ABC fitting of epidemic curves

Model: SEIRD
Parameters: $\beta_{I}$, $\beta_{E}$, $N$, $\mu$, $\gamma$, $t_{c}$, RF_{0}, $E_{0}$
#####################################################################

Number of Samples: 48
Number of Posteriors: 3
RMSD Weights: [1,1]
Training window size: 10
Validation window size: 10

#####################################################################

Posterior No. 1
Execution Time: 5.777 s
Tolerance: eps = 34.780156

Priors' Ranges:

	 $\beta_{I}$: 0.000000 <-> 1.000000
	 $\beta_{E}$: 0.000000 <-> 1.000000
	 $N$: 212559.409000 <-> 42511881.800000
	 $\mu$: 0.000000 <-> 1.000000
	 $\gamma$: 0.000000 <-> 1.000000
	 $t_{c}$: 0.000000 <-> 30.000000
	 RF_{0}: 0.000000 <-> 1.000000
	 $E_{0}$: 0.000000 <-> 2.000000

Estimated parameters (av +/- std):

	 $\beta_{I}$: 0.046013 +/- 0.288739
	 $\beta_{E}$: 0.004403 +/- 0.289182
	 $N$: 12205144.842574 +/- 12383174.782317
	 $\mu$: 0.006138 +/- 0.228313
	 $\gamma$: 0.284896 +/- 0.268642
	 $t_{c}$: 17.475459 +/- 8.116254
	 RF_{0}: 0.959310 +/- 0.274600
	 $E_{0}$: 0.114919 +/- 0.587171

Posterior distribution on file posterior_'param'.png

RMSD: 0.087161
Weighted RMSD: 0.087161
RMSD for validation data: 0.209142
RMSD for total data: 0.449499
AIC: 16.174322
AIC for validation data: 16.418284
AIC for total data: 16.898998

#####################################################################

Total time on ABC: 5.777 s
Number of trials: 998426

Fit on file model_fit.png