2021-11-14_04-14-21

Data Source: Número de casos confirmados de COVID-19 no Brasil (on GitHub)
https://raw.githubusercontent.com/wcota/covid19br/master/cases-brazil-cities-time.csv

Rejection ABC fitting of epidemic curves

Model: SEIRD
Parameters: $\beta_{I}$, $\beta_{E}$, $N$, $\mu$, $\gamma$, $t_{c}$, RF_{0}, $E_{0}$
#####################################################################

Number of Samples: 48
Number of Posteriors: 3
RMSD Weights: [1,1]
Training window size: 25
Validation window size: 10

#####################################################################

Posterior No. 1
Execution Time: 0.302 s
Tolerance: eps = 0.147826

Priors' Ranges:

	 $\beta_{I}$: 0.000000 <-> 1.000000
	 $\beta_{E}$: 0.000000 <-> 1.000000
	 $N$: 126476.458000 <-> 25295291.600000
	 $\mu$: 0.000000 <-> 1.000000
	 $\gamma$: 0.000000 <-> 1.000000
	 $t_{c}$: 0.000000 <-> 30.000000
	 RF_{0}: 0.000000 <-> 1.000000
	 $E_{0}$: 0.000000 <-> 2.000000

Estimated parameters (av +/- std):

	 $\beta_{I}$: 0.194421 +/- 0.255999
	 $\beta_{E}$: 0.000450 +/- 0.027051
	 $N$: 11936497.293389 +/- 6677325.038973
	 $\mu$: 0.095741 +/- 0.037622
	 $\gamma$: 0.330165 +/- 0.193231
	 $t_{c}$: 11.207257 +/- 8.000584
	 RF_{0}: 0.991171 +/- 0.052283
	 $E_{0}$: 0.066991 +/- 0.030682

Posterior distribution on file posterior_'param'.png

RMSD: 0.034731
Weighted RMSD: 0.034731
RMSD for validation data: 0.745088
RMSD for total data: 0.399267
AIC: 16.069463
AIC for validation data: 17.490177
AIC for total data: 16.798534

#####################################################################

Total time on ABC: 0.302 s
Number of trials: 35298

Fit on file model_fit.png