2021-11-14_05-14-13

Data Source: Número de casos confirmados de COVID-19 no Brasil (on GitHub)
https://raw.githubusercontent.com/wcota/covid19br/master/cases-brazil-cities-time.csv

Rejection ABC fitting of epidemic curves

Model: SEIRD
Parameters: $\beta_{I}$, $\beta_{E}$, $N$, $\mu$, $\gamma$, $t_{c}$, RF_{0}, $E_{0}$
#####################################################################

Number of Samples: 960
Number of Posteriors: 3
RMSD Weights: [1,1]
Training window size: 50
Validation window size: 10

#####################################################################

Posterior No. 2
Execution Time: 5.309 s
Tolerance: eps = 0.027741

Priors' Ranges:

	 $\beta_{I}$: 0.003034 <-> 0.999341
	 $\beta_{E}$: 0.005206 <-> 0.137087
	 $N$: 873670.168434 <-> 16574036.516594
	 $\mu$: 0.000812 <-> 0.004380
	 $\gamma$: 0.163263 <-> 0.999557
	 $t_{c}$: 3.828922 <-> 29.997061
	 RF_{0}: 0.981749 <-> 0.999995
	 $E_{0}$: 0.012637 <-> 0.119370

Estimated parameters (av +/- std):

	 $\beta_{I}$: 0.294253 +/- 0.275842
	 $\beta_{E}$: 0.082191 +/- 0.023369
	 $N$: 16192496.072843 +/- 4040194.086318
	 $\mu$: 0.001620 +/- 0.000749
	 $\gamma$: 0.369584 +/- 0.191382
	 $t_{c}$: 7.387766 +/- 5.106121
	 RF_{0}: 0.996183 +/- 0.003524
	 $E_{0}$: 0.027100 +/- 0.017255

Posterior distribution on file posterior_'param'.png

RMSD: 0.022668
Weighted RMSD: 0.022668
RMSD for validation data: 0.218430
RMSD for total data: 0.310832
AIC: 16.045336
AIC for validation data: 16.436860
AIC for total data: 16.621665

#####################################################################

Total time on ABC: 9.869 s
Number of trials: 285250

Fit on file model_fit.png