2021-11-14_06-01-51

Data Source: Número de casos confirmados de COVID-19 no Brasil (on GitHub)
https://raw.githubusercontent.com/wcota/covid19br/master/cases-brazil-cities-time.csv

Rejection ABC fitting of epidemic curves

Model: SEIRD
Parameters: $\beta_{I}$, $\beta_{E}$, $N$, $\mu$, $\gamma$, $t_{c}$, RF_{0}, $E_{0}$
#####################################################################

Number of Samples: 48
Number of Posteriors: 3
RMSD Weights: [1,1]
Training window size: 50
Validation window size: 10

#####################################################################

Posterior No. 1
Execution Time: 8.474 s
Tolerance: eps = 0.016351

Priors' Ranges:

	 $\beta_{I}$: 0.000000 <-> 1.000000
	 $\beta_{E}$: 0.000000 <-> 1.000000
	 $N$: 1380004.385000 <-> 276000877.000000
	 $\mu$: 0.000000 <-> 1.000000
	 $\gamma$: 0.000000 <-> 1.000000
	 $t_{c}$: 0.000000 <-> 30.000000
	 RF_{0}: 0.000000 <-> 1.000000
	 $E_{0}$: 0.000000 <-> 2.000000

Estimated parameters (av +/- std):

	 $\beta_{I}$: 0.633433 +/- 0.258613
	 $\beta_{E}$: 0.070481 +/- 0.017509
	 $N$: 11727019.631271 +/- 74191170.055672
	 $\mu$: 0.009759 +/- 0.002230
	 $\gamma$: 0.742545 +/- 0.166565
	 $t_{c}$: 21.906444 +/- 5.057390
	 RF_{0}: 0.913161 +/- 0.032541
	 $E_{0}$: 0.478796 +/- 0.146953

Posterior distribution on file posterior_'param'.png

RMSD: 0.006709
Weighted RMSD: 0.006709
RMSD for validation data: 0.038858
RMSD for total data: 0.199224
AIC: 16.013419
AIC for validation data: 16.077717
AIC for total data: 16.398448

#####################################################################

Total time on ABC: 8.474 s
Number of trials: 401776

Fit on file model_fit.png