2021-11-14_06-17-32

Data Source: Número de casos confirmados de COVID-19 no Brasil (on GitHub)
https://raw.githubusercontent.com/wcota/covid19br/master/cases-brazil-cities-time.csv

Rejection ABC fitting of epidemic curves

Model: SEIRD
Parameters: $\beta_{I}$, $\beta_{E}$, $N$, $\mu$, $\gamma$, $t_{c}$, RF_{0}, $E_{0}$
#####################################################################

Number of Samples: 960
Number of Posteriors: 3
RMSD Weights: [1,1]
Training window size: 20
Validation window size: 10

#####################################################################

Posterior No. 2
Execution Time: 0.067 s
Tolerance: eps = 2.997999

Priors' Ranges:

	 $\beta_{I}$: 0.000052 <-> 0.999523
	 $\beta_{E}$: 0.000265 <-> 0.889164
	 $N$: 84593.975636 <-> 16728329.502111
	 $\mu$: 0.000081 <-> 0.993692
	 $\gamma$: 0.000633 <-> 0.997956
	 $t_{c}$: 0.085131 <-> 29.968958
	 RF_{0}: 0.001855 <-> 0.999898
	 $E_{0}$: 0.001376 <-> 1.979256

Estimated parameters (av +/- std):

	 $\beta_{I}$: 0.734183 +/- 0.260538
	 $\beta_{E}$: 0.121649 +/- 0.113900
	 $N$: 386759.116142 +/- 4620417.197862
	 $\mu$: 0.036270 +/- 0.249745
	 $\gamma$: 0.886798 +/- 0.230100
	 $t_{c}$: 6.824467 +/- 7.983980
	 RF_{0}: 0.810012 +/- 0.236277
	 $E_{0}$: 0.333317 +/- 0.457172

Posterior distribution on file posterior_'param'.png

RMSD: 0.100312
Weighted RMSD: 0.100312
RMSD for validation data: 1.177811
RMSD for total data: 0.356387
AIC: 16.200624
AIC for validation data: 18.355621
AIC for total data: 16.712774

#####################################################################

Total time on ABC: 0.217 s
Number of trials: 11685

Fit on file model_fit.png