2021-11-14_05-05-40

Data Source: Número de casos confirmados de COVID-19 no Brasil (on GitHub)
https://raw.githubusercontent.com/wcota/covid19br/master/cases-brazil-cities-time.csv

Rejection ABC fitting of epidemic curves

Model: SEIRD
Parameters: $\beta_{I}$, $\beta_{E}$, $N$, $\mu$, $\gamma$, $t_{c}$, RF_{0}, $E_{0}$
#####################################################################

Number of Samples: 48
Number of Posteriors: 3
RMSD Weights: [1,1]
Training window size: 35
Validation window size: 10

#####################################################################

Posterior No. 1
Execution Time: 0.190 s
Tolerance: eps = 102.677600

Priors' Ranges:

	 $\beta_{I}$: 0.000000 <-> 1.000000
	 $\beta_{E}$: 0.000000 <-> 1.000000
	 $N$: 126476.458000 <-> 25295291.600000
	 $\mu$: 0.000000 <-> 1.000000
	 $\gamma$: 0.000000 <-> 1.000000
	 $t_{c}$: 0.000000 <-> 30.000000
	 RF_{0}: 0.000000 <-> 1.000000
	 $E_{0}$: 0.000000 <-> 2.000000

Estimated parameters (av +/- std):

	 $\beta_{I}$: 0.029460 +/- 0.289337
	 $\beta_{E}$: 0.025978 +/- 0.217284
	 $N$: 9140367.785521 +/- 7728134.266498
	 $\mu$: 0.010956 +/- 0.298853
	 $\gamma$: 0.711054 +/- 0.253315
	 $t_{c}$: 18.111691 +/- 9.381969
	 RF_{0}: 0.987067 +/- 0.277054
	 $E_{0}$: 0.078900 +/- 0.570269

Posterior distribution on file posterior_'param'.png

RMSD: 0.439476
Weighted RMSD: 0.439476
RMSD for validation data: 4.251789
RMSD for total data: 0.399269
AIC: 16.878953
AIC for validation data: 24.503578
AIC for total data: 16.798537

#####################################################################

Total time on ABC: 0.190 s
Number of trials: 10161

Fit on file model_fit.png