2022-03-08_15-59-04

Data Source: Número de casos confirmados de COVID-19 no Brasil (on GitHub)
https://raw.githubusercontent.com/wcota/covid19br/master/cases-brazil-cities-time.csv

Rejection ABC fitting of epidemic curves

Model: SEIRD
Parameters: $\beta_{I}$, $\beta_{E}$, $N$, $\mu$, $\gamma$, $t_{c}$, RF_{0}, $E_{0}$
#####################################################################

Number of Samples: 48
Number of Posteriors: 3
RMSD Weights: [1,1]
Training window size: 30
Validation window size: 10

#####################################################################

Posterior No. 1
Execution Time: 4.613 s
Tolerance: eps = 0.02

Priors' Ranges:

	 $\beta_{I}$: 0.000000 <-> 1.000000
	 $\beta_{E}$: 0.000000 <-> 1.000000
	 $N$: 2125594.090000 <-> 106279704.500000
	 $\mu$: 0.000000 <-> 1.000000
	 $\gamma$: 0.000000 <-> 1.000000
	 $t_{c}$: 0.000000 <-> 30.000000
	 RF_{0}: 0.000000 <-> 1.000000
	 $E_{0}$: 0.000000 <-> 2.000000

Estimated parameters (av +/- std):

	 $\beta_{I}$: 0.940918 +/- 0.248578
	 $\beta_{E}$: 0.010273 +/- 0.019145
	 $N$: 58951330.451841 +/- 24690291.865556
	 $\mu$: 0.021618 +/- 0.003502
	 $\gamma$: 0.952319 +/- 0.152865
	 $t_{c}$: 17.766131 +/- 4.919441
	 RF_{0}: 0.993712 +/- 0.003089
	 $E_{0}$: 0.099929 +/- 0.028241

Posterior distribution on file posterior_'param'.png

RMSD: 0.014123
Weighted RMSD: 0.014123
RMSD for validation data: 0.206899
RMSD for total data: 0.449499
AIC: 16.028246
AIC for validation data: 16.413799
AIC for total data: 16.898998

#####################################################################

Total time on ABC: 4.613 s
Number of trials: 348469

Fit on file model_fit.png