2021-11-14_21-02-25

Data Source: Número de casos confirmados de COVID-19 no Brasil (on GitHub)
https://raw.githubusercontent.com/wcota/covid19br/master/cases-brazil-cities-time.csv

Rejection ABC fitting of epidemic curves

Model: SEIRD
Parameters: $\beta_{I}$, $\beta_{E}$, $N$, $\mu$, $\gamma$, $t_{c}$, RF_{0}, $E_{0}$
#####################################################################

Number of Samples: 960
Number of Posteriors: 3
RMSD Weights: [1,1]
Training window size: 30
Validation window size: 10

#####################################################################

Posterior No. 3
Execution Time: 0.060 s
Tolerance: eps = 0.252331

Priors' Ranges:

	 $\beta_{I}$: 0.000034 <-> 0.992133
	 $\beta_{E}$: 0.000050 <-> 0.234514
	 $N$: 459069.595282 <-> 66136656.847967
	 $\mu$: 0.000023 <-> 0.051912
	 $\gamma$: 0.124511 <-> 0.999967
	 $t_{c}$: 0.135578 <-> 29.988237
	 RF_{0}: 0.000041 <-> 0.998268
	 $E_{0}$: 0.007288 <-> 1.992290

Estimated parameters (av +/- std):

	 $\beta_{I}$: 0.216671 +/- 0.229843
	 $\beta_{E}$: 0.051570 +/- 0.039423
	 $N$: 36710715.823365 +/- 17979631.347628
	 $\mu$: 0.000323 +/- 0.009490
	 $\gamma$: 0.914749 +/- 0.172898
	 $t_{c}$: 8.949371 +/- 8.265208
	 RF_{0}: 0.918022 +/- 0.257081
	 $E_{0}$: 1.149437 +/- 0.484689

Posterior distribution on file posterior_'param'.png

RMSD: 0.036436
Weighted RMSD: 0.036436
RMSD for validation data: 0.457127
RMSD for total data: 0.486715
AIC: 16.072872
AIC for validation data: 16.914255
AIC for total data: 16.973429

#####################################################################

Total time on ABC: 0.408 s
Number of trials: 6165

Fit on file model_fit.png