2021-12-01_05-20-35

Data Source: Número de casos confirmados de COVID-19 no Brasil (on GitHub)
https://raw.githubusercontent.com/wcota/covid19br/master/cases-brazil-cities-time.csv

Rejection ABC fitting of epidemic curves

Model: SEIRD
Parameters: $\beta_{I}$, $\beta_{E}$, $N$, $\mu$, $\gamma$, $t_{c}$, RF_{0}, $E_{0}$
#####################################################################

Number of Samples: 99984
Number of Posteriors: 3
RMSD Weights: [1,1]
Training window size: 20
Validation window size: 10

#####################################################################

Posterior No. 3
Execution Time: 87.506 s
Tolerance: eps = 7.141357

Priors' Ranges:

	 $\beta_{I}$: 0.000027 <-> 0.999997
	 $\beta_{E}$: 0.000019 <-> 0.999993
	 $N$: 213017.730908 <-> 42509969.618140
	 $\mu$: 0.000000 <-> 0.999937
	 $\gamma$: 0.000375 <-> 0.999994
	 $t_{c}$: 0.034496 <-> 29.999753
	 RF_{0}: 0.000111 <-> 1.000000
	 $E_{0}$: 0.000006 <-> 1.999993

Estimated parameters (av +/- std):

	 $\beta_{I}$: 0.632219 +/- 0.268149
	 $\beta_{E}$: 0.898606 +/- 0.269564
	 $N$: 9585208.006747 +/- 8005320.059641
	 $\mu$: 0.009141 +/- 0.147193
	 $\gamma$: 0.527416 +/- 0.224451
	 $t_{c}$: 29.342014 +/- 7.660244
	 RF_{0}: 0.970021 +/- 0.228264
	 $E_{0}$: 0.151949 +/- 0.544251

Posterior distribution on file posterior_'param'.png

RMSD: 0.065727
Weighted RMSD: 0.065727
RMSD for validation data: 0.308870
RMSD for total data: 0.288184
AIC: 16.131455
AIC for validation data: 16.617739
AIC for total data: 16.576367

#####################################################################

Total time on ABC: 180.640 s
Number of trials: 1483811

Fit on file model_fit.png