2021-11-14_20-35-18

Data Source: Número de casos confirmados de COVID-19 no Brasil (on GitHub)
https://raw.githubusercontent.com/wcota/covid19br/master/cases-brazil-cities-time.csv

Rejection ABC fitting of epidemic curves

Model: SEIRD
Parameters: $\beta_{I}$, $\beta_{E}$, $N$, $\mu$, $\gamma$, $t_{c}$, RF_{0}, $E_{0}$
#####################################################################

Number of Samples: 48
Number of Posteriors: 3
RMSD Weights: [1,1]
Training window size: 10
Validation window size: 10

#####################################################################

Posterior No. 1
Execution Time: 0.073 s
Tolerance: eps = 12.220455

Priors' Ranges:

	 $\beta_{I}$: 0.000000 <-> 1.000000
	 $\beta_{E}$: 0.000000 <-> 1.000000
	 $N$: 67886.004000 <-> 13577200.800000
	 $\mu$: 0.000000 <-> 1.000000
	 $\gamma$: 0.000000 <-> 1.000000
	 $t_{c}$: 0.000000 <-> 30.000000
	 RF_{0}: 0.000000 <-> 1.000000
	 $E_{0}$: 0.000000 <-> 2.000000

Estimated parameters (av +/- std):

	 $\beta_{I}$: 0.856311 +/- 0.291012
	 $\beta_{E}$: 0.335004 +/- 0.251049
	 $N$: 602919.763456 +/- 4178079.874521
	 $\mu$: 0.102246 +/- 0.270241
	 $\gamma$: 0.756206 +/- 0.272107
	 $t_{c}$: 14.451438 +/- 7.654194
	 RF_{0}: 0.957928 +/- 0.264583
	 $E_{0}$: 0.036752 +/- 0.519660

Posterior distribution on file posterior_'param'.png

RMSD: 0.156980
Weighted RMSD: 0.156980
RMSD for validation data: 2.459401
RMSD for total data: 0.325919
AIC: 16.313960
AIC for validation data: 20.918802
AIC for total data: 16.651838

#####################################################################

Total time on ABC: 0.073 s
Number of trials: 10367

Fit on file model_fit.png