2021-11-14_19-22-12

Data Source: Número de casos confirmados de COVID-19 no Brasil (on GitHub)
https://raw.githubusercontent.com/wcota/covid19br/master/cases-brazil-cities-time.csv

Rejection ABC fitting of epidemic curves

Model: SEIRD
Parameters: $\beta_{I}$, $\beta_{E}$, $N$, $\mu$, $\gamma$, $t_{c}$, RF_{0}, $E_{0}$
#####################################################################

Number of Samples: 48
Number of Posteriors: 3
RMSD Weights: [1,1]
Training window size: 35
Validation window size: 10

#####################################################################

Posterior No. 1
Execution Time: 0.068 s
Tolerance: eps = 5.047108

Priors' Ranges:

	 $\beta_{I}$: 0.000000 <-> 1.000000
	 $\beta_{E}$: 0.000000 <-> 1.000000
	 $N$: 51269.183000 <-> 10253836.600000
	 $\mu$: 0.000000 <-> 1.000000
	 $\gamma$: 0.000000 <-> 1.000000
	 $t_{c}$: 0.000000 <-> 30.000000
	 RF_{0}: 0.000000 <-> 1.000000
	 $E_{0}$: 0.000000 <-> 2.000000

Estimated parameters (av +/- std):

	 $\beta_{I}$: 0.127280 +/- 0.174802
	 $\beta_{E}$: 0.902491 +/- 0.186696
	 $N$: 5291661.953512 +/- 2762044.083371
	 $\mu$: 0.012303 +/- 0.003097
	 $\gamma$: 0.760396 +/- 0.223213
	 $t_{c}$: 0.297517 +/- 0.865889
	 RF_{0}: 0.832691 +/- 0.262665
	 $E_{0}$: 0.410150 +/- 0.439191

Posterior distribution on file posterior_'param'.png

RMSD: 0.491795
Weighted RMSD: 0.491795
RMSD for validation data: 4.072461
RMSD for total data: 0.433979
AIC: 16.983589
AIC for validation data: 24.144922
AIC for total data: 16.867957

#####################################################################

Total time on ABC: 0.068 s
Number of trials: 4648

Fit on file model_fit.png