2022-03-08_15-59-04

Data Source: Número de casos confirmados de COVID-19 no Brasil (on GitHub)
https://raw.githubusercontent.com/wcota/covid19br/master/cases-brazil-cities-time.csv

Rejection ABC fitting of epidemic curves

Model: SEIRD
Parameters: $\beta_{I}$, $\beta_{E}$, $N$, $\mu$, $\gamma$, $t_{c}$, RF_{0}, $E_{0}$
#####################################################################

Number of Samples: 960
Number of Posteriors: 3
RMSD Weights: [1,1]
Training window size: 30
Validation window size: 10

#####################################################################

Posterior No. 2
Execution Time: 1.571 s
Tolerance: eps = 0.228950

Priors' Ranges:

	 $\beta_{I}$: 0.004495 <-> 0.996788
	 $\beta_{E}$: 0.077632 <-> 0.792948
	 $N$: 2301583.294246 <-> 106190439.437104
	 $\mu$: 0.002706 <-> 0.998999
	 $\gamma$: 0.001555 <-> 0.997516
	 $t_{c}$: 1.021401 <-> 29.960815
	 RF_{0}: 0.003186 <-> 0.999349
	 $E_{0}$: 0.002062 <-> 1.999650

Estimated parameters (av +/- std):

	 $\beta_{I}$: 0.752226 +/- 0.265924
	 $\beta_{E}$: 0.320360 +/- 0.059532
	 $N$: 16997688.132280 +/- 27617685.397046
	 $\mu$: 0.024798 +/- 0.264345
	 $\gamma$: 0.515997 +/- 0.269796
	 $t_{c}$: 8.977660 +/- 7.580683
	 RF_{0}: 0.732508 +/- 0.265471
	 $E_{0}$: 0.710235 +/- 0.541230

Posterior distribution on file posterior_'param'.png

RMSD: 0.089272
Weighted RMSD: 0.089272
RMSD for validation data: 1.583728
RMSD for total data: 1.113401
AIC: 16.178543
AIC for validation data: 19.167456
AIC for total data: 18.226803

#####################################################################

Total time on ABC: 1.738 s
Number of trials: 8795

Fit on file model_fit.png