2021-11-14_20-32-41

Data Source: Número de casos confirmados de COVID-19 no Brasil (on GitHub)
https://raw.githubusercontent.com/wcota/covid19br/master/cases-brazil-cities-time.csv

Rejection ABC fitting of epidemic curves

Model: SEIRD
Parameters: $\beta_{I}$, $\beta_{E}$, $N$, $\mu$, $\gamma$, $t_{c}$, RF_{0}, $E_{0}$
#####################################################################

Number of Samples: 960
Number of Posteriors: 3
RMSD Weights: [1,1]
Training window size: 30
Validation window size: 10

#####################################################################

Posterior No. 2
Execution Time: 0.122 s
Tolerance: eps = 31.057370

Priors' Ranges:

	 $\beta_{I}$: 0.000399 <-> 0.999867
	 $\beta_{E}$: 0.000041 <-> 0.999658
	 $N$: 69475.347058 <-> 13554728.038987
	 $\mu$: 0.000198 <-> 0.991216
	 $\gamma$: 0.005649 <-> 0.999964
	 $t_{c}$: 0.089741 <-> 29.983660
	 RF_{0}: 0.008255 <-> 0.999501
	 $E_{0}$: 0.001076 <-> 1.954349

Estimated parameters (av +/- std):

	 $\beta_{I}$: 0.234245 +/- 0.258954
	 $\beta_{E}$: 0.104099 +/- 0.283379
	 $N$: 2382593.331037 +/- 3700517.238193
	 $\mu$: 0.005883 +/- 0.193454
	 $\gamma$: 0.989048 +/- 0.216900
	 $t_{c}$: 29.730505 +/- 8.001083
	 RF_{0}: 0.861702 +/- 0.247851
	 $E_{0}$: 0.385146 +/- 0.509888

Posterior distribution on file posterior_'param'.png

RMSD: 0.239957
Weighted RMSD: 0.239957
RMSD for validation data: 0.272805
RMSD for total data: 0.342646
AIC: 16.479914
AIC for validation data: 16.545609
AIC for total data: 16.685291

#####################################################################

Total time on ABC: 0.285 s
Number of trials: 15873

Fit on file model_fit.png