2021-11-14_06-17-32

Data Source: Número de casos confirmados de COVID-19 no Brasil (on GitHub)
https://raw.githubusercontent.com/wcota/covid19br/master/cases-brazil-cities-time.csv

Rejection ABC fitting of epidemic curves

Model: SEIRD
Parameters: $\beta_{I}$, $\beta_{E}$, $N$, $\mu$, $\gamma$, $t_{c}$, RF_{0}, $E_{0}$
#####################################################################

Number of Samples: 960
Number of Posteriors: 3
RMSD Weights: [1,1]
Training window size: 20
Validation window size: 10

#####################################################################

Posterior No. 2
Execution Time: 0.119 s
Tolerance: eps = 225.472465

Priors' Ranges:

	 $\beta_{I}$: 0.000157 <-> 0.994076
	 $\beta_{E}$: 0.000219 <-> 0.993369
	 $N$: 84171.481611 <-> 16730775.616539
	 $\mu$: 0.000089 <-> 0.990985
	 $\gamma$: 0.002031 <-> 0.999971
	 $t_{c}$: 0.042849 <-> 29.979635
	 RF_{0}: 0.002029 <-> 0.999402
	 $E_{0}$: 0.000011 <-> 1.998249

Estimated parameters (av +/- std):

	 $\beta_{I}$: 0.675675 +/- 0.277849
	 $\beta_{E}$: 0.615697 +/- 0.234247
	 $N$: 159089.750597 +/- 4842527.046939
	 $\mu$: 0.005899 +/- 0.201652
	 $\gamma$: 0.955856 +/- 0.216036
	 $t_{c}$: 20.167985 +/- 7.907769
	 RF_{0}: 0.756344 +/- 0.255311
	 $E_{0}$: 1.053496 +/- 0.530928

Posterior distribution on file posterior_'param'.png

RMSD: 2.082128
Weighted RMSD: 2.082128
RMSD for validation data: 4.582393
RMSD for total data: 0.396127
AIC: 20.164257
AIC for validation data: 25.164786
AIC for total data: 16.792254

#####################################################################

Total time on ABC: 0.223 s
Number of trials: 15553

Fit on file model_fit.png