2022-03-08_16-35-49

Data Source: Número de casos confirmados de COVID-19 no Brasil (on GitHub)
https://raw.githubusercontent.com/wcota/covid19br/master/cases-brazil-cities-time.csv

Rejection ABC fitting of epidemic curves

Model: SEIRD
Parameters: $\beta_{I}$, $\beta_{E}$, $N$, $\mu$, $\gamma$, $t_{c}$, RF_{0}, $E_{0}$
#####################################################################

Number of Samples: 960
Number of Posteriors: 3
RMSD Weights: [1,1]
Training window size: 40
Validation window size: 10

#####################################################################

Posterior No. 2
Execution Time: 1.127 s
Tolerance: eps = 0.030861

Priors' Ranges:

	 $\beta_{I}$: 0.001470 <-> 0.986614
	 $\beta_{E}$: 0.000048 <-> 0.089713
	 $N$: 7749391.367985 <-> 106239505.223555
	 $\mu$: 0.005635 <-> 0.026841
	 $\gamma$: 0.235457 <-> 0.999371
	 $t_{c}$: 5.994775 <-> 29.941229
	 RF_{0}: 0.964666 <-> 0.999965
	 $E_{0}$: 0.036506 <-> 0.217750

Estimated parameters (av +/- std):

	 $\beta_{I}$: 0.205489 +/- 0.216215
	 $\beta_{E}$: 0.051911 +/- 0.015413
	 $N$: 21071956.702573 +/- 27624946.137770
	 $\mu$: 0.018143 +/- 0.003957
	 $\gamma$: 0.750732 +/- 0.160375
	 $t_{c}$: 16.825563 +/- 5.297265
	 RF_{0}: 0.989077 +/- 0.007510
	 $E_{0}$: 0.108429 +/- 0.035339

Posterior distribution on file posterior_'param'.png

RMSD: 0.015515
Weighted RMSD: 0.015515
RMSD for validation data: 0.168397
RMSD for total data: 0.449499
AIC: 16.031031
AIC for validation data: 16.336795
AIC for total data: 16.898997

#####################################################################

Total time on ABC: 1.697 s
Number of trials: 72320

Fit on file model_fit.png