2022-03-08_16-04-21

Data Source: Número de casos confirmados de COVID-19 no Brasil (on GitHub)
https://raw.githubusercontent.com/wcota/covid19br/master/cases-brazil-cities-time.csv

Rejection ABC fitting of epidemic curves

Model: SEIRD
Parameters: $\beta_{I}$, $\beta_{E}$, $N$, $\mu$, $\gamma$, $t_{c}$, RF_{0}, $E_{0}$
#####################################################################

Number of Samples: 960
Number of Posteriors: 3
RMSD Weights: [1,1]
Training window size: 20
Validation window size: 10

#####################################################################

Posterior No. 3
Execution Time: 1.289 s
Tolerance: eps = 0.026031

Priors' Ranges:

	 $\beta_{I}$: 0.000196 <-> 0.999957
	 $\beta_{E}$: 0.000453 <-> 0.240139
	 $N$: 17262755.878010 <-> 106133704.943667
	 $\mu$: 0.005986 <-> 0.027991
	 $\gamma$: 0.186186 <-> 0.999554
	 $t_{c}$: 2.929583 <-> 29.975885
	 RF_{0}: 0.983452 <-> 0.999953
	 $E_{0}$: 0.021606 <-> 0.184617

Estimated parameters (av +/- std):

	 $\beta_{I}$: 0.595543 +/- 0.267330
	 $\beta_{E}$: 0.040675 +/- 0.031880
	 $N$: 59484312.184359 +/- 24299722.156910
	 $\mu$: 0.015074 +/- 0.004416
	 $\gamma$: 0.566652 +/- 0.177129
	 $t_{c}$: 18.288700 +/- 5.336430
	 RF_{0}: 0.994377 +/- 0.003138
	 $E_{0}$: 0.098563 +/- 0.029808

Posterior distribution on file posterior_'param'.png

RMSD: 0.016576
Weighted RMSD: 0.016576
RMSD for validation data: 0.096098
RMSD for total data: 0.438639
AIC: 16.033152
AIC for validation data: 16.192195
AIC for total data: 16.877278

#####################################################################

Total time on ABC: 2.099 s
Number of trials: 138358

Fit on file model_fit.png