2021-11-14_10-31-06

Data Source: Número de casos confirmados de COVID-19 no Brasil (on GitHub)
https://raw.githubusercontent.com/wcota/covid19br/master/cases-brazil-cities-time.csv

Rejection ABC fitting of epidemic curves

Model: SEIRD
Parameters: $\beta_{I}$, $\beta_{E}$, $N$, $\mu$, $\gamma$, $t_{c}$, RF_{0}, $E_{0}$
#####################################################################

Number of Samples: 960
Number of Posteriors: 3
RMSD Weights: [1,1]
Training window size: 10
Validation window size: 10

#####################################################################

Posterior No. 3
Execution Time: 0.059 s
Tolerance: eps = 8.853141

Priors' Ranges:

	 $\beta_{I}$: 0.003544 <-> 0.996246
	 $\beta_{E}$: 0.001068 <-> 0.999244
	 $N$: 213774.107725 <-> 42277425.943994
	 $\mu$: 0.000002 <-> 0.974976
	 $\gamma$: 0.009861 <-> 0.999251
	 $t_{c}$: 0.169784 <-> 29.917807
	 RF_{0}: 0.015649 <-> 0.999744
	 $E_{0}$: 0.001235 <-> 1.986836

Estimated parameters (av +/- std):

	 $\beta_{I}$: 0.116125 +/- 0.264892
	 $\beta_{E}$: 0.559219 +/- 0.275232
	 $N$: 7075258.507345 +/- 10639742.774925
	 $\mu$: 0.026552 +/- 0.119122
	 $\gamma$: 0.669505 +/- 0.238424
	 $t_{c}$: 26.107531 +/- 7.143320
	 RF_{0}: 0.994464 +/- 0.207819
	 $E_{0}$: 0.143829 +/- 0.535404

Posterior distribution on file posterior_'param'.png

RMSD: 0.176632
Weighted RMSD: 0.176632
RMSD for validation data: 1.675684
RMSD for total data: 0.296721
AIC: 16.353264
AIC for validation data: 19.351368
AIC for total data: 16.593441

#####################################################################

Total time on ABC: 0.189 s
Number of trials: 13802

Fit on file model_fit.png