2021-12-01_05-20-35

Data Source: Número de casos confirmados de COVID-19 no Brasil (on GitHub)
https://raw.githubusercontent.com/wcota/covid19br/master/cases-brazil-cities-time.csv

Rejection ABC fitting of epidemic curves

Model: SEIRD
Parameters: $\beta_{I}$, $\beta_{E}$, $N$, $\mu$, $\gamma$, $t_{c}$, RF_{0}, $E_{0}$
#####################################################################

Number of Samples: 48
Number of Posteriors: 3
RMSD Weights: [1,1]
Training window size: 40
Validation window size: 10

#####################################################################

Posterior No. 1
Execution Time: 16.509 s
Tolerance: eps = 1.786122

Priors' Ranges:

	 $\beta_{I}$: 0.000000 <-> 1.000000
	 $\beta_{E}$: 0.000000 <-> 1.000000
	 $N$: 212559.409000 <-> 42511881.800000
	 $\mu$: 0.000000 <-> 1.000000
	 $\gamma$: 0.000000 <-> 1.000000
	 $t_{c}$: 0.000000 <-> 30.000000
	 RF_{0}: 0.000000 <-> 1.000000
	 $E_{0}$: 0.000000 <-> 2.000000

Estimated parameters (av +/- std):

	 $\beta_{I}$: 0.910958 +/- 0.277325
	 $\beta_{E}$: 0.049491 +/- 0.215457
	 $N$: 39612587.606807 +/- 13203820.823923
	 $\mu$: 0.052536 +/- 0.298163
	 $\gamma$: 0.972833 +/- 0.256945
	 $t_{c}$: 21.040082 +/- 9.595962
	 RF_{0}: 0.344942 +/- 0.285991
	 $E_{0}$: 1.223836 +/- 0.560726

Posterior distribution on file posterior_'param'.png

RMSD: 0.029157
Weighted RMSD: 0.029157
RMSD for validation data: 0.722633
RMSD for total data: 0.376950
AIC: 16.058315
AIC for validation data: 17.445266
AIC for total data: 16.753899

#####################################################################

Total time on ABC: 16.509 s
Number of trials: 997613

Fit on file model_fit.png