2021-11-14_20-35-18

Data Source: Número de casos confirmados de COVID-19 no Brasil (on GitHub)
https://raw.githubusercontent.com/wcota/covid19br/master/cases-brazil-cities-time.csv

Rejection ABC fitting of epidemic curves

Model: SEIRD
Parameters: $\beta_{I}$, $\beta_{E}$, $N$, $\mu$, $\gamma$, $t_{c}$, RF_{0}, $E_{0}$
#####################################################################

Number of Samples: 960
Number of Posteriors: 3
RMSD Weights: [1,1]
Training window size: 10
Validation window size: 10

#####################################################################

Posterior No. 2
Execution Time: 0.059 s
Tolerance: eps = 24.887722

Priors' Ranges:

	 $\beta_{I}$: 0.003775 <-> 0.999745
	 $\beta_{E}$: 0.002174 <-> 0.988319
	 $N$: 77868.965021 <-> 13553933.764849
	 $\mu$: 0.000062 <-> 0.989951
	 $\gamma$: 0.003154 <-> 0.999992
	 $t_{c}$: 0.817664 <-> 29.970108
	 RF_{0}: 0.010679 <-> 0.999700
	 $E_{0}$: 0.001521 <-> 1.993150

Estimated parameters (av +/- std):

	 $\beta_{I}$: 0.869254 +/- 0.276284
	 $\beta_{E}$: 0.249011 +/- 0.240586
	 $N$: 1620725.465803 +/- 3867434.588421
	 $\mu$: 0.001248 +/- 0.141672
	 $\gamma$: 0.500462 +/- 0.237183
	 $t_{c}$: 23.424485 +/- 6.884667
	 RF_{0}: 0.847535 +/- 0.237547
	 $E_{0}$: 0.494419 +/- 0.517723

Posterior distribution on file posterior_'param'.png

RMSD: 0.090217
Weighted RMSD: 0.090217
RMSD for validation data: 0.382913
RMSD for total data: 0.411745
AIC: 16.180434
AIC for validation data: 16.765826
AIC for total data: 16.823489

#####################################################################

Total time on ABC: 0.126 s
Number of trials: 13358

Fit on file model_fit.png