2021-11-14_08-20-25

Data Source: Número de casos confirmados de COVID-19 no Brasil (on GitHub)
https://raw.githubusercontent.com/wcota/covid19br/master/cases-brazil-cities-time.csv

Rejection ABC fitting of epidemic curves

Model: SEIRD
Parameters: $\beta_{I}$, $\beta_{E}$, $N$, $\mu$, $\gamma$, $t_{c}$, RF_{0}, $E_{0}$
#####################################################################

Number of Samples: 960
Number of Posteriors: 3
RMSD Weights: [1,1]
Training window size: 50
Validation window size: 10

#####################################################################

Posterior No. 3
Execution Time: 6.424 s
Tolerance: eps = 0.021591

Priors' Ranges:

	 $\beta_{I}$: 0.000188 <-> 0.992819
	 $\beta_{E}$: 0.000019 <-> 0.126859
	 $N$: 5013336.878599 <-> 42365934.718782
	 $\mu$: 0.005097 <-> 0.027211
	 $\gamma$: 0.214833 <-> 0.998900
	 $t_{c}$: 6.384869 <-> 29.989108
	 RF_{0}: 0.783023 <-> 0.999895
	 $E_{0}$: 0.102801 <-> 0.879569

Estimated parameters (av +/- std):

	 $\beta_{I}$: 0.051538 +/- 0.263432
	 $\beta_{E}$: 0.115367 +/- 0.022524
	 $N$: 26252808.506956 +/- 9892443.854231
	 $\mu$: 0.021418 +/- 0.003968
	 $\gamma$: 0.838241 +/- 0.154097
	 $t_{c}$: 9.517680 +/- 5.375242
	 RF_{0}: 0.939608 +/- 0.039600
	 $E_{0}$: 0.226951 +/- 0.143287

Posterior distribution on file posterior_'param'.png

RMSD: 0.011764
Weighted RMSD: 0.011764
RMSD for validation data: 0.191757
RMSD for total data: 0.449476
AIC: 16.023527
AIC for validation data: 16.383514
AIC for total data: 16.898952

#####################################################################

Total time on ABC: 11.660 s
Number of trials: 317124

Fit on file model_fit.png