2021-11-14_21-31-10

Data Source: Número de casos confirmados de COVID-19 no Brasil (on GitHub)
https://raw.githubusercontent.com/wcota/covid19br/master/cases-brazil-cities-time.csv

Rejection ABC fitting of epidemic curves

Model: SEIRD
Parameters: $\beta_{I}$, $\beta_{E}$, $N$, $\mu$, $\gamma$, $t_{c}$, RF_{0}, $E_{0}$
#####################################################################

Number of Samples: 960
Number of Posteriors: 3
RMSD Weights: [1,1]
Training window size: 35
Validation window size: 10

#####################################################################

Posterior No. 2
Execution Time: 0.361 s
Tolerance: eps = 0.036537

Priors' Ranges:

	 $\beta_{I}$: 0.000688 <-> 0.997650
	 $\beta_{E}$: 0.214937 <-> 0.390336
	 $N$: 929141.708162 <-> 66031125.679807
	 $\mu$: 0.005776 <-> 0.030918
	 $\gamma$: 0.009256 <-> 0.999563
	 $t_{c}$: 6.761334 <-> 29.982515
	 RF_{0}: 0.005542 <-> 0.998818
	 $E_{0}$: 0.000323 <-> 1.990364

Estimated parameters (av +/- std):

	 $\beta_{I}$: 0.627201 +/- 0.266502
	 $\beta_{E}$: 0.328445 +/- 0.026684
	 $N$: 56135405.932342 +/- 15775834.069780
	 $\mu$: 0.025343 +/- 0.004741
	 $\gamma$: 0.972533 +/- 0.215217
	 $t_{c}$: 29.661327 +/- 5.119111
	 RF_{0}: 0.652432 +/- 0.266789
	 $E_{0}$: 0.274123 +/- 0.462609

Posterior distribution on file posterior_'param'.png

RMSD: 0.014701
Weighted RMSD: 0.014701
RMSD for validation data: 0.705896
RMSD for total data: 1.488970
AIC: 16.029403
AIC for validation data: 17.411792
AIC for total data: 18.977940

#####################################################################

Total time on ABC: 0.854 s
Number of trials: 26766

Fit on file model_fit.png