2021-11-14_19-26-42

Data Source: Número de casos confirmados de COVID-19 no Brasil (on GitHub)
https://raw.githubusercontent.com/wcota/covid19br/master/cases-brazil-cities-time.csv

Rejection ABC fitting of epidemic curves

Model: SEIRD
Parameters: $\beta_{I}$, $\beta_{E}$, $N$, $\mu$, $\gamma$, $t_{c}$, RF_{0}, $E_{0}$
#####################################################################

Number of Samples: 48
Number of Posteriors: 3
RMSD Weights: [1,1]
Training window size: 50
Validation window size: 10

#####################################################################

Posterior No. 1
Execution Time: 0.113 s
Tolerance: eps = 0.137786

Priors' Ranges:

	 $\beta_{I}$: 0.000000 <-> 1.000000
	 $\beta_{E}$: 0.000000 <-> 1.000000
	 $N$: 67886.004000 <-> 13577200.800000
	 $\mu$: 0.000000 <-> 1.000000
	 $\gamma$: 0.000000 <-> 1.000000
	 $t_{c}$: 0.000000 <-> 30.000000
	 RF_{0}: 0.000000 <-> 1.000000
	 $E_{0}$: 0.000000 <-> 2.000000

Estimated parameters (av +/- std):

	 $\beta_{I}$: 0.028680 +/- 0.170412
	 $\beta_{E}$: 0.062730 +/- 0.015018
	 $N$: 4489751.773787 +/- 3792869.874559
	 $\mu$: 0.107639 +/- 0.024861
	 $\gamma$: 0.781154 +/- 0.155503
	 $t_{c}$: 9.746195 +/- 5.336198
	 RF_{0}: 0.985095 +/- 0.014000
	 $E_{0}$: 0.106181 +/- 0.058809

Posterior distribution on file posterior_'param'.png

RMSD: 0.022791
Weighted RMSD: 0.022791
RMSD for validation data: 0.752931
RMSD for total data: 0.498565
AIC: 16.045582
AIC for validation data: 17.505862
AIC for total data: 16.997130

#####################################################################

Total time on ABC: 0.113 s
Number of trials: 5964

Fit on file model_fit.png