2021-11-14_19-37-26

Data Source: Número de casos confirmados de COVID-19 no Brasil (on GitHub)
https://raw.githubusercontent.com/wcota/covid19br/master/cases-brazil-cities-time.csv

Rejection ABC fitting of epidemic curves

Model: SEIRD
Parameters: $\beta_{I}$, $\beta_{E}$, $N$, $\mu$, $\gamma$, $t_{c}$, RF_{0}, $E_{0}$
#####################################################################

Number of Samples: 960
Number of Posteriors: 3
RMSD Weights: [1,1]
Training window size: 50
Validation window size: 10

#####################################################################

Posterior No. 3
Execution Time: 2.789 s
Tolerance: eps = 0.033278

Priors' Ranges:

	 $\beta_{I}$: 0.001842 <-> 0.998147
	 $\beta_{E}$: 0.113193 <-> 0.359775
	 $N$: 142060.967454 <-> 299148.429875
	 $\mu$: 0.010993 <-> 0.153844
	 $\gamma$: 0.002809 <-> 0.924255
	 $t_{c}$: 3.029331 <-> 29.920052
	 RF_{0}: 0.000411 <-> 0.999091
	 $E_{0}$: 0.003101 <-> 1.999855

Estimated parameters (av +/- std):

	 $\beta_{I}$: 0.518134 +/- 0.265714
	 $\beta_{E}$: 0.251149 +/- 0.037627
	 $N$: 208442.259551 +/- 28531.160355
	 $\mu$: 0.019013 +/- 0.029612
	 $\gamma$: 0.060795 +/- 0.186945
	 $t_{c}$: 23.470160 +/- 6.083740
	 RF_{0}: 0.615633 +/- 0.256627
	 $E_{0}$: 1.471573 +/- 0.496953

Posterior distribution on file posterior_'param'.png

RMSD: 0.016988
Weighted RMSD: 0.016988
RMSD for validation data: 0.416445
RMSD for total data: 0.355167
AIC: 16.033976
AIC for validation data: 16.832890
AIC for total data: 16.710333

#####################################################################

Total time on ABC: 6.126 s
Number of trials: 137142

Fit on file model_fit.png