2021-11-14_07-39-52

Data Source: Número de casos confirmados de COVID-19 no Brasil (on GitHub)
https://raw.githubusercontent.com/wcota/covid19br/master/cases-brazil-cities-time.csv

Rejection ABC fitting of epidemic curves

Model: SEIRD
Parameters: $\beta_{I}$, $\beta_{E}$, $N$, $\mu$, $\gamma$, $t_{c}$, RF_{0}, $E_{0}$
#####################################################################

Number of Samples: 960
Number of Posteriors: 3
RMSD Weights: [1,1]
Training window size: 45
Validation window size: 10

#####################################################################

Posterior No. 2
Execution Time: 0.164 s
Tolerance: eps = 127.848302

Priors' Ranges:

	 $\beta_{I}$: 0.003659 <-> 0.998179
	 $\beta_{E}$: 0.001069 <-> 0.994274
	 $N$: 1468055.498394 <-> 275683342.188932
	 $\mu$: 0.000172 <-> 0.985707
	 $\gamma$: 0.003523 <-> 0.999375
	 $t_{c}$: 0.088270 <-> 29.968576
	 RF_{0}: 0.002132 <-> 0.999984
	 $E_{0}$: 0.000110 <-> 1.995592

Estimated parameters (av +/- std):

	 $\beta_{I}$: 0.172108 +/- 0.272174
	 $\beta_{E}$: 0.850480 +/- 0.286970
	 $N$: 6413197.399683 +/- 57686888.283834
	 $\mu$: 0.018685 +/- 0.200627
	 $\gamma$: 0.991346 +/- 0.223528
	 $t_{c}$: 25.240874 +/- 8.323012
	 RF_{0}: 0.962504 +/- 0.257834
	 $E_{0}$: 1.640745 +/- 0.565868

Posterior distribution on file posterior_'param'.png

RMSD: 0.862987
Weighted RMSD: 0.862987
RMSD for validation data: 1.006091
RMSD for total data: 0.320237
AIC: 17.725974
AIC for validation data: 18.012181
AIC for total data: 16.640474

#####################################################################

Total time on ABC: 0.398 s
Number of trials: 19130

Fit on file model_fit.png