2021-11-14_04-03-32

Data Source: Número de casos confirmados de COVID-19 no Brasil (on GitHub)
https://raw.githubusercontent.com/wcota/covid19br/master/cases-brazil-cities-time.csv

Rejection ABC fitting of epidemic curves

Model: SEIRD
Parameters: $\beta_{I}$, $\beta_{E}$, $N$, $\mu$, $\gamma$, $t_{c}$, RF_{0}, $E_{0}$
#####################################################################

Number of Samples: 48
Number of Posteriors: 3
RMSD Weights: [1,1]
Training window size: 50
Validation window size: 10

#####################################################################

Posterior No. 1
Execution Time: 7.392 s
Tolerance: eps = 0.052248

Priors' Ranges:

	 $\beta_{I}$: 0.000000 <-> 1.000000
	 $\beta_{E}$: 0.000000 <-> 1.000000
	 $N$: 126476.458000 <-> 25295291.600000
	 $\mu$: 0.000000 <-> 1.000000
	 $\gamma$: 0.000000 <-> 1.000000
	 $t_{c}$: 0.000000 <-> 30.000000
	 RF_{0}: 0.000000 <-> 1.000000
	 $E_{0}$: 0.000000 <-> 2.000000

Estimated parameters (av +/- std):

	 $\beta_{I}$: 0.026541 +/- 0.046383
	 $\beta_{E}$: 0.003760 +/- 0.022708
	 $N$: 21666450.445544 +/- 7121483.159956
	 $\mu$: 0.010349 +/- 0.008244
	 $\gamma$: 0.103344 +/- 0.091111
	 $t_{c}$: 9.643057 +/- 3.466500
	 RF_{0}: 0.945905 +/- 0.036037
	 $E_{0}$: 0.622658 +/- 0.150236

Posterior distribution on file posterior_'param'.png

RMSD: 0.020529
Weighted RMSD: 0.020529
RMSD for validation data: 0.399192
RMSD for total data: 0.399262
AIC: 16.041059
AIC for validation data: 16.798385
AIC for total data: 16.798525

#####################################################################

Total time on ABC: 7.392 s
Number of trials: 448796

Fit on file model_fit.png