2021-11-14_05-08-12

Data Source: Número de casos confirmados de COVID-19 no Brasil (on GitHub)
https://raw.githubusercontent.com/wcota/covid19br/master/cases-brazil-cities-time.csv

Rejection ABC fitting of epidemic curves

Model: SEIRD
Parameters: $\beta_{I}$, $\beta_{E}$, $N$, $\mu$, $\gamma$, $t_{c}$, RF_{0}, $E_{0}$
#####################################################################

Number of Samples: 48
Number of Posteriors: 3
RMSD Weights: [1,1]
Training window size: 20
Validation window size: 10

#####################################################################

Posterior No. 1
Execution Time: 0.112 s
Tolerance: eps = 218.793232

Priors' Ranges:

	 $\beta_{I}$: 0.000000 <-> 1.000000
	 $\beta_{E}$: 0.000000 <-> 1.000000
	 $N$: 126476.458000 <-> 25295291.600000
	 $\mu$: 0.000000 <-> 1.000000
	 $\gamma$: 0.000000 <-> 1.000000
	 $t_{c}$: 0.000000 <-> 30.000000
	 RF_{0}: 0.000000 <-> 1.000000
	 $E_{0}$: 0.000000 <-> 2.000000

Estimated parameters (av +/- std):

	 $\beta_{I}$: 0.151025 +/- 0.290103
	 $\beta_{E}$: 0.004417 +/- 0.208429
	 $N$: 15059419.078683 +/- 7709147.322067
	 $\mu$: 0.009049 +/- 0.288770
	 $\gamma$: 0.797371 +/- 0.261386
	 $t_{c}$: 19.900914 +/- 8.535594
	 RF_{0}: 0.948048 +/- 0.281916
	 $E_{0}$: 0.063614 +/- 0.550373

Posterior distribution on file posterior_'param'.png

RMSD: 0.272763
Weighted RMSD: 0.272763
RMSD for validation data: 1.041941
RMSD for total data: 0.399269
AIC: 16.545527
AIC for validation data: 18.083882
AIC for total data: 16.798538

#####################################################################

Total time on ABC: 0.112 s
Number of trials: 9214

Fit on file model_fit.png