2021-12-01_00-51-50

Data Source: Número de casos confirmados de COVID-19 no Brasil (on GitHub)
https://raw.githubusercontent.com/wcota/covid19br/master/cases-brazil-cities-time.csv

Rejection ABC fitting of epidemic curves

Model: SEIRD
Parameters: $\beta_{I}$, $\beta_{E}$, $N$, $\mu$, $\gamma$, $t_{c}$, RF_{0}, $E_{0}$
#####################################################################

Number of Samples: 99984
Number of Posteriors: 3
RMSD Weights: [1,1]
Training window size: 15
Validation window size: 10

#####################################################################

Posterior No. 2
Execution Time: 85.267 s
Tolerance: eps = 17.692480

Priors' Ranges:

	 $\beta_{I}$: 0.000008 <-> 0.999968
	 $\beta_{E}$: 0.000004 <-> 0.999974
	 $N$: 212675.293576 <-> 42508142.685527
	 $\mu$: 0.000000 <-> 0.999754
	 $\gamma$: 0.000092 <-> 0.999998
	 $t_{c}$: 0.038346 <-> 29.999893
	 RF_{0}: 0.000052 <-> 0.999997
	 $E_{0}$: 0.000014 <-> 1.999954

Estimated parameters (av +/- std):

	 $\beta_{I}$: 0.933939 +/- 0.268584
	 $\beta_{E}$: 0.048535 +/- 0.273286
	 $N$: 22683813.777575 +/- 10104294.536552
	 $\mu$: 0.019585 +/- 0.176202
	 $\gamma$: 0.917730 +/- 0.228253
	 $t_{c}$: 19.020296 +/- 7.466230
	 RF_{0}: 0.974544 +/- 0.240274
	 $E_{0}$: 0.085518 +/- 0.542402

Posterior distribution on file posterior_'param'.png

RMSD: 0.073790
Weighted RMSD: 0.073790
RMSD for validation data: 0.289805
RMSD for total data: 0.370003
AIC: 16.147580
AIC for validation data: 16.579610
AIC for total data: 16.740007

#####################################################################

Total time on ABC: 92.762 s
Number of trials: 1399898

Fit on file model_fit.png