2022-03-08_16-35-49

Data Source: Número de casos confirmados de COVID-19 no Brasil (on GitHub)
https://raw.githubusercontent.com/wcota/covid19br/master/cases-brazil-cities-time.csv

Rejection ABC fitting of epidemic curves

Model: SEIRD
Parameters: $\beta_{I}$, $\beta_{E}$, $N$, $\mu$, $\gamma$, $t_{c}$, RF_{0}, $E_{0}$
#####################################################################

Number of Samples: 960
Number of Posteriors: 3
RMSD Weights: [1,1]
Training window size: 40
Validation window size: 10

#####################################################################

Posterior No. 2
Execution Time: 9.936 s
Tolerance: eps = 0.020767

Priors' Ranges:

	 $\beta_{I}$: 0.000479 <-> 0.992443
	 $\beta_{E}$: 0.000216 <-> 0.181446
	 $N$: 10641731.014024 <-> 106088936.190751
	 $\mu$: 0.003374 <-> 0.016764
	 $\gamma$: 0.187927 <-> 0.999608
	 $t_{c}$: 5.784225 <-> 29.997185
	 RF_{0}: 0.979590 <-> 0.999986
	 $E_{0}$: 0.034169 <-> 0.199278

Estimated parameters (av +/- std):

	 $\beta_{I}$: 0.608296 +/- 0.261207
	 $\beta_{E}$: 0.068117 +/- 0.022992
	 $N$: 17134189.779507 +/- 25546641.774384
	 $\mu$: 0.011774 +/- 0.002588
	 $\gamma$: 0.723747 +/- 0.166991
	 $t_{c}$: 16.254173 +/- 5.430601
	 RF_{0}: 0.998447 +/- 0.003818
	 $E_{0}$: 0.103079 +/- 0.034268

Posterior distribution on file posterior_'param'.png

RMSD: 0.014180
Weighted RMSD: 0.014180
RMSD for validation data: 0.154997
RMSD for total data: 0.280893
AIC: 16.028360
AIC for validation data: 16.309995
AIC for total data: 16.561787

#####################################################################

Total time on ABC: 13.871 s
Number of trials: 592589

Fit on file model_fit.png