2021-11-14_21-02-25

Data Source: Número de casos confirmados de COVID-19 no Brasil (on GitHub)
https://raw.githubusercontent.com/wcota/covid19br/master/cases-brazil-cities-time.csv

Rejection ABC fitting of epidemic curves

Model: SEIRD
Parameters: $\beta_{I}$, $\beta_{E}$, $N$, $\mu$, $\gamma$, $t_{c}$, RF_{0}, $E_{0}$
#####################################################################

Number of Samples: 960
Number of Posteriors: 3
RMSD Weights: [1,1]
Training window size: 40
Validation window size: 10

#####################################################################

Posterior No. 3
Execution Time: 0.349 s
Tolerance: eps = 0.044107

Priors' Ranges:

	 $\beta_{I}$: 0.007776 <-> 0.939467
	 $\beta_{E}$: 0.000237 <-> 0.075029
	 $N$: 3386163.801962 <-> 66154729.533674
	 $\mu$: 0.016341 <-> 0.059283
	 $\gamma$: 0.396799 <-> 0.999536
	 $t_{c}$: 8.545831 <-> 29.977689
	 RF_{0}: 0.703555 <-> 0.999851
	 $E_{0}$: 0.051596 <-> 0.787790

Estimated parameters (av +/- std):

	 $\beta_{I}$: 0.402983 +/- 0.142151
	 $\beta_{E}$: 0.027439 +/- 0.010076
	 $N$: 51909258.846747 +/- 15158197.318272
	 $\mu$: 0.042029 +/- 0.006860
	 $\gamma$: 0.846691 +/- 0.123854
	 $t_{c}$: 17.754873 +/- 4.035173
	 RF_{0}: 0.923061 +/- 0.045090
	 $E_{0}$: 0.342528 +/- 0.087923

Posterior distribution on file posterior_'param'.png

RMSD: 0.017063
Weighted RMSD: 0.017063
RMSD for validation data: 0.406768
RMSD for total data: 0.486715
AIC: 16.034126
AIC for validation data: 16.813537
AIC for total data: 16.973429

#####################################################################

Total time on ABC: 1.465 s
Number of trials: 19756

Fit on file model_fit.png