2021-11-14_07-42-31

Data Source: Número de casos confirmados de COVID-19 no Brasil (on GitHub)
https://raw.githubusercontent.com/wcota/covid19br/master/cases-brazil-cities-time.csv

Rejection ABC fitting of epidemic curves

Model: SEIRD
Parameters: $\beta_{I}$, $\beta_{E}$, $N$, $\mu$, $\gamma$, $t_{c}$, RF_{0}, $E_{0}$
#####################################################################

Number of Samples: 960
Number of Posteriors: 3
RMSD Weights: [1,1]
Training window size: 40
Validation window size: 10

#####################################################################

Posterior No. 3
Execution Time: 0.179 s
Tolerance: eps = 7.682947

Priors' Ranges:

	 $\beta_{I}$: 0.002603 <-> 0.991439
	 $\beta_{E}$: 0.000030 <-> 0.992195
	 $N$: 1408582.245206 <-> 275197886.484260
	 $\mu$: 0.000084 <-> 0.991103
	 $\gamma$: 0.012730 <-> 0.999012
	 $t_{c}$: 0.041099 <-> 29.862186
	 RF_{0}: 0.001959 <-> 0.999882
	 $E_{0}$: 0.000090 <-> 1.981428

Estimated parameters (av +/- std):

	 $\beta_{I}$: 0.122333 +/- 0.258602
	 $\beta_{E}$: 0.132296 +/- 0.212516
	 $N$: 13799276.788186 +/- 82272264.617138
	 $\mu$: 0.018140 +/- 0.250555
	 $\gamma$: 0.902236 +/- 0.204487
	 $t_{c}$: 25.237691 +/- 8.928854
	 RF_{0}: 0.803557 +/- 0.256484
	 $E_{0}$: 0.113817 +/- 0.496385

Posterior distribution on file posterior_'param'.png

RMSD: 0.169640
Weighted RMSD: 0.169640
RMSD for validation data: 1.217673
RMSD for total data: 0.301026
AIC: 16.339281
AIC for validation data: 18.435345
AIC for total data: 16.602051

#####################################################################

Total time on ABC: 0.593 s
Number of trials: 23197

Fit on file model_fit.png