2021-11-14_20-32-41

Data Source: Número de casos confirmados de COVID-19 no Brasil (on GitHub)
https://raw.githubusercontent.com/wcota/covid19br/master/cases-brazil-cities-time.csv

Rejection ABC fitting of epidemic curves

Model: SEIRD
Parameters: $\beta_{I}$, $\beta_{E}$, $N$, $\mu$, $\gamma$, $t_{c}$, RF_{0}, $E_{0}$
#####################################################################

Number of Samples: 960
Number of Posteriors: 3
RMSD Weights: [1,1]
Training window size: 10
Validation window size: 10

#####################################################################

Posterior No. 3
Execution Time: 0.091 s
Tolerance: eps = 74.307305

Priors' Ranges:

	 $\beta_{I}$: 0.004771 <-> 0.997324
	 $\beta_{E}$: 0.000431 <-> 0.994453
	 $N$: 76325.328142 <-> 13474307.732316
	 $\mu$: 0.000064 <-> 0.852897
	 $\gamma$: 0.029883 <-> 0.999887
	 $t_{c}$: 0.035831 <-> 29.985746
	 RF_{0}: 0.021928 <-> 0.999949
	 $E_{0}$: 0.001421 <-> 1.995786

Estimated parameters (av +/- std):

	 $\beta_{I}$: 0.332948 +/- 0.266918
	 $\beta_{E}$: 0.899409 +/- 0.272186
	 $N$: 2705930.174140 +/- 3405892.421942
	 $\mu$: 0.000523 +/- 0.119977
	 $\gamma$: 0.860070 +/- 0.227412
	 $t_{c}$: 27.792926 +/- 7.406144
	 RF_{0}: 0.789709 +/- 0.203650
	 $E_{0}$: 0.212075 +/- 0.544633

Posterior distribution on file posterior_'param'.png

RMSD: 0.303166
Weighted RMSD: 0.303166
RMSD for validation data: 0.947430
RMSD for total data: 0.463148
AIC: 16.606332
AIC for validation data: 17.894861
AIC for total data: 16.926295

#####################################################################

Total time on ABC: 0.224 s
Number of trials: 13363

Fit on file model_fit.png