2021-11-14_19-26-42

Data Source: Número de casos confirmados de COVID-19 no Brasil (on GitHub)
https://raw.githubusercontent.com/wcota/covid19br/master/cases-brazil-cities-time.csv

Rejection ABC fitting of epidemic curves

Model: SEIRD
Parameters: $\beta_{I}$, $\beta_{E}$, $N$, $\mu$, $\gamma$, $t_{c}$, RF_{0}, $E_{0}$
#####################################################################

Number of Samples: 960
Number of Posteriors: 3
RMSD Weights: [1,1]
Training window size: 35
Validation window size: 10

#####################################################################

Posterior No. 3
Execution Time: 0.287 s
Tolerance: eps = 0.076585

Priors' Ranges:

	 $\beta_{I}$: 0.010721 <-> 0.999383
	 $\beta_{E}$: 0.000424 <-> 0.357492
	 $N$: 1409315.636800 <-> 13572634.683389
	 $\mu$: 0.001159 <-> 0.009295
	 $\gamma$: 0.092578 <-> 0.998874
	 $t_{c}$: 1.796984 <-> 29.989574
	 RF_{0}: 0.637785 <-> 0.999795
	 $E_{0}$: 0.005616 <-> 0.728431

Estimated parameters (av +/- std):

	 $\beta_{I}$: 0.161663 +/- 0.267533
	 $\beta_{E}$: 0.093155 +/- 0.054951
	 $N$: 4297929.131286 +/- 3062788.731545
	 $\mu$: 0.003245 +/- 0.001447
	 $\gamma$: 0.387241 +/- 0.188334
	 $t_{c}$: 26.291604 +/- 6.482489
	 RF_{0}: 0.970561 +/- 0.067916
	 $E_{0}$: 0.590503 +/- 0.156379

Posterior distribution on file posterior_'param'.png

RMSD: 0.036451
Weighted RMSD: 0.036451
RMSD for validation data: 0.427633
RMSD for total data: 0.299935
AIC: 16.072902
AIC for validation data: 16.855266
AIC for total data: 16.599869

#####################################################################

Total time on ABC: 0.779 s
Number of trials: 18318

Fit on file model_fit.png