2021-12-01_00-51-50

Data Source: Número de casos confirmados de COVID-19 no Brasil (on GitHub)
https://raw.githubusercontent.com/wcota/covid19br/master/cases-brazil-cities-time.csv

Rejection ABC fitting of epidemic curves

Model: SEIRD
Parameters: $\beta_{I}$, $\beta_{E}$, $N$, $\mu$, $\gamma$, $t_{c}$, RF_{0}, $E_{0}$
#####################################################################

Number of Samples: 99984
Number of Posteriors: 3
RMSD Weights: [1,1]
Training window size: 25
Validation window size: 10

#####################################################################

Posterior No. 3
Execution Time: 76.761 s
Tolerance: eps = 0.237560

Priors' Ranges:

	 $\beta_{I}$: 0.000022 <-> 0.999999
	 $\beta_{E}$: 0.000470 <-> 0.986516
	 $N$: 214529.480009 <-> 42510032.855147
	 $\mu$: 0.000055 <-> 0.999985
	 $\gamma$: 0.000035 <-> 0.999987
	 $t_{c}$: 0.049535 <-> 29.999719
	 RF_{0}: 0.000026 <-> 0.999990
	 $E_{0}$: 0.000001 <-> 1.999895

Estimated parameters (av +/- std):

	 $\beta_{I}$: 0.943436 +/- 0.266083
	 $\beta_{E}$: 0.252280 +/- 0.058817
	 $N$: 4942897.134603 +/- 11348138.303006
	 $\mu$: 0.035991 +/- 0.259493
	 $\gamma$: 0.839909 +/- 0.253380
	 $t_{c}$: 1.167712 +/- 7.160376
	 RF_{0}: 0.597706 +/- 0.265361
	 $E_{0}$: 1.180228 +/- 0.517635

Posterior distribution on file posterior_'param'.png

RMSD: 0.046513
Weighted RMSD: 0.046513
RMSD for validation data: 0.812845
RMSD for total data: 0.295838
AIC: 16.093026
AIC for validation data: 17.625689
AIC for total data: 16.591676

#####################################################################

Total time on ABC: 161.361 s
Number of trials: 1000411

Fit on file model_fit.png