2021-11-14_07-42-31

Data Source: Número de casos confirmados de COVID-19 no Brasil (on GitHub)
https://raw.githubusercontent.com/wcota/covid19br/master/cases-brazil-cities-time.csv

Rejection ABC fitting of epidemic curves

Model: SEIRD
Parameters: $\beta_{I}$, $\beta_{E}$, $N$, $\mu$, $\gamma$, $t_{c}$, RF_{0}, $E_{0}$
#####################################################################

Number of Samples: 960
Number of Posteriors: 3
RMSD Weights: [1,1]
Training window size: 50
Validation window size: 10

#####################################################################

Posterior No. 3
Execution Time: 0.236 s
Tolerance: eps = 19.634698

Priors' Ranges:

	 $\beta_{I}$: 0.003287 <-> 0.997840
	 $\beta_{E}$: 0.000269 <-> 0.998577
	 $N$: 1480131.632705 <-> 274917885.593437
	 $\mu$: 0.000233 <-> 0.982155
	 $\gamma$: 0.037241 <-> 0.999259
	 $t_{c}$: 0.051675 <-> 29.959154
	 RF_{0}: 0.006581 <-> 0.999994
	 $E_{0}$: 0.001923 <-> 1.983600

Estimated parameters (av +/- std):

	 $\beta_{I}$: 0.966303 +/- 0.273997
	 $\beta_{E}$: 0.482254 +/- 0.294208
	 $N$: 2470889.466534 +/- 59250802.392599
	 $\mu$: 0.065677 +/- 0.191042
	 $\gamma$: 0.678817 +/- 0.201488
	 $t_{c}$: 18.359793 +/- 8.413120
	 RF_{0}: 0.969186 +/- 0.260098
	 $E_{0}$: 0.105619 +/- 0.551251

Posterior distribution on file posterior_'param'.png

RMSD: 0.450290
Weighted RMSD: 0.450290
RMSD for validation data: 5.417068
RMSD for total data: 0.535347
AIC: 16.900581
AIC for validation data: 26.834136
AIC for total data: 17.070693

#####################################################################

Total time on ABC: 0.677 s
Number of trials: 23604

Fit on file model_fit.png