2021-11-14_07-39-52

Data Source: Número de casos confirmados de COVID-19 no Brasil (on GitHub)
https://raw.githubusercontent.com/wcota/covid19br/master/cases-brazil-cities-time.csv

Rejection ABC fitting of epidemic curves

Model: SEIRD
Parameters: $\beta_{I}$, $\beta_{E}$, $N$, $\mu$, $\gamma$, $t_{c}$, RF_{0}, $E_{0}$
#####################################################################

Number of Samples: 960
Number of Posteriors: 3
RMSD Weights: [1,1]
Training window size: 45
Validation window size: 10

#####################################################################

Posterior No. 2
Execution Time: 0.108 s
Tolerance: eps = 2.531098

Priors' Ranges:

	 $\beta_{I}$: 0.001162 <-> 0.993092
	 $\beta_{E}$: 0.000010 <-> 0.989055
	 $N$: 2016295.343288 <-> 275679862.422233
	 $\mu$: 0.000480 <-> 0.999780
	 $\gamma$: 0.044218 <-> 0.997299
	 $t_{c}$: 0.081741 <-> 29.955439
	 RF_{0}: 0.000836 <-> 0.996847
	 $E_{0}$: 0.000742 <-> 1.995525

Estimated parameters (av +/- std):

	 $\beta_{I}$: 0.590429 +/- 0.240194
	 $\beta_{E}$: 0.043254 +/- 0.095220
	 $N$: 91353326.707324 +/- 74420563.740389
	 $\mu$: 0.021772 +/- 0.273420
	 $\gamma$: 0.699964 +/- 0.213216
	 $t_{c}$: 15.065922 +/- 8.612390
	 RF_{0}: 0.200847 +/- 0.268152
	 $E_{0}$: 0.290060 +/- 0.467723

Posterior distribution on file posterior_'param'.png

RMSD: 0.077283
Weighted RMSD: 0.077283
RMSD for validation data: 0.205545
RMSD for total data: 0.496023
AIC: 16.154567
AIC for validation data: 16.411090
AIC for total data: 16.992047

#####################################################################

Total time on ABC: 0.355 s
Number of trials: 10821

Fit on file model_fit.png