2021-12-01_05-20-35

Data Source: Número de casos confirmados de COVID-19 no Brasil (on GitHub)
https://raw.githubusercontent.com/wcota/covid19br/master/cases-brazil-cities-time.csv

Rejection ABC fitting of epidemic curves

Model: SEIRD
Parameters: $\beta_{I}$, $\beta_{E}$, $N$, $\mu$, $\gamma$, $t_{c}$, RF_{0}, $E_{0}$
#####################################################################

Number of Samples: 99984
Number of Posteriors: 3
RMSD Weights: [1,1]
Training window size: 20
Validation window size: 10

#####################################################################

Posterior No. 2
Execution Time: 85.115 s
Tolerance: eps = 12.489264

Priors' Ranges:

	 $\beta_{I}$: 0.000007 <-> 0.999999
	 $\beta_{E}$: 0.000001 <-> 0.999997
	 $N$: 212714.685622 <-> 42510222.031435
	 $\mu$: 0.000001 <-> 0.999714
	 $\gamma$: 0.000046 <-> 0.999998
	 $t_{c}$: 0.036508 <-> 29.999424
	 RF_{0}: 0.000019 <-> 0.999985
	 $E_{0}$: 0.000004 <-> 1.999925

Estimated parameters (av +/- std):

	 $\beta_{I}$: 0.175673 +/- 0.268938
	 $\beta_{E}$: 0.115157 +/- 0.277064
	 $N$: 7110933.518705 +/- 9084098.769259
	 $\mu$: 0.003776 +/- 0.187220
	 $\gamma$: 0.112945 +/- 0.225255
	 $t_{c}$: 25.226315 +/- 7.624855
	 RF_{0}: 0.943257 +/- 0.243109
	 $E_{0}$: 0.183879 +/- 0.546440

Posterior distribution on file posterior_'param'.png

RMSD: 0.082639
Weighted RMSD: 0.082639
RMSD for validation data: 0.611576
RMSD for total data: 0.142513
AIC: 16.165278
AIC for validation data: 17.223152
AIC for total data: 16.285027

#####################################################################

Total time on ABC: 94.416 s
Number of trials: 1390826

Fit on file model_fit.png