2021-11-14_19-37-26

Data Source: Número de casos confirmados de COVID-19 no Brasil (on GitHub)
https://raw.githubusercontent.com/wcota/covid19br/master/cases-brazil-cities-time.csv

Rejection ABC fitting of epidemic curves

Model: SEIRD
Parameters: $\beta_{I}$, $\beta_{E}$, $N$, $\mu$, $\gamma$, $t_{c}$, RF_{0}, $E_{0}$
#####################################################################

Number of Samples: 960
Number of Posteriors: 3
RMSD Weights: [1,1]
Training window size: 50
Validation window size: 10

#####################################################################

Posterior No. 2
Execution Time: 7.486 s
Tolerance: eps = 0.027019

Priors' Ranges:

	 $\beta_{I}$: 0.000656 <-> 0.997916
	 $\beta_{E}$: 0.000662 <-> 0.319374
	 $N$: 1709416.238063 <-> 9261191.853648
	 $\mu$: 0.000523 <-> 0.003619
	 $\gamma$: 0.005793 <-> 0.217493
	 $t_{c}$: 7.172801 <-> 29.997374
	 RF_{0}: 0.620855 <-> 0.999877
	 $E_{0}$: 0.072978 <-> 1.281334

Estimated parameters (av +/- std):

	 $\beta_{I}$: 0.506351 +/- 0.244467
	 $\beta_{E}$: 0.051824 +/- 0.064844
	 $N$: 1959942.199146 +/- 937466.114593
	 $\mu$: 0.000981 +/- 0.000555
	 $\gamma$: 0.034856 +/- 0.036680
	 $t_{c}$: 23.619202 +/- 4.683397
	 RF_{0}: 0.857431 +/- 0.072452
	 $E_{0}$: 0.587186 +/- 0.188878

Posterior distribution on file posterior_'param'.png

RMSD: 0.010785
Weighted RMSD: 0.010785
RMSD for validation data: 0.233116
RMSD for total data: 0.280767
AIC: 16.021570
AIC for validation data: 16.466232
AIC for total data: 16.561534

#####################################################################

Total time on ABC: 10.287 s
Number of trials: 371584

Fit on file model_fit.png