2021-11-29_21-52-43

Data Source: Número de casos confirmados de COVID-19 no Brasil (on GitHub)
https://raw.githubusercontent.com/wcota/covid19br/master/cases-brazil-cities-time.csv

Rejection ABC fitting of epidemic curves

Model: SEIRD
Parameters: $\beta_{I}$, $\beta_{E}$, $N$, $\mu$, $\gamma$, $t_{c}$, RF_{0}, $E_{0}$
#####################################################################

Number of Samples: 48
Number of Posteriors: 3
RMSD Weights: [1,1]
Training window size: 35
Validation window size: 10

#####################################################################

Posterior No. 1
Execution Time: 1.840 s
Tolerance: eps = 2.090515

Priors' Ranges:

	 $\beta_{I}$: 0.000000 <-> 1.000000
	 $\beta_{E}$: 0.000000 <-> 1.000000
	 $N$: 212559.409000 <-> 42511881.800000
	 $\mu$: 0.000000 <-> 1.000000
	 $\gamma$: 0.000000 <-> 1.000000
	 $t_{c}$: 0.000000 <-> 30.000000
	 RF_{0}: 0.000000 <-> 1.000000
	 $E_{0}$: 0.000000 <-> 2.000000

Estimated parameters (av +/- std):

	 $\beta_{I}$: 0.139797 +/- 0.281001
	 $\beta_{E}$: 0.075560 +/- 0.220489
	 $N$: 36394595.667409 +/- 13392082.088450
	 $\mu$: 0.030845 +/- 0.296318
	 $\gamma$: 0.619393 +/- 0.252661
	 $t_{c}$: 20.012611 +/- 9.515050
	 RF_{0}: 0.605579 +/- 0.284550
	 $E_{0}$: 1.556711 +/- 0.559383

Posterior distribution on file posterior_'param'.png

RMSD: 0.033558
Weighted RMSD: 0.033558
RMSD for validation data: 0.243136
RMSD for total data: 0.383181
AIC: 16.067116
AIC for validation data: 16.486272
AIC for total data: 16.766362

#####################################################################

Total time on ABC: 1.840 s
Number of trials: 102531

Fit on file model_fit.png