2021-11-14_07-46-07

Data Source: Número de casos confirmados de COVID-19 no Brasil (on GitHub)
https://raw.githubusercontent.com/wcota/covid19br/master/cases-brazil-cities-time.csv

Rejection ABC fitting of epidemic curves

Model: SEIRD
Parameters: $\beta_{I}$, $\beta_{E}$, $N$, $\mu$, $\gamma$, $t_{c}$, RF_{0}, $E_{0}$
#####################################################################

Number of Samples: 48
Number of Posteriors: 3
RMSD Weights: [1,1]
Training window size: 35
Validation window size: 10

#####################################################################

Posterior No. 1
Execution Time: 1.083 s
Tolerance: eps = 0.045923

Priors' Ranges:

	 $\beta_{I}$: 0.000000 <-> 1.000000
	 $\beta_{E}$: 0.000000 <-> 1.000000
	 $N$: 212559.409000 <-> 42511881.800000
	 $\mu$: 0.000000 <-> 1.000000
	 $\gamma$: 0.000000 <-> 1.000000
	 $t_{c}$: 0.000000 <-> 30.000000
	 RF_{0}: 0.000000 <-> 1.000000
	 $E_{0}$: 0.000000 <-> 2.000000

Estimated parameters (av +/- std):

	 $\beta_{I}$: 0.113739 +/- 0.260898
	 $\beta_{E}$: 0.038820 +/- 0.036526
	 $N$: 30219318.720642 +/- 11818712.812650
	 $\mu$: 0.011162 +/- 0.006391
	 $\gamma$: 0.348952 +/- 0.208804
	 $t_{c}$: 21.512237 +/- 5.356183
	 RF_{0}: 0.877434 +/- 0.103897
	 $E_{0}$: 0.915178 +/- 0.268523

Posterior distribution on file posterior_'param'.png

RMSD: 0.016053
Weighted RMSD: 0.016053
RMSD for validation data: 0.079450
RMSD for total data: 0.449496
AIC: 16.032107
AIC for validation data: 16.158899
AIC for total data: 16.898993

#####################################################################

Total time on ABC: 1.083 s
Number of trials: 82147

Fit on file model_fit.png