2021-11-14_04-14-21

Data Source: Número de casos confirmados de COVID-19 no Brasil (on GitHub)
https://raw.githubusercontent.com/wcota/covid19br/master/cases-brazil-cities-time.csv

Rejection ABC fitting of epidemic curves

Model: SEIRD
Parameters: $\beta_{I}$, $\beta_{E}$, $N$, $\mu$, $\gamma$, $t_{c}$, RF_{0}, $E_{0}$
#####################################################################

Number of Samples: 960
Number of Posteriors: 3
RMSD Weights: [1,1]
Training window size: 25
Validation window size: 10

#####################################################################

Posterior No. 3
Execution Time: 0.142 s
Tolerance: eps = 0.104068

Priors' Ranges:

	 $\beta_{I}$: 0.000730 <-> 0.968790
	 $\beta_{E}$: 0.000021 <-> 0.094783
	 $N$: 144349.000981 <-> 25243849.075687
	 $\mu$: 0.020542 <-> 0.266486
	 $\gamma$: 0.082067 <-> 0.999689
	 $t_{c}$: 1.477713 <-> 29.976648
	 RF_{0}: 0.892451 <-> 0.999920
	 $E_{0}$: 0.000024 <-> 0.152225

Estimated parameters (av +/- std):

	 $\beta_{I}$: 0.316535 +/- 0.246248
	 $\beta_{E}$: 0.077998 +/- 0.018372
	 $N$: 2308795.446845 +/- 6903354.745554
	 $\mu$: 0.159560 +/- 0.043426
	 $\gamma$: 0.474557 +/- 0.187465
	 $t_{c}$: 3.263450 +/- 7.335624
	 RF_{0}: 0.999425 +/- 0.016615
	 $E_{0}$: 0.026072 +/- 0.032637

Posterior distribution on file posterior_'param'.png

RMSD: 0.023641
Weighted RMSD: 0.023641
RMSD for validation data: 0.647821
RMSD for total data: 0.399267
AIC: 16.047282
AIC for validation data: 17.295642
AIC for total data: 16.798534

#####################################################################

Total time on ABC: 0.540 s
Number of trials: 13333

Fit on file model_fit.png