2021-11-14_19-38-02

Data Source: Número de casos confirmados de COVID-19 no Brasil (on GitHub)
https://raw.githubusercontent.com/wcota/covid19br/master/cases-brazil-cities-time.csv

Rejection ABC fitting of epidemic curves

Model: SEIRD
Parameters: $\beta_{I}$, $\beta_{E}$, $N$, $\mu$, $\gamma$, $t_{c}$, RF_{0}, $E_{0}$
#####################################################################

Number of Samples: 48
Number of Posteriors: 3
RMSD Weights: [1,1]
Training window size: 25
Validation window size: 10

#####################################################################

Posterior No. 1
Execution Time: 0.145 s
Tolerance: eps = 0.137806

Priors' Ranges:

	 $\beta_{I}$: 0.000000 <-> 1.000000
	 $\beta_{E}$: 0.000000 <-> 1.000000
	 $N$: 51269.183000 <-> 10253836.600000
	 $\mu$: 0.000000 <-> 1.000000
	 $\gamma$: 0.000000 <-> 1.000000
	 $t_{c}$: 0.000000 <-> 30.000000
	 RF_{0}: 0.000000 <-> 1.000000
	 $E_{0}$: 0.000000 <-> 2.000000

Estimated parameters (av +/- std):

	 $\beta_{I}$: 0.219789 +/- 0.229402
	 $\beta_{E}$: 0.048885 +/- 0.025062
	 $N$: 917379.396188 +/- 2641531.772353
	 $\mu$: 0.003563 +/- 0.003364
	 $\gamma$: 0.362993 +/- 0.251400
	 $t_{c}$: 22.361121 +/- 6.135371
	 RF_{0}: 0.991883 +/- 0.007411
	 $E_{0}$: 0.071203 +/- 0.015168

Posterior distribution on file posterior_'param'.png

RMSD: 0.053371
Weighted RMSD: 0.053371
RMSD for validation data: 0.842635
RMSD for total data: 0.433979
AIC: 16.106742
AIC for validation data: 17.685270
AIC for total data: 16.867957

#####################################################################

Total time on ABC: 0.145 s
Number of trials: 11958

Fit on file model_fit.png