2021-11-14_19-37-26

Data Source: Número de casos confirmados de COVID-19 no Brasil (on GitHub)
https://raw.githubusercontent.com/wcota/covid19br/master/cases-brazil-cities-time.csv

Rejection ABC fitting of epidemic curves

Model: SEIRD
Parameters: $\beta_{I}$, $\beta_{E}$, $N$, $\mu$, $\gamma$, $t_{c}$, RF_{0}, $E_{0}$
#####################################################################

Number of Samples: 48
Number of Posteriors: 3
RMSD Weights: [1,1]
Training window size: 45
Validation window size: 10

#####################################################################

Posterior No. 1
Execution Time: 7.656 s
Tolerance: eps = 0.024025

Priors' Ranges:

	 $\beta_{I}$: 0.000000 <-> 1.000000
	 $\beta_{E}$: 0.000000 <-> 1.000000
	 $N$: 67886.004000 <-> 13577200.800000
	 $\mu$: 0.000000 <-> 1.000000
	 $\gamma$: 0.000000 <-> 1.000000
	 $t_{c}$: 0.000000 <-> 30.000000
	 RF_{0}: 0.000000 <-> 1.000000
	 $E_{0}$: 0.000000 <-> 2.000000

Estimated parameters (av +/- std):

	 $\beta_{I}$: 0.570502 +/- 0.257071
	 $\beta_{E}$: 0.075691 +/- 0.266925
	 $N$: 4582780.367462 +/- 91255.546101
	 $\mu$: 0.007792 +/- 0.007919
	 $\gamma$: 0.256943 +/- 0.208699
	 $t_{c}$: 23.827077 +/- 4.499166
	 RF_{0}: 0.966675 +/- 0.009060
	 $E_{0}$: 0.086951 +/- 0.018685

Posterior distribution on file posterior_'param'.png

RMSD: 0.017564
Weighted RMSD: 0.017564
RMSD for validation data: 1.736840
RMSD for total data: 0.388982
AIC: 16.035128
AIC for validation data: 19.473681
AIC for total data: 16.777965

#####################################################################

Total time on ABC: 7.656 s
Number of trials: 389951

Fit on file model_fit.png