2022-03-08_16-07-57

Data Source: Número de casos confirmados de COVID-19 no Brasil (on GitHub)
https://raw.githubusercontent.com/wcota/covid19br/master/cases-brazil-cities-time.csv

Rejection ABC fitting of epidemic curves

Model: SEIRD
Parameters: $\beta_{I}$, $\beta_{E}$, $N$, $\mu$, $\gamma$, $t_{c}$, RF_{0}, $E_{0}$
#####################################################################

Number of Samples: 960
Number of Posteriors: 3
RMSD Weights: [1,1]
Training window size: 30
Validation window size: 10

#####################################################################

Posterior No. 3
Execution Time: 1.221 s
Tolerance: eps = 0.022749

Priors' Ranges:

	 $\beta_{I}$: 0.000469 <-> 0.964480
	 $\beta_{E}$: 0.000000 <-> 0.176087
	 $N$: 11791299.040824 <-> 106224917.248863
	 $\mu$: 0.004652 <-> 0.020726
	 $\gamma$: 0.219482 <-> 0.999892
	 $t_{c}$: 6.970345 <-> 29.994890
	 RF_{0}: 0.973591 <-> 0.999960
	 $E_{0}$: 0.048605 <-> 0.237605

Estimated parameters (av +/- std):

	 $\beta_{I}$: 0.710361 +/- 0.231936
	 $\beta_{E}$: 0.016843 +/- 0.026736
	 $N$: 55890837.865311 +/- 24754713.371885
	 $\mu$: 0.018815 +/- 0.003781
	 $\gamma$: 0.947084 +/- 0.193254
	 $t_{c}$: 22.105903 +/- 5.155193
	 RF_{0}: 0.997387 +/- 0.006037
	 $E_{0}$: 0.163049 +/- 0.038866

Posterior distribution on file posterior_'param'.png

RMSD: 0.013731
Weighted RMSD: 0.013731
RMSD for validation data: 0.118846
RMSD for total data: 0.449499
AIC: 16.027462
AIC for validation data: 16.237693
AIC for total data: 16.898998

#####################################################################

Total time on ABC: 3.334 s
Number of trials: 73354

Fit on file model_fit.png