2022-03-08_16-22-08

Data Source: Número de casos confirmados de COVID-19 no Brasil (on GitHub)
https://raw.githubusercontent.com/wcota/covid19br/master/cases-brazil-cities-time.csv

Rejection ABC fitting of epidemic curves

Model: SEIRD
Parameters: $\beta_{I}$, $\beta_{E}$, $N$, $\mu$, $\gamma$, $t_{c}$, RF_{0}, $E_{0}$
#####################################################################

Number of Samples: 48
Number of Posteriors: 3
RMSD Weights: [1,1]
Training window size: 40
Validation window size: 10

#####################################################################

Posterior No. 1
Execution Time: 4.879 s
Tolerance: eps = 0.02

Priors' Ranges:

	 $\beta_{I}$: 0.000000 <-> 1.000000
	 $\beta_{E}$: 0.000000 <-> 1.000000
	 $N$: 2125594.090000 <-> 106279704.500000
	 $\mu$: 0.000000 <-> 1.000000
	 $\gamma$: 0.000000 <-> 1.000000
	 $t_{c}$: 0.000000 <-> 30.000000
	 RF_{0}: 0.000000 <-> 1.000000
	 $E_{0}$: 0.000000 <-> 2.000000

Estimated parameters (av +/- std):

	 $\beta_{I}$: 0.750688 +/- 0.250513
	 $\beta_{E}$: 0.012623 +/- 0.021547
	 $N$: 64272959.887558 +/- 22947060.954062
	 $\mu$: 0.012885 +/- 0.004733
	 $\gamma$: 0.510528 +/- 0.200691
	 $t_{c}$: 19.985911 +/- 4.730376
	 RF_{0}: 0.996142 +/- 0.004331
	 $E_{0}$: 0.088487 +/- 0.020440

Posterior distribution on file posterior_'param'.png

RMSD: 0.011294
Weighted RMSD: 0.011294
RMSD for validation data: 0.115685
RMSD for total data: 0.449042
AIC: 16.022587
AIC for validation data: 16.231370
AIC for total data: 16.898084

#####################################################################

Total time on ABC: 4.879 s
Number of trials: 256125

Fit on file model_fit.png