2021-11-14_19-37-26

Data Source: Número de casos confirmados de COVID-19 no Brasil (on GitHub)
https://raw.githubusercontent.com/wcota/covid19br/master/cases-brazil-cities-time.csv

Rejection ABC fitting of epidemic curves

Model: SEIRD
Parameters: $\beta_{I}$, $\beta_{E}$, $N$, $\mu$, $\gamma$, $t_{c}$, RF_{0}, $E_{0}$
#####################################################################

Number of Samples: 960
Number of Posteriors: 3
RMSD Weights: [1,1]
Training window size: 45
Validation window size: 10

#####################################################################

Posterior No. 3
Execution Time: 12.518 s
Tolerance: eps = 0.035190

Priors' Ranges:

	 $\beta_{I}$: 0.001607 <-> 0.990761
	 $\beta_{E}$: 0.000017 <-> 0.237326
	 $N$: 1556246.824788 <-> 13385879.633515
	 $\mu$: 0.000602 <-> 0.010236
	 $\gamma$: 0.001712 <-> 0.920641
	 $t_{c}$: 3.606163 <-> 29.985646
	 RF_{0}: 0.856116 <-> 0.999995
	 $E_{0}$: 0.158478 <-> 1.119680

Estimated parameters (av +/- std):

	 $\beta_{I}$: 0.441688 +/- 0.236555
	 $\beta_{E}$: 0.054026 +/- 0.043466
	 $N$: 2084553.056063 +/- 2797838.299621
	 $\mu$: 0.001079 +/- 0.001807
	 $\gamma$: 0.049953 +/- 0.170171
	 $t_{c}$: 28.349629 +/- 4.869134
	 RF_{0}: 0.971478 +/- 0.023907
	 $E_{0}$: 0.752616 +/- 0.172468

Posterior distribution on file posterior_'param'.png

RMSD: 0.013380
Weighted RMSD: 0.013380
RMSD for validation data: 0.078090
RMSD for total data: 0.294067
AIC: 16.026760
AIC for validation data: 16.156181
AIC for total data: 16.588135

#####################################################################

Total time on ABC: 30.393 s
Number of trials: 811224

Fit on file model_fit.png