2021-11-14_06-20-09

Data Source: Número de casos confirmados de COVID-19 no Brasil (on GitHub)
https://raw.githubusercontent.com/wcota/covid19br/master/cases-brazil-cities-time.csv

Rejection ABC fitting of epidemic curves

Model: SEIRD
Parameters: $\beta_{I}$, $\beta_{E}$, $N$, $\mu$, $\gamma$, $t_{c}$, RF_{0}, $E_{0}$
#####################################################################

Number of Samples: 960
Number of Posteriors: 3
RMSD Weights: [1,1]
Training window size: 30
Validation window size: 10

#####################################################################

Posterior No. 3
Execution Time: 0.063 s
Tolerance: eps = 0.403715

Priors' Ranges:

	 $\beta_{I}$: 0.000467 <-> 0.985352
	 $\beta_{E}$: 0.000140 <-> 0.691163
	 $N$: 1620308.610025 <-> 275927534.095266
	 $\mu$: 0.000235 <-> 0.985490
	 $\gamma$: 0.017903 <-> 0.998973
	 $t_{c}$: 0.056041 <-> 29.909489
	 RF_{0}: 0.005029 <-> 0.998739
	 $E_{0}$: 0.002658 <-> 1.972822

Estimated parameters (av +/- std):

	 $\beta_{I}$: 0.164979 +/- 0.242878
	 $\beta_{E}$: 0.121917 +/- 0.060779
	 $N$: 114057519.037832 +/- 73497469.046739
	 $\mu$: 0.013892 +/- 0.209603
	 $\gamma$: 0.765646 +/- 0.200215
	 $t_{c}$: 1.460238 +/- 8.275858
	 RF_{0}: 0.509617 +/- 0.251081
	 $E_{0}$: 0.971430 +/- 0.477089

Posterior distribution on file posterior_'param'.png

RMSD: 0.077355
Weighted RMSD: 0.077355
RMSD for validation data: 0.321130
RMSD for total data: 0.507635
AIC: 16.154709
AIC for validation data: 16.642260
AIC for total data: 17.015271

#####################################################################

Total time on ABC: 1.835 s
Number of trials: 7124

Fit on file model_fit.png