2021-11-14_04-03-32

Data Source: Número de casos confirmados de COVID-19 no Brasil (on GitHub)
https://raw.githubusercontent.com/wcota/covid19br/master/cases-brazil-cities-time.csv

Rejection ABC fitting of epidemic curves

Model: SEIRD
Parameters: $\beta_{I}$, $\beta_{E}$, $N$, $\mu$, $\gamma$, $t_{c}$, RF_{0}, $E_{0}$
#####################################################################

Number of Samples: 48
Number of Posteriors: 3
RMSD Weights: [1,1]
Training window size: 45
Validation window size: 10

#####################################################################

Posterior No. 1
Execution Time: 0.105 s
Tolerance: eps = 0.209580

Priors' Ranges:

	 $\beta_{I}$: 0.000000 <-> 1.000000
	 $\beta_{E}$: 0.000000 <-> 1.000000
	 $N$: 126476.458000 <-> 25295291.600000
	 $\mu$: 0.000000 <-> 1.000000
	 $\gamma$: 0.000000 <-> 1.000000
	 $t_{c}$: 0.000000 <-> 30.000000
	 RF_{0}: 0.000000 <-> 1.000000
	 $E_{0}$: 0.000000 <-> 2.000000

Estimated parameters (av +/- std):

	 $\beta_{I}$: 0.020838 +/- 0.096994
	 $\beta_{E}$: 0.094278 +/- 0.021049
	 $N$: 12164363.411672 +/- 6741095.923310
	 $\mu$: 0.005126 +/- 0.010196
	 $\gamma$: 0.229567 +/- 0.123081
	 $t_{c}$: 19.850544 +/- 5.518008
	 RF_{0}: 0.821900 +/- 0.044435
	 $E_{0}$: 0.021047 +/- 0.026513

Posterior distribution on file posterior_'param'.png

RMSD: 0.053183
Weighted RMSD: 0.053183
RMSD for validation data: 3.822923
RMSD for total data: 4.659400
AIC: 16.106365
AIC for validation data: 23.645845
AIC for total data: 25.318799

#####################################################################

Total time on ABC: 0.105 s
Number of trials: 5505

Fit on file model_fit.png