2022-03-08_16-35-49

Data Source: Número de casos confirmados de COVID-19 no Brasil (on GitHub)
https://raw.githubusercontent.com/wcota/covid19br/master/cases-brazil-cities-time.csv

Rejection ABC fitting of epidemic curves

Model: SEIRD
Parameters: $\beta_{I}$, $\beta_{E}$, $N$, $\mu$, $\gamma$, $t_{c}$, RF_{0}, $E_{0}$
#####################################################################

Number of Samples: 960
Number of Posteriors: 3
RMSD Weights: [1,1]
Training window size: 40
Validation window size: 10

#####################################################################

Posterior No. 2
Execution Time: 0.427 s
Tolerance: eps = 0.055603

Priors' Ranges:

	 $\beta_{I}$: 0.001455 <-> 0.999697
	 $\beta_{E}$: 0.000859 <-> 0.220942
	 $N$: 2195616.538175 <-> 106217535.299443
	 $\mu$: 0.009469 <-> 0.096854
	 $\gamma$: 0.043873 <-> 0.999636
	 $t_{c}$: 1.979447 <-> 29.671070
	 RF_{0}: 0.001184 <-> 0.997437
	 $E_{0}$: 0.001102 <-> 1.993589

Estimated parameters (av +/- std):

	 $\beta_{I}$: 0.092341 +/- 0.262334
	 $\beta_{E}$: 0.097845 +/- 0.032714
	 $N$: 51812655.115335 +/- 27855380.800097
	 $\mu$: 0.012354 +/- 0.015519
	 $\gamma$: 0.094741 +/- 0.183182
	 $t_{c}$: 13.590009 +/- 4.928848
	 RF_{0}: 0.148617 +/- 0.271130
	 $E_{0}$: 1.820416 +/- 0.438941

Posterior distribution on file posterior_'param'.png

RMSD: 0.012359
Weighted RMSD: 0.012359
RMSD for validation data: 0.195010
RMSD for total data: 3.998292
AIC: 16.024719
AIC for validation data: 16.390021
AIC for total data: 23.996585

#####################################################################

Total time on ABC: 0.668 s
Number of trials: 27133

Fit on file model_fit.png