2021-11-14_06-20-09

Data Source: Número de casos confirmados de COVID-19 no Brasil (on GitHub)
https://raw.githubusercontent.com/wcota/covid19br/master/cases-brazil-cities-time.csv

Rejection ABC fitting of epidemic curves

Model: SEIRD
Parameters: $\beta_{I}$, $\beta_{E}$, $N$, $\mu$, $\gamma$, $t_{c}$, RF_{0}, $E_{0}$
#####################################################################

Number of Samples: 960
Number of Posteriors: 3
RMSD Weights: [1,1]
Training window size: 50
Validation window size: 10

#####################################################################

Posterior No. 2
Execution Time: 25.264 s
Tolerance: eps = 0.022462

Priors' Ranges:

	 $\beta_{I}$: 0.002962 <-> 0.999666
	 $\beta_{E}$: 0.000395 <-> 0.133911
	 $N$: 2860733.425375 <-> 274519983.859494
	 $\mu$: 0.005879 <-> 0.031502
	 $\gamma$: 0.160332 <-> 0.999083
	 $t_{c}$: 6.270319 <-> 29.999723
	 RF_{0}: 0.629296 <-> 0.999728
	 $E_{0}$: 0.345253 <-> 1.800303

Estimated parameters (av +/- std):

	 $\beta_{I}$: 0.350862 +/- 0.266098
	 $\beta_{E}$: 0.046879 +/- 0.024889
	 $N$: 167627619.950882 +/- 70314472.462338
	 $\mu$: 0.018682 +/- 0.005755
	 $\gamma$: 0.586237 +/- 0.193092
	 $t_{c}$: 26.215624 +/- 5.762494
	 RF_{0}: 0.933512 +/- 0.060757
	 $E_{0}$: 1.472327 +/- 0.332175

Posterior distribution on file posterior_'param'.png

RMSD: 0.018496
Weighted RMSD: 0.018496
RMSD for validation data: 0.292707
RMSD for total data: 0.492467
AIC: 16.036993
AIC for validation data: 16.585415
AIC for total data: 16.984934

#####################################################################

Total time on ABC: 32.855 s
Number of trials: 1070257

Fit on file model_fit.png