2021-11-14_06-19-53

Data Source: Número de casos confirmados de COVID-19 no Brasil (on GitHub)
https://raw.githubusercontent.com/wcota/covid19br/master/cases-brazil-cities-time.csv

Rejection ABC fitting of epidemic curves

Model: SEIRD
Parameters: $\beta_{I}$, $\beta_{E}$, $N$, $\mu$, $\gamma$, $t_{c}$, RF_{0}, $E_{0}$
#####################################################################

Number of Samples: 960
Number of Posteriors: 3
RMSD Weights: [1,1]
Training window size: 35
Validation window size: 10

#####################################################################

Posterior No. 3
Execution Time: 0.070 s
Tolerance: eps = 1.797480

Priors' Ranges:

	 $\beta_{I}$: 0.000039 <-> 0.984556
	 $\beta_{E}$: 0.000217 <-> 0.840611
	 $N$: 84640.057591 <-> 16706100.709916
	 $\mu$: 0.000058 <-> 0.996027
	 $\gamma$: 0.008530 <-> 0.999506
	 $t_{c}$: 0.052908 <-> 29.996126
	 RF_{0}: 0.001963 <-> 0.999790
	 $E_{0}$: 0.000500 <-> 1.982905

Estimated parameters (av +/- std):

	 $\beta_{I}$: 0.268606 +/- 0.229253
	 $\beta_{E}$: 0.073397 +/- 0.062094
	 $N$: 1877056.001645 +/- 4505510.131602
	 $\mu$: 0.000078 +/- 0.249324
	 $\gamma$: 0.687307 +/- 0.210761
	 $t_{c}$: 23.486836 +/- 8.666811
	 RF_{0}: 0.341310 +/- 0.262936
	 $E_{0}$: 0.189024 +/- 0.424675

Posterior distribution on file posterior_'param'.png

RMSD: 0.112235
Weighted RMSD: 0.112235
RMSD for validation data: 0.490194
RMSD for total data: 0.314613
AIC: 16.224470
AIC for validation data: 16.980388
AIC for total data: 16.629225

#####################################################################

Total time on ABC: 0.383 s
Number of trials: 7480

Fit on file model_fit.png