2021-11-14_08-20-25

Data Source: Número de casos confirmados de COVID-19 no Brasil (on GitHub)
https://raw.githubusercontent.com/wcota/covid19br/master/cases-brazil-cities-time.csv

Rejection ABC fitting of epidemic curves

Model: SEIRD
Parameters: $\beta_{I}$, $\beta_{E}$, $N$, $\mu$, $\gamma$, $t_{c}$, RF_{0}, $E_{0}$
#####################################################################

Number of Samples: 48
Number of Posteriors: 3
RMSD Weights: [1,1]
Training window size: 40
Validation window size: 10

#####################################################################

Posterior No. 1
Execution Time: 0.160 s
Tolerance: eps = 0.121252

Priors' Ranges:

	 $\beta_{I}$: 0.000000 <-> 1.000000
	 $\beta_{E}$: 0.000000 <-> 1.000000
	 $N$: 212559.409000 <-> 42511881.800000
	 $\mu$: 0.000000 <-> 1.000000
	 $\gamma$: 0.000000 <-> 1.000000
	 $t_{c}$: 0.000000 <-> 30.000000
	 RF_{0}: 0.000000 <-> 1.000000
	 $E_{0}$: 0.000000 <-> 2.000000

Estimated parameters (av +/- std):

	 $\beta_{I}$: 0.274173 +/- 0.247113
	 $\beta_{E}$: 0.009502 +/- 0.027021
	 $N$: 27662431.762609 +/- 11354456.331396
	 $\mu$: 0.009229 +/- 0.009188
	 $\gamma$: 0.238795 +/- 0.196374
	 $t_{c}$: 24.035660 +/- 6.107317
	 RF_{0}: 0.573642 +/- 0.161253
	 $E_{0}$: 1.690664 +/- 0.520475

Posterior distribution on file posterior_'param'.png

RMSD: 0.020016
Weighted RMSD: 0.020016
RMSD for validation data: 0.129693
RMSD for total data: 0.449477
AIC: 16.040032
AIC for validation data: 16.259385
AIC for total data: 16.898955

#####################################################################

Total time on ABC: 0.160 s
Number of trials: 9426

Fit on file model_fit.png