2021-11-29_22-05-24

Data Source: Número de casos confirmados de COVID-19 no Brasil (on GitHub)
https://raw.githubusercontent.com/wcota/covid19br/master/cases-brazil-cities-time.csv

Rejection ABC fitting of epidemic curves

Model: SEIRD
Parameters: $\beta_{I}$, $\beta_{E}$, $N$, $\mu$, $\gamma$, $t_{c}$, RF_{0}, $E_{0}$
#####################################################################

Number of Samples: 9984
Number of Posteriors: 3
RMSD Weights: [1,1]
Training window size: 15
Validation window size: 10

#####################################################################

Posterior No. 2
Execution Time: 1.732 s
Tolerance: eps = 14.484849

Priors' Ranges:

	 $\beta_{I}$: 0.000042 <-> 0.999337
	 $\beta_{E}$: 0.000322 <-> 0.999902
	 $N$: 212771.549294 <-> 42484999.096113
	 $\mu$: 0.000010 <-> 0.999400
	 $\gamma$: 0.000950 <-> 0.999936
	 $t_{c}$: 0.046432 <-> 29.999307
	 RF_{0}: 0.001339 <-> 0.999991
	 $E_{0}$: 0.000198 <-> 1.999129

Estimated parameters (av +/- std):

	 $\beta_{I}$: 0.821512 +/- 0.266548
	 $\beta_{E}$: 0.417681 +/- 0.269916
	 $N$: 12438208.219040 +/- 9834022.904613
	 $\mu$: 0.002677 +/- 0.175027
	 $\gamma$: 0.578835 +/- 0.229605
	 $t_{c}$: 25.940850 +/- 7.579126
	 RF_{0}: 0.812491 +/- 0.229588
	 $E_{0}$: 0.070880 +/- 0.543018

Posterior distribution on file posterior_'param'.png

RMSD: 0.116525
Weighted RMSD: 0.116525
RMSD for validation data: 0.571407
RMSD for total data: 0.399367
AIC: 16.233050
AIC for validation data: 17.142814
AIC for total data: 16.798733

#####################################################################

Total time on ABC: 2.792 s
Number of trials: 138945

Fit on file model_fit.png