2021-11-14_19-26-42

Data Source: Número de casos confirmados de COVID-19 no Brasil (on GitHub)
https://raw.githubusercontent.com/wcota/covid19br/master/cases-brazil-cities-time.csv

Rejection ABC fitting of epidemic curves

Model: SEIRD
Parameters: $\beta_{I}$, $\beta_{E}$, $N$, $\mu$, $\gamma$, $t_{c}$, RF_{0}, $E_{0}$
#####################################################################

Number of Samples: 960
Number of Posteriors: 3
RMSD Weights: [1,1]
Training window size: 40
Validation window size: 10

#####################################################################

Posterior No. 3
Execution Time: 0.175 s
Tolerance: eps = 0.137555

Priors' Ranges:

	 $\beta_{I}$: 0.000193 <-> 0.996499
	 $\beta_{E}$: 0.000007 <-> 0.110907
	 $N$: 185876.766310 <-> 13539191.135716
	 $\mu$: 0.020336 <-> 0.174334
	 $\gamma$: 0.261618 <-> 0.999356
	 $t_{c}$: 2.228912 <-> 29.990900
	 RF_{0}: 0.306357 <-> 0.999679
	 $E_{0}$: 0.000298 <-> 0.405381

Estimated parameters (av +/- std):

	 $\beta_{I}$: 0.284433 +/- 0.202072
	 $\beta_{E}$: 0.002562 +/- 0.018152
	 $N$: 6414304.573837 +/- 3553118.295616
	 $\mu$: 0.071063 +/- 0.025859
	 $\gamma$: 0.570163 +/- 0.149034
	 $t_{c}$: 13.404591 +/- 6.576699
	 RF_{0}: 0.948069 +/- 0.094448
	 $E_{0}$: 0.166900 +/- 0.073281

Posterior distribution on file posterior_'param'.png

RMSD: 0.027648
Weighted RMSD: 0.027648
RMSD for validation data: 0.349242
RMSD for total data: 0.498565
AIC: 16.055297
AIC for validation data: 16.698483
AIC for total data: 16.997130

#####################################################################

Total time on ABC: 0.503 s
Number of trials: 9409

Fit on file model_fit.png