2021-11-14_20-30-25

Data Source: Número de casos confirmados de COVID-19 no Brasil (on GitHub)
https://raw.githubusercontent.com/wcota/covid19br/master/cases-brazil-cities-time.csv

Rejection ABC fitting of epidemic curves

Model: SEIRD
Parameters: $\beta_{I}$, $\beta_{E}$, $N$, $\mu$, $\gamma$, $t_{c}$, RF_{0}, $E_{0}$
#####################################################################

Number of Samples: 960
Number of Posteriors: 3
RMSD Weights: [1,1]
Training window size: 10
Validation window size: 10

#####################################################################

Posterior No. 2
Execution Time: 0.048 s
Tolerance: eps = 105.890759

Priors' Ranges:

	 $\beta_{I}$: 0.001825 <-> 0.998795
	 $\beta_{E}$: 0.000325 <-> 0.806931
	 $N$: 58479.665941 <-> 10249168.697372
	 $\mu$: 0.000460 <-> 0.972320
	 $\gamma$: 0.006290 <-> 0.999628
	 $t_{c}$: 0.124989 <-> 29.999963
	 RF_{0}: 0.008348 <-> 0.999644
	 $E_{0}$: 0.003701 <-> 1.954314

Estimated parameters (av +/- std):

	 $\beta_{I}$: 0.346711 +/- 0.263455
	 $\beta_{E}$: 0.154213 +/- 0.150728
	 $N$: 3903583.141363 +/- 2814440.457090
	 $\mu$: 0.008397 +/- 0.206823
	 $\gamma$: 0.590700 +/- 0.241528
	 $t_{c}$: 24.342669 +/- 6.881300
	 RF_{0}: 0.960556 +/- 0.234308
	 $E_{0}$: 0.176340 +/- 0.486109

Posterior distribution on file posterior_'param'.png

RMSD: 1.521339
Weighted RMSD: 1.521339
RMSD for validation data: 10.282752
RMSD for total data: 0.433979
AIC: 19.042677
AIC for validation data: 36.565505
AIC for total data: 16.867957

#####################################################################

Total time on ABC: 0.119 s
Number of trials: 9707

Fit on file model_fit.png