2021-11-14_19-22-12

Data Source: Número de casos confirmados de COVID-19 no Brasil (on GitHub)
https://raw.githubusercontent.com/wcota/covid19br/master/cases-brazil-cities-time.csv

Rejection ABC fitting of epidemic curves

Model: SEIRD
Parameters: $\beta_{I}$, $\beta_{E}$, $N$, $\mu$, $\gamma$, $t_{c}$, RF_{0}, $E_{0}$
#####################################################################

Number of Samples: 960
Number of Posteriors: 3
RMSD Weights: [1,1]
Training window size: 45
Validation window size: 10

#####################################################################

Posterior No. 3
Execution Time: 0.128 s
Tolerance: eps = 0.096256

Priors' Ranges:

	 $\beta_{I}$: 0.000009 <-> 0.097118
	 $\beta_{E}$: 0.000012 <-> 0.104860
	 $N$: 161476.224765 <-> 10253445.667878
	 $\mu$: 0.000875 <-> 0.004062
	 $\gamma$: 0.017787 <-> 0.217813
	 $t_{c}$: 1.607830 <-> 29.967232
	 RF_{0}: 0.773668 <-> 0.999731
	 $E_{0}$: 0.027564 <-> 0.228073

Estimated parameters (av +/- std):

	 $\beta_{I}$: 0.012500 +/- 0.027396
	 $\beta_{E}$: 0.015670 +/- 0.013658
	 $N$: 3312493.468445 +/- 2303744.385941
	 $\mu$: 0.001028 +/- 0.000667
	 $\gamma$: 0.056794 +/- 0.031903
	 $t_{c}$: 20.041199 +/- 5.799294
	 RF_{0}: 0.834838 +/- 0.039335
	 $E_{0}$: 0.127673 +/- 0.041582

Posterior distribution on file posterior_'param'.png

RMSD: 0.026411
Weighted RMSD: 0.026411
RMSD for validation data: 0.378503
RMSD for total data: 0.433979
AIC: 16.052822
AIC for validation data: 16.757005
AIC for total data: 16.867957

#####################################################################

Total time on ABC: 0.411 s
Number of trials: 6278

Fit on file model_fit.png