2021-11-14_19-37-26

Data Source: Número de casos confirmados de COVID-19 no Brasil (on GitHub)
https://raw.githubusercontent.com/wcota/covid19br/master/cases-brazil-cities-time.csv

Rejection ABC fitting of epidemic curves

Model: SEIRD
Parameters: $\beta_{I}$, $\beta_{E}$, $N$, $\mu$, $\gamma$, $t_{c}$, RF_{0}, $E_{0}$
#####################################################################

Number of Samples: 48
Number of Posteriors: 3
RMSD Weights: [1,1]
Training window size: 45
Validation window size: 10

#####################################################################

Posterior No. 1
Execution Time: 0.420 s
Tolerance: eps = 0.048566

Priors' Ranges:

	 $\beta_{I}$: 0.000000 <-> 1.000000
	 $\beta_{E}$: 0.000000 <-> 1.000000
	 $N$: 67886.004000 <-> 13577200.800000
	 $\mu$: 0.000000 <-> 1.000000
	 $\gamma$: 0.000000 <-> 1.000000
	 $t_{c}$: 0.000000 <-> 30.000000
	 RF_{0}: 0.000000 <-> 1.000000
	 $E_{0}$: 0.000000 <-> 2.000000

Estimated parameters (av +/- std):

	 $\beta_{I}$: 0.222197 +/- 0.301551
	 $\beta_{E}$: 0.611723 +/- 0.213458
	 $N$: 297845.352096 +/- 6202.186558
	 $\mu$: 0.120096 +/- 0.032430
	 $\gamma$: 0.838091 +/- 0.213664
	 $t_{c}$: 27.255722 +/- 2.880483
	 RF_{0}: 0.973065 +/- 0.039705
	 $E_{0}$: 0.581967 +/- 0.210498

Posterior distribution on file posterior_'param'.png

RMSD: 0.012371
Weighted RMSD: 0.012371
RMSD for validation data: 0.229738
RMSD for total data: 0.375347
AIC: 16.024742
AIC for validation data: 16.459476
AIC for total data: 16.750694

#####################################################################

Total time on ABC: 0.420 s
Number of trials: 23529

Fit on file model_fit.png