2021-11-14_10-28-32

Data Source: Número de casos confirmados de COVID-19 no Brasil (on GitHub)
https://raw.githubusercontent.com/wcota/covid19br/master/cases-brazil-cities-time.csv

Rejection ABC fitting of epidemic curves

Model: SEIRD
Parameters: $\beta_{I}$, $\beta_{E}$, $N$, $\mu$, $\gamma$, $t_{c}$, RF_{0}, $E_{0}$
#####################################################################

Number of Samples: 960
Number of Posteriors: 3
RMSD Weights: [1,1]
Training window size: 40
Validation window size: 10

#####################################################################

Posterior No. 3
Execution Time: 0.107 s
Tolerance: eps = 4.186577

Priors' Ranges:

	 $\beta_{I}$: 0.007134 <-> 0.998970
	 $\beta_{E}$: 0.002287 <-> 0.998934
	 $N$: 219791.237930 <-> 41278912.794684
	 $\mu$: 0.000066 <-> 0.991059
	 $\gamma$: 0.006595 <-> 0.999827
	 $t_{c}$: 0.056161 <-> 29.978588
	 RF_{0}: 0.013839 <-> 0.999664
	 $E_{0}$: 0.000588 <-> 1.997946

Estimated parameters (av +/- std):

	 $\beta_{I}$: 0.470896 +/- 0.263702
	 $\beta_{E}$: 0.671871 +/- 0.270361
	 $N$: 4045938.356370 +/- 5995617.736876
	 $\mu$: 0.026126 +/- 0.183781
	 $\gamma$: 0.919097 +/- 0.227376
	 $t_{c}$: 27.067518 +/- 8.106567
	 RF_{0}: 0.901234 +/- 0.242763
	 $E_{0}$: 0.428399 +/- 0.554635

Posterior distribution on file posterior_'param'.png

RMSD: 0.238303
Weighted RMSD: 0.238303
RMSD for validation data: 2.444690
RMSD for total data: 0.262733
AIC: 16.476606
AIC for validation data: 20.889380
AIC for total data: 16.525467

#####################################################################

Total time on ABC: 0.414 s
Number of trials: 11926

Fit on file model_fit.png