2022-03-08_16-35-49

Data Source: Número de casos confirmados de COVID-19 no Brasil (on GitHub)
https://raw.githubusercontent.com/wcota/covid19br/master/cases-brazil-cities-time.csv

Rejection ABC fitting of epidemic curves

Model: SEIRD
Parameters: $\beta_{I}$, $\beta_{E}$, $N$, $\mu$, $\gamma$, $t_{c}$, RF_{0}, $E_{0}$
#####################################################################

Number of Samples: 48
Number of Posteriors: 3
RMSD Weights: [1,1]
Training window size: 40
Validation window size: 10

#####################################################################

Posterior No. 1
Execution Time: 1.408 s
Tolerance: eps = 0.03

Priors' Ranges:

	 $\beta_{I}$: 0.000000 <-> 1.000000
	 $\beta_{E}$: 0.000000 <-> 1.000000
	 $N$: 2125594.090000 <-> 106279704.500000
	 $\mu$: 0.000000 <-> 1.000000
	 $\gamma$: 0.000000 <-> 1.000000
	 $t_{c}$: 0.000000 <-> 30.000000
	 RF_{0}: 0.000000 <-> 1.000000
	 $E_{0}$: 0.000000 <-> 2.000000

Estimated parameters (av +/- std):

	 $\beta_{I}$: 0.253155 +/- 0.219154
	 $\beta_{E}$: 0.034060 +/- 0.015356
	 $N$: 22057344.422839 +/- 27572499.609093
	 $\mu$: 0.019834 +/- 0.003803
	 $\gamma$: 0.847155 +/- 0.162885
	 $t_{c}$: 21.583727 +/- 5.263585
	 RF_{0}: 0.979781 +/- 0.017384
	 $E_{0}$: 0.363205 +/- 0.094013

Posterior distribution on file posterior_'param'.png

RMSD: 0.011833
Weighted RMSD: 0.011833
RMSD for validation data: 0.117535
RMSD for total data: 0.449499
AIC: 16.023665
AIC for validation data: 16.235071
AIC for total data: 16.898998

#####################################################################

Total time on ABC: 1.408 s
Number of trials: 88300

Fit on file model_fit.png