2021-11-14_23-05-32

Data Source: Número de casos confirmados de COVID-19 no Brasil (on GitHub)
https://raw.githubusercontent.com/wcota/covid19br/master/cases-brazil-cities-time.csv

Rejection ABC fitting of epidemic curves

Model: SEIRD
Parameters: $\beta_{I}$, $\beta_{E}$, $N$, $\mu$, $\gamma$, $t_{c}$, RF_{0}, $E_{0}$
#####################################################################

Number of Samples: 960
Number of Posteriors: 3
RMSD Weights: [1,1]
Training window size: 10
Validation window size: 10

#####################################################################

Posterior No. 2
Execution Time: 0.058 s
Tolerance: eps = 15.533292

Priors' Ranges:

	 $\beta_{I}$: 0.002410 <-> 0.999989
	 $\beta_{E}$: 0.005326 <-> 0.998857
	 $N$: 380104.408529 <-> 65998132.705112
	 $\mu$: 0.000184 <-> 0.983309
	 $\gamma$: 0.001583 <-> 0.999867
	 $t_{c}$: 0.217175 <-> 29.963664
	 RF_{0}: 0.000365 <-> 0.999570
	 $E_{0}$: 0.000831 <-> 1.997103

Estimated parameters (av +/- std):

	 $\beta_{I}$: 0.751921 +/- 0.268473
	 $\beta_{E}$: 0.029191 +/- 0.274976
	 $N$: 13397023.844144 +/- 17206945.090455
	 $\mu$: 0.000614 +/- 0.151235
	 $\gamma$: 0.405601 +/- 0.227054
	 $t_{c}$: 20.223743 +/- 7.639809
	 RF_{0}: 0.684748 +/- 0.230347
	 $E_{0}$: 0.379453 +/- 0.556456

Posterior distribution on file posterior_'param'.png

RMSD: 0.172625
Weighted RMSD: 0.172625
RMSD for validation data: 0.785797
RMSD for total data: 0.379186
AIC: 16.345250
AIC for validation data: 17.571593
AIC for total data: 16.758371

#####################################################################

Total time on ABC: 0.136 s
Number of trials: 14816

Fit on file model_fit.png