2021-11-14_04-49-43

Data Source: Número de casos confirmados de COVID-19 no Brasil (on GitHub)
https://raw.githubusercontent.com/wcota/covid19br/master/cases-brazil-cities-time.csv

Rejection ABC fitting of epidemic curves

Model: SEIRD
Parameters: $\beta_{I}$, $\beta_{E}$, $N$, $\mu$, $\gamma$, $t_{c}$, RF_{0}, $E_{0}$
#####################################################################

Number of Samples: 48
Number of Posteriors: 3
RMSD Weights: [1,1]
Training window size: 50
Validation window size: 10

#####################################################################

Posterior No. 1
Execution Time: 10.974 s
Tolerance: eps = 0.024402

Priors' Ranges:

	 $\beta_{I}$: 0.000000 <-> 1.000000
	 $\beta_{E}$: 0.000000 <-> 1.000000
	 $N$: 83783.945000 <-> 16756789.000000
	 $\mu$: 0.000000 <-> 1.000000
	 $\gamma$: 0.000000 <-> 1.000000
	 $t_{c}$: 0.000000 <-> 30.000000
	 RF_{0}: 0.000000 <-> 1.000000
	 $E_{0}$: 0.000000 <-> 2.000000

Estimated parameters (av +/- std):

	 $\beta_{I}$: 0.220070 +/- 0.235160
	 $\beta_{E}$: 0.025344 +/- 0.015184
	 $N$: 4414085.580291 +/- 4623150.572571
	 $\mu$: 0.001033 +/- 0.000745
	 $\gamma$: 0.311035 +/- 0.203355
	 $t_{c}$: 17.748495 +/- 5.236251
	 RF_{0}: 0.930464 +/- 0.011694
	 $E_{0}$: 0.067677 +/- 0.034605

Posterior distribution on file posterior_'param'.png

RMSD: 0.016501
Weighted RMSD: 0.016501
RMSD for validation data: 0.360419
RMSD for total data: 0.415606
AIC: 16.033002
AIC for validation data: 16.720839
AIC for total data: 16.831212

#####################################################################

Total time on ABC: 10.974 s
Number of trials: 561329

Fit on file model_fit.png