2021-11-14_06-01-51

Data Source: Número de casos confirmados de COVID-19 no Brasil (on GitHub)
https://raw.githubusercontent.com/wcota/covid19br/master/cases-brazil-cities-time.csv

Rejection ABC fitting of epidemic curves

Model: SEIRD
Parameters: $\beta_{I}$, $\beta_{E}$, $N$, $\mu$, $\gamma$, $t_{c}$, RF_{0}, $E_{0}$
#####################################################################

Number of Samples: 960
Number of Posteriors: 3
RMSD Weights: [1,1]
Training window size: 45
Validation window size: 10

#####################################################################

Posterior No. 2
Execution Time: 2.099 s
Tolerance: eps = 0.027233

Priors' Ranges:

	 $\beta_{I}$: 0.000464 <-> 0.998370
	 $\beta_{E}$: 0.000140 <-> 0.101449
	 $N$: 4885172.820133 <-> 275184807.753886
	 $\mu$: 0.009112 <-> 0.025324
	 $\gamma$: 0.352825 <-> 0.999450
	 $t_{c}$: 8.970911 <-> 29.995066
	 RF_{0}: 0.325839 <-> 0.832816
	 $E_{0}$: 0.131834 <-> 1.378509

Estimated parameters (av +/- std):

	 $\beta_{I}$: 0.418812 +/- 0.267944
	 $\beta_{E}$: 0.050743 +/- 0.018828
	 $N$: 175847262.366445 +/- 72304968.190684
	 $\mu$: 0.013107 +/- 0.003624
	 $\gamma$: 0.565949 +/- 0.150618
	 $t_{c}$: 16.354078 +/- 4.480885
	 RF_{0}: 0.515286 +/- 0.097455
	 $E_{0}$: 0.361880 +/- 0.241127

Posterior distribution on file posterior_'param'.png

RMSD: 0.018689
Weighted RMSD: 0.018689
RMSD for validation data: 0.200697
RMSD for total data: 0.490780
AIC: 16.037377
AIC for validation data: 16.401394
AIC for total data: 16.981561

#####################################################################

Total time on ABC: 4.926 s
Number of trials: 131021

Fit on file model_fit.png