2021-11-14_20-27-56

Data Source: Número de casos confirmados de COVID-19 no Brasil (on GitHub)
https://raw.githubusercontent.com/wcota/covid19br/master/cases-brazil-cities-time.csv

Rejection ABC fitting of epidemic curves

Model: SEIRD
Parameters: $\beta_{I}$, $\beta_{E}$, $N$, $\mu$, $\gamma$, $t_{c}$, RF_{0}, $E_{0}$
#####################################################################

Number of Samples: 960
Number of Posteriors: 3
RMSD Weights: [1,1]
Training window size: 20
Validation window size: 10

#####################################################################

Posterior No. 3
Execution Time: 0.052 s
Tolerance: eps = 69.079748

Priors' Ranges:

	 $\beta_{I}$: 0.006429 <-> 0.988824
	 $\beta_{E}$: 0.000199 <-> 0.824886
	 $N$: 55380.829951 <-> 10247304.233304
	 $\mu$: 0.000118 <-> 0.992503
	 $\gamma$: 0.044696 <-> 0.999427
	 $t_{c}$: 0.141517 <-> 29.968263
	 RF_{0}: 0.002719 <-> 0.999979
	 $E_{0}$: 0.000257 <-> 1.989136

Estimated parameters (av +/- std):

	 $\beta_{I}$: 0.296494 +/- 0.251453
	 $\beta_{E}$: 0.150851 +/- 0.092251
	 $N$: 3128491.582382 +/- 2746685.433547
	 $\mu$: 0.015646 +/- 0.205988
	 $\gamma$: 0.811544 +/- 0.204071
	 $t_{c}$: 9.589844 +/- 7.605707
	 RF_{0}: 0.974755 +/- 0.262592
	 $E_{0}$: 0.027640 +/- 0.442518

Posterior distribution on file posterior_'param'.png

RMSD: 0.358576
Weighted RMSD: 0.358576
RMSD for validation data: 2.274457
RMSD for total data: 0.433979
AIC: 16.717151
AIC for validation data: 20.548915
AIC for total data: 16.867957

#####################################################################

Total time on ABC: 0.250 s
Number of trials: 7991

Fit on file model_fit.png