2021-11-29_21-52-43

Data Source: Número de casos confirmados de COVID-19 no Brasil (on GitHub)
https://raw.githubusercontent.com/wcota/covid19br/master/cases-brazil-cities-time.csv

Rejection ABC fitting of epidemic curves

Model: SEIRD
Parameters: $\beta_{I}$, $\beta_{E}$, $N$, $\mu$, $\gamma$, $t_{c}$, RF_{0}, $E_{0}$
#####################################################################

Number of Samples: 48
Number of Posteriors: 3
RMSD Weights: [1,1]
Training window size: 30
Validation window size: 10

#####################################################################

Posterior No. 1
Execution Time: 1.615 s
Tolerance: eps = 11.000966

Priors' Ranges:

	 $\beta_{I}$: 0.000000 <-> 1.000000
	 $\beta_{E}$: 0.000000 <-> 1.000000
	 $N$: 212559.409000 <-> 42511881.800000
	 $\mu$: 0.000000 <-> 1.000000
	 $\gamma$: 0.000000 <-> 1.000000
	 $t_{c}$: 0.000000 <-> 30.000000
	 RF_{0}: 0.000000 <-> 1.000000
	 $E_{0}$: 0.000000 <-> 2.000000

Estimated parameters (av +/- std):

	 $\beta_{I}$: 0.627313 +/- 0.294706
	 $\beta_{E}$: 0.036728 +/- 0.302444
	 $N$: 30516232.678457 +/- 11128232.368052
	 $\mu$: 0.024229 +/- 0.263187
	 $\gamma$: 0.995215 +/- 0.260794
	 $t_{c}$: 26.176149 +/- 8.660397
	 RF_{0}: 0.989365 +/- 0.275773
	 $E_{0}$: 0.432721 +/- 0.586190

Posterior distribution on file posterior_'param'.png

RMSD: 0.040429
Weighted RMSD: 0.040429
RMSD for validation data: 0.701589
RMSD for total data: 0.449418
AIC: 16.080858
AIC for validation data: 17.403178
AIC for total data: 16.898835

#####################################################################

Total time on ABC: 1.615 s
Number of trials: 99235

Fit on file model_fit.png