2021-11-14_19-22-12

Data Source: Número de casos confirmados de COVID-19 no Brasil (on GitHub)
https://raw.githubusercontent.com/wcota/covid19br/master/cases-brazil-cities-time.csv

Rejection ABC fitting of epidemic curves

Model: SEIRD
Parameters: $\beta_{I}$, $\beta_{E}$, $N$, $\mu$, $\gamma$, $t_{c}$, RF_{0}, $E_{0}$
#####################################################################

Number of Samples: 960
Number of Posteriors: 3
RMSD Weights: [1,1]
Training window size: 50
Validation window size: 10

#####################################################################

Posterior No. 3
Execution Time: 11.065 s
Tolerance: eps = 0.043018

Priors' Ranges:

	 $\beta_{I}$: 0.000516 <-> 0.919438
	 $\beta_{E}$: 0.003629 <-> 0.104021
	 $N$: 51403.461776 <-> 10241473.148163
	 $\mu$: 0.001575 <-> 0.017012
	 $\gamma$: 0.067180 <-> 0.875151
	 $t_{c}$: 9.693183 <-> 29.989546
	 RF_{0}: 0.927795 <-> 0.966798
	 $E_{0}$: 0.000022 <-> 0.044429

Estimated parameters (av +/- std):

	 $\beta_{I}$: 0.076848 +/- 0.159813
	 $\beta_{E}$: 0.051563 +/- 0.016475
	 $N$: 726088.867977 +/- 2749144.880185
	 $\mu$: 0.002909 +/- 0.002806
	 $\gamma$: 0.160250 +/- 0.149684
	 $t_{c}$: 22.433112 +/- 3.985268
	 RF_{0}: 0.935670 +/- 0.007770
	 $E_{0}$: 0.014527 +/- 0.008989

Posterior distribution on file posterior_'param'.png

RMSD: 0.029350
Weighted RMSD: 0.029350
RMSD for validation data: 1.358302
RMSD for total data: 0.433979
AIC: 16.058701
AIC for validation data: 18.716603
AIC for total data: 16.867957

#####################################################################

Total time on ABC: 25.252 s
Number of trials: 587738

Fit on file model_fit.png