2021-11-14_05-05-40

Data Source: Número de casos confirmados de COVID-19 no Brasil (on GitHub)
https://raw.githubusercontent.com/wcota/covid19br/master/cases-brazil-cities-time.csv

Rejection ABC fitting of epidemic curves

Model: SEIRD
Parameters: $\beta_{I}$, $\beta_{E}$, $N$, $\mu$, $\gamma$, $t_{c}$, RF_{0}, $E_{0}$
#####################################################################

Number of Samples: 960
Number of Posteriors: 3
RMSD Weights: [1,1]
Training window size: 30
Validation window size: 10

#####################################################################

Posterior No. 3
Execution Time: 0.092 s
Tolerance: eps = 39.624222

Priors' Ranges:

	 $\beta_{I}$: 0.001000 <-> 0.988738
	 $\beta_{E}$: 0.000555 <-> 0.852420
	 $N$: 127239.334013 <-> 25261362.863128
	 $\mu$: 0.000033 <-> 0.994777
	 $\gamma$: 0.022141 <-> 0.999124
	 $t_{c}$: 0.061201 <-> 29.933464
	 RF_{0}: 0.006222 <-> 0.999801
	 $E_{0}$: 0.000386 <-> 1.984998

Estimated parameters (av +/- std):

	 $\beta_{I}$: 0.356713 +/- 0.244110
	 $\beta_{E}$: 0.035843 +/- 0.097512
	 $N$: 13305490.864723 +/- 7072385.066637
	 $\mu$: 0.009294 +/- 0.234404
	 $\gamma$: 0.583114 +/- 0.198643
	 $t_{c}$: 18.683404 +/- 8.398839
	 RF_{0}: 0.866283 +/- 0.249090
	 $E_{0}$: 0.013960 +/- 0.439222

Posterior distribution on file posterior_'param'.png

RMSD: 0.205172
Weighted RMSD: 0.205172
RMSD for validation data: 1.293518
RMSD for total data: 0.399099
AIC: 16.410345
AIC for validation data: 18.587035
AIC for total data: 16.798199

#####################################################################

Total time on ABC: 0.352 s
Number of trials: 11176

Fit on file model_fit.png