2022-03-08_15-59-04

Data Source: Número de casos confirmados de COVID-19 no Brasil (on GitHub)
https://raw.githubusercontent.com/wcota/covid19br/master/cases-brazil-cities-time.csv

Rejection ABC fitting of epidemic curves

Model: SEIRD
Parameters: $\beta_{I}$, $\beta_{E}$, $N$, $\mu$, $\gamma$, $t_{c}$, RF_{0}, $E_{0}$
#####################################################################

Number of Samples: 960
Number of Posteriors: 3
RMSD Weights: [1,1]
Training window size: 30
Validation window size: 10

#####################################################################

Posterior No. 3
Execution Time: 7.869 s
Tolerance: eps = 0.016861

Priors' Ranges:

	 $\beta_{I}$: 0.000659 <-> 0.999623
	 $\beta_{E}$: 0.000043 <-> 0.101358
	 $N$: 14347265.874649 <-> 106054630.289701
	 $\mu$: 0.005083 <-> 0.023200
	 $\gamma$: 0.218663 <-> 0.998884
	 $t_{c}$: 8.567412 <-> 29.990750
	 RF_{0}: 0.981170 <-> 0.999890
	 $E_{0}$: 0.050065 <-> 0.186929

Estimated parameters (av +/- std):

	 $\beta_{I}$: 0.800443 +/- 0.251831
	 $\beta_{E}$: 0.005353 +/- 0.018066
	 $N$: 98356268.910747 +/- 23760981.469040
	 $\mu$: 0.020140 +/- 0.003573
	 $\gamma$: 0.889246 +/- 0.159329
	 $t_{c}$: 25.772114 +/- 4.749855
	 RF_{0}: 0.996936 +/- 0.003013
	 $E_{0}$: 0.154219 +/- 0.028016

Posterior distribution on file posterior_'param'.png

RMSD: 0.013208
Weighted RMSD: 0.013208
RMSD for validation data: 0.124878
RMSD for total data: 0.449499
AIC: 16.026415
AIC for validation data: 16.249756
AIC for total data: 16.898998

#####################################################################

Total time on ABC: 15.398 s
Number of trials: 521250

Fit on file model_fit.png