2021-11-14_04-49-43

Data Source: Número de casos confirmados de COVID-19 no Brasil (on GitHub)
https://raw.githubusercontent.com/wcota/covid19br/master/cases-brazil-cities-time.csv

Rejection ABC fitting of epidemic curves

Model: SEIRD
Parameters: $\beta_{I}$, $\beta_{E}$, $N$, $\mu$, $\gamma$, $t_{c}$, RF_{0}, $E_{0}$
#####################################################################

Number of Samples: 48
Number of Posteriors: 3
RMSD Weights: [1,1]
Training window size: 45
Validation window size: 10

#####################################################################

Posterior No. 1
Execution Time: 19.296 s
Tolerance: eps = 0.015153

Priors' Ranges:

	 $\beta_{I}$: 0.000000 <-> 1.000000
	 $\beta_{E}$: 0.000000 <-> 1.000000
	 $N$: 83783.945000 <-> 16756789.000000
	 $\mu$: 0.000000 <-> 1.000000
	 $\gamma$: 0.000000 <-> 1.000000
	 $t_{c}$: 0.000000 <-> 30.000000
	 RF_{0}: 0.000000 <-> 1.000000
	 $E_{0}$: 0.000000 <-> 2.000000

Estimated parameters (av +/- std):

	 $\beta_{I}$: 0.024574 +/- 0.127405
	 $\beta_{E}$: 0.017290 +/- 0.015877
	 $N$: 11280133.584654 +/- 4387883.072990
	 $\mu$: 0.107307 +/- 0.017826
	 $\gamma$: 0.954051 +/- 0.152151
	 $t_{c}$: 14.769990 +/- 3.334487
	 RF_{0}: 0.989902 +/- 0.010989
	 $E_{0}$: 0.369031 +/- 0.081456

Posterior distribution on file posterior_'param'.png

RMSD: 0.011273
Weighted RMSD: 0.011273
RMSD for validation data: 0.316152
RMSD for total data: 0.415607
AIC: 16.022545
AIC for validation data: 16.632304
AIC for total data: 16.831215

#####################################################################

Total time on ABC: 19.296 s
Number of trials: 1121277

Fit on file model_fit.png