2022-03-08_15-59-04

Data Source: Número de casos confirmados de COVID-19 no Brasil (on GitHub)
https://raw.githubusercontent.com/wcota/covid19br/master/cases-brazil-cities-time.csv

Rejection ABC fitting of epidemic curves

Model: SEIRD
Parameters: $\beta_{I}$, $\beta_{E}$, $N$, $\mu$, $\gamma$, $t_{c}$, RF_{0}, $E_{0}$
#####################################################################

Number of Samples: 960
Number of Posteriors: 3
RMSD Weights: [1,1]
Training window size: 30
Validation window size: 10

#####################################################################

Posterior No. 3
Execution Time: 0.801 s
Tolerance: eps = 0.036707

Priors' Ranges:

	 $\beta_{I}$: 0.001625 <-> 0.996462
	 $\beta_{E}$: 0.002009 <-> 0.134673
	 $N$: 9477301.201229 <-> 105856640.529268
	 $\mu$: 0.002615 <-> 0.020220
	 $\gamma$: 0.112704 <-> 0.996836
	 $t_{c}$: 6.293159 <-> 29.971745
	 RF_{0}: 0.974108 <-> 0.999871
	 $E_{0}$: 0.022834 <-> 0.116027

Estimated parameters (av +/- std):

	 $\beta_{I}$: 0.138602 +/- 0.250272
	 $\beta_{E}$: 0.065916 +/- 0.021746
	 $N$: 64696770.195468 +/- 26180920.217757
	 $\mu$: 0.014360 +/- 0.003276
	 $\gamma$: 0.766460 +/- 0.172732
	 $t_{c}$: 22.727691 +/- 4.978962
	 RF_{0}: 0.993006 +/- 0.005448
	 $E_{0}$: 0.072538 +/- 0.018119

Posterior distribution on file posterior_'param'.png

RMSD: 0.022455
Weighted RMSD: 0.022455
RMSD for validation data: 0.120630
RMSD for total data: 0.449277
AIC: 16.044910
AIC for validation data: 16.241261
AIC for total data: 16.898555

#####################################################################

Total time on ABC: 1.757 s
Number of trials: 49070

Fit on file model_fit.png