2022-03-08_16-22-08

Data Source: Número de casos confirmados de COVID-19 no Brasil (on GitHub)
https://raw.githubusercontent.com/wcota/covid19br/master/cases-brazil-cities-time.csv

Rejection ABC fitting of epidemic curves

Model: SEIRD
Parameters: $\beta_{I}$, $\beta_{E}$, $N$, $\mu$, $\gamma$, $t_{c}$, RF_{0}, $E_{0}$
#####################################################################

Number of Samples: 48
Number of Posteriors: 3
RMSD Weights: [1,1]
Training window size: 40
Validation window size: 10

#####################################################################

Posterior No. 1
Execution Time: 0.957 s
Tolerance: eps = 0.03

Priors' Ranges:

	 $\beta_{I}$: 0.000000 <-> 1.000000
	 $\beta_{E}$: 0.000000 <-> 1.000000
	 $N$: 2125594.090000 <-> 106279704.500000
	 $\mu$: 0.000000 <-> 1.000000
	 $\gamma$: 0.000000 <-> 1.000000
	 $t_{c}$: 0.000000 <-> 30.000000
	 RF_{0}: 0.000000 <-> 1.000000
	 $E_{0}$: 0.000000 <-> 2.000000

Estimated parameters (av +/- std):

	 $\beta_{I}$: 0.200755 +/- 0.246681
	 $\beta_{E}$: 0.043085 +/- 0.016706
	 $N$: 58025158.642352 +/- 27663206.953820
	 $\mu$: 0.025175 +/- 0.004000
	 $\gamma$: 0.953893 +/- 0.147418
	 $t_{c}$: 22.486238 +/- 5.019251
	 RF_{0}: 0.943122 +/- 0.036420
	 $E_{0}$: 0.610979 +/- 0.156658

Posterior distribution on file posterior_'param'.png

RMSD: 0.012222
Weighted RMSD: 0.012222
RMSD for validation data: 0.152956
RMSD for total data: 0.449497
AIC: 16.024444
AIC for validation data: 16.305913
AIC for total data: 16.898994

#####################################################################

Total time on ABC: 0.957 s
Number of trials: 61268

Fit on file model_fit.png