2021-11-14_06-17-32

Data Source: Número de casos confirmados de COVID-19 no Brasil (on GitHub)
https://raw.githubusercontent.com/wcota/covid19br/master/cases-brazil-cities-time.csv

Rejection ABC fitting of epidemic curves

Model: SEIRD
Parameters: $\beta_{I}$, $\beta_{E}$, $N$, $\mu$, $\gamma$, $t_{c}$, RF_{0}, $E_{0}$
#####################################################################

Number of Samples: 48
Number of Posteriors: 3
RMSD Weights: [1,1]
Training window size: 25
Validation window size: 10

#####################################################################

Posterior No. 1
Execution Time: 0.145 s
Tolerance: eps = 17.219931

Priors' Ranges:

	 $\beta_{I}$: 0.000000 <-> 1.000000
	 $\beta_{E}$: 0.000000 <-> 1.000000
	 $N$: 83783.945000 <-> 16756789.000000
	 $\mu$: 0.000000 <-> 1.000000
	 $\gamma$: 0.000000 <-> 1.000000
	 $t_{c}$: 0.000000 <-> 30.000000
	 RF_{0}: 0.000000 <-> 1.000000
	 $E_{0}$: 0.000000 <-> 2.000000

Estimated parameters (av +/- std):

	 $\beta_{I}$: 0.053064 +/- 0.290419
	 $\beta_{E}$: 0.976893 +/- 0.304602
	 $N$: 760270.498893 +/- 4938782.922070
	 $\mu$: 0.006513 +/- 0.259571
	 $\gamma$: 0.896970 +/- 0.257583
	 $t_{c}$: 5.180810 +/- 8.885476
	 RF_{0}: 0.865606 +/- 0.277654
	 $E_{0}$: 1.775761 +/- 0.599332

Posterior distribution on file posterior_'param'.png

RMSD: 0.237169
Weighted RMSD: 0.237169
RMSD for validation data: 1.509667
RMSD for total data: 0.343000
AIC: 16.474338
AIC for validation data: 19.019335
AIC for total data: 16.686000

#####################################################################

Total time on ABC: 0.145 s
Number of trials: 10169

Fit on file model_fit.png