2021-11-14_20-35-18

Data Source: Número de casos confirmados de COVID-19 no Brasil (on GitHub)
https://raw.githubusercontent.com/wcota/covid19br/master/cases-brazil-cities-time.csv

Rejection ABC fitting of epidemic curves

Model: SEIRD
Parameters: $\beta_{I}$, $\beta_{E}$, $N$, $\mu$, $\gamma$, $t_{c}$, RF_{0}, $E_{0}$
#####################################################################

Number of Samples: 960
Number of Posteriors: 3
RMSD Weights: [1,1]
Training window size: 25
Validation window size: 10

#####################################################################

Posterior No. 3
Execution Time: 0.074 s
Tolerance: eps = 0.384750

Priors' Ranges:

	 $\beta_{I}$: 0.000499 <-> 0.997347
	 $\beta_{E}$: 0.000017 <-> 0.563735
	 $N$: 103373.701241 <-> 13508494.394503
	 $\mu$: 0.000103 <-> 0.996668
	 $\gamma$: 0.002129 <-> 0.999912
	 $t_{c}$: 0.143104 <-> 29.992003
	 RF_{0}: 0.020071 <-> 0.999112
	 $E_{0}$: 0.000066 <-> 1.994194

Estimated parameters (av +/- std):

	 $\beta_{I}$: 0.177195 +/- 0.262985
	 $\beta_{E}$: 0.295232 +/- 0.073633
	 $N$: 12456015.922708 +/- 3634763.491257
	 $\mu$: 0.003991 +/- 0.215695
	 $\gamma$: 0.838678 +/- 0.206817
	 $t_{c}$: 15.389765 +/- 7.871971
	 RF_{0}: 0.453411 +/- 0.253597
	 $E_{0}$: 0.302853 +/- 0.486406

Posterior distribution on file posterior_'param'.png

RMSD: 0.107562
Weighted RMSD: 0.107562
RMSD for validation data: 0.299659
RMSD for total data: 1.201608
AIC: 16.215123
AIC for validation data: 16.599318
AIC for total data: 18.403215

#####################################################################

Total time on ABC: 0.283 s
Number of trials: 9341

Fit on file model_fit.png