2021-11-14_19-38-02

Data Source: Número de casos confirmados de COVID-19 no Brasil (on GitHub)
https://raw.githubusercontent.com/wcota/covid19br/master/cases-brazil-cities-time.csv

Rejection ABC fitting of epidemic curves

Model: SEIRD
Parameters: $\beta_{I}$, $\beta_{E}$, $N$, $\mu$, $\gamma$, $t_{c}$, RF_{0}, $E_{0}$
#####################################################################

Number of Samples: 960
Number of Posteriors: 3
RMSD Weights: [1,1]
Training window size: 45
Validation window size: 10

#####################################################################

Posterior No. 3
Execution Time: 1.026 s
Tolerance: eps = 0.062966

Priors' Ranges:

	 $\beta_{I}$: 0.005561 <-> 0.999309
	 $\beta_{E}$: 0.000398 <-> 0.162862
	 $N$: 78154.508750 <-> 10171415.963502
	 $\mu$: 0.000561 <-> 0.005163
	 $\gamma$: 0.041467 <-> 0.999003
	 $t_{c}$: 5.054985 <-> 29.995917
	 RF_{0}: 0.930384 <-> 0.999992
	 $E_{0}$: 0.001220 <-> 0.105182

Estimated parameters (av +/- std):

	 $\beta_{I}$: 0.574761 +/- 0.265043
	 $\beta_{E}$: 0.074501 +/- 0.025051
	 $N$: 6184938.061852 +/- 2821518.571223
	 $\mu$: 0.003306 +/- 0.000827
	 $\gamma$: 0.684325 +/- 0.188110
	 $t_{c}$: 24.933563 +/- 5.247682
	 RF_{0}: 0.987975 +/- 0.013773
	 $E_{0}$: 0.054640 +/- 0.019737

Posterior distribution on file posterior_'param'.png

RMSD: 0.052720
Weighted RMSD: 0.052720
RMSD for validation data: 2.097134
RMSD for total data: 0.433979
AIC: 16.105441
AIC for validation data: 20.194267
AIC for total data: 16.867957

#####################################################################

Total time on ABC: 2.451 s
Number of trials: 52035

Fit on file model_fit.png