2021-11-14_06-17-32

Data Source: Número de casos confirmados de COVID-19 no Brasil (on GitHub)
https://raw.githubusercontent.com/wcota/covid19br/master/cases-brazil-cities-time.csv

Rejection ABC fitting of epidemic curves

Model: SEIRD
Parameters: $\beta_{I}$, $\beta_{E}$, $N$, $\mu$, $\gamma$, $t_{c}$, RF_{0}, $E_{0}$
#####################################################################

Number of Samples: 48
Number of Posteriors: 3
RMSD Weights: [1,1]
Training window size: 30
Validation window size: 10

#####################################################################

Posterior No. 1
Execution Time: 0.190 s
Tolerance: eps = 14.144275

Priors' Ranges:

	 $\beta_{I}$: 0.000000 <-> 1.000000
	 $\beta_{E}$: 0.000000 <-> 1.000000
	 $N$: 83783.945000 <-> 16756789.000000
	 $\mu$: 0.000000 <-> 1.000000
	 $\gamma$: 0.000000 <-> 1.000000
	 $t_{c}$: 0.000000 <-> 30.000000
	 RF_{0}: 0.000000 <-> 1.000000
	 $E_{0}$: 0.000000 <-> 2.000000

Estimated parameters (av +/- std):

	 $\beta_{I}$: 0.669855 +/- 0.290993
	 $\beta_{E}$: 0.129003 +/- 0.302965
	 $N$: 3306635.534869 +/- 4717839.468264
	 $\mu$: 0.009097 +/- 0.258722
	 $\gamma$: 0.606831 +/- 0.256849
	 $t_{c}$: 24.088137 +/- 8.833406
	 RF_{0}: 0.939109 +/- 0.280165
	 $E_{0}$: 0.191682 +/- 0.575251

Posterior distribution on file posterior_'param'.png

RMSD: 0.113714
Weighted RMSD: 0.113714
RMSD for validation data: 0.561897
RMSD for total data: 0.412701
AIC: 16.227429
AIC for validation data: 17.123795
AIC for total data: 16.825402

#####################################################################

Total time on ABC: 0.190 s
Number of trials: 10026

Fit on file model_fit.png