2021-12-01_05-20-35

Data Source: Número de casos confirmados de COVID-19 no Brasil (on GitHub)
https://raw.githubusercontent.com/wcota/covid19br/master/cases-brazil-cities-time.csv

Rejection ABC fitting of epidemic curves

Model: SEIRD
Parameters: $\beta_{I}$, $\beta_{E}$, $N$, $\mu$, $\gamma$, $t_{c}$, RF_{0}, $E_{0}$
#####################################################################

Number of Samples: 99984
Number of Posteriors: 3
RMSD Weights: [1,1]
Training window size: 50
Validation window size: 10

#####################################################################

Posterior No. 2
Execution Time: 81.838 s
Tolerance: eps = 0.322616

Priors' Ranges:

	 $\beta_{I}$: 0.000015 <-> 0.999976
	 $\beta_{E}$: 0.000005 <-> 0.962574
	 $N$: 213168.301083 <-> 42510717.358540
	 $\mu$: 0.000080 <-> 0.999954
	 $\gamma$: 0.000068 <-> 0.999993
	 $t_{c}$: 0.036568 <-> 29.999765
	 RF_{0}: 0.000008 <-> 0.999982
	 $E_{0}$: 0.000017 <-> 1.999990

Estimated parameters (av +/- std):

	 $\beta_{I}$: 0.856148 +/- 0.253318
	 $\beta_{E}$: 0.076692 +/- 0.063570
	 $N$: 18741933.638274 +/- 11376311.818961
	 $\mu$: 0.070880 +/- 0.266576
	 $\gamma$: 0.873213 +/- 0.234498
	 $t_{c}$: 8.831131 +/- 7.992462
	 RF_{0}: 0.708492 +/- 0.264316
	 $E_{0}$: 1.191858 +/- 0.510896

Posterior distribution on file posterior_'param'.png

RMSD: 0.014873
Weighted RMSD: 0.014873
RMSD for validation data: 0.341292
RMSD for total data: 0.555429
AIC: 16.029746
AIC for validation data: 16.682585
AIC for total data: 17.110858

#####################################################################

Total time on ABC: 102.190 s
Number of trials: 1148416

Fit on file model_fit.png