2021-11-14_06-19-53

Data Source: Número de casos confirmados de COVID-19 no Brasil (on GitHub)
https://raw.githubusercontent.com/wcota/covid19br/master/cases-brazil-cities-time.csv

Rejection ABC fitting of epidemic curves

Model: SEIRD
Parameters: $\beta_{I}$, $\beta_{E}$, $N$, $\mu$, $\gamma$, $t_{c}$, RF_{0}, $E_{0}$
#####################################################################

Number of Samples: 960
Number of Posteriors: 3
RMSD Weights: [1,1]
Training window size: 40
Validation window size: 10

#####################################################################

Posterior No. 2
Execution Time: 0.102 s
Tolerance: eps = 3.419854

Priors' Ranges:

	 $\beta_{I}$: 0.002005 <-> 0.997760
	 $\beta_{E}$: 0.002507 <-> 0.997713
	 $N$: 86985.746753 <-> 16420640.003122
	 $\mu$: 0.000006 <-> 0.991887
	 $\gamma$: 0.007350 <-> 0.997416
	 $t_{c}$: 0.048990 <-> 29.972437
	 RF_{0}: 0.000198 <-> 0.999760
	 $E_{0}$: 0.004184 <-> 1.991866

Estimated parameters (av +/- std):

	 $\beta_{I}$: 0.337866 +/- 0.265733
	 $\beta_{E}$: 0.600498 +/- 0.273917
	 $N$: 2294048.562451 +/- 2553386.477874
	 $\mu$: 0.006271 +/- 0.195198
	 $\gamma$: 0.382012 +/- 0.226509
	 $t_{c}$: 26.270027 +/- 7.746585
	 RF_{0}: 0.812614 +/- 0.250505
	 $E_{0}$: 0.498452 +/- 0.546710

Posterior distribution on file posterior_'param'.png

RMSD: 0.138865
Weighted RMSD: 0.138865
RMSD for validation data: 1.663185
RMSD for total data: 0.395492
AIC: 16.277729
AIC for validation data: 19.326369
AIC for total data: 16.790984

#####################################################################

Total time on ABC: 0.361 s
Number of trials: 11360

Fit on file model_fit.png