2022-03-08_16-35-49

Data Source: Número de casos confirmados de COVID-19 no Brasil (on GitHub)
https://raw.githubusercontent.com/wcota/covid19br/master/cases-brazil-cities-time.csv

Rejection ABC fitting of epidemic curves

Model: SEIRD
Parameters: $\beta_{I}$, $\beta_{E}$, $N$, $\mu$, $\gamma$, $t_{c}$, RF_{0}, $E_{0}$
#####################################################################

Number of Samples: 960
Number of Posteriors: 3
RMSD Weights: [1,1]
Training window size: 40
Validation window size: 10

#####################################################################

Posterior No. 3
Execution Time: 2.403 s
Tolerance: eps = 0.024612

Priors' Ranges:

	 $\beta_{I}$: 0.001981 <-> 0.998802
	 $\beta_{E}$: 0.000959 <-> 0.122955
	 $N$: 11612007.489109 <-> 105933202.393111
	 $\mu$: 0.005314 <-> 0.019130
	 $\gamma$: 0.287656 <-> 0.999557
	 $t_{c}$: 5.533134 <-> 29.996988
	 RF_{0}: 0.974980 <-> 0.999932
	 $E_{0}$: 0.010886 <-> 0.116519

Estimated parameters (av +/- std):

	 $\beta_{I}$: 0.698651 +/- 0.252910
	 $\beta_{E}$: 0.037790 +/- 0.022685
	 $N$: 40860723.652081 +/- 25151892.804550
	 $\mu$: 0.013257 +/- 0.002722
	 $\gamma$: 0.744177 +/- 0.154004
	 $t_{c}$: 17.528127 +/- 5.614175
	 RF_{0}: 0.990993 +/- 0.004761
	 $E_{0}$: 0.056259 +/- 0.021125

Posterior distribution on file posterior_'param'.png

RMSD: 0.015870
Weighted RMSD: 0.015870
RMSD for validation data: 0.106198
RMSD for total data: 0.449050
AIC: 16.031739
AIC for validation data: 16.212396
AIC for total data: 16.898100

#####################################################################

Total time on ABC: 5.786 s
Number of trials: 147391

Fit on file model_fit.png