2021-11-14_06-20-09

Data Source: Número de casos confirmados de COVID-19 no Brasil (on GitHub)
https://raw.githubusercontent.com/wcota/covid19br/master/cases-brazil-cities-time.csv

Rejection ABC fitting of epidemic curves

Model: SEIRD
Parameters: $\beta_{I}$, $\beta_{E}$, $N$, $\mu$, $\gamma$, $t_{c}$, RF_{0}, $E_{0}$
#####################################################################

Number of Samples: 960
Number of Posteriors: 3
RMSD Weights: [1,1]
Training window size: 50
Validation window size: 10

#####################################################################

Posterior No. 3
Execution Time: 0.809 s
Tolerance: eps = 0.065994

Priors' Ranges:

	 $\beta_{I}$: 0.003042 <-> 0.996720
	 $\beta_{E}$: 0.002029 <-> 0.489972
	 $N$: 4283216.450837 <-> 275638456.297084
	 $\mu$: 0.006209 <-> 0.044083
	 $\gamma$: 0.113013 <-> 0.999132
	 $t_{c}$: 0.137594 <-> 10.893787
	 RF_{0}: 0.000231 <-> 0.994946
	 $E_{0}$: 0.026864 <-> 1.998981

Estimated parameters (av +/- std):

	 $\beta_{I}$: 0.761600 +/- 0.260397
	 $\beta_{E}$: 0.030246 +/- 0.071655
	 $N$: 134833523.382707 +/- 70060425.409561
	 $\mu$: 0.021148 +/- 0.006887
	 $\gamma$: 0.594956 +/- 0.174705
	 $t_{c}$: 8.332481 +/- 1.951811
	 RF_{0}: 0.551273 +/- 0.265234
	 $E_{0}$: 1.654963 +/- 0.488378

Posterior distribution on file posterior_'param'.png

RMSD: 0.013968
Weighted RMSD: 0.013968
RMSD for validation data: 0.230468
RMSD for total data: 3.498802
AIC: 16.027935
AIC for validation data: 16.460936
AIC for total data: 22.997604

#####################################################################

Total time on ABC: 1.711 s
Number of trials: 45253

Fit on file model_fit.png