2020-09-14_22-20-05

Data Source: Número de casos confirmados de COVID-19 no Brasil (on GitHub)
https://raw.githubusercontent.com/wcota/covid19br/master/cases-brazil-cities-time.csv

Rejection ABC fitting of epidemic curves

Model: SEIARD
Parameters: $\beta_{I}$, $\beta_{A}$, $N$, $\gamma_{I}$, $\mu$, $c$, $\alpha$, $\gamma_{A}$
#####################################################################

Number of Iterations: 1000
Number of Posteriors: 1

#####################################################################

Posterior No. 1
Execution Time: 0.316 s
Tolerance: eps = 100000.00

Priors' Ranges:

	 $\beta_{I}$: 0.000000 <-> 1.000000
	 $\beta_{A}$: 0.000000 <-> 1.000000
	 $N$: 173661.000000 <-> 8683094.000000
	 $\gamma_{I}$: 0.000000 <-> 1.000000
	 $\mu$: 0.000000 <-> 1.000000
	 $c$: 0.000000 <-> 1.000000
	 $\alpha$: 0.000000 <-> 1.000000
	 $\gamma_{A}$: 0.000000 <-> 1.000000

Estimated parameters (av +/- std):

	 $\beta_{I}$: 0.611689 +/- 0.276757
	 $\beta_{A}$: 0.214775 +/- 0.267302
	 $N$: 496500.450260 +/- 2505465.819171
	 $\gamma_{I}$: 0.507515 +/- 0.288183
	 $\mu$: 0.004977 +/- 0.282079
	 $c$: 0.004208 +/- 0.273463
	 $\alpha$: 0.256421 +/- 0.287584
	 $\gamma_{A}$: 0.233516 +/- 0.282238

Posterior distribution on file posterior_'param'.png

#####################################################################

Total time on ABC: 0.316 s

Fit on file model_fit.png