2021-11-14_20-27-56

Data Source: Número de casos confirmados de COVID-19 no Brasil (on GitHub)
https://raw.githubusercontent.com/wcota/covid19br/master/cases-brazil-cities-time.csv

Rejection ABC fitting of epidemic curves

Model: SEIRD
Parameters: $\beta_{I}$, $\beta_{E}$, $N$, $\mu$, $\gamma$, $t_{c}$, RF_{0}, $E_{0}$
#####################################################################

Number of Samples: 960
Number of Posteriors: 3
RMSD Weights: [1,1]
Training window size: 25
Validation window size: 10

#####################################################################

Posterior No. 3
Execution Time: 0.066 s
Tolerance: eps = 117.047105

Priors' Ranges:

	 $\beta_{I}$: 0.000432 <-> 0.999571
	 $\beta_{E}$: 0.000077 <-> 0.453794
	 $N$: 57397.518022 <-> 10253593.524080
	 $\mu$: 0.000054 <-> 0.997996
	 $\gamma$: 0.007297 <-> 0.999069
	 $t_{c}$: 0.072147 <-> 29.978908
	 RF_{0}: 0.001585 <-> 0.999926
	 $E_{0}$: 0.000084 <-> 1.989485

Estimated parameters (av +/- std):

	 $\beta_{I}$: 0.111128 +/- 0.267066
	 $\beta_{E}$: 0.001559 +/- 0.061680
	 $N$: 1975728.285889 +/- 2847350.114117
	 $\mu$: 0.001390 +/- 0.249223
	 $\gamma$: 0.502417 +/- 0.223179
	 $t_{c}$: 22.216818 +/- 7.932302
	 RF_{0}: 0.585198 +/- 0.230606
	 $E_{0}$: 0.017208 +/- 0.483641

Posterior distribution on file posterior_'param'.png

RMSD: 0.304945
Weighted RMSD: 0.304945
RMSD for validation data: 0.337541
RMSD for total data: 0.433979
AIC: 16.609889
AIC for validation data: 16.675082
AIC for total data: 16.867957

#####################################################################

Total time on ABC: 0.279 s
Number of trials: 10614

Fit on file model_fit.png