2021-11-14_06-01-51

Data Source: Número de casos confirmados de COVID-19 no Brasil (on GitHub)
https://raw.githubusercontent.com/wcota/covid19br/master/cases-brazil-cities-time.csv

Rejection ABC fitting of epidemic curves

Model: SEIRD
Parameters: $\beta_{I}$, $\beta_{E}$, $N$, $\mu$, $\gamma$, $t_{c}$, RF_{0}, $E_{0}$
#####################################################################

Number of Samples: 48
Number of Posteriors: 3
RMSD Weights: [1,1]
Training window size: 50
Validation window size: 10

#####################################################################

Posterior No. 1
Execution Time: 1.369 s
Tolerance: eps = 0.027801

Priors' Ranges:

	 $\beta_{I}$: 0.000000 <-> 1.000000
	 $\beta_{E}$: 0.000000 <-> 1.000000
	 $N$: 1380004.385000 <-> 276000877.000000
	 $\mu$: 0.000000 <-> 1.000000
	 $\gamma$: 0.000000 <-> 1.000000
	 $t_{c}$: 0.000000 <-> 30.000000
	 RF_{0}: 0.000000 <-> 1.000000
	 $E_{0}$: 0.000000 <-> 2.000000

Estimated parameters (av +/- std):

	 $\beta_{I}$: 0.738847 +/- 0.227402
	 $\beta_{E}$: 0.008353 +/- 0.015103
	 $N$: 62421615.810913 +/- 70506326.714773
	 $\mu$: 0.010521 +/- 0.001892
	 $\gamma$: 0.874695 +/- 0.153069
	 $t_{c}$: 27.006896 +/- 5.429577
	 RF_{0}: 0.991134 +/- 0.008322
	 $E_{0}$: 0.166144 +/- 0.037587

Posterior distribution on file posterior_'param'.png

RMSD: 0.006419
Weighted RMSD: 0.006419
RMSD for validation data: 0.337521
RMSD for total data: 0.507635
AIC: 16.012838
AIC for validation data: 16.675042
AIC for total data: 17.015271

#####################################################################

Total time on ABC: 1.369 s
Number of trials: 61942

Fit on file model_fit.png