2021-11-14_05-08-12

Data Source: Número de casos confirmados de COVID-19 no Brasil (on GitHub)
https://raw.githubusercontent.com/wcota/covid19br/master/cases-brazil-cities-time.csv

Rejection ABC fitting of epidemic curves

Model: SEIRD
Parameters: $\beta_{I}$, $\beta_{E}$, $N$, $\mu$, $\gamma$, $t_{c}$, RF_{0}, $E_{0}$
#####################################################################

Number of Samples: 960
Number of Posteriors: 3
RMSD Weights: [1,1]
Training window size: 30
Validation window size: 10

#####################################################################

Posterior No. 2
Execution Time: 0.098 s
Tolerance: eps = 39.940057

Priors' Ranges:

	 $\beta_{I}$: 0.000483 <-> 0.988419
	 $\beta_{E}$: 0.000072 <-> 0.845239
	 $N$: 142981.149591 <-> 25248811.542302
	 $\mu$: 0.000049 <-> 0.999574
	 $\gamma$: 0.004588 <-> 0.999108
	 $t_{c}$: 0.045115 <-> 29.991894
	 RF_{0}: 0.000135 <-> 0.999441
	 $E_{0}$: 0.001013 <-> 1.992716

Estimated parameters (av +/- std):

	 $\beta_{I}$: 0.100952 +/- 0.250037
	 $\beta_{E}$: 0.321116 +/- 0.080785
	 $N$: 5720888.830756 +/- 6834826.270563
	 $\mu$: 0.001909 +/- 0.253658
	 $\gamma$: 0.383801 +/- 0.220875
	 $t_{c}$: 1.031954 +/- 7.977165
	 RF_{0}: 0.799067 +/- 0.261495
	 $E_{0}$: 0.581947 +/- 0.488468

Posterior distribution on file posterior_'param'.png

RMSD: 0.732068
Weighted RMSD: 0.732068
RMSD for validation data: 2.006260
RMSD for total data: 0.399267
AIC: 17.464136
AIC for validation data: 20.012520
AIC for total data: 16.798533

#####################################################################

Total time on ABC: 0.270 s
Number of trials: 10314

Fit on file model_fit.png