2021-11-14_05-08-12

Data Source: Número de casos confirmados de COVID-19 no Brasil (on GitHub)
https://raw.githubusercontent.com/wcota/covid19br/master/cases-brazil-cities-time.csv

Rejection ABC fitting of epidemic curves

Model: SEIRD
Parameters: $\beta_{I}$, $\beta_{E}$, $N$, $\mu$, $\gamma$, $t_{c}$, RF_{0}, $E_{0}$
#####################################################################

Number of Samples: 960
Number of Posteriors: 3
RMSD Weights: [1,1]
Training window size: 30
Validation window size: 10

#####################################################################

Posterior No. 2
Execution Time: 0.109 s
Tolerance: eps = 22.406693

Priors' Ranges:

	 $\beta_{I}$: 0.000597 <-> 0.997689
	 $\beta_{E}$: 0.000128 <-> 0.989213
	 $N$: 133736.886686 <-> 25260991.937465
	 $\mu$: 0.000084 <-> 0.991879
	 $\gamma$: 0.030782 <-> 0.999831
	 $t_{c}$: 0.052044 <-> 29.978372
	 RF_{0}: 0.003583 <-> 0.999425
	 $E_{0}$: 0.000212 <-> 1.984656

Estimated parameters (av +/- std):

	 $\beta_{I}$: 0.528718 +/- 0.267978
	 $\beta_{E}$: 0.049632 +/- 0.207458
	 $N$: 1511111.454146 +/- 7297351.241080
	 $\mu$: 0.005716 +/- 0.237881
	 $\gamma$: 0.804377 +/- 0.212614
	 $t_{c}$: 8.377825 +/- 8.355622
	 RF_{0}: 0.613066 +/- 0.257800
	 $E_{0}$: 0.144263 +/- 0.482837

Posterior distribution on file posterior_'param'.png

RMSD: 0.251792
Weighted RMSD: 0.251792
RMSD for validation data: 0.643379
RMSD for total data: 0.399113
AIC: 16.503585
AIC for validation data: 17.286758
AIC for total data: 16.798226

#####################################################################

Total time on ABC: 0.263 s
Number of trials: 15893

Fit on file model_fit.png