2021-11-14_19-38-02

Data Source: Número de casos confirmados de COVID-19 no Brasil (on GitHub)
https://raw.githubusercontent.com/wcota/covid19br/master/cases-brazil-cities-time.csv

Rejection ABC fitting of epidemic curves

Model: SEIRD
Parameters: $\beta_{I}$, $\beta_{E}$, $N$, $\mu$, $\gamma$, $t_{c}$, RF_{0}, $E_{0}$
#####################################################################

Number of Samples: 48
Number of Posteriors: 3
RMSD Weights: [1,1]
Training window size: 30
Validation window size: 10

#####################################################################

Posterior No. 1
Execution Time: 0.525 s
Tolerance: eps = 0.091993

Priors' Ranges:

	 $\beta_{I}$: 0.000000 <-> 1.000000
	 $\beta_{E}$: 0.000000 <-> 1.000000
	 $N$: 51269.183000 <-> 10253836.600000
	 $\mu$: 0.000000 <-> 1.000000
	 $\gamma$: 0.000000 <-> 1.000000
	 $t_{c}$: 0.000000 <-> 30.000000
	 RF_{0}: 0.000000 <-> 1.000000
	 $E_{0}$: 0.000000 <-> 2.000000

Estimated parameters (av +/- std):

	 $\beta_{I}$: 0.307073 +/- 0.229357
	 $\beta_{E}$: 0.003292 +/- 0.024426
	 $N$: 9346169.479666 +/- 2755270.717893
	 $\mu$: 0.046696 +/- 0.023551
	 $\gamma$: 0.464142 +/- 0.186580
	 $t_{c}$: 20.999381 +/- 6.590555
	 RF_{0}: 0.991874 +/- 0.007424
	 $E_{0}$: 0.026412 +/- 0.008843

Posterior distribution on file posterior_'param'.png

RMSD: 0.048107
Weighted RMSD: 0.048107
RMSD for validation data: 0.656932
RMSD for total data: 0.433979
AIC: 16.096215
AIC for validation data: 17.313863
AIC for total data: 16.867957

#####################################################################

Total time on ABC: 0.525 s
Number of trials: 52972

Fit on file model_fit.png