2021-11-14_04-49-43

Data Source: Número de casos confirmados de COVID-19 no Brasil (on GitHub)
https://raw.githubusercontent.com/wcota/covid19br/master/cases-brazil-cities-time.csv

Rejection ABC fitting of epidemic curves

Model: SEIRD
Parameters: $\beta_{I}$, $\beta_{E}$, $N$, $\mu$, $\gamma$, $t_{c}$, RF_{0}, $E_{0}$
#####################################################################

Number of Samples: 960
Number of Posteriors: 3
RMSD Weights: [1,1]
Training window size: 50
Validation window size: 10

#####################################################################

Posterior No. 3
Execution Time: 48.400 s
Tolerance: eps = 0.025051

Priors' Ranges:

	 $\beta_{I}$: 0.001715 <-> 0.999453
	 $\beta_{E}$: 0.000215 <-> 0.534752
	 $N$: 2451915.051312 <-> 16753104.186119
	 $\mu$: 0.005192 <-> 0.051799
	 $\gamma$: 0.091039 <-> 0.997830
	 $t_{c}$: 4.526517 <-> 29.933908
	 RF_{0}: 0.942372 <-> 0.999998
	 $E_{0}$: 0.050335 <-> 0.437166

Estimated parameters (av +/- std):

	 $\beta_{I}$: 0.390832 +/- 0.258919
	 $\beta_{E}$: 0.082659 +/- 0.110865
	 $N$: 2870209.665655 +/- 2735375.914558
	 $\mu$: 0.010880 +/- 0.010890
	 $\gamma$: 0.197932 +/- 0.214693
	 $t_{c}$: 15.045168 +/- 5.429068
	 RF_{0}: 0.990781 +/- 0.009396
	 $E_{0}$: 0.210405 +/- 0.071960

Posterior distribution on file posterior_'param'.png

RMSD: 0.015709
Weighted RMSD: 0.015709
RMSD for validation data: 0.098661
RMSD for total data: 0.700931
AIC: 16.031417
AIC for validation data: 16.197321
AIC for total data: 17.401863

#####################################################################

Total time on ABC: 92.066 s
Number of trials: 2778903

Fit on file model_fit.png