2021-11-14_21-02-25

Data Source: Número de casos confirmados de COVID-19 no Brasil (on GitHub)
https://raw.githubusercontent.com/wcota/covid19br/master/cases-brazil-cities-time.csv

Rejection ABC fitting of epidemic curves

Model: SEIRD
Parameters: $\beta_{I}$, $\beta_{E}$, $N$, $\mu$, $\gamma$, $t_{c}$, RF_{0}, $E_{0}$
#####################################################################

Number of Samples: 960
Number of Posteriors: 3
RMSD Weights: [1,1]
Training window size: 45
Validation window size: 10

#####################################################################

Posterior No. 2
Execution Time: 3.963 s
Tolerance: eps = 0.025743

Priors' Ranges:

	 $\beta_{I}$: 0.000054 <-> 0.927683
	 $\beta_{E}$: 0.000381 <-> 0.071073
	 $N$: 3658825.432480 <-> 65633166.306421
	 $\mu$: 0.016749 <-> 0.052445
	 $\gamma$: 0.361046 <-> 0.999880
	 $t_{c}$: 7.624095 <-> 29.979532
	 RF_{0}: 0.810512 <-> 0.962755
	 $E_{0}$: 0.143072 <-> 0.705959

Estimated parameters (av +/- std):

	 $\beta_{I}$: 0.439590 +/- 0.190197
	 $\beta_{E}$: 0.004794 +/- 0.016135
	 $N$: 15397976.326000 +/- 17397465.155712
	 $\mu$: 0.024897 +/- 0.007373
	 $\gamma$: 0.518603 +/- 0.142455
	 $t_{c}$: 24.544243 +/- 5.116215
	 RF_{0}: 0.889155 +/- 0.029765
	 $E_{0}$: 0.477487 +/- 0.114181

Posterior distribution on file posterior_'param'.png

RMSD: 0.018371
Weighted RMSD: 0.018371
RMSD for validation data: 0.633038
RMSD for total data: 0.486715
AIC: 16.036742
AIC for validation data: 17.266077
AIC for total data: 16.973429

#####################################################################

Total time on ABC: 5.752 s
Number of trials: 198140

Fit on file model_fit.png