2021-11-14_05-14-13

Data Source: Número de casos confirmados de COVID-19 no Brasil (on GitHub)
https://raw.githubusercontent.com/wcota/covid19br/master/cases-brazil-cities-time.csv

Rejection ABC fitting of epidemic curves

Model: SEIRD
Parameters: $\beta_{I}$, $\beta_{E}$, $N$, $\mu$, $\gamma$, $t_{c}$, RF_{0}, $E_{0}$
#####################################################################

Number of Samples: 48
Number of Posteriors: 3
RMSD Weights: [1,1]
Training window size: 45
Validation window size: 10

#####################################################################

Posterior No. 1
Execution Time: 0.172 s
Tolerance: eps = 0.149628

Priors' Ranges:

	 $\beta_{I}$: 0.000000 <-> 1.000000
	 $\beta_{E}$: 0.000000 <-> 1.000000
	 $N$: 83783.945000 <-> 16756789.000000
	 $\mu$: 0.000000 <-> 1.000000
	 $\gamma$: 0.000000 <-> 1.000000
	 $t_{c}$: 0.000000 <-> 30.000000
	 RF_{0}: 0.000000 <-> 1.000000
	 $E_{0}$: 0.000000 <-> 2.000000

Estimated parameters (av +/- std):

	 $\beta_{I}$: 0.129250 +/- 0.218853
	 $\beta_{E}$: 0.005793 +/- 0.015404
	 $N$: 3131775.851228 +/- 4290473.236741
	 $\mu$: 0.003563 +/- 0.006127
	 $\gamma$: 0.208258 +/- 0.191904
	 $t_{c}$: 20.151457 +/- 5.463663
	 RF_{0}: 0.960986 +/- 0.012141
	 $E_{0}$: 0.046824 +/- 0.017267

Posterior distribution on file posterior_'param'.png

RMSD: 0.032322
Weighted RMSD: 0.032322
RMSD for validation data: 0.707066
RMSD for total data: 0.415608
AIC: 16.064645
AIC for validation data: 17.414131
AIC for total data: 16.831215

#####################################################################

Total time on ABC: 0.172 s
Number of trials: 8510

Fit on file model_fit.png