2021-11-14_05-08-12

Data Source: Número de casos confirmados de COVID-19 no Brasil (on GitHub)
https://raw.githubusercontent.com/wcota/covid19br/master/cases-brazil-cities-time.csv

Rejection ABC fitting of epidemic curves

Model: SEIRD
Parameters: $\beta_{I}$, $\beta_{E}$, $N$, $\mu$, $\gamma$, $t_{c}$, RF_{0}, $E_{0}$
#####################################################################

Number of Samples: 960
Number of Posteriors: 3
RMSD Weights: [1,1]
Training window size: 30
Validation window size: 10

#####################################################################

Posterior No. 3
Execution Time: 0.064 s
Tolerance: eps = 23.363112

Priors' Ranges:

	 $\beta_{I}$: 0.000894 <-> 0.998203
	 $\beta_{E}$: 0.000358 <-> 0.761822
	 $N$: 135154.276026 <-> 25267273.125129
	 $\mu$: 0.000132 <-> 0.999150
	 $\gamma$: 0.023846 <-> 0.998865
	 $t_{c}$: 0.090439 <-> 29.997999
	 RF_{0}: 0.005914 <-> 0.999943
	 $E_{0}$: 0.001314 <-> 1.989767

Estimated parameters (av +/- std):

	 $\beta_{I}$: 0.376470 +/- 0.259754
	 $\beta_{E}$: 0.051433 +/- 0.073895
	 $N$: 17356900.100271 +/- 6887490.720282
	 $\mu$: 0.002788 +/- 0.238447
	 $\gamma$: 0.866402 +/- 0.214365
	 $t_{c}$: 26.967649 +/- 7.890178
	 RF_{0}: 0.353690 +/- 0.246003
	 $E_{0}$: 0.509920 +/- 0.450516

Posterior distribution on file posterior_'param'.png

RMSD: 0.167825
Weighted RMSD: 0.167825
RMSD for validation data: 2.831788
RMSD for total data: 0.301665
AIC: 16.335651
AIC for validation data: 21.663576
AIC for total data: 16.603329

#####################################################################

Total time on ABC: 0.334 s
Number of trials: 8125

Fit on file model_fit.png