2021-11-14_07-46-07

Data Source: Número de casos confirmados de COVID-19 no Brasil (on GitHub)
https://raw.githubusercontent.com/wcota/covid19br/master/cases-brazil-cities-time.csv

Rejection ABC fitting of epidemic curves

Model: SEIRD
Parameters: $\beta_{I}$, $\beta_{E}$, $N$, $\mu$, $\gamma$, $t_{c}$, RF_{0}, $E_{0}$
#####################################################################

Number of Samples: 960
Number of Posteriors: 3
RMSD Weights: [1,1]
Training window size: 45
Validation window size: 10

#####################################################################

Posterior No. 3
Execution Time: 8.822 s
Tolerance: eps = 0.023080

Priors' Ranges:

	 $\beta_{I}$: 0.001595 <-> 0.996089
	 $\beta_{E}$: 0.000271 <-> 0.170991
	 $N$: 1220424.560812 <-> 42239232.334561
	 $\mu$: 0.010966 <-> 0.065622
	 $\gamma$: 0.131566 <-> 0.999982
	 $t_{c}$: 2.228769 <-> 29.559680
	 RF_{0}: 0.011097 <-> 0.979167
	 $E_{0}$: 0.033102 <-> 1.999598

Estimated parameters (av +/- std):

	 $\beta_{I}$: 0.229831 +/- 0.253417
	 $\beta_{E}$: 0.108917 +/- 0.028052
	 $N$: 2246672.115928 +/- 11783097.836754
	 $\mu$: 0.060359 +/- 0.011343
	 $\gamma$: 0.959780 +/- 0.185944
	 $t_{c}$: 20.154117 +/- 4.787256
	 RF_{0}: 0.414006 +/- 0.224380
	 $E_{0}$: 1.629997 +/- 0.410537

Posterior distribution on file posterior_'param'.png

RMSD: 0.017570
Weighted RMSD: 0.017570
RMSD for validation data: 0.337295
RMSD for total data: 0.312130
AIC: 16.035141
AIC for validation data: 16.674591
AIC for total data: 16.624260

#####################################################################

Total time on ABC: 18.766 s
Number of trials: 507080

Fit on file model_fit.png