2022-03-08_15-59-59

Data Source: Número de casos confirmados de COVID-19 no Brasil (on GitHub)
https://raw.githubusercontent.com/wcota/covid19br/master/cases-brazil-cities-time.csv

Rejection ABC fitting of epidemic curves

Model: SEIRD
Parameters: $\beta_{I}$, $\beta_{E}$, $N$, $\mu$, $\gamma$, $t_{c}$, RF_{0}, $E_{0}$
#####################################################################

Number of Samples: 48
Number of Posteriors: 3
RMSD Weights: [1,1]
Training window size: 20
Validation window size: 10

#####################################################################

Posterior No. 1
Execution Time: 2.183 s
Tolerance: eps = 0.03

Priors' Ranges:

	 $\beta_{I}$: 0.000000 <-> 1.000000
	 $\beta_{E}$: 0.000000 <-> 1.000000
	 $N$: 2125594.090000 <-> 106279704.500000
	 $\mu$: 0.000000 <-> 1.000000
	 $\gamma$: 0.000000 <-> 1.000000
	 $t_{c}$: 0.000000 <-> 30.000000
	 RF_{0}: 0.000000 <-> 1.000000
	 $E_{0}$: 0.000000 <-> 2.000000

Estimated parameters (av +/- std):

	 $\beta_{I}$: 0.475674 +/- 0.236056
	 $\beta_{E}$: 0.016929 +/- 0.018952
	 $N$: 41196870.325497 +/- 24287746.335921
	 $\mu$: 0.012051 +/- 0.003633
	 $\gamma$: 0.537043 +/- 0.159018
	 $t_{c}$: 15.298072 +/- 5.236828
	 RF_{0}: 0.989427 +/- 0.003125
	 $E_{0}$: 0.091035 +/- 0.031871

Posterior distribution on file posterior_'param'.png

RMSD: 0.023288
Weighted RMSD: 0.023288
RMSD for validation data: 0.089095
RMSD for total data: 0.449499
AIC: 16.046577
AIC for validation data: 16.178190
AIC for total data: 16.898998

#####################################################################

Total time on ABC: 2.183 s
Number of trials: 200002

Fit on file model_fit.png