2021-11-14_20-32-41

Data Source: Número de casos confirmados de COVID-19 no Brasil (on GitHub)
https://raw.githubusercontent.com/wcota/covid19br/master/cases-brazil-cities-time.csv

Rejection ABC fitting of epidemic curves

Model: SEIRD
Parameters: $\beta_{I}$, $\beta_{E}$, $N$, $\mu$, $\gamma$, $t_{c}$, RF_{0}, $E_{0}$
#####################################################################

Number of Samples: 960
Number of Posteriors: 3
RMSD Weights: [1,1]
Training window size: 30
Validation window size: 10

#####################################################################

Posterior No. 2
Execution Time: 0.127 s
Tolerance: eps = 60.459565

Priors' Ranges:

	 $\beta_{I}$: 0.000313 <-> 0.998969
	 $\beta_{E}$: 0.000421 <-> 0.990248
	 $N$: 69690.690583 <-> 13520436.348114
	 $\mu$: 0.000058 <-> 0.998904
	 $\gamma$: 0.023795 <-> 0.999698
	 $t_{c}$: 0.050245 <-> 29.956599
	 RF_{0}: 0.009045 <-> 0.999192
	 $E_{0}$: 0.000822 <-> 1.999695

Estimated parameters (av +/- std):

	 $\beta_{I}$: 0.460936 +/- 0.262738
	 $\beta_{E}$: 0.399222 +/- 0.269008
	 $N$: 97132.890162 +/- 3668341.356269
	 $\mu$: 0.001796 +/- 0.223437
	 $\gamma$: 0.701616 +/- 0.219406
	 $t_{c}$: 16.486908 +/- 8.480085
	 RF_{0}: 0.600549 +/- 0.254172
	 $E_{0}$: 1.715572 +/- 0.523881

Posterior distribution on file posterior_'param'.png

RMSD: 0.325818
Weighted RMSD: 0.325818
RMSD for validation data: 2.715813
RMSD for total data: 0.490737
AIC: 16.651636
AIC for validation data: 21.431626
AIC for total data: 16.981474

#####################################################################

Total time on ABC: 0.288 s
Number of trials: 17765

Fit on file model_fit.png