2021-11-29_21-52-43

Data Source: Número de casos confirmados de COVID-19 no Brasil (on GitHub)
https://raw.githubusercontent.com/wcota/covid19br/master/cases-brazil-cities-time.csv

Rejection ABC fitting of epidemic curves

Model: SEIRD
Parameters: $\beta_{I}$, $\beta_{E}$, $N$, $\mu$, $\gamma$, $t_{c}$, RF_{0}, $E_{0}$
#####################################################################

Number of Samples: 48
Number of Posteriors: 3
RMSD Weights: [1,1]
Training window size: 30
Validation window size: 10

#####################################################################

Posterior No. 1
Execution Time: 1.840 s
Tolerance: eps = 9.374558

Priors' Ranges:

	 $\beta_{I}$: 0.000000 <-> 1.000000
	 $\beta_{E}$: 0.000000 <-> 1.000000
	 $N$: 212559.409000 <-> 42511881.800000
	 $\mu$: 0.000000 <-> 1.000000
	 $\gamma$: 0.000000 <-> 1.000000
	 $t_{c}$: 0.000000 <-> 30.000000
	 RF_{0}: 0.000000 <-> 1.000000
	 $E_{0}$: 0.000000 <-> 2.000000

Estimated parameters (av +/- std):

	 $\beta_{I}$: 0.948083 +/- 0.292173
	 $\beta_{E}$: 0.163040 +/- 0.304033
	 $N$: 3477148.736608 +/- 11362321.852391
	 $\mu$: 0.011876 +/- 0.266235
	 $\gamma$: 0.408545 +/- 0.260329
	 $t_{c}$: 14.333229 +/- 8.719465
	 RF_{0}: 0.967302 +/- 0.278195
	 $E_{0}$: 0.428317 +/- 0.596253

Posterior distribution on file posterior_'param'.png

RMSD: 0.073767
Weighted RMSD: 0.073767
RMSD for validation data: 0.612342
RMSD for total data: 0.272905
AIC: 16.147535
AIC for validation data: 17.224685
AIC for total data: 16.545810

#####################################################################

Total time on ABC: 1.840 s
Number of trials: 99519

Fit on file model_fit.png