2021-11-14_05-05-40

Data Source: Número de casos confirmados de COVID-19 no Brasil (on GitHub)
https://raw.githubusercontent.com/wcota/covid19br/master/cases-brazil-cities-time.csv

Rejection ABC fitting of epidemic curves

Model: SEIRD
Parameters: $\beta_{I}$, $\beta_{E}$, $N$, $\mu$, $\gamma$, $t_{c}$, RF_{0}, $E_{0}$
#####################################################################

Number of Samples: 960
Number of Posteriors: 3
RMSD Weights: [1,1]
Training window size: 35
Validation window size: 10

#####################################################################

Posterior No. 3
Execution Time: 0.065 s
Tolerance: eps = 36.354428

Priors' Ranges:

	 $\beta_{I}$: 0.003049 <-> 0.996695
	 $\beta_{E}$: 0.000000 <-> 0.908367
	 $N$: 143034.406136 <-> 25103212.728068
	 $\mu$: 0.000085 <-> 0.997964
	 $\gamma$: 0.004561 <-> 0.997482
	 $t_{c}$: 0.082471 <-> 29.987794
	 RF_{0}: 0.004199 <-> 0.999192
	 $E_{0}$: 0.000137 <-> 1.941684

Estimated parameters (av +/- std):

	 $\beta_{I}$: 0.093985 +/- 0.244917
	 $\beta_{E}$: 0.020931 +/- 0.073378
	 $N$: 11590917.376228 +/- 6698889.359231
	 $\mu$: 0.017566 +/- 0.260724
	 $\gamma$: 0.411506 +/- 0.215841
	 $t_{c}$: 6.766859 +/- 8.289557
	 RF_{0}: 0.946295 +/- 0.256901
	 $E_{0}$: 0.058769 +/- 0.439230

Posterior distribution on file posterior_'param'.png

RMSD: 0.169688
Weighted RMSD: 0.169688
RMSD for validation data: 0.979212
RMSD for total data: 0.399268
AIC: 16.339377
AIC for validation data: 17.958424
AIC for total data: 16.798537

#####################################################################

Total time on ABC: 0.368 s
Number of trials: 7589

Fit on file model_fit.png