2021-11-14_19-26-42

Data Source: Número de casos confirmados de COVID-19 no Brasil (on GitHub)
https://raw.githubusercontent.com/wcota/covid19br/master/cases-brazil-cities-time.csv

Rejection ABC fitting of epidemic curves

Model: SEIRD
Parameters: $\beta_{I}$, $\beta_{E}$, $N$, $\mu$, $\gamma$, $t_{c}$, RF_{0}, $E_{0}$
#####################################################################

Number of Samples: 960
Number of Posteriors: 3
RMSD Weights: [1,1]
Training window size: 40
Validation window size: 10

#####################################################################

Posterior No. 2
Execution Time: 1.212 s
Tolerance: eps = 0.039717

Priors' Ranges:

	 $\beta_{I}$: 0.000094 <-> 0.998355
	 $\beta_{E}$: 0.001401 <-> 0.992506
	 $N$: 2007704.504836 <-> 2601386.645979
	 $\mu$: 0.000522 <-> 0.005010
	 $\gamma$: 0.016021 <-> 0.222518
	 $t_{c}$: 11.584997 <-> 29.992379
	 RF_{0}: 0.378101 <-> 0.990843
	 $E_{0}$: 0.016431 <-> 0.730314

Estimated parameters (av +/- std):

	 $\beta_{I}$: 0.437332 +/- 0.250140
	 $\beta_{E}$: 0.066251 +/- 0.212164
	 $N$: 2404990.114356 +/- 101349.060101
	 $\mu$: 0.003193 +/- 0.001057
	 $\gamma$: 0.133599 +/- 0.044882
	 $t_{c}$: 24.722662 +/- 3.368531
	 RF_{0}: 0.913383 +/- 0.093803
	 $E_{0}$: 0.447562 +/- 0.112500

Posterior distribution on file posterior_'param'.png

RMSD: 0.025161
Weighted RMSD: 0.025161
RMSD for validation data: 0.518356
RMSD for total data: 0.268149
AIC: 16.050322
AIC for validation data: 17.036711
AIC for total data: 16.536298

#####################################################################

Total time on ABC: 1.997 s
Number of trials: 58660

Fit on file model_fit.png