2021-11-29_21-52-43

Data Source: Número de casos confirmados de COVID-19 no Brasil (on GitHub)
https://raw.githubusercontent.com/wcota/covid19br/master/cases-brazil-cities-time.csv

Rejection ABC fitting of epidemic curves

Model: SEIRD
Parameters: $\beta_{I}$, $\beta_{E}$, $N$, $\mu$, $\gamma$, $t_{c}$, RF_{0}, $E_{0}$
#####################################################################

Number of Samples: 9984
Number of Posteriors: 3
RMSD Weights: [1,1]
Training window size: 25
Validation window size: 10

#####################################################################

Posterior No. 2
Execution Time: 2.041 s
Tolerance: eps = 5.197387

Priors' Ranges:

	 $\beta_{I}$: 0.000114 <-> 0.999967
	 $\beta_{E}$: 0.000006 <-> 0.999648
	 $N$: 212945.436995 <-> 42426458.936282
	 $\mu$: 0.000025 <-> 0.998962
	 $\gamma$: 0.000166 <-> 0.999923
	 $t_{c}$: 0.039868 <-> 29.999627
	 RF_{0}: 0.000364 <-> 0.999997
	 $E_{0}$: 0.000029 <-> 1.999496

Estimated parameters (av +/- std):

	 $\beta_{I}$: 0.595024 +/- 0.269640
	 $\beta_{E}$: 0.086092 +/- 0.279642
	 $N$: 40473119.657152 +/- 10240751.026553
	 $\mu$: 0.017994 +/- 0.196897
	 $\gamma$: 0.892382 +/- 0.219809
	 $t_{c}$: 6.218132 +/- 7.871314
	 RF_{0}: 0.907015 +/- 0.255751
	 $E_{0}$: 0.101861 +/- 0.545641

Posterior distribution on file posterior_'param'.png

RMSD: 0.066064
Weighted RMSD: 0.066064
RMSD for validation data: 0.343779
RMSD for total data: 0.448719
AIC: 16.132128
AIC for validation data: 16.687559
AIC for total data: 16.897438

#####################################################################

Total time on ABC: 3.498 s
Number of trials: 157906

Fit on file model_fit.png