2022-03-08_16-04-21

Data Source: Número de casos confirmados de COVID-19 no Brasil (on GitHub)
https://raw.githubusercontent.com/wcota/covid19br/master/cases-brazil-cities-time.csv

Rejection ABC fitting of epidemic curves

Model: SEIRD
Parameters: $\beta_{I}$, $\beta_{E}$, $N$, $\mu$, $\gamma$, $t_{c}$, RF_{0}, $E_{0}$
#####################################################################

Number of Samples: 960
Number of Posteriors: 3
RMSD Weights: [1,1]
Training window size: 20
Validation window size: 10

#####################################################################

Posterior No. 2
Execution Time: 0.738 s
Tolerance: eps = 0.027573

Priors' Ranges:

	 $\beta_{I}$: 0.002444 <-> 0.999193
	 $\beta_{E}$: 0.000364 <-> 0.137534
	 $N$: 2153148.070574 <-> 105839955.268469
	 $\mu$: 0.010219 <-> 0.065758
	 $\gamma$: 0.131333 <-> 0.999891
	 $t_{c}$: 3.048505 <-> 29.988934
	 RF_{0}: 0.520482 <-> 0.997084
	 $E_{0}$: 0.154385 <-> 1.997880

Estimated parameters (av +/- std):

	 $\beta_{I}$: 0.175948 +/- 0.253036
	 $\beta_{E}$: 0.072064 +/- 0.022442
	 $N$: 88382769.410136 +/- 27544921.838210
	 $\mu$: 0.023136 +/- 0.011286
	 $\gamma$: 0.382620 +/- 0.187209
	 $t_{c}$: 19.939893 +/- 5.607297
	 RF_{0}: 0.733047 +/- 0.092278
	 $E_{0}$: 1.354329 +/- 0.379547

Posterior distribution on file posterior_'param'.png

RMSD: 0.013968
Weighted RMSD: 0.013968
RMSD for validation data: 0.240419
RMSD for total data: 0.484672
AIC: 16.027936
AIC for validation data: 16.480838
AIC for total data: 16.969344

#####################################################################

Total time on ABC: 1.069 s
Number of trials: 81575

Fit on file model_fit.png