2021-11-14_04-14-21

Data Source: Número de casos confirmados de COVID-19 no Brasil (on GitHub)
https://raw.githubusercontent.com/wcota/covid19br/master/cases-brazil-cities-time.csv

Rejection ABC fitting of epidemic curves

Model: SEIRD
Parameters: $\beta_{I}$, $\beta_{E}$, $N$, $\mu$, $\gamma$, $t_{c}$, RF_{0}, $E_{0}$
#####################################################################

Number of Samples: 48
Number of Posteriors: 3
RMSD Weights: [1,1]
Training window size: 25
Validation window size: 10

#####################################################################

Posterior No. 1
Execution Time: 0.133 s
Tolerance: eps = 0.085419

Priors' Ranges:

	 $\beta_{I}$: 0.000000 <-> 1.000000
	 $\beta_{E}$: 0.000000 <-> 1.000000
	 $N$: 126476.458000 <-> 25295291.600000
	 $\mu$: 0.000000 <-> 1.000000
	 $\gamma$: 0.000000 <-> 1.000000
	 $t_{c}$: 0.000000 <-> 30.000000
	 RF_{0}: 0.000000 <-> 1.000000
	 $E_{0}$: 0.000000 <-> 2.000000

Estimated parameters (av +/- std):

	 $\beta_{I}$: 0.229907 +/- 0.262257
	 $\beta_{E}$: 0.034322 +/- 0.015699
	 $N$: 15062763.125730 +/- 5822032.561161
	 $\mu$: 0.037480 +/- 0.009876
	 $\gamma$: 0.883387 +/- 0.168249
	 $t_{c}$: 29.130169 +/- 6.765927
	 RF_{0}: 0.991691 +/- 0.003658
	 $E_{0}$: 0.070051 +/- 0.021342

Posterior distribution on file posterior_'param'.png

RMSD: 0.023995
Weighted RMSD: 0.023995
RMSD for validation data: 0.440440
RMSD for total data: 0.399241
AIC: 16.047991
AIC for validation data: 16.880881
AIC for total data: 16.798482

#####################################################################

Total time on ABC: 0.133 s
Number of trials: 9563

Fit on file model_fit.png