2021-11-14_05-08-12

Data Source: Número de casos confirmados de COVID-19 no Brasil (on GitHub)
https://raw.githubusercontent.com/wcota/covid19br/master/cases-brazil-cities-time.csv

Rejection ABC fitting of epidemic curves

Model: SEIRD
Parameters: $\beta_{I}$, $\beta_{E}$, $N$, $\mu$, $\gamma$, $t_{c}$, RF_{0}, $E_{0}$
#####################################################################

Number of Samples: 960
Number of Posteriors: 3
RMSD Weights: [1,1]
Training window size: 30
Validation window size: 10

#####################################################################

Posterior No. 2
Execution Time: 0.073 s
Tolerance: eps = 1.575501

Priors' Ranges:

	 $\beta_{I}$: 0.000830 <-> 0.998046
	 $\beta_{E}$: 0.000004 <-> 0.641251
	 $N$: 131051.128251 <-> 25272773.216407
	 $\mu$: 0.001321 <-> 0.997281
	 $\gamma$: 0.005378 <-> 0.999106
	 $t_{c}$: 0.040770 <-> 29.993944
	 RF_{0}: 0.002642 <-> 0.998138
	 $E_{0}$: 0.003757 <-> 1.992369

Estimated parameters (av +/- std):

	 $\beta_{I}$: 0.178887 +/- 0.247744
	 $\beta_{E}$: 0.123460 +/- 0.066146
	 $N$: 21463452.681245 +/- 6706194.300947
	 $\mu$: 0.026137 +/- 0.256497
	 $\gamma$: 0.688514 +/- 0.228907
	 $t_{c}$: 23.966032 +/- 8.372074
	 RF_{0}: 0.068157 +/- 0.252212
	 $E_{0}$: 0.838132 +/- 0.487287

Posterior distribution on file posterior_'param'.png

RMSD: 0.075001
Weighted RMSD: 0.075001
RMSD for validation data: 0.398497
RMSD for total data: 40.859756
AIC: 16.150002
AIC for validation data: 16.796993
AIC for total data: 97.719512

#####################################################################

Total time on ABC: 0.261 s
Number of trials: 9351

Fit on file model_fit.png