2021-11-14_23-05-32

Data Source: Número de casos confirmados de COVID-19 no Brasil (on GitHub)
https://raw.githubusercontent.com/wcota/covid19br/master/cases-brazil-cities-time.csv

Rejection ABC fitting of epidemic curves

Model: SEIRD
Parameters: $\beta_{I}$, $\beta_{E}$, $N$, $\mu$, $\gamma$, $t_{c}$, RF_{0}, $E_{0}$
#####################################################################

Number of Samples: 960
Number of Posteriors: 3
RMSD Weights: [1,1]
Training window size: 25
Validation window size: 10

#####################################################################

Posterior No. 3
Execution Time: 0.086 s
Tolerance: eps = 0.182639

Priors' Ranges:

	 $\beta_{I}$: 0.002316 <-> 0.994869
	 $\beta_{E}$: 0.052035 <-> 0.668979
	 $N$: 506369.150104 <-> 66013509.368754
	 $\mu$: 0.001289 <-> 0.997041
	 $\gamma$: 0.001589 <-> 0.999990
	 $t_{c}$: 1.263020 <-> 29.991988
	 RF_{0}: 0.001716 <-> 0.998532
	 $E_{0}$: 0.001629 <-> 1.999394

Estimated parameters (av +/- std):

	 $\beta_{I}$: 0.506526 +/- 0.263635
	 $\beta_{E}$: 0.364869 +/- 0.056451
	 $N$: 49966630.149802 +/- 17620381.829699
	 $\mu$: 0.013944 +/- 0.261475
	 $\gamma$: 0.331261 +/- 0.260305
	 $t_{c}$: 15.344368 +/- 6.922190
	 RF_{0}: 0.590705 +/- 0.273883
	 $E_{0}$: 1.960860 +/- 0.543745

Posterior distribution on file posterior_'param'.png

RMSD: 0.022967
Weighted RMSD: 0.022967
RMSD for validation data: 1.311290
RMSD for total data: 1.971882
AIC: 16.045934
AIC for validation data: 18.622581
AIC for total data: 19.943764

#####################################################################

Total time on ABC: 0.335 s
Number of trials: 9211

Fit on file model_fit.png