2021-11-14_21-31-10

Data Source: Número de casos confirmados de COVID-19 no Brasil (on GitHub)
https://raw.githubusercontent.com/wcota/covid19br/master/cases-brazil-cities-time.csv

Rejection ABC fitting of epidemic curves

Model: SEIRD
Parameters: $\beta_{I}$, $\beta_{E}$, $N$, $\mu$, $\gamma$, $t_{c}$, RF_{0}, $E_{0}$
#####################################################################

Number of Samples: 960
Number of Posteriors: 3
RMSD Weights: [1,1]
Training window size: 40
Validation window size: 10

#####################################################################

Posterior No. 2
Execution Time: 0.425 s
Tolerance: eps = 0.030059

Priors' Ranges:

	 $\beta_{I}$: 0.002189 <-> 0.997884
	 $\beta_{E}$: 0.133682 <-> 0.576555
	 $N$: 1474532.090923 <-> 1901597.852718
	 $\mu$: 0.007838 <-> 0.040534
	 $\gamma$: 0.103477 <-> 0.552795
	 $t_{c}$: 16.175062 <-> 29.978795
	 RF_{0}: 0.000838 <-> 0.983026
	 $E_{0}$: 0.236197 <-> 1.999518

Estimated parameters (av +/- std):

	 $\beta_{I}$: 0.847715 +/- 0.258392
	 $\beta_{E}$: 0.160565 +/- 0.084988
	 $N$: 1705761.368178 +/- 83189.143070
	 $\mu$: 0.023062 +/- 0.007206
	 $\gamma$: 0.312871 +/- 0.099289
	 $t_{c}$: 23.632805 +/- 2.485873
	 RF_{0}: 0.579845 +/- 0.224437
	 $E_{0}$: 1.714790 +/- 0.340386

Posterior distribution on file posterior_'param'.png

RMSD: 0.017730
Weighted RMSD: 0.017730
RMSD for validation data: 0.335406
RMSD for total data: 0.394548
AIC: 16.035460
AIC for validation data: 16.670812
AIC for total data: 16.789097

#####################################################################

Total time on ABC: 0.986 s
Number of trials: 22284

Fit on file model_fit.png