2021-11-14_10-31-06

Data Source: Número de casos confirmados de COVID-19 no Brasil (on GitHub)
https://raw.githubusercontent.com/wcota/covid19br/master/cases-brazil-cities-time.csv

Rejection ABC fitting of epidemic curves

Model: SEIRD
Parameters: $\beta_{I}$, $\beta_{E}$, $N$, $\mu$, $\gamma$, $t_{c}$, RF_{0}, $E_{0}$
#####################################################################

Number of Samples: 960
Number of Posteriors: 3
RMSD Weights: [1,1]
Training window size: 10
Validation window size: 10

#####################################################################

Posterior No. 3
Execution Time: 0.105 s
Tolerance: eps = 12.917688

Priors' Ranges:

	 $\beta_{I}$: 0.000832 <-> 0.999574
	 $\beta_{E}$: 0.000306 <-> 0.999383
	 $N$: 242076.726849 <-> 42444552.895173
	 $\mu$: 0.000114 <-> 0.976397
	 $\gamma$: 0.004797 <-> 0.998415
	 $t_{c}$: 0.302010 <-> 29.996315
	 RF_{0}: 0.006475 <-> 0.999498
	 $E_{0}$: 0.001809 <-> 1.988706

Estimated parameters (av +/- std):

	 $\beta_{I}$: 0.502586 +/- 0.265471
	 $\beta_{E}$: 0.068030 +/- 0.269073
	 $N$: 35599560.997983 +/- 10897981.991281
	 $\mu$: 0.003360 +/- 0.125373
	 $\gamma$: 0.637211 +/- 0.215472
	 $t_{c}$: 26.073742 +/- 6.910526
	 RF_{0}: 0.916397 +/- 0.210889
	 $E_{0}$: 0.102064 +/- 0.538286

Posterior distribution on file posterior_'param'.png

RMSD: 0.129509
Weighted RMSD: 0.129509
RMSD for validation data: 0.435943
RMSD for total data: 0.376842
AIC: 16.259017
AIC for validation data: 16.871886
AIC for total data: 16.753684

#####################################################################

Total time on ABC: 0.266 s
Number of trials: 15019

Fit on file model_fit.png