2021-11-14_19-38-02

Data Source: Número de casos confirmados de COVID-19 no Brasil (on GitHub)
https://raw.githubusercontent.com/wcota/covid19br/master/cases-brazil-cities-time.csv

Rejection ABC fitting of epidemic curves

Model: SEIRD
Parameters: $\beta_{I}$, $\beta_{E}$, $N$, $\mu$, $\gamma$, $t_{c}$, RF_{0}, $E_{0}$
#####################################################################

Number of Samples: 48
Number of Posteriors: 3
RMSD Weights: [1,1]
Training window size: 30
Validation window size: 10

#####################################################################

Posterior No. 1
Execution Time: 0.074 s
Tolerance: eps = 4.850094

Priors' Ranges:

	 $\beta_{I}$: 0.000000 <-> 1.000000
	 $\beta_{E}$: 0.000000 <-> 1.000000
	 $N$: 51269.183000 <-> 10253836.600000
	 $\mu$: 0.000000 <-> 1.000000
	 $\gamma$: 0.000000 <-> 1.000000
	 $t_{c}$: 0.000000 <-> 30.000000
	 RF_{0}: 0.000000 <-> 1.000000
	 $E_{0}$: 0.000000 <-> 2.000000

Estimated parameters (av +/- std):

	 $\beta_{I}$: 0.187680 +/- 0.183570
	 $\beta_{E}$: 0.403664 +/- 0.169999
	 $N$: 2395415.719894 +/- 2736318.203521
	 $\mu$: 0.002836 +/- 0.002431
	 $\gamma$: 0.376337 +/- 0.185093
	 $t_{c}$: 0.485904 +/- 1.252430
	 RF_{0}: 0.609186 +/- 0.252223
	 $E_{0}$: 0.087958 +/- 0.487555

Posterior distribution on file posterior_'param'.png

RMSD: 0.461156
Weighted RMSD: 0.461156
RMSD for validation data: 4.295954
RMSD for total data: 0.433979
AIC: 16.922311
AIC for validation data: 24.591907
AIC for total data: 16.867957

#####################################################################

Total time on ABC: 0.074 s
Number of trials: 5696

Fit on file model_fit.png