2021-11-14_05-05-40

Data Source: Número de casos confirmados de COVID-19 no Brasil (on GitHub)
https://raw.githubusercontent.com/wcota/covid19br/master/cases-brazil-cities-time.csv

Rejection ABC fitting of epidemic curves

Model: SEIRD
Parameters: $\beta_{I}$, $\beta_{E}$, $N$, $\mu$, $\gamma$, $t_{c}$, RF_{0}, $E_{0}$
#####################################################################

Number of Samples: 48
Number of Posteriors: 3
RMSD Weights: [1,1]
Training window size: 20
Validation window size: 10

#####################################################################

Posterior No. 1
Execution Time: 0.132 s
Tolerance: eps = 93.658204

Priors' Ranges:

	 $\beta_{I}$: 0.000000 <-> 1.000000
	 $\beta_{E}$: 0.000000 <-> 1.000000
	 $N$: 126476.458000 <-> 25295291.600000
	 $\mu$: 0.000000 <-> 1.000000
	 $\gamma$: 0.000000 <-> 1.000000
	 $t_{c}$: 0.000000 <-> 30.000000
	 RF_{0}: 0.000000 <-> 1.000000
	 $E_{0}$: 0.000000 <-> 2.000000

Estimated parameters (av +/- std):

	 $\beta_{I}$: 0.939114 +/- 0.280769
	 $\beta_{E}$: 0.094606 +/- 0.126326
	 $N$: 16058278.484907 +/- 7342643.507750
	 $\mu$: 0.082443 +/- 0.289636
	 $\gamma$: 0.753251 +/- 0.270319
	 $t_{c}$: 17.847096 +/- 8.932749
	 RF_{0}: 0.995103 +/- 0.277649
	 $E_{0}$: 0.000325 +/- 0.537290

Posterior distribution on file posterior_'param'.png

RMSD: 0.471187
Weighted RMSD: 0.471187
RMSD for validation data: 1.221587
RMSD for total data: 58.789438
AIC: 16.942375
AIC for validation data: 18.443175
AIC for total data: 133.578876

#####################################################################

Total time on ABC: 0.132 s
Number of trials: 9823

Fit on file model_fit.png