2022-03-08_16-22-08

Data Source: Número de casos confirmados de COVID-19 no Brasil (on GitHub)
https://raw.githubusercontent.com/wcota/covid19br/master/cases-brazil-cities-time.csv

Rejection ABC fitting of epidemic curves

Model: SEIRD
Parameters: $\beta_{I}$, $\beta_{E}$, $N$, $\mu$, $\gamma$, $t_{c}$, RF_{0}, $E_{0}$
#####################################################################

Number of Samples: 960
Number of Posteriors: 3
RMSD Weights: [1,1]
Training window size: 40
Validation window size: 10

#####################################################################

Posterior No. 3
Execution Time: 6.840 s
Tolerance: eps = 0.018706

Priors' Ranges:

	 $\beta_{I}$: 0.002488 <-> 0.998116
	 $\beta_{E}$: 0.000005 <-> 0.142830
	 $N$: 12468419.494773 <-> 105642348.362079
	 $\mu$: 0.005188 <-> 0.021025
	 $\gamma$: 0.234140 <-> 0.999644
	 $t_{c}$: 5.381397 <-> 29.987727
	 RF_{0}: 0.978256 <-> 0.999991
	 $E_{0}$: 0.033925 <-> 0.229530

Estimated parameters (av +/- std):

	 $\beta_{I}$: 0.440828 +/- 0.262484
	 $\beta_{E}$: 0.018500 +/- 0.024817
	 $N$: 48986987.245798 +/- 25002807.742334
	 $\mu$: 0.009007 +/- 0.003453
	 $\gamma$: 0.431945 +/- 0.171806
	 $t_{c}$: 8.928807 +/- 5.272478
	 RF_{0}: 0.993088 +/- 0.004412
	 $E_{0}$: 0.071806 +/- 0.037818

Posterior distribution on file posterior_'param'.png

RMSD: 0.011979
Weighted RMSD: 0.011979
RMSD for validation data: 0.114758
RMSD for total data: 0.449495
AIC: 16.023957
AIC for validation data: 16.229515
AIC for total data: 16.898991

#####################################################################

Total time on ABC: 14.233 s
Number of trials: 442496

Fit on file model_fit.png