2020-09-15_02-31-35

Data Source: Número de casos confirmados de COVID-19 no Brasil (on GitHub)
https://raw.githubusercontent.com/wcota/covid19br/master/cases-brazil-cities-time.csv

Rejection ABC fitting of epidemic curves

Model: SIRD
Parameters: $\beta$, $N$, $\gamma$, $\mu$
#####################################################################

Number of Iterations: 3000000
Number of Posteriors: 1

#####################################################################

Posterior No. 1
Execution Time: 30.306 s
Tolerance: eps = 5000.00

Priors' Ranges:

	 $\beta$: 0.000000 <-> 1.000000
	 $N$: 462893.000000 <-> 23144666.000000
	 $\gamma$: 0.000000 <-> 1.000000
	 $\mu$: 0.000000 <-> 1.000000

Estimated parameters (av +/- std):

	 $\beta$: 0.992587 +/- 0.144734
	 $N$: 6062241.661771 +/- 1019444.912656
	 $\gamma$: 0.870105 +/- 0.138548
	 $\mu$: 0.053678 +/- 0.032431

Posterior distribution on file posterior_'param'.png

#####################################################################

Total time on ABC: 30.306 s

Fit on file model_fit.png