2021-11-14_20-32-41

Data Source: Número de casos confirmados de COVID-19 no Brasil (on GitHub)
https://raw.githubusercontent.com/wcota/covid19br/master/cases-brazil-cities-time.csv

Rejection ABC fitting of epidemic curves

Model: SEIRD
Parameters: $\beta_{I}$, $\beta_{E}$, $N$, $\mu$, $\gamma$, $t_{c}$, RF_{0}, $E_{0}$
#####################################################################

Number of Samples: 48
Number of Posteriors: 3
RMSD Weights: [1,1]
Training window size: 40
Validation window size: 10

#####################################################################

Posterior No. 1
Execution Time: 0.221 s
Tolerance: eps = 7.951273

Priors' Ranges:

	 $\beta_{I}$: 0.000000 <-> 1.000000
	 $\beta_{E}$: 0.000000 <-> 1.000000
	 $N$: 67886.004000 <-> 13577200.800000
	 $\mu$: 0.000000 <-> 1.000000
	 $\gamma$: 0.000000 <-> 1.000000
	 $t_{c}$: 0.000000 <-> 30.000000
	 RF_{0}: 0.000000 <-> 1.000000
	 $E_{0}$: 0.000000 <-> 2.000000

Estimated parameters (av +/- std):

	 $\beta_{I}$: 0.520954 +/- 0.297357
	 $\beta_{E}$: 0.089299 +/- 0.302265
	 $N$: 6715633.011811 +/- 4178213.586272
	 $\mu$: 0.105253 +/- 0.304322
	 $\gamma$: 0.964845 +/- 0.266217
	 $t_{c}$: 4.234244 +/- 9.206439
	 RF_{0}: 0.790735 +/- 0.284035
	 $E_{0}$: 0.003750 +/- 0.566778

Posterior distribution on file posterior_'param'.png

RMSD: 0.084298
Weighted RMSD: 0.084298
RMSD for validation data: 0.760307
RMSD for total data: 0.498565
AIC: 16.168595
AIC for validation data: 17.520614
AIC for total data: 16.997129

#####################################################################

Total time on ABC: 0.221 s
Number of trials: 9296

Fit on file model_fit.png