2021-11-14_04-14-21

Data Source: Número de casos confirmados de COVID-19 no Brasil (on GitHub)
https://raw.githubusercontent.com/wcota/covid19br/master/cases-brazil-cities-time.csv

Rejection ABC fitting of epidemic curves

Model: SEIRD
Parameters: $\beta_{I}$, $\beta_{E}$, $N$, $\mu$, $\gamma$, $t_{c}$, RF_{0}, $E_{0}$
#####################################################################

Number of Samples: 960
Number of Posteriors: 3
RMSD Weights: [1,1]
Training window size: 20
Validation window size: 10

#####################################################################

Posterior No. 3
Execution Time: 0.367 s
Tolerance: eps = 0.050824

Priors' Ranges:

	 $\beta_{I}$: 0.000518 <-> 0.995487
	 $\beta_{E}$: 0.000001 <-> 0.109873
	 $N$: 585937.686467 <-> 25238637.611062
	 $\mu$: 0.003713 <-> 0.013017
	 $\gamma$: 0.303634 <-> 0.999581
	 $t_{c}$: 5.658627 <-> 29.990494
	 RF_{0}: 0.886876 <-> 0.999939
	 $E_{0}$: 0.151620 <-> 0.786184

Estimated parameters (av +/- std):

	 $\beta_{I}$: 0.365389 +/- 0.243588
	 $\beta_{E}$: 0.001705 +/- 0.019343
	 $N$: 5643606.193824 +/- 6947881.325798
	 $\mu$: 0.005464 +/- 0.001674
	 $\gamma$: 0.439970 +/- 0.143289
	 $t_{c}$: 21.001872 +/- 5.751913
	 RF_{0}: 0.968482 +/- 0.022312
	 $E_{0}$: 0.557039 +/- 0.132749

Posterior distribution on file posterior_'param'.png

RMSD: 0.023560
Weighted RMSD: 0.023560
RMSD for validation data: 0.433661
RMSD for total data: 0.399262
AIC: 16.047121
AIC for validation data: 16.867322
AIC for total data: 16.798524

#####################################################################

Total time on ABC: 0.725 s
Number of trials: 20129

Fit on file model_fit.png