2021-12-01_00-51-50

Data Source: Número de casos confirmados de COVID-19 no Brasil (on GitHub)
https://raw.githubusercontent.com/wcota/covid19br/master/cases-brazil-cities-time.csv

Rejection ABC fitting of epidemic curves

Model: SEIRD
Parameters: $\beta_{I}$, $\beta_{E}$, $N$, $\mu$, $\gamma$, $t_{c}$, RF_{0}, $E_{0}$
#####################################################################

Number of Samples: 99984
Number of Posteriors: 3
RMSD Weights: [1,1]
Training window size: 25
Validation window size: 10

#####################################################################

Posterior No. 3
Execution Time: 87.854 s
Tolerance: eps = 7.947673

Priors' Ranges:

	 $\beta_{I}$: 0.000008 <-> 0.999982
	 $\beta_{E}$: 0.000004 <-> 0.999987
	 $N$: 212864.897496 <-> 42502095.840229
	 $\mu$: 0.000000 <-> 0.998244
	 $\gamma$: 0.000076 <-> 0.999990
	 $t_{c}$: 0.034589 <-> 29.999404
	 RF_{0}: 0.000122 <-> 0.999997
	 $E_{0}$: 0.000015 <-> 1.999993

Estimated parameters (av +/- std):

	 $\beta_{I}$: 0.123769 +/- 0.268882
	 $\beta_{E}$: 0.658798 +/- 0.271116
	 $N$: 8183405.339022 +/- 7442616.443400
	 $\mu$: 0.005029 +/- 0.156936
	 $\gamma$: 0.610524 +/- 0.223370
	 $t_{c}$: 27.061869 +/- 7.733101
	 RF_{0}: 0.940695 +/- 0.233033
	 $E_{0}$: 0.151496 +/- 0.547558

Posterior distribution on file posterior_'param'.png

RMSD: 0.106591
Weighted RMSD: 0.106591
RMSD for validation data: 0.824180
RMSD for total data: 0.302444
AIC: 16.213183
AIC for validation data: 17.648361
AIC for total data: 16.604889

#####################################################################

Total time on ABC: 183.249 s
Number of trials: 1492408

Fit on file model_fit.png