2021-11-14_19-37-26

Data Source: Número de casos confirmados de COVID-19 no Brasil (on GitHub)
https://raw.githubusercontent.com/wcota/covid19br/master/cases-brazil-cities-time.csv

Rejection ABC fitting of epidemic curves

Model: SEIRD
Parameters: $\beta_{I}$, $\beta_{E}$, $N$, $\mu$, $\gamma$, $t_{c}$, RF_{0}, $E_{0}$
#####################################################################

Number of Samples: 960
Number of Posteriors: 3
RMSD Weights: [1,1]
Training window size: 45
Validation window size: 10

#####################################################################

Posterior No. 3
Execution Time: 7.640 s
Tolerance: eps = 0.041905

Priors' Ranges:

	 $\beta_{I}$: 0.011096 <-> 0.992132
	 $\beta_{E}$: 0.000398 <-> 0.972299
	 $N$: 351266.136256 <-> 1279972.822615
	 $\mu$: 0.001291 <-> 0.013536
	 $\gamma$: 0.113926 <-> 0.997689
	 $t_{c}$: 6.214611 <-> 29.983177
	 RF_{0}: 0.919633 <-> 0.990466
	 $E_{0}$: 0.003637 <-> 0.102840

Estimated parameters (av +/- std):

	 $\beta_{I}$: 0.208367 +/- 0.271663
	 $\beta_{E}$: 0.040916 +/- 0.192802
	 $N$: 797736.677410 +/- 233297.537025
	 $\mu$: 0.001844 +/- 0.002639
	 $\gamma$: 0.151750 +/- 0.208095
	 $t_{c}$: 28.719820 +/- 5.285721
	 RF_{0}: 0.948953 +/- 0.012236
	 $E_{0}$: 0.053700 +/- 0.019573

Posterior distribution on file posterior_'param'.png

RMSD: 0.021065
Weighted RMSD: 0.021065
RMSD for validation data: 0.525032
RMSD for total data: 0.463801
AIC: 16.042129
AIC for validation data: 17.050064
AIC for total data: 16.927602

#####################################################################

Total time on ABC: 13.788 s
Number of trials: 466770

Fit on file model_fit.png