2021-11-14_19-26-42

Data Source: Número de casos confirmados de COVID-19 no Brasil (on GitHub)
https://raw.githubusercontent.com/wcota/covid19br/master/cases-brazil-cities-time.csv

Rejection ABC fitting of epidemic curves

Model: SEIRD
Parameters: $\beta_{I}$, $\beta_{E}$, $N$, $\mu$, $\gamma$, $t_{c}$, RF_{0}, $E_{0}$
#####################################################################

Number of Samples: 48
Number of Posteriors: 3
RMSD Weights: [1,1]
Training window size: 50
Validation window size: 10

#####################################################################

Posterior No. 1
Execution Time: 2.429 s
Tolerance: eps = 0.028614

Priors' Ranges:

	 $\beta_{I}$: 0.000000 <-> 1.000000
	 $\beta_{E}$: 0.000000 <-> 1.000000
	 $N$: 67886.004000 <-> 13577200.800000
	 $\mu$: 0.000000 <-> 1.000000
	 $\gamma$: 0.000000 <-> 1.000000
	 $t_{c}$: 0.000000 <-> 30.000000
	 RF_{0}: 0.000000 <-> 1.000000
	 $E_{0}$: 0.000000 <-> 2.000000

Estimated parameters (av +/- std):

	 $\beta_{I}$: 0.312626 +/- 0.218750
	 $\beta_{E}$: 0.030117 +/- 0.068448
	 $N$: 2112450.020230 +/- 1825729.671626
	 $\mu$: 0.001030 +/- 0.000449
	 $\gamma$: 0.041300 +/- 0.030960
	 $t_{c}$: 25.197231 +/- 4.391462
	 RF_{0}: 0.829268 +/- 0.073139
	 $E_{0}$: 0.769859 +/- 0.177532

Posterior distribution on file posterior_'param'.png

RMSD: 0.008933
Weighted RMSD: 0.008933
RMSD for validation data: 0.119109
RMSD for total data: 0.275826
AIC: 16.017865
AIC for validation data: 16.238217
AIC for total data: 16.551653

#####################################################################

Total time on ABC: 2.429 s
Number of trials: 135645

Fit on file model_fit.png