2021-11-14_07-42-31

Data Source: Número de casos confirmados de COVID-19 no Brasil (on GitHub)
https://raw.githubusercontent.com/wcota/covid19br/master/cases-brazil-cities-time.csv

Rejection ABC fitting of epidemic curves

Model: SEIRD
Parameters: $\beta_{I}$, $\beta_{E}$, $N$, $\mu$, $\gamma$, $t_{c}$, RF_{0}, $E_{0}$
#####################################################################

Number of Samples: 960
Number of Posteriors: 3
RMSD Weights: [1,1]
Training window size: 25
Validation window size: 10

#####################################################################

Posterior No. 2
Execution Time: 0.062 s
Tolerance: eps = 0.848072

Priors' Ranges:

	 $\beta_{I}$: 0.000060 <-> 0.995027
	 $\beta_{E}$: 0.000011 <-> 0.470289
	 $N$: 1943578.783627 <-> 274948741.237596
	 $\mu$: 0.000172 <-> 0.985626
	 $\gamma$: 0.005212 <-> 0.999938
	 $t_{c}$: 0.040188 <-> 29.967331
	 RF_{0}: 0.008701 <-> 0.999425
	 $E_{0}$: 0.001307 <-> 1.991679

Estimated parameters (av +/- std):

	 $\beta_{I}$: 0.827773 +/- 0.256116
	 $\beta_{E}$: 0.131699 +/- 0.062788
	 $N$: 240565518.920723 +/- 73290084.104921
	 $\mu$: 0.001995 +/- 0.241044
	 $\gamma$: 0.323176 +/- 0.226526
	 $t_{c}$: 28.675291 +/- 8.177819
	 RF_{0}: 0.452402 +/- 0.252493
	 $E_{0}$: 0.213338 +/- 0.494498

Posterior distribution on file posterior_'param'.png

RMSD: 0.105556
Weighted RMSD: 0.105556
RMSD for validation data: 0.308691
RMSD for total data: 8.771555
AIC: 16.211112
AIC for validation data: 16.617382
AIC for total data: 33.543111

#####################################################################

Total time on ABC: 0.205 s
Number of trials: 8522

Fit on file model_fit.png