2022-03-08_16-22-08

Data Source: Número de casos confirmados de COVID-19 no Brasil (on GitHub)
https://raw.githubusercontent.com/wcota/covid19br/master/cases-brazil-cities-time.csv

Rejection ABC fitting of epidemic curves

Model: SEIRD
Parameters: $\beta_{I}$, $\beta_{E}$, $N$, $\mu$, $\gamma$, $t_{c}$, RF_{0}, $E_{0}$
#####################################################################

Number of Samples: 960
Number of Posteriors: 3
RMSD Weights: [1,1]
Training window size: 40
Validation window size: 10

#####################################################################

Posterior No. 2
Execution Time: 5.306 s
Tolerance: eps = 0.017415

Priors' Ranges:

	 $\beta_{I}$: 0.000682 <-> 0.993873
	 $\beta_{E}$: 0.000859 <-> 0.130742
	 $N$: 12266230.825890 <-> 106196471.662231
	 $\mu$: 0.004465 <-> 0.016431
	 $\gamma$: 0.262711 <-> 0.999380
	 $t_{c}$: 7.549088 <-> 29.948741
	 RF_{0}: 0.973203 <-> 0.999784
	 $E_{0}$: 0.039498 <-> 0.156892

Estimated parameters (av +/- std):

	 $\beta_{I}$: 0.311843 +/- 0.262940
	 $\beta_{E}$: 0.053058 +/- 0.020384
	 $N$: 72249796.224166 +/- 25001147.192726
	 $\mu$: 0.013172 +/- 0.002589
	 $\gamma$: 0.846434 +/- 0.164717
	 $t_{c}$: 22.072170 +/- 4.458185
	 RF_{0}: 0.988098 +/- 0.005588
	 $E_{0}$: 0.105410 +/- 0.022676

Posterior distribution on file posterior_'param'.png

RMSD: 0.010328
Weighted RMSD: 0.010328
RMSD for validation data: 0.278881
RMSD for total data: 0.449456
AIC: 16.020657
AIC for validation data: 16.557763
AIC for total data: 16.898913

#####################################################################

Total time on ABC: 8.104 s
Number of trials: 281722

Fit on file model_fit.png