2022-03-08_16-22-08

Data Source: Número de casos confirmados de COVID-19 no Brasil (on GitHub)
https://raw.githubusercontent.com/wcota/covid19br/master/cases-brazil-cities-time.csv

Rejection ABC fitting of epidemic curves

Model: SEIRD
Parameters: $\beta_{I}$, $\beta_{E}$, $N$, $\mu$, $\gamma$, $t_{c}$, RF_{0}, $E_{0}$
#####################################################################

Number of Samples: 48
Number of Posteriors: 3
RMSD Weights: [1,1]
Training window size: 40
Validation window size: 10

#####################################################################

Posterior No. 1
Execution Time: 0.171 s
Tolerance: eps = 0.07

Priors' Ranges:

	 $\beta_{I}$: 0.000000 <-> 1.000000
	 $\beta_{E}$: 0.000000 <-> 1.000000
	 $N$: 2125594.090000 <-> 106279704.500000
	 $\mu$: 0.000000 <-> 1.000000
	 $\gamma$: 0.000000 <-> 1.000000
	 $t_{c}$: 0.000000 <-> 30.000000
	 RF_{0}: 0.000000 <-> 1.000000
	 $E_{0}$: 0.000000 <-> 2.000000

Estimated parameters (av +/- std):

	 $\beta_{I}$: 0.187489 +/- 0.251256
	 $\beta_{E}$: 0.079419 +/- 0.019362
	 $N$: 74623868.458363 +/- 28014533.657790
	 $\mu$: 0.021271 +/- 0.005202
	 $\gamma$: 0.744191 +/- 0.170109
	 $t_{c}$: 10.836575 +/- 5.561773
	 RF_{0}: 0.957538 +/- 0.052584
	 $E_{0}$: 0.354913 +/- 0.242350

Posterior distribution on file posterior_'param'.png

RMSD: 0.013170
Weighted RMSD: 0.013170
RMSD for validation data: 0.129386
RMSD for total data: 0.449495
AIC: 16.026340
AIC for validation data: 16.258772
AIC for total data: 16.898990

#####################################################################

Total time on ABC: 0.171 s
Number of trials: 8478

Fit on file model_fit.png