2022-03-08_16-35-49

Data Source: Número de casos confirmados de COVID-19 no Brasil (on GitHub)
https://raw.githubusercontent.com/wcota/covid19br/master/cases-brazil-cities-time.csv

Rejection ABC fitting of epidemic curves

Model: SEIRD
Parameters: $\beta_{I}$, $\beta_{E}$, $N$, $\mu$, $\gamma$, $t_{c}$, RF_{0}, $E_{0}$
#####################################################################

Number of Samples: 48
Number of Posteriors: 3
RMSD Weights: [1,1]
Training window size: 40
Validation window size: 10

#####################################################################

Posterior No. 1
Execution Time: 0.294 s
Tolerance: eps = 0.05

Priors' Ranges:

	 $\beta_{I}$: 0.000000 <-> 1.000000
	 $\beta_{E}$: 0.000000 <-> 1.000000
	 $N$: 2125594.090000 <-> 106279704.500000
	 $\mu$: 0.000000 <-> 1.000000
	 $\gamma$: 0.000000 <-> 1.000000
	 $t_{c}$: 0.000000 <-> 30.000000
	 RF_{0}: 0.000000 <-> 1.000000
	 $E_{0}$: 0.000000 <-> 2.000000

Estimated parameters (av +/- std):

	 $\beta_{I}$: 0.281475 +/- 0.207674
	 $\beta_{E}$: 0.011321 +/- 0.015716
	 $N$: 24452918.306628 +/- 27282404.383790
	 $\mu$: 0.010620 +/- 0.003980
	 $\gamma$: 0.429650 +/- 0.162735
	 $t_{c}$: 25.363410 +/- 5.204607
	 RF_{0}: 0.970576 +/- 0.018295
	 $E_{0}$: 0.317373 +/- 0.076591

Posterior distribution on file posterior_'param'.png

RMSD: 0.015549
Weighted RMSD: 0.015549
RMSD for validation data: 0.087750
RMSD for total data: 0.449499
AIC: 16.031098
AIC for validation data: 16.175499
AIC for total data: 16.898998

#####################################################################

Total time on ABC: 0.294 s
Number of trials: 17137

Fit on file model_fit.png