2021-11-14_06-19-53

Data Source: Número de casos confirmados de COVID-19 no Brasil (on GitHub)
https://raw.githubusercontent.com/wcota/covid19br/master/cases-brazil-cities-time.csv

Rejection ABC fitting of epidemic curves

Model: SEIRD
Parameters: $\beta_{I}$, $\beta_{E}$, $N$, $\mu$, $\gamma$, $t_{c}$, RF_{0}, $E_{0}$
#####################################################################

Number of Samples: 960
Number of Posteriors: 3
RMSD Weights: [1,1]
Training window size: 35
Validation window size: 10

#####################################################################

Posterior No. 2
Execution Time: 0.137 s
Tolerance: eps = 180.952626

Priors' Ranges:

	 $\beta_{I}$: 0.000137 <-> 0.990087
	 $\beta_{E}$: 0.000064 <-> 0.997018
	 $N$: 85967.433193 <-> 16551736.386741
	 $\mu$: 0.000024 <-> 0.989843
	 $\gamma$: 0.012529 <-> 0.998043
	 $t_{c}$: 0.046437 <-> 29.940605
	 RF_{0}: 0.005806 <-> 0.999922
	 $E_{0}$: 0.001439 <-> 1.977703

Estimated parameters (av +/- std):

	 $\beta_{I}$: 0.918616 +/- 0.271399
	 $\beta_{E}$: 0.075514 +/- 0.270537
	 $N$: 1133062.907527 +/- 4749256.816932
	 $\mu$: 0.000523 +/- 0.224294
	 $\gamma$: 0.420486 +/- 0.220646
	 $t_{c}$: 28.414683 +/- 8.608770
	 RF_{0}: 0.938137 +/- 0.254128
	 $E_{0}$: 0.366959 +/- 0.547317

Posterior distribution on file posterior_'param'.png

RMSD: 1.099704
Weighted RMSD: 1.099704
RMSD for validation data: 4.483476
RMSD for total data: 0.327730
AIC: 18.199407
AIC for validation data: 24.966951
AIC for total data: 16.655461

#####################################################################

Total time on ABC: 0.346 s
Number of trials: 19944

Fit on file model_fit.png