2021-11-14_06-20-09

Data Source: Número de casos confirmados de COVID-19 no Brasil (on GitHub)
https://raw.githubusercontent.com/wcota/covid19br/master/cases-brazil-cities-time.csv

Rejection ABC fitting of epidemic curves

Model: SEIRD
Parameters: $\beta_{I}$, $\beta_{E}$, $N$, $\mu$, $\gamma$, $t_{c}$, RF_{0}, $E_{0}$
#####################################################################

Number of Samples: 960
Number of Posteriors: 3
RMSD Weights: [1,1]
Training window size: 50
Validation window size: 10

#####################################################################

Posterior No. 2
Execution Time: 4.504 s
Tolerance: eps = 0.043090

Priors' Ranges:

	 $\beta_{I}$: 0.021618 <-> 0.999262
	 $\beta_{E}$: 0.002788 <-> 0.657028
	 $N$: 1489373.479829 <-> 275039402.820681
	 $\mu$: 0.010414 <-> 0.042263
	 $\gamma$: 0.208226 <-> 0.999989
	 $t_{c}$: 0.038398 <-> 3.234817
	 RF_{0}: 0.002057 <-> 0.997639
	 $E_{0}$: 0.306342 <-> 1.999404

Estimated parameters (av +/- std):

	 $\beta_{I}$: 0.384326 +/- 0.237200
	 $\beta_{E}$: 0.357394 +/- 0.148814
	 $N$: 131303602.417795 +/- 73036308.896298
	 $\mu$: 0.020848 +/- 0.007006
	 $\gamma$: 0.559304 +/- 0.200975
	 $t_{c}$: 1.417698 +/- 0.655630
	 RF_{0}: 0.547269 +/- 0.254718
	 $E_{0}$: 1.988846 +/- 0.325638

Posterior distribution on file posterior_'param'.png

RMSD: 0.026692
Weighted RMSD: 0.026692
RMSD for validation data: 0.206168
RMSD for total data: 2.774324
AIC: 16.053383
AIC for validation data: 16.412336
AIC for total data: 21.548648

#####################################################################

Total time on ABC: 7.136 s
Number of trials: 242261

Fit on file model_fit.png