2021-11-14_06-01-51

Data Source: Número de casos confirmados de COVID-19 no Brasil (on GitHub)
https://raw.githubusercontent.com/wcota/covid19br/master/cases-brazil-cities-time.csv

Rejection ABC fitting of epidemic curves

Model: SEIRD
Parameters: $\beta_{I}$, $\beta_{E}$, $N$, $\mu$, $\gamma$, $t_{c}$, RF_{0}, $E_{0}$
#####################################################################

Number of Samples: 48
Number of Posteriors: 3
RMSD Weights: [1,1]
Training window size: 50
Validation window size: 10

#####################################################################

Posterior No. 1
Execution Time: 0.422 s
Tolerance: eps = 0.048374

Priors' Ranges:

	 $\beta_{I}$: 0.000000 <-> 1.000000
	 $\beta_{E}$: 0.000000 <-> 1.000000
	 $N$: 1380004.385000 <-> 276000877.000000
	 $\mu$: 0.000000 <-> 1.000000
	 $\gamma$: 0.000000 <-> 1.000000
	 $t_{c}$: 0.000000 <-> 30.000000
	 RF_{0}: 0.000000 <-> 1.000000
	 $E_{0}$: 0.000000 <-> 2.000000

Estimated parameters (av +/- std):

	 $\beta_{I}$: 0.148070 +/- 0.194710
	 $\beta_{E}$: 0.037268 +/- 0.019211
	 $N$: 67430098.119259 +/- 78958628.617724
	 $\mu$: 0.010621 +/- 0.002137
	 $\gamma$: 0.834658 +/- 0.159346
	 $t_{c}$: 17.558871 +/- 5.576979
	 RF_{0}: 0.973529 +/- 0.015813
	 $E_{0}$: 0.386733 +/- 0.134681

Posterior distribution on file posterior_'param'.png

RMSD: 0.007865
Weighted RMSD: 0.007865
RMSD for validation data: 0.168809
RMSD for total data: 0.507635
AIC: 16.015729
AIC for validation data: 16.337617
AIC for total data: 17.015271

#####################################################################

Total time on ABC: 0.422 s
Number of trials: 23501

Fit on file model_fit.png