2022-03-08_16-35-49

Data Source: Número de casos confirmados de COVID-19 no Brasil (on GitHub)
https://raw.githubusercontent.com/wcota/covid19br/master/cases-brazil-cities-time.csv

Rejection ABC fitting of epidemic curves

Model: SEIRD
Parameters: $\beta_{I}$, $\beta_{E}$, $N$, $\mu$, $\gamma$, $t_{c}$, RF_{0}, $E_{0}$
#####################################################################

Number of Samples: 48
Number of Posteriors: 3
RMSD Weights: [1,1]
Training window size: 40
Validation window size: 10

#####################################################################

Posterior No. 1
Execution Time: 0.070 s
Tolerance: eps = 0.55

Priors' Ranges:

	 $\beta_{I}$: 0.000000 <-> 1.000000
	 $\beta_{E}$: 0.000000 <-> 1.000000
	 $N$: 2125594.090000 <-> 106279704.500000
	 $\mu$: 0.000000 <-> 1.000000
	 $\gamma$: 0.000000 <-> 1.000000
	 $t_{c}$: 0.000000 <-> 30.000000
	 RF_{0}: 0.000000 <-> 1.000000
	 $E_{0}$: 0.000000 <-> 2.000000

Estimated parameters (av +/- std):

	 $\beta_{I}$: 0.850626 +/- 0.266557
	 $\beta_{E}$: 0.180518 +/- 0.067181
	 $N$: 42180946.806364 +/- 27802467.019381
	 $\mu$: 0.066438 +/- 0.040617
	 $\gamma$: 0.939912 +/- 0.235174
	 $t_{c}$: 1.698171 +/- 7.336386
	 RF_{0}: 0.239127 +/- 0.259596
	 $E_{0}$: 1.957309 +/- 0.493276

Posterior distribution on file posterior_'param'.png

RMSD: 0.044332
Weighted RMSD: 0.044332
RMSD for validation data: 0.271526
RMSD for total data: 0.481338
AIC: 16.088664
AIC for validation data: 16.543053
AIC for total data: 16.962677

#####################################################################

Total time on ABC: 0.070 s
Number of trials: 4452

Fit on file model_fit.png