2021-11-14_19-22-12

Data Source: Número de casos confirmados de COVID-19 no Brasil (on GitHub)
https://raw.githubusercontent.com/wcota/covid19br/master/cases-brazil-cities-time.csv

Rejection ABC fitting of epidemic curves

Model: SEIRD
Parameters: $\beta_{I}$, $\beta_{E}$, $N$, $\mu$, $\gamma$, $t_{c}$, RF_{0}, $E_{0}$
#####################################################################

Number of Samples: 48
Number of Posteriors: 3
RMSD Weights: [1,1]
Training window size: 35
Validation window size: 10

#####################################################################

Posterior No. 1
Execution Time: 1.857 s
Tolerance: eps = 0.043641

Priors' Ranges:

	 $\beta_{I}$: 0.000000 <-> 1.000000
	 $\beta_{E}$: 0.000000 <-> 1.000000
	 $N$: 51269.183000 <-> 10253836.600000
	 $\mu$: 0.000000 <-> 1.000000
	 $\gamma$: 0.000000 <-> 1.000000
	 $t_{c}$: 0.000000 <-> 30.000000
	 RF_{0}: 0.000000 <-> 1.000000
	 $E_{0}$: 0.000000 <-> 2.000000

Estimated parameters (av +/- std):

	 $\beta_{I}$: 0.759707 +/- 0.251054
	 $\beta_{E}$: 0.077556 +/- 0.026357
	 $N$: 155304.265141 +/- 3148803.344149
	 $\mu$: 0.012797 +/- 0.002396
	 $\gamma$: 0.838287 +/- 0.147573
	 $t_{c}$: 20.332490 +/- 5.765844
	 RF_{0}: 0.984194 +/- 0.011444
	 $E_{0}$: 0.100511 +/- 0.034383

Posterior distribution on file posterior_'param'.png

RMSD: 0.017423
Weighted RMSD: 0.017423
RMSD for validation data: 0.195260
RMSD for total data: 0.433979
AIC: 16.034847
AIC for validation data: 16.390519
AIC for total data: 16.867957

#####################################################################

Total time on ABC: 1.857 s
Number of trials: 146590

Fit on file model_fit.png