2021-11-14_07-42-31

Data Source: Número de casos confirmados de COVID-19 no Brasil (on GitHub)
https://raw.githubusercontent.com/wcota/covid19br/master/cases-brazil-cities-time.csv

Rejection ABC fitting of epidemic curves

Model: SEIRD
Parameters: $\beta_{I}$, $\beta_{E}$, $N$, $\mu$, $\gamma$, $t_{c}$, RF_{0}, $E_{0}$
#####################################################################

Number of Samples: 48
Number of Posteriors: 3
RMSD Weights: [1,1]
Training window size: 40
Validation window size: 10

#####################################################################

Posterior No. 1
Execution Time: 0.213 s
Tolerance: eps = 240.529067

Priors' Ranges:

	 $\beta_{I}$: 0.000000 <-> 1.000000
	 $\beta_{E}$: 0.000000 <-> 1.000000
	 $N$: 1380004.385000 <-> 276000877.000000
	 $\mu$: 0.000000 <-> 1.000000
	 $\gamma$: 0.000000 <-> 1.000000
	 $t_{c}$: 0.000000 <-> 30.000000
	 RF_{0}: 0.000000 <-> 1.000000
	 $E_{0}$: 0.000000 <-> 2.000000

Estimated parameters (av +/- std):

	 $\beta_{I}$: 0.478589 +/- 0.286405
	 $\beta_{E}$: 0.837439 +/- 0.313187
	 $N$: 5084445.061917 +/- 74841497.947797
	 $\mu$: 0.000709 +/- 0.273555
	 $\gamma$: 0.726268 +/- 0.257165
	 $t_{c}$: 7.086594 +/- 8.760049
	 RF_{0}: 0.427198 +/- 0.279614
	 $E_{0}$: 0.738373 +/- 0.589607

Posterior distribution on file posterior_'param'.png

RMSD: 0.379289
Weighted RMSD: 0.379289
RMSD for validation data: 4.648623
RMSD for total data: 0.417610
AIC: 16.758579
AIC for validation data: 25.297247
AIC for total data: 16.835219

#####################################################################

Total time on ABC: 0.213 s
Number of trials: 9475

Fit on file model_fit.png