2021-11-14_08-20-25

Data Source: Número de casos confirmados de COVID-19 no Brasil (on GitHub)
https://raw.githubusercontent.com/wcota/covid19br/master/cases-brazil-cities-time.csv

Rejection ABC fitting of epidemic curves

Model: SEIRD
Parameters: $\beta_{I}$, $\beta_{E}$, $N$, $\mu$, $\gamma$, $t_{c}$, RF_{0}, $E_{0}$
#####################################################################

Number of Samples: 960
Number of Posteriors: 3
RMSD Weights: [1,1]
Training window size: 50
Validation window size: 10

#####################################################################

Posterior No. 3
Execution Time: 18.437 s
Tolerance: eps = 0.015090

Priors' Ranges:

	 $\beta_{I}$: 0.002209 <-> 0.981509
	 $\beta_{E}$: 0.000092 <-> 0.155770
	 $N$: 4900097.801146 <-> 42457987.884920
	 $\mu$: 0.003816 <-> 0.025181
	 $\gamma$: 0.170396 <-> 0.998670
	 $t_{c}$: 4.097610 <-> 29.998106
	 RF_{0}: 0.822381 <-> 0.999939
	 $E_{0}$: 0.065087 <-> 0.724408

Estimated parameters (av +/- std):

	 $\beta_{I}$: 0.190292 +/- 0.253974
	 $\beta_{E}$: 0.113606 +/- 0.031128
	 $N$: 8345009.577494 +/- 10797639.484359
	 $\mu$: 0.015744 +/- 0.003942
	 $\gamma$: 0.653625 +/- 0.162364
	 $t_{c}$: 12.030444 +/- 6.000834
	 RF_{0}: 0.955220 +/- 0.021249
	 $E_{0}$: 0.245276 +/- 0.137372

Posterior distribution on file posterior_'param'.png

RMSD: 0.008320
Weighted RMSD: 0.008320
RMSD for validation data: 0.080025
RMSD for total data: 0.317979
AIC: 16.016640
AIC for validation data: 16.160051
AIC for total data: 16.635958

#####################################################################

Total time on ABC: 33.794 s
Number of trials: 965763

Fit on file model_fit.png