2021-11-14_04-03-32

Data Source: Número de casos confirmados de COVID-19 no Brasil (on GitHub)
https://raw.githubusercontent.com/wcota/covid19br/master/cases-brazil-cities-time.csv

Rejection ABC fitting of epidemic curves

Model: SEIRD
Parameters: $\beta_{I}$, $\beta_{E}$, $N$, $\mu$, $\gamma$, $t_{c}$, RF_{0}, $E_{0}$
#####################################################################

Number of Samples: 48
Number of Posteriors: 3
RMSD Weights: [1,1]
Training window size: 50
Validation window size: 10

#####################################################################

Posterior No. 1
Execution Time: 14.370 s
Tolerance: eps = 0.016173

Priors' Ranges:

	 $\beta_{I}$: 0.000000 <-> 1.000000
	 $\beta_{E}$: 0.000000 <-> 1.000000
	 $N$: 126476.458000 <-> 25295291.600000
	 $\mu$: 0.000000 <-> 1.000000
	 $\gamma$: 0.000000 <-> 1.000000
	 $t_{c}$: 0.000000 <-> 30.000000
	 RF_{0}: 0.000000 <-> 1.000000
	 $E_{0}$: 0.000000 <-> 2.000000

Estimated parameters (av +/- std):

	 $\beta_{I}$: 0.000957 +/- 0.002705
	 $\beta_{E}$: 0.002355 +/- 0.012838
	 $N$: 13170252.787286 +/- 6894521.269185
	 $\mu$: 0.000765 +/- 0.000242
	 $\gamma$: 0.025895 +/- 0.009920
	 $t_{c}$: 21.070825 +/- 3.259709
	 RF_{0}: 0.772700 +/- 0.086099
	 $E_{0}$: 0.697149 +/- 0.100552

Posterior distribution on file posterior_'param'.png

RMSD: 0.011022
Weighted RMSD: 0.011022
RMSD for validation data: 0.183896
RMSD for total data: 0.399266
AIC: 16.022045
AIC for validation data: 16.367792
AIC for total data: 16.798532

#####################################################################

Total time on ABC: 14.370 s
Number of trials: 710386

Fit on file model_fit.png