2021-11-14_04-14-21

Data Source: Número de casos confirmados de COVID-19 no Brasil (on GitHub)
https://raw.githubusercontent.com/wcota/covid19br/master/cases-brazil-cities-time.csv

Rejection ABC fitting of epidemic curves

Model: SEIRD
Parameters: $\beta_{I}$, $\beta_{E}$, $N$, $\mu$, $\gamma$, $t_{c}$, RF_{0}, $E_{0}$
#####################################################################

Number of Samples: 48
Number of Posteriors: 3
RMSD Weights: [1,1]
Training window size: 35
Validation window size: 10

#####################################################################

Posterior No. 1
Execution Time: 1.842 s
Tolerance: eps = 0.059614

Priors' Ranges:

	 $\beta_{I}$: 0.000000 <-> 1.000000
	 $\beta_{E}$: 0.000000 <-> 1.000000
	 $N$: 126476.458000 <-> 25295291.600000
	 $\mu$: 0.000000 <-> 1.000000
	 $\gamma$: 0.000000 <-> 1.000000
	 $t_{c}$: 0.000000 <-> 30.000000
	 RF_{0}: 0.000000 <-> 1.000000
	 $E_{0}$: 0.000000 <-> 2.000000

Estimated parameters (av +/- std):

	 $\beta_{I}$: 0.011473 +/- 0.144390
	 $\beta_{E}$: 0.039406 +/- 0.015033
	 $N$: 24680586.407463 +/- 6976640.847920
	 $\mu$: 0.001031 +/- 0.002271
	 $\gamma$: 0.058492 +/- 0.244087
	 $t_{c}$: 11.672551 +/- 6.034818
	 RF_{0}: 0.950649 +/- 0.019083
	 $E_{0}$: 0.451791 +/- 0.185691

Posterior distribution on file posterior_'param'.png

RMSD: 0.023743
Weighted RMSD: 0.023743
RMSD for validation data: 0.152954
RMSD for total data: 0.399266
AIC: 16.047487
AIC for validation data: 16.305908
AIC for total data: 16.798532

#####################################################################

Total time on ABC: 1.842 s
Number of trials: 174812

Fit on file model_fit.png