2021-11-14_07-39-52

Data Source: Número de casos confirmados de COVID-19 no Brasil (on GitHub)
https://raw.githubusercontent.com/wcota/covid19br/master/cases-brazil-cities-time.csv

Rejection ABC fitting of epidemic curves

Model: SEIRD
Parameters: $\beta_{I}$, $\beta_{E}$, $N$, $\mu$, $\gamma$, $t_{c}$, RF_{0}, $E_{0}$
#####################################################################

Number of Samples: 48
Number of Posteriors: 3
RMSD Weights: [1,1]
Training window size: 45
Validation window size: 10

#####################################################################

Posterior No. 1
Execution Time: 0.244 s
Tolerance: eps = 3.556512

Priors' Ranges:

	 $\beta_{I}$: 0.000000 <-> 1.000000
	 $\beta_{E}$: 0.000000 <-> 1.000000
	 $N$: 1380004.385000 <-> 276000877.000000
	 $\mu$: 0.000000 <-> 1.000000
	 $\gamma$: 0.000000 <-> 1.000000
	 $t_{c}$: 0.000000 <-> 30.000000
	 RF_{0}: 0.000000 <-> 1.000000
	 $E_{0}$: 0.000000 <-> 2.000000

Estimated parameters (av +/- std):

	 $\beta_{I}$: 0.070170 +/- 0.267152
	 $\beta_{E}$: 0.088497 +/- 0.176027
	 $N$: 142186790.092911 +/- 79411033.550921
	 $\mu$: 0.015650 +/- 0.296078
	 $\gamma$: 0.442838 +/- 0.263574
	 $t_{c}$: 19.322791 +/- 9.660727
	 RF_{0}: 0.472659 +/- 0.290680
	 $E_{0}$: 1.188874 +/- 0.562473

Posterior distribution on file posterior_'param'.png

RMSD: 0.043513
Weighted RMSD: 0.043513
RMSD for validation data: 0.152227
RMSD for total data: 2.102624
AIC: 16.087025
AIC for validation data: 16.304455
AIC for total data: 20.205249

#####################################################################

Total time on ABC: 0.244 s
Number of trials: 10194

Fit on file model_fit.png