2021-11-14_05-05-40

Data Source: Número de casos confirmados de COVID-19 no Brasil (on GitHub)
https://raw.githubusercontent.com/wcota/covid19br/master/cases-brazil-cities-time.csv

Rejection ABC fitting of epidemic curves

Model: SEIRD
Parameters: $\beta_{I}$, $\beta_{E}$, $N$, $\mu$, $\gamma$, $t_{c}$, RF_{0}, $E_{0}$
#####################################################################

Number of Samples: 960
Number of Posteriors: 3
RMSD Weights: [1,1]
Training window size: 30
Validation window size: 10

#####################################################################

Posterior No. 2
Execution Time: 0.105 s
Tolerance: eps = 103.743275

Priors' Ranges:

	 $\beta_{I}$: 0.000256 <-> 0.999590
	 $\beta_{E}$: 0.000043 <-> 0.977165
	 $N$: 135380.703745 <-> 25253957.283587
	 $\mu$: 0.000019 <-> 0.998823
	 $\gamma$: 0.063591 <-> 0.998914
	 $t_{c}$: 0.046934 <-> 29.897991
	 RF_{0}: 0.003677 <-> 0.999446
	 $E_{0}$: 0.001694 <-> 1.999695

Estimated parameters (av +/- std):

	 $\beta_{I}$: 0.700748 +/- 0.257973
	 $\beta_{E}$: 0.041055 +/- 0.132400
	 $N$: 13533108.007128 +/- 7088940.889576
	 $\mu$: 0.011608 +/- 0.260741
	 $\gamma$: 0.844260 +/- 0.217898
	 $t_{c}$: 14.037173 +/- 8.226895
	 RF_{0}: 0.771323 +/- 0.246924
	 $E_{0}$: 0.136947 +/- 0.467895

Posterior distribution on file posterior_'param'.png

RMSD: 1.913232
Weighted RMSD: 1.913232
RMSD for validation data: 5.976695
RMSD for total data: 0.331282
AIC: 19.826463
AIC for validation data: 27.953390
AIC for total data: 16.662564

#####################################################################

Total time on ABC: 0.267 s
Number of trials: 13934

Fit on file model_fit.png