2021-11-14_04-49-43

Data Source: Número de casos confirmados de COVID-19 no Brasil (on GitHub)
https://raw.githubusercontent.com/wcota/covid19br/master/cases-brazil-cities-time.csv

Rejection ABC fitting of epidemic curves

Model: SEIRD
Parameters: $\beta_{I}$, $\beta_{E}$, $N$, $\mu$, $\gamma$, $t_{c}$, RF_{0}, $E_{0}$
#####################################################################

Number of Samples: 960
Number of Posteriors: 3
RMSD Weights: [1,1]
Training window size: 40
Validation window size: 10

#####################################################################

Posterior No. 3
Execution Time: 0.395 s
Tolerance: eps = 0.062329

Priors' Ranges:

	 $\beta_{I}$: 0.000375 <-> 0.998585
	 $\beta_{E}$: 0.000415 <-> 0.130292
	 $N$: 440860.004088 <-> 16753449.189097
	 $\mu$: 0.000663 <-> 0.007007
	 $\gamma$: 0.072985 <-> 0.999774
	 $t_{c}$: 6.642894 <-> 29.956397
	 RF_{0}: 0.951848 <-> 0.991780
	 $E_{0}$: 0.001309 <-> 0.084116

Estimated parameters (av +/- std):

	 $\beta_{I}$: 0.536328 +/- 0.258081
	 $\beta_{E}$: 0.062980 +/- 0.022274
	 $N$: 9928266.724316 +/- 4621192.671766
	 $\mu$: 0.005298 +/- 0.001056
	 $\gamma$: 0.881731 +/- 0.184947
	 $t_{c}$: 14.933331 +/- 5.730297
	 RF_{0}: 0.987051 +/- 0.007807
	 $E_{0}$: 0.028185 +/- 0.016626

Posterior distribution on file posterior_'param'.png

RMSD: 0.024561
Weighted RMSD: 0.024561
RMSD for validation data: 0.756358
RMSD for total data: 0.404926
AIC: 16.049122
AIC for validation data: 17.512715
AIC for total data: 16.809851

#####################################################################

Total time on ABC: 0.833 s
Number of trials: 24768

Fit on file model_fit.png