2022-03-08_15-59-04

Data Source: Número de casos confirmados de COVID-19 no Brasil (on GitHub)
https://raw.githubusercontent.com/wcota/covid19br/master/cases-brazil-cities-time.csv

Rejection ABC fitting of epidemic curves

Model: SEIRD
Parameters: $\beta_{I}$, $\beta_{E}$, $N$, $\mu$, $\gamma$, $t_{c}$, RF_{0}, $E_{0}$
#####################################################################

Number of Samples: 960
Number of Posteriors: 3
RMSD Weights: [1,1]
Training window size: 30
Validation window size: 10

#####################################################################

Posterior No. 3
Execution Time: 0.425 s
Tolerance: eps = 0.042924

Priors' Ranges:

	 $\beta_{I}$: 0.004415 <-> 0.995389
	 $\beta_{E}$: 0.000994 <-> 0.224086
	 $N$: 2213874.353308 <-> 106174939.530899
	 $\mu$: 0.007153 <-> 0.095167
	 $\gamma$: 0.004124 <-> 0.999562
	 $t_{c}$: 4.432723 <-> 29.821159
	 RF_{0}: 0.002062 <-> 0.996558
	 $E_{0}$: 0.045594 <-> 1.998444

Estimated parameters (av +/- std):

	 $\beta_{I}$: 0.917769 +/- 0.266042
	 $\beta_{E}$: 0.058656 +/- 0.031101
	 $N$: 34449928.507204 +/- 27957792.642394
	 $\mu$: 0.061817 +/- 0.015307
	 $\gamma$: 0.724407 +/- 0.196921
	 $t_{c}$: 13.949611 +/- 5.014278
	 RF_{0}: 0.951599 +/- 0.245279
	 $E_{0}$: 1.602185 +/- 0.414671

Posterior distribution on file posterior_'param'.png

RMSD: 0.016579
Weighted RMSD: 0.016579
RMSD for validation data: 0.110226
RMSD for total data: 1.735679
AIC: 16.033158
AIC for validation data: 16.220453
AIC for total data: 19.471359

#####################################################################

Total time on ABC: 1.079 s
Number of trials: 34992

Fit on file model_fit.png