2021-11-14_21-02-25

Data Source: Número de casos confirmados de COVID-19 no Brasil (on GitHub)
https://raw.githubusercontent.com/wcota/covid19br/master/cases-brazil-cities-time.csv

Rejection ABC fitting of epidemic curves

Model: SEIRD
Parameters: $\beta_{I}$, $\beta_{E}$, $N$, $\mu$, $\gamma$, $t_{c}$, RF_{0}, $E_{0}$
#####################################################################

Number of Samples: 960
Number of Posteriors: 3
RMSD Weights: [1,1]
Training window size: 40
Validation window size: 10

#####################################################################

Posterior No. 3
Execution Time: 10.415 s
Tolerance: eps = 0.019048

Priors' Ranges:

	 $\beta_{I}$: 0.000266 <-> 0.997371
	 $\beta_{E}$: 0.001481 <-> 0.271830
	 $N$: 23025690.470508 <-> 65733199.878585
	 $\mu$: 0.001171 <-> 0.011822
	 $\gamma$: 0.088212 <-> 0.999006
	 $t_{c}$: 4.492557 <-> 29.987321
	 RF_{0}: 0.891785 <-> 0.999991
	 $E_{0}$: 0.070492 <-> 0.474435

Estimated parameters (av +/- std):

	 $\beta_{I}$: 0.412840 +/- 0.263592
	 $\beta_{E}$: 0.030749 +/- 0.049389
	 $N$: 26806765.976813 +/- 10409274.119064
	 $\mu$: 0.001502 +/- 0.002377
	 $\gamma$: 0.109677 +/- 0.213417
	 $t_{c}$: 18.431937 +/- 5.085763
	 RF_{0}: 0.935071 +/- 0.013576
	 $E_{0}$: 0.259994 +/- 0.070536

Posterior distribution on file posterior_'param'.png

RMSD: 0.010943
Weighted RMSD: 0.010943
RMSD for validation data: 0.081172
RMSD for total data: 0.206915
AIC: 16.021885
AIC for validation data: 16.162344
AIC for total data: 16.413829

#####################################################################

Total time on ABC: 22.717 s
Number of trials: 573427

Fit on file model_fit.png