2021-11-14_19-38-02

Data Source: Número de casos confirmados de COVID-19 no Brasil (on GitHub)
https://raw.githubusercontent.com/wcota/covid19br/master/cases-brazil-cities-time.csv

Rejection ABC fitting of epidemic curves

Model: SEIRD
Parameters: $\beta_{I}$, $\beta_{E}$, $N$, $\mu$, $\gamma$, $t_{c}$, RF_{0}, $E_{0}$
#####################################################################

Number of Samples: 960
Number of Posteriors: 3
RMSD Weights: [1,1]
Training window size: 50
Validation window size: 10

#####################################################################

Posterior No. 3
Execution Time: 0.936 s
Tolerance: eps = 0.047764

Priors' Ranges:

	 $\beta_{I}$: 0.000753 <-> 0.704420
	 $\beta_{E}$: 0.000008 <-> 0.071429
	 $N$: 113853.010770 <-> 10192412.612471
	 $\mu$: 0.005892 <-> 0.030923
	 $\gamma$: 0.250515 <-> 0.998915
	 $t_{c}$: 3.032943 <-> 29.989505
	 RF_{0}: 0.855541 <-> 0.999343
	 $E_{0}$: 0.019569 <-> 0.411185

Estimated parameters (av +/- std):

	 $\beta_{I}$: 0.288254 +/- 0.173470
	 $\beta_{E}$: 0.026392 +/- 0.012699
	 $N$: 2757626.049371 +/- 2833807.565607
	 $\mu$: 0.021295 +/- 0.004479
	 $\gamma$: 0.784520 +/- 0.149384
	 $t_{c}$: 12.231602 +/- 6.005008
	 RF_{0}: 0.966019 +/- 0.028622
	 $E_{0}$: 0.158953 +/- 0.078205

Posterior distribution on file posterior_'param'.png

RMSD: 0.022346
Weighted RMSD: 0.022346
RMSD for validation data: 0.521612
RMSD for total data: 0.433979
AIC: 16.044692
AIC for validation data: 17.043223
AIC for total data: 16.867957

#####################################################################

Total time on ABC: 2.072 s
Number of trials: 53187

Fit on file model_fit.png