2021-11-14_20-27-56

Data Source: Número de casos confirmados de COVID-19 no Brasil (on GitHub)
https://raw.githubusercontent.com/wcota/covid19br/master/cases-brazil-cities-time.csv

Rejection ABC fitting of epidemic curves

Model: SEIRD
Parameters: $\beta_{I}$, $\beta_{E}$, $N$, $\mu$, $\gamma$, $t_{c}$, RF_{0}, $E_{0}$
#####################################################################

Number of Samples: 960
Number of Posteriors: 3
RMSD Weights: [1,1]
Training window size: 25
Validation window size: 10

#####################################################################

Posterior No. 3
Execution Time: 0.054 s
Tolerance: eps = 177.780685

Priors' Ranges:

	 $\beta_{I}$: 0.000619 <-> 0.997490
	 $\beta_{E}$: 0.000000 <-> 0.780465
	 $N$: 60460.942067 <-> 10237806.383227
	 $\mu$: 0.000226 <-> 0.997193
	 $\gamma$: 0.013307 <-> 0.998883
	 $t_{c}$: 0.069395 <-> 29.988624
	 RF_{0}: 0.007574 <-> 0.998215
	 $E_{0}$: 0.000020 <-> 1.976924

Estimated parameters (av +/- std):

	 $\beta_{I}$: 0.113385 +/- 0.260336
	 $\beta_{E}$: 0.063803 +/- 0.081492
	 $N$: 6072459.094985 +/- 2720590.844179
	 $\mu$: 0.032790 +/- 0.248807
	 $\gamma$: 0.398347 +/- 0.215840
	 $t_{c}$: 11.145343 +/- 7.975001
	 RF_{0}: 0.956184 +/- 0.254647
	 $E_{0}$: 0.018041 +/- 0.482753

Posterior distribution on file posterior_'param'.png

RMSD: 2.701147
Weighted RMSD: 2.701147
RMSD for validation data: 7.539370
RMSD for total data: 0.433979
AIC: 21.402295
AIC for validation data: 31.078740
AIC for total data: 16.867957

#####################################################################

Total time on ABC: 0.249 s
Number of trials: 7683

Fit on file model_fit.png