2021-11-14_06-01-51

Data Source: Número de casos confirmados de COVID-19 no Brasil (on GitHub)
https://raw.githubusercontent.com/wcota/covid19br/master/cases-brazil-cities-time.csv

Rejection ABC fitting of epidemic curves

Model: SEIRD
Parameters: $\beta_{I}$, $\beta_{E}$, $N$, $\mu$, $\gamma$, $t_{c}$, RF_{0}, $E_{0}$
#####################################################################

Number of Samples: 960
Number of Posteriors: 3
RMSD Weights: [1,1]
Training window size: 40
Validation window size: 10

#####################################################################

Posterior No. 2
Execution Time: 2.248 s
Tolerance: eps = 0.025831

Priors' Ranges:

	 $\beta_{I}$: 0.002111 <-> 0.864436
	 $\beta_{E}$: 0.000029 <-> 0.103138
	 $N$: 14608074.007407 <-> 275968038.093018
	 $\mu$: 0.003249 <-> 0.013478
	 $\gamma$: 0.241887 <-> 0.999814
	 $t_{c}$: 3.619370 <-> 29.954333
	 RF_{0}: 0.983878 <-> 0.999939
	 $E_{0}$: 0.006934 <-> 0.077622

Estimated parameters (av +/- std):

	 $\beta_{I}$: 0.392276 +/- 0.217159
	 $\beta_{E}$: 0.012080 +/- 0.018556
	 $N$: 138241406.556997 +/- 70660416.265631
	 $\mu$: 0.006703 +/- 0.001989
	 $\gamma$: 0.547622 +/- 0.157307
	 $t_{c}$: 10.391957 +/- 6.545854
	 RF_{0}: 0.994439 +/- 0.002580
	 $E_{0}$: 0.024502 +/- 0.015759

Posterior distribution on file posterior_'param'.png

RMSD: 0.010112
Weighted RMSD: 0.010112
RMSD for validation data: 0.203573
RMSD for total data: 0.507636
AIC: 16.020224
AIC for validation data: 16.407146
AIC for total data: 17.015271

#####################################################################

Total time on ABC: 6.350 s
Number of trials: 166890

Fit on file model_fit.png