2022-03-08_16-07-57

Data Source: Número de casos confirmados de COVID-19 no Brasil (on GitHub)
https://raw.githubusercontent.com/wcota/covid19br/master/cases-brazil-cities-time.csv

Rejection ABC fitting of epidemic curves

Model: SEIRD
Parameters: $\beta_{I}$, $\beta_{E}$, $N$, $\mu$, $\gamma$, $t_{c}$, RF_{0}, $E_{0}$
#####################################################################

Number of Samples: 960
Number of Posteriors: 3
RMSD Weights: [1,1]
Training window size: 30
Validation window size: 10

#####################################################################

Posterior No. 2
Execution Time: 0.549 s
Tolerance: eps = 0.034970

Priors' Ranges:

	 $\beta_{I}$: 0.001884 <-> 0.998828
	 $\beta_{E}$: 0.003257 <-> 0.128607
	 $N$: 2146114.560004 <-> 106217111.298332
	 $\mu$: 0.016674 <-> 0.064178
	 $\gamma$: 0.251549 <-> 0.999954
	 $t_{c}$: 6.197850 <-> 29.785775
	 RF_{0}: 0.098881 <-> 0.999590
	 $E_{0}$: 0.278142 <-> 1.999902

Estimated parameters (av +/- std):

	 $\beta_{I}$: 0.208675 +/- 0.256925
	 $\beta_{E}$: 0.063553 +/- 0.021485
	 $N$: 28303901.909821 +/- 27330912.753411
	 $\mu$: 0.019202 +/- 0.009913
	 $\gamma$: 0.324169 +/- 0.168936
	 $t_{c}$: 22.475646 +/- 4.826666
	 RF_{0}: 0.501920 +/- 0.167382
	 $E_{0}$: 1.504208 +/- 0.344786

Posterior distribution on file posterior_'param'.png

RMSD: 0.016927
Weighted RMSD: 0.016927
RMSD for validation data: 0.445900
RMSD for total data: 0.345794
AIC: 16.033854
AIC for validation data: 16.891800
AIC for total data: 16.691589

#####################################################################

Total time on ABC: 0.762 s
Number of trials: 41638

Fit on file model_fit.png