2021-11-14_06-01-51

Data Source: Número de casos confirmados de COVID-19 no Brasil (on GitHub)
https://raw.githubusercontent.com/wcota/covid19br/master/cases-brazil-cities-time.csv

Rejection ABC fitting of epidemic curves

Model: SEIRD
Parameters: $\beta_{I}$, $\beta_{E}$, $N$, $\mu$, $\gamma$, $t_{c}$, RF_{0}, $E_{0}$
#####################################################################

Number of Samples: 960
Number of Posteriors: 3
RMSD Weights: [1,1]
Training window size: 50
Validation window size: 10

#####################################################################

Posterior No. 2
Execution Time: 2.486 s
Tolerance: eps = 0.023004

Priors' Ranges:

	 $\beta_{I}$: 0.001753 <-> 0.991518
	 $\beta_{E}$: 0.000032 <-> 0.082383
	 $N$: 15470464.057206 <-> 275993111.135019
	 $\mu$: 0.002572 <-> 0.013108
	 $\gamma$: 0.205966 <-> 0.999359
	 $t_{c}$: 4.691105 <-> 29.953234
	 RF_{0}: 0.964951 <-> 0.999994
	 $E_{0}$: 0.018394 <-> 0.217236

Estimated parameters (av +/- std):

	 $\beta_{I}$: 0.134719 +/- 0.234998
	 $\beta_{E}$: 0.051641 +/- 0.014632
	 $N$: 205463778.507416 +/- 72345303.006888
	 $\mu$: 0.011290 +/- 0.001941
	 $\gamma$: 0.929550 +/- 0.160448
	 $t_{c}$: 15.879299 +/- 5.005147
	 RF_{0}: 0.993985 +/- 0.007452
	 $E_{0}$: 0.100629 +/- 0.033646

Posterior distribution on file posterior_'param'.png

RMSD: 0.005383
Weighted RMSD: 0.005383
RMSD for validation data: 0.245781
RMSD for total data: 0.507635
AIC: 16.010767
AIC for validation data: 16.491561
AIC for total data: 17.015271

#####################################################################

Total time on ABC: 3.855 s
Number of trials: 123612

Fit on file model_fit.png