2022-03-08_15-59-59

Data Source: Número de casos confirmados de COVID-19 no Brasil (on GitHub)
https://raw.githubusercontent.com/wcota/covid19br/master/cases-brazil-cities-time.csv

Rejection ABC fitting of epidemic curves

Model: SEIRD
Parameters: $\beta_{I}$, $\beta_{E}$, $N$, $\mu$, $\gamma$, $t_{c}$, RF_{0}, $E_{0}$
#####################################################################

Number of Samples: 48
Number of Posteriors: 3
RMSD Weights: [1,1]
Training window size: 20
Validation window size: 10

#####################################################################

Posterior No. 1
Execution Time: 0.053 s
Tolerance: eps = 0.30

Priors' Ranges:

	 $\beta_{I}$: 0.000000 <-> 1.000000
	 $\beta_{E}$: 0.000000 <-> 1.000000
	 $N$: 2125594.090000 <-> 106279704.500000
	 $\mu$: 0.000000 <-> 1.000000
	 $\gamma$: 0.000000 <-> 1.000000
	 $t_{c}$: 0.000000 <-> 30.000000
	 RF_{0}: 0.000000 <-> 1.000000
	 $E_{0}$: 0.000000 <-> 2.000000

Estimated parameters (av +/- std):

	 $\beta_{I}$: 0.365926 +/- 0.275365
	 $\beta_{E}$: 0.471016 +/- 0.095906
	 $N$: 88470334.612800 +/- 26044806.275962
	 $\mu$: 0.014837 +/- 0.210048
	 $\gamma$: 0.518258 +/- 0.249348
	 $t_{c}$: 5.516460 +/- 8.109398
	 RF_{0}: 0.528979 +/- 0.256776
	 $E_{0}$: 0.697510 +/- 0.526192

Posterior distribution on file posterior_'param'.png

RMSD: 0.080281
Weighted RMSD: 0.080281
RMSD for validation data: 1.622690
RMSD for total data: 5.285309
AIC: 16.160563
AIC for validation data: 19.245380
AIC for total data: 26.570617

#####################################################################

Total time on ABC: 0.053 s
Number of trials: 8512

Fit on file model_fit.png