2021-11-14_19-22-12

Data Source: Número de casos confirmados de COVID-19 no Brasil (on GitHub)
https://raw.githubusercontent.com/wcota/covid19br/master/cases-brazil-cities-time.csv

Rejection ABC fitting of epidemic curves

Model: SEIRD
Parameters: $\beta_{I}$, $\beta_{E}$, $N$, $\mu$, $\gamma$, $t_{c}$, RF_{0}, $E_{0}$
#####################################################################

Number of Samples: 48
Number of Posteriors: 3
RMSD Weights: [1,1]
Training window size: 40
Validation window size: 10

#####################################################################

Posterior No. 1
Execution Time: 0.086 s
Tolerance: eps = 0.173549

Priors' Ranges:

	 $\beta_{I}$: 0.000000 <-> 1.000000
	 $\beta_{E}$: 0.000000 <-> 1.000000
	 $N$: 51269.183000 <-> 10253836.600000
	 $\mu$: 0.000000 <-> 1.000000
	 $\gamma$: 0.000000 <-> 1.000000
	 $t_{c}$: 0.000000 <-> 30.000000
	 RF_{0}: 0.000000 <-> 1.000000
	 $E_{0}$: 0.000000 <-> 2.000000

Estimated parameters (av +/- std):

	 $\beta_{I}$: 0.857968 +/- 0.250393
	 $\beta_{E}$: 0.058589 +/- 0.023726
	 $N$: 196289.946116 +/- 2882615.241582
	 $\mu$: 0.002935 +/- 0.000828
	 $\gamma$: 0.498118 +/- 0.180530
	 $t_{c}$: 19.585830 +/- 5.342138
	 RF_{0}: 0.998337 +/- 0.013580
	 $E_{0}$: 0.075034 +/- 0.018752

Posterior distribution on file posterior_'param'.png

RMSD: 0.077098
Weighted RMSD: 0.077098
RMSD for validation data: 4.066982
RMSD for total data: 0.433979
AIC: 16.154195
AIC for validation data: 24.133964
AIC for total data: 16.867957

#####################################################################

Total time on ABC: 0.086 s
Number of trials: 4949

Fit on file model_fit.png