2021-12-01_00-51-50

Data Source: Número de casos confirmados de COVID-19 no Brasil (on GitHub)
https://raw.githubusercontent.com/wcota/covid19br/master/cases-brazil-cities-time.csv

Rejection ABC fitting of epidemic curves

Model: SEIRD
Parameters: $\beta_{I}$, $\beta_{E}$, $N$, $\mu$, $\gamma$, $t_{c}$, RF_{0}, $E_{0}$
#####################################################################

Number of Samples: 99984
Number of Posteriors: 3
RMSD Weights: [1,1]
Training window size: 25
Validation window size: 10

#####################################################################

Posterior No. 2
Execution Time: 89.046 s
Tolerance: eps = 5.721045

Priors' Ranges:

	 $\beta_{I}$: 0.000023 <-> 0.999978
	 $\beta_{E}$: 0.000003 <-> 0.999911
	 $N$: 212564.248905 <-> 42509358.591086
	 $\mu$: 0.000002 <-> 0.999833
	 $\gamma$: 0.000130 <-> 0.999999
	 $t_{c}$: 0.035937 <-> 29.999974
	 RF_{0}: 0.000116 <-> 0.999997
	 $E_{0}$: 0.000013 <-> 1.999998

Estimated parameters (av +/- std):

	 $\beta_{I}$: 0.672563 +/- 0.269010
	 $\beta_{E}$: 0.116471 +/- 0.281798
	 $N$: 3870960.151358 +/- 9964871.045261
	 $\mu$: 0.006323 +/- 0.198303
	 $\gamma$: 0.243092 +/- 0.221614
	 $t_{c}$: 21.329713 +/- 7.812007
	 RF_{0}: 0.906593 +/- 0.253217
	 $E_{0}$: 0.369075 +/- 0.544869

Posterior distribution on file posterior_'param'.png

RMSD: 0.045115
Weighted RMSD: 0.045115
RMSD for validation data: 0.308043
RMSD for total data: 0.261834
AIC: 16.090230
AIC for validation data: 16.616085
AIC for total data: 16.523667

#####################################################################

Total time on ABC: 100.235 s
Number of trials: 1592617

Fit on file model_fit.png