2021-11-29_22-05-24

Data Source: Número de casos confirmados de COVID-19 no Brasil (on GitHub)
https://raw.githubusercontent.com/wcota/covid19br/master/cases-brazil-cities-time.csv

Rejection ABC fitting of epidemic curves

Model: SEIRD
Parameters: $\beta_{I}$, $\beta_{E}$, $N$, $\mu$, $\gamma$, $t_{c}$, RF_{0}, $E_{0}$
#####################################################################

Number of Samples: 9984
Number of Posteriors: 3
RMSD Weights: [1,1]
Training window size: 25
Validation window size: 10

#####################################################################

Posterior No. 3
Execution Time: 1.393 s
Tolerance: eps = 0.287904

Priors' Ranges:

	 $\beta_{I}$: 0.000483 <-> 0.999918
	 $\beta_{E}$: 0.000162 <-> 0.785744
	 $N$: 215688.814343 <-> 42508945.649280
	 $\mu$: 0.000175 <-> 0.998764
	 $\gamma$: 0.010749 <-> 0.999708
	 $t_{c}$: 0.039851 <-> 29.998980
	 RF_{0}: 0.000397 <-> 0.999939
	 $E_{0}$: 0.000130 <-> 1.997619

Estimated parameters (av +/- std):

	 $\beta_{I}$: 0.525871 +/- 0.262846
	 $\beta_{E}$: 0.145900 +/- 0.061281
	 $N$: 20365422.381240 +/- 11335187.911041
	 $\mu$: 0.038449 +/- 0.199940
	 $\gamma$: 0.614158 +/- 0.227954
	 $t_{c}$: 4.072345 +/- 7.335385
	 RF_{0}: 0.539573 +/- 0.263150
	 $E_{0}$: 0.932469 +/- 0.518265

Posterior distribution on file posterior_'param'.png

RMSD: 0.046498
Weighted RMSD: 0.046498
RMSD for validation data: 0.168831
RMSD for total data: 0.450152
AIC: 16.092997
AIC for validation data: 16.337661
AIC for total data: 16.900304

#####################################################################

Total time on ABC: 4.182 s
Number of trials: 75357

Fit on file model_fit.png