2021-11-14_19-26-42

Data Source: Número de casos confirmados de COVID-19 no Brasil (on GitHub)
https://raw.githubusercontent.com/wcota/covid19br/master/cases-brazil-cities-time.csv

Rejection ABC fitting of epidemic curves

Model: SEIRD
Parameters: $\beta_{I}$, $\beta_{E}$, $N$, $\mu$, $\gamma$, $t_{c}$, RF_{0}, $E_{0}$
#####################################################################

Number of Samples: 960
Number of Posteriors: 3
RMSD Weights: [1,1]
Training window size: 10
Validation window size: 10

#####################################################################

Posterior No. 2
Execution Time: 0.395 s
Tolerance: eps = 0.094211

Priors' Ranges:

	 $\beta_{I}$: 0.022438 <-> 0.995532
	 $\beta_{E}$: 0.001742 <-> 0.998107
	 $N$: 2820240.282074 <-> 6931880.522477
	 $\mu$: 0.000223 <-> 0.021516
	 $\gamma$: 0.021837 <-> 0.999958
	 $t_{c}$: 5.865106 <-> 29.994929
	 RF_{0}: 0.807617 <-> 0.999995
	 $E_{0}$: 0.006841 <-> 0.083985

Estimated parameters (av +/- std):

	 $\beta_{I}$: 0.258401 +/- 0.243788
	 $\beta_{E}$: 0.600435 +/- 0.255767
	 $N$: 5229610.312426 +/- 572963.730493
	 $\mu$: 0.006746 +/- 0.006297
	 $\gamma$: 0.645944 +/- 0.241900
	 $t_{c}$: 13.852091 +/- 5.871471
	 RF_{0}: 0.993115 +/- 0.019658
	 $E_{0}$: 0.015976 +/- 0.009677

Posterior distribution on file posterior_'param'.png

RMSD: 0.029574
Weighted RMSD: 0.029574
RMSD for validation data: 0.441502
RMSD for total data: 0.558320
AIC: 16.059148
AIC for validation data: 16.883003
AIC for total data: 17.116639

#####################################################################

Total time on ABC: 0.563 s
Number of trials: 99894

Fit on file model_fit.png