2022-03-08_16-04-21

Data Source: Número de casos confirmados de COVID-19 no Brasil (on GitHub)
https://raw.githubusercontent.com/wcota/covid19br/master/cases-brazil-cities-time.csv

Rejection ABC fitting of epidemic curves

Model: SEIRD
Parameters: $\beta_{I}$, $\beta_{E}$, $N$, $\mu$, $\gamma$, $t_{c}$, RF_{0}, $E_{0}$
#####################################################################

Number of Samples: 960
Number of Posteriors: 3
RMSD Weights: [1,1]
Training window size: 20
Validation window size: 10

#####################################################################

Posterior No. 2
Execution Time: 1.045 s
Tolerance: eps = 0.030145

Priors' Ranges:

	 $\beta_{I}$: 0.002374 <-> 0.999801
	 $\beta_{E}$: 0.000394 <-> 0.114386
	 $N$: 5572625.888348 <-> 106238358.656889
	 $\mu$: 0.007024 <-> 0.026783
	 $\gamma$: 0.258942 <-> 0.999793
	 $t_{c}$: 6.632180 <-> 29.985377
	 RF_{0}: 0.879503 <-> 0.988267
	 $E_{0}$: 0.109540 <-> 0.670066

Estimated parameters (av +/- std):

	 $\beta_{I}$: 0.798530 +/- 0.260018
	 $\beta_{E}$: 0.001817 +/- 0.020365
	 $N$: 77087174.097775 +/- 27500801.878873
	 $\mu$: 0.014576 +/- 0.004084
	 $\gamma$: 0.588082 +/- 0.161381
	 $t_{c}$: 23.432510 +/- 5.204920
	 RF_{0}: 0.950973 +/- 0.016383
	 $E_{0}$: 0.452806 +/- 0.109708

Posterior distribution on file posterior_'param'.png

RMSD: 0.022718
Weighted RMSD: 0.022718
RMSD for validation data: 0.130176
RMSD for total data: 0.449489
AIC: 16.045436
AIC for validation data: 16.260353
AIC for total data: 16.898978

#####################################################################

Total time on ABC: 1.835 s
Number of trials: 110914

Fit on file model_fit.png