2021-11-14_20-30-25

Data Source: Número de casos confirmados de COVID-19 no Brasil (on GitHub)
https://raw.githubusercontent.com/wcota/covid19br/master/cases-brazil-cities-time.csv

Rejection ABC fitting of epidemic curves

Model: SEIRD
Parameters: $\beta_{I}$, $\beta_{E}$, $N$, $\mu$, $\gamma$, $t_{c}$, RF_{0}, $E_{0}$
#####################################################################

Number of Samples: 48
Number of Posteriors: 3
RMSD Weights: [1,1]
Training window size: 35
Validation window size: 10

#####################################################################

Posterior No. 1
Execution Time: 0.185 s
Tolerance: eps = 4.546713

Priors' Ranges:

	 $\beta_{I}$: 0.000000 <-> 1.000000
	 $\beta_{E}$: 0.000000 <-> 1.000000
	 $N$: 51269.183000 <-> 10253836.600000
	 $\mu$: 0.000000 <-> 1.000000
	 $\gamma$: 0.000000 <-> 1.000000
	 $t_{c}$: 0.000000 <-> 30.000000
	 RF_{0}: 0.000000 <-> 1.000000
	 $E_{0}$: 0.000000 <-> 2.000000

Estimated parameters (av +/- std):

	 $\beta_{I}$: 0.907402 +/- 0.276592
	 $\beta_{E}$: 0.070560 +/- 0.155993
	 $N$: 8019494.140232 +/- 3030578.929239
	 $\mu$: 0.009923 +/- 0.290390
	 $\gamma$: 0.783365 +/- 0.260597
	 $t_{c}$: 26.014830 +/- 9.434152
	 RF_{0}: 0.662552 +/- 0.290647
	 $E_{0}$: 1.986578 +/- 0.566672

Posterior distribution on file posterior_'param'.png

RMSD: 0.233495
Weighted RMSD: 0.233495
RMSD for validation data: 9.202894
RMSD for total data: 0.433979
AIC: 16.466989
AIC for validation data: 34.405788
AIC for total data: 16.867957

#####################################################################

Total time on ABC: 0.185 s
Number of trials: 9944

Fit on file model_fit.png