2021-11-14_07-39-52

Data Source: Número de casos confirmados de COVID-19 no Brasil (on GitHub)
https://raw.githubusercontent.com/wcota/covid19br/master/cases-brazil-cities-time.csv

Rejection ABC fitting of epidemic curves

Model: SEIRD
Parameters: $\beta_{I}$, $\beta_{E}$, $N$, $\mu$, $\gamma$, $t_{c}$, RF_{0}, $E_{0}$
#####################################################################

Number of Samples: 960
Number of Posteriors: 3
RMSD Weights: [1,1]
Training window size: 25
Validation window size: 10

#####################################################################

Posterior No. 3
Execution Time: 0.114 s
Tolerance: eps = 0.268801

Priors' Ranges:

	 $\beta_{I}$: 0.003249 <-> 0.998423
	 $\beta_{E}$: 0.000269 <-> 0.390584
	 $N$: 3862172.788714 <-> 275974247.914369
	 $\mu$: 0.000553 <-> 0.988815
	 $\gamma$: 0.023300 <-> 0.999374
	 $t_{c}$: 1.385873 <-> 29.975341
	 RF_{0}: 0.002417 <-> 0.999773
	 $E_{0}$: 0.000308 <-> 1.996510

Estimated parameters (av +/- std):

	 $\beta_{I}$: 0.952010 +/- 0.262706
	 $\beta_{E}$: 0.154606 +/- 0.063151
	 $N$: 50841333.710564 +/- 72845342.550646
	 $\mu$: 0.011727 +/- 0.207469
	 $\gamma$: 0.766415 +/- 0.226710
	 $t_{c}$: 6.658811 +/- 6.928577
	 RF_{0}: 0.216590 +/- 0.252435
	 $E_{0}$: 1.257915 +/- 0.519200

Posterior distribution on file posterior_'param'.png

RMSD: 0.077538
Weighted RMSD: 0.077538
RMSD for validation data: 0.214186
RMSD for total data: 2.284024
AIC: 16.155076
AIC for validation data: 16.428371
AIC for total data: 20.568048

#####################################################################

Total time on ABC: 0.310 s
Number of trials: 7861

Fit on file model_fit.png