2021-11-14_06-17-32

Data Source: Número de casos confirmados de COVID-19 no Brasil (on GitHub)
https://raw.githubusercontent.com/wcota/covid19br/master/cases-brazil-cities-time.csv

Rejection ABC fitting of epidemic curves

Model: SEIRD
Parameters: $\beta_{I}$, $\beta_{E}$, $N$, $\mu$, $\gamma$, $t_{c}$, RF_{0}, $E_{0}$
#####################################################################

Number of Samples: 48
Number of Posteriors: 3
RMSD Weights: [1,1]
Training window size: 25
Validation window size: 10

#####################################################################

Posterior No. 1
Execution Time: 0.139 s
Tolerance: eps = 203.721941

Priors' Ranges:

	 $\beta_{I}$: 0.000000 <-> 1.000000
	 $\beta_{E}$: 0.000000 <-> 1.000000
	 $N$: 83783.945000 <-> 16756789.000000
	 $\mu$: 0.000000 <-> 1.000000
	 $\gamma$: 0.000000 <-> 1.000000
	 $t_{c}$: 0.000000 <-> 30.000000
	 RF_{0}: 0.000000 <-> 1.000000
	 $E_{0}$: 0.000000 <-> 2.000000

Estimated parameters (av +/- std):

	 $\beta_{I}$: 0.658133 +/- 0.284431
	 $\beta_{E}$: 0.460766 +/- 0.274111
	 $N$: 188209.355771 +/- 5217707.803452
	 $\mu$: 0.003956 +/- 0.288188
	 $\gamma$: 0.297960 +/- 0.261431
	 $t_{c}$: 4.654445 +/- 8.896515
	 RF_{0}: 0.982080 +/- 0.282262
	 $E_{0}$: 0.143832 +/- 0.571174

Posterior distribution on file posterior_'param'.png

RMSD: 0.522651
Weighted RMSD: 0.522651
RMSD for validation data: 0.780513
RMSD for total data: 0.388023
AIC: 17.045302
AIC for validation data: 17.561025
AIC for total data: 16.776047

#####################################################################

Total time on ABC: 0.139 s
Number of trials: 9248

Fit on file model_fit.png