2021-11-14_04-14-21

Data Source: Número de casos confirmados de COVID-19 no Brasil (on GitHub)
https://raw.githubusercontent.com/wcota/covid19br/master/cases-brazil-cities-time.csv

Rejection ABC fitting of epidemic curves

Model: SEIRD
Parameters: $\beta_{I}$, $\beta_{E}$, $N$, $\mu$, $\gamma$, $t_{c}$, RF_{0}, $E_{0}$
#####################################################################

Number of Samples: 960
Number of Posteriors: 3
RMSD Weights: [1,1]
Training window size: 15
Validation window size: 10

#####################################################################

Posterior No. 2
Execution Time: 0.162 s
Tolerance: eps = 0.064560

Priors' Ranges:

	 $\beta_{I}$: 0.000850 <-> 0.994109
	 $\beta_{E}$: 0.000020 <-> 0.200702
	 $N$: 425177.172510 <-> 25256501.727934
	 $\mu$: 0.003061 <-> 0.057267
	 $\gamma$: 0.051496 <-> 0.998637
	 $t_{c}$: 2.469259 <-> 29.993481
	 RF_{0}: 0.923596 <-> 0.999914
	 $E_{0}$: 0.007580 <-> 0.130650

Estimated parameters (av +/- std):

	 $\beta_{I}$: 0.490423 +/- 0.232400
	 $\beta_{E}$: 0.004003 +/- 0.025461
	 $N$: 13474226.385158 +/- 6762000.412264
	 $\mu$: 0.039772 +/- 0.010355
	 $\gamma$: 0.798966 +/- 0.202427
	 $t_{c}$: 25.497824 +/- 5.913862
	 RF_{0}: 0.993593 +/- 0.008445
	 $E_{0}$: 0.108806 +/- 0.021595

Posterior distribution on file posterior_'param'.png

RMSD: 0.022409
Weighted RMSD: 0.022409
RMSD for validation data: 0.184464
RMSD for total data: 0.399268
AIC: 16.044819
AIC for validation data: 16.368928
AIC for total data: 16.798535

#####################################################################

Total time on ABC: 0.582 s
Number of trials: 24093

Fit on file model_fit.png