2021-11-14_20-30-25

Data Source: Número de casos confirmados de COVID-19 no Brasil (on GitHub)
https://raw.githubusercontent.com/wcota/covid19br/master/cases-brazil-cities-time.csv

Rejection ABC fitting of epidemic curves

Model: SEIRD
Parameters: $\beta_{I}$, $\beta_{E}$, $N$, $\mu$, $\gamma$, $t_{c}$, RF_{0}, $E_{0}$
#####################################################################

Number of Samples: 960
Number of Posteriors: 3
RMSD Weights: [1,1]
Training window size: 35
Validation window size: 10

#####################################################################

Posterior No. 2
Execution Time: 0.123 s
Tolerance: eps = 19.164150

Priors' Ranges:

	 $\beta_{I}$: 0.000382 <-> 0.999721
	 $\beta_{E}$: 0.000238 <-> 0.975356
	 $N$: 51959.034395 <-> 10246878.744689
	 $\mu$: 0.000198 <-> 0.996374
	 $\gamma$: 0.044987 <-> 0.999840
	 $t_{c}$: 0.036706 <-> 29.973655
	 RF_{0}: 0.004457 <-> 0.999110
	 $E_{0}$: 0.001228 <-> 1.981595

Estimated parameters (av +/- std):

	 $\beta_{I}$: 0.484420 +/- 0.261355
	 $\beta_{E}$: 0.349125 +/- 0.134703
	 $N$: 90095.396904 +/- 2949653.098528
	 $\mu$: 0.010908 +/- 0.257296
	 $\gamma$: 0.802533 +/- 0.211168
	 $t_{c}$: 21.975553 +/- 8.501814
	 RF_{0}: 0.983826 +/- 0.261844
	 $E_{0}$: 0.241143 +/- 0.478646

Posterior distribution on file posterior_'param'.png

RMSD: 0.063454
Weighted RMSD: 0.063454
RMSD for validation data: 0.943023
RMSD for total data: 0.433979
AIC: 16.126908
AIC for validation data: 17.886046
AIC for total data: 16.867957

#####################################################################

Total time on ABC: 0.333 s
Number of trials: 15227

Fit on file model_fit.png