2021-11-14_05-05-40

Data Source: Número de casos confirmados de COVID-19 no Brasil (on GitHub)
https://raw.githubusercontent.com/wcota/covid19br/master/cases-brazil-cities-time.csv

Rejection ABC fitting of epidemic curves

Model: SEIRD
Parameters: $\beta_{I}$, $\beta_{E}$, $N$, $\mu$, $\gamma$, $t_{c}$, RF_{0}, $E_{0}$
#####################################################################

Number of Samples: 960
Number of Posteriors: 3
RMSD Weights: [1,1]
Training window size: 20
Validation window size: 10

#####################################################################

Posterior No. 2
Execution Time: 0.096 s
Tolerance: eps = 29.871591

Priors' Ranges:

	 $\beta_{I}$: 0.002819 <-> 0.998892
	 $\beta_{E}$: 0.000378 <-> 0.988067
	 $N$: 129233.888624 <-> 25286836.211481
	 $\mu$: 0.000230 <-> 0.995123
	 $\gamma$: 0.025077 <-> 0.999779
	 $t_{c}$: 0.036368 <-> 29.988104
	 RF_{0}: 0.000126 <-> 0.998101
	 $E_{0}$: 0.002656 <-> 1.976970

Estimated parameters (av +/- std):

	 $\beta_{I}$: 0.120532 +/- 0.262661
	 $\beta_{E}$: 0.143317 +/- 0.222112
	 $N$: 8577324.534954 +/- 7341152.336662
	 $\mu$: 0.010279 +/- 0.227736
	 $\gamma$: 0.472576 +/- 0.219739
	 $t_{c}$: 11.769871 +/- 7.578945
	 RF_{0}: 0.925369 +/- 0.254666
	 $E_{0}$: 0.022102 +/- 0.503272

Posterior distribution on file posterior_'param'.png

RMSD: 0.129401
Weighted RMSD: 0.129401
RMSD for validation data: 2.543156
RMSD for total data: 8.407006
AIC: 16.258802
AIC for validation data: 21.086313
AIC for total data: 32.814012

#####################################################################

Total time on ABC: 0.226 s
Number of trials: 15519

Fit on file model_fit.png