2021-11-14_07-39-52

Data Source: Número de casos confirmados de COVID-19 no Brasil (on GitHub)
https://raw.githubusercontent.com/wcota/covid19br/master/cases-brazil-cities-time.csv

Rejection ABC fitting of epidemic curves

Model: SEIRD
Parameters: $\beta_{I}$, $\beta_{E}$, $N$, $\mu$, $\gamma$, $t_{c}$, RF_{0}, $E_{0}$
#####################################################################

Number of Samples: 48
Number of Posteriors: 3
RMSD Weights: [1,1]
Training window size: 30
Validation window size: 10

#####################################################################

Posterior No. 1
Execution Time: 0.156 s
Tolerance: eps = 499.041792

Priors' Ranges:

	 $\beta_{I}$: 0.000000 <-> 1.000000
	 $\beta_{E}$: 0.000000 <-> 1.000000
	 $N$: 1380004.385000 <-> 276000877.000000
	 $\mu$: 0.000000 <-> 1.000000
	 $\gamma$: 0.000000 <-> 1.000000
	 $t_{c}$: 0.000000 <-> 30.000000
	 RF_{0}: 0.000000 <-> 1.000000
	 $E_{0}$: 0.000000 <-> 2.000000

Estimated parameters (av +/- std):

	 $\beta_{I}$: 0.106316 +/- 0.287558
	 $\beta_{E}$: 0.702769 +/- 0.309189
	 $N$: 5190926.205875 +/- 78573784.520603
	 $\mu$: 0.018317 +/- 0.256597
	 $\gamma$: 0.983475 +/- 0.255682
	 $t_{c}$: 27.301402 +/- 8.737482
	 RF_{0}: 0.992473 +/- 0.283077
	 $E_{0}$: 1.893000 +/- 0.592701

Posterior distribution on file posterior_'param'.png

RMSD: 1.130231
Weighted RMSD: 1.130231
RMSD for validation data: 1.339081
RMSD for total data: 0.301217
AIC: 18.260462
AIC for validation data: 18.678163
AIC for total data: 16.602435

#####################################################################

Total time on ABC: 0.156 s
Number of trials: 9252

Fit on file model_fit.png