2021-11-29_21-52-43

Data Source: Número de casos confirmados de COVID-19 no Brasil (on GitHub)
https://raw.githubusercontent.com/wcota/covid19br/master/cases-brazil-cities-time.csv

Rejection ABC fitting of epidemic curves

Model: SEIRD
Parameters: $\beta_{I}$, $\beta_{E}$, $N$, $\mu$, $\gamma$, $t_{c}$, RF_{0}, $E_{0}$
#####################################################################

Number of Samples: 9984
Number of Posteriors: 3
RMSD Weights: [1,1]
Training window size: 50
Validation window size: 10

#####################################################################

Posterior No. 3
Execution Time: 1.807 s
Tolerance: eps = 0.261744

Priors' Ranges:

	 $\beta_{I}$: 0.000016 <-> 0.999942
	 $\beta_{E}$: 0.000092 <-> 0.610732
	 $N$: 218805.694744 <-> 42500417.010652
	 $\mu$: 0.000398 <-> 0.999054
	 $\gamma$: 0.000934 <-> 0.999895
	 $t_{c}$: 0.036456 <-> 29.987875
	 RF_{0}: 0.000002 <-> 0.999715
	 $E_{0}$: 0.000185 <-> 1.999865

Estimated parameters (av +/- std):

	 $\beta_{I}$: 0.402641 +/- 0.264381
	 $\beta_{E}$: 0.108313 +/- 0.039740
	 $N$: 12251346.789114 +/- 11289686.053387
	 $\mu$: 0.049303 +/- 0.260252
	 $\gamma$: 0.570819 +/- 0.234769
	 $t_{c}$: 10.729019 +/- 7.005222
	 RF_{0}: 0.087020 +/- 0.262104
	 $E_{0}$: 1.443593 +/- 0.521360

Posterior distribution on file posterior_'param'.png

RMSD: 0.027619
Weighted RMSD: 0.027619
RMSD for validation data: 0.528972
RMSD for total data: 0.479823
AIC: 16.055238
AIC for validation data: 17.057943
AIC for total data: 16.959646

#####################################################################

Total time on ABC: 6.435 s
Number of trials: 78988

Fit on file model_fit.png