2021-11-14_06-19-53

Data Source: Número de casos confirmados de COVID-19 no Brasil (on GitHub)
https://raw.githubusercontent.com/wcota/covid19br/master/cases-brazil-cities-time.csv

Rejection ABC fitting of epidemic curves

Model: SEIRD
Parameters: $\beta_{I}$, $\beta_{E}$, $N$, $\mu$, $\gamma$, $t_{c}$, RF_{0}, $E_{0}$
#####################################################################

Number of Samples: 48
Number of Posteriors: 3
RMSD Weights: [1,1]
Training window size: 20
Validation window size: 10

#####################################################################

Posterior No. 1
Execution Time: 0.111 s
Tolerance: eps = 231.431752

Priors' Ranges:

	 $\beta_{I}$: 0.000000 <-> 1.000000
	 $\beta_{E}$: 0.000000 <-> 1.000000
	 $N$: 83783.945000 <-> 16756789.000000
	 $\mu$: 0.000000 <-> 1.000000
	 $\gamma$: 0.000000 <-> 1.000000
	 $t_{c}$: 0.000000 <-> 30.000000
	 RF_{0}: 0.000000 <-> 1.000000
	 $E_{0}$: 0.000000 <-> 2.000000

Estimated parameters (av +/- std):

	 $\beta_{I}$: 0.799757 +/- 0.292915
	 $\beta_{E}$: 0.086844 +/- 0.277305
	 $N$: 141635.347593 +/- 5047473.856871
	 $\mu$: 0.005969 +/- 0.274016
	 $\gamma$: 0.480935 +/- 0.260018
	 $t_{c}$: 11.067378 +/- 8.396365
	 RF_{0}: 0.980116 +/- 0.280220
	 $E_{0}$: 0.837115 +/- 0.577946

Posterior distribution on file posterior_'param'.png

RMSD: 3.001002
Weighted RMSD: 3.001002
RMSD for validation data: 10.674897
RMSD for total data: 0.396890
AIC: 22.002004
AIC for validation data: 37.349794
AIC for total data: 16.793780

#####################################################################

Total time on ABC: 0.111 s
Number of trials: 9565

Fit on file model_fit.png