2022-03-08_15-59-59

Data Source: Número de casos confirmados de COVID-19 no Brasil (on GitHub)
https://raw.githubusercontent.com/wcota/covid19br/master/cases-brazil-cities-time.csv

Rejection ABC fitting of epidemic curves

Model: SEIRD
Parameters: $\beta_{I}$, $\beta_{E}$, $N$, $\mu$, $\gamma$, $t_{c}$, RF_{0}, $E_{0}$
#####################################################################

Number of Samples: 960
Number of Posteriors: 3
RMSD Weights: [1,1]
Training window size: 20
Validation window size: 10

#####################################################################

Posterior No. 2
Execution Time: 0.654 s
Tolerance: eps = 0.031261

Priors' Ranges:

	 $\beta_{I}$: 0.000627 <-> 0.996651
	 $\beta_{E}$: 0.000005 <-> 0.102061
	 $N$: 3847255.949165 <-> 106279415.831327
	 $\mu$: 0.005917 <-> 0.024623
	 $\gamma$: 0.273949 <-> 0.998010
	 $t_{c}$: 4.788815 <-> 29.987911
	 RF_{0}: 0.943108 <-> 0.999997
	 $E_{0}$: 0.057123 <-> 0.410666

Estimated parameters (av +/- std):

	 $\beta_{I}$: 0.016017 +/- 0.184131
	 $\beta_{E}$: 0.013271 +/- 0.016273
	 $N$: 31650465.570218 +/- 28360635.814225
	 $\mu$: 0.012271 +/- 0.003397
	 $\gamma$: 0.580986 +/- 0.146591
	 $t_{c}$: 25.206613 +/- 5.891091
	 RF_{0}: 0.972375 +/- 0.009967
	 $E_{0}$: 0.333536 +/- 0.072749

Posterior distribution on file posterior_'param'.png

RMSD: 0.020943
Weighted RMSD: 0.020943
RMSD for validation data: 0.182354
RMSD for total data: 0.449499
AIC: 16.041885
AIC for validation data: 16.364707
AIC for total data: 16.898998

#####################################################################

Total time on ABC: 1.295 s
Number of trials: 76491

Fit on file model_fit.png