2021-11-14_07-39-52

Data Source: Número de casos confirmados de COVID-19 no Brasil (on GitHub)
https://raw.githubusercontent.com/wcota/covid19br/master/cases-brazil-cities-time.csv

Rejection ABC fitting of epidemic curves

Model: SEIRD
Parameters: $\beta_{I}$, $\beta_{E}$, $N$, $\mu$, $\gamma$, $t_{c}$, RF_{0}, $E_{0}$
#####################################################################

Number of Samples: 960
Number of Posteriors: 3
RMSD Weights: [1,1]
Training window size: 10
Validation window size: 10

#####################################################################

Posterior No. 2
Execution Time: 0.049 s
Tolerance: eps = 80.640583

Priors' Ranges:

	 $\beta_{I}$: 0.002761 <-> 0.998660
	 $\beta_{E}$: 0.000400 <-> 0.998958
	 $N$: 1572467.615941 <-> 275654653.580905
	 $\mu$: 0.000375 <-> 0.981280
	 $\gamma$: 0.018633 <-> 0.998637
	 $t_{c}$: 0.067833 <-> 29.993680
	 RF_{0}: 0.002809 <-> 0.999846
	 $E_{0}$: 0.001787 <-> 1.997831

Estimated parameters (av +/- std):

	 $\beta_{I}$: 0.850403 +/- 0.269669
	 $\beta_{E}$: 0.774289 +/- 0.250667
	 $N$: 6769663.589642 +/- 78827026.752481
	 $\mu$: 0.011184 +/- 0.153366
	 $\gamma$: 0.666332 +/- 0.229160
	 $t_{c}$: 28.484588 +/- 7.031325
	 RF_{0}: 0.938576 +/- 0.230753
	 $E_{0}$: 1.362192 +/- 0.514318

Posterior distribution on file posterior_'param'.png

RMSD: 1.426862
Weighted RMSD: 1.426862
RMSD for validation data: 1.390750
RMSD for total data: 0.308226
AIC: 18.853725
AIC for validation data: 18.781500
AIC for total data: 16.616453

#####################################################################

Total time on ABC: 0.115 s
Number of trials: 13004

Fit on file model_fit.png