2022-03-08_15-59-59

Data Source: Número de casos confirmados de COVID-19 no Brasil (on GitHub)
https://raw.githubusercontent.com/wcota/covid19br/master/cases-brazil-cities-time.csv

Rejection ABC fitting of epidemic curves

Model: SEIRD
Parameters: $\beta_{I}$, $\beta_{E}$, $N$, $\mu$, $\gamma$, $t_{c}$, RF_{0}, $E_{0}$
#####################################################################

Number of Samples: 48
Number of Posteriors: 3
RMSD Weights: [1,1]
Training window size: 20
Validation window size: 10

#####################################################################

Posterior No. 1
Execution Time: 0.457 s
Tolerance: eps = 0.05

Priors' Ranges:

	 $\beta_{I}$: 0.000000 <-> 1.000000
	 $\beta_{E}$: 0.000000 <-> 1.000000
	 $N$: 2125594.090000 <-> 106279704.500000
	 $\mu$: 0.000000 <-> 1.000000
	 $\gamma$: 0.000000 <-> 1.000000
	 $t_{c}$: 0.000000 <-> 30.000000
	 RF_{0}: 0.000000 <-> 1.000000
	 $E_{0}$: 0.000000 <-> 2.000000

Estimated parameters (av +/- std):

	 $\beta_{I}$: 0.197298 +/- 0.238146
	 $\beta_{E}$: 0.066317 +/- 0.020299
	 $N$: 63648436.702038 +/- 26519139.910947
	 $\mu$: 0.009546 +/- 0.005116
	 $\gamma$: 0.370301 +/- 0.197356
	 $t_{c}$: 9.299130 +/- 6.902633
	 RF_{0}: 0.983972 +/- 0.006179
	 $E_{0}$: 0.053602 +/- 0.046444

Posterior distribution on file posterior_'param'.png

RMSD: 0.025164
Weighted RMSD: 0.025164
RMSD for validation data: 0.221924
RMSD for total data: 0.449497
AIC: 16.050328
AIC for validation data: 16.443849
AIC for total data: 16.898995

#####################################################################

Total time on ABC: 0.457 s
Number of trials: 29373

Fit on file model_fit.png