2021-11-14_19-26-42

Data Source: Número de casos confirmados de COVID-19 no Brasil (on GitHub)
https://raw.githubusercontent.com/wcota/covid19br/master/cases-brazil-cities-time.csv

Rejection ABC fitting of epidemic curves

Model: SEIRD
Parameters: $\beta_{I}$, $\beta_{E}$, $N$, $\mu$, $\gamma$, $t_{c}$, RF_{0}, $E_{0}$
#####################################################################

Number of Samples: 960
Number of Posteriors: 3
RMSD Weights: [1,1]
Training window size: 45
Validation window size: 10

#####################################################################

Posterior No. 3
Execution Time: 10.879 s
Tolerance: eps = 0.040930

Priors' Ranges:

	 $\beta_{I}$: 0.000484 <-> 0.995051
	 $\beta_{E}$: 0.000184 <-> 0.128519
	 $N$: 614848.427830 <-> 13566536.831507
	 $\mu$: 0.003291 <-> 0.026976
	 $\gamma$: 0.136360 <-> 0.988742
	 $t_{c}$: 7.442247 <-> 29.981109
	 RF_{0}: 0.912575 <-> 0.963533
	 $E_{0}$: 0.000039 <-> 0.065822

Estimated parameters (av +/- std):

	 $\beta_{I}$: 0.207999 +/- 0.224595
	 $\beta_{E}$: 0.077402 +/- 0.018016
	 $N$: 656030.545062 +/- 3514413.691641
	 $\mu$: 0.006466 +/- 0.005051
	 $\gamma$: 0.262859 +/- 0.181308
	 $t_{c}$: 18.942807 +/- 4.637738
	 RF_{0}: 0.929518 +/- 0.010092
	 $E_{0}$: 0.017677 +/- 0.014355

Posterior distribution on file posterior_'param'.png

RMSD: 0.025087
Weighted RMSD: 0.025087
RMSD for validation data: 0.916793
RMSD for total data: 0.436688
AIC: 16.050173
AIC for validation data: 17.833585
AIC for total data: 16.873375

#####################################################################

Total time on ABC: 20.550 s
Number of trials: 450547

Fit on file model_fit.png