2021-11-14_05-05-40

Data Source: Número de casos confirmados de COVID-19 no Brasil (on GitHub)
https://raw.githubusercontent.com/wcota/covid19br/master/cases-brazil-cities-time.csv

Rejection ABC fitting of epidemic curves

Model: SEIRD
Parameters: $\beta_{I}$, $\beta_{E}$, $N$, $\mu$, $\gamma$, $t_{c}$, RF_{0}, $E_{0}$
#####################################################################

Number of Samples: 960
Number of Posteriors: 3
RMSD Weights: [1,1]
Training window size: 35
Validation window size: 10

#####################################################################

Posterior No. 3
Execution Time: 0.075 s
Tolerance: eps = 0.399774

Priors' Ranges:

	 $\beta_{I}$: 0.000686 <-> 0.971763
	 $\beta_{E}$: 0.000194 <-> 0.761856
	 $N$: 236719.718618 <-> 25250111.700726
	 $\mu$: 0.000184 <-> 0.995619
	 $\gamma$: 0.009739 <-> 0.999822
	 $t_{c}$: 0.056050 <-> 29.978523
	 RF_{0}: 0.011962 <-> 0.999697
	 $E_{0}$: 0.000724 <-> 1.995594

Estimated parameters (av +/- std):

	 $\beta_{I}$: 0.524236 +/- 0.249088
	 $\beta_{E}$: 0.118274 +/- 0.072517
	 $N$: 13156387.505210 +/- 6748460.239463
	 $\mu$: 0.024763 +/- 0.231742
	 $\gamma$: 0.812131 +/- 0.198356
	 $t_{c}$: 11.096166 +/- 7.973438
	 RF_{0}: 0.154609 +/- 0.242602
	 $E_{0}$: 1.036517 +/- 0.484025

Posterior distribution on file posterior_'param'.png

RMSD: 0.080528
Weighted RMSD: 0.080528
RMSD for validation data: 0.500000
RMSD for total data: 18.036128
AIC: 16.161057
AIC for validation data: 17.000000
AIC for total data: 52.072256

#####################################################################

Total time on ABC: 0.397 s
Number of trials: 7539

Fit on file model_fit.png