2021-11-14_08-20-25

Data Source: Número de casos confirmados de COVID-19 no Brasil (on GitHub)
https://raw.githubusercontent.com/wcota/covid19br/master/cases-brazil-cities-time.csv

Rejection ABC fitting of epidemic curves

Model: SEIRD
Parameters: $\beta_{I}$, $\beta_{E}$, $N$, $\mu$, $\gamma$, $t_{c}$, RF_{0}, $E_{0}$
#####################################################################

Number of Samples: 960
Number of Posteriors: 3
RMSD Weights: [1,1]
Training window size: 50
Validation window size: 10

#####################################################################

Posterior No. 3
Execution Time: 2.341 s
Tolerance: eps = 0.022447

Priors' Ranges:

	 $\beta_{I}$: 0.002732 <-> 0.997705
	 $\beta_{E}$: 0.000012 <-> 0.107439
	 $N$: 6054130.766047 <-> 42248338.521857
	 $\mu$: 0.004997 <-> 0.025920
	 $\gamma$: 0.219635 <-> 0.999824
	 $t_{c}$: 5.928369 <-> 29.989854
	 RF_{0}: 0.924577 <-> 0.999996
	 $E_{0}$: 0.083804 <-> 0.502186

Estimated parameters (av +/- std):

	 $\beta_{I}$: 0.385790 +/- 0.243541
	 $\beta_{E}$: 0.022844 +/- 0.020723
	 $N$: 24181250.942424 +/- 10322703.728819
	 $\mu$: 0.022225 +/- 0.003793
	 $\gamma$: 0.932090 +/- 0.155375
	 $t_{c}$: 23.437522 +/- 5.248914
	 RF_{0}: 0.982421 +/- 0.015304
	 $E_{0}$: 0.349914 +/- 0.081249

Posterior distribution on file posterior_'param'.png

RMSD: 0.009312
Weighted RMSD: 0.009312
RMSD for validation data: 0.091628
RMSD for total data: 0.449499
AIC: 16.018623
AIC for validation data: 16.183256
AIC for total data: 16.898998

#####################################################################

Total time on ABC: 5.490 s
Number of trials: 131407

Fit on file model_fit.png