2021-12-01_00-51-50

Data Source: Número de casos confirmados de COVID-19 no Brasil (on GitHub)
https://raw.githubusercontent.com/wcota/covid19br/master/cases-brazil-cities-time.csv

Rejection ABC fitting of epidemic curves

Model: SEIRD
Parameters: $\beta_{I}$, $\beta_{E}$, $N$, $\mu$, $\gamma$, $t_{c}$, RF_{0}, $E_{0}$
#####################################################################

Number of Samples: 48
Number of Posteriors: 3
RMSD Weights: [1,1]
Training window size: 20
Validation window size: 10

#####################################################################

Posterior No. 1
Execution Time: 8.953 s
Tolerance: eps = 11.056705

Priors' Ranges:

	 $\beta_{I}$: 0.000000 <-> 1.000000
	 $\beta_{E}$: 0.000000 <-> 1.000000
	 $N$: 212559.409000 <-> 42511881.800000
	 $\mu$: 0.000000 <-> 1.000000
	 $\gamma$: 0.000000 <-> 1.000000
	 $t_{c}$: 0.000000 <-> 30.000000
	 RF_{0}: 0.000000 <-> 1.000000
	 $E_{0}$: 0.000000 <-> 2.000000

Estimated parameters (av +/- std):

	 $\beta_{I}$: 0.669232 +/- 0.289871
	 $\beta_{E}$: 0.569096 +/- 0.297584
	 $N$: 4144094.630811 +/- 12018354.315357
	 $\mu$: 0.012462 +/- 0.251148
	 $\gamma$: 0.772097 +/- 0.261275
	 $t_{c}$: 25.213382 +/- 8.478694
	 RF_{0}: 0.883685 +/- 0.277122
	 $E_{0}$: 0.507141 +/- 0.587662

Posterior distribution on file posterior_'param'.png

RMSD: 0.054844
Weighted RMSD: 0.054844
RMSD for validation data: 0.311546
RMSD for total data: 0.294720
AIC: 16.109687
AIC for validation data: 16.623091
AIC for total data: 16.589439

#####################################################################

Total time on ABC: 8.953 s
Number of trials: 1002113

Fit on file model_fit.png