2021-11-29_22-05-24

Data Source: Número de casos confirmados de COVID-19 no Brasil (on GitHub)
https://raw.githubusercontent.com/wcota/covid19br/master/cases-brazil-cities-time.csv

Rejection ABC fitting of epidemic curves

Model: SEIRD
Parameters: $\beta_{I}$, $\beta_{E}$, $N$, $\mu$, $\gamma$, $t_{c}$, RF_{0}, $E_{0}$
#####################################################################

Number of Samples: 9984
Number of Posteriors: 3
RMSD Weights: [1,1]
Training window size: 25
Validation window size: 10

#####################################################################

Posterior No. 2
Execution Time: 1.985 s
Tolerance: eps = 2.868485

Priors' Ranges:

	 $\beta_{I}$: 0.000152 <-> 0.999843
	 $\beta_{E}$: 0.000011 <-> 0.999327
	 $N$: 214619.747173 <-> 42505333.171816
	 $\mu$: 0.000008 <-> 0.997363
	 $\gamma$: 0.001777 <-> 0.999402
	 $t_{c}$: 0.037538 <-> 29.999334
	 RF_{0}: 0.000098 <-> 0.999879
	 $E_{0}$: 0.000054 <-> 1.999683

Estimated parameters (av +/- std):

	 $\beta_{I}$: 0.640877 +/- 0.263574
	 $\beta_{E}$: 0.042065 +/- 0.210739
	 $N$: 31972614.769449 +/- 12430809.209652
	 $\mu$: 0.026845 +/- 0.226387
	 $\gamma$: 0.693149 +/- 0.215278
	 $t_{c}$: 6.271712 +/- 8.113264
	 RF_{0}: 0.785877 +/- 0.255153
	 $E_{0}$: 0.121591 +/- 0.505184

Posterior distribution on file posterior_'param'.png

RMSD: 0.057500
Weighted RMSD: 0.057500
RMSD for validation data: 0.228603
RMSD for total data: 0.449312
AIC: 16.115000
AIC for validation data: 16.457205
AIC for total data: 16.898624

#####################################################################

Total time on ABC: 3.408 s
Number of trials: 160770

Fit on file model_fit.png