2021-11-14_23-05-32

Data Source: Número de casos confirmados de COVID-19 no Brasil (on GitHub)
https://raw.githubusercontent.com/wcota/covid19br/master/cases-brazil-cities-time.csv

Rejection ABC fitting of epidemic curves

Model: SEIRD
Parameters: $\beta_{I}$, $\beta_{E}$, $N$, $\mu$, $\gamma$, $t_{c}$, RF_{0}, $E_{0}$
#####################################################################

Number of Samples: 48
Number of Posteriors: 3
RMSD Weights: [1,1]
Training window size: 20
Validation window size: 10

#####################################################################

Posterior No. 1
Execution Time: 0.123 s
Tolerance: eps = 0.343200

Priors' Ranges:

	 $\beta_{I}$: 0.000000 <-> 1.000000
	 $\beta_{E}$: 0.000000 <-> 1.000000
	 $N$: 331002.647000 <-> 66200529.400000
	 $\mu$: 0.000000 <-> 1.000000
	 $\gamma$: 0.000000 <-> 1.000000
	 $t_{c}$: 0.000000 <-> 30.000000
	 RF_{0}: 0.000000 <-> 1.000000
	 $E_{0}$: 0.000000 <-> 2.000000

Estimated parameters (av +/- std):

	 $\beta_{I}$: 0.506453 +/- 0.294251
	 $\beta_{E}$: 0.329448 +/- 0.119175
	 $N$: 50919831.218631 +/- 18718373.898941
	 $\mu$: 0.027493 +/- 0.289212
	 $\gamma$: 0.635078 +/- 0.266198
	 $t_{c}$: 4.219061 +/- 8.213201
	 RF_{0}: 0.594797 +/- 0.277808
	 $E_{0}$: 0.864844 +/- 0.567033

Posterior distribution on file posterior_'param'.png

RMSD: 0.080176
Weighted RMSD: 0.080176
RMSD for validation data: 4.188270
RMSD for total data: 1.629185
AIC: 16.160352
AIC for validation data: 24.376540
AIC for total data: 19.258370

#####################################################################

Total time on ABC: 0.123 s
Number of trials: 9238

Fit on file model_fit.png