2022-03-08_15-59-59

Data Source: Número de casos confirmados de COVID-19 no Brasil (on GitHub)
https://raw.githubusercontent.com/wcota/covid19br/master/cases-brazil-cities-time.csv

Rejection ABC fitting of epidemic curves

Model: SEIRD
Parameters: $\beta_{I}$, $\beta_{E}$, $N$, $\mu$, $\gamma$, $t_{c}$, RF_{0}, $E_{0}$
#####################################################################

Number of Samples: 960
Number of Posteriors: 3
RMSD Weights: [1,1]
Training window size: 20
Validation window size: 10

#####################################################################

Posterior No. 3
Execution Time: 0.571 s
Tolerance: eps = 0.036711

Priors' Ranges:

	 $\beta_{I}$: 0.001651 <-> 0.994774
	 $\beta_{E}$: 0.000013 <-> 0.113820
	 $N$: 8935288.391089 <-> 105696105.915860
	 $\mu$: 0.003130 <-> 0.018732
	 $\gamma$: 0.157017 <-> 0.998954
	 $t_{c}$: 3.844018 <-> 29.991384
	 RF_{0}: 0.971409 <-> 0.999967
	 $E_{0}$: 0.032538 <-> 0.230975

Estimated parameters (av +/- std):

	 $\beta_{I}$: 0.597264 +/- 0.230800
	 $\beta_{E}$: 0.013174 +/- 0.019803
	 $N$: 54041002.395891 +/- 25695853.204642
	 $\mu$: 0.017444 +/- 0.002982
	 $\gamma$: 0.961981 +/- 0.168096
	 $t_{c}$: 16.520038 +/- 5.463870
	 RF_{0}: 0.998319 +/- 0.004752
	 $E_{0}$: 0.118263 +/- 0.036438

Posterior distribution on file posterior_'param'.png

RMSD: 0.027355
Weighted RMSD: 0.027355
RMSD for validation data: 0.232454
RMSD for total data: 0.449499
AIC: 16.054709
AIC for validation data: 16.464909
AIC for total data: 16.898998

#####################################################################

Total time on ABC: 1.261 s
Number of trials: 59762

Fit on file model_fit.png