2021-11-14_21-02-25

Data Source: Número de casos confirmados de COVID-19 no Brasil (on GitHub)
https://raw.githubusercontent.com/wcota/covid19br/master/cases-brazil-cities-time.csv

Rejection ABC fitting of epidemic curves

Model: SEIRD
Parameters: $\beta_{I}$, $\beta_{E}$, $N$, $\mu$, $\gamma$, $t_{c}$, RF_{0}, $E_{0}$
#####################################################################

Number of Samples: 48
Number of Posteriors: 3
RMSD Weights: [1,1]
Training window size: 50
Validation window size: 10

#####################################################################

Posterior No. 1
Execution Time: 2.276 s
Tolerance: eps = 0.024733

Priors' Ranges:

	 $\beta_{I}$: 0.000000 <-> 1.000000
	 $\beta_{E}$: 0.000000 <-> 1.000000
	 $N$: 331002.647000 <-> 66200529.400000
	 $\mu$: 0.000000 <-> 1.000000
	 $\gamma$: 0.000000 <-> 1.000000
	 $t_{c}$: 0.000000 <-> 30.000000
	 RF_{0}: 0.000000 <-> 1.000000
	 $E_{0}$: 0.000000 <-> 2.000000

Estimated parameters (av +/- std):

	 $\beta_{I}$: 0.648030 +/- 0.276581
	 $\beta_{E}$: 0.030467 +/- 0.034586
	 $N$: 26644935.773548 +/- 10396231.623689
	 $\mu$: 0.002160 +/- 0.001815
	 $\gamma$: 0.211254 +/- 0.199897
	 $t_{c}$: 25.618007 +/- 5.029616
	 RF_{0}: 0.939285 +/- 0.011480
	 $E_{0}$: 0.151500 +/- 0.041915

Posterior distribution on file posterior_'param'.png

RMSD: 0.009000
Weighted RMSD: 0.009000
RMSD for validation data: 0.166105
RMSD for total data: 0.201427
AIC: 16.018001
AIC for validation data: 16.332210
AIC for total data: 16.402853

#####################################################################

Total time on ABC: 2.276 s
Number of trials: 81079

Fit on file model_fit.png