2021-12-01_05-20-35

Data Source: Número de casos confirmados de COVID-19 no Brasil (on GitHub)
https://raw.githubusercontent.com/wcota/covid19br/master/cases-brazil-cities-time.csv

Rejection ABC fitting of epidemic curves

Model: SEIRD
Parameters: $\beta_{I}$, $\beta_{E}$, $N$, $\mu$, $\gamma$, $t_{c}$, RF_{0}, $E_{0}$
#####################################################################

Number of Samples: 48
Number of Posteriors: 3
RMSD Weights: [1,1]
Training window size: 25
Validation window size: 10

#####################################################################

Posterior No. 1
Execution Time: 11.161 s
Tolerance: eps = 0.312938

Priors' Ranges:

	 $\beta_{I}$: 0.000000 <-> 1.000000
	 $\beta_{E}$: 0.000000 <-> 1.000000
	 $N$: 212559.409000 <-> 42511881.800000
	 $\mu$: 0.000000 <-> 1.000000
	 $\gamma$: 0.000000 <-> 1.000000
	 $t_{c}$: 0.000000 <-> 30.000000
	 RF_{0}: 0.000000 <-> 1.000000
	 $E_{0}$: 0.000000 <-> 2.000000

Estimated parameters (av +/- std):

	 $\beta_{I}$: 0.188835 +/- 0.285503
	 $\beta_{E}$: 0.581978 +/- 0.108429
	 $N$: 26653631.712978 +/- 12229248.647874
	 $\mu$: 0.014777 +/- 0.291785
	 $\gamma$: 0.200789 +/- 0.287135
	 $t_{c}$: 1.251066 +/- 8.420159
	 RF_{0}: 0.751644 +/- 0.288446
	 $E_{0}$: 1.622399 +/- 0.574245

Posterior distribution on file posterior_'param'.png

RMSD: 0.037476
Weighted RMSD: 0.037476
RMSD for validation data: 0.893708
RMSD for total data: 1.507339
AIC: 16.074952
AIC for validation data: 17.787417
AIC for total data: 19.014677

#####################################################################

Total time on ABC: 11.161 s
Number of trials: 1003580

Fit on file model_fit.png