2021-11-14_05-14-13

Data Source: Número de casos confirmados de COVID-19 no Brasil (on GitHub)
https://raw.githubusercontent.com/wcota/covid19br/master/cases-brazil-cities-time.csv

Rejection ABC fitting of epidemic curves

Model: SEIRD
Parameters: $\beta_{I}$, $\beta_{E}$, $N$, $\mu$, $\gamma$, $t_{c}$, RF_{0}, $E_{0}$
#####################################################################

Number of Samples: 48
Number of Posteriors: 3
RMSD Weights: [1,1]
Training window size: 50
Validation window size: 10

#####################################################################

Posterior No. 1
Execution Time: 1.017 s
Tolerance: eps = 0.030437

Priors' Ranges:

	 $\beta_{I}$: 0.000000 <-> 1.000000
	 $\beta_{E}$: 0.000000 <-> 1.000000
	 $N$: 83783.945000 <-> 16756789.000000
	 $\mu$: 0.000000 <-> 1.000000
	 $\gamma$: 0.000000 <-> 1.000000
	 $t_{c}$: 0.000000 <-> 30.000000
	 RF_{0}: 0.000000 <-> 1.000000
	 $E_{0}$: 0.000000 <-> 2.000000

Estimated parameters (av +/- std):

	 $\beta_{I}$: 0.066340 +/- 0.049080
	 $\beta_{E}$: 0.021870 +/- 0.019908
	 $N$: 6721232.075213 +/- 3996479.501982
	 $\mu$: 0.001166 +/- 0.000654
	 $\gamma$: 0.027548 +/- 0.034395
	 $t_{c}$: 14.934031 +/- 4.375486
	 RF_{0}: 0.858625 +/- 0.052112
	 $E_{0}$: 0.393155 +/- 0.091165

Posterior distribution on file posterior_'param'.png

RMSD: 0.014345
Weighted RMSD: 0.014345
RMSD for validation data: 0.420842
RMSD for total data: 0.398049
AIC: 16.028689
AIC for validation data: 16.841684
AIC for total data: 16.796099

#####################################################################

Total time on ABC: 1.017 s
Number of trials: 66793

Fit on file model_fit.png