2022-03-08_16-22-08

Data Source: Número de casos confirmados de COVID-19 no Brasil (on GitHub)
https://raw.githubusercontent.com/wcota/covid19br/master/cases-brazil-cities-time.csv

Rejection ABC fitting of epidemic curves

Model: SEIRD
Parameters: $\beta_{I}$, $\beta_{E}$, $N$, $\mu$, $\gamma$, $t_{c}$, RF_{0}, $E_{0}$
#####################################################################

Number of Samples: 960
Number of Posteriors: 3
RMSD Weights: [1,1]
Training window size: 40
Validation window size: 10

#####################################################################

Posterior No. 2
Execution Time: 1.348 s
Tolerance: eps = 0.027387

Priors' Ranges:

	 $\beta_{I}$: 0.001951 <-> 0.997524
	 $\beta_{E}$: 0.000267 <-> 0.092532
	 $N$: 6232632.523072 <-> 106086723.555860
	 $\mu$: 0.004544 <-> 0.026013
	 $\gamma$: 0.190254 <-> 0.999962
	 $t_{c}$: 4.308275 <-> 29.984373
	 RF_{0}: 0.884842 <-> 0.999906
	 $E_{0}$: 0.095297 <-> 0.583582

Estimated parameters (av +/- std):

	 $\beta_{I}$: 0.392146 +/- 0.246535
	 $\beta_{E}$: 0.002882 +/- 0.016109
	 $N$: 86238215.149195 +/- 28041526.773291
	 $\mu$: 0.011700 +/- 0.003634
	 $\gamma$: 0.489399 +/- 0.154108
	 $t_{c}$: 25.813658 +/- 5.462994
	 RF_{0}: 0.969888 +/- 0.018755
	 $E_{0}$: 0.466627 +/- 0.101089

Posterior distribution on file posterior_'param'.png

RMSD: 0.010349
Weighted RMSD: 0.010349
RMSD for validation data: 0.095142
RMSD for total data: 0.449499
AIC: 16.020699
AIC for validation data: 16.190284
AIC for total data: 16.898998

#####################################################################

Total time on ABC: 2.614 s
Number of trials: 79637

Fit on file model_fit.png