2021-11-14_05-08-12

Data Source: Número de casos confirmados de COVID-19 no Brasil (on GitHub)
https://raw.githubusercontent.com/wcota/covid19br/master/cases-brazil-cities-time.csv

Rejection ABC fitting of epidemic curves

Model: SEIRD
Parameters: $\beta_{I}$, $\beta_{E}$, $N$, $\mu$, $\gamma$, $t_{c}$, RF_{0}, $E_{0}$
#####################################################################

Number of Samples: 960
Number of Posteriors: 3
RMSD Weights: [1,1]
Training window size: 25
Validation window size: 10

#####################################################################

Posterior No. 3
Execution Time: 0.059 s
Tolerance: eps = 24.822643

Priors' Ranges:

	 $\beta_{I}$: 0.001035 <-> 0.996822
	 $\beta_{E}$: 0.000042 <-> 0.820771
	 $N$: 135912.373962 <-> 25221971.770117
	 $\mu$: 0.000212 <-> 0.999358
	 $\gamma$: 0.038482 <-> 0.998268
	 $t_{c}$: 0.093381 <-> 29.987414
	 RF_{0}: 0.000682 <-> 0.999725
	 $E_{0}$: 0.000152 <-> 1.998679

Estimated parameters (av +/- std):

	 $\beta_{I}$: 0.929264 +/- 0.262108
	 $\beta_{E}$: 0.031933 +/- 0.070215
	 $N$: 3982075.890126 +/- 6853488.612130
	 $\mu$: 0.002206 +/- 0.222312
	 $\gamma$: 0.511841 +/- 0.202372
	 $t_{c}$: 23.576418 +/- 7.768363
	 RF_{0}: 0.908546 +/- 0.257216
	 $E_{0}$: 0.466340 +/- 0.446720

Posterior distribution on file posterior_'param'.png

RMSD: 0.114652
Weighted RMSD: 0.114652
RMSD for validation data: 2.460711
RMSD for total data: 2.030303
AIC: 16.229304
AIC for validation data: 20.921421
AIC for total data: 20.060607

#####################################################################

Total time on ABC: 0.266 s
Number of trials: 8427

Fit on file model_fit.png