2021-11-14_10-28-32

Data Source: Número de casos confirmados de COVID-19 no Brasil (on GitHub)
https://raw.githubusercontent.com/wcota/covid19br/master/cases-brazil-cities-time.csv

Rejection ABC fitting of epidemic curves

Model: SEIRD
Parameters: $\beta_{I}$, $\beta_{E}$, $N$, $\mu$, $\gamma$, $t_{c}$, RF_{0}, $E_{0}$
#####################################################################

Number of Samples: 48
Number of Posteriors: 3
RMSD Weights: [1,1]
Training window size: 35
Validation window size: 10

#####################################################################

Posterior No. 1
Execution Time: 0.204 s
Tolerance: eps = 11.787335

Priors' Ranges:

	 $\beta_{I}$: 0.000000 <-> 1.000000
	 $\beta_{E}$: 0.000000 <-> 1.000000
	 $N$: 212559.409000 <-> 42511881.800000
	 $\mu$: 0.000000 <-> 1.000000
	 $\gamma$: 0.000000 <-> 1.000000
	 $t_{c}$: 0.000000 <-> 30.000000
	 RF_{0}: 0.000000 <-> 1.000000
	 $E_{0}$: 0.000000 <-> 2.000000

Estimated parameters (av +/- std):

	 $\beta_{I}$: 0.234872 +/- 0.292419
	 $\beta_{E}$: 0.492776 +/- 0.300122
	 $N$: 5439228.241253 +/- 10550085.190831
	 $\mu$: 0.004072 +/- 0.272601
	 $\gamma$: 0.422728 +/- 0.261161
	 $t_{c}$: 14.986819 +/- 8.746222
	 RF_{0}: 0.792971 +/- 0.274926
	 $E_{0}$: 0.578039 +/- 0.574699

Posterior distribution on file posterior_'param'.png

RMSD: 0.317963
Weighted RMSD: 0.317963
RMSD for validation data: 2.039348
RMSD for total data: 0.298958
AIC: 16.635926
AIC for validation data: 20.078696
AIC for total data: 16.597916

#####################################################################

Total time on ABC: 0.204 s
Number of trials: 10123

Fit on file model_fit.png