2021-11-14_06-20-09

Data Source: Número de casos confirmados de COVID-19 no Brasil (on GitHub)
https://raw.githubusercontent.com/wcota/covid19br/master/cases-brazil-cities-time.csv

Rejection ABC fitting of epidemic curves

Model: SEIRD
Parameters: $\beta_{I}$, $\beta_{E}$, $N$, $\mu$, $\gamma$, $t_{c}$, RF_{0}, $E_{0}$
#####################################################################

Number of Samples: 48
Number of Posteriors: 3
RMSD Weights: [1,1]
Training window size: 40
Validation window size: 10

#####################################################################

Posterior No. 1
Execution Time: 0.230 s
Tolerance: eps = 0.049936

Priors' Ranges:

	 $\beta_{I}$: 0.000000 <-> 1.000000
	 $\beta_{E}$: 0.000000 <-> 1.000000
	 $N$: 1380004.385000 <-> 276000877.000000
	 $\mu$: 0.000000 <-> 1.000000
	 $\gamma$: 0.000000 <-> 1.000000
	 $t_{c}$: 0.000000 <-> 30.000000
	 RF_{0}: 0.000000 <-> 1.000000
	 $E_{0}$: 0.000000 <-> 2.000000

Estimated parameters (av +/- std):

	 $\beta_{I}$: 0.250439 +/- 0.200607
	 $\beta_{E}$: 0.037014 +/- 0.013097
	 $N$: 169624145.615033 +/- 71545764.048032
	 $\mu$: 0.008981 +/- 0.002015
	 $\gamma$: 0.689240 +/- 0.161789
	 $t_{c}$: 12.722671 +/- 5.272339
	 RF_{0}: 0.995593 +/- 0.005059
	 $E_{0}$: 0.067582 +/- 0.028712

Posterior distribution on file posterior_'param'.png

RMSD: 0.009162
Weighted RMSD: 0.009162
RMSD for validation data: 0.120831
RMSD for total data: 0.507636
AIC: 16.018324
AIC for validation data: 16.241663
AIC for total data: 17.015271

#####################################################################

Total time on ABC: 0.230 s
Number of trials: 15041

Fit on file model_fit.png