2022-03-08_16-07-57

Data Source: Número de casos confirmados de COVID-19 no Brasil (on GitHub)
https://raw.githubusercontent.com/wcota/covid19br/master/cases-brazil-cities-time.csv

Rejection ABC fitting of epidemic curves

Model: SEIRD
Parameters: $\beta_{I}$, $\beta_{E}$, $N$, $\mu$, $\gamma$, $t_{c}$, RF_{0}, $E_{0}$
#####################################################################

Number of Samples: 960
Number of Posteriors: 3
RMSD Weights: [1,1]
Training window size: 30
Validation window size: 10

#####################################################################

Posterior No. 2
Execution Time: 0.335 s
Tolerance: eps = 0.054196

Priors' Ranges:

	 $\beta_{I}$: 0.000209 <-> 0.994312
	 $\beta_{E}$: 0.000476 <-> 0.124115
	 $N$: 2161335.893229 <-> 105913239.719739
	 $\mu$: 0.005627 <-> 0.051335
	 $\gamma$: 0.123102 <-> 0.998316
	 $t_{c}$: 3.882648 <-> 29.953504
	 RF_{0}: 0.083647 <-> 0.999848
	 $E_{0}$: 0.003800 <-> 1.997251

Estimated parameters (av +/- std):

	 $\beta_{I}$: 0.402525 +/- 0.249656
	 $\beta_{E}$: 0.046258 +/- 0.027808
	 $N$: 12982820.857588 +/- 28627995.664364
	 $\mu$: 0.033960 +/- 0.007821
	 $\gamma$: 0.820983 +/- 0.177783
	 $t_{c}$: 21.901939 +/- 6.664828
	 RF_{0}: 0.791386 +/- 0.187300
	 $E_{0}$: 1.398522 +/- 0.466755

Posterior distribution on file posterior_'param'.png

RMSD: 0.016754
Weighted RMSD: 0.016754
RMSD for validation data: 0.165324
RMSD for total data: 0.449065
AIC: 16.033507
AIC for validation data: 16.330648
AIC for total data: 16.898130

#####################################################################

Total time on ABC: 0.513 s
Number of trials: 32122

Fit on file model_fit.png