2021-11-14_20-27-56

Data Source: Número de casos confirmados de COVID-19 no Brasil (on GitHub)
https://raw.githubusercontent.com/wcota/covid19br/master/cases-brazil-cities-time.csv

Rejection ABC fitting of epidemic curves

Model: SEIRD
Parameters: $\beta_{I}$, $\beta_{E}$, $N$, $\mu$, $\gamma$, $t_{c}$, RF_{0}, $E_{0}$
#####################################################################

Number of Samples: 960
Number of Posteriors: 3
RMSD Weights: [1,1]
Training window size: 20
Validation window size: 10

#####################################################################

Posterior No. 3
Execution Time: 0.061 s
Tolerance: eps = 61.852668

Priors' Ranges:

	 $\beta_{I}$: 0.002337 <-> 0.994699
	 $\beta_{E}$: 0.000132 <-> 0.890382
	 $N$: 55617.634461 <-> 10239410.342906
	 $\mu$: 0.000003 <-> 0.983573
	 $\gamma$: 0.048380 <-> 0.999904
	 $t_{c}$: 0.140747 <-> 29.902893
	 RF_{0}: 0.004489 <-> 0.999268
	 $E_{0}$: 0.000229 <-> 1.981785

Estimated parameters (av +/- std):

	 $\beta_{I}$: 0.060623 +/- 0.265510
	 $\beta_{E}$: 0.138656 +/- 0.114838
	 $N$: 1986797.360624 +/- 2865529.434760
	 $\mu$: 0.001588 +/- 0.208608
	 $\gamma$: 0.762743 +/- 0.214227
	 $t_{c}$: 26.122611 +/- 7.703338
	 RF_{0}: 0.615943 +/- 0.259927
	 $E_{0}$: 0.191589 +/- 0.454449

Posterior distribution on file posterior_'param'.png

RMSD: 0.318130
Weighted RMSD: 0.318130
RMSD for validation data: 1.507642
RMSD for total data: 0.433979
AIC: 16.636261
AIC for validation data: 19.015285
AIC for total data: 16.867957

#####################################################################

Total time on ABC: 0.239 s
Number of trials: 10343

Fit on file model_fit.png