2021-11-14_20-27-56

Data Source: Número de casos confirmados de COVID-19 no Brasil (on GitHub)
https://raw.githubusercontent.com/wcota/covid19br/master/cases-brazil-cities-time.csv

Rejection ABC fitting of epidemic curves

Model: SEIRD
Parameters: $\beta_{I}$, $\beta_{E}$, $N$, $\mu$, $\gamma$, $t_{c}$, RF_{0}, $E_{0}$
#####################################################################

Number of Samples: 960
Number of Posteriors: 3
RMSD Weights: [1,1]
Training window size: 10
Validation window size: 10

#####################################################################

Posterior No. 2
Execution Time: 0.053 s
Tolerance: eps = 86.272501

Priors' Ranges:

	 $\beta_{I}$: 0.003310 <-> 0.996982
	 $\beta_{E}$: 0.000018 <-> 0.939367
	 $N$: 52472.990285 <-> 10203098.273324
	 $\mu$: 0.000169 <-> 0.988658
	 $\gamma$: 0.002092 <-> 0.998096
	 $t_{c}$: 0.132646 <-> 29.904648
	 RF_{0}: 0.000888 <-> 0.999545
	 $E_{0}$: 0.001053 <-> 1.996282

Estimated parameters (av +/- std):

	 $\beta_{I}$: 0.689476 +/- 0.266124
	 $\beta_{E}$: 0.088801 +/- 0.181661
	 $N$: 8840305.213502 +/- 2727510.689556
	 $\mu$: 0.054868 +/- 0.169925
	 $\gamma$: 0.623651 +/- 0.246532
	 $t_{c}$: 25.514591 +/- 7.000532
	 RF_{0}: 0.990632 +/- 0.251002
	 $E_{0}$: 0.039009 +/- 0.492904

Posterior distribution on file posterior_'param'.png

RMSD: 0.954857
Weighted RMSD: 0.954857
RMSD for validation data: 3.384465
RMSD for total data: 0.433979
AIC: 17.909714
AIC for validation data: 22.768930
AIC for total data: 16.867957

#####################################################################

Total time on ABC: 0.137 s
Number of trials: 11553

Fit on file model_fit.png