2021-11-14_07-42-31

Data Source: Número de casos confirmados de COVID-19 no Brasil (on GitHub)
https://raw.githubusercontent.com/wcota/covid19br/master/cases-brazil-cities-time.csv

Rejection ABC fitting of epidemic curves

Model: SEIRD
Parameters: $\beta_{I}$, $\beta_{E}$, $N$, $\mu$, $\gamma$, $t_{c}$, RF_{0}, $E_{0}$
#####################################################################

Number of Samples: 960
Number of Posteriors: 3
RMSD Weights: [1,1]
Training window size: 40
Validation window size: 10

#####################################################################

Posterior No. 2
Execution Time: 0.161 s
Tolerance: eps = 15.222278

Priors' Ranges:

	 $\beta_{I}$: 0.001217 <-> 0.997830
	 $\beta_{E}$: 0.000060 <-> 0.999489
	 $N$: 1499008.570528 <-> 275221986.627335
	 $\mu$: 0.000098 <-> 0.994988
	 $\gamma$: 0.047080 <-> 0.996199
	 $t_{c}$: 0.068342 <-> 29.955207
	 RF_{0}: 0.010061 <-> 0.999319
	 $E_{0}$: 0.000114 <-> 1.997508

Estimated parameters (av +/- std):

	 $\beta_{I}$: 0.081498 +/- 0.264043
	 $\beta_{E}$: 0.103099 +/- 0.245482
	 $N$: 92259396.068919 +/- 77931795.824484
	 $\mu$: 0.006762 +/- 0.239890
	 $\gamma$: 0.886770 +/- 0.218062
	 $t_{c}$: 9.328391 +/- 8.852226
	 RF_{0}: 0.497157 +/- 0.256309
	 $E_{0}$: 0.261068 +/- 0.538390

Posterior distribution on file posterior_'param'.png

RMSD: 0.111472
Weighted RMSD: 0.111472
RMSD for validation data: 0.691868
RMSD for total data: 0.507634
AIC: 16.222944
AIC for validation data: 17.383735
AIC for total data: 17.015268

#####################################################################

Total time on ABC: 0.375 s
Number of trials: 22151

Fit on file model_fit.png