2021-11-14_19-22-12

Data Source: Número de casos confirmados de COVID-19 no Brasil (on GitHub)
https://raw.githubusercontent.com/wcota/covid19br/master/cases-brazil-cities-time.csv

Rejection ABC fitting of epidemic curves

Model: SEIRD
Parameters: $\beta_{I}$, $\beta_{E}$, $N$, $\mu$, $\gamma$, $t_{c}$, RF_{0}, $E_{0}$
#####################################################################

Number of Samples: 960
Number of Posteriors: 3
RMSD Weights: [1,1]
Training window size: 40
Validation window size: 10

#####################################################################

Posterior No. 2
Execution Time: 0.209 s
Tolerance: eps = 0.109939

Priors' Ranges:

	 $\beta_{I}$: 0.002700 <-> 0.842186
	 $\beta_{E}$: 0.000048 <-> 0.058257
	 $N$: 68520.647637 <-> 10246290.026234
	 $\mu$: 0.002582 <-> 0.011695
	 $\gamma$: 0.324212 <-> 0.999884
	 $t_{c}$: 5.318771 <-> 29.997142
	 RF_{0}: 0.965479 <-> 0.995120
	 $E_{0}$: 0.019218 <-> 0.177579

Estimated parameters (av +/- std):

	 $\beta_{I}$: 0.157871 +/- 0.166611
	 $\beta_{E}$: 0.017439 +/- 0.013122
	 $N$: 4450487.545204 +/- 2688247.930561
	 $\mu$: 0.006628 +/- 0.001662
	 $\gamma$: 0.793400 +/- 0.145300
	 $t_{c}$: 23.190483 +/- 5.731618
	 RF_{0}: 0.975551 +/- 0.005384
	 $E_{0}$: 0.129079 +/- 0.029827

Posterior distribution on file posterior_'param'.png

RMSD: 0.092560
Weighted RMSD: 0.092560
RMSD for validation data: 0.840523
RMSD for total data: 0.433979
AIC: 16.185119
AIC for validation data: 17.681046
AIC for total data: 16.867957

#####################################################################

Total time on ABC: 0.441 s
Number of trials: 13770

Fit on file model_fit.png