2021-11-14_19-22-12

Data Source: Número de casos confirmados de COVID-19 no Brasil (on GitHub)
https://raw.githubusercontent.com/wcota/covid19br/master/cases-brazil-cities-time.csv

Rejection ABC fitting of epidemic curves

Model: SEIRD
Parameters: $\beta_{I}$, $\beta_{E}$, $N$, $\mu$, $\gamma$, $t_{c}$, RF_{0}, $E_{0}$
#####################################################################

Number of Samples: 960
Number of Posteriors: 3
RMSD Weights: [1,1]
Training window size: 35
Validation window size: 10

#####################################################################

Posterior No. 2
Execution Time: 0.138 s
Tolerance: eps = 0.093647

Priors' Ranges:

	 $\beta_{I}$: 0.006817 <-> 0.636959
	 $\beta_{E}$: 0.003717 <-> 0.151651
	 $N$: 63724.596196 <-> 10183542.733298
	 $\mu$: 0.006074 <-> 0.045401
	 $\gamma$: 0.152479 <-> 0.997952
	 $t_{c}$: 3.947166 <-> 29.998782
	 RF_{0}: 0.931145 <-> 0.998440
	 $E_{0}$: 0.000529 <-> 0.063367

Estimated parameters (av +/- std):

	 $\beta_{I}$: 0.026223 +/- 0.117685
	 $\beta_{E}$: 0.070649 +/- 0.019291
	 $N$: 7950273.810867 +/- 2002091.476936
	 $\mu$: 0.011058 +/- 0.004698
	 $\gamma$: 0.388111 +/- 0.111787
	 $t_{c}$: 26.188019 +/- 5.337641
	 RF_{0}: 0.979301 +/- 0.008981
	 $E_{0}$: 0.031206 +/- 0.008653

Posterior distribution on file posterior_'param'.png

RMSD: 0.040268
Weighted RMSD: 0.040268
RMSD for validation data: 0.700036
RMSD for total data: 0.433979
AIC: 16.080537
AIC for validation data: 17.400073
AIC for total data: 16.867957

#####################################################################

Total time on ABC: 0.436 s
Number of trials: 9727

Fit on file model_fit.png