2021-11-29_21-52-43

Data Source: Número de casos confirmados de COVID-19 no Brasil (on GitHub)
https://raw.githubusercontent.com/wcota/covid19br/master/cases-brazil-cities-time.csv

Rejection ABC fitting of epidemic curves

Model: SEIRD
Parameters: $\beta_{I}$, $\beta_{E}$, $N$, $\mu$, $\gamma$, $t_{c}$, RF_{0}, $E_{0}$
#####################################################################

Number of Samples: 9984
Number of Posteriors: 3
RMSD Weights: [1,1]
Training window size: 40
Validation window size: 10

#####################################################################

Posterior No. 3
Execution Time: 1.668 s
Tolerance: eps = 0.253150

Priors' Ranges:

	 $\beta_{I}$: 0.000021 <-> 0.999860
	 $\beta_{E}$: 0.000176 <-> 0.997284
	 $N$: 218783.443854 <-> 42511468.391651
	 $\mu$: 0.000800 <-> 0.999754
	 $\gamma$: 0.001554 <-> 0.999631
	 $t_{c}$: 0.057406 <-> 29.996979
	 RF_{0}: 0.000009 <-> 0.999913
	 $E_{0}$: 0.000544 <-> 1.999776

Estimated parameters (av +/- std):

	 $\beta_{I}$: 0.798840 +/- 0.266293
	 $\beta_{E}$: 0.082956 +/- 0.044715
	 $N$: 39888975.598023 +/- 11382885.617980
	 $\mu$: 0.050947 +/- 0.254766
	 $\gamma$: 0.707932 +/- 0.236856
	 $t_{c}$: 8.078455 +/- 7.026257
	 RF_{0}: 0.252810 +/- 0.264894
	 $E_{0}$: 1.376866 +/- 0.520821

Posterior distribution on file posterior_'param'.png

RMSD: 0.031694
Weighted RMSD: 0.031694
RMSD for validation data: 0.154978
RMSD for total data: 1.929134
AIC: 16.063388
AIC for validation data: 16.309956
AIC for total data: 19.858269

#####################################################################

Total time on ABC: 5.515 s
Number of trials: 76459

Fit on file model_fit.png