2022-03-08_15-59-59

Data Source: Número de casos confirmados de COVID-19 no Brasil (on GitHub)
https://raw.githubusercontent.com/wcota/covid19br/master/cases-brazil-cities-time.csv

Rejection ABC fitting of epidemic curves

Model: SEIRD
Parameters: $\beta_{I}$, $\beta_{E}$, $N$, $\mu$, $\gamma$, $t_{c}$, RF_{0}, $E_{0}$
#####################################################################

Number of Samples: 960
Number of Posteriors: 3
RMSD Weights: [1,1]
Training window size: 20
Validation window size: 10

#####################################################################

Posterior No. 3
Execution Time: 0.746 s
Tolerance: eps = 0.034306

Priors' Ranges:

	 $\beta_{I}$: 0.001492 <-> 0.992248
	 $\beta_{E}$: 0.000006 <-> 0.100893
	 $N$: 6510945.700170 <-> 106239280.742225
	 $\mu$: 0.004339 <-> 0.028272
	 $\gamma$: 0.164676 <-> 0.999418
	 $t_{c}$: 2.909882 <-> 29.999523
	 RF_{0}: 0.963270 <-> 0.999666
	 $E_{0}$: 0.026572 <-> 0.242948

Estimated parameters (av +/- std):

	 $\beta_{I}$: 0.226785 +/- 0.240046
	 $\beta_{E}$: 0.025339 +/- 0.018058
	 $N$: 32358495.452797 +/- 28136635.151170
	 $\mu$: 0.023299 +/- 0.004259
	 $\gamma$: 0.913793 +/- 0.163552
	 $t_{c}$: 25.613009 +/- 5.767786
	 RF_{0}: 0.991837 +/- 0.005943
	 $E_{0}$: 0.186009 +/- 0.042145

Posterior distribution on file posterior_'param'.png

RMSD: 0.024005
Weighted RMSD: 0.024005
RMSD for validation data: 0.075745
RMSD for total data: 0.449499
AIC: 16.048010
AIC for validation data: 16.151490
AIC for total data: 16.898998

#####################################################################

Total time on ABC: 1.450 s
Number of trials: 76855

Fit on file model_fit.png