2021-11-14_20-32-41

Data Source: Número de casos confirmados de COVID-19 no Brasil (on GitHub)
https://raw.githubusercontent.com/wcota/covid19br/master/cases-brazil-cities-time.csv

Rejection ABC fitting of epidemic curves

Model: SEIRD
Parameters: $\beta_{I}$, $\beta_{E}$, $N$, $\mu$, $\gamma$, $t_{c}$, RF_{0}, $E_{0}$
#####################################################################

Number of Samples: 960
Number of Posteriors: 3
RMSD Weights: [1,1]
Training window size: 50
Validation window size: 10

#####################################################################

Posterior No. 2
Execution Time: 0.190 s
Tolerance: eps = 1.314657

Priors' Ranges:

	 $\beta_{I}$: 0.001584 <-> 0.997804
	 $\beta_{E}$: 0.000033 <-> 0.994975
	 $N$: 69011.406282 <-> 13573863.804203
	 $\mu$: 0.000574 <-> 0.999861
	 $\gamma$: 0.018874 <-> 0.997428
	 $t_{c}$: 0.058960 <-> 29.958636
	 RF_{0}: 0.003456 <-> 0.997949
	 $E_{0}$: 0.001844 <-> 1.973485

Estimated parameters (av +/- std):

	 $\beta_{I}$: 0.722332 +/- 0.248240
	 $\beta_{E}$: 0.033582 +/- 0.190677
	 $N$: 908494.113271 +/- 4132347.525648
	 $\mu$: 0.143084 +/- 0.271849
	 $\gamma$: 0.814601 +/- 0.215272
	 $t_{c}$: 4.709475 +/- 8.926837
	 RF_{0}: 0.861336 +/- 0.250288
	 $E_{0}$: 0.355859 +/- 0.466754

Posterior distribution on file posterior_'param'.png

RMSD: 0.060156
Weighted RMSD: 0.060156
RMSD for validation data: 1.968412
RMSD for total data: 0.498560
AIC: 16.120313
AIC for validation data: 19.936824
AIC for total data: 16.997119

#####################################################################

Total time on ABC: 0.449 s
Number of trials: 21133

Fit on file model_fit.png