2021-11-14_06-19-53

Data Source: Número de casos confirmados de COVID-19 no Brasil (on GitHub)
https://raw.githubusercontent.com/wcota/covid19br/master/cases-brazil-cities-time.csv

Rejection ABC fitting of epidemic curves

Model: SEIRD
Parameters: $\beta_{I}$, $\beta_{E}$, $N$, $\mu$, $\gamma$, $t_{c}$, RF_{0}, $E_{0}$
#####################################################################

Number of Samples: 960
Number of Posteriors: 3
RMSD Weights: [1,1]
Training window size: 35
Validation window size: 10

#####################################################################

Posterior No. 2
Execution Time: 0.090 s
Tolerance: eps = 1.420562

Priors' Ranges:

	 $\beta_{I}$: 0.000989 <-> 0.995059
	 $\beta_{E}$: 0.000165 <-> 0.926724
	 $N$: 92989.254192 <-> 16718653.575281
	 $\mu$: 0.000192 <-> 0.999250
	 $\gamma$: 0.006306 <-> 0.999864
	 $t_{c}$: 0.037580 <-> 29.833083
	 RF_{0}: 0.007050 <-> 0.998396
	 $E_{0}$: 0.000661 <-> 1.978573

Estimated parameters (av +/- std):

	 $\beta_{I}$: 0.143144 +/- 0.247534
	 $\beta_{E}$: 0.202270 +/- 0.091727
	 $N$: 14981174.165007 +/- 4769205.906956
	 $\mu$: 0.021438 +/- 0.269752
	 $\gamma$: 0.726555 +/- 0.221211
	 $t_{c}$: 3.435566 +/- 8.618128
	 RF_{0}: 0.833960 +/- 0.242032
	 $E_{0}$: 0.950726 +/- 0.480570

Posterior distribution on file posterior_'param'.png

RMSD: 0.082443
Weighted RMSD: 0.082443
RMSD for validation data: 1.585908
RMSD for total data: 0.415606
AIC: 16.164886
AIC for validation data: 19.171816
AIC for total data: 16.831211

#####################################################################

Total time on ABC: 0.285 s
Number of trials: 11770

Fit on file model_fit.png