2021-11-14_20-35-18

Data Source: Número de casos confirmados de COVID-19 no Brasil (on GitHub)
https://raw.githubusercontent.com/wcota/covid19br/master/cases-brazil-cities-time.csv

Rejection ABC fitting of epidemic curves

Model: SEIRD
Parameters: $\beta_{I}$, $\beta_{E}$, $N$, $\mu$, $\gamma$, $t_{c}$, RF_{0}, $E_{0}$
#####################################################################

Number of Samples: 960
Number of Posteriors: 3
RMSD Weights: [1,1]
Training window size: 10
Validation window size: 10

#####################################################################

Posterior No. 3
Execution Time: 0.062 s
Tolerance: eps = 68.626389

Priors' Ranges:

	 $\beta_{I}$: 0.005706 <-> 0.999871
	 $\beta_{E}$: 0.000452 <-> 0.988771
	 $N$: 72505.251906 <-> 13555796.671676
	 $\mu$: 0.000107 <-> 0.988012
	 $\gamma$: 0.011111 <-> 0.999545
	 $t_{c}$: 0.143593 <-> 29.996982
	 RF_{0}: 0.005304 <-> 0.999823
	 $E_{0}$: 0.000040 <-> 1.994277

Estimated parameters (av +/- std):

	 $\beta_{I}$: 0.742660 +/- 0.262848
	 $\beta_{E}$: 0.048750 +/- 0.224823
	 $N$: 11353225.903614 +/- 3912746.595895
	 $\mu$: 0.001000 +/- 0.107773
	 $\gamma$: 0.194808 +/- 0.228019
	 $t_{c}$: 13.395106 +/- 7.306713
	 RF_{0}: 0.892608 +/- 0.243099
	 $E_{0}$: 0.073306 +/- 0.520278

Posterior distribution on file posterior_'param'.png

RMSD: 1.835161
Weighted RMSD: 1.835161
RMSD for validation data: 12.168566
RMSD for total data: 1.000423
AIC: 19.670321
AIC for validation data: 40.337132
AIC for total data: 18.000845

#####################################################################

Total time on ABC: 0.191 s
Number of trials: 13090

Fit on file model_fit.png