2022-03-08_16-04-21

Data Source: Número de casos confirmados de COVID-19 no Brasil (on GitHub)
https://raw.githubusercontent.com/wcota/covid19br/master/cases-brazil-cities-time.csv

Rejection ABC fitting of epidemic curves

Model: SEIRD
Parameters: $\beta_{I}$, $\beta_{E}$, $N$, $\mu$, $\gamma$, $t_{c}$, RF_{0}, $E_{0}$
#####################################################################

Number of Samples: 960
Number of Posteriors: 3
RMSD Weights: [1,1]
Training window size: 20
Validation window size: 10

#####################################################################

Posterior No. 3
Execution Time: 0.080 s
Tolerance: eps = 0.128249

Priors' Ranges:

	 $\beta_{I}$: 0.000690 <-> 0.989515
	 $\beta_{E}$: 0.003611 <-> 0.404849
	 $N$: 2146835.840202 <-> 106021700.887862
	 $\mu$: 0.008497 <-> 0.096285
	 $\gamma$: 0.002481 <-> 0.996975
	 $t_{c}$: 1.499729 <-> 29.958285
	 RF_{0}: 0.002624 <-> 0.987873
	 $E_{0}$: 0.023019 <-> 1.988715

Estimated parameters (av +/- std):

	 $\beta_{I}$: 0.461059 +/- 0.265212
	 $\beta_{E}$: 0.219664 +/- 0.064849
	 $N$: 95470759.087149 +/- 31082078.400596
	 $\mu$: 0.064606 +/- 0.015239
	 $\gamma$: 0.982732 +/- 0.205603
	 $t_{c}$: 6.368422 +/- 8.093271
	 RF_{0}: 0.747219 +/- 0.256854
	 $E_{0}$: 0.974883 +/- 0.452091

Posterior distribution on file posterior_'param'.png

RMSD: 0.030335
Weighted RMSD: 0.030335
RMSD for validation data: 0.616385
RMSD for total data: 6.176929
AIC: 16.060670
AIC for validation data: 17.232770
AIC for total data: 28.353857

#####################################################################

Total time on ABC: 0.229 s
Number of trials: 10540

Fit on file model_fit.png