2021-11-14_06-19-53

Data Source: Número de casos confirmados de COVID-19 no Brasil (on GitHub)
https://raw.githubusercontent.com/wcota/covid19br/master/cases-brazil-cities-time.csv

Rejection ABC fitting of epidemic curves

Model: SEIRD
Parameters: $\beta_{I}$, $\beta_{E}$, $N$, $\mu$, $\gamma$, $t_{c}$, RF_{0}, $E_{0}$
#####################################################################

Number of Samples: 48
Number of Posteriors: 3
RMSD Weights: [1,1]
Training window size: 45
Validation window size: 10

#####################################################################

Posterior No. 1
Execution Time: 0.241 s
Tolerance: eps = 3.019401

Priors' Ranges:

	 $\beta_{I}$: 0.000000 <-> 1.000000
	 $\beta_{E}$: 0.000000 <-> 1.000000
	 $N$: 83783.945000 <-> 16756789.000000
	 $\mu$: 0.000000 <-> 1.000000
	 $\gamma$: 0.000000 <-> 1.000000
	 $t_{c}$: 0.000000 <-> 30.000000
	 RF_{0}: 0.000000 <-> 1.000000
	 $E_{0}$: 0.000000 <-> 2.000000

Estimated parameters (av +/- std):

	 $\beta_{I}$: 0.772341 +/- 0.282248
	 $\beta_{E}$: 0.754953 +/- 0.210168
	 $N$: 217176.651772 +/- 5213750.332039
	 $\mu$: 0.040871 +/- 0.300574
	 $\gamma$: 0.888189 +/- 0.248520
	 $t_{c}$: 28.306142 +/- 9.771835
	 RF_{0}: 0.414913 +/- 0.277952
	 $E_{0}$: 0.585877 +/- 0.562393

Posterior distribution on file posterior_'param'.png

RMSD: 0.107052
Weighted RMSD: 0.107052
RMSD for validation data: 0.657037
RMSD for total data: 0.360344
AIC: 16.214105
AIC for validation data: 17.314073
AIC for total data: 16.720688

#####################################################################

Total time on ABC: 0.241 s
Number of trials: 9776

Fit on file model_fit.png