2021-11-14_05-05-40

Data Source: Número de casos confirmados de COVID-19 no Brasil (on GitHub)
https://raw.githubusercontent.com/wcota/covid19br/master/cases-brazil-cities-time.csv

Rejection ABC fitting of epidemic curves

Model: SEIRD
Parameters: $\beta_{I}$, $\beta_{E}$, $N$, $\mu$, $\gamma$, $t_{c}$, RF_{0}, $E_{0}$
#####################################################################

Number of Samples: 960
Number of Posteriors: 3
RMSD Weights: [1,1]
Training window size: 35
Validation window size: 10

#####################################################################

Posterior No. 2
Execution Time: 0.077 s
Tolerance: eps = 1.226508

Priors' Ranges:

	 $\beta_{I}$: 0.000684 <-> 0.991854
	 $\beta_{E}$: 0.000103 <-> 0.897322
	 $N$: 130556.333613 <-> 25267579.997311
	 $\mu$: 0.000699 <-> 0.996208
	 $\gamma$: 0.035964 <-> 0.998894
	 $t_{c}$: 0.058169 <-> 29.987575
	 RF_{0}: 0.000036 <-> 0.999804
	 $E_{0}$: 0.000070 <-> 1.996701

Estimated parameters (av +/- std):

	 $\beta_{I}$: 0.289442 +/- 0.254117
	 $\beta_{E}$: 0.147493 +/- 0.082863
	 $N$: 926120.045468 +/- 6863987.484033
	 $\mu$: 0.011337 +/- 0.267986
	 $\gamma$: 0.616311 +/- 0.218528
	 $t_{c}$: 19.695221 +/- 8.253722
	 RF_{0}: 0.659113 +/- 0.248436
	 $E_{0}$: 0.678303 +/- 0.464363

Posterior distribution on file posterior_'param'.png

RMSD: 0.085609
Weighted RMSD: 0.085609
RMSD for validation data: 3.753368
RMSD for total data: 1.070557
AIC: 16.171217
AIC for validation data: 23.506736
AIC for total data: 18.141113

#####################################################################

Total time on ABC: 0.271 s
Number of trials: 9447

Fit on file model_fit.png