2021-11-14_04-49-43

Data Source: Número de casos confirmados de COVID-19 no Brasil (on GitHub)
https://raw.githubusercontent.com/wcota/covid19br/master/cases-brazil-cities-time.csv

Rejection ABC fitting of epidemic curves

Model: SEIRD
Parameters: $\beta_{I}$, $\beta_{E}$, $N$, $\mu$, $\gamma$, $t_{c}$, RF_{0}, $E_{0}$
#####################################################################

Number of Samples: 960
Number of Posteriors: 3
RMSD Weights: [1,1]
Training window size: 50
Validation window size: 10

#####################################################################

Posterior No. 2
Execution Time: 2.482 s
Tolerance: eps = 0.032388

Priors' Ranges:

	 $\beta_{I}$: 0.000063 <-> 0.553042
	 $\beta_{E}$: 0.000030 <-> 0.147720
	 $N$: 1858848.729138 <-> 16749090.523906
	 $\mu$: 0.000596 <-> 0.004450
	 $\gamma$: 0.000746 <-> 0.212059
	 $t_{c}$: 0.505470 <-> 29.991620
	 RF_{0}: 0.651732 <-> 0.999767
	 $E_{0}$: 0.089071 <-> 0.923388

Estimated parameters (av +/- std):

	 $\beta_{I}$: 0.085504 +/- 0.084373
	 $\beta_{E}$: 0.020901 +/- 0.025051
	 $N$: 14013008.640230 +/- 3899397.748508
	 $\mu$: 0.001671 +/- 0.000793
	 $\gamma$: 0.058133 +/- 0.046257
	 $t_{c}$: 21.476420 +/- 5.566714
	 RF_{0}: 0.950504 +/- 0.060282
	 $E_{0}$: 0.584878 +/- 0.143327

Posterior distribution on file posterior_'param'.png

RMSD: 0.014642
Weighted RMSD: 0.014642
RMSD for validation data: 0.386468
RMSD for total data: 0.414431
AIC: 16.029285
AIC for validation data: 16.772936
AIC for total data: 16.828861

#####################################################################

Total time on ABC: 4.076 s
Number of trials: 126060

Fit on file model_fit.png