2021-11-14_19-37-26

Data Source: Número de casos confirmados de COVID-19 no Brasil (on GitHub)
https://raw.githubusercontent.com/wcota/covid19br/master/cases-brazil-cities-time.csv

Rejection ABC fitting of epidemic curves

Model: SEIRD
Parameters: $\beta_{I}$, $\beta_{E}$, $N$, $\mu$, $\gamma$, $t_{c}$, RF_{0}, $E_{0}$
#####################################################################

Number of Samples: 960
Number of Posteriors: 3
RMSD Weights: [1,1]
Training window size: 45
Validation window size: 10

#####################################################################

Posterior No. 2
Execution Time: 1.673 s
Tolerance: eps = 0.034919

Priors' Ranges:

	 $\beta_{I}$: 0.000623 <-> 0.993780
	 $\beta_{E}$: 0.000010 <-> 0.513333
	 $N$: 2007353.596912 <-> 3895506.247893
	 $\mu$: 0.000649 <-> 0.005475
	 $\gamma$: 0.021736 <-> 0.238935
	 $t_{c}$: 10.900310 <-> 29.990542
	 RF_{0}: 0.476168 <-> 0.999635
	 $E_{0}$: 0.071228 <-> 0.766186

Estimated parameters (av +/- std):

	 $\beta_{I}$: 0.329675 +/- 0.238234
	 $\beta_{E}$: 0.012976 +/- 0.106269
	 $N$: 2915904.235793 +/- 270113.370837
	 $\mu$: 0.003393 +/- 0.001088
	 $\gamma$: 0.144162 +/- 0.047074
	 $t_{c}$: 19.138088 +/- 4.215652
	 RF_{0}: 0.918102 +/- 0.099526
	 $E_{0}$: 0.381116 +/- 0.135051

Posterior distribution on file posterior_'param'.png

RMSD: 0.019214
Weighted RMSD: 0.019214
RMSD for validation data: 0.449412
RMSD for total data: 0.263446
AIC: 16.038428
AIC for validation data: 16.898823
AIC for total data: 16.526891

#####################################################################

Total time on ABC: 2.982 s
Number of trials: 86645

Fit on file model_fit.png