2022-03-08_15-59-59

Data Source: Número de casos confirmados de COVID-19 no Brasil (on GitHub)
https://raw.githubusercontent.com/wcota/covid19br/master/cases-brazil-cities-time.csv

Rejection ABC fitting of epidemic curves

Model: SEIRD
Parameters: $\beta_{I}$, $\beta_{E}$, $N$, $\mu$, $\gamma$, $t_{c}$, RF_{0}, $E_{0}$
#####################################################################

Number of Samples: 960
Number of Posteriors: 3
RMSD Weights: [1,1]
Training window size: 20
Validation window size: 10

#####################################################################

Posterior No. 2
Execution Time: 0.333 s
Tolerance: eps = 0.039671

Priors' Ranges:

	 $\beta_{I}$: 0.000301 <-> 0.993402
	 $\beta_{E}$: 0.000171 <-> 0.125998
	 $N$: 3542294.987512 <-> 105906777.672170
	 $\mu$: 0.006453 <-> 0.033389
	 $\gamma$: 0.183168 <-> 0.999973
	 $t_{c}$: 5.545346 <-> 29.996142
	 RF_{0}: 0.900145 <-> 0.999984
	 $E_{0}$: 0.115209 <-> 0.854973

Estimated parameters (av +/- std):

	 $\beta_{I}$: 0.146471 +/- 0.270755
	 $\beta_{E}$: 0.054658 +/- 0.022931
	 $N$: 22126696.668325 +/- 27024933.084877
	 $\mu$: 0.021525 +/- 0.005051
	 $\gamma$: 0.719253 +/- 0.167151
	 $t_{c}$: 17.356404 +/- 5.662832
	 RF_{0}: 0.969353 +/- 0.023100
	 $E_{0}$: 0.409399 +/- 0.142782

Posterior distribution on file posterior_'param'.png

RMSD: 0.018341
Weighted RMSD: 0.018341
RMSD for validation data: 0.142546
RMSD for total data: 0.449497
AIC: 16.036682
AIC for validation data: 16.285093
AIC for total data: 16.898994

#####################################################################

Total time on ABC: 0.534 s
Number of trials: 40813

Fit on file model_fit.png