2021-11-14_04-14-21

Data Source: Número de casos confirmados de COVID-19 no Brasil (on GitHub)
https://raw.githubusercontent.com/wcota/covid19br/master/cases-brazil-cities-time.csv

Rejection ABC fitting of epidemic curves

Model: SEIRD
Parameters: $\beta_{I}$, $\beta_{E}$, $N$, $\mu$, $\gamma$, $t_{c}$, RF_{0}, $E_{0}$
#####################################################################

Number of Samples: 960
Number of Posteriors: 3
RMSD Weights: [1,1]
Training window size: 35
Validation window size: 10

#####################################################################

Posterior No. 2
Execution Time: 0.455 s
Tolerance: eps = 0.055093

Priors' Ranges:

	 $\beta_{I}$: 0.004614 <-> 0.999424
	 $\beta_{E}$: 0.001784 <-> 0.157456
	 $N$: 193849.460565 <-> 25253401.088481
	 $\mu$: 0.000413 <-> 0.002495
	 $\gamma$: 0.180505 <-> 0.999629
	 $t_{c}$: 5.533756 <-> 29.964137
	 RF_{0}: 0.749440 <-> 0.998070
	 $E_{0}$: 0.000359 <-> 0.341466

Estimated parameters (av +/- std):

	 $\beta_{I}$: 0.487406 +/- 0.249208
	 $\beta_{E}$: 0.069796 +/- 0.022719
	 $N$: 12927280.140098 +/- 6700675.217704
	 $\mu$: 0.000943 +/- 0.000391
	 $\gamma$: 0.484516 +/- 0.180870
	 $t_{c}$: 24.374737 +/- 5.290890
	 RF_{0}: 0.846808 +/- 0.049524
	 $E_{0}$: 0.054227 +/- 0.065808

Posterior distribution on file posterior_'param'.png

RMSD: 0.031079
Weighted RMSD: 0.031079
RMSD for validation data: 0.159259
RMSD for total data: 6.433905
AIC: 16.062159
AIC for validation data: 16.318518
AIC for total data: 28.867810

#####################################################################

Total time on ABC: 0.969 s
Number of trials: 28205

Fit on file model_fit.png