2021-11-14_06-17-32

Data Source: Número de casos confirmados de COVID-19 no Brasil (on GitHub)
https://raw.githubusercontent.com/wcota/covid19br/master/cases-brazil-cities-time.csv

Rejection ABC fitting of epidemic curves

Model: SEIRD
Parameters: $\beta_{I}$, $\beta_{E}$, $N$, $\mu$, $\gamma$, $t_{c}$, RF_{0}, $E_{0}$
#####################################################################

Number of Samples: 960
Number of Posteriors: 3
RMSD Weights: [1,1]
Training window size: 30
Validation window size: 10

#####################################################################

Posterior No. 2
Execution Time: 0.163 s
Tolerance: eps = 7.845322

Priors' Ranges:

	 $\beta_{I}$: 0.000929 <-> 0.999043
	 $\beta_{E}$: 0.000463 <-> 0.997214
	 $N$: 84218.763852 <-> 16684866.293483
	 $\mu$: 0.000043 <-> 0.981535
	 $\gamma$: 0.008377 <-> 0.997841
	 $t_{c}$: 0.083999 <-> 29.888426
	 RF_{0}: 0.001397 <-> 0.998491
	 $E_{0}$: 0.004590 <-> 1.984652

Estimated parameters (av +/- std):

	 $\beta_{I}$: 0.310091 +/- 0.266494
	 $\beta_{E}$: 0.648299 +/- 0.289562
	 $N$: 1345499.693380 +/- 3886256.919930
	 $\mu$: 0.002136 +/- 0.179416
	 $\gamma$: 0.406245 +/- 0.214076
	 $t_{c}$: 21.903486 +/- 8.234624
	 RF_{0}: 0.667599 +/- 0.255828
	 $E_{0}$: 0.286691 +/- 0.542270

Posterior distribution on file posterior_'param'.png

RMSD: 0.106710
Weighted RMSD: 0.106710
RMSD for validation data: 0.830207
RMSD for total data: 0.339430
AIC: 16.213421
AIC for validation data: 17.660414
AIC for total data: 16.678860

#####################################################################

Total time on ABC: 0.353 s
Number of trials: 17071

Fit on file model_fit.png