2021-11-14_07-46-07

Data Source: Número de casos confirmados de COVID-19 no Brasil (on GitHub)
https://raw.githubusercontent.com/wcota/covid19br/master/cases-brazil-cities-time.csv

Rejection ABC fitting of epidemic curves

Model: SEIRD
Parameters: $\beta_{I}$, $\beta_{E}$, $N$, $\mu$, $\gamma$, $t_{c}$, RF_{0}, $E_{0}$
#####################################################################

Number of Samples: 48
Number of Posteriors: 3
RMSD Weights: [1,1]
Training window size: 25
Validation window size: 10

#####################################################################

Posterior No. 1
Execution Time: 0.472 s
Tolerance: eps = 0.042710

Priors' Ranges:

	 $\beta_{I}$: 0.000000 <-> 1.000000
	 $\beta_{E}$: 0.000000 <-> 1.000000
	 $N$: 212559.409000 <-> 42511881.800000
	 $\mu$: 0.000000 <-> 1.000000
	 $\gamma$: 0.000000 <-> 1.000000
	 $t_{c}$: 0.000000 <-> 30.000000
	 RF_{0}: 0.000000 <-> 1.000000
	 $E_{0}$: 0.000000 <-> 2.000000

Estimated parameters (av +/- std):

	 $\beta_{I}$: 0.862139 +/- 0.269507
	 $\beta_{E}$: 0.001448 +/- 0.024545
	 $N$: 17478855.629353 +/- 10427982.430762
	 $\mu$: 0.018980 +/- 0.004228
	 $\gamma$: 0.812728 +/- 0.172268
	 $t_{c}$: 21.946032 +/- 5.193197
	 RF_{0}: 0.964363 +/- 0.035834
	 $E_{0}$: 0.511352 +/- 0.123378

Posterior distribution on file posterior_'param'.png

RMSD: 0.016032
Weighted RMSD: 0.016032
RMSD for validation data: 0.087979
RMSD for total data: 0.449499
AIC: 16.032064
AIC for validation data: 16.175957
AIC for total data: 16.898997

#####################################################################

Total time on ABC: 0.472 s
Number of trials: 43554

Fit on file model_fit.png