2021-11-14_21-02-25

Data Source: Número de casos confirmados de COVID-19 no Brasil (on GitHub)
https://raw.githubusercontent.com/wcota/covid19br/master/cases-brazil-cities-time.csv

Rejection ABC fitting of epidemic curves

Model: SEIRD
Parameters: $\beta_{I}$, $\beta_{E}$, $N$, $\mu$, $\gamma$, $t_{c}$, RF_{0}, $E_{0}$
#####################################################################

Number of Samples: 48
Number of Posteriors: 3
RMSD Weights: [1,1]
Training window size: 35
Validation window size: 10

#####################################################################

Posterior No. 1
Execution Time: 0.260 s
Tolerance: eps = 0.060910

Priors' Ranges:

	 $\beta_{I}$: 0.000000 <-> 1.000000
	 $\beta_{E}$: 0.000000 <-> 1.000000
	 $N$: 331002.647000 <-> 66200529.400000
	 $\mu$: 0.000000 <-> 1.000000
	 $\gamma$: 0.000000 <-> 1.000000
	 $t_{c}$: 0.000000 <-> 30.000000
	 RF_{0}: 0.000000 <-> 1.000000
	 $E_{0}$: 0.000000 <-> 2.000000

Estimated parameters (av +/- std):

	 $\beta_{I}$: 0.439328 +/- 0.264961
	 $\beta_{E}$: 0.086410 +/- 0.046365
	 $N$: 46828173.770979 +/- 14432555.586605
	 $\mu$: 0.006655 +/- 0.002131
	 $\gamma$: 0.671958 +/- 0.188743
	 $t_{c}$: 17.532186 +/- 5.753642
	 RF_{0}: 0.961146 +/- 0.017179
	 $E_{0}$: 0.100512 +/- 0.041789

Posterior distribution on file posterior_'param'.png

RMSD: 0.015668
Weighted RMSD: 0.015668
RMSD for validation data: 0.117488
RMSD for total data: 0.201200
AIC: 16.031336
AIC for validation data: 16.234977
AIC for total data: 16.402399

#####################################################################

Total time on ABC: 0.260 s
Number of trials: 13803

Fit on file model_fit.png