2021-11-14_20-30-25

Data Source: Número de casos confirmados de COVID-19 no Brasil (on GitHub)
https://raw.githubusercontent.com/wcota/covid19br/master/cases-brazil-cities-time.csv

Rejection ABC fitting of epidemic curves

Model: SEIRD
Parameters: $\beta_{I}$, $\beta_{E}$, $N$, $\mu$, $\gamma$, $t_{c}$, RF_{0}, $E_{0}$
#####################################################################

Number of Samples: 48
Number of Posteriors: 3
RMSD Weights: [1,1]
Training window size: 10
Validation window size: 10

#####################################################################

Posterior No. 1
Execution Time: 0.082 s
Tolerance: eps = 217.285000

Priors' Ranges:

	 $\beta_{I}$: 0.000000 <-> 1.000000
	 $\beta_{E}$: 0.000000 <-> 1.000000
	 $N$: 51269.183000 <-> 10253836.600000
	 $\mu$: 0.000000 <-> 1.000000
	 $\gamma$: 0.000000 <-> 1.000000
	 $t_{c}$: 0.000000 <-> 30.000000
	 RF_{0}: 0.000000 <-> 1.000000
	 $E_{0}$: 0.000000 <-> 2.000000

Estimated parameters (av +/- std):

	 $\beta_{I}$: 0.104353 +/- 0.289821
	 $\beta_{E}$: 0.346449 +/- 0.205726
	 $N$: 720060.291891 +/- 2945303.820385
	 $\mu$: 0.004450 +/- 0.248119
	 $\gamma$: 0.771428 +/- 0.267785
	 $t_{c}$: 20.464386 +/- 7.937690
	 RF_{0}: 0.649176 +/- 0.271159
	 $E_{0}$: 0.073493 +/- 0.567475

Posterior distribution on file posterior_'param'.png

RMSD: 3.051163
Weighted RMSD: 3.051163
RMSD for validation data: 34.504019
RMSD for total data: 0.433979
AIC: 22.102326
AIC for validation data: 85.008037
AIC for total data: 16.867957

#####################################################################

Total time on ABC: 0.082 s
Number of trials: 10048

Fit on file model_fit.png