2022-03-08_15-59-04

Data Source: Número de casos confirmados de COVID-19 no Brasil (on GitHub)
https://raw.githubusercontent.com/wcota/covid19br/master/cases-brazil-cities-time.csv

Rejection ABC fitting of epidemic curves

Model: SEIRD
Parameters: $\beta_{I}$, $\beta_{E}$, $N$, $\mu$, $\gamma$, $t_{c}$, RF_{0}, $E_{0}$
#####################################################################

Number of Samples: 48
Number of Posteriors: 3
RMSD Weights: [1,1]
Training window size: 30
Validation window size: 10

#####################################################################

Posterior No. 1
Execution Time: 0.557 s
Tolerance: eps = 0.04

Priors' Ranges:

	 $\beta_{I}$: 0.000000 <-> 1.000000
	 $\beta_{E}$: 0.000000 <-> 1.000000
	 $N$: 2125594.090000 <-> 106279704.500000
	 $\mu$: 0.000000 <-> 1.000000
	 $\gamma$: 0.000000 <-> 1.000000
	 $t_{c}$: 0.000000 <-> 30.000000
	 RF_{0}: 0.000000 <-> 1.000000
	 $E_{0}$: 0.000000 <-> 2.000000

Estimated parameters (av +/- std):

	 $\beta_{I}$: 0.959390 +/- 0.267390
	 $\beta_{E}$: 0.007292 +/- 0.024683
	 $N$: 69756201.341527 +/- 25331607.683468
	 $\mu$: 0.012898 +/- 0.003054
	 $\gamma$: 0.761798 +/- 0.175344
	 $t_{c}$: 5.477688 +/- 5.659327
	 RF_{0}: 0.990212 +/- 0.003436
	 $E_{0}$: 0.014682 +/- 0.019592

Posterior distribution on file posterior_'param'.png

RMSD: 0.020432
Weighted RMSD: 0.020432
RMSD for validation data: 0.095457
RMSD for total data: 0.439073
AIC: 16.040864
AIC for validation data: 16.190915
AIC for total data: 16.878146

#####################################################################

Total time on ABC: 0.557 s
Number of trials: 41594

Fit on file model_fit.png