2021-11-14_20-32-41

Data Source: Número de casos confirmados de COVID-19 no Brasil (on GitHub)
https://raw.githubusercontent.com/wcota/covid19br/master/cases-brazil-cities-time.csv

Rejection ABC fitting of epidemic curves

Model: SEIRD
Parameters: $\beta_{I}$, $\beta_{E}$, $N$, $\mu$, $\gamma$, $t_{c}$, RF_{0}, $E_{0}$
#####################################################################

Number of Samples: 48
Number of Posteriors: 3
RMSD Weights: [1,1]
Training window size: 25
Validation window size: 10

#####################################################################

Posterior No. 1
Execution Time: 0.139 s
Tolerance: eps = 0.288736

Priors' Ranges:

	 $\beta_{I}$: 0.000000 <-> 1.000000
	 $\beta_{E}$: 0.000000 <-> 1.000000
	 $N$: 67886.004000 <-> 13577200.800000
	 $\mu$: 0.000000 <-> 1.000000
	 $\gamma$: 0.000000 <-> 1.000000
	 $t_{c}$: 0.000000 <-> 30.000000
	 RF_{0}: 0.000000 <-> 1.000000
	 $E_{0}$: 0.000000 <-> 2.000000

Estimated parameters (av +/- std):

	 $\beta_{I}$: 0.920254 +/- 0.281584
	 $\beta_{E}$: 0.106390 +/- 0.099255
	 $N$: 1011436.765282 +/- 3900750.357167
	 $\mu$: 0.007414 +/- 0.294722
	 $\gamma$: 0.100004 +/- 0.288199
	 $t_{c}$: 9.601417 +/- 8.007170
	 RF_{0}: 0.486999 +/- 0.283399
	 $E_{0}$: 1.055316 +/- 0.556952

Posterior distribution on file posterior_'param'.png

RMSD: 0.052834
Weighted RMSD: 0.052834
RMSD for validation data: 0.762862
RMSD for total data: 0.305221
AIC: 16.105669
AIC for validation data: 17.525725
AIC for total data: 16.610443

#####################################################################

Total time on ABC: 0.139 s
Number of trials: 9490

Fit on file model_fit.png