2021-12-01_05-20-35

Data Source: Número de casos confirmados de COVID-19 no Brasil (on GitHub)
https://raw.githubusercontent.com/wcota/covid19br/master/cases-brazil-cities-time.csv

Rejection ABC fitting of epidemic curves

Model: SEIRD
Parameters: $\beta_{I}$, $\beta_{E}$, $N$, $\mu$, $\gamma$, $t_{c}$, RF_{0}, $E_{0}$
#####################################################################

Number of Samples: 99984
Number of Posteriors: 3
RMSD Weights: [1,1]
Training window size: 40
Validation window size: 10

#####################################################################

Posterior No. 3
Execution Time: 72.750 s
Tolerance: eps = 0.253080

Priors' Ranges:

	 $\beta_{I}$: 0.000018 <-> 0.999986
	 $\beta_{E}$: 0.000016 <-> 0.845395
	 $N$: 213311.115116 <-> 42511595.820506
	 $\mu$: 0.000033 <-> 0.999987
	 $\gamma$: 0.000010 <-> 0.999999
	 $t_{c}$: 0.041699 <-> 29.999423
	 RF_{0}: 0.000014 <-> 0.999988
	 $E_{0}$: 0.000003 <-> 1.999954

Estimated parameters (av +/- std):

	 $\beta_{I}$: 0.832496 +/- 0.264083
	 $\beta_{E}$: 0.175488 +/- 0.044311
	 $N$: 14827653.638209 +/- 11399561.305561
	 $\mu$: 0.077601 +/- 0.252643
	 $\gamma$: 0.897560 +/- 0.235106
	 $t_{c}$: 2.009315 +/- 7.028923
	 RF_{0}: 0.641518 +/- 0.263672
	 $E_{0}$: 0.410343 +/- 0.521262

Posterior distribution on file posterior_'param'.png

RMSD: 0.025041
Weighted RMSD: 0.025041
RMSD for validation data: 0.180659
RMSD for total data: 0.279214
AIC: 16.050083
AIC for validation data: 16.361317
AIC for total data: 16.558428

#####################################################################

Total time on ABC: 167.379 s
Number of trials: 768275

Fit on file model_fit.png