2022-03-08_15-59-59

Data Source: Número de casos confirmados de COVID-19 no Brasil (on GitHub)
https://raw.githubusercontent.com/wcota/covid19br/master/cases-brazil-cities-time.csv

Rejection ABC fitting of epidemic curves

Model: SEIRD
Parameters: $\beta_{I}$, $\beta_{E}$, $N$, $\mu$, $\gamma$, $t_{c}$, RF_{0}, $E_{0}$
#####################################################################

Number of Samples: 48
Number of Posteriors: 3
RMSD Weights: [1,1]
Training window size: 20
Validation window size: 10

#####################################################################

Posterior No. 1
Execution Time: 0.080 s
Tolerance: eps = 0.10

Priors' Ranges:

	 $\beta_{I}$: 0.000000 <-> 1.000000
	 $\beta_{E}$: 0.000000 <-> 1.000000
	 $N$: 2125594.090000 <-> 106279704.500000
	 $\mu$: 0.000000 <-> 1.000000
	 $\gamma$: 0.000000 <-> 1.000000
	 $t_{c}$: 0.000000 <-> 30.000000
	 RF_{0}: 0.000000 <-> 1.000000
	 $E_{0}$: 0.000000 <-> 2.000000

Estimated parameters (av +/- std):

	 $\beta_{I}$: 0.755346 +/- 0.253709
	 $\beta_{E}$: 0.004231 +/- 0.022340
	 $N$: 70237619.619584 +/- 27969183.113381
	 $\mu$: 0.020813 +/- 0.005498
	 $\gamma$: 0.720654 +/- 0.169382
	 $t_{c}$: 21.910257 +/- 6.036541
	 RF_{0}: 0.943782 +/- 0.037917
	 $E_{0}$: 0.732707 +/- 0.228790

Posterior distribution on file posterior_'param'.png

RMSD: 0.020478
Weighted RMSD: 0.020478
RMSD for validation data: 0.034340
RMSD for total data: 0.449498
AIC: 16.040957
AIC for validation data: 16.068681
AIC for total data: 16.898996

#####################################################################

Total time on ABC: 0.080 s
Number of trials: 6174

Fit on file model_fit.png