2021-11-14_06-20-09

Data Source: Número de casos confirmados de COVID-19 no Brasil (on GitHub)
https://raw.githubusercontent.com/wcota/covid19br/master/cases-brazil-cities-time.csv

Rejection ABC fitting of epidemic curves

Model: SEIRD
Parameters: $\beta_{I}$, $\beta_{E}$, $N$, $\mu$, $\gamma$, $t_{c}$, RF_{0}, $E_{0}$
#####################################################################

Number of Samples: 48
Number of Posteriors: 3
RMSD Weights: [1,1]
Training window size: 50
Validation window size: 10

#####################################################################

Posterior No. 1
Execution Time: 6.953 s
Tolerance: eps = 0.024729

Priors' Ranges:

	 $\beta_{I}$: 0.000000 <-> 1.000000
	 $\beta_{E}$: 0.000000 <-> 1.000000
	 $N$: 1380004.385000 <-> 276000877.000000
	 $\mu$: 0.000000 <-> 1.000000
	 $\gamma$: 0.000000 <-> 1.000000
	 $t_{c}$: 0.000000 <-> 30.000000
	 RF_{0}: 0.000000 <-> 1.000000
	 $E_{0}$: 0.000000 <-> 2.000000

Estimated parameters (av +/- std):

	 $\beta_{I}$: 0.266055 +/- 0.255635
	 $\beta_{E}$: 0.029661 +/- 0.018784
	 $N$: 159641740.676040 +/- 72634899.952858
	 $\mu$: 0.005446 +/- 0.004707
	 $\gamma$: 0.232516 +/- 0.214232
	 $t_{c}$: 29.175391 +/- 4.810686
	 RF_{0}: 0.303455 +/- 0.103118
	 $E_{0}$: 0.693734 +/- 0.242498

Posterior distribution on file posterior_'param'.png

RMSD: 0.016963
Weighted RMSD: 0.016963
RMSD for validation data: 0.228661
RMSD for total data: 0.499581
AIC: 16.033926
AIC for validation data: 16.457321
AIC for total data: 16.999162

#####################################################################

Total time on ABC: 6.953 s
Number of trials: 341184

Fit on file model_fit.png