2021-11-14_04-03-32

Data Source: Número de casos confirmados de COVID-19 no Brasil (on GitHub)
https://raw.githubusercontent.com/wcota/covid19br/master/cases-brazil-cities-time.csv

Rejection ABC fitting of epidemic curves

Model: SEIRD
Parameters: $\beta_{I}$, $\beta_{E}$, $N$, $\mu$, $\gamma$, $t_{c}$, RF_{0}, $E_{0}$
#####################################################################

Number of Samples: 960
Number of Posteriors: 3
RMSD Weights: [1,1]
Training window size: 30
Validation window size: 10

#####################################################################

Posterior No. 3
Execution Time: 0.256 s
Tolerance: eps = 0.066193

Priors' Ranges:

	 $\beta_{I}$: 0.004291 <-> 0.997403
	 $\beta_{E}$: 0.001210 <-> 0.134021
	 $N$: 371853.365936 <-> 25285735.019192
	 $\mu$: 0.001536 <-> 0.007598
	 $\gamma$: 0.167690 <-> 0.999590
	 $t_{c}$: 2.519590 <-> 29.927920
	 RF_{0}: 0.886098 <-> 0.999778
	 $E_{0}$: 0.008031 <-> 0.413201

Estimated parameters (av +/- std):

	 $\beta_{I}$: 0.804107 +/- 0.215187
	 $\beta_{E}$: 0.037880 +/- 0.021858
	 $N$: 14014522.417609 +/- 7229043.293562
	 $\mu$: 0.005477 +/- 0.001118
	 $\gamma$: 0.773815 +/- 0.168351
	 $t_{c}$: 26.865003 +/- 5.100234
	 RF_{0}: 0.998500 +/- 0.023970
	 $E_{0}$: 0.309400 +/- 0.077761

Posterior distribution on file posterior_'param'.png

RMSD: 0.036004
Weighted RMSD: 0.036004
RMSD for validation data: 0.444213
RMSD for total data: 1.195803
AIC: 16.072009
AIC for validation data: 16.888426
AIC for total data: 18.391607

#####################################################################

Total time on ABC: 0.508 s
Number of trials: 15713

Fit on file model_fit.png