2021-11-14_20-27-56

Data Source: Número de casos confirmados de COVID-19 no Brasil (on GitHub)
https://raw.githubusercontent.com/wcota/covid19br/master/cases-brazil-cities-time.csv

Rejection ABC fitting of epidemic curves

Model: SEIRD
Parameters: $\beta_{I}$, $\beta_{E}$, $N$, $\mu$, $\gamma$, $t_{c}$, RF_{0}, $E_{0}$
#####################################################################

Number of Samples: 960
Number of Posteriors: 3
RMSD Weights: [1,1]
Training window size: 25
Validation window size: 10

#####################################################################

Posterior No. 3
Execution Time: 0.063 s
Tolerance: eps = 58.471716

Priors' Ranges:

	 $\beta_{I}$: 0.001271 <-> 0.996765
	 $\beta_{E}$: 0.000085 <-> 0.827909
	 $N$: 55373.987531 <-> 10244108.035832
	 $\mu$: 0.000345 <-> 0.978138
	 $\gamma$: 0.011287 <-> 0.999805
	 $t_{c}$: 0.092941 <-> 29.963186
	 RF_{0}: 0.003716 <-> 0.998740
	 $E_{0}$: 0.000338 <-> 1.995699

Estimated parameters (av +/- std):

	 $\beta_{I}$: 0.330910 +/- 0.254997
	 $\beta_{E}$: 0.108080 +/- 0.069538
	 $N$: 8555839.460918 +/- 2811209.016999
	 $\mu$: 0.007802 +/- 0.252476
	 $\gamma$: 0.627506 +/- 0.216882
	 $t_{c}$: 15.719598 +/- 7.936729
	 RF_{0}: 0.935276 +/- 0.251421
	 $E_{0}$: 0.008665 +/- 0.443050

Posterior distribution on file posterior_'param'.png

RMSD: 0.197368
Weighted RMSD: 0.197368
RMSD for validation data: 2.695994
RMSD for total data: 0.433979
AIC: 16.394737
AIC for validation data: 21.391988
AIC for total data: 16.867957

#####################################################################

Total time on ABC: 0.280 s
Number of trials: 8361

Fit on file model_fit.png