2021-11-14_06-19-53

Data Source: Número de casos confirmados de COVID-19 no Brasil (on GitHub)
https://raw.githubusercontent.com/wcota/covid19br/master/cases-brazil-cities-time.csv

Rejection ABC fitting of epidemic curves

Model: SEIRD
Parameters: $\beta_{I}$, $\beta_{E}$, $N$, $\mu$, $\gamma$, $t_{c}$, RF_{0}, $E_{0}$
#####################################################################

Number of Samples: 960
Number of Posteriors: 3
RMSD Weights: [1,1]
Training window size: 35
Validation window size: 10

#####################################################################

Posterior No. 3
Execution Time: 0.075 s
Tolerance: eps = 0.874628

Priors' Ranges:

	 $\beta_{I}$: 0.000170 <-> 0.986441
	 $\beta_{E}$: 0.000435 <-> 0.941588
	 $N$: 91384.361933 <-> 16719851.893803
	 $\mu$: 0.000088 <-> 0.996976
	 $\gamma$: 0.025606 <-> 0.999197
	 $t_{c}$: 0.101580 <-> 29.989815
	 RF_{0}: 0.009361 <-> 0.999603
	 $E_{0}$: 0.000236 <-> 1.973287

Estimated parameters (av +/- std):

	 $\beta_{I}$: 0.164274 +/- 0.248250
	 $\beta_{E}$: 0.106237 +/- 0.071489
	 $N$: 12822707.472717 +/- 4561696.098681
	 $\mu$: 0.018475 +/- 0.245993
	 $\gamma$: 0.454442 +/- 0.212409
	 $t_{c}$: 5.677282 +/- 8.371446
	 RF_{0}: 0.284941 +/- 0.239143
	 $E_{0}$: 1.046593 +/- 0.452430

Posterior distribution on file posterior_'param'.png

RMSD: 0.111083
Weighted RMSD: 0.111083
RMSD for validation data: 1.708275
RMSD for total data: 0.415601
AIC: 16.222166
AIC for validation data: 19.416549
AIC for total data: 16.831202

#####################################################################

Total time on ABC: 0.360 s
Number of trials: 8981

Fit on file model_fit.png