2021-12-01_00-51-50

Data Source: Número de casos confirmados de COVID-19 no Brasil (on GitHub)
https://raw.githubusercontent.com/wcota/covid19br/master/cases-brazil-cities-time.csv

Rejection ABC fitting of epidemic curves

Model: SEIRD
Parameters: $\beta_{I}$, $\beta_{E}$, $N$, $\mu$, $\gamma$, $t_{c}$, RF_{0}, $E_{0}$
#####################################################################

Number of Samples: 48
Number of Posteriors: 3
RMSD Weights: [1,1]
Training window size: 25
Validation window size: 10

#####################################################################

Posterior No. 1
Execution Time: 11.109 s
Tolerance: eps = 14.577876

Priors' Ranges:

	 $\beta_{I}$: 0.000000 <-> 1.000000
	 $\beta_{E}$: 0.000000 <-> 1.000000
	 $N$: 212559.409000 <-> 42511881.800000
	 $\mu$: 0.000000 <-> 1.000000
	 $\gamma$: 0.000000 <-> 1.000000
	 $t_{c}$: 0.000000 <-> 30.000000
	 RF_{0}: 0.000000 <-> 1.000000
	 $E_{0}$: 0.000000 <-> 2.000000

Estimated parameters (av +/- std):

	 $\beta_{I}$: 0.545323 +/- 0.288474
	 $\beta_{E}$: 0.292586 +/- 0.289194
	 $N$: 13913173.131608 +/- 10754419.832563
	 $\mu$: 0.012978 +/- 0.247023
	 $\gamma$: 0.729114 +/- 0.262877
	 $t_{c}$: 11.885910 +/- 8.496212
	 RF_{0}: 0.986390 +/- 0.272369
	 $E_{0}$: 0.088025 +/- 0.589539

Posterior distribution on file posterior_'param'.png

RMSD: 0.082431
Weighted RMSD: 0.082431
RMSD for validation data: 0.503395
RMSD for total data: 0.382398
AIC: 16.164862
AIC for validation data: 17.006789
AIC for total data: 16.764797

#####################################################################

Total time on ABC: 11.109 s
Number of trials: 1010980

Fit on file model_fit.png