2021-11-14_19-38-02

Data Source: Número de casos confirmados de COVID-19 no Brasil (on GitHub)
https://raw.githubusercontent.com/wcota/covid19br/master/cases-brazil-cities-time.csv

Rejection ABC fitting of epidemic curves

Model: SEIRD
Parameters: $\beta_{I}$, $\beta_{E}$, $N$, $\mu$, $\gamma$, $t_{c}$, RF_{0}, $E_{0}$
#####################################################################

Number of Samples: 48
Number of Posteriors: 3
RMSD Weights: [1,1]
Training window size: 30
Validation window size: 10

#####################################################################

Posterior No. 1
Execution Time: 0.528 s
Tolerance: eps = 0.133138

Priors' Ranges:

	 $\beta_{I}$: 0.000000 <-> 1.000000
	 $\beta_{E}$: 0.000000 <-> 1.000000
	 $N$: 51269.183000 <-> 10253836.600000
	 $\mu$: 0.000000 <-> 1.000000
	 $\gamma$: 0.000000 <-> 1.000000
	 $t_{c}$: 0.000000 <-> 30.000000
	 RF_{0}: 0.000000 <-> 1.000000
	 $E_{0}$: 0.000000 <-> 2.000000

Estimated parameters (av +/- std):

	 $\beta_{I}$: 0.203615 +/- 0.082503
	 $\beta_{E}$: 0.019121 +/- 0.059064
	 $N$: 3827115.922408 +/- 2483714.450512
	 $\mu$: 0.016521 +/- 0.005988
	 $\gamma$: 0.296509 +/- 0.193466
	 $t_{c}$: 6.047404 +/- 2.105244
	 RF_{0}: 0.947436 +/- 0.149976
	 $E_{0}$: 0.095628 +/- 0.033869

Posterior distribution on file posterior_'param'.png

RMSD: 0.032344
Weighted RMSD: 0.032344
RMSD for validation data: 1.616462
RMSD for total data: 0.433979
AIC: 16.064689
AIC for validation data: 19.232923
AIC for total data: 16.867957

#####################################################################

Total time on ABC: 0.528 s
Number of trials: 43216

Fit on file model_fit.png