2021-12-01_05-20-35

Data Source: Número de casos confirmados de COVID-19 no Brasil (on GitHub)
https://raw.githubusercontent.com/wcota/covid19br/master/cases-brazil-cities-time.csv

Rejection ABC fitting of epidemic curves

Model: SEIRD
Parameters: $\beta_{I}$, $\beta_{E}$, $N$, $\mu$, $\gamma$, $t_{c}$, RF_{0}, $E_{0}$
#####################################################################

Number of Samples: 48
Number of Posteriors: 3
RMSD Weights: [1,1]
Training window size: 25
Validation window size: 10

#####################################################################

Posterior No. 1
Execution Time: 11.036 s
Tolerance: eps = 10.347548

Priors' Ranges:

	 $\beta_{I}$: 0.000000 <-> 1.000000
	 $\beta_{E}$: 0.000000 <-> 1.000000
	 $N$: 212559.409000 <-> 42511881.800000
	 $\mu$: 0.000000 <-> 1.000000
	 $\gamma$: 0.000000 <-> 1.000000
	 $t_{c}$: 0.000000 <-> 30.000000
	 RF_{0}: 0.000000 <-> 1.000000
	 $E_{0}$: 0.000000 <-> 2.000000

Estimated parameters (av +/- std):

	 $\beta_{I}$: 0.877689 +/- 0.289553
	 $\beta_{E}$: 0.004999 +/- 0.301141
	 $N$: 35788973.457475 +/- 11632496.687151
	 $\mu$: 0.013625 +/- 0.258860
	 $\gamma$: 0.719962 +/- 0.260284
	 $t_{c}$: 18.431215 +/- 8.609100
	 RF_{0}: 0.827414 +/- 0.276680
	 $E_{0}$: 0.204748 +/- 0.589699

Posterior distribution on file posterior_'param'.png

RMSD: 0.065281
Weighted RMSD: 0.065281
RMSD for validation data: 0.097624
RMSD for total data: 0.449490
AIC: 16.130562
AIC for validation data: 16.195248
AIC for total data: 16.898980

#####################################################################

Total time on ABC: 11.036 s
Number of trials: 995946

Fit on file model_fit.png