2021-11-14_04-03-32

Data Source: Número de casos confirmados de COVID-19 no Brasil (on GitHub)
https://raw.githubusercontent.com/wcota/covid19br/master/cases-brazil-cities-time.csv

Rejection ABC fitting of epidemic curves

Model: SEIRD
Parameters: $\beta_{I}$, $\beta_{E}$, $N$, $\mu$, $\gamma$, $t_{c}$, RF_{0}, $E_{0}$
#####################################################################

Number of Samples: 48
Number of Posteriors: 3
RMSD Weights: [1,1]
Training window size: 40
Validation window size: 10

#####################################################################

Posterior No. 1
Execution Time: 0.926 s
Tolerance: eps = 0.095636

Priors' Ranges:

	 $\beta_{I}$: 0.000000 <-> 1.000000
	 $\beta_{E}$: 0.000000 <-> 1.000000
	 $N$: 126476.458000 <-> 25295291.600000
	 $\mu$: 0.000000 <-> 1.000000
	 $\gamma$: 0.000000 <-> 1.000000
	 $t_{c}$: 0.000000 <-> 30.000000
	 RF_{0}: 0.000000 <-> 1.000000
	 $E_{0}$: 0.000000 <-> 2.000000

Estimated parameters (av +/- std):

	 $\beta_{I}$: 0.015004 +/- 0.074011
	 $\beta_{E}$: 0.117132 +/- 0.037214
	 $N$: 8551816.715473 +/- 6610582.940662
	 $\mu$: 0.001286 +/- 0.000462
	 $\gamma$: 0.144207 +/- 0.104824
	 $t_{c}$: 9.137031 +/- 2.125566
	 RF_{0}: 0.992564 +/- 0.096791
	 $E_{0}$: 0.274345 +/- 0.058593

Posterior distribution on file posterior_'param'.png

RMSD: 0.061864
Weighted RMSD: 0.061864
RMSD for validation data: 1.253362
RMSD for total data: 0.396151
AIC: 16.123727
AIC for validation data: 18.506725
AIC for total data: 16.792302

#####################################################################

Total time on ABC: 0.926 s
Number of trials: 53557

Fit on file model_fit.png