2021-11-14_04-49-43

Data Source: Número de casos confirmados de COVID-19 no Brasil (on GitHub)
https://raw.githubusercontent.com/wcota/covid19br/master/cases-brazil-cities-time.csv

Rejection ABC fitting of epidemic curves

Model: SEIRD
Parameters: $\beta_{I}$, $\beta_{E}$, $N$, $\mu$, $\gamma$, $t_{c}$, RF_{0}, $E_{0}$
#####################################################################

Number of Samples: 48
Number of Posteriors: 3
RMSD Weights: [1,1]
Training window size: 40
Validation window size: 10

#####################################################################

Posterior No. 1
Execution Time: 2.204 s
Tolerance: eps = 0.051751

Priors' Ranges:

	 $\beta_{I}$: 0.000000 <-> 1.000000
	 $\beta_{E}$: 0.000000 <-> 1.000000
	 $N$: 83783.945000 <-> 16756789.000000
	 $\mu$: 0.000000 <-> 1.000000
	 $\gamma$: 0.000000 <-> 1.000000
	 $t_{c}$: 0.000000 <-> 30.000000
	 RF_{0}: 0.000000 <-> 1.000000
	 $E_{0}$: 0.000000 <-> 2.000000

Estimated parameters (av +/- std):

	 $\beta_{I}$: 0.385347 +/- 0.230321
	 $\beta_{E}$: 0.099198 +/- 0.029000
	 $N$: 1780868.460866 +/- 4331691.968137
	 $\mu$: 0.001414 +/- 0.002188
	 $\gamma$: 0.103330 +/- 0.215466
	 $t_{c}$: 27.909898 +/- 5.478075
	 RF_{0}: 0.944577 +/- 0.022656
	 $E_{0}$: 0.802485 +/- 0.191071

Posterior distribution on file posterior_'param'.png

RMSD: 0.033435
Weighted RMSD: 0.033435
RMSD for validation data: 0.297011
RMSD for total data: 0.278198
AIC: 16.066870
AIC for validation data: 16.594022
AIC for total data: 16.556396

#####################################################################

Total time on ABC: 2.204 s
Number of trials: 113364

Fit on file model_fit.png