2021-11-14_20-30-25

Data Source: Número de casos confirmados de COVID-19 no Brasil (on GitHub)
https://raw.githubusercontent.com/wcota/covid19br/master/cases-brazil-cities-time.csv

Rejection ABC fitting of epidemic curves

Model: SEIRD
Parameters: $\beta_{I}$, $\beta_{E}$, $N$, $\mu$, $\gamma$, $t_{c}$, RF_{0}, $E_{0}$
#####################################################################

Number of Samples: 48
Number of Posteriors: 3
RMSD Weights: [1,1]
Training window size: 10
Validation window size: 10

#####################################################################

Posterior No. 1
Execution Time: 0.070 s
Tolerance: eps = 182.399108

Priors' Ranges:

	 $\beta_{I}$: 0.000000 <-> 1.000000
	 $\beta_{E}$: 0.000000 <-> 1.000000
	 $N$: 51269.183000 <-> 10253836.600000
	 $\mu$: 0.000000 <-> 1.000000
	 $\gamma$: 0.000000 <-> 1.000000
	 $t_{c}$: 0.000000 <-> 30.000000
	 RF_{0}: 0.000000 <-> 1.000000
	 $E_{0}$: 0.000000 <-> 2.000000

Estimated parameters (av +/- std):

	 $\beta_{I}$: 0.214130 +/- 0.290141
	 $\beta_{E}$: 0.020010 +/- 0.202215
	 $N$: 8320365.969525 +/- 2972695.702745
	 $\mu$: 0.008939 +/- 0.247793
	 $\gamma$: 0.768521 +/- 0.275570
	 $t_{c}$: 16.116424 +/- 7.662575
	 RF_{0}: 0.942004 +/- 0.265772
	 $E_{0}$: 0.243106 +/- 0.575955

Posterior distribution on file posterior_'param'.png

RMSD: 1.760300
Weighted RMSD: 1.760300
RMSD for validation data: 4.422515
RMSD for total data: 0.433979
AIC: 19.520600
AIC for validation data: 24.845031
AIC for total data: 16.867957

#####################################################################

Total time on ABC: 0.070 s
Number of trials: 9370

Fit on file model_fit.png