2021-11-29_21-52-43

Data Source: Número de casos confirmados de COVID-19 no Brasil (on GitHub)
https://raw.githubusercontent.com/wcota/covid19br/master/cases-brazil-cities-time.csv

Rejection ABC fitting of epidemic curves

Model: SEIRD
Parameters: $\beta_{I}$, $\beta_{E}$, $N$, $\mu$, $\gamma$, $t_{c}$, RF_{0}, $E_{0}$
#####################################################################

Number of Samples: 9984
Number of Posteriors: 3
RMSD Weights: [1,1]
Training window size: 20
Validation window size: 10

#####################################################################

Posterior No. 3
Execution Time: 1.890 s
Tolerance: eps = 8.864107

Priors' Ranges:

	 $\beta_{I}$: 0.000211 <-> 0.999751
	 $\beta_{E}$: 0.000052 <-> 0.999947
	 $N$: 213836.256578 <-> 42385326.473182
	 $\mu$: 0.000008 <-> 0.999319
	 $\gamma$: 0.002300 <-> 0.999978
	 $t_{c}$: 0.041703 <-> 29.988673
	 RF_{0}: 0.000052 <-> 0.999968
	 $E_{0}$: 0.000137 <-> 1.999879

Estimated parameters (av +/- std):

	 $\beta_{I}$: 0.715889 +/- 0.266822
	 $\beta_{E}$: 0.742586 +/- 0.269946
	 $N$: 9382870.478105 +/- 8247377.492068
	 $\mu$: 0.002128 +/- 0.144503
	 $\gamma$: 0.164921 +/- 0.225926
	 $t_{c}$: 27.603004 +/- 7.664920
	 RF_{0}: 0.939014 +/- 0.227845
	 $E_{0}$: 0.028366 +/- 0.545364

Posterior distribution on file posterior_'param'.png

RMSD: 0.100997
Weighted RMSD: 0.100997
RMSD for validation data: 0.327501
RMSD for total data: 0.289601
AIC: 16.201994
AIC for validation data: 16.655001
AIC for total data: 16.579202

#####################################################################

Total time on ABC: 4.979 s
Number of trials: 147129

Fit on file model_fit.png