2021-11-14_21-31-10

Data Source: Número de casos confirmados de COVID-19 no Brasil (on GitHub)
https://raw.githubusercontent.com/wcota/covid19br/master/cases-brazil-cities-time.csv

Rejection ABC fitting of epidemic curves

Model: SEIRD
Parameters: $\beta_{I}$, $\beta_{E}$, $N$, $\mu$, $\gamma$, $t_{c}$, RF_{0}, $E_{0}$
#####################################################################

Number of Samples: 960
Number of Posteriors: 3
RMSD Weights: [1,1]
Training window size: 40
Validation window size: 10

#####################################################################

Posterior No. 3
Execution Time: 1.096 s
Tolerance: eps = 0.023707

Priors' Ranges:

	 $\beta_{I}$: 0.001948 <-> 0.998637
	 $\beta_{E}$: 0.103393 <-> 0.413839
	 $N$: 6014749.061203 <-> 7330563.315172
	 $\mu$: 0.002267 <-> 0.014622
	 $\gamma$: 0.125967 <-> 0.983035
	 $t_{c}$: 15.428852 <-> 29.968459
	 RF_{0}: 0.924684 <-> 0.999876
	 $E_{0}$: 0.229974 <-> 0.561310

Estimated parameters (av +/- std):

	 $\beta_{I}$: 0.036633 +/- 0.179890
	 $\beta_{E}$: 0.187791 +/- 0.032910
	 $N$: 6942099.642954 +/- 188868.583312
	 $\mu$: 0.004072 +/- 0.001749
	 $\gamma$: 0.252784 +/- 0.121687
	 $t_{c}$: 25.021356 +/- 2.307560
	 RF_{0}: 0.968371 +/- 0.009488
	 $E_{0}$: 0.470125 +/- 0.047169

Posterior distribution on file posterior_'param'.png

RMSD: 0.012177
Weighted RMSD: 0.012177
RMSD for validation data: 0.229508
RMSD for total data: 0.351539
AIC: 16.024354
AIC for validation data: 16.459015
AIC for total data: 16.703078

#####################################################################

Total time on ABC: 3.677 s
Number of trials: 54654

Fit on file model_fit.png