2021-11-14_10-31-06

Data Source: Número de casos confirmados de COVID-19 no Brasil (on GitHub)
https://raw.githubusercontent.com/wcota/covid19br/master/cases-brazil-cities-time.csv

Rejection ABC fitting of epidemic curves

Model: SEIRD
Parameters: $\beta_{I}$, $\beta_{E}$, $N$, $\mu$, $\gamma$, $t_{c}$, RF_{0}, $E_{0}$
#####################################################################

Number of Samples: 48
Number of Posteriors: 3
RMSD Weights: [1,1]
Training window size: 25
Validation window size: 10

#####################################################################

Posterior No. 1
Execution Time: 0.136 s
Tolerance: eps = 23.987585

Priors' Ranges:

	 $\beta_{I}$: 0.000000 <-> 1.000000
	 $\beta_{E}$: 0.000000 <-> 1.000000
	 $N$: 212559.409000 <-> 42511881.800000
	 $\mu$: 0.000000 <-> 1.000000
	 $\gamma$: 0.000000 <-> 1.000000
	 $t_{c}$: 0.000000 <-> 30.000000
	 RF_{0}: 0.000000 <-> 1.000000
	 $E_{0}$: 0.000000 <-> 2.000000

Estimated parameters (av +/- std):

	 $\beta_{I}$: 0.208527 +/- 0.291046
	 $\beta_{E}$: 0.036464 +/- 0.302617
	 $N$: 27448009.821949 +/- 10697954.888508
	 $\mu$: 0.001851 +/- 0.243911
	 $\gamma$: 0.621271 +/- 0.263429
	 $t_{c}$: 14.419786 +/- 8.601878
	 RF_{0}: 0.502056 +/- 0.280079
	 $E_{0}$: 0.008281 +/- 0.592345

Posterior distribution on file posterior_'param'.png

RMSD: 0.175214
Weighted RMSD: 0.175214
RMSD for validation data: 1.431991
RMSD for total data: 0.449499
AIC: 16.350428
AIC for validation data: 18.863981
AIC for total data: 16.898998

#####################################################################

Total time on ABC: 0.136 s
Number of trials: 9308

Fit on file model_fit.png