2021-11-14_19-37-26

Data Source: Número de casos confirmados de COVID-19 no Brasil (on GitHub)
https://raw.githubusercontent.com/wcota/covid19br/master/cases-brazil-cities-time.csv

Rejection ABC fitting of epidemic curves

Model: SEIRD
Parameters: $\beta_{I}$, $\beta_{E}$, $N$, $\mu$, $\gamma$, $t_{c}$, RF_{0}, $E_{0}$
#####################################################################

Number of Samples: 960
Number of Posteriors: 3
RMSD Weights: [1,1]
Training window size: 45
Validation window size: 10

#####################################################################

Posterior No. 3
Execution Time: 12.744 s
Tolerance: eps = 0.044386

Priors' Ranges:

	 $\beta_{I}$: 0.003135 <-> 0.998258
	 $\beta_{E}$: 0.000829 <-> 0.984075
	 $N$: 318112.679846 <-> 629441.098938
	 $\mu$: 0.002082 <-> 0.034174
	 $\gamma$: 0.081359 <-> 0.967656
	 $t_{c}$: 7.076998 <-> 29.989165
	 RF_{0}: 0.875258 <-> 0.965429
	 $E_{0}$: 0.000471 <-> 0.067701

Estimated parameters (av +/- std):

	 $\beta_{I}$: 0.330755 +/- 0.245422
	 $\beta_{E}$: 0.117256 +/- 0.217781
	 $N$: 413150.818871 +/- 55326.710280
	 $\mu$: 0.004950 +/- 0.006703
	 $\gamma$: 0.172440 +/- 0.180053
	 $t_{c}$: 22.121664 +/- 4.852163
	 RF_{0}: 0.911450 +/- 0.016407
	 $E_{0}$: 0.015149 +/- 0.013328

Posterior distribution on file posterior_'param'.png

RMSD: 0.025805
Weighted RMSD: 0.025805
RMSD for validation data: 0.813129
RMSD for total data: 0.438682
AIC: 16.051611
AIC for validation data: 17.626257
AIC for total data: 16.877364

#####################################################################

Total time on ABC: 27.160 s
Number of trials: 638171

Fit on file model_fit.png