2021-11-14_20-32-41

Data Source: Número de casos confirmados de COVID-19 no Brasil (on GitHub)
https://raw.githubusercontent.com/wcota/covid19br/master/cases-brazil-cities-time.csv

Rejection ABC fitting of epidemic curves

Model: SEIRD
Parameters: $\beta_{I}$, $\beta_{E}$, $N$, $\mu$, $\gamma$, $t_{c}$, RF_{0}, $E_{0}$
#####################################################################

Number of Samples: 48
Number of Posteriors: 3
RMSD Weights: [1,1]
Training window size: 30
Validation window size: 10

#####################################################################

Posterior No. 1
Execution Time: 0.182 s
Tolerance: eps = 5.202685

Priors' Ranges:

	 $\beta_{I}$: 0.000000 <-> 1.000000
	 $\beta_{E}$: 0.000000 <-> 1.000000
	 $N$: 67886.004000 <-> 13577200.800000
	 $\mu$: 0.000000 <-> 1.000000
	 $\gamma$: 0.000000 <-> 1.000000
	 $t_{c}$: 0.000000 <-> 30.000000
	 RF_{0}: 0.000000 <-> 1.000000
	 $E_{0}$: 0.000000 <-> 2.000000

Estimated parameters (av +/- std):

	 $\beta_{I}$: 0.943154 +/- 0.285557
	 $\beta_{E}$: 0.046817 +/- 0.142657
	 $N$: 13100386.487934 +/- 3843129.285796
	 $\mu$: 0.000784 +/- 0.297222
	 $\gamma$: 0.269591 +/- 0.248204
	 $t_{c}$: 16.785759 +/- 9.499086
	 RF_{0}: 0.670153 +/- 0.289066
	 $E_{0}$: 0.223172 +/- 0.552789

Posterior distribution on file posterior_'param'.png

RMSD: 0.120605
Weighted RMSD: 0.120605
RMSD for validation data: 0.452850
RMSD for total data: 1.176182
AIC: 16.241210
AIC for validation data: 16.905699
AIC for total data: 18.352364

#####################################################################

Total time on ABC: 0.182 s
Number of trials: 9997

Fit on file model_fit.png