2021-11-14_20-30-25

Data Source: Número de casos confirmados de COVID-19 no Brasil (on GitHub)
https://raw.githubusercontent.com/wcota/covid19br/master/cases-brazil-cities-time.csv

Rejection ABC fitting of epidemic curves

Model: SEIRD
Parameters: $\beta_{I}$, $\beta_{E}$, $N$, $\mu$, $\gamma$, $t_{c}$, RF_{0}, $E_{0}$
#####################################################################

Number of Samples: 960
Number of Posteriors: 3
RMSD Weights: [1,1]
Training window size: 35
Validation window size: 10

#####################################################################

Posterior No. 2
Execution Time: 0.132 s
Tolerance: eps = 72.692974

Priors' Ranges:

	 $\beta_{I}$: 0.000249 <-> 0.999544
	 $\beta_{E}$: 0.000249 <-> 0.997281
	 $N$: 51410.854091 <-> 10192854.737848
	 $\mu$: 0.000004 <-> 0.985697
	 $\gamma$: 0.008632 <-> 0.998892
	 $t_{c}$: 0.045221 <-> 29.972730
	 RF_{0}: 0.000106 <-> 0.999302
	 $E_{0}$: 0.000505 <-> 1.986848

Estimated parameters (av +/- std):

	 $\beta_{I}$: 0.096975 +/- 0.259484
	 $\beta_{E}$: 0.054378 +/- 0.218268
	 $N$: 10158051.577951 +/- 2968444.764202
	 $\mu$: 0.000853 +/- 0.237421
	 $\gamma$: 0.880115 +/- 0.213567
	 $t_{c}$: 21.462489 +/- 9.009380
	 RF_{0}: 0.718011 +/- 0.252285
	 $E_{0}$: 0.441988 +/- 0.484534

Posterior distribution on file posterior_'param'.png

RMSD: 1.242114
Weighted RMSD: 1.242114
RMSD for validation data: 10.406360
RMSD for total data: 0.433979
AIC: 18.484229
AIC for validation data: 36.812720
AIC for total data: 16.867957

#####################################################################

Total time on ABC: 0.341 s
Number of trials: 19978

Fit on file model_fit.png