2021-12-01_05-20-35

Data Source: Número de casos confirmados de COVID-19 no Brasil (on GitHub)
https://raw.githubusercontent.com/wcota/covid19br/master/cases-brazil-cities-time.csv

Rejection ABC fitting of epidemic curves

Model: SEIRD
Parameters: $\beta_{I}$, $\beta_{E}$, $N$, $\mu$, $\gamma$, $t_{c}$, RF_{0}, $E_{0}$
#####################################################################

Number of Samples: 99984
Number of Posteriors: 3
RMSD Weights: [1,1]
Training window size: 25
Validation window size: 10

#####################################################################

Posterior No. 3
Execution Time: 88.850 s
Tolerance: eps = 10.778940

Priors' Ranges:

	 $\beta_{I}$: 0.000050 <-> 0.999947
	 $\beta_{E}$: 0.000008 <-> 0.999979
	 $N$: 212587.018770 <-> 42498785.427751
	 $\mu$: 0.000000 <-> 0.999431
	 $\gamma$: 0.000162 <-> 0.999988
	 $t_{c}$: 0.035788 <-> 29.999710
	 RF_{0}: 0.000115 <-> 0.999997
	 $E_{0}$: 0.000003 <-> 1.999894

Estimated parameters (av +/- std):

	 $\beta_{I}$: 0.369370 +/- 0.268764
	 $\beta_{E}$: 0.004709 +/- 0.273972
	 $N$: 18951163.163780 +/- 7059701.049584
	 $\mu$: 0.012026 +/- 0.168212
	 $\gamma$: 0.696035 +/- 0.223559
	 $t_{c}$: 8.364730 +/- 7.728327
	 RF_{0}: 0.966021 +/- 0.235291
	 $E_{0}$: 0.049154 +/- 0.549336

Posterior distribution on file posterior_'param'.png

RMSD: 0.111858
Weighted RMSD: 0.111858
RMSD for validation data: 0.944975
RMSD for total data: 0.449499
AIC: 16.223716
AIC for validation data: 17.889951
AIC for total data: 16.898998

#####################################################################

Total time on ABC: 184.234 s
Number of trials: 1480917

Fit on file model_fit.png