2021-11-14_20-35-18

Data Source: Número de casos confirmados de COVID-19 no Brasil (on GitHub)
https://raw.githubusercontent.com/wcota/covid19br/master/cases-brazil-cities-time.csv

Rejection ABC fitting of epidemic curves

Model: SEIRD
Parameters: $\beta_{I}$, $\beta_{E}$, $N$, $\mu$, $\gamma$, $t_{c}$, RF_{0}, $E_{0}$
#####################################################################

Number of Samples: 960
Number of Posteriors: 3
RMSD Weights: [1,1]
Training window size: 15
Validation window size: 10

#####################################################################

Posterior No. 3
Execution Time: 0.076 s
Tolerance: eps = 57.700991

Priors' Ranges:

	 $\beta_{I}$: 0.001246 <-> 0.998388
	 $\beta_{E}$: 0.000094 <-> 0.983011
	 $N$: 68598.501886 <-> 13536923.595372
	 $\mu$: 0.000085 <-> 0.953772
	 $\gamma$: 0.023189 <-> 0.999863
	 $t_{c}$: 0.469195 <-> 29.954282
	 RF_{0}: 0.017531 <-> 0.999662
	 $E_{0}$: 0.000074 <-> 1.997140

Estimated parameters (av +/- std):

	 $\beta_{I}$: 0.219497 +/- 0.275811
	 $\beta_{E}$: 0.052520 +/- 0.245248
	 $N$: 9450872.428251 +/- 3784653.708204
	 $\mu$: 0.000946 +/- 0.118718
	 $\gamma$: 0.975520 +/- 0.208543
	 $t_{c}$: 28.269370 +/- 7.450266
	 RF_{0}: 0.963038 +/- 0.245991
	 $E_{0}$: 0.390331 +/- 0.540154

Posterior distribution on file posterior_'param'.png

RMSD: 0.360901
Weighted RMSD: 0.360901
RMSD for validation data: 0.802681
RMSD for total data: 0.497081
AIC: 16.721801
AIC for validation data: 17.605362
AIC for total data: 16.994161

#####################################################################

Total time on ABC: 0.285 s
Number of trials: 15637

Fit on file model_fit.png