2021-11-14_05-08-12

Data Source: Número de casos confirmados de COVID-19 no Brasil (on GitHub)
https://raw.githubusercontent.com/wcota/covid19br/master/cases-brazil-cities-time.csv

Rejection ABC fitting of epidemic curves

Model: SEIRD
Parameters: $\beta_{I}$, $\beta_{E}$, $N$, $\mu$, $\gamma$, $t_{c}$, RF_{0}, $E_{0}$
#####################################################################

Number of Samples: 960
Number of Posteriors: 3
RMSD Weights: [1,1]
Training window size: 25
Validation window size: 10

#####################################################################

Posterior No. 2
Execution Time: 0.084 s
Tolerance: eps = 22.313479

Priors' Ranges:

	 $\beta_{I}$: 0.006801 <-> 0.999262
	 $\beta_{E}$: 0.000351 <-> 0.925399
	 $N$: 135940.152384 <-> 25213698.895897
	 $\mu$: 0.000011 <-> 0.989107
	 $\gamma$: 0.019672 <-> 0.999568
	 $t_{c}$: 0.053041 <-> 29.981121
	 RF_{0}: 0.000410 <-> 0.999283
	 $E_{0}$: 0.002527 <-> 1.997741

Estimated parameters (av +/- std):

	 $\beta_{I}$: 0.243328 +/- 0.260556
	 $\beta_{E}$: 0.134925 +/- 0.174706
	 $N$: 5066860.070421 +/- 7245039.780530
	 $\mu$: 0.084056 +/- 0.225581
	 $\gamma$: 0.508766 +/- 0.233609
	 $t_{c}$: 22.545841 +/- 8.008830
	 RF_{0}: 0.988015 +/- 0.249386
	 $E_{0}$: 0.009426 +/- 0.476009

Posterior distribution on file posterior_'param'.png

RMSD: 0.263867
Weighted RMSD: 0.263867
RMSD for validation data: 1.922216
RMSD for total data: 28.543353
AIC: 16.527733
AIC for validation data: 19.844432
AIC for total data: 73.086705

#####################################################################

Total time on ABC: 0.246 s
Number of trials: 14986

Fit on file model_fit.png