2021-11-14_20-32-41

Data Source: Número de casos confirmados de COVID-19 no Brasil (on GitHub)
https://raw.githubusercontent.com/wcota/covid19br/master/cases-brazil-cities-time.csv

Rejection ABC fitting of epidemic curves

Model: SEIRD
Parameters: $\beta_{I}$, $\beta_{E}$, $N$, $\mu$, $\gamma$, $t_{c}$, RF_{0}, $E_{0}$
#####################################################################

Number of Samples: 960
Number of Posteriors: 3
RMSD Weights: [1,1]
Training window size: 40
Validation window size: 10

#####################################################################

Posterior No. 2
Execution Time: 0.225 s
Tolerance: eps = 7.728468

Priors' Ranges:

	 $\beta_{I}$: 0.000316 <-> 0.993942
	 $\beta_{E}$: 0.000084 <-> 0.991661
	 $N$: 69386.312444 <-> 13571663.422452
	 $\mu$: 0.000119 <-> 0.994333
	 $\gamma$: 0.011228 <-> 0.999034
	 $t_{c}$: 0.051165 <-> 29.934554
	 RF_{0}: 0.001585 <-> 0.999891
	 $E_{0}$: 0.001302 <-> 1.996361

Estimated parameters (av +/- std):

	 $\beta_{I}$: 0.266049 +/- 0.259829
	 $\beta_{E}$: 0.733889 +/- 0.271966
	 $N$: 272781.989739 +/- 3961069.500527
	 $\mu$: 0.031919 +/- 0.257655
	 $\gamma$: 0.328135 +/- 0.224507
	 $t_{c}$: 23.535851 +/- 8.768487
	 RF_{0}: 0.977077 +/- 0.252933
	 $E_{0}$: 1.824085 +/- 0.512912

Posterior distribution on file posterior_'param'.png

RMSD: 0.173595
Weighted RMSD: 0.173595
RMSD for validation data: 2.467616
RMSD for total data: 0.408654
AIC: 16.347191
AIC for validation data: 20.935231
AIC for total data: 16.817309

#####################################################################

Total time on ABC: 0.420 s
Number of trials: 20897

Fit on file model_fit.png