2021-12-01_00-51-50

Data Source: Número de casos confirmados de COVID-19 no Brasil (on GitHub)
https://raw.githubusercontent.com/wcota/covid19br/master/cases-brazil-cities-time.csv

Rejection ABC fitting of epidemic curves

Model: SEIRD
Parameters: $\beta_{I}$, $\beta_{E}$, $N$, $\mu$, $\gamma$, $t_{c}$, RF_{0}, $E_{0}$
#####################################################################

Number of Samples: 48
Number of Posteriors: 3
RMSD Weights: [1,1]
Training window size: 25
Validation window size: 10

#####################################################################

Posterior No. 1
Execution Time: 11.188 s
Tolerance: eps = 11.608572

Priors' Ranges:

	 $\beta_{I}$: 0.000000 <-> 1.000000
	 $\beta_{E}$: 0.000000 <-> 1.000000
	 $N$: 212559.409000 <-> 42511881.800000
	 $\mu$: 0.000000 <-> 1.000000
	 $\gamma$: 0.000000 <-> 1.000000
	 $t_{c}$: 0.000000 <-> 30.000000
	 RF_{0}: 0.000000 <-> 1.000000
	 $E_{0}$: 0.000000 <-> 2.000000

Estimated parameters (av +/- std):

	 $\beta_{I}$: 0.488617 +/- 0.288384
	 $\beta_{E}$: 0.470978 +/- 0.289474
	 $N$: 14820633.355636 +/- 10732177.248772
	 $\mu$: 0.006999 +/- 0.247339
	 $\gamma$: 0.475906 +/- 0.262484
	 $t_{c}$: 29.510587 +/- 8.507503
	 RF_{0}: 0.900859 +/- 0.272695
	 $E_{0}$: 0.115386 +/- 0.590803

Posterior distribution on file posterior_'param'.png

RMSD: 0.081008
Weighted RMSD: 0.081008
RMSD for validation data: 0.324017
RMSD for total data: 0.416115
AIC: 16.162015
AIC for validation data: 16.648034
AIC for total data: 16.832230

#####################################################################

Total time on ABC: 11.188 s
Number of trials: 1012212

Fit on file model_fit.png