2021-11-14_05-08-12

Data Source: Número de casos confirmados de COVID-19 no Brasil (on GitHub)
https://raw.githubusercontent.com/wcota/covid19br/master/cases-brazil-cities-time.csv

Rejection ABC fitting of epidemic curves

Model: SEIRD
Parameters: $\beta_{I}$, $\beta_{E}$, $N$, $\mu$, $\gamma$, $t_{c}$, RF_{0}, $E_{0}$
#####################################################################

Number of Samples: 960
Number of Posteriors: 3
RMSD Weights: [1,1]
Training window size: 25
Validation window size: 10

#####################################################################

Posterior No. 3
Execution Time: 0.081 s
Tolerance: eps = 17.202953

Priors' Ranges:

	 $\beta_{I}$: 0.000078 <-> 0.997923
	 $\beta_{E}$: 0.000016 <-> 0.960359
	 $N$: 128616.805440 <-> 25275865.736663
	 $\mu$: 0.000135 <-> 0.984015
	 $\gamma$: 0.014601 <-> 0.999892
	 $t_{c}$: 0.060068 <-> 29.971963
	 RF_{0}: 0.015228 <-> 0.999626
	 $E_{0}$: 0.000016 <-> 1.985501

Estimated parameters (av +/- std):

	 $\beta_{I}$: 0.074797 +/- 0.264939
	 $\beta_{E}$: 0.057936 +/- 0.165769
	 $N$: 13917360.518126 +/- 7350102.986600
	 $\mu$: 0.004985 +/- 0.208299
	 $\gamma$: 0.737623 +/- 0.219527
	 $t_{c}$: 21.096674 +/- 8.040106
	 RF_{0}: 0.601098 +/- 0.267689
	 $E_{0}$: 0.271588 +/- 0.506378

Posterior distribution on file posterior_'param'.png

RMSD: 0.108515
Weighted RMSD: 0.108515
RMSD for validation data: 0.609356
RMSD for total data: 0.398643
AIC: 16.217030
AIC for validation data: 17.218712
AIC for total data: 16.797286

#####################################################################

Total time on ABC: 0.340 s
Number of trials: 13187

Fit on file model_fit.png