2021-12-01_05-20-35

Data Source: Número de casos confirmados de COVID-19 no Brasil (on GitHub)
https://raw.githubusercontent.com/wcota/covid19br/master/cases-brazil-cities-time.csv

Rejection ABC fitting of epidemic curves

Model: SEIRD
Parameters: $\beta_{I}$, $\beta_{E}$, $N$, $\mu$, $\gamma$, $t_{c}$, RF_{0}, $E_{0}$
#####################################################################

Number of Samples: 48
Number of Posteriors: 3
RMSD Weights: [1,1]
Training window size: 30
Validation window size: 10

#####################################################################

Posterior No. 1
Execution Time: 13.156 s
Tolerance: eps = 0.394478

Priors' Ranges:

	 $\beta_{I}$: 0.000000 <-> 1.000000
	 $\beta_{E}$: 0.000000 <-> 1.000000
	 $N$: 212559.409000 <-> 42511881.800000
	 $\mu$: 0.000000 <-> 1.000000
	 $\gamma$: 0.000000 <-> 1.000000
	 $t_{c}$: 0.000000 <-> 30.000000
	 RF_{0}: 0.000000 <-> 1.000000
	 $E_{0}$: 0.000000 <-> 2.000000

Estimated parameters (av +/- std):

	 $\beta_{I}$: 0.430947 +/- 0.280386
	 $\beta_{E}$: 0.090842 +/- 0.134478
	 $N$: 7234631.671523 +/- 12212227.127830
	 $\mu$: 0.028795 +/- 0.288324
	 $\gamma$: 0.338211 +/- 0.260866
	 $t_{c}$: 5.447058 +/- 9.110055
	 RF_{0}: 0.838498 +/- 0.282966
	 $E_{0}$: 1.510340 +/- 0.558863

Posterior distribution on file posterior_'param'.png

RMSD: 0.029207
Weighted RMSD: 0.029207
RMSD for validation data: 0.106396
RMSD for total data: 0.290341
AIC: 16.058414
AIC for validation data: 16.212791
AIC for total data: 16.580683

#####################################################################

Total time on ABC: 13.156 s
Number of trials: 1004793

Fit on file model_fit.png