2021-11-14_21-02-25

Data Source: Número de casos confirmados de COVID-19 no Brasil (on GitHub)
https://raw.githubusercontent.com/wcota/covid19br/master/cases-brazil-cities-time.csv

Rejection ABC fitting of epidemic curves

Model: SEIRD
Parameters: $\beta_{I}$, $\beta_{E}$, $N$, $\mu$, $\gamma$, $t_{c}$, RF_{0}, $E_{0}$
#####################################################################

Number of Samples: 48
Number of Posteriors: 3
RMSD Weights: [1,1]
Training window size: 50
Validation window size: 10

#####################################################################

Posterior No. 1
Execution Time: 8.663 s
Tolerance: eps = 0.018056

Priors' Ranges:

	 $\beta_{I}$: 0.000000 <-> 1.000000
	 $\beta_{E}$: 0.000000 <-> 1.000000
	 $N$: 331002.647000 <-> 66200529.400000
	 $\mu$: 0.000000 <-> 1.000000
	 $\gamma$: 0.000000 <-> 1.000000
	 $t_{c}$: 0.000000 <-> 30.000000
	 RF_{0}: 0.000000 <-> 1.000000
	 $E_{0}$: 0.000000 <-> 2.000000

Estimated parameters (av +/- std):

	 $\beta_{I}$: 0.598821 +/- 0.258847
	 $\beta_{E}$: 0.006309 +/- 0.035932
	 $N$: 61929545.820380 +/- 8552276.293071
	 $\mu$: 0.004642 +/- 0.002458
	 $\gamma$: 0.363682 +/- 0.207069
	 $t_{c}$: 27.942349 +/- 4.696674
	 RF_{0}: 0.993039 +/- 0.010473
	 $E_{0}$: 0.441644 +/- 0.068946

Posterior distribution on file posterior_'param'.png

RMSD: 0.010339
Weighted RMSD: 0.010339
RMSD for validation data: 0.120308
RMSD for total data: 0.486505
AIC: 16.020677
AIC for validation data: 16.240615
AIC for total data: 16.973011

#####################################################################

Total time on ABC: 8.663 s
Number of trials: 407105

Fit on file model_fit.png