2022-03-08_15-59-04

Data Source: Número de casos confirmados de COVID-19 no Brasil (on GitHub)
https://raw.githubusercontent.com/wcota/covid19br/master/cases-brazil-cities-time.csv

Rejection ABC fitting of epidemic curves

Model: SEIRD
Parameters: $\beta_{I}$, $\beta_{E}$, $N$, $\mu$, $\gamma$, $t_{c}$, RF_{0}, $E_{0}$
#####################################################################

Number of Samples: 960
Number of Posteriors: 3
RMSD Weights: [1,1]
Training window size: 30
Validation window size: 10

#####################################################################

Posterior No. 2
Execution Time: 0.778 s
Tolerance: eps = 0.036439

Priors' Ranges:

	 $\beta_{I}$: 0.001694 <-> 0.992731
	 $\beta_{E}$: 0.000247 <-> 0.163979
	 $N$: 2215665.700378 <-> 106120676.378986
	 $\mu$: 0.008550 <-> 0.058797
	 $\gamma$: 0.159670 <-> 0.999965
	 $t_{c}$: 4.762883 <-> 29.882034
	 RF_{0}: 0.085815 <-> 0.997423
	 $E_{0}$: 0.283757 <-> 1.995891

Estimated parameters (av +/- std):

	 $\beta_{I}$: 0.455470 +/- 0.259267
	 $\beta_{E}$: 0.094813 +/- 0.022382
	 $N$: 4244290.051155 +/- 28494966.374915
	 $\mu$: 0.046416 +/- 0.009348
	 $\gamma$: 0.883646 +/- 0.175976
	 $t_{c}$: 11.668101 +/- 5.030478
	 RF_{0}: 0.772363 +/- 0.169929
	 $E_{0}$: 0.805128 +/- 0.360318

Posterior distribution on file posterior_'param'.png

RMSD: 0.018871
Weighted RMSD: 0.018871
RMSD for validation data: 0.258910
RMSD for total data: 0.335913
AIC: 16.037743
AIC for validation data: 16.517820
AIC for total data: 16.671827

#####################################################################

Total time on ABC: 1.205 s
Number of trials: 53536

Fit on file model_fit.png