2021-11-29_21-52-43

Data Source: Número de casos confirmados de COVID-19 no Brasil (on GitHub)
https://raw.githubusercontent.com/wcota/covid19br/master/cases-brazil-cities-time.csv

Rejection ABC fitting of epidemic curves

Model: SEIRD
Parameters: $\beta_{I}$, $\beta_{E}$, $N$, $\mu$, $\gamma$, $t_{c}$, RF_{0}, $E_{0}$
#####################################################################

Number of Samples: 48
Number of Posteriors: 3
RMSD Weights: [1,1]
Training window size: 40
Validation window size: 10

#####################################################################

Posterior No. 1
Execution Time: 2.029 s
Tolerance: eps = 9.365438

Priors' Ranges:

	 $\beta_{I}$: 0.000000 <-> 1.000000
	 $\beta_{E}$: 0.000000 <-> 1.000000
	 $N$: 212559.409000 <-> 42511881.800000
	 $\mu$: 0.000000 <-> 1.000000
	 $\gamma$: 0.000000 <-> 1.000000
	 $t_{c}$: 0.000000 <-> 30.000000
	 RF_{0}: 0.000000 <-> 1.000000
	 $E_{0}$: 0.000000 <-> 2.000000

Estimated parameters (av +/- std):

	 $\beta_{I}$: 0.453517 +/- 0.291744
	 $\beta_{E}$: 0.044924 +/- 0.303717
	 $N$: 5011856.342447 +/- 10487010.377733
	 $\mu$: 0.005011 +/- 0.270718
	 $\gamma$: 0.305719 +/- 0.261722
	 $t_{c}$: 18.089595 +/- 8.795730
	 RF_{0}: 0.620591 +/- 0.274414
	 $E_{0}$: 0.253456 +/- 0.587183

Posterior distribution on file posterior_'param'.png

RMSD: 0.101446
Weighted RMSD: 0.101446
RMSD for validation data: 0.868565
RMSD for total data: 0.335004
AIC: 16.202891
AIC for validation data: 17.737129
AIC for total data: 16.670008

#####################################################################

Total time on ABC: 2.029 s
Number of trials: 99184

Fit on file model_fit.png