2021-11-14_06-17-32

Data Source: Número de casos confirmados de COVID-19 no Brasil (on GitHub)
https://raw.githubusercontent.com/wcota/covid19br/master/cases-brazil-cities-time.csv

Rejection ABC fitting of epidemic curves

Model: SEIRD
Parameters: $\beta_{I}$, $\beta_{E}$, $N$, $\mu$, $\gamma$, $t_{c}$, RF_{0}, $E_{0}$
#####################################################################

Number of Samples: 960
Number of Posteriors: 3
RMSD Weights: [1,1]
Training window size: 10
Validation window size: 10

#####################################################################

Posterior No. 2
Execution Time: 0.052 s
Tolerance: eps = 97.761277

Priors' Ranges:

	 $\beta_{I}$: 0.003768 <-> 0.998312
	 $\beta_{E}$: 0.001292 <-> 0.978321
	 $N$: 88715.206466 <-> 16755334.212841
	 $\mu$: 0.000395 <-> 0.955019
	 $\gamma$: 0.015750 <-> 0.997014
	 $t_{c}$: 0.113748 <-> 29.993785
	 RF_{0}: 0.000612 <-> 0.999196
	 $E_{0}$: 0.000436 <-> 1.997464

Estimated parameters (av +/- std):

	 $\beta_{I}$: 0.995430 +/- 0.267015
	 $\beta_{E}$: 0.103410 +/- 0.216193
	 $N$: 2060450.812772 +/- 4720254.031771
	 $\mu$: 0.002357 +/- 0.149945
	 $\gamma$: 0.870111 +/- 0.232831
	 $t_{c}$: 18.997172 +/- 7.302908
	 RF_{0}: 0.991789 +/- 0.248653
	 $E_{0}$: 0.383002 +/- 0.516754

Posterior distribution on file posterior_'param'.png

RMSD: 0.687788
Weighted RMSD: 0.687788
RMSD for validation data: 1.326241
RMSD for total data: 0.329609
AIC: 17.375577
AIC for validation data: 18.652481
AIC for total data: 16.659218

#####################################################################

Total time on ABC: 0.136 s
Number of trials: 11195

Fit on file model_fit.png