2021-11-14_07-39-52

Data Source: Número de casos confirmados de COVID-19 no Brasil (on GitHub)
https://raw.githubusercontent.com/wcota/covid19br/master/cases-brazil-cities-time.csv

Rejection ABC fitting of epidemic curves

Model: SEIRD
Parameters: $\beta_{I}$, $\beta_{E}$, $N$, $\mu$, $\gamma$, $t_{c}$, RF_{0}, $E_{0}$
#####################################################################

Number of Samples: 48
Number of Posteriors: 3
RMSD Weights: [1,1]
Training window size: 15
Validation window size: 10

#####################################################################

Posterior No. 1
Execution Time: 0.092 s
Tolerance: eps = 108.634302

Priors' Ranges:

	 $\beta_{I}$: 0.000000 <-> 1.000000
	 $\beta_{E}$: 0.000000 <-> 1.000000
	 $N$: 1380004.385000 <-> 276000877.000000
	 $\mu$: 0.000000 <-> 1.000000
	 $\gamma$: 0.000000 <-> 1.000000
	 $t_{c}$: 0.000000 <-> 30.000000
	 RF_{0}: 0.000000 <-> 1.000000
	 $E_{0}$: 0.000000 <-> 2.000000

Estimated parameters (av +/- std):

	 $\beta_{I}$: 0.267088 +/- 0.293211
	 $\beta_{E}$: 0.026637 +/- 0.286835
	 $N$: 49951557.906970 +/- 84772819.541582
	 $\mu$: 0.004904 +/- 0.238907
	 $\gamma$: 0.879688 +/- 0.259447
	 $t_{c}$: 24.944864 +/- 8.142695
	 RF_{0}: 0.598635 +/- 0.282135
	 $E_{0}$: 0.259021 +/- 0.572054

Posterior distribution on file posterior_'param'.png

RMSD: 1.388951
Weighted RMSD: 1.388951
RMSD for validation data: 3.302563
RMSD for total data: 0.507635
AIC: 18.777901
AIC for validation data: 22.605125
AIC for total data: 17.015271

#####################################################################

Total time on ABC: 0.092 s
Number of trials: 9545

Fit on file model_fit.png