2021-11-14_21-02-25

Data Source: Número de casos confirmados de COVID-19 no Brasil (on GitHub)
https://raw.githubusercontent.com/wcota/covid19br/master/cases-brazil-cities-time.csv

Rejection ABC fitting of epidemic curves

Model: SEIRD
Parameters: $\beta_{I}$, $\beta_{E}$, $N$, $\mu$, $\gamma$, $t_{c}$, RF_{0}, $E_{0}$
#####################################################################

Number of Samples: 960
Number of Posteriors: 3
RMSD Weights: [1,1]
Training window size: 40
Validation window size: 10

#####################################################################

Posterior No. 2
Execution Time: 11.237 s
Tolerance: eps = 0.018968

Priors' Ranges:

	 $\beta_{I}$: 0.004360 <-> 0.999507
	 $\beta_{E}$: 0.000266 <-> 0.405387
	 $N$: 29287729.345788 <-> 63233979.440843
	 $\mu$: 0.002057 <-> 0.014945
	 $\gamma$: 0.124753 <-> 0.996269
	 $t_{c}$: 7.040829 <-> 29.997139
	 RF_{0}: 0.955762 <-> 0.999998
	 $E_{0}$: 0.065379 <-> 0.366424

Estimated parameters (av +/- std):

	 $\beta_{I}$: 0.411490 +/- 0.262891
	 $\beta_{E}$: 0.312391 +/- 0.093561
	 $N$: 30755752.674243 +/- 4790482.299673
	 $\mu$: 0.003304 +/- 0.003309
	 $\gamma$: 0.208211 +/- 0.231853
	 $t_{c}$: 26.797947 +/- 4.603707
	 RF_{0}: 0.975921 +/- 0.008018
	 $E_{0}$: 0.231439 +/- 0.049462

Posterior distribution on file posterior_'param'.png

RMSD: 0.011656
Weighted RMSD: 0.011656
RMSD for validation data: 0.175923
RMSD for total data: 0.470216
AIC: 16.023312
AIC for validation data: 16.351846
AIC for total data: 16.940431

#####################################################################

Total time on ABC: 17.792 s
Number of trials: 779443

Fit on file model_fit.png