2021-11-14_19-37-26

Data Source: Número de casos confirmados de COVID-19 no Brasil (on GitHub)
https://raw.githubusercontent.com/wcota/covid19br/master/cases-brazil-cities-time.csv

Rejection ABC fitting of epidemic curves

Model: SEIRD
Parameters: $\beta_{I}$, $\beta_{E}$, $N$, $\mu$, $\gamma$, $t_{c}$, RF_{0}, $E_{0}$
#####################################################################

Number of Samples: 960
Number of Posteriors: 3
RMSD Weights: [1,1]
Training window size: 40
Validation window size: 10

#####################################################################

Posterior No. 2
Execution Time: 3.230 s
Tolerance: eps = 0.021896

Priors' Ranges:

	 $\beta_{I}$: 0.004764 <-> 0.998794
	 $\beta_{E}$: 0.050898 <-> 0.258981
	 $N$: 4470786.313491 <-> 7228257.815320
	 $\mu$: 0.002029 <-> 0.015422
	 $\gamma$: 0.128022 <-> 0.996679
	 $t_{c}$: 10.882404 <-> 29.985096
	 RF_{0}: 0.803858 <-> 0.976984
	 $E_{0}$: 0.032754 <-> 0.266131

Estimated parameters (av +/- std):

	 $\beta_{I}$: 0.345489 +/- 0.276677
	 $\beta_{E}$: 0.139060 +/- 0.034482
	 $N$: 6266561.807256 +/- 482872.026468
	 $\mu$: 0.007533 +/- 0.002851
	 $\gamma$: 0.484834 +/- 0.197040
	 $t_{c}$: 20.907168 +/- 3.978610
	 RF_{0}: 0.933031 +/- 0.021103
	 $E_{0}$: 0.162400 +/- 0.035457

Posterior distribution on file posterior_'param'.png

RMSD: 0.013348
Weighted RMSD: 0.013348
RMSD for validation data: 0.329355
RMSD for total data: 0.490641
AIC: 16.026697
AIC for validation data: 16.658711
AIC for total data: 16.981282

#####################################################################

Total time on ABC: 7.378 s
Number of trials: 141057

Fit on file model_fit.png