2021-11-14_04-14-21

Data Source: Número de casos confirmados de COVID-19 no Brasil (on GitHub)
https://raw.githubusercontent.com/wcota/covid19br/master/cases-brazil-cities-time.csv

Rejection ABC fitting of epidemic curves

Model: SEIRD
Parameters: $\beta_{I}$, $\beta_{E}$, $N$, $\mu$, $\gamma$, $t_{c}$, RF_{0}, $E_{0}$
#####################################################################

Number of Samples: 960
Number of Posteriors: 3
RMSD Weights: [1,1]
Training window size: 25
Validation window size: 10

#####################################################################

Posterior No. 3
Execution Time: 2.182 s
Tolerance: eps = 0.021331

Priors' Ranges:

	 $\beta_{I}$: 0.003370 <-> 0.994453
	 $\beta_{E}$: 0.000334 <-> 0.100493
	 $N$: 450290.110168 <-> 25191924.800911
	 $\mu$: 0.001844 <-> 0.014329
	 $\gamma$: 0.091348 <-> 0.999845
	 $t_{c}$: 2.612176 <-> 29.978859
	 RF_{0}: 0.936349 <-> 0.999986
	 $E_{0}$: 0.051398 <-> 0.494088

Estimated parameters (av +/- std):

	 $\beta_{I}$: 0.170536 +/- 0.253623
	 $\beta_{E}$: 0.087291 +/- 0.019524
	 $N$: 20251128.217562 +/- 6792422.882546
	 $\mu$: 0.006434 +/- 0.002631
	 $\gamma$: 0.431641 +/- 0.198947
	 $t_{c}$: 8.992871 +/- 5.391875
	 RF_{0}: 0.989410 +/- 0.008053
	 $E_{0}$: 0.135172 +/- 0.079622

Posterior distribution on file posterior_'param'.png

RMSD: 0.010081
Weighted RMSD: 0.010081
RMSD for validation data: 0.035376
RMSD for total data: 0.397355
AIC: 16.020163
AIC for validation data: 16.070753
AIC for total data: 16.794710

#####################################################################

Total time on ABC: 4.850 s
Number of trials: 187756

Fit on file model_fit.png