2021-11-14_23-03-08

Data Source: Número de casos confirmados de COVID-19 no Brasil (on GitHub)
https://raw.githubusercontent.com/wcota/covid19br/master/cases-brazil-cities-time.csv

Rejection ABC fitting of epidemic curves

Model: SEIRD
Parameters: $\beta_{I}$, $\beta_{E}$, $N$, $\mu$, $\gamma$, $t_{c}$, RF_{0}, $E_{0}$
#####################################################################

Number of Samples: 960
Number of Posteriors: 3
RMSD Weights: [1,1]
Training window size: 20
Validation window size: 10

#####################################################################

Posterior No. 2
Execution Time: 0.067 s
Tolerance: eps = 11.691016

Priors' Ranges:

	 $\beta_{I}$: 0.004417 <-> 0.999009
	 $\beta_{E}$: 0.000289 <-> 0.997952
	 $N$: 341328.837104 <-> 66174831.509567
	 $\mu$: 0.000157 <-> 0.995958
	 $\gamma$: 0.000972 <-> 0.999724
	 $t_{c}$: 0.036862 <-> 29.996764
	 RF_{0}: 0.002530 <-> 0.999908
	 $E_{0}$: 0.000112 <-> 1.998120

Estimated parameters (av +/- std):

	 $\beta_{I}$: 0.101778 +/- 0.263624
	 $\beta_{E}$: 0.598344 +/- 0.270479
	 $N$: 18276339.130594 +/- 14358925.500417
	 $\mu$: 0.005862 +/- 0.158457
	 $\gamma$: 0.941811 +/- 0.227370
	 $t_{c}$: 23.117312 +/- 7.852610
	 RF_{0}: 0.876860 +/- 0.230279
	 $E_{0}$: 0.266374 +/- 0.563074

Posterior distribution on file posterior_'param'.png

RMSD: 0.217860
Weighted RMSD: 0.217860
RMSD for validation data: 0.492302
RMSD for total data: 0.357212
AIC: 16.435720
AIC for validation data: 16.984604
AIC for total data: 16.714424

#####################################################################

Total time on ABC: 0.185 s
Number of trials: 11735

Fit on file model_fit.png