2021-11-29_21-52-43

Data Source: Número de casos confirmados de COVID-19 no Brasil (on GitHub)
https://raw.githubusercontent.com/wcota/covid19br/master/cases-brazil-cities-time.csv

Rejection ABC fitting of epidemic curves

Model: SEIRD
Parameters: $\beta_{I}$, $\beta_{E}$, $N$, $\mu$, $\gamma$, $t_{c}$, RF_{0}, $E_{0}$
#####################################################################

Number of Samples: 9984
Number of Posteriors: 3
RMSD Weights: [1,1]
Training window size: 35
Validation window size: 10

#####################################################################

Posterior No. 2
Execution Time: 2.440 s
Tolerance: eps = 2.288897

Priors' Ranges:

	 $\beta_{I}$: 0.000028 <-> 0.999560
	 $\beta_{E}$: 0.000005 <-> 0.998188
	 $N$: 213498.224229 <-> 42488522.243058
	 $\mu$: 0.000028 <-> 0.999466
	 $\gamma$: 0.000057 <-> 0.999995
	 $t_{c}$: 0.040949 <-> 29.987178
	 RF_{0}: 0.000163 <-> 0.999961
	 $E_{0}$: 0.000064 <-> 1.999477

Estimated parameters (av +/- std):

	 $\beta_{I}$: 0.793270 +/- 0.257845
	 $\beta_{E}$: 0.005266 +/- 0.219835
	 $N$: 28636712.284625 +/- 12490229.124297
	 $\mu$: 0.019477 +/- 0.238375
	 $\gamma$: 0.574860 +/- 0.217325
	 $t_{c}$: 20.449925 +/- 8.619101
	 RF_{0}: 0.570244 +/- 0.256919
	 $E_{0}$: 0.878287 +/- 0.512313

Posterior distribution on file posterior_'param'.png

RMSD: 0.044169
Weighted RMSD: 0.044169
RMSD for validation data: 0.394032
RMSD for total data: 0.449309
AIC: 16.088339
AIC for validation data: 16.788065
AIC for total data: 16.898619

#####################################################################

Total time on ABC: 4.273 s
Number of trials: 187037

Fit on file model_fit.png