2021-11-29_22-05-24

Data Source: Número de casos confirmados de COVID-19 no Brasil (on GitHub)
https://raw.githubusercontent.com/wcota/covid19br/master/cases-brazil-cities-time.csv

Rejection ABC fitting of epidemic curves

Model: SEIRD
Parameters: $\beta_{I}$, $\beta_{E}$, $N$, $\mu$, $\gamma$, $t_{c}$, RF_{0}, $E_{0}$
#####################################################################

Number of Samples: 48
Number of Posteriors: 3
RMSD Weights: [1,1]
Training window size: 25
Validation window size: 10

#####################################################################

Posterior No. 1
Execution Time: 1.521 s
Tolerance: eps = 13.643104

Priors' Ranges:

	 $\beta_{I}$: 0.000000 <-> 1.000000
	 $\beta_{E}$: 0.000000 <-> 1.000000
	 $N$: 212559.409000 <-> 42511881.800000
	 $\mu$: 0.000000 <-> 1.000000
	 $\gamma$: 0.000000 <-> 1.000000
	 $t_{c}$: 0.000000 <-> 30.000000
	 RF_{0}: 0.000000 <-> 1.000000
	 $E_{0}$: 0.000000 <-> 2.000000

Estimated parameters (av +/- std):

	 $\beta_{I}$: 0.775041 +/- 0.284914
	 $\beta_{E}$: 0.478786 +/- 0.290284
	 $N$: 11226566.803986 +/- 10708162.494673
	 $\mu$: 0.004391 +/- 0.246339
	 $\gamma$: 0.513739 +/- 0.261707
	 $t_{c}$: 17.988239 +/- 8.489513
	 RF_{0}: 0.847172 +/- 0.273900
	 $E_{0}$: 0.230330 +/- 0.586535

Posterior distribution on file posterior_'param'.png

RMSD: 0.164244
Weighted RMSD: 0.164244
RMSD for validation data: 1.110745
RMSD for total data: 0.352177
AIC: 16.328488
AIC for validation data: 18.221490
AIC for total data: 16.704353

#####################################################################

Total time on ABC: 1.521 s
Number of trials: 98434

Fit on file model_fit.png