2021-11-14_06-19-53

Data Source: Número de casos confirmados de COVID-19 no Brasil (on GitHub)
https://raw.githubusercontent.com/wcota/covid19br/master/cases-brazil-cities-time.csv

Rejection ABC fitting of epidemic curves

Model: SEIRD
Parameters: $\beta_{I}$, $\beta_{E}$, $N$, $\mu$, $\gamma$, $t_{c}$, RF_{0}, $E_{0}$
#####################################################################

Number of Samples: 960
Number of Posteriors: 3
RMSD Weights: [1,1]
Training window size: 20
Validation window size: 10

#####################################################################

Posterior No. 3
Execution Time: 0.100 s
Tolerance: eps = 111.907863

Priors' Ranges:

	 $\beta_{I}$: 0.000274 <-> 0.998813
	 $\beta_{E}$: 0.000131 <-> 0.978537
	 $N$: 86550.017870 <-> 16665796.366016
	 $\mu$: 0.000171 <-> 0.995987
	 $\gamma$: 0.008823 <-> 0.999751
	 $t_{c}$: 0.044112 <-> 29.977591
	 RF_{0}: 0.008115 <-> 0.999371
	 $E_{0}$: 0.000040 <-> 1.999471

Estimated parameters (av +/- std):

	 $\beta_{I}$: 0.232469 +/- 0.267573
	 $\beta_{E}$: 0.064580 +/- 0.193218
	 $N$: 539796.277511 +/- 4854807.352966
	 $\mu$: 0.088080 +/- 0.152836
	 $\gamma$: 0.715629 +/- 0.211169
	 $t_{c}$: 7.072967 +/- 7.629289
	 RF_{0}: 0.954548 +/- 0.254174
	 $E_{0}$: 0.006347 +/- 0.506741

Posterior distribution on file posterior_'param'.png

RMSD: 5.181576
Weighted RMSD: 5.181576
RMSD for validation data: 15.551680
RMSD for total data: 0.415608
AIC: 26.363152
AIC for validation data: 47.103361
AIC for total data: 16.831215

#####################################################################

Total time on ABC: 0.307 s
Number of trials: 16084

Fit on file model_fit.png