2022-03-08_16-04-21

Data Source: Número de casos confirmados de COVID-19 no Brasil (on GitHub)
https://raw.githubusercontent.com/wcota/covid19br/master/cases-brazil-cities-time.csv

Rejection ABC fitting of epidemic curves

Model: SEIRD
Parameters: $\beta_{I}$, $\beta_{E}$, $N$, $\mu$, $\gamma$, $t_{c}$, RF_{0}, $E_{0}$
#####################################################################

Number of Samples: 960
Number of Posteriors: 3
RMSD Weights: [1,1]
Training window size: 20
Validation window size: 10

#####################################################################

Posterior No. 3
Execution Time: 3.342 s
Tolerance: eps = 0.020318

Priors' Ranges:

	 $\beta_{I}$: 0.000780 <-> 0.998011
	 $\beta_{E}$: 0.000296 <-> 0.149981
	 $N$: 16286714.763527 <-> 105823833.068780
	 $\mu$: 0.006290 <-> 0.024135
	 $\gamma$: 0.257707 <-> 0.999345
	 $t_{c}$: 6.861974 <-> 29.998841
	 RF_{0}: 0.982281 <-> 0.997529
	 $E_{0}$: 0.028361 <-> 0.145872

Estimated parameters (av +/- std):

	 $\beta_{I}$: 0.514953 +/- 0.250315
	 $\beta_{E}$: 0.045519 +/- 0.022941
	 $N$: 55646039.487107 +/- 24394607.805382
	 $\mu$: 0.022540 +/- 0.003647
	 $\gamma$: 0.978105 +/- 0.164767
	 $t_{c}$: 26.968299 +/- 5.271174
	 RF_{0}: 0.993699 +/- 0.002360
	 $E_{0}$: 0.122774 +/- 0.024327

Posterior distribution on file posterior_'param'.png

RMSD: 0.015794
Weighted RMSD: 0.015794
RMSD for validation data: 0.093174
RMSD for total data: 0.449353
AIC: 16.031587
AIC for validation data: 16.186348
AIC for total data: 16.898705

#####################################################################

Total time on ABC: 8.029 s
Number of trials: 309345

Fit on file model_fit.png