2021-11-14_23-03-08

Data Source: Número de casos confirmados de COVID-19 no Brasil (on GitHub)
https://raw.githubusercontent.com/wcota/covid19br/master/cases-brazil-cities-time.csv

Rejection ABC fitting of epidemic curves

Model: SEIRD
Parameters: $\beta_{I}$, $\beta_{E}$, $N$, $\mu$, $\gamma$, $t_{c}$, RF_{0}, $E_{0}$
#####################################################################

Number of Samples: 960
Number of Posteriors: 3
RMSD Weights: [1,1]
Training window size: 25
Validation window size: 10

#####################################################################

Posterior No. 2
Execution Time: 0.100 s
Tolerance: eps = 2.186892

Priors' Ranges:

	 $\beta_{I}$: 0.000437 <-> 0.996450
	 $\beta_{E}$: 0.000764 <-> 0.998457
	 $N$: 332499.649629 <-> 66176484.871720
	 $\mu$: 0.000267 <-> 0.992199
	 $\gamma$: 0.036621 <-> 0.999216
	 $t_{c}$: 0.095588 <-> 29.943843
	 RF_{0}: 0.005125 <-> 0.999898
	 $E_{0}$: 0.000025 <-> 1.952889

Estimated parameters (av +/- std):

	 $\beta_{I}$: 0.434032 +/- 0.257594
	 $\beta_{E}$: 0.064397 +/- 0.204515
	 $N$: 36123603.691754 +/- 19942180.584700
	 $\mu$: 0.073965 +/- 0.232678
	 $\gamma$: 0.839362 +/- 0.219861
	 $t_{c}$: 20.704856 +/- 8.068661
	 RF_{0}: 0.913611 +/- 0.252253
	 $E_{0}$: 0.472275 +/- 0.488247

Posterior distribution on file posterior_'param'.png

RMSD: 0.099233
Weighted RMSD: 0.099233
RMSD for validation data: 0.677063
RMSD for total data: 0.390344
AIC: 16.198466
AIC for validation data: 17.354126
AIC for total data: 16.780688

#####################################################################

Total time on ABC: 0.251 s
Number of trials: 15990

Fit on file model_fit.png