2021-11-14_05-08-12

Data Source: Número de casos confirmados de COVID-19 no Brasil (on GitHub)
https://raw.githubusercontent.com/wcota/covid19br/master/cases-brazil-cities-time.csv

Rejection ABC fitting of epidemic curves

Model: SEIRD
Parameters: $\beta_{I}$, $\beta_{E}$, $N$, $\mu$, $\gamma$, $t_{c}$, RF_{0}, $E_{0}$
#####################################################################

Number of Samples: 960
Number of Posteriors: 3
RMSD Weights: [1,1]
Training window size: 20
Validation window size: 10

#####################################################################

Posterior No. 2
Execution Time: 0.045 s
Tolerance: eps = 1.916642

Priors' Ranges:

	 $\beta_{I}$: 0.000231 <-> 0.999185
	 $\beta_{E}$: 0.000763 <-> 0.477504
	 $N$: 190926.810234 <-> 25293317.714688
	 $\mu$: 0.000595 <-> 0.996749
	 $\gamma$: 0.009083 <-> 0.999025
	 $t_{c}$: 0.060173 <-> 29.996502
	 RF_{0}: 0.002741 <-> 0.997715
	 $E_{0}$: 0.001398 <-> 1.981309

Estimated parameters (av +/- std):

	 $\beta_{I}$: 0.528692 +/- 0.257413
	 $\beta_{E}$: 0.099289 +/- 0.067098
	 $N$: 13854252.395700 +/- 6678279.522386
	 $\mu$: 0.033921 +/- 0.258875
	 $\gamma$: 0.869167 +/- 0.228558
	 $t_{c}$: 24.443198 +/- 7.578886
	 RF_{0}: 0.508863 +/- 0.242415
	 $E_{0}$: 0.845619 +/- 0.478377

Posterior distribution on file posterior_'param'.png

RMSD: 0.086348
Weighted RMSD: 0.086348
RMSD for validation data: 0.156363
RMSD for total data: 25.322306
AIC: 16.172695
AIC for validation data: 16.312726
AIC for total data: 66.644612

#####################################################################

Total time on ABC: 0.177 s
Number of trials: 6979

Fit on file model_fit.png