2021-11-14_08-20-25

Data Source: Número de casos confirmados de COVID-19 no Brasil (on GitHub)
https://raw.githubusercontent.com/wcota/covid19br/master/cases-brazil-cities-time.csv

Rejection ABC fitting of epidemic curves

Model: SEIRD
Parameters: $\beta_{I}$, $\beta_{E}$, $N$, $\mu$, $\gamma$, $t_{c}$, RF_{0}, $E_{0}$
#####################################################################

Number of Samples: 960
Number of Posteriors: 3
RMSD Weights: [1,1]
Training window size: 50
Validation window size: 10

#####################################################################

Posterior No. 3
Execution Time: 46.169 s
Tolerance: eps = 0.012375

Priors' Ranges:

	 $\beta_{I}$: 0.000244 <-> 0.991521
	 $\beta_{E}$: 0.000009 <-> 0.150281
	 $N$: 6773817.742582 <-> 41923435.746767
	 $\mu$: 0.006566 <-> 0.025031
	 $\gamma$: 0.267778 <-> 0.998599
	 $t_{c}$: 8.569954 <-> 29.971597
	 RF_{0}: 0.963261 <-> 0.995704
	 $E_{0}$: 0.072195 <-> 0.260837

Estimated parameters (av +/- std):

	 $\beta_{I}$: 0.583448 +/- 0.237524
	 $\beta_{E}$: 0.011714 +/- 0.020637
	 $N$: 18494173.911574 +/- 9727972.015375
	 $\mu$: 0.019972 +/- 0.003816
	 $\gamma$: 0.819101 +/- 0.153139
	 $t_{c}$: 25.727906 +/- 4.824955
	 RF_{0}: 0.985094 +/- 0.004735
	 $E_{0}$: 0.210357 +/- 0.040607

Posterior distribution on file posterior_'param'.png

RMSD: 0.009800
Weighted RMSD: 0.009800
RMSD for validation data: 0.179472
RMSD for total data: 0.449499
AIC: 16.019601
AIC for validation data: 16.358945
AIC for total data: 16.898998

#####################################################################

Total time on ABC: 98.054 s
Number of trials: 2067685

Fit on file model_fit.png