2022-03-08_16-07-57

Data Source: Número de casos confirmados de COVID-19 no Brasil (on GitHub)
https://raw.githubusercontent.com/wcota/covid19br/master/cases-brazil-cities-time.csv

Rejection ABC fitting of epidemic curves

Model: SEIRD
Parameters: $\beta_{I}$, $\beta_{E}$, $N$, $\mu$, $\gamma$, $t_{c}$, RF_{0}, $E_{0}$
#####################################################################

Number of Samples: 960
Number of Posteriors: 3
RMSD Weights: [1,1]
Training window size: 30
Validation window size: 10

#####################################################################

Posterior No. 2
Execution Time: 0.968 s
Tolerance: eps = 0.027162

Priors' Ranges:

	 $\beta_{I}$: 0.000958 <-> 0.999190
	 $\beta_{E}$: 0.001753 <-> 0.193750
	 $N$: 2162545.516128 <-> 105793085.944877
	 $\mu$: 0.014571 <-> 0.077686
	 $\gamma$: 0.156768 <-> 0.999580
	 $t_{c}$: 4.368338 <-> 29.175068
	 RF_{0}: 0.349297 <-> 0.995053
	 $E_{0}$: 0.188842 <-> 1.998420

Estimated parameters (av +/- std):

	 $\beta_{I}$: 0.972800 +/- 0.268862
	 $\beta_{E}$: 0.043011 +/- 0.025424
	 $N$: 2858048.559949 +/- 27471582.754729
	 $\mu$: 0.037795 +/- 0.011816
	 $\gamma$: 0.535539 +/- 0.174220
	 $t_{c}$: 25.088092 +/- 4.918159
	 RF_{0}: 0.650084 +/- 0.129035
	 $E_{0}$: 1.694653 +/- 0.390104

Posterior distribution on file posterior_'param'.png

RMSD: 0.013619
Weighted RMSD: 0.013619
RMSD for validation data: 0.176618
RMSD for total data: 0.275029
AIC: 16.027239
AIC for validation data: 16.353236
AIC for total data: 16.550057

#####################################################################

Total time on ABC: 1.667 s
Number of trials: 84349

Fit on file model_fit.png