2021-11-14_04-49-43

Data Source: Número de casos confirmados de COVID-19 no Brasil (on GitHub)
https://raw.githubusercontent.com/wcota/covid19br/master/cases-brazil-cities-time.csv

Rejection ABC fitting of epidemic curves

Model: SEIRD
Parameters: $\beta_{I}$, $\beta_{E}$, $N$, $\mu$, $\gamma$, $t_{c}$, RF_{0}, $E_{0}$
#####################################################################

Number of Samples: 960
Number of Posteriors: 3
RMSD Weights: [1,1]
Training window size: 40
Validation window size: 10

#####################################################################

Posterior No. 2
Execution Time: 28.786 s
Tolerance: eps = 0.014170

Priors' Ranges:

	 $\beta_{I}$: 0.000061 <-> 0.657367
	 $\beta_{E}$: 0.000028 <-> 0.089246
	 $N$: 204287.238019 <-> 16694767.901911
	 $\mu$: 0.023167 <-> 0.116516
	 $\gamma$: 0.231866 <-> 0.999815
	 $t_{c}$: 4.372866 <-> 20.056421
	 RF_{0}: 0.918169 <-> 0.999994
	 $E_{0}$: 0.111191 <-> 0.494516

Estimated parameters (av +/- std):

	 $\beta_{I}$: 0.144063 +/- 0.125704
	 $\beta_{E}$: 0.029087 +/- 0.015425
	 $N$: 5677332.208450 +/- 4791143.324164
	 $\mu$: 0.108882 +/- 0.016877
	 $\gamma$: 0.965131 +/- 0.142775
	 $t_{c}$: 11.184944 +/- 3.223467
	 RF_{0}: 0.989900 +/- 0.009400
	 $E_{0}$: 0.280389 +/- 0.078670

Posterior distribution on file posterior_'param'.png

RMSD: 0.011430
Weighted RMSD: 0.011430
RMSD for validation data: 0.219870
RMSD for total data: 0.415607
AIC: 16.022859
AIC for validation data: 16.439739
AIC for total data: 16.831215

#####################################################################

Total time on ABC: 42.080 s
Number of trials: 1836922

Fit on file model_fit.png