2021-11-14_06-19-53

Data Source: Número de casos confirmados de COVID-19 no Brasil (on GitHub)
https://raw.githubusercontent.com/wcota/covid19br/master/cases-brazil-cities-time.csv

Rejection ABC fitting of epidemic curves

Model: SEIRD
Parameters: $\beta_{I}$, $\beta_{E}$, $N$, $\mu$, $\gamma$, $t_{c}$, RF_{0}, $E_{0}$
#####################################################################

Number of Samples: 960
Number of Posteriors: 3
RMSD Weights: [1,1]
Training window size: 40
Validation window size: 10

#####################################################################

Posterior No. 3
Execution Time: 0.180 s
Tolerance: eps = 96.794016

Priors' Ranges:

	 $\beta_{I}$: 0.000306 <-> 0.999391
	 $\beta_{E}$: 0.000126 <-> 0.998059
	 $N$: 85237.837961 <-> 16545669.188790
	 $\mu$: 0.000021 <-> 0.962670
	 $\gamma$: 0.001365 <-> 0.999791
	 $t_{c}$: 0.071089 <-> 29.987247
	 RF_{0}: 0.002255 <-> 0.999201
	 $E_{0}$: 0.002359 <-> 1.991900

Estimated parameters (av +/- std):

	 $\beta_{I}$: 0.931346 +/- 0.269513
	 $\beta_{E}$: 0.339552 +/- 0.264912
	 $N$: 314357.738422 +/- 4479802.147850
	 $\mu$: 0.001641 +/- 0.151304
	 $\gamma$: 0.949212 +/- 0.202217
	 $t_{c}$: 28.132756 +/- 8.520696
	 RF_{0}: 0.616535 +/- 0.264469
	 $E_{0}$: 1.049375 +/- 0.536222

Posterior distribution on file posterior_'param'.png

RMSD: 0.577412
Weighted RMSD: 0.577412
RMSD for validation data: 0.416934
RMSD for total data: 0.384072
AIC: 17.154824
AIC for validation data: 16.833869
AIC for total data: 16.768144

#####################################################################

Total time on ABC: 0.565 s
Number of trials: 23810

Fit on file model_fit.png