2021-11-14_20-32-41

Data Source: Número de casos confirmados de COVID-19 no Brasil (on GitHub)
https://raw.githubusercontent.com/wcota/covid19br/master/cases-brazil-cities-time.csv

Rejection ABC fitting of epidemic curves

Model: SEIRD
Parameters: $\beta_{I}$, $\beta_{E}$, $N$, $\mu$, $\gamma$, $t_{c}$, RF_{0}, $E_{0}$
#####################################################################

Number of Samples: 960
Number of Posteriors: 3
RMSD Weights: [1,1]
Training window size: 35
Validation window size: 10

#####################################################################

Posterior No. 3
Execution Time: 0.092 s
Tolerance: eps = 0.375137

Priors' Ranges:

	 $\beta_{I}$: 0.000063 <-> 0.989591
	 $\beta_{E}$: 0.000018 <-> 0.663635
	 $N$: 83428.018342 <-> 13533689.176962
	 $\mu$: 0.001582 <-> 0.997402
	 $\gamma$: 0.024934 <-> 0.999095
	 $t_{c}$: 0.053198 <-> 29.934118
	 RF_{0}: 0.002385 <-> 0.998806
	 $E_{0}$: 0.001749 <-> 1.995370

Estimated parameters (av +/- std):

	 $\beta_{I}$: 0.174339 +/- 0.244558
	 $\beta_{E}$: 0.028494 +/- 0.062136
	 $N$: 4010118.181334 +/- 3869396.182733
	 $\mu$: 0.095848 +/- 0.222715
	 $\gamma$: 0.380478 +/- 0.212104
	 $t_{c}$: 15.885680 +/- 8.131008
	 RF_{0}: 0.871442 +/- 0.247545
	 $E_{0}$: 1.439135 +/- 0.465053

Posterior distribution on file posterior_'param'.png

RMSD: 0.040020
Weighted RMSD: 0.040020
RMSD for validation data: 0.830934
RMSD for total data: 0.498554
AIC: 16.080040
AIC for validation data: 17.661868
AIC for total data: 16.997108

#####################################################################

Total time on ABC: 0.409 s
Number of trials: 10457

Fit on file model_fit.png