2021-11-14_05-14-13

Data Source: Número de casos confirmados de COVID-19 no Brasil (on GitHub)
https://raw.githubusercontent.com/wcota/covid19br/master/cases-brazil-cities-time.csv

Rejection ABC fitting of epidemic curves

Model: SEIRD
Parameters: $\beta_{I}$, $\beta_{E}$, $N$, $\mu$, $\gamma$, $t_{c}$, RF_{0}, $E_{0}$
#####################################################################

Number of Samples: 960
Number of Posteriors: 3
RMSD Weights: [1,1]
Training window size: 45
Validation window size: 10

#####################################################################

Posterior No. 3
Execution Time: 0.115 s
Tolerance: eps = 0.247896

Priors' Ranges:

	 $\beta_{I}$: 0.000098 <-> 0.263281
	 $\beta_{E}$: 0.000201 <-> 0.503758
	 $N$: 107840.948491 <-> 16724222.679975
	 $\mu$: 0.001061 <-> 0.013344
	 $\gamma$: 0.000376 <-> 0.266075
	 $t_{c}$: 0.036203 <-> 10.626059
	 RF_{0}: 0.006288 <-> 0.999612
	 $E_{0}$: 0.018753 <-> 1.658244

Estimated parameters (av +/- std):

	 $\beta_{I}$: 0.026482 +/- 0.029363
	 $\beta_{E}$: 0.356968 +/- 0.086032
	 $N$: 7982980.348852 +/- 4568396.412637
	 $\mu$: 0.004906 +/- 0.002386
	 $\gamma$: 0.066203 +/- 0.059250
	 $t_{c}$: 1.274235 +/- 1.852467
	 RF_{0}: 0.583752 +/- 0.220367
	 $E_{0}$: 0.194563 +/- 0.225648

Posterior distribution on file posterior_'param'.png

RMSD: 0.043660
Weighted RMSD: 0.043660
RMSD for validation data: 0.971214
RMSD for total data: 0.415607
AIC: 16.087320
AIC for validation data: 17.942428
AIC for total data: 16.831213

#####################################################################

Total time on ABC: 0.878 s
Number of trials: 6370

Fit on file model_fit.png