2021-11-14_23-05-32

Data Source: Número de casos confirmados de COVID-19 no Brasil (on GitHub)
https://raw.githubusercontent.com/wcota/covid19br/master/cases-brazil-cities-time.csv

Rejection ABC fitting of epidemic curves

Model: SEIRD
Parameters: $\beta_{I}$, $\beta_{E}$, $N$, $\mu$, $\gamma$, $t_{c}$, RF_{0}, $E_{0}$
#####################################################################

Number of Samples: 960
Number of Posteriors: 3
RMSD Weights: [1,1]
Training window size: 10
Validation window size: 10

#####################################################################

Posterior No. 3
Execution Time: 0.054 s
Tolerance: eps = 14.981615

Priors' Ranges:

	 $\beta_{I}$: 0.000610 <-> 0.997424
	 $\beta_{E}$: 0.000448 <-> 0.999240
	 $N$: 341717.398223 <-> 66034777.619050
	 $\mu$: 0.000007 <-> 0.639652
	 $\gamma$: 0.003409 <-> 0.998921
	 $t_{c}$: 0.255367 <-> 29.992715
	 RF_{0}: 0.002315 <-> 0.999684
	 $E_{0}$: 0.001144 <-> 1.999222

Estimated parameters (av +/- std):

	 $\beta_{I}$: 0.804177 +/- 0.265998
	 $\beta_{E}$: 0.136203 +/- 0.270033
	 $N$: 3419793.744453 +/- 17631061.242124
	 $\mu$: 0.001935 +/- 0.084801
	 $\gamma$: 0.571437 +/- 0.224307
	 $t_{c}$: 28.653446 +/- 7.198217
	 RF_{0}: 0.820999 +/- 0.242564
	 $E_{0}$: 1.048151 +/- 0.535729

Posterior distribution on file posterior_'param'.png

RMSD: 0.228395
Weighted RMSD: 0.228395
RMSD for validation data: 0.827998
RMSD for total data: 0.444114
AIC: 16.456790
AIC for validation data: 17.655995
AIC for total data: 16.888228

#####################################################################

Total time on ABC: 0.180 s
Number of trials: 13423

Fit on file model_fit.png