2021-11-14_06-19-53

Data Source: Número de casos confirmados de COVID-19 no Brasil (on GitHub)
https://raw.githubusercontent.com/wcota/covid19br/master/cases-brazil-cities-time.csv

Rejection ABC fitting of epidemic curves

Model: SEIRD
Parameters: $\beta_{I}$, $\beta_{E}$, $N$, $\mu$, $\gamma$, $t_{c}$, RF_{0}, $E_{0}$
#####################################################################

Number of Samples: 960
Number of Posteriors: 3
RMSD Weights: [1,1]
Training window size: 20
Validation window size: 10

#####################################################################

Posterior No. 2
Execution Time: 0.082 s
Tolerance: eps = 189.296308

Priors' Ranges:

	 $\beta_{I}$: 0.001122 <-> 0.999445
	 $\beta_{E}$: 0.000916 <-> 0.986899
	 $N$: 85333.284221 <-> 16756750.707714
	 $\mu$: 0.000070 <-> 0.996763
	 $\gamma$: 0.007810 <-> 0.999329
	 $t_{c}$: 0.100602 <-> 29.998924
	 RF_{0}: 0.001015 <-> 0.998426
	 $E_{0}$: 0.000585 <-> 1.992851

Estimated parameters (av +/- std):

	 $\beta_{I}$: 0.292934 +/- 0.266382
	 $\beta_{E}$: 0.037530 +/- 0.212731
	 $N$: 11936353.343938 +/- 4775415.984516
	 $\mu$: 0.213653 +/- 0.199127
	 $\gamma$: 0.769000 +/- 0.221502
	 $t_{c}$: 14.699946 +/- 7.591876
	 RF_{0}: 0.990598 +/- 0.262556
	 $E_{0}$: 0.005211 +/- 0.501277

Posterior distribution on file posterior_'param'.png

RMSD: 2.548749
Weighted RMSD: 2.548749
RMSD for validation data: 9.079163
RMSD for total data: 0.415608
AIC: 21.097499
AIC for validation data: 34.158325
AIC for total data: 16.831215

#####################################################################

Total time on ABC: 0.207 s
Number of trials: 15087

Fit on file model_fit.png