2021-11-14_05-14-13

Data Source: Número de casos confirmados de COVID-19 no Brasil (on GitHub)
https://raw.githubusercontent.com/wcota/covid19br/master/cases-brazil-cities-time.csv

Rejection ABC fitting of epidemic curves

Model: SEIRD
Parameters: $\beta_{I}$, $\beta_{E}$, $N$, $\mu$, $\gamma$, $t_{c}$, RF_{0}, $E_{0}$
#####################################################################

Number of Samples: 48
Number of Posteriors: 3
RMSD Weights: [1,1]
Training window size: 30
Validation window size: 10

#####################################################################

Posterior No. 1
Execution Time: 0.105 s
Tolerance: eps = 0.242470

Priors' Ranges:

	 $\beta_{I}$: 0.000000 <-> 1.000000
	 $\beta_{E}$: 0.000000 <-> 1.000000
	 $N$: 83783.945000 <-> 16756789.000000
	 $\mu$: 0.000000 <-> 1.000000
	 $\gamma$: 0.000000 <-> 1.000000
	 $t_{c}$: 0.000000 <-> 30.000000
	 RF_{0}: 0.000000 <-> 1.000000
	 $E_{0}$: 0.000000 <-> 2.000000

Estimated parameters (av +/- std):

	 $\beta_{I}$: 0.680276 +/- 0.219510
	 $\beta_{E}$: 0.234829 +/- 0.082506
	 $N$: 215626.524349 +/- 5097368.369753
	 $\mu$: 0.011276 +/- 0.003019
	 $\gamma$: 0.550390 +/- 0.228531
	 $t_{c}$: 5.808764 +/- 6.332443
	 RF_{0}: 0.614711 +/- 0.255147
	 $E_{0}$: 1.111104 +/- 0.472351

Posterior distribution on file posterior_'param'.png

RMSD: 0.065805
Weighted RMSD: 0.065805
RMSD for validation data: 0.779278
RMSD for total data: 0.381482
AIC: 16.131610
AIC for validation data: 17.558557
AIC for total data: 16.762965

#####################################################################

Total time on ABC: 0.105 s
Number of trials: 9187

Fit on file model_fit.png