2021-11-14_21-02-25

Data Source: Número de casos confirmados de COVID-19 no Brasil (on GitHub)
https://raw.githubusercontent.com/wcota/covid19br/master/cases-brazil-cities-time.csv

Rejection ABC fitting of epidemic curves

Model: SEIRD
Parameters: $\beta_{I}$, $\beta_{E}$, $N$, $\mu$, $\gamma$, $t_{c}$, RF_{0}, $E_{0}$
#####################################################################

Number of Samples: 48
Number of Posteriors: 3
RMSD Weights: [1,1]
Training window size: 45
Validation window size: 10

#####################################################################

Posterior No. 1
Execution Time: 0.103 s
Tolerance: eps = 0.289282

Priors' Ranges:

	 $\beta_{I}$: 0.000000 <-> 1.000000
	 $\beta_{E}$: 0.000000 <-> 1.000000
	 $N$: 331002.647000 <-> 66200529.400000
	 $\mu$: 0.000000 <-> 1.000000
	 $\gamma$: 0.000000 <-> 1.000000
	 $t_{c}$: 0.000000 <-> 30.000000
	 RF_{0}: 0.000000 <-> 1.000000
	 $E_{0}$: 0.000000 <-> 2.000000

Estimated parameters (av +/- std):

	 $\beta_{I}$: 0.433202 +/- 0.187575
	 $\beta_{E}$: 0.044506 +/- 0.019680
	 $N$: 59060388.498441 +/- 18558641.311330
	 $\mu$: 0.057583 +/- 0.014296
	 $\gamma$: 0.901933 +/- 0.180643
	 $t_{c}$: 8.278853 +/- 6.718815
	 RF_{0}: 0.950543 +/- 0.072135
	 $E_{0}$: 0.298962 +/- 0.333972

Posterior distribution on file posterior_'param'.png

RMSD: 0.021774
Weighted RMSD: 0.021774
RMSD for validation data: 0.366813
RMSD for total data: 0.486715
AIC: 16.043548
AIC for validation data: 16.733627
AIC for total data: 16.973429

#####################################################################

Total time on ABC: 0.103 s
Number of trials: 4855

Fit on file model_fit.png