2021-11-14_06-20-09

Data Source: Número de casos confirmados de COVID-19 no Brasil (on GitHub)
https://raw.githubusercontent.com/wcota/covid19br/master/cases-brazil-cities-time.csv

Rejection ABC fitting of epidemic curves

Model: SEIRD
Parameters: $\beta_{I}$, $\beta_{E}$, $N$, $\mu$, $\gamma$, $t_{c}$, RF_{0}, $E_{0}$
#####################################################################

Number of Samples: 960
Number of Posteriors: 3
RMSD Weights: [1,1]
Training window size: 45
Validation window size: 10

#####################################################################

Posterior No. 3
Execution Time: 0.494 s
Tolerance: eps = 0.055659

Priors' Ranges:

	 $\beta_{I}$: 0.002544 <-> 0.995699
	 $\beta_{E}$: 0.000506 <-> 0.115699
	 $N$: 2492523.310363 <-> 275468320.969562
	 $\mu$: 0.006227 <-> 0.035382
	 $\gamma$: 0.144751 <-> 0.997914
	 $t_{c}$: 4.169609 <-> 29.988887
	 RF_{0}: 0.178248 <-> 0.997987
	 $E_{0}$: 0.038611 <-> 1.994537

Estimated parameters (av +/- std):

	 $\beta_{I}$: 0.011010 +/- 0.257131
	 $\beta_{E}$: 0.068346 +/- 0.022068
	 $N$: 186711193.005878 +/- 72186726.809268
	 $\mu$: 0.012906 +/- 0.005493
	 $\gamma$: 0.389381 +/- 0.182698
	 $t_{c}$: 26.345704 +/- 5.287036
	 RF_{0}: 0.926870 +/- 0.184038
	 $E_{0}$: 1.777993 +/- 0.407888

Posterior distribution on file posterior_'param'.png

RMSD: 0.025076
Weighted RMSD: 0.025076
RMSD for validation data: 0.090601
RMSD for total data: 0.475841
AIC: 16.050153
AIC for validation data: 16.181202
AIC for total data: 16.951681

#####################################################################

Total time on ABC: 0.863 s
Number of trials: 27224

Fit on file model_fit.png