2021-12-01_05-20-35

Data Source: Número de casos confirmados de COVID-19 no Brasil (on GitHub)
https://raw.githubusercontent.com/wcota/covid19br/master/cases-brazil-cities-time.csv

Rejection ABC fitting of epidemic curves

Model: SEIRD
Parameters: $\beta_{I}$, $\beta_{E}$, $N$, $\mu$, $\gamma$, $t_{c}$, RF_{0}, $E_{0}$
#####################################################################

Number of Samples: 48
Number of Posteriors: 3
RMSD Weights: [1,1]
Training window size: 30
Validation window size: 10

#####################################################################

Posterior No. 1
Execution Time: 12.972 s
Tolerance: eps = 8.077388

Priors' Ranges:

	 $\beta_{I}$: 0.000000 <-> 1.000000
	 $\beta_{E}$: 0.000000 <-> 1.000000
	 $N$: 212559.409000 <-> 42511881.800000
	 $\mu$: 0.000000 <-> 1.000000
	 $\gamma$: 0.000000 <-> 1.000000
	 $t_{c}$: 0.000000 <-> 30.000000
	 RF_{0}: 0.000000 <-> 1.000000
	 $E_{0}$: 0.000000 <-> 2.000000

Estimated parameters (av +/- std):

	 $\beta_{I}$: 0.459318 +/- 0.289490
	 $\beta_{E}$: 0.246114 +/- 0.303126
	 $N$: 3300096.588473 +/- 11693817.907911
	 $\mu$: 0.011491 +/- 0.270890
	 $\gamma$: 0.369349 +/- 0.258093
	 $t_{c}$: 5.750776 +/- 8.797780
	 RF_{0}: 0.942446 +/- 0.278108
	 $E_{0}$: 0.122830 +/- 0.587413

Posterior distribution on file posterior_'param'.png

RMSD: 0.034850
Weighted RMSD: 0.034850
RMSD for validation data: 0.585113
RMSD for total data: 0.288991
AIC: 16.069700
AIC for validation data: 17.170226
AIC for total data: 16.577983

#####################################################################

Total time on ABC: 12.972 s
Number of trials: 1003871

Fit on file model_fit.png