2021-11-14_05-14-13

Data Source: Número de casos confirmados de COVID-19 no Brasil (on GitHub)
https://raw.githubusercontent.com/wcota/covid19br/master/cases-brazil-cities-time.csv

Rejection ABC fitting of epidemic curves

Model: SEIRD
Parameters: $\beta_{I}$, $\beta_{E}$, $N$, $\mu$, $\gamma$, $t_{c}$, RF_{0}, $E_{0}$
#####################################################################

Number of Samples: 960
Number of Posteriors: 3
RMSD Weights: [1,1]
Training window size: 50
Validation window size: 10

#####################################################################

Posterior No. 2
Execution Time: 27.526 s
Tolerance: eps = 0.027985

Priors' Ranges:

	 $\beta_{I}$: 0.002209 <-> 0.998956
	 $\beta_{E}$: 0.000159 <-> 0.647458
	 $N$: 2367592.688339 <-> 14747656.351150
	 $\mu$: 0.002612 <-> 0.032786
	 $\gamma$: 0.042001 <-> 0.704326
	 $t_{c}$: 3.628985 <-> 29.999522
	 RF_{0}: 0.886838 <-> 0.999915
	 $E_{0}$: 0.042641 <-> 0.437130

Estimated parameters (av +/- std):

	 $\beta_{I}$: 0.060106 +/- 0.276027
	 $\beta_{E}$: 0.477863 +/- 0.141719
	 $N$: 2527121.332519 +/- 1534267.129718
	 $\mu$: 0.005890 +/- 0.006648
	 $\gamma$: 0.117952 +/- 0.145131
	 $t_{c}$: 28.415675 +/- 5.221965
	 RF_{0}: 0.954573 +/- 0.019410
	 $E_{0}$: 0.258831 +/- 0.071137

Posterior distribution on file posterior_'param'.png

RMSD: 0.014115
Weighted RMSD: 0.014115
RMSD for validation data: 0.157521
RMSD for total data: 0.788880
AIC: 16.028230
AIC for validation data: 16.315042
AIC for total data: 17.577761

#####################################################################

Total time on ABC: 36.977 s
Number of trials: 1338213

Fit on file model_fit.png