2021-11-14_23-03-08

Data Source: Número de casos confirmados de COVID-19 no Brasil (on GitHub)
https://raw.githubusercontent.com/wcota/covid19br/master/cases-brazil-cities-time.csv

Rejection ABC fitting of epidemic curves

Model: SEIRD
Parameters: $\beta_{I}$, $\beta_{E}$, $N$, $\mu$, $\gamma$, $t_{c}$, RF_{0}, $E_{0}$
#####################################################################

Number of Samples: 960
Number of Posteriors: 3
RMSD Weights: [1,1]
Training window size: 15
Validation window size: 10

#####################################################################

Posterior No. 2
Execution Time: 0.073 s
Tolerance: eps = 7.192107

Priors' Ranges:

	 $\beta_{I}$: 0.004731 <-> 0.994950
	 $\beta_{E}$: 0.000084 <-> 0.996154
	 $N$: 336183.080138 <-> 66129573.595300
	 $\mu$: 0.000016 <-> 0.999013
	 $\gamma$: 0.039364 <-> 0.999815
	 $t_{c}$: 0.392465 <-> 29.940074
	 RF_{0}: 0.001274 <-> 0.999770
	 $E_{0}$: 0.000044 <-> 1.999007

Estimated parameters (av +/- std):

	 $\beta_{I}$: 0.095014 +/- 0.260859
	 $\beta_{E}$: 0.034284 +/- 0.231581
	 $N$: 27717145.757364 +/- 19160245.333466
	 $\mu$: 0.040717 +/- 0.193015
	 $\gamma$: 0.986967 +/- 0.221103
	 $t_{c}$: 24.812293 +/- 6.909257
	 RF_{0}: 0.907211 +/- 0.259187
	 $E_{0}$: 0.298492 +/- 0.515779

Posterior distribution on file posterior_'param'.png

RMSD: 0.119654
Weighted RMSD: 0.119654
RMSD for validation data: 0.448216
RMSD for total data: 0.486715
AIC: 16.239308
AIC for validation data: 16.896433
AIC for total data: 16.973429

#####################################################################

Total time on ABC: 0.172 s
Number of trials: 13568

Fit on file model_fit.png