2021-11-14_05-05-40

Data Source: Número de casos confirmados de COVID-19 no Brasil (on GitHub)
https://raw.githubusercontent.com/wcota/covid19br/master/cases-brazil-cities-time.csv

Rejection ABC fitting of epidemic curves

Model: SEIRD
Parameters: $\beta_{I}$, $\beta_{E}$, $N$, $\mu$, $\gamma$, $t_{c}$, RF_{0}, $E_{0}$
#####################################################################

Number of Samples: 960
Number of Posteriors: 3
RMSD Weights: [1,1]
Training window size: 20
Validation window size: 10

#####################################################################

Posterior No. 3
Execution Time: 0.098 s
Tolerance: eps = 26.060847

Priors' Ranges:

	 $\beta_{I}$: 0.001109 <-> 0.999959
	 $\beta_{E}$: 0.000211 <-> 0.993806
	 $N$: 127487.498579 <-> 25178156.574482
	 $\mu$: 0.000029 <-> 0.966390
	 $\gamma$: 0.025177 <-> 0.998913
	 $t_{c}$: 0.130453 <-> 29.975818
	 RF_{0}: 0.001893 <-> 0.999983
	 $E_{0}$: 0.001172 <-> 1.996781

Estimated parameters (av +/- std):

	 $\beta_{I}$: 0.340396 +/- 0.261152
	 $\beta_{E}$: 0.625395 +/- 0.211673
	 $N$: 375247.039930 +/- 7552027.423713
	 $\mu$: 0.002364 +/- 0.209652
	 $\gamma$: 0.794844 +/- 0.214600
	 $t_{c}$: 26.865452 +/- 7.500886
	 RF_{0}: 0.608225 +/- 0.245754
	 $E_{0}$: 0.716547 +/- 0.493580

Posterior distribution on file posterior_'param'.png

RMSD: 0.396062
Weighted RMSD: 0.396062
RMSD for validation data: 1.245529
RMSD for total data: 0.397304
AIC: 16.792124
AIC for validation data: 18.491058
AIC for total data: 16.794608

#####################################################################

Total time on ABC: 0.300 s
Number of trials: 17137

Fit on file model_fit.png