2021-11-14_06-17-32

Data Source: Número de casos confirmados de COVID-19 no Brasil (on GitHub)
https://raw.githubusercontent.com/wcota/covid19br/master/cases-brazil-cities-time.csv

Rejection ABC fitting of epidemic curves

Model: SEIRD
Parameters: $\beta_{I}$, $\beta_{E}$, $N$, $\mu$, $\gamma$, $t_{c}$, RF_{0}, $E_{0}$
#####################################################################

Number of Samples: 960
Number of Posteriors: 3
RMSD Weights: [1,1]
Training window size: 20
Validation window size: 10

#####################################################################

Posterior No. 2
Execution Time: 0.087 s
Tolerance: eps = 63.795504

Priors' Ranges:

	 $\beta_{I}$: 0.001839 <-> 0.996899
	 $\beta_{E}$: 0.000724 <-> 0.994191
	 $N$: 86755.913633 <-> 16737190.297534
	 $\mu$: 0.000109 <-> 0.992097
	 $\gamma$: 0.025406 <-> 0.999497
	 $t_{c}$: 0.047745 <-> 29.995005
	 RF_{0}: 0.000628 <-> 0.999786
	 $E_{0}$: 0.000157 <-> 1.989373

Estimated parameters (av +/- std):

	 $\beta_{I}$: 0.132022 +/- 0.261625
	 $\beta_{E}$: 0.082272 +/- 0.238408
	 $N$: 10033518.699020 +/- 4600798.847232
	 $\mu$: 0.004170 +/- 0.190370
	 $\gamma$: 0.947901 +/- 0.216192
	 $t_{c}$: 11.150145 +/- 7.618663
	 RF_{0}: 0.879233 +/- 0.260523
	 $E_{0}$: 0.089702 +/- 0.527355

Posterior distribution on file posterior_'param'.png

RMSD: 0.224694
Weighted RMSD: 0.224694
RMSD for validation data: 0.722624
RMSD for total data: 0.415606
AIC: 16.449387
AIC for validation data: 17.445249
AIC for total data: 16.831213

#####################################################################

Total time on ABC: 0.216 s
Number of trials: 14684

Fit on file model_fit.png