2021-11-14_20-27-56

Data Source: Número de casos confirmados de COVID-19 no Brasil (on GitHub)
https://raw.githubusercontent.com/wcota/covid19br/master/cases-brazil-cities-time.csv

Rejection ABC fitting of epidemic curves

Model: SEIRD
Parameters: $\beta_{I}$, $\beta_{E}$, $N$, $\mu$, $\gamma$, $t_{c}$, RF_{0}, $E_{0}$
#####################################################################

Number of Samples: 960
Number of Posteriors: 3
RMSD Weights: [1,1]
Training window size: 25
Validation window size: 10

#####################################################################

Posterior No. 2
Execution Time: 0.065 s
Tolerance: eps = 175.467770

Priors' Ranges:

	 $\beta_{I}$: 0.001011 <-> 0.994802
	 $\beta_{E}$: 0.000117 <-> 0.736274
	 $N$: 52480.551947 <-> 10250609.668813
	 $\mu$: 0.000394 <-> 0.998540
	 $\gamma$: 0.020799 <-> 0.997956
	 $t_{c}$: 0.067627 <-> 29.924183
	 RF_{0}: 0.001328 <-> 0.997767
	 $E_{0}$: 0.001110 <-> 1.996815

Estimated parameters (av +/- std):

	 $\beta_{I}$: 0.123408 +/- 0.252419
	 $\beta_{E}$: 0.018377 +/- 0.071762
	 $N$: 8223170.785505 +/- 2804873.345188
	 $\mu$: 0.088787 +/- 0.263386
	 $\gamma$: 0.893211 +/- 0.211453
	 $t_{c}$: 15.240924 +/- 7.994812
	 RF_{0}: 0.953746 +/- 0.255651
	 $E_{0}$: 0.025546 +/- 0.502647

Posterior distribution on file posterior_'param'.png

RMSD: 1.806234
Weighted RMSD: 1.806234
RMSD for validation data: 6.627874
RMSD for total data: 0.433979
AIC: 19.612469
AIC for validation data: 29.255748
AIC for total data: 16.867957

#####################################################################

Total time on ABC: 0.206 s
Number of trials: 8892

Fit on file model_fit.png