2021-11-14_23-03-08

Data Source: Número de casos confirmados de COVID-19 no Brasil (on GitHub)
https://raw.githubusercontent.com/wcota/covid19br/master/cases-brazil-cities-time.csv

Rejection ABC fitting of epidemic curves

Model: SEIRD
Parameters: $\beta_{I}$, $\beta_{E}$, $N$, $\mu$, $\gamma$, $t_{c}$, RF_{0}, $E_{0}$
#####################################################################

Number of Samples: 48
Number of Posteriors: 3
RMSD Weights: [1,1]
Training window size: 15
Validation window size: 10

#####################################################################

Posterior No. 1
Execution Time: 0.084 s
Tolerance: eps = 16.146069

Priors' Ranges:

	 $\beta_{I}$: 0.000000 <-> 1.000000
	 $\beta_{E}$: 0.000000 <-> 1.000000
	 $N$: 331002.647000 <-> 66200529.400000
	 $\mu$: 0.000000 <-> 1.000000
	 $\gamma$: 0.000000 <-> 1.000000
	 $t_{c}$: 0.000000 <-> 30.000000
	 RF_{0}: 0.000000 <-> 1.000000
	 $E_{0}$: 0.000000 <-> 2.000000

Estimated parameters (av +/- std):

	 $\beta_{I}$: 0.198681 +/- 0.279657
	 $\beta_{E}$: 0.209915 +/- 0.280247
	 $N$: 17986608.449152 +/- 18789380.291208
	 $\mu$: 0.001815 +/- 0.229987
	 $\gamma$: 0.782892 +/- 0.269161
	 $t_{c}$: 28.171968 +/- 8.576050
	 RF_{0}: 0.545474 +/- 0.280068
	 $E_{0}$: 0.776303 +/- 0.572794

Posterior distribution on file posterior_'param'.png

RMSD: 0.162322
Weighted RMSD: 0.162322
RMSD for validation data: 1.000485
RMSD for total data: 0.363442
AIC: 16.324644
AIC for validation data: 18.000971
AIC for total data: 16.726885

#####################################################################

Total time on ABC: 0.084 s
Number of trials: 9597

Fit on file model_fit.png