2021-11-14_05-05-40

Data Source: Número de casos confirmados de COVID-19 no Brasil (on GitHub)
https://raw.githubusercontent.com/wcota/covid19br/master/cases-brazil-cities-time.csv

Rejection ABC fitting of epidemic curves

Model: SEIRD
Parameters: $\beta_{I}$, $\beta_{E}$, $N$, $\mu$, $\gamma$, $t_{c}$, RF_{0}, $E_{0}$
#####################################################################

Number of Samples: 48
Number of Posteriors: 3
RMSD Weights: [1,1]
Training window size: 25
Validation window size: 10

#####################################################################

Posterior No. 1
Execution Time: 0.143 s
Tolerance: eps = 220.943953

Priors' Ranges:

	 $\beta_{I}$: 0.000000 <-> 1.000000
	 $\beta_{E}$: 0.000000 <-> 1.000000
	 $N$: 126476.458000 <-> 25295291.600000
	 $\mu$: 0.000000 <-> 1.000000
	 $\gamma$: 0.000000 <-> 1.000000
	 $t_{c}$: 0.000000 <-> 30.000000
	 RF_{0}: 0.000000 <-> 1.000000
	 $E_{0}$: 0.000000 <-> 2.000000

Estimated parameters (av +/- std):

	 $\beta_{I}$: 0.140120 +/- 0.285115
	 $\beta_{E}$: 0.109599 +/- 0.217758
	 $N$: 24706000.037245 +/- 7859982.825438
	 $\mu$: 0.028229 +/- 0.279455
	 $\gamma$: 0.890448 +/- 0.250511
	 $t_{c}$: 10.788661 +/- 8.986730
	 RF_{0}: 0.985769 +/- 0.282486
	 $E_{0}$: 0.025121 +/- 0.557410

Posterior distribution on file posterior_'param'.png

RMSD: 0.388173
Weighted RMSD: 0.388173
RMSD for validation data: 1.383365
RMSD for total data: 0.335822
AIC: 16.776345
AIC for validation data: 18.766730
AIC for total data: 16.671645

#####################################################################

Total time on ABC: 0.143 s
Number of trials: 9675

Fit on file model_fit.png