2021-12-01_00-51-50

Data Source: Número de casos confirmados de COVID-19 no Brasil (on GitHub)
https://raw.githubusercontent.com/wcota/covid19br/master/cases-brazil-cities-time.csv

Rejection ABC fitting of epidemic curves

Model: SEIRD
Parameters: $\beta_{I}$, $\beta_{E}$, $N$, $\mu$, $\gamma$, $t_{c}$, RF_{0}, $E_{0}$
#####################################################################

Number of Samples: 48
Number of Posteriors: 3
RMSD Weights: [1,1]
Training window size: 30
Validation window size: 10

#####################################################################

Posterior No. 1
Execution Time: 13.036 s
Tolerance: eps = 28.111816

Priors' Ranges:

	 $\beta_{I}$: 0.000000 <-> 1.000000
	 $\beta_{E}$: 0.000000 <-> 1.000000
	 $N$: 212559.409000 <-> 42511881.800000
	 $\mu$: 0.000000 <-> 1.000000
	 $\gamma$: 0.000000 <-> 1.000000
	 $t_{c}$: 0.000000 <-> 30.000000
	 RF_{0}: 0.000000 <-> 1.000000
	 $E_{0}$: 0.000000 <-> 2.000000

Estimated parameters (av +/- std):

	 $\beta_{I}$: 0.140628 +/- 0.288764
	 $\beta_{E}$: 0.185639 +/- 0.294006
	 $N$: 8432427.373164 +/- 10767680.241835
	 $\mu$: 0.009542 +/- 0.251246
	 $\gamma$: 0.787545 +/- 0.261608
	 $t_{c}$: 22.216801 +/- 8.572466
	 RF_{0}: 0.965711 +/- 0.274833
	 $E_{0}$: 0.086291 +/- 0.590908

Posterior distribution on file posterior_'param'.png

RMSD: 0.152491
Weighted RMSD: 0.152491
RMSD for validation data: 1.074730
RMSD for total data: 0.212554
AIC: 16.304982
AIC for validation data: 18.149460
AIC for total data: 16.425109

#####################################################################

Total time on ABC: 13.036 s
Number of trials: 1011360

Fit on file model_fit.png