2022-03-08_16-22-08

Data Source: Número de casos confirmados de COVID-19 no Brasil (on GitHub)
https://raw.githubusercontent.com/wcota/covid19br/master/cases-brazil-cities-time.csv

Rejection ABC fitting of epidemic curves

Model: SEIRD
Parameters: $\beta_{I}$, $\beta_{E}$, $N$, $\mu$, $\gamma$, $t_{c}$, RF_{0}, $E_{0}$
#####################################################################

Number of Samples: 48
Number of Posteriors: 3
RMSD Weights: [1,1]
Training window size: 40
Validation window size: 10

#####################################################################

Posterior No. 1
Execution Time: 3.085 s
Tolerance: eps = 0.02

Priors' Ranges:

	 $\beta_{I}$: 0.000000 <-> 1.000000
	 $\beta_{E}$: 0.000000 <-> 1.000000
	 $N$: 2125594.090000 <-> 106279704.500000
	 $\mu$: 0.000000 <-> 1.000000
	 $\gamma$: 0.000000 <-> 1.000000
	 $t_{c}$: 0.000000 <-> 30.000000
	 RF_{0}: 0.000000 <-> 1.000000
	 $E_{0}$: 0.000000 <-> 2.000000

Estimated parameters (av +/- std):

	 $\beta_{I}$: 0.763971 +/- 0.236981
	 $\beta_{E}$: 0.004289 +/- 0.016854
	 $N$: 74812577.620522 +/- 28537992.505704
	 $\mu$: 0.020986 +/- 0.003905
	 $\gamma$: 0.906658 +/- 0.165528
	 $t_{c}$: 21.654785 +/- 5.135449
	 RF_{0}: 0.967544 +/- 0.019672
	 $E_{0}$: 0.509759 +/- 0.123495

Posterior distribution on file posterior_'param'.png

RMSD: 0.009692
Weighted RMSD: 0.009692
RMSD for validation data: 0.057257
RMSD for total data: 0.449499
AIC: 16.019384
AIC for validation data: 16.114514
AIC for total data: 16.898998

#####################################################################

Total time on ABC: 3.085 s
Number of trials: 161140

Fit on file model_fit.png