2021-12-01_05-20-35

Data Source: Número de casos confirmados de COVID-19 no Brasil (on GitHub)
https://raw.githubusercontent.com/wcota/covid19br/master/cases-brazil-cities-time.csv

Rejection ABC fitting of epidemic curves

Model: SEIRD
Parameters: $\beta_{I}$, $\beta_{E}$, $N$, $\mu$, $\gamma$, $t_{c}$, RF_{0}, $E_{0}$
#####################################################################

Number of Samples: 99984
Number of Posteriors: 3
RMSD Weights: [1,1]
Training window size: 10
Validation window size: 10

#####################################################################

Posterior No. 3
Execution Time: 86.422 s
Tolerance: eps = 5.688768

Priors' Ranges:

	 $\beta_{I}$: 0.000010 <-> 0.999986
	 $\beta_{E}$: 0.000007 <-> 0.999996
	 $N$: 213708.642717 <-> 42508996.967879
	 $\mu$: 0.000001 <-> 0.998800
	 $\gamma$: 0.000119 <-> 0.999997
	 $t_{c}$: 0.034157 <-> 29.999299
	 RF_{0}: 0.000075 <-> 0.999997
	 $E_{0}$: 0.000013 <-> 1.999968

Estimated parameters (av +/- std):

	 $\beta_{I}$: 0.164382 +/- 0.268586
	 $\beta_{E}$: 0.925684 +/- 0.264804
	 $N$: 13515492.986332 +/- 9690512.395897
	 $\mu$: 0.021547 +/- 0.133303
	 $\gamma$: 0.397778 +/- 0.233800
	 $t_{c}$: 19.772381 +/- 7.313085
	 RF_{0}: 0.993926 +/- 0.204398
	 $E_{0}$: 0.120037 +/- 0.537199

Posterior distribution on file posterior_'param'.png

RMSD: 0.065791
Weighted RMSD: 0.065791
RMSD for validation data: 0.394590
RMSD for total data: 0.974447
AIC: 16.131582
AIC for validation data: 16.789180
AIC for total data: 17.948894

#####################################################################

Total time on ABC: 175.186 s
Number of trials: 1464932

Fit on file model_fit.png