2021-11-14_20-27-56

Data Source: Número de casos confirmados de COVID-19 no Brasil (on GitHub)
https://raw.githubusercontent.com/wcota/covid19br/master/cases-brazil-cities-time.csv

Rejection ABC fitting of epidemic curves

Model: SEIRD
Parameters: $\beta_{I}$, $\beta_{E}$, $N$, $\mu$, $\gamma$, $t_{c}$, RF_{0}, $E_{0}$
#####################################################################

Number of Samples: 960
Number of Posteriors: 3
RMSD Weights: [1,1]
Training window size: 15
Validation window size: 10

#####################################################################

Posterior No. 3
Execution Time: 0.101 s
Tolerance: eps = 63.735059

Priors' Ranges:

	 $\beta_{I}$: 0.000163 <-> 0.996770
	 $\beta_{E}$: 0.001378 <-> 0.962687
	 $N$: 53316.309071 <-> 10240664.477411
	 $\mu$: 0.000098 <-> 0.924936
	 $\gamma$: 0.020137 <-> 0.999977
	 $t_{c}$: 0.118929 <-> 29.966135
	 RF_{0}: 0.000304 <-> 0.999220
	 $E_{0}$: 0.000759 <-> 1.997056

Estimated parameters (av +/- std):

	 $\beta_{I}$: 0.405548 +/- 0.265451
	 $\beta_{E}$: 0.063158 +/- 0.176358
	 $N$: 5502171.033858 +/- 2964656.510926
	 $\mu$: 0.056414 +/- 0.158975
	 $\gamma$: 0.966953 +/- 0.216471
	 $t_{c}$: 27.008172 +/- 7.396860
	 RF_{0}: 0.941372 +/- 0.248571
	 $E_{0}$: 0.049295 +/- 0.512179

Posterior distribution on file posterior_'param'.png

RMSD: 2.336134
Weighted RMSD: 2.336134
RMSD for validation data: 9.008806
RMSD for total data: 0.433979
AIC: 20.672267
AIC for validation data: 34.017611
AIC for total data: 16.867957

#####################################################################

Total time on ABC: 0.265 s
Number of trials: 13593

Fit on file model_fit.png