2021-12-01_00-51-50

Data Source: Número de casos confirmados de COVID-19 no Brasil (on GitHub)
https://raw.githubusercontent.com/wcota/covid19br/master/cases-brazil-cities-time.csv

Rejection ABC fitting of epidemic curves

Model: SEIRD
Parameters: $\beta_{I}$, $\beta_{E}$, $N$, $\mu$, $\gamma$, $t_{c}$, RF_{0}, $E_{0}$
#####################################################################

Number of Samples: 99984
Number of Posteriors: 3
RMSD Weights: [1,1]
Training window size: 25
Validation window size: 10

#####################################################################

Posterior No. 3
Execution Time: 85.508 s
Tolerance: eps = 2.814062

Priors' Ranges:

	 $\beta_{I}$: 0.000019 <-> 0.999991
	 $\beta_{E}$: 0.000012 <-> 0.999965
	 $N$: 213052.864581 <-> 42487130.112048
	 $\mu$: 0.000001 <-> 0.999794
	 $\gamma$: 0.000115 <-> 0.999979
	 $t_{c}$: 0.037146 <-> 29.999445
	 RF_{0}: 0.000105 <-> 0.999999
	 $E_{0}$: 0.000027 <-> 1.999937

Estimated parameters (av +/- std):

	 $\beta_{I}$: 0.640781 +/- 0.267612
	 $\beta_{E}$: 0.618103 +/- 0.265854
	 $N$: 13949865.382199 +/- 6806416.182308
	 $\mu$: 0.022326 +/- 0.159304
	 $\gamma$: 0.559629 +/- 0.225112
	 $t_{c}$: 23.954514 +/- 7.679953
	 RF_{0}: 0.996530 +/- 0.214358
	 $E_{0}$: 0.113376 +/- 0.543496

Posterior distribution on file posterior_'param'.png

RMSD: 0.068301
Weighted RMSD: 0.068301
RMSD for validation data: 0.610813
RMSD for total data: 0.759922
AIC: 16.136601
AIC for validation data: 17.221626
AIC for total data: 17.519844

#####################################################################

Total time on ABC: 179.976 s
Number of trials: 1387151

Fit on file model_fit.png