2021-11-14_04-49-43

Data Source: Número de casos confirmados de COVID-19 no Brasil (on GitHub)
https://raw.githubusercontent.com/wcota/covid19br/master/cases-brazil-cities-time.csv

Rejection ABC fitting of epidemic curves

Model: SEIRD
Parameters: $\beta_{I}$, $\beta_{E}$, $N$, $\mu$, $\gamma$, $t_{c}$, RF_{0}, $E_{0}$
#####################################################################

Number of Samples: 960
Number of Posteriors: 3
RMSD Weights: [1,1]
Training window size: 25
Validation window size: 10

#####################################################################

Posterior No. 3
Execution Time: 0.867 s
Tolerance: eps = 0.037681

Priors' Ranges:

	 $\beta_{I}$: 0.000692 <-> 0.958835
	 $\beta_{E}$: 0.000044 <-> 0.116726
	 $N$: 158437.613959 <-> 16649361.116706
	 $\mu$: 0.003358 <-> 0.023413
	 $\gamma$: 0.207190 <-> 0.999259
	 $t_{c}$: 4.836876 <-> 29.995156
	 RF_{0}: 0.955056 <-> 0.998845
	 $E_{0}$: 0.010043 <-> 0.109768

Estimated parameters (av +/- std):

	 $\beta_{I}$: 0.051918 +/- 0.160438
	 $\beta_{E}$: 0.010673 +/- 0.018142
	 $N$: 7857493.139211 +/- 4699966.542699
	 $\mu$: 0.008785 +/- 0.003628
	 $\gamma$: 0.490117 +/- 0.168063
	 $t_{c}$: 23.010667 +/- 6.066760
	 RF_{0}: 0.982402 +/- 0.005657
	 $E_{0}$: 0.083031 +/- 0.020644

Posterior distribution on file posterior_'param'.png

RMSD: 0.019413
Weighted RMSD: 0.019413
RMSD for validation data: 0.165682
RMSD for total data: 0.415608
AIC: 16.038825
AIC for validation data: 16.331363
AIC for total data: 16.831215

#####################################################################

Total time on ABC: 2.256 s
Number of trials: 84501

Fit on file model_fit.png