2021-11-29_22-05-24

Data Source: Número de casos confirmados de COVID-19 no Brasil (on GitHub)
https://raw.githubusercontent.com/wcota/covid19br/master/cases-brazil-cities-time.csv

Rejection ABC fitting of epidemic curves

Model: SEIRD
Parameters: $\beta_{I}$, $\beta_{E}$, $N$, $\mu$, $\gamma$, $t_{c}$, RF_{0}, $E_{0}$
#####################################################################

Number of Samples: 48
Number of Posteriors: 3
RMSD Weights: [1,1]
Training window size: 30
Validation window size: 10

#####################################################################

Posterior No. 1
Execution Time: 1.665 s
Tolerance: eps = 20.331363

Priors' Ranges:

	 $\beta_{I}$: 0.000000 <-> 1.000000
	 $\beta_{E}$: 0.000000 <-> 1.000000
	 $N$: 212559.409000 <-> 42511881.800000
	 $\mu$: 0.000000 <-> 1.000000
	 $\gamma$: 0.000000 <-> 1.000000
	 $t_{c}$: 0.000000 <-> 30.000000
	 RF_{0}: 0.000000 <-> 1.000000
	 $E_{0}$: 0.000000 <-> 2.000000

Estimated parameters (av +/- std):

	 $\beta_{I}$: 0.943849 +/- 0.289315
	 $\beta_{E}$: 0.497676 +/- 0.292556
	 $N$: 8476887.882960 +/- 10591288.625116
	 $\mu$: 0.004900 +/- 0.249512
	 $\gamma$: 0.898713 +/- 0.259847
	 $t_{c}$: 26.264030 +/- 8.567801
	 RF_{0}: 0.805119 +/- 0.274050
	 $E_{0}$: 0.263217 +/- 0.591230

Posterior distribution on file posterior_'param'.png

RMSD: 0.132287
Weighted RMSD: 0.132287
RMSD for validation data: 1.093278
RMSD for total data: 0.322871
AIC: 16.264574
AIC for validation data: 18.186556
AIC for total data: 16.645742

#####################################################################

Total time on ABC: 1.665 s
Number of trials: 99486

Fit on file model_fit.png