2021-11-14_10-31-06

Data Source: Número de casos confirmados de COVID-19 no Brasil (on GitHub)
https://raw.githubusercontent.com/wcota/covid19br/master/cases-brazil-cities-time.csv

Rejection ABC fitting of epidemic curves

Model: SEIRD
Parameters: $\beta_{I}$, $\beta_{E}$, $N$, $\mu$, $\gamma$, $t_{c}$, RF_{0}, $E_{0}$
#####################################################################

Number of Samples: 48
Number of Posteriors: 3
RMSD Weights: [1,1]
Training window size: 45
Validation window size: 10

#####################################################################

Posterior No. 1
Execution Time: 0.284 s
Tolerance: eps = 1.078039

Priors' Ranges:

	 $\beta_{I}$: 0.000000 <-> 1.000000
	 $\beta_{E}$: 0.000000 <-> 1.000000
	 $N$: 212559.409000 <-> 42511881.800000
	 $\mu$: 0.000000 <-> 1.000000
	 $\gamma$: 0.000000 <-> 1.000000
	 $t_{c}$: 0.000000 <-> 30.000000
	 RF_{0}: 0.000000 <-> 1.000000
	 $E_{0}$: 0.000000 <-> 2.000000

Estimated parameters (av +/- std):

	 $\beta_{I}$: 0.509850 +/- 0.277950
	 $\beta_{E}$: 0.058127 +/- 0.192745
	 $N$: 30659038.625777 +/- 12597899.013178
	 $\mu$: 0.042177 +/- 0.307813
	 $\gamma$: 0.541315 +/- 0.252090
	 $t_{c}$: 13.537507 +/- 9.449856
	 RF_{0}: 0.673639 +/- 0.291312
	 $E_{0}$: 1.271941 +/- 0.555321

Posterior distribution on file posterior_'param'.png

RMSD: 0.041042
Weighted RMSD: 0.041042
RMSD for validation data: 0.876745
RMSD for total data: 0.507172
AIC: 16.082084
AIC for validation data: 17.753491
AIC for total data: 17.014344

#####################################################################

Total time on ABC: 0.284 s
Number of trials: 10513

Fit on file model_fit.png