2021-11-14_23-03-08

Data Source: Número de casos confirmados de COVID-19 no Brasil (on GitHub)
https://raw.githubusercontent.com/wcota/covid19br/master/cases-brazil-cities-time.csv

Rejection ABC fitting of epidemic curves

Model: SEIRD
Parameters: $\beta_{I}$, $\beta_{E}$, $N$, $\mu$, $\gamma$, $t_{c}$, RF_{0}, $E_{0}$
#####################################################################

Number of Samples: 960
Number of Posteriors: 3
RMSD Weights: [1,1]
Training window size: 15
Validation window size: 10

#####################################################################

Posterior No. 2
Execution Time: 0.069 s
Tolerance: eps = 8.231288

Priors' Ranges:

	 $\beta_{I}$: 0.002963 <-> 0.996758
	 $\beta_{E}$: 0.004492 <-> 0.998428
	 $N$: 402752.993335 <-> 65379161.444955
	 $\mu$: 0.000024 <-> 0.963349
	 $\gamma$: 0.010020 <-> 0.999697
	 $t_{c}$: 0.275002 <-> 29.997974
	 RF_{0}: 0.017133 <-> 0.999276
	 $E_{0}$: 0.000062 <-> 1.998135

Estimated parameters (av +/- std):

	 $\beta_{I}$: 0.113236 +/- 0.266833
	 $\beta_{E}$: 0.144692 +/- 0.273610
	 $N$: 19652696.636500 +/- 15869242.105657
	 $\mu$: 0.005178 +/- 0.176687
	 $\gamma$: 0.694672 +/- 0.232571
	 $t_{c}$: 17.767406 +/- 7.533836
	 RF_{0}: 0.907214 +/- 0.236795
	 $E_{0}$: 0.217673 +/- 0.555966

Posterior distribution on file posterior_'param'.png

RMSD: 0.204736
Weighted RMSD: 0.204736
RMSD for validation data: 1.368011
RMSD for total data: 0.275304
AIC: 16.409472
AIC for validation data: 18.736022
AIC for total data: 16.550608

#####################################################################

Total time on ABC: 0.174 s
Number of trials: 14119

Fit on file model_fit.png