2021-11-14_23-05-32

Data Source: Número de casos confirmados de COVID-19 no Brasil (on GitHub)
https://raw.githubusercontent.com/wcota/covid19br/master/cases-brazil-cities-time.csv

Rejection ABC fitting of epidemic curves

Model: SEIRD
Parameters: $\beta_{I}$, $\beta_{E}$, $N$, $\mu$, $\gamma$, $t_{c}$, RF_{0}, $E_{0}$
#####################################################################

Number of Samples: 960
Number of Posteriors: 3
RMSD Weights: [1,1]
Training window size: 20
Validation window size: 10

#####################################################################

Posterior No. 2
Execution Time: 0.101 s
Tolerance: eps = 14.047467

Priors' Ranges:

	 $\beta_{I}$: 0.000221 <-> 0.996856
	 $\beta_{E}$: 0.000318 <-> 0.998581
	 $N$: 337979.249678 <-> 65779844.323838
	 $\mu$: 0.000030 <-> 0.999473
	 $\gamma$: 0.007356 <-> 0.998221
	 $t_{c}$: 0.060520 <-> 29.987187
	 RF_{0}: 0.003356 <-> 0.997767
	 $E_{0}$: 0.001842 <-> 1.995685

Estimated parameters (av +/- std):

	 $\beta_{I}$: 0.367896 +/- 0.269903
	 $\beta_{E}$: 0.417875 +/- 0.257430
	 $N$: 1742310.452094 +/- 18479964.674503
	 $\mu$: 0.001849 +/- 0.191693
	 $\gamma$: 0.619378 +/- 0.222087
	 $t_{c}$: 19.673889 +/- 7.726628
	 RF_{0}: 0.133906 +/- 0.264143
	 $E_{0}$: 0.689156 +/- 0.537448

Posterior distribution on file posterior_'param'.png

RMSD: 0.307123
Weighted RMSD: 0.307123
RMSD for validation data: 1.532224
RMSD for total data: 0.464736
AIC: 16.614245
AIC for validation data: 19.064449
AIC for total data: 16.929471

#####################################################################

Total time on ABC: 0.210 s
Number of trials: 16240

Fit on file model_fit.png