2021-11-14_07-42-31

Data Source: Número de casos confirmados de COVID-19 no Brasil (on GitHub)
https://raw.githubusercontent.com/wcota/covid19br/master/cases-brazil-cities-time.csv

Rejection ABC fitting of epidemic curves

Model: SEIRD
Parameters: $\beta_{I}$, $\beta_{E}$, $N$, $\mu$, $\gamma$, $t_{c}$, RF_{0}, $E_{0}$
#####################################################################

Number of Samples: 960
Number of Posteriors: 3
RMSD Weights: [1,1]
Training window size: 45
Validation window size: 10

#####################################################################

Posterior No. 3
Execution Time: 0.157 s
Tolerance: eps = 37.656543

Priors' Ranges:

	 $\beta_{I}$: 0.000763 <-> 0.998831
	 $\beta_{E}$: 0.000128 <-> 0.993428
	 $N$: 1383544.192137 <-> 272519682.673330
	 $\mu$: 0.000143 <-> 0.978751
	 $\gamma$: 0.000260 <-> 0.999654
	 $t_{c}$: 0.059731 <-> 29.996944
	 RF_{0}: 0.001598 <-> 0.999843
	 $E_{0}$: 0.002068 <-> 1.986714

Estimated parameters (av +/- std):

	 $\beta_{I}$: 0.725670 +/- 0.266691
	 $\beta_{E}$: 0.676161 +/- 0.280047
	 $N$: 9462614.904068 +/- 49527400.598881
	 $\mu$: 0.000238 +/- 0.189039
	 $\gamma$: 0.353350 +/- 0.229400
	 $t_{c}$: 13.314454 +/- 8.008791
	 RF_{0}: 0.228963 +/- 0.270857
	 $E_{0}$: 0.449417 +/- 0.555809

Posterior distribution on file posterior_'param'.png

RMSD: 0.305281
Weighted RMSD: 0.305281
RMSD for validation data: 5.514641
RMSD for total data: 0.447331
AIC: 16.610563
AIC for validation data: 27.029281
AIC for total data: 16.894661

#####################################################################

Total time on ABC: 0.579 s
Number of trials: 17364

Fit on file model_fit.png