2021-12-01_00-51-50

Data Source: Número de casos confirmados de COVID-19 no Brasil (on GitHub)
https://raw.githubusercontent.com/wcota/covid19br/master/cases-brazil-cities-time.csv

Rejection ABC fitting of epidemic curves

Model: SEIRD
Parameters: $\beta_{I}$, $\beta_{E}$, $N$, $\mu$, $\gamma$, $t_{c}$, RF_{0}, $E_{0}$
#####################################################################

Number of Samples: 99984
Number of Posteriors: 3
RMSD Weights: [1,1]
Training window size: 50
Validation window size: 10

#####################################################################

Posterior No. 2
Execution Time: 82.003 s
Tolerance: eps = 0.322048

Priors' Ranges:

	 $\beta_{I}$: 0.000010 <-> 0.999980
	 $\beta_{E}$: 0.000001 <-> 0.997550
	 $N$: 212575.093513 <-> 42511243.848207
	 $\mu$: 0.000065 <-> 0.999962
	 $\gamma$: 0.000018 <-> 0.999995
	 $t_{c}$: 0.037170 <-> 29.999869
	 RF_{0}: 0.000013 <-> 0.999992
	 $E_{0}$: 0.000027 <-> 1.999964

Estimated parameters (av +/- std):

	 $\beta_{I}$: 0.856641 +/- 0.252221
	 $\beta_{E}$: 0.067358 +/- 0.063535
	 $N$: 24742905.846282 +/- 11388701.105503
	 $\mu$: 0.063920 +/- 0.266783
	 $\gamma$: 0.885601 +/- 0.233917
	 $t_{c}$: 12.446502 +/- 7.961220
	 RF_{0}: 0.201243 +/- 0.264567
	 $E_{0}$: 1.635357 +/- 0.513351

Posterior distribution on file posterior_'param'.png

RMSD: 0.016834
Weighted RMSD: 0.016834
RMSD for validation data: 0.160802
RMSD for total data: 0.737159
AIC: 16.033667
AIC for validation data: 16.321605
AIC for total data: 17.474317

#####################################################################

Total time on ABC: 102.342 s
Number of trials: 1159117

Fit on file model_fit.png