2021-11-14_06-19-53

Data Source: Número de casos confirmados de COVID-19 no Brasil (on GitHub)
https://raw.githubusercontent.com/wcota/covid19br/master/cases-brazil-cities-time.csv

Rejection ABC fitting of epidemic curves

Model: SEIRD
Parameters: $\beta_{I}$, $\beta_{E}$, $N$, $\mu$, $\gamma$, $t_{c}$, RF_{0}, $E_{0}$
#####################################################################

Number of Samples: 960
Number of Posteriors: 3
RMSD Weights: [1,1]
Training window size: 20
Validation window size: 10

#####################################################################

Posterior No. 3
Execution Time: 0.080 s
Tolerance: eps = 65.629797

Priors' Ranges:

	 $\beta_{I}$: 0.001179 <-> 0.998792
	 $\beta_{E}$: 0.000560 <-> 0.987794
	 $N$: 85586.885398 <-> 16726563.447632
	 $\mu$: 0.000154 <-> 0.987849
	 $\gamma$: 0.038668 <-> 0.999999
	 $t_{c}$: 0.084760 <-> 29.985295
	 RF_{0}: 0.004691 <-> 0.999097
	 $E_{0}$: 0.000079 <-> 1.998176

Estimated parameters (av +/- std):

	 $\beta_{I}$: 0.471553 +/- 0.263013
	 $\beta_{E}$: 0.458778 +/- 0.191102
	 $N$: 153021.939299 +/- 4993112.442647
	 $\mu$: 0.002083 +/- 0.195877
	 $\gamma$: 0.778017 +/- 0.207397
	 $t_{c}$: 12.423033 +/- 7.738873
	 RF_{0}: 0.734035 +/- 0.250994
	 $E_{0}$: 1.998176 +/- 0.485516

Posterior distribution on file posterior_'param'.png

RMSD: 1.902631
Weighted RMSD: 1.902631
RMSD for validation data: 3.997768
RMSD for total data: 0.398995
AIC: 19.805262
AIC for validation data: 23.995536
AIC for total data: 16.797990

#####################################################################

Total time on ABC: 0.284 s
Number of trials: 13635

Fit on file model_fit.png