2022-03-08_16-07-57

Data Source: Número de casos confirmados de COVID-19 no Brasil (on GitHub)
https://raw.githubusercontent.com/wcota/covid19br/master/cases-brazil-cities-time.csv

Rejection ABC fitting of epidemic curves

Model: SEIRD
Parameters: $\beta_{I}$, $\beta_{E}$, $N$, $\mu$, $\gamma$, $t_{c}$, RF_{0}, $E_{0}$
#####################################################################

Number of Samples: 960
Number of Posteriors: 3
RMSD Weights: [1,1]
Training window size: 30
Validation window size: 10

#####################################################################

Posterior No. 3
Execution Time: 0.615 s
Tolerance: eps = 0.038777

Priors' Ranges:

	 $\beta_{I}$: 0.001239 <-> 0.992584
	 $\beta_{E}$: 0.000047 <-> 0.092228
	 $N$: 5516355.531506 <-> 105898230.172613
	 $\mu$: 0.003271 <-> 0.027488
	 $\gamma$: 0.121236 <-> 0.999213
	 $t_{c}$: 3.001955 <-> 29.991497
	 RF_{0}: 0.911442 <-> 0.999989
	 $E_{0}$: 0.035136 <-> 0.437250

Estimated parameters (av +/- std):

	 $\beta_{I}$: 0.607866 +/- 0.244927
	 $\beta_{E}$: 0.023421 +/- 0.018106
	 $N$: 57110915.329435 +/- 25853802.900924
	 $\mu$: 0.019543 +/- 0.003775
	 $\gamma$: 0.821276 +/- 0.156736
	 $t_{c}$: 13.643154 +/- 5.419798
	 RF_{0}: 0.983094 +/- 0.016437
	 $E_{0}$: 0.161501 +/- 0.072273

Posterior distribution on file posterior_'param'.png

RMSD: 0.018274
Weighted RMSD: 0.018274
RMSD for validation data: 0.207384
RMSD for total data: 0.449499
AIC: 16.036548
AIC for validation data: 16.414767
AIC for total data: 16.898998

#####################################################################

Total time on ABC: 1.129 s
Number of trials: 40892

Fit on file model_fit.png