2021-11-14_05-08-12

Data Source: Número de casos confirmados de COVID-19 no Brasil (on GitHub)
https://raw.githubusercontent.com/wcota/covid19br/master/cases-brazil-cities-time.csv

Rejection ABC fitting of epidemic curves

Model: SEIRD
Parameters: $\beta_{I}$, $\beta_{E}$, $N$, $\mu$, $\gamma$, $t_{c}$, RF_{0}, $E_{0}$
#####################################################################

Number of Samples: 48
Number of Posteriors: 3
RMSD Weights: [1,1]
Training window size: 25
Validation window size: 10

#####################################################################

Posterior No. 1
Execution Time: 0.150 s
Tolerance: eps = 1.480885

Priors' Ranges:

	 $\beta_{I}$: 0.000000 <-> 1.000000
	 $\beta_{E}$: 0.000000 <-> 1.000000
	 $N$: 126476.458000 <-> 25295291.600000
	 $\mu$: 0.000000 <-> 1.000000
	 $\gamma$: 0.000000 <-> 1.000000
	 $t_{c}$: 0.000000 <-> 30.000000
	 RF_{0}: 0.000000 <-> 1.000000
	 $E_{0}$: 0.000000 <-> 2.000000

Estimated parameters (av +/- std):

	 $\beta_{I}$: 0.477300 +/- 0.281395
	 $\beta_{E}$: 0.122602 +/- 0.133975
	 $N$: 15332622.000133 +/- 7069693.590523
	 $\mu$: 0.009794 +/- 0.291868
	 $\gamma$: 0.437700 +/- 0.260290
	 $t_{c}$: 18.077333 +/- 9.210749
	 RF_{0}: 0.950408 +/- 0.284910
	 $E_{0}$: 1.931221 +/- 0.524691

Posterior distribution on file posterior_'param'.png

RMSD: 0.075939
Weighted RMSD: 0.075939
RMSD for validation data: 0.394380
RMSD for total data: 23.654277
AIC: 16.151878
AIC for validation data: 16.788759
AIC for total data: 63.308554

#####################################################################

Total time on ABC: 0.150 s
Number of trials: 9868

Fit on file model_fit.png