2022-03-08_16-07-57

Data Source: Número de casos confirmados de COVID-19 no Brasil (on GitHub)
https://raw.githubusercontent.com/wcota/covid19br/master/cases-brazil-cities-time.csv

Rejection ABC fitting of epidemic curves

Model: SEIRD
Parameters: $\beta_{I}$, $\beta_{E}$, $N$, $\mu$, $\gamma$, $t_{c}$, RF_{0}, $E_{0}$
#####################################################################

Number of Samples: 960
Number of Posteriors: 3
RMSD Weights: [1,1]
Training window size: 30
Validation window size: 10

#####################################################################

Posterior No. 2
Execution Time: 0.868 s
Tolerance: eps = 0.029069

Priors' Ranges:

	 $\beta_{I}$: 0.000174 <-> 0.972901
	 $\beta_{E}$: 0.000003 <-> 0.110791
	 $N$: 7893626.262561 <-> 106203293.576492
	 $\mu$: 0.006479 <-> 0.026777
	 $\gamma$: 0.231579 <-> 0.999046
	 $t_{c}$: 6.286616 <-> 29.930500
	 RF_{0}: 0.965738 <-> 0.999991
	 $E_{0}$: 0.046149 <-> 0.241526

Estimated parameters (av +/- std):

	 $\beta_{I}$: 0.491843 +/- 0.222367
	 $\beta_{E}$: 0.005153 +/- 0.015447
	 $N$: 51522322.359068 +/- 27201693.933214
	 $\mu$: 0.016307 +/- 0.003908
	 $\gamma$: 0.649804 +/- 0.151635
	 $t_{c}$: 26.605482 +/- 5.052880
	 RF_{0}: 0.987413 +/- 0.006870
	 $E_{0}$: 0.190368 +/- 0.037967

Posterior distribution on file posterior_'param'.png

RMSD: 0.015561
Weighted RMSD: 0.015561
RMSD for validation data: 0.138785
RMSD for total data: 0.449499
AIC: 16.031123
AIC for validation data: 16.277570
AIC for total data: 16.898998

#####################################################################

Total time on ABC: 1.311 s
Number of trials: 61030

Fit on file model_fit.png