2022-03-08_16-35-49

Data Source: Número de casos confirmados de COVID-19 no Brasil (on GitHub)
https://raw.githubusercontent.com/wcota/covid19br/master/cases-brazil-cities-time.csv

Rejection ABC fitting of epidemic curves

Model: SEIRD
Parameters: $\beta_{I}$, $\beta_{E}$, $N$, $\mu$, $\gamma$, $t_{c}$, RF_{0}, $E_{0}$
#####################################################################

Number of Samples: 960
Number of Posteriors: 3
RMSD Weights: [1,1]
Training window size: 40
Validation window size: 10

#####################################################################

Posterior No. 2
Execution Time: 10.669 s
Tolerance: eps = 0.022453

Priors' Ranges:

	 $\beta_{I}$: 0.000367 <-> 0.994455
	 $\beta_{E}$: 0.000083 <-> 0.141937
	 $N$: 10960006.962480 <-> 106014740.040868
	 $\mu$: 0.004752 <-> 0.017547
	 $\gamma$: 0.266310 <-> 0.998199
	 $t_{c}$: 6.528946 <-> 29.992850
	 RF_{0}: 0.982396 <-> 0.999993
	 $E_{0}$: 0.043154 <-> 0.215680

Estimated parameters (av +/- std):

	 $\beta_{I}$: 0.131849 +/- 0.238488
	 $\beta_{E}$: 0.046923 +/- 0.018909
	 $N$: 27328425.987110 +/- 23733010.804441
	 $\mu$: 0.009712 +/- 0.002828
	 $\gamma$: 0.564141 +/- 0.170260
	 $t_{c}$: 25.611804 +/- 5.113874
	 RF_{0}: 0.993849 +/- 0.003580
	 $E_{0}$: 0.172974 +/- 0.033973

Posterior distribution on file posterior_'param'.png

RMSD: 0.018909
Weighted RMSD: 0.018909
RMSD for validation data: 0.237131
RMSD for total data: 0.449494
AIC: 16.037818
AIC for validation data: 16.474262
AIC for total data: 16.898987

#####################################################################

Total time on ABC: 15.017 s
Number of trials: 611114

Fit on file model_fit.png