2021-11-14_07-46-07

Data Source: Número de casos confirmados de COVID-19 no Brasil (on GitHub)
https://raw.githubusercontent.com/wcota/covid19br/master/cases-brazil-cities-time.csv

Rejection ABC fitting of epidemic curves

Model: SEIRD
Parameters: $\beta_{I}$, $\beta_{E}$, $N$, $\mu$, $\gamma$, $t_{c}$, RF_{0}, $E_{0}$
#####################################################################

Number of Samples: 48
Number of Posteriors: 3
RMSD Weights: [1,1]
Training window size: 35
Validation window size: 10

#####################################################################

Posterior No. 1
Execution Time: 0.876 s
Tolerance: eps = 0.095405

Priors' Ranges:

	 $\beta_{I}$: 0.000000 <-> 1.000000
	 $\beta_{E}$: 0.000000 <-> 1.000000
	 $N$: 212559.409000 <-> 42511881.800000
	 $\mu$: 0.000000 <-> 1.000000
	 $\gamma$: 0.000000 <-> 1.000000
	 $t_{c}$: 0.000000 <-> 30.000000
	 RF_{0}: 0.000000 <-> 1.000000
	 $E_{0}$: 0.000000 <-> 2.000000

Estimated parameters (av +/- std):

	 $\beta_{I}$: 0.903339 +/- 0.243260
	 $\beta_{E}$: 0.253374 +/- 0.111717
	 $N$: 15647435.780788 +/- 11294002.496340
	 $\mu$: 0.059156 +/- 0.013224
	 $\gamma$: 0.878613 +/- 0.192595
	 $t_{c}$: 1.017359 +/- 1.367976
	 RF_{0}: 0.126457 +/- 0.250324
	 $E_{0}$: 1.853163 +/- 0.345088

Posterior distribution on file posterior_'param'.png

RMSD: 0.037560
Weighted RMSD: 0.037560
RMSD for validation data: 0.543587
RMSD for total data: 0.296353
AIC: 16.075120
AIC for validation data: 17.087175
AIC for total data: 16.592706

#####################################################################

Total time on ABC: 0.876 s
Number of trials: 63490

Fit on file model_fit.png