2022-03-08_15-59-59

Data Source: Número de casos confirmados de COVID-19 no Brasil (on GitHub)
https://raw.githubusercontent.com/wcota/covid19br/master/cases-brazil-cities-time.csv

Rejection ABC fitting of epidemic curves

Model: SEIRD
Parameters: $\beta_{I}$, $\beta_{E}$, $N$, $\mu$, $\gamma$, $t_{c}$, RF_{0}, $E_{0}$
#####################################################################

Number of Samples: 960
Number of Posteriors: 3
RMSD Weights: [1,1]
Training window size: 20
Validation window size: 10

#####################################################################

Posterior No. 2
Execution Time: 0.178 s
Tolerance: eps = 0.063120

Priors' Ranges:

	 $\beta_{I}$: 0.002822 <-> 0.999465
	 $\beta_{E}$: 0.000277 <-> 0.229418
	 $N$: 2142079.323221 <-> 106102217.854672
	 $\mu$: 0.014405 <-> 0.102585
	 $\gamma$: 0.144375 <-> 0.997558
	 $t_{c}$: 0.399348 <-> 29.156404
	 RF_{0}: 0.001318 <-> 0.998663
	 $E_{0}$: 0.039879 <-> 1.998133

Estimated parameters (av +/- std):

	 $\beta_{I}$: 0.953986 +/- 0.256241
	 $\beta_{E}$: 0.067296 +/- 0.036574
	 $N$: 98141832.880306 +/- 27500849.816241
	 $\mu$: 0.074744 +/- 0.015264
	 $\gamma$: 0.899258 +/- 0.182366
	 $t_{c}$: 15.460787 +/- 5.756986
	 RF_{0}: 0.847452 +/- 0.247868
	 $E_{0}$: 1.652321 +/- 0.415461

Posterior distribution on file posterior_'param'.png

RMSD: 0.022313
Weighted RMSD: 0.022313
RMSD for validation data: 0.048318
RMSD for total data: 5.005460
AIC: 16.044625
AIC for validation data: 16.096635
AIC for total data: 26.010919

#####################################################################

Total time on ABC: 0.292 s
Number of trials: 17521

Fit on file model_fit.png