2021-11-14_08-20-25

Data Source: Número de casos confirmados de COVID-19 no Brasil (on GitHub)
https://raw.githubusercontent.com/wcota/covid19br/master/cases-brazil-cities-time.csv

Rejection ABC fitting of epidemic curves

Model: SEIRD
Parameters: $\beta_{I}$, $\beta_{E}$, $N$, $\mu$, $\gamma$, $t_{c}$, RF_{0}, $E_{0}$
#####################################################################

Number of Samples: 960
Number of Posteriors: 3
RMSD Weights: [1,1]
Training window size: 35
Validation window size: 10

#####################################################################

Posterior No. 2
Execution Time: 0.312 s
Tolerance: eps = 0.049720

Priors' Ranges:

	 $\beta_{I}$: 0.000370 <-> 0.999780
	 $\beta_{E}$: 0.000934 <-> 0.172354
	 $N$: 8665005.080496 <-> 42459551.028747
	 $\mu$: 0.004093 <-> 0.021482
	 $\gamma$: 0.207179 <-> 0.999836
	 $t_{c}$: 4.686190 <-> 29.937410
	 RF_{0}: 0.967072 <-> 0.999933
	 $E_{0}$: 0.009193 <-> 0.140543

Estimated parameters (av +/- std):

	 $\beta_{I}$: 0.685357 +/- 0.262375
	 $\beta_{E}$: 0.064584 +/- 0.029898
	 $N$: 17263197.809851 +/- 8947099.825606
	 $\mu$: 0.017246 +/- 0.003283
	 $\gamma$: 0.927184 +/- 0.168202
	 $t_{c}$: 22.196421 +/- 5.511623
	 RF_{0}: 0.994247 +/- 0.007039
	 $E_{0}$: 0.075137 +/- 0.024675

Posterior distribution on file posterior_'param'.png

RMSD: 0.018843
Weighted RMSD: 0.018843
RMSD for validation data: 0.134782
RMSD for total data: 0.335304
AIC: 16.037686
AIC for validation data: 16.269564
AIC for total data: 16.670607

#####################################################################

Total time on ABC: 0.703 s
Number of trials: 19256

Fit on file model_fit.png