2021-11-14_07-46-07

Data Source: Número de casos confirmados de COVID-19 no Brasil (on GitHub)
https://raw.githubusercontent.com/wcota/covid19br/master/cases-brazil-cities-time.csv

Rejection ABC fitting of epidemic curves

Model: SEIRD
Parameters: $\beta_{I}$, $\beta_{E}$, $N$, $\mu$, $\gamma$, $t_{c}$, RF_{0}, $E_{0}$
#####################################################################

Number of Samples: 48
Number of Posteriors: 3
RMSD Weights: [1,1]
Training window size: 50
Validation window size: 10

#####################################################################

Posterior No. 1
Execution Time: 4.784 s
Tolerance: eps = 0.023759

Priors' Ranges:

	 $\beta_{I}$: 0.000000 <-> 1.000000
	 $\beta_{E}$: 0.000000 <-> 1.000000
	 $N$: 212559.409000 <-> 42511881.800000
	 $\mu$: 0.000000 <-> 1.000000
	 $\gamma$: 0.000000 <-> 1.000000
	 $t_{c}$: 0.000000 <-> 30.000000
	 RF_{0}: 0.000000 <-> 1.000000
	 $E_{0}$: 0.000000 <-> 2.000000

Estimated parameters (av +/- std):

	 $\beta_{I}$: 0.988745 +/- 0.287420
	 $\beta_{E}$: 0.042742 +/- 0.038131
	 $N$: 13635709.597782 +/- 8394983.248283
	 $\mu$: 0.007798 +/- 0.002804
	 $\gamma$: 0.479673 +/- 0.178813
	 $t_{c}$: 24.074519 +/- 6.587166
	 RF_{0}: 0.988788 +/- 0.005366
	 $E_{0}$: 0.100052 +/- 0.027615

Posterior distribution on file posterior_'param'.png

RMSD: 0.010708
Weighted RMSD: 0.010708
RMSD for validation data: 0.349508
RMSD for total data: 0.186447
AIC: 16.021416
AIC for validation data: 16.699015
AIC for total data: 16.372894

#####################################################################

Total time on ABC: 4.784 s
Number of trials: 215056

Fit on file model_fit.png