2021-11-14_19-26-42

Data Source: Número de casos confirmados de COVID-19 no Brasil (on GitHub)
https://raw.githubusercontent.com/wcota/covid19br/master/cases-brazil-cities-time.csv

Rejection ABC fitting of epidemic curves

Model: SEIRD
Parameters: $\beta_{I}$, $\beta_{E}$, $N$, $\mu$, $\gamma$, $t_{c}$, RF_{0}, $E_{0}$
#####################################################################

Number of Samples: 960
Number of Posteriors: 3
RMSD Weights: [1,1]
Training window size: 35
Validation window size: 10

#####################################################################

Posterior No. 2
Execution Time: 0.260 s
Tolerance: eps = 0.058316

Priors' Ranges:

	 $\beta_{I}$: 0.000104 <-> 0.999235
	 $\beta_{E}$: 0.098947 <-> 0.347022
	 $N$: 70351.184957 <-> 13577082.907991
	 $\mu$: 0.003725 <-> 0.029173
	 $\gamma$: 0.001418 <-> 0.995646
	 $t_{c}$: 4.167011 <-> 29.886044
	 RF_{0}: 0.004820 <-> 0.999977
	 $E_{0}$: 0.011134 <-> 1.999924

Estimated parameters (av +/- std):

	 $\beta_{I}$: 0.965912 +/- 0.243717
	 $\beta_{E}$: 0.195001 +/- 0.036215
	 $N$: 3853207.632747 +/- 3897810.897390
	 $\mu$: 0.014944 +/- 0.005059
	 $\gamma$: 0.456559 +/- 0.222816
	 $t_{c}$: 11.296777 +/- 5.998332
	 RF_{0}: 0.945655 +/- 0.248755
	 $E_{0}$: 0.528205 +/- 0.493539

Posterior distribution on file posterior_'param'.png

RMSD: 0.037411
Weighted RMSD: 0.037411
RMSD for validation data: 0.475176
RMSD for total data: 0.496040
AIC: 16.074822
AIC for validation data: 16.950351
AIC for total data: 16.992079

#####################################################################

Total time on ABC: 0.737 s
Number of trials: 19441

Fit on file model_fit.png