2021-11-14_21-02-25

Data Source: Número de casos confirmados de COVID-19 no Brasil (on GitHub)
https://raw.githubusercontent.com/wcota/covid19br/master/cases-brazil-cities-time.csv

Rejection ABC fitting of epidemic curves

Model: SEIRD
Parameters: $\beta_{I}$, $\beta_{E}$, $N$, $\mu$, $\gamma$, $t_{c}$, RF_{0}, $E_{0}$
#####################################################################

Number of Samples: 960
Number of Posteriors: 3
RMSD Weights: [1,1]
Training window size: 30
Validation window size: 10

#####################################################################

Posterior No. 2
Execution Time: 0.220 s
Tolerance: eps = 0.054269

Priors' Ranges:

	 $\beta_{I}$: 0.071642 <-> 0.998038
	 $\beta_{E}$: 0.023313 <-> 0.281029
	 $N$: 479577.984607 <-> 66180285.709202
	 $\mu$: 0.005113 <-> 0.027149
	 $\gamma$: 0.004369 <-> 0.871423
	 $t_{c}$: 2.029064 <-> 29.584864
	 RF_{0}: 0.002432 <-> 0.969151
	 $E_{0}$: 0.018806 <-> 1.997756

Estimated parameters (av +/- std):

	 $\beta_{I}$: 0.386268 +/- 0.177942
	 $\beta_{E}$: 0.252202 +/- 0.036688
	 $N$: 24867685.078414 +/- 14586917.752226
	 $\mu$: 0.010610 +/- 0.004201
	 $\gamma$: 0.217355 +/- 0.188213
	 $t_{c}$: 11.994548 +/- 5.173886
	 RF_{0}: 0.105509 +/- 0.229836
	 $E_{0}$: 0.277228 +/- 0.439309

Posterior distribution on file posterior_'param'.png

RMSD: 0.030860
Weighted RMSD: 0.030860
RMSD for validation data: 0.232379
RMSD for total data: 0.907124
AIC: 16.061720
AIC for validation data: 16.464757
AIC for total data: 17.814248

#####################################################################

Total time on ABC: 0.682 s
Number of trials: 13432

Fit on file model_fit.png