2021-11-14_21-02-25

Data Source: Número de casos confirmados de COVID-19 no Brasil (on GitHub)
https://raw.githubusercontent.com/wcota/covid19br/master/cases-brazil-cities-time.csv

Rejection ABC fitting of epidemic curves

Model: SEIRD
Parameters: $\beta_{I}$, $\beta_{E}$, $N$, $\mu$, $\gamma$, $t_{c}$, RF_{0}, $E_{0}$
#####################################################################

Number of Samples: 960
Number of Posteriors: 3
RMSD Weights: [1,1]
Training window size: 45
Validation window size: 10

#####################################################################

Posterior No. 3
Execution Time: 0.083 s
Tolerance: eps = 0.142593

Priors' Ranges:

	 $\beta_{I}$: 0.000445 <-> 0.989502
	 $\beta_{E}$: 0.000072 <-> 0.092155
	 $N$: 2041775.099838 <-> 66042868.200095
	 $\mu$: 0.016109 <-> 0.084693
	 $\gamma$: 0.329727 <-> 0.998626
	 $t_{c}$: 4.389497 <-> 29.853856
	 RF_{0}: 0.546989 <-> 0.999854
	 $E_{0}$: 0.000756 <-> 1.254245

Estimated parameters (av +/- std):

	 $\beta_{I}$: 0.251985 +/- 0.184125
	 $\beta_{E}$: 0.014267 +/- 0.021191
	 $N$: 32300985.151365 +/- 17154400.664160
	 $\mu$: 0.052118 +/- 0.013755
	 $\gamma$: 0.940545 +/- 0.127539
	 $t_{c}$: 29.395354 +/- 6.526036
	 RF_{0}: 0.832394 +/- 0.104713
	 $E_{0}$: 0.888088 +/- 0.275517

Posterior distribution on file posterior_'param'.png

RMSD: 0.021939
Weighted RMSD: 0.021939
RMSD for validation data: 0.327973
RMSD for total data: 0.486715
AIC: 16.043879
AIC for validation data: 16.655946
AIC for total data: 16.973429

#####################################################################

Total time on ABC: 0.319 s
Number of trials: 4445

Fit on file model_fit.png