2022-03-08_16-04-21

Data Source: Número de casos confirmados de COVID-19 no Brasil (on GitHub)
https://raw.githubusercontent.com/wcota/covid19br/master/cases-brazil-cities-time.csv

Rejection ABC fitting of epidemic curves

Model: SEIRD
Parameters: $\beta_{I}$, $\beta_{E}$, $N$, $\mu$, $\gamma$, $t_{c}$, RF_{0}, $E_{0}$
#####################################################################

Number of Samples: 48
Number of Posteriors: 3
RMSD Weights: [1,1]
Training window size: 20
Validation window size: 10

#####################################################################

Posterior No. 1
Execution Time: 0.081 s
Tolerance: eps = 0.10

Priors' Ranges:

	 $\beta_{I}$: 0.000000 <-> 1.000000
	 $\beta_{E}$: 0.000000 <-> 1.000000
	 $N$: 2125594.090000 <-> 106279704.500000
	 $\mu$: 0.000000 <-> 1.000000
	 $\gamma$: 0.000000 <-> 1.000000
	 $t_{c}$: 0.000000 <-> 30.000000
	 RF_{0}: 0.000000 <-> 1.000000
	 $E_{0}$: 0.000000 <-> 2.000000

Estimated parameters (av +/- std):

	 $\beta_{I}$: 0.333735 +/- 0.245233
	 $\beta_{E}$: 0.029826 +/- 0.019627
	 $N$: 75027312.484672 +/- 29269834.286455
	 $\mu$: 0.030751 +/- 0.005956
	 $\gamma$: 0.998231 +/- 0.186596
	 $t_{c}$: 23.499128 +/- 5.179675
	 RF_{0}: 0.985897 +/- 0.042928
	 $E_{0}$: 0.826330 +/- 0.207798

Posterior distribution on file posterior_'param'.png

RMSD: 0.020947
Weighted RMSD: 0.020947
RMSD for validation data: 0.056839
RMSD for total data: 0.449499
AIC: 16.041895
AIC for validation data: 16.113678
AIC for total data: 16.898997

#####################################################################

Total time on ABC: 0.081 s
Number of trials: 5043

Fit on file model_fit.png