2021-11-14_10-31-06

Data Source: Número de casos confirmados de COVID-19 no Brasil (on GitHub)
https://raw.githubusercontent.com/wcota/covid19br/master/cases-brazil-cities-time.csv

Rejection ABC fitting of epidemic curves

Model: SEIRD
Parameters: $\beta_{I}$, $\beta_{E}$, $N$, $\mu$, $\gamma$, $t_{c}$, RF_{0}, $E_{0}$
#####################################################################

Number of Samples: 960
Number of Posteriors: 3
RMSD Weights: [1,1]
Training window size: 25
Validation window size: 10

#####################################################################

Posterior No. 2
Execution Time: 0.106 s
Tolerance: eps = 4.462391

Priors' Ranges:

	 $\beta_{I}$: 0.000225 <-> 0.999952
	 $\beta_{E}$: 0.000020 <-> 0.998876
	 $N$: 215110.823235 <-> 42388688.361538
	 $\mu$: 0.000513 <-> 0.961659
	 $\gamma$: 0.041100 <-> 0.998918
	 $t_{c}$: 0.181308 <-> 29.974420
	 RF_{0}: 0.006742 <-> 0.999338
	 $E_{0}$: 0.001199 <-> 1.974867

Estimated parameters (av +/- std):

	 $\beta_{I}$: 0.434568 +/- 0.278461
	 $\beta_{E}$: 0.029618 +/- 0.273063
	 $N$: 41758862.775213 +/- 11813515.650315
	 $\mu$: 0.036318 +/- 0.205144
	 $\gamma$: 0.681605 +/- 0.210895
	 $t_{c}$: 19.949736 +/- 7.882019
	 RF_{0}: 0.996669 +/- 0.261842
	 $E_{0}$: 0.486849 +/- 0.508296

Posterior distribution on file posterior_'param'.png

RMSD: 0.140936
Weighted RMSD: 0.140936
RMSD for validation data: 0.769034
RMSD for total data: 0.449495
AIC: 16.281872
AIC for validation data: 17.538069
AIC for total data: 16.898990

#####################################################################

Total time on ABC: 0.253 s
Number of trials: 16226

Fit on file model_fit.png