2022-03-08_15-59-04

Data Source: Número de casos confirmados de COVID-19 no Brasil (on GitHub)
https://raw.githubusercontent.com/wcota/covid19br/master/cases-brazil-cities-time.csv

Rejection ABC fitting of epidemic curves

Model: SEIRD
Parameters: $\beta_{I}$, $\beta_{E}$, $N$, $\mu$, $\gamma$, $t_{c}$, RF_{0}, $E_{0}$
#####################################################################

Number of Samples: 48
Number of Posteriors: 3
RMSD Weights: [1,1]
Training window size: 30
Validation window size: 10

#####################################################################

Posterior No. 1
Execution Time: 1.520 s
Tolerance: eps = 0.03

Priors' Ranges:

	 $\beta_{I}$: 0.000000 <-> 1.000000
	 $\beta_{E}$: 0.000000 <-> 1.000000
	 $N$: 2125594.090000 <-> 106279704.500000
	 $\mu$: 0.000000 <-> 1.000000
	 $\gamma$: 0.000000 <-> 1.000000
	 $t_{c}$: 0.000000 <-> 30.000000
	 RF_{0}: 0.000000 <-> 1.000000
	 $E_{0}$: 0.000000 <-> 2.000000

Estimated parameters (av +/- std):

	 $\beta_{I}$: 0.185569 +/- 0.251508
	 $\beta_{E}$: 0.106226 +/- 0.031663
	 $N$: 43368100.212153 +/- 29304471.483689
	 $\mu$: 0.049350 +/- 0.016357
	 $\gamma$: 0.585680 +/- 0.214919
	 $t_{c}$: 14.743039 +/- 5.284214
	 RF_{0}: 0.926531 +/- 0.211735
	 $E_{0}$: 1.350341 +/- 0.485698

Posterior distribution on file posterior_'param'.png

RMSD: 0.012240
Weighted RMSD: 0.012240
RMSD for validation data: 0.176437
RMSD for total data: 1.702910
AIC: 16.024480
AIC for validation data: 16.352873
AIC for total data: 19.405820

#####################################################################

Total time on ABC: 1.520 s
Number of trials: 110179

Fit on file model_fit.png