2021-11-14_10-31-06

Data Source: Número de casos confirmados de COVID-19 no Brasil (on GitHub)
https://raw.githubusercontent.com/wcota/covid19br/master/cases-brazil-cities-time.csv

Rejection ABC fitting of epidemic curves

Model: SEIRD
Parameters: $\beta_{I}$, $\beta_{E}$, $N$, $\mu$, $\gamma$, $t_{c}$, RF_{0}, $E_{0}$
#####################################################################

Number of Samples: 48
Number of Posteriors: 3
RMSD Weights: [1,1]
Training window size: 25
Validation window size: 10

#####################################################################

Posterior No. 1
Execution Time: 0.163 s
Tolerance: eps = 0.407204

Priors' Ranges:

	 $\beta_{I}$: 0.000000 <-> 1.000000
	 $\beta_{E}$: 0.000000 <-> 1.000000
	 $N$: 212559.409000 <-> 42511881.800000
	 $\mu$: 0.000000 <-> 1.000000
	 $\gamma$: 0.000000 <-> 1.000000
	 $t_{c}$: 0.000000 <-> 30.000000
	 RF_{0}: 0.000000 <-> 1.000000
	 $E_{0}$: 0.000000 <-> 2.000000

Estimated parameters (av +/- std):

	 $\beta_{I}$: 0.252854 +/- 0.278961
	 $\beta_{E}$: 0.131894 +/- 0.127324
	 $N$: 5372484.491018 +/- 11926607.713653
	 $\mu$: 0.026156 +/- 0.279157
	 $\gamma$: 0.277907 +/- 0.250675
	 $t_{c}$: 5.058961 +/- 9.001334
	 RF_{0}: 0.987664 +/- 0.278803
	 $E_{0}$: 1.629929 +/- 0.550653

Posterior distribution on file posterior_'param'.png

RMSD: 0.062176
Weighted RMSD: 0.062176
RMSD for validation data: 0.212394
RMSD for total data: 0.232588
AIC: 16.124352
AIC for validation data: 16.424787
AIC for total data: 16.465176

#####################################################################

Total time on ABC: 0.163 s
Number of trials: 10236

Fit on file model_fit.png