2021-11-14_04-49-43

Data Source: Número de casos confirmados de COVID-19 no Brasil (on GitHub)
https://raw.githubusercontent.com/wcota/covid19br/master/cases-brazil-cities-time.csv

Rejection ABC fitting of epidemic curves

Model: SEIRD
Parameters: $\beta_{I}$, $\beta_{E}$, $N$, $\mu$, $\gamma$, $t_{c}$, RF_{0}, $E_{0}$
#####################################################################

Number of Samples: 960
Number of Posteriors: 3
RMSD Weights: [1,1]
Training window size: 50
Validation window size: 10

#####################################################################

Posterior No. 2
Execution Time: 13.410 s
Tolerance: eps = 0.022465

Priors' Ranges:

	 $\beta_{I}$: 0.005634 <-> 0.995161
	 $\beta_{E}$: 0.000008 <-> 0.087356
	 $N$: 695336.547052 <-> 16753392.939855
	 $\mu$: 0.000692 <-> 0.003701
	 $\gamma$: 0.202476 <-> 0.999720
	 $t_{c}$: 6.336845 <-> 29.986794
	 RF_{0}: 0.913535 <-> 0.971774
	 $E_{0}$: 0.008033 <-> 0.165268

Estimated parameters (av +/- std):

	 $\beta_{I}$: 0.290314 +/- 0.237888
	 $\beta_{E}$: 0.022539 +/- 0.014755
	 $N$: 2115580.554505 +/- 4257213.809267
	 $\mu$: 0.001079 +/- 0.000616
	 $\gamma$: 0.329234 +/- 0.171814
	 $t_{c}$: 17.132918 +/- 5.032818
	 RF_{0}: 0.930554 +/- 0.009203
	 $E_{0}$: 0.054540 +/- 0.030619

Posterior distribution on file posterior_'param'.png

RMSD: 0.016782
Weighted RMSD: 0.016782
RMSD for validation data: 0.354682
RMSD for total data: 0.415599
AIC: 16.033565
AIC for validation data: 16.709364
AIC for total data: 16.831198

#####################################################################

Total time on ABC: 24.383 s
Number of trials: 685466

Fit on file model_fit.png