2021-11-14_07-42-31

Data Source: Número de casos confirmados de COVID-19 no Brasil (on GitHub)
https://raw.githubusercontent.com/wcota/covid19br/master/cases-brazil-cities-time.csv

Rejection ABC fitting of epidemic curves

Model: SEIRD
Parameters: $\beta_{I}$, $\beta_{E}$, $N$, $\mu$, $\gamma$, $t_{c}$, RF_{0}, $E_{0}$
#####################################################################

Number of Samples: 48
Number of Posteriors: 3
RMSD Weights: [1,1]
Training window size: 15
Validation window size: 10

#####################################################################

Posterior No. 1
Execution Time: 0.122 s
Tolerance: eps = 3.712346

Priors' Ranges:

	 $\beta_{I}$: 0.000000 <-> 1.000000
	 $\beta_{E}$: 0.000000 <-> 1.000000
	 $N$: 1380004.385000 <-> 276000877.000000
	 $\mu$: 0.000000 <-> 1.000000
	 $\gamma$: 0.000000 <-> 1.000000
	 $t_{c}$: 0.000000 <-> 30.000000
	 RF_{0}: 0.000000 <-> 1.000000
	 $E_{0}$: 0.000000 <-> 2.000000

Estimated parameters (av +/- std):

	 $\beta_{I}$: 0.491251 +/- 0.282873
	 $\beta_{E}$: 0.092322 +/- 0.128303
	 $N$: 90371036.417370 +/- 80143026.556551
	 $\mu$: 0.034202 +/- 0.274750
	 $\gamma$: 0.958134 +/- 0.261190
	 $t_{c}$: 9.453762 +/- 8.742079
	 RF_{0}: 0.731377 +/- 0.275142
	 $E_{0}$: 0.656424 +/- 0.550490

Posterior distribution on file posterior_'param'.png

RMSD: 0.093891
Weighted RMSD: 0.093891
RMSD for validation data: 0.306771
RMSD for total data: 0.450371
AIC: 16.187783
AIC for validation data: 16.613542
AIC for total data: 16.900742

#####################################################################

Total time on ABC: 0.122 s
Number of trials: 9856

Fit on file model_fit.png