2022-03-08_15-59-59

Data Source: Número de casos confirmados de COVID-19 no Brasil (on GitHub)
https://raw.githubusercontent.com/wcota/covid19br/master/cases-brazil-cities-time.csv

Rejection ABC fitting of epidemic curves

Model: SEIRD
Parameters: $\beta_{I}$, $\beta_{E}$, $N$, $\mu$, $\gamma$, $t_{c}$, RF_{0}, $E_{0}$
#####################################################################

Number of Samples: 960
Number of Posteriors: 3
RMSD Weights: [1,1]
Training window size: 20
Validation window size: 10

#####################################################################

Posterior No. 2
Execution Time: 0.045 s
Tolerance: eps = 0.186076

Priors' Ranges:

	 $\beta_{I}$: 0.005224 <-> 0.999954
	 $\beta_{E}$: 0.002548 <-> 0.366560
	 $N$: 2750426.035309 <-> 105828323.558500
	 $\mu$: 0.003419 <-> 0.119180
	 $\gamma$: 0.001753 <-> 0.999636
	 $t_{c}$: 0.062121 <-> 29.093367
	 RF_{0}: 0.002199 <-> 0.997733
	 $E_{0}$: 0.001710 <-> 1.986980

Estimated parameters (av +/- std):

	 $\beta_{I}$: 0.867236 +/- 0.247652
	 $\beta_{E}$: 0.012566 +/- 0.069856
	 $N$: 63777715.855110 +/- 21714502.391205
	 $\mu$: 0.011886 +/- 0.027480
	 $\gamma$: 0.050483 +/- 0.216118
	 $t_{c}$: 21.489832 +/- 5.565016
	 RF_{0}: 0.362099 +/- 0.222897
	 $E_{0}$: 1.926977 +/- 0.469882

Posterior distribution on file posterior_'param'.png

RMSD: 0.035502
Weighted RMSD: 0.035502
RMSD for validation data: 1.110003
RMSD for total data: 14.045491
AIC: 16.071005
AIC for validation data: 18.220006
AIC for total data: 44.090982

#####################################################################

Total time on ABC: 0.093 s
Number of trials: 4501

Fit on file model_fit.png