2021-11-29_21-52-43

Data Source: Número de casos confirmados de COVID-19 no Brasil (on GitHub)
https://raw.githubusercontent.com/wcota/covid19br/master/cases-brazil-cities-time.csv

Rejection ABC fitting of epidemic curves

Model: SEIRD
Parameters: $\beta_{I}$, $\beta_{E}$, $N$, $\mu$, $\gamma$, $t_{c}$, RF_{0}, $E_{0}$
#####################################################################

Number of Samples: 9984
Number of Posteriors: 3
RMSD Weights: [1,1]
Training window size: 50
Validation window size: 10

#####################################################################

Posterior No. 2
Execution Time: 2.037 s
Tolerance: eps = 0.346377

Priors' Ranges:

	 $\beta_{I}$: 0.000047 <-> 0.999569
	 $\beta_{E}$: 0.000000 <-> 0.950834
	 $N$: 215515.312199 <-> 42503234.095458
	 $\mu$: 0.000020 <-> 0.999735
	 $\gamma$: 0.004441 <-> 0.999917
	 $t_{c}$: 0.047468 <-> 29.997513
	 RF_{0}: 0.000056 <-> 0.999998
	 $E_{0}$: 0.000008 <-> 1.999789

Estimated parameters (av +/- std):

	 $\beta_{I}$: 0.537441 +/- 0.249332
	 $\beta_{E}$: 0.198609 +/- 0.073634
	 $N$: 16281148.982660 +/- 11367397.743184
	 $\mu$: 0.059554 +/- 0.262088
	 $\gamma$: 0.823921 +/- 0.228775
	 $t_{c}$: 2.812091 +/- 8.416311
	 RF_{0}: 0.890186 +/- 0.258892
	 $E_{0}$: 0.481054 +/- 0.492811

Posterior distribution on file posterior_'param'.png

RMSD: 0.029210
Weighted RMSD: 0.029210
RMSD for validation data: 0.150457
RMSD for total data: 0.255281
AIC: 16.058421
AIC for validation data: 16.300914
AIC for total data: 16.510561

#####################################################################

Total time on ABC: 4.574 s
Number of trials: 119226

Fit on file model_fit.png