2021-11-14_20-35-18

Data Source: Número de casos confirmados de COVID-19 no Brasil (on GitHub)
https://raw.githubusercontent.com/wcota/covid19br/master/cases-brazil-cities-time.csv

Rejection ABC fitting of epidemic curves

Model: SEIRD
Parameters: $\beta_{I}$, $\beta_{E}$, $N$, $\mu$, $\gamma$, $t_{c}$, RF_{0}, $E_{0}$
#####################################################################

Number of Samples: 960
Number of Posteriors: 3
RMSD Weights: [1,1]
Training window size: 25
Validation window size: 10

#####################################################################

Posterior No. 2
Execution Time: 0.093 s
Tolerance: eps = 2.389909

Priors' Ranges:

	 $\beta_{I}$: 0.000304 <-> 0.995002
	 $\beta_{E}$: 0.000067 <-> 0.965716
	 $N$: 68222.064544 <-> 13531902.907905
	 $\mu$: 0.000186 <-> 0.996320
	 $\gamma$: 0.004227 <-> 0.999921
	 $t_{c}$: 0.061536 <-> 29.972303
	 RF_{0}: 0.004236 <-> 0.999856
	 $E_{0}$: 0.001226 <-> 1.988906

Estimated parameters (av +/- std):

	 $\beta_{I}$: 0.974192 +/- 0.263390
	 $\beta_{E}$: 0.023659 +/- 0.180153
	 $N$: 7994122.330720 +/- 3954182.751326
	 $\mu$: 0.104185 +/- 0.250428
	 $\gamma$: 0.886644 +/- 0.231537
	 $t_{c}$: 28.691694 +/- 8.033209
	 RF_{0}: 0.787992 +/- 0.248661
	 $E_{0}$: 0.442071 +/- 0.459602

Posterior distribution on file posterior_'param'.png

RMSD: 0.082286
Weighted RMSD: 0.082286
RMSD for validation data: 1.230513
RMSD for total data: 0.494842
AIC: 16.164572
AIC for validation data: 18.461026
AIC for total data: 16.989685

#####################################################################

Total time on ABC: 0.254 s
Number of trials: 14616

Fit on file model_fit.png