2021-11-14_08-20-25

Data Source: Número de casos confirmados de COVID-19 no Brasil (on GitHub)
https://raw.githubusercontent.com/wcota/covid19br/master/cases-brazil-cities-time.csv

Rejection ABC fitting of epidemic curves

Model: SEIRD
Parameters: $\beta_{I}$, $\beta_{E}$, $N$, $\mu$, $\gamma$, $t_{c}$, RF_{0}, $E_{0}$
#####################################################################

Number of Samples: 960
Number of Posteriors: 3
RMSD Weights: [1,1]
Training window size: 40
Validation window size: 10

#####################################################################

Posterior No. 3
Execution Time: 12.237 s
Tolerance: eps = 0.016905

Priors' Ranges:

	 $\beta_{I}$: 0.000795 <-> 0.999094
	 $\beta_{E}$: 0.000004 <-> 0.215728
	 $N$: 6067634.040638 <-> 42465451.519098
	 $\mu$: 0.005624 <-> 0.025956
	 $\gamma$: 0.235794 <-> 0.998590
	 $t_{c}$: 6.706821 <-> 29.977556
	 RF_{0}: 0.954529 <-> 0.998374
	 $E_{0}$: 0.055371 <-> 0.265381

Estimated parameters (av +/- std):

	 $\beta_{I}$: 0.753047 +/- 0.235324
	 $\beta_{E}$: 0.013361 +/- 0.030933
	 $N$: 18740171.728048 +/- 9716697.691616
	 $\mu$: 0.024546 +/- 0.004036
	 $\gamma$: 0.979814 +/- 0.159919
	 $t_{c}$: 21.332254 +/- 4.864808
	 RF_{0}: 0.990499 +/- 0.006057
	 $E_{0}$: 0.176982 +/- 0.040577

Posterior distribution on file posterior_'param'.png

RMSD: 0.011654
Weighted RMSD: 0.011654
RMSD for validation data: 0.089750
RMSD for total data: 0.449499
AIC: 16.023308
AIC for validation data: 16.179501
AIC for total data: 16.898998

#####################################################################

Total time on ABC: 24.593 s
Number of trials: 692536

Fit on file model_fit.png