2021-11-14_20-30-25

Data Source: Número de casos confirmados de COVID-19 no Brasil (on GitHub)
https://raw.githubusercontent.com/wcota/covid19br/master/cases-brazil-cities-time.csv

Rejection ABC fitting of epidemic curves

Model: SEIRD
Parameters: $\beta_{I}$, $\beta_{E}$, $N$, $\mu$, $\gamma$, $t_{c}$, RF_{0}, $E_{0}$
#####################################################################

Number of Samples: 48
Number of Posteriors: 3
RMSD Weights: [1,1]
Training window size: 40
Validation window size: 10

#####################################################################

Posterior No. 1
Execution Time: 0.213 s
Tolerance: eps = 59.571857

Priors' Ranges:

	 $\beta_{I}$: 0.000000 <-> 1.000000
	 $\beta_{E}$: 0.000000 <-> 1.000000
	 $N$: 51269.183000 <-> 10253836.600000
	 $\mu$: 0.000000 <-> 1.000000
	 $\gamma$: 0.000000 <-> 1.000000
	 $t_{c}$: 0.000000 <-> 30.000000
	 RF_{0}: 0.000000 <-> 1.000000
	 $E_{0}$: 0.000000 <-> 2.000000

Estimated parameters (av +/- std):

	 $\beta_{I}$: 0.459387 +/- 0.276790
	 $\beta_{E}$: 0.064220 +/- 0.235209
	 $N$: 9674943.530104 +/- 3223442.857592
	 $\mu$: 0.006336 +/- 0.304773
	 $\gamma$: 0.534917 +/- 0.256141
	 $t_{c}$: 12.499352 +/- 9.570657
	 RF_{0}: 0.944472 +/- 0.279257
	 $E_{0}$: 0.114041 +/- 0.567810

Posterior distribution on file posterior_'param'.png

RMSD: 0.179042
Weighted RMSD: 0.179042
RMSD for validation data: 1.327086
RMSD for total data: 0.433979
AIC: 16.358084
AIC for validation data: 18.654172
AIC for total data: 16.867957

#####################################################################

Total time on ABC: 0.213 s
Number of trials: 9856

Fit on file model_fit.png