2021-11-14_06-20-09

Data Source: Número de casos confirmados de COVID-19 no Brasil (on GitHub)
https://raw.githubusercontent.com/wcota/covid19br/master/cases-brazil-cities-time.csv

Rejection ABC fitting of epidemic curves

Model: SEIRD
Parameters: $\beta_{I}$, $\beta_{E}$, $N$, $\mu$, $\gamma$, $t_{c}$, RF_{0}, $E_{0}$
#####################################################################

Number of Samples: 960
Number of Posteriors: 3
RMSD Weights: [1,1]
Training window size: 45
Validation window size: 10

#####################################################################

Posterior No. 3
Execution Time: 0.211 s
Tolerance: eps = 0.142159

Priors' Ranges:

	 $\beta_{I}$: 0.002532 <-> 0.998405
	 $\beta_{E}$: 0.000154 <-> 0.333300
	 $N$: 1419213.777776 <-> 275114208.503661
	 $\mu$: 0.005042 <-> 0.052867
	 $\gamma$: 0.229753 <-> 0.999723
	 $t_{c}$: 0.830790 <-> 16.009470
	 RF_{0}: 0.002829 <-> 0.999843
	 $E_{0}$: 0.003389 <-> 1.993624

Estimated parameters (av +/- std):

	 $\beta_{I}$: 0.646456 +/- 0.237413
	 $\beta_{E}$: 0.078336 +/- 0.049237
	 $N$: 89092957.052238 +/- 73254151.583820
	 $\mu$: 0.024084 +/- 0.009176
	 $\gamma$: 0.802668 +/- 0.169927
	 $t_{c}$: 7.033805 +/- 2.823270
	 RF_{0}: 0.728116 +/- 0.248454
	 $E_{0}$: 0.682348 +/- 0.491949

Posterior distribution on file posterior_'param'.png

RMSD: 0.021386
Weighted RMSD: 0.021386
RMSD for validation data: 0.074385
RMSD for total data: 0.885797
AIC: 16.042773
AIC for validation data: 16.148771
AIC for total data: 17.771593

#####################################################################

Total time on ABC: 0.463 s
Number of trials: 12042

Fit on file model_fit.png