2021-11-14_06-19-53

Data Source: Número de casos confirmados de COVID-19 no Brasil (on GitHub)
https://raw.githubusercontent.com/wcota/covid19br/master/cases-brazil-cities-time.csv

Rejection ABC fitting of epidemic curves

Model: SEIRD
Parameters: $\beta_{I}$, $\beta_{E}$, $N$, $\mu$, $\gamma$, $t_{c}$, RF_{0}, $E_{0}$
#####################################################################

Number of Samples: 960
Number of Posteriors: 3
RMSD Weights: [1,1]
Training window size: 40
Validation window size: 10

#####################################################################

Posterior No. 3
Execution Time: 0.102 s
Tolerance: eps = 0.294100

Priors' Ranges:

	 $\beta_{I}$: 0.007729 <-> 0.996543
	 $\beta_{E}$: 0.010975 <-> 0.388399
	 $N$: 117619.954192 <-> 16689724.293050
	 $\mu$: 0.008034 <-> 0.997936
	 $\gamma$: 0.006196 <-> 0.999707
	 $t_{c}$: 1.375058 <-> 29.983968
	 RF_{0}: 0.009204 <-> 0.997431
	 $E_{0}$: 0.005907 <-> 1.985282

Estimated parameters (av +/- std):

	 $\beta_{I}$: 0.854908 +/- 0.259035
	 $\beta_{E}$: 0.148248 +/- 0.045220
	 $N$: 15274777.026147 +/- 4560026.870099
	 $\mu$: 0.027930 +/- 0.265694
	 $\gamma$: 0.654456 +/- 0.261107
	 $t_{c}$: 3.673499 +/- 7.047665
	 RF_{0}: 0.015288 +/- 0.261388
	 $E_{0}$: 0.087544 +/- 0.521530

Posterior distribution on file posterior_'param'.png

RMSD: 0.149738
Weighted RMSD: 0.149738
RMSD for validation data: 4.182347
RMSD for total data: 3.663994
AIC: 16.299475
AIC for validation data: 24.364695
AIC for total data: 23.327988

#####################################################################

Total time on ABC: 0.448 s
Number of trials: 7666

Fit on file model_fit.png