2021-11-14_04-14-21

Data Source: Número de casos confirmados de COVID-19 no Brasil (on GitHub)
https://raw.githubusercontent.com/wcota/covid19br/master/cases-brazil-cities-time.csv

Rejection ABC fitting of epidemic curves

Model: SEIRD
Parameters: $\beta_{I}$, $\beta_{E}$, $N$, $\mu$, $\gamma$, $t_{c}$, RF_{0}, $E_{0}$
#####################################################################

Number of Samples: 960
Number of Posteriors: 3
RMSD Weights: [1,1]
Training window size: 30
Validation window size: 10

#####################################################################

Posterior No. 3
Execution Time: 0.268 s
Tolerance: eps = 0.068281

Priors' Ranges:

	 $\beta_{I}$: 0.002448 <-> 0.998748
	 $\beta_{E}$: 0.000326 <-> 0.146828
	 $N$: 398059.202667 <-> 25274102.204682
	 $\mu$: 0.001300 <-> 0.007580
	 $\gamma$: 0.152785 <-> 0.997998
	 $t_{c}$: 4.202477 <-> 29.974951
	 RF_{0}: 0.866951 <-> 0.999997
	 $E_{0}$: 0.002299 <-> 0.376297

Estimated parameters (av +/- std):

	 $\beta_{I}$: 0.421526 +/- 0.248020
	 $\beta_{E}$: 0.058898 +/- 0.027449
	 $N$: 16726764.552498 +/- 6686602.501491
	 $\mu$: 0.005744 +/- 0.001370
	 $\gamma$: 0.798806 +/- 0.205752
	 $t_{c}$: 24.080216 +/- 6.165156
	 RF_{0}: 0.991831 +/- 0.027388
	 $E_{0}$: 0.257820 +/- 0.066149

Posterior distribution on file posterior_'param'.png

RMSD: 0.036053
Weighted RMSD: 0.036053
RMSD for validation data: 0.403334
RMSD for total data: 1.590718
AIC: 16.072106
AIC for validation data: 16.806668
AIC for total data: 19.181437

#####################################################################

Total time on ABC: 0.474 s
Number of trials: 19805

Fit on file model_fit.png