2021-11-14_04-03-32

Data Source: Número de casos confirmados de COVID-19 no Brasil (on GitHub)
https://raw.githubusercontent.com/wcota/covid19br/master/cases-brazil-cities-time.csv

Rejection ABC fitting of epidemic curves

Model: SEIRD
Parameters: $\beta_{I}$, $\beta_{E}$, $N$, $\mu$, $\gamma$, $t_{c}$, RF_{0}, $E_{0}$
#####################################################################

Number of Samples: 960
Number of Posteriors: 3
RMSD Weights: [1,1]
Training window size: 35
Validation window size: 10

#####################################################################

Posterior No. 2
Execution Time: 0.300 s
Tolerance: eps = 0.053151

Priors' Ranges:

	 $\beta_{I}$: 0.000121 <-> 0.997277
	 $\beta_{E}$: 0.000827 <-> 0.147205
	 $N$: 396968.739690 <-> 25059139.258252
	 $\mu$: 0.001524 <-> 0.009288
	 $\gamma$: 0.154221 <-> 0.995793
	 $t_{c}$: 4.893162 <-> 29.998452
	 RF_{0}: 0.936392 <-> 0.999986
	 $E_{0}$: 0.027585 <-> 0.253003

Estimated parameters (av +/- std):

	 $\beta_{I}$: 0.817927 +/- 0.251118
	 $\beta_{E}$: 0.045522 +/- 0.024185
	 $N$: 13788365.022730 +/- 6208315.935390
	 $\mu$: 0.005301 +/- 0.001280
	 $\gamma$: 0.719175 +/- 0.160273
	 $t_{c}$: 27.902239 +/- 5.583030
	 RF_{0}: 0.951003 +/- 0.014078
	 $E_{0}$: 0.090128 +/- 0.039646

Posterior distribution on file posterior_'param'.png

RMSD: 0.031421
Weighted RMSD: 0.031421
RMSD for validation data: 0.202776
RMSD for total data: 4.359968
AIC: 16.062842
AIC for validation data: 16.405552
AIC for total data: 24.719935

#####################################################################

Total time on ABC: 0.570 s
Number of trials: 20099

Fit on file model_fit.png