2021-11-14_23-05-32

Data Source: Número de casos confirmados de COVID-19 no Brasil (on GitHub)
https://raw.githubusercontent.com/wcota/covid19br/master/cases-brazil-cities-time.csv

Rejection ABC fitting of epidemic curves

Model: SEIRD
Parameters: $\beta_{I}$, $\beta_{E}$, $N$, $\mu$, $\gamma$, $t_{c}$, RF_{0}, $E_{0}$
#####################################################################

Number of Samples: 48
Number of Posteriors: 3
RMSD Weights: [1,1]
Training window size: 15
Validation window size: 10

#####################################################################

Posterior No. 1
Execution Time: 0.102 s
Tolerance: eps = 36.344096

Priors' Ranges:

	 $\beta_{I}$: 0.000000 <-> 1.000000
	 $\beta_{E}$: 0.000000 <-> 1.000000
	 $N$: 331002.647000 <-> 66200529.400000
	 $\mu$: 0.000000 <-> 1.000000
	 $\gamma$: 0.000000 <-> 1.000000
	 $t_{c}$: 0.000000 <-> 30.000000
	 RF_{0}: 0.000000 <-> 1.000000
	 $E_{0}$: 0.000000 <-> 2.000000

Estimated parameters (av +/- std):

	 $\beta_{I}$: 0.270190 +/- 0.286720
	 $\beta_{E}$: 0.556360 +/- 0.288967
	 $N$: 3358404.961435 +/- 19082969.343561
	 $\mu$: 0.002174 +/- 0.228350
	 $\gamma$: 0.423423 +/- 0.266073
	 $t_{c}$: 22.840945 +/- 8.070173
	 RF_{0}: 0.930816 +/- 0.276991
	 $E_{0}$: 1.450791 +/- 0.583305

Posterior distribution on file posterior_'param'.png

RMSD: 0.281708
Weighted RMSD: 0.281708
RMSD for validation data: 1.446366
RMSD for total data: 0.440935
AIC: 16.563416
AIC for validation data: 18.892733
AIC for total data: 16.881869

#####################################################################

Total time on ABC: 0.102 s
Number of trials: 9805

Fit on file model_fit.png