2021-11-14_08-20-25

Data Source: Número de casos confirmados de COVID-19 no Brasil (on GitHub)
https://raw.githubusercontent.com/wcota/covid19br/master/cases-brazil-cities-time.csv

Rejection ABC fitting of epidemic curves

Model: SEIRD
Parameters: $\beta_{I}$, $\beta_{E}$, $N$, $\mu$, $\gamma$, $t_{c}$, RF_{0}, $E_{0}$
#####################################################################

Number of Samples: 48
Number of Posteriors: 3
RMSD Weights: [1,1]
Training window size: 50
Validation window size: 10

#####################################################################

Posterior No. 1
Execution Time: 4.334 s
Tolerance: eps = 0.027039

Priors' Ranges:

	 $\beta_{I}$: 0.000000 <-> 1.000000
	 $\beta_{E}$: 0.000000 <-> 1.000000
	 $N$: 212559.409000 <-> 42511881.800000
	 $\mu$: 0.000000 <-> 1.000000
	 $\gamma$: 0.000000 <-> 1.000000
	 $t_{c}$: 0.000000 <-> 30.000000
	 RF_{0}: 0.000000 <-> 1.000000
	 $E_{0}$: 0.000000 <-> 2.000000

Estimated parameters (av +/- std):

	 $\beta_{I}$: 0.969510 +/- 0.276168
	 $\beta_{E}$: 0.194971 +/- 0.112098
	 $N$: 12621981.348894 +/- 4208656.755022
	 $\mu$: 0.017782 +/- 0.004129
	 $\gamma$: 0.881665 +/- 0.208339
	 $t_{c}$: 16.023116 +/- 5.733269
	 RF_{0}: 0.993412 +/- 0.005424
	 $E_{0}$: 0.078102 +/- 0.030227

Posterior distribution on file posterior_'param'.png

RMSD: 0.012209
Weighted RMSD: 0.012209
RMSD for validation data: 0.146298
RMSD for total data: 0.294386
AIC: 16.024419
AIC for validation data: 16.292595
AIC for total data: 16.588773

#####################################################################

Total time on ABC: 4.334 s
Number of trials: 188220

Fit on file model_fit.png