2021-11-14_05-05-40

Data Source: Número de casos confirmados de COVID-19 no Brasil (on GitHub)
https://raw.githubusercontent.com/wcota/covid19br/master/cases-brazil-cities-time.csv

Rejection ABC fitting of epidemic curves

Model: SEIRD
Parameters: $\beta_{I}$, $\beta_{E}$, $N$, $\mu$, $\gamma$, $t_{c}$, RF_{0}, $E_{0}$
#####################################################################

Number of Samples: 960
Number of Posteriors: 3
RMSD Weights: [1,1]
Training window size: 15
Validation window size: 10

#####################################################################

Posterior No. 3
Execution Time: 0.077 s
Tolerance: eps = 34.393137

Priors' Ranges:

	 $\beta_{I}$: 0.001426 <-> 0.998423
	 $\beta_{E}$: 0.000048 <-> 0.994635
	 $N$: 132055.522804 <-> 25264998.200432
	 $\mu$: 0.000067 <-> 0.976213
	 $\gamma$: 0.020851 <-> 0.999661
	 $t_{c}$: 0.087731 <-> 29.918297
	 RF_{0}: 0.021104 <-> 0.999389
	 $E_{0}$: 0.000227 <-> 1.998014

Estimated parameters (av +/- std):

	 $\beta_{I}$: 0.203508 +/- 0.267198
	 $\beta_{E}$: 0.075025 +/- 0.202570
	 $N$: 4160900.360175 +/- 7361017.839150
	 $\mu$: 0.001438 +/- 0.195858
	 $\gamma$: 0.270281 +/- 0.220578
	 $t_{c}$: 18.798692 +/- 7.011042
	 RF_{0}: 0.975489 +/- 0.236049
	 $E_{0}$: 0.066497 +/- 0.497614

Posterior distribution on file posterior_'param'.png

RMSD: 0.490020
Weighted RMSD: 0.490020
RMSD for validation data: 2.112061
RMSD for total data: 1.663148
AIC: 16.980040
AIC for validation data: 20.224122
AIC for total data: 19.326295

#####################################################################

Total time on ABC: 0.239 s
Number of trials: 13574

Fit on file model_fit.png