2021-11-14_21-02-25

Data Source: Número de casos confirmados de COVID-19 no Brasil (on GitHub)
https://raw.githubusercontent.com/wcota/covid19br/master/cases-brazil-cities-time.csv

Rejection ABC fitting of epidemic curves

Model: SEIRD
Parameters: $\beta_{I}$, $\beta_{E}$, $N$, $\mu$, $\gamma$, $t_{c}$, RF_{0}, $E_{0}$
#####################################################################

Number of Samples: 960
Number of Posteriors: 3
RMSD Weights: [1,1]
Training window size: 40
Validation window size: 10

#####################################################################

Posterior No. 3
Execution Time: 3.392 s
Tolerance: eps = 0.021265

Priors' Ranges:

	 $\beta_{I}$: 0.000896 <-> 0.999202
	 $\beta_{E}$: 0.000677 <-> 0.159143
	 $N$: 11314351.984245 <-> 66051914.865599
	 $\mu$: 0.001564 <-> 0.017011
	 $\gamma$: 0.096453 <-> 0.999933
	 $t_{c}$: 5.217554 <-> 29.968055
	 RF_{0}: 0.920019 <-> 0.995309
	 $E_{0}$: 0.009912 <-> 0.203322

Estimated parameters (av +/- std):

	 $\beta_{I}$: 0.624716 +/- 0.270537
	 $\beta_{E}$: 0.032026 +/- 0.028332
	 $N$: 33098278.833372 +/- 13956822.895368
	 $\mu$: 0.011549 +/- 0.002960
	 $\gamma$: 0.739391 +/- 0.182298
	 $t_{c}$: 28.091060 +/- 4.864789
	 RF_{0}: 0.975601 +/- 0.010331
	 $E_{0}$: 0.163372 +/- 0.033022

Posterior distribution on file posterior_'param'.png

RMSD: 0.012212
Weighted RMSD: 0.012212
RMSD for validation data: 0.161582
RMSD for total data: 0.486610
AIC: 16.024424
AIC for validation data: 16.323164
AIC for total data: 16.973219

#####################################################################

Total time on ABC: 8.032 s
Number of trials: 219752

Fit on file model_fit.png