2021-11-14_06-01-51

Data Source: Número de casos confirmados de COVID-19 no Brasil (on GitHub)
https://raw.githubusercontent.com/wcota/covid19br/master/cases-brazil-cities-time.csv

Rejection ABC fitting of epidemic curves

Model: SEIRD
Parameters: $\beta_{I}$, $\beta_{E}$, $N$, $\mu$, $\gamma$, $t_{c}$, RF_{0}, $E_{0}$
#####################################################################

Number of Samples: 48
Number of Posteriors: 3
RMSD Weights: [1,1]
Training window size: 35
Validation window size: 10

#####################################################################

Posterior No. 1
Execution Time: 1.298 s
Tolerance: eps = 0.034252

Priors' Ranges:

	 $\beta_{I}$: 0.000000 <-> 1.000000
	 $\beta_{E}$: 0.000000 <-> 1.000000
	 $N$: 1380004.385000 <-> 276000877.000000
	 $\mu$: 0.000000 <-> 1.000000
	 $\gamma$: 0.000000 <-> 1.000000
	 $t_{c}$: 0.000000 <-> 30.000000
	 RF_{0}: 0.000000 <-> 1.000000
	 $E_{0}$: 0.000000 <-> 2.000000

Estimated parameters (av +/- std):

	 $\beta_{I}$: 0.065192 +/- 0.208345
	 $\beta_{E}$: 0.036051 +/- 0.017532
	 $N$: 54455962.790493 +/- 73048962.484297
	 $\mu$: 0.004605 +/- 0.002382
	 $\gamma$: 0.392261 +/- 0.181081
	 $t_{c}$: 20.253652 +/- 5.753344
	 RF_{0}: 0.990545 +/- 0.003506
	 $E_{0}$: 0.044579 +/- 0.013583

Posterior distribution on file posterior_'param'.png

RMSD: 0.010522
Weighted RMSD: 0.010522
RMSD for validation data: 0.140164
RMSD for total data: 0.507636
AIC: 16.021044
AIC for validation data: 16.280328
AIC for total data: 17.015271

#####################################################################

Total time on ABC: 1.298 s
Number of trials: 106229

Fit on file model_fit.png