2021-11-14_19-26-42

Data Source: Número de casos confirmados de COVID-19 no Brasil (on GitHub)
https://raw.githubusercontent.com/wcota/covid19br/master/cases-brazil-cities-time.csv

Rejection ABC fitting of epidemic curves

Model: SEIRD
Parameters: $\beta_{I}$, $\beta_{E}$, $N$, $\mu$, $\gamma$, $t_{c}$, RF_{0}, $E_{0}$
#####################################################################

Number of Samples: 960
Number of Posteriors: 3
RMSD Weights: [1,1]
Training window size: 20
Validation window size: 10

#####################################################################

Posterior No. 2
Execution Time: 0.170 s
Tolerance: eps = 0.161673

Priors' Ranges:

	 $\beta_{I}$: 0.002091 <-> 0.989487
	 $\beta_{E}$: 0.006911 <-> 0.988020
	 $N$: 3566783.703531 <-> 5284794.265045
	 $\mu$: 0.000073 <-> 0.016157
	 $\gamma$: 0.003119 <-> 0.635936
	 $t_{c}$: 4.733133 <-> 29.920091
	 RF_{0}: 0.167163 <-> 0.999915
	 $E_{0}$: 0.004265 <-> 0.142680

Estimated parameters (av +/- std):

	 $\beta_{I}$: 0.218008 +/- 0.249358
	 $\beta_{E}$: 0.081675 +/- 0.222370
	 $N$: 5130918.232790 +/- 286449.091254
	 $\mu$: 0.005250 +/- 0.004008
	 $\gamma$: 0.205627 +/- 0.121753
	 $t_{c}$: 26.849992 +/- 6.277251
	 RF_{0}: 0.982204 +/- 0.135900
	 $E_{0}$: 0.048921 +/- 0.020381

Posterior distribution on file posterior_'param'.png

RMSD: 0.024056
Weighted RMSD: 0.024056
RMSD for validation data: 0.364813
RMSD for total data: 0.235091
AIC: 16.048111
AIC for validation data: 16.729626
AIC for total data: 16.470181

#####################################################################

Total time on ABC: 0.311 s
Number of trials: 19574

Fit on file model_fit.png