2022-03-08_15-59-04

Data Source: Número de casos confirmados de COVID-19 no Brasil (on GitHub)
https://raw.githubusercontent.com/wcota/covid19br/master/cases-brazil-cities-time.csv

Rejection ABC fitting of epidemic curves

Model: SEIRD
Parameters: $\beta_{I}$, $\beta_{E}$, $N$, $\mu$, $\gamma$, $t_{c}$, RF_{0}, $E_{0}$
#####################################################################

Number of Samples: 960
Number of Posteriors: 3
RMSD Weights: [1,1]
Training window size: 30
Validation window size: 10

#####################################################################

Posterior No. 2
Execution Time: 2.085 s
Tolerance: eps = 0.021683

Priors' Ranges:

	 $\beta_{I}$: 0.000190 <-> 0.998631
	 $\beta_{E}$: 0.000462 <-> 0.138099
	 $N$: 15580954.819946 <-> 106197205.968393
	 $\mu$: 0.004477 <-> 0.024148
	 $\gamma$: 0.183083 <-> 0.999950
	 $t_{c}$: 6.913385 <-> 29.990535
	 RF_{0}: 0.974428 <-> 0.999978
	 $E_{0}$: 0.030446 <-> 0.159412

Estimated parameters (av +/- std):

	 $\beta_{I}$: 0.915717 +/- 0.248802
	 $\beta_{E}$: 0.025951 +/- 0.027443
	 $N$: 32249365.043721 +/- 24419289.980804
	 $\mu$: 0.017940 +/- 0.003674
	 $\gamma$: 0.771246 +/- 0.164251
	 $t_{c}$: 24.258506 +/- 5.788161
	 RF_{0}: 0.992811 +/- 0.003812
	 $E_{0}$: 0.114895 +/- 0.029113

Posterior distribution on file posterior_'param'.png

RMSD: 0.012837
Weighted RMSD: 0.012837
RMSD for validation data: 0.147667
RMSD for total data: 0.448919
AIC: 16.025675
AIC for validation data: 16.295335
AIC for total data: 16.897839

#####################################################################

Total time on ABC: 3.397 s
Number of trials: 137210

Fit on file model_fit.png