2021-12-01_00-51-50

Data Source: Número de casos confirmados de COVID-19 no Brasil (on GitHub)
https://raw.githubusercontent.com/wcota/covid19br/master/cases-brazil-cities-time.csv

Rejection ABC fitting of epidemic curves

Model: SEIRD
Parameters: $\beta_{I}$, $\beta_{E}$, $N$, $\mu$, $\gamma$, $t_{c}$, RF_{0}, $E_{0}$
#####################################################################

Number of Samples: 48
Number of Posteriors: 3
RMSD Weights: [1,1]
Training window size: 20
Validation window size: 10

#####################################################################

Posterior No. 1
Execution Time: 9.131 s
Tolerance: eps = 38.332561

Priors' Ranges:

	 $\beta_{I}$: 0.000000 <-> 1.000000
	 $\beta_{E}$: 0.000000 <-> 1.000000
	 $N$: 212559.409000 <-> 42511881.800000
	 $\mu$: 0.000000 <-> 1.000000
	 $\gamma$: 0.000000 <-> 1.000000
	 $t_{c}$: 0.000000 <-> 30.000000
	 RF_{0}: 0.000000 <-> 1.000000
	 $E_{0}$: 0.000000 <-> 2.000000

Estimated parameters (av +/- std):

	 $\beta_{I}$: 0.859464 +/- 0.288778
	 $\beta_{E}$: 0.586197 +/- 0.293891
	 $N$: 7783693.073132 +/- 11406665.093785
	 $\mu$: 0.005274 +/- 0.243270
	 $\gamma$: 0.719060 +/- 0.262763
	 $t_{c}$: 7.156598 +/- 8.449153
	 RF_{0}: 0.921470 +/- 0.276322
	 $E_{0}$: 0.009910 +/- 0.590085

Posterior distribution on file posterior_'param'.png

RMSD: 0.091858
Weighted RMSD: 0.091858
RMSD for validation data: 0.455386
RMSD for total data: 0.319216
AIC: 16.183716
AIC for validation data: 16.910773
AIC for total data: 16.638433

#####################################################################

Total time on ABC: 9.131 s
Number of trials: 1004569

Fit on file model_fit.png