2021-11-14_05-08-12

Data Source: Número de casos confirmados de COVID-19 no Brasil (on GitHub)
https://raw.githubusercontent.com/wcota/covid19br/master/cases-brazil-cities-time.csv

Rejection ABC fitting of epidemic curves

Model: SEIRD
Parameters: $\beta_{I}$, $\beta_{E}$, $N$, $\mu$, $\gamma$, $t_{c}$, RF_{0}, $E_{0}$
#####################################################################

Number of Samples: 960
Number of Posteriors: 3
RMSD Weights: [1,1]
Training window size: 30
Validation window size: 10

#####################################################################

Posterior No. 3
Execution Time: 0.072 s
Tolerance: eps = 24.346437

Priors' Ranges:

	 $\beta_{I}$: 0.003480 <-> 0.980961
	 $\beta_{E}$: 0.000095 <-> 0.899210
	 $N$: 148249.045516 <-> 25266370.479944
	 $\mu$: 0.000010 <-> 0.997348
	 $\gamma$: 0.006786 <-> 0.999635
	 $t_{c}$: 0.049243 <-> 29.990686
	 RF_{0}: 0.008376 <-> 0.999320
	 $E_{0}$: 0.000186 <-> 1.983420

Estimated parameters (av +/- std):

	 $\beta_{I}$: 0.325260 +/- 0.243228
	 $\beta_{E}$: 0.218059 +/- 0.090603
	 $N$: 9729233.646044 +/- 7023787.364801
	 $\mu$: 0.007177 +/- 0.246520
	 $\gamma$: 0.739655 +/- 0.212678
	 $t_{c}$: 2.550308 +/- 8.412496
	 RF_{0}: 0.979511 +/- 0.250043
	 $E_{0}$: 0.038743 +/- 0.477287

Posterior distribution on file posterior_'param'.png

RMSD: 0.189587
Weighted RMSD: 0.189587
RMSD for validation data: 1.276637
RMSD for total data: 0.399263
AIC: 16.379173
AIC for validation data: 18.553274
AIC for total data: 16.798525

#####################################################################

Total time on ABC: 0.354 s
Number of trials: 9588

Fit on file model_fit.png