2021-11-14_07-42-31

Data Source: Número de casos confirmados de COVID-19 no Brasil (on GitHub)
https://raw.githubusercontent.com/wcota/covid19br/master/cases-brazil-cities-time.csv

Rejection ABC fitting of epidemic curves

Model: SEIRD
Parameters: $\beta_{I}$, $\beta_{E}$, $N$, $\mu$, $\gamma$, $t_{c}$, RF_{0}, $E_{0}$
#####################################################################

Number of Samples: 960
Number of Posteriors: 3
RMSD Weights: [1,1]
Training window size: 10
Validation window size: 10

#####################################################################

Posterior No. 3
Execution Time: 0.064 s
Tolerance: eps = 86.825652

Priors' Ranges:

	 $\beta_{I}$: 0.002756 <-> 0.998956
	 $\beta_{E}$: 0.002173 <-> 0.991529
	 $N$: 1422608.731386 <-> 275090349.596267
	 $\mu$: 0.000150 <-> 0.915942
	 $\gamma$: 0.025374 <-> 0.997435
	 $t_{c}$: 0.079062 <-> 29.994222
	 RF_{0}: 0.015823 <-> 0.999806
	 $E_{0}$: 0.001689 <-> 1.998481

Estimated parameters (av +/- std):

	 $\beta_{I}$: 0.498000 +/- 0.272047
	 $\beta_{E}$: 0.479836 +/- 0.248708
	 $N$: 4836188.431593 +/- 75300546.804963
	 $\mu$: 0.008484 +/- 0.100384
	 $\gamma$: 0.891149 +/- 0.223517
	 $t_{c}$: 12.826111 +/- 6.872407
	 RF_{0}: 0.998394 +/- 0.233743
	 $E_{0}$: 0.888877 +/- 0.571105

Posterior distribution on file posterior_'param'.png

RMSD: 1.071348
Weighted RMSD: 1.071348
RMSD for validation data: 0.425565
RMSD for total data: 0.341690
AIC: 18.142697
AIC for validation data: 16.851131
AIC for total data: 16.683380

#####################################################################

Total time on ABC: 0.206 s
Number of trials: 14848

Fit on file model_fit.png