2021-11-14_20-35-18

Data Source: Número de casos confirmados de COVID-19 no Brasil (on GitHub)
https://raw.githubusercontent.com/wcota/covid19br/master/cases-brazil-cities-time.csv

Rejection ABC fitting of epidemic curves

Model: SEIRD
Parameters: $\beta_{I}$, $\beta_{E}$, $N$, $\mu$, $\gamma$, $t_{c}$, RF_{0}, $E_{0}$
#####################################################################

Number of Samples: 48
Number of Posteriors: 3
RMSD Weights: [1,1]
Training window size: 30
Validation window size: 10

#####################################################################

Posterior No. 1
Execution Time: 0.186 s
Tolerance: eps = 0.266140

Priors' Ranges:

	 $\beta_{I}$: 0.000000 <-> 1.000000
	 $\beta_{E}$: 0.000000 <-> 1.000000
	 $N$: 67886.004000 <-> 13577200.800000
	 $\mu$: 0.000000 <-> 1.000000
	 $\gamma$: 0.000000 <-> 1.000000
	 $t_{c}$: 0.000000 <-> 30.000000
	 RF_{0}: 0.000000 <-> 1.000000
	 $E_{0}$: 0.000000 <-> 2.000000

Estimated parameters (av +/- std):

	 $\beta_{I}$: 0.284621 +/- 0.288137
	 $\beta_{E}$: 0.282641 +/- 0.097607
	 $N$: 5141994.107237 +/- 3958892.665834
	 $\mu$: 0.024440 +/- 0.286818
	 $\gamma$: 0.312669 +/- 0.285511
	 $t_{c}$: 15.631478 +/- 8.407301
	 RF_{0}: 0.546305 +/- 0.288534
	 $E_{0}$: 1.326692 +/- 0.569152

Posterior distribution on file posterior_'param'.png

RMSD: 0.054653
Weighted RMSD: 0.054653
RMSD for validation data: 1.002022
RMSD for total data: 1.468964
AIC: 16.109307
AIC for validation data: 18.004043
AIC for total data: 18.937928

#####################################################################

Total time on ABC: 0.186 s
Number of trials: 9589

Fit on file model_fit.png