2021-11-14_10-28-32

Data Source: Número de casos confirmados de COVID-19 no Brasil (on GitHub)
https://raw.githubusercontent.com/wcota/covid19br/master/cases-brazil-cities-time.csv

Rejection ABC fitting of epidemic curves

Model: SEIRD
Parameters: $\beta_{I}$, $\beta_{E}$, $N$, $\mu$, $\gamma$, $t_{c}$, RF_{0}, $E_{0}$
#####################################################################

Number of Samples: 960
Number of Posteriors: 3
RMSD Weights: [1,1]
Training window size: 40
Validation window size: 10

#####################################################################

Posterior No. 3
Execution Time: 0.118 s
Tolerance: eps = 6.852026

Priors' Ranges:

	 $\beta_{I}$: 0.001350 <-> 0.998416
	 $\beta_{E}$: 0.000488 <-> 0.999346
	 $N$: 212751.416961 <-> 34459382.622975
	 $\mu$: 0.000072 <-> 0.999307
	 $\gamma$: 0.007955 <-> 0.999993
	 $t_{c}$: 0.036227 <-> 29.959692
	 RF_{0}: 0.001851 <-> 0.999960
	 $E_{0}$: 0.000143 <-> 1.994119

Estimated parameters (av +/- std):

	 $\beta_{I}$: 0.254206 +/- 0.268158
	 $\beta_{E}$: 0.275497 +/- 0.267542
	 $N$: 4706412.448566 +/- 4925201.180834
	 $\mu$: 0.002428 +/- 0.215741
	 $\gamma$: 0.810908 +/- 0.240978
	 $t_{c}$: 23.256896 +/- 7.930842
	 RF_{0}: 0.288895 +/- 0.239054
	 $E_{0}$: 0.756328 +/- 0.558703

Posterior distribution on file posterior_'param'.png

RMSD: 0.235910
Weighted RMSD: 0.235910
RMSD for validation data: 1.785139
RMSD for total data: 0.330805
AIC: 16.471821
AIC for validation data: 19.570278
AIC for total data: 16.661610

#####################################################################

Total time on ABC: 0.433 s
Number of trials: 12195

Fit on file model_fit.png