2021-11-14_20-30-25

Data Source: Número de casos confirmados de COVID-19 no Brasil (on GitHub)
https://raw.githubusercontent.com/wcota/covid19br/master/cases-brazil-cities-time.csv

Rejection ABC fitting of epidemic curves

Model: SEIRD
Parameters: $\beta_{I}$, $\beta_{E}$, $N$, $\mu$, $\gamma$, $t_{c}$, RF_{0}, $E_{0}$
#####################################################################

Number of Samples: 960
Number of Posteriors: 3
RMSD Weights: [1,1]
Training window size: 25
Validation window size: 10

#####################################################################

Posterior No. 3
Execution Time: 0.079 s
Tolerance: eps = 183.101563

Priors' Ranges:

	 $\beta_{I}$: 0.001766 <-> 0.999372
	 $\beta_{E}$: 0.000018 <-> 0.851968
	 $N$: 71164.993983 <-> 10232299.991773
	 $\mu$: 0.000005 <-> 0.997173
	 $\gamma$: 0.023250 <-> 0.998601
	 $t_{c}$: 0.038899 <-> 29.983902
	 RF_{0}: 0.001721 <-> 0.999963
	 $E_{0}$: 0.000604 <-> 1.990800

Estimated parameters (av +/- std):

	 $\beta_{I}$: 0.133306 +/- 0.262885
	 $\beta_{E}$: 0.069022 +/- 0.106800
	 $N$: 2097780.653026 +/- 2709363.139756
	 $\mu$: 0.001376 +/- 0.215156
	 $\gamma$: 0.963596 +/- 0.214961
	 $t_{c}$: 13.837096 +/- 8.119783
	 RF_{0}: 0.193072 +/- 0.257943
	 $E_{0}$: 0.153019 +/- 0.483001

Posterior distribution on file posterior_'param'.png

RMSD: 1.197630
Weighted RMSD: 1.197630
RMSD for validation data: 0.931064
RMSD for total data: 0.433979
AIC: 18.395260
AIC for validation data: 17.862128
AIC for total data: 16.867957

#####################################################################

Total time on ABC: 0.291 s
Number of trials: 10366

Fit on file model_fit.png