2021-11-14_19-26-42

Data Source: Número de casos confirmados de COVID-19 no Brasil (on GitHub)
https://raw.githubusercontent.com/wcota/covid19br/master/cases-brazil-cities-time.csv

Rejection ABC fitting of epidemic curves

Model: SEIRD
Parameters: $\beta_{I}$, $\beta_{E}$, $N$, $\mu$, $\gamma$, $t_{c}$, RF_{0}, $E_{0}$
#####################################################################

Number of Samples: 960
Number of Posteriors: 3
RMSD Weights: [1,1]
Training window size: 45
Validation window size: 10

#####################################################################

Posterior No. 2
Execution Time: 0.081 s
Tolerance: eps = 0.352523

Priors' Ranges:

	 $\beta_{I}$: 0.000125 <-> 0.963385
	 $\beta_{E}$: 0.000012 <-> 0.306047
	 $N$: 120241.918295 <-> 13563170.964401
	 $\mu$: 0.019748 <-> 0.252407
	 $\gamma$: 0.014415 <-> 0.999605
	 $t_{c}$: 0.040827 <-> 25.350124
	 RF_{0}: 0.002687 <-> 0.998277
	 $E_{0}$: 0.001543 <-> 1.979067

Estimated parameters (av +/- std):

	 $\beta_{I}$: 0.126773 +/- 0.208653
	 $\beta_{E}$: 0.292125 +/- 0.055160
	 $N$: 8429179.281676 +/- 3602964.162410
	 $\mu$: 0.116481 +/- 0.049088
	 $\gamma$: 0.647803 +/- 0.159046
	 $t_{c}$: 2.809390 +/- 4.925367
	 RF_{0}: 0.683120 +/- 0.268443
	 $E_{0}$: 0.134696 +/- 0.433285

Posterior distribution on file posterior_'param'.png

RMSD: 0.040483
Weighted RMSD: 0.040483
RMSD for validation data: 1.403966
RMSD for total data: 0.498554
AIC: 16.080966
AIC for validation data: 18.807933
AIC for total data: 16.997107

#####################################################################

Total time on ABC: 0.196 s
Number of trials: 5103

Fit on file model_fit.png