2021-11-14_21-31-10

Data Source: Número de casos confirmados de COVID-19 no Brasil (on GitHub)
https://raw.githubusercontent.com/wcota/covid19br/master/cases-brazil-cities-time.csv

Rejection ABC fitting of epidemic curves

Model: SEIRD
Parameters: $\beta_{I}$, $\beta_{E}$, $N$, $\mu$, $\gamma$, $t_{c}$, RF_{0}, $E_{0}$
#####################################################################

Number of Samples: 960
Number of Posteriors: 3
RMSD Weights: [1,1]
Training window size: 35
Validation window size: 10

#####################################################################

Posterior No. 2
Execution Time: 0.092 s
Tolerance: eps = 0.102980

Priors' Ranges:

	 $\beta_{I}$: 0.002810 <-> 0.999698
	 $\beta_{E}$: 0.078739 <-> 0.413623
	 $N$: 1767415.339389 <-> 2149029.341669
	 $\mu$: 0.012238 <-> 0.064247
	 $\gamma$: 0.267583 <-> 0.998105
	 $t_{c}$: 22.512421 <-> 29.989898
	 RF_{0}: 0.801344 <-> 0.999866
	 $E_{0}$: 0.871497 <-> 1.914545

Estimated parameters (av +/- std):

	 $\beta_{I}$: 0.027288 +/- 0.266567
	 $\beta_{E}$: 0.205749 +/- 0.064636
	 $N$: 2080690.238456 +/- 76938.193169
	 $\mu$: 0.047151 +/- 0.010038
	 $\gamma$: 0.914156 +/- 0.190744
	 $t_{c}$: 29.485711 +/- 1.191635
	 RF_{0}: 0.934936 +/- 0.045677
	 $E_{0}$: 0.998141 +/- 0.181251

Posterior distribution on file posterior_'param'.png

RMSD: 0.060050
Weighted RMSD: 0.060050
RMSD for validation data: 0.867559
RMSD for total data: 0.399907
AIC: 16.120100
AIC for validation data: 17.735119
AIC for total data: 16.799814

#####################################################################

Total time on ABC: 0.280 s
Number of trials: 5518

Fit on file model_fit.png