2022-03-08_16-35-49

Data Source: Número de casos confirmados de COVID-19 no Brasil (on GitHub)
https://raw.githubusercontent.com/wcota/covid19br/master/cases-brazil-cities-time.csv

Rejection ABC fitting of epidemic curves

Model: SEIRD
Parameters: $\beta_{I}$, $\beta_{E}$, $N$, $\mu$, $\gamma$, $t_{c}$, RF_{0}, $E_{0}$
#####################################################################

Number of Samples: 960
Number of Posteriors: 3
RMSD Weights: [1,1]
Training window size: 40
Validation window size: 10

#####################################################################

Posterior No. 2
Execution Time: 1.144 s
Tolerance: eps = 0.042319

Priors' Ranges:

	 $\beta_{I}$: 0.000528 <-> 0.998525
	 $\beta_{E}$: 0.000925 <-> 0.178664
	 $N$: 2186909.144876 <-> 106255584.792857
	 $\mu$: 0.009692 <-> 0.064709
	 $\gamma$: 0.159771 <-> 0.998766
	 $t_{c}$: 4.317703 <-> 29.961035
	 RF_{0}: 0.007636 <-> 0.996559
	 $E_{0}$: 0.101603 <-> 1.999107

Estimated parameters (av +/- std):

	 $\beta_{I}$: 0.221530 +/- 0.260236
	 $\beta_{E}$: 0.033781 +/- 0.025169
	 $N$: 42070856.035920 +/- 28848444.698520
	 $\mu$: 0.009692 +/- 0.009598
	 $\gamma$: 0.159771 +/- 0.169773
	 $t_{c}$: 22.925987 +/- 5.439041
	 RF_{0}: 0.055253 +/- 0.237387
	 $E_{0}$: 1.582307 +/- 0.416923

Posterior distribution on file posterior_'param'.png

RMSD: 0.020662
Weighted RMSD: 0.020662
RMSD for validation data: 0.472506
RMSD for total data: 0.347795
AIC: 16.041324
AIC for validation data: 16.945012
AIC for total data: 16.695590

#####################################################################

Total time on ABC: 2.033 s
Number of trials: 80608

Fit on file model_fit.png