2021-11-14_04-14-21

Data Source: Número de casos confirmados de COVID-19 no Brasil (on GitHub)
https://raw.githubusercontent.com/wcota/covid19br/master/cases-brazil-cities-time.csv

Rejection ABC fitting of epidemic curves

Model: SEIRD
Parameters: $\beta_{I}$, $\beta_{E}$, $N$, $\mu$, $\gamma$, $t_{c}$, RF_{0}, $E_{0}$
#####################################################################

Number of Samples: 960
Number of Posteriors: 3
RMSD Weights: [1,1]
Training window size: 20
Validation window size: 10

#####################################################################

Posterior No. 2
Execution Time: 0.308 s
Tolerance: eps = 0.050005

Priors' Ranges:

	 $\beta_{I}$: 0.001570 <-> 0.997804
	 $\beta_{E}$: 0.000493 <-> 0.135188
	 $N$: 883252.283971 <-> 25226977.478460
	 $\mu$: 0.003056 <-> 0.018510
	 $\gamma$: 0.203679 <-> 0.999583
	 $t_{c}$: 3.451143 <-> 29.957486
	 RF_{0}: 0.954012 <-> 0.999354
	 $E_{0}$: 0.004765 <-> 0.124154

Estimated parameters (av +/- std):

	 $\beta_{I}$: 0.656184 +/- 0.250972
	 $\beta_{E}$: 0.017086 +/- 0.023677
	 $N$: 14844059.922142 +/- 6367961.430297
	 $\mu$: 0.005736 +/- 0.003057
	 $\gamma$: 0.383680 +/- 0.187111
	 $t_{c}$: 24.844956 +/- 6.047917
	 RF_{0}: 0.978770 +/- 0.006646
	 $E_{0}$: 0.054590 +/- 0.023335

Posterior distribution on file posterior_'param'.png

RMSD: 0.032909
Weighted RMSD: 0.032909
RMSD for validation data: 0.335149
RMSD for total data: 0.935304
AIC: 16.065819
AIC for validation data: 16.670298
AIC for total data: 17.870607

#####################################################################

Total time on ABC: 0.911 s
Number of trials: 29687

Fit on file model_fit.png