2021-11-14_06-01-51

Data Source: Número de casos confirmados de COVID-19 no Brasil (on GitHub)
https://raw.githubusercontent.com/wcota/covid19br/master/cases-brazil-cities-time.csv

Rejection ABC fitting of epidemic curves

Model: SEIRD
Parameters: $\beta_{I}$, $\beta_{E}$, $N$, $\mu$, $\gamma$, $t_{c}$, RF_{0}, $E_{0}$
#####################################################################

Number of Samples: 48
Number of Posteriors: 3
RMSD Weights: [1,1]
Training window size: 50
Validation window size: 10

#####################################################################

Posterior No. 1
Execution Time: 1.784 s
Tolerance: eps = 0.040413

Priors' Ranges:

	 $\beta_{I}$: 0.000000 <-> 1.000000
	 $\beta_{E}$: 0.000000 <-> 1.000000
	 $N$: 1380004.385000 <-> 276000877.000000
	 $\mu$: 0.000000 <-> 1.000000
	 $\gamma$: 0.000000 <-> 1.000000
	 $t_{c}$: 0.000000 <-> 30.000000
	 RF_{0}: 0.000000 <-> 1.000000
	 $E_{0}$: 0.000000 <-> 2.000000

Estimated parameters (av +/- std):

	 $\beta_{I}$: 0.691904 +/- 0.175472
	 $\beta_{E}$: 0.098581 +/- 0.080068
	 $N$: 37869889.954527 +/- 70120553.907950
	 $\mu$: 0.030469 +/- 0.004502
	 $\gamma$: 0.861777 +/- 0.116489
	 $t_{c}$: 5.573274 +/- 1.809904
	 RF_{0}: 0.168516 +/- 0.221704
	 $E_{0}$: 1.831916 +/- 0.369785

Posterior distribution on file posterior_'param'.png

RMSD: 0.012663
Weighted RMSD: 0.012663
RMSD for validation data: 0.254914
RMSD for total data: 0.713247
AIC: 16.025327
AIC for validation data: 16.509829
AIC for total data: 17.426495

#####################################################################

Total time on ABC: 1.784 s
Number of trials: 145046

Fit on file model_fit.png