2021-11-14_19-38-02

Data Source: Número de casos confirmados de COVID-19 no Brasil (on GitHub)
https://raw.githubusercontent.com/wcota/covid19br/master/cases-brazil-cities-time.csv

Rejection ABC fitting of epidemic curves

Model: SEIRD
Parameters: $\beta_{I}$, $\beta_{E}$, $N$, $\mu$, $\gamma$, $t_{c}$, RF_{0}, $E_{0}$
#####################################################################

Number of Samples: 48
Number of Posteriors: 3
RMSD Weights: [1,1]
Training window size: 45
Validation window size: 10

#####################################################################

Posterior No. 1
Execution Time: 1.397 s
Tolerance: eps = 0.039671

Priors' Ranges:

	 $\beta_{I}$: 0.000000 <-> 1.000000
	 $\beta_{E}$: 0.000000 <-> 1.000000
	 $N$: 51269.183000 <-> 10253836.600000
	 $\mu$: 0.000000 <-> 1.000000
	 $\gamma$: 0.000000 <-> 1.000000
	 $t_{c}$: 0.000000 <-> 30.000000
	 RF_{0}: 0.000000 <-> 1.000000
	 $E_{0}$: 0.000000 <-> 2.000000

Estimated parameters (av +/- std):

	 $\beta_{I}$: 0.072854 +/- 0.101908
	 $\beta_{E}$: 0.068582 +/- 0.024110
	 $N$: 5362097.946647 +/- 2143188.893016
	 $\mu$: 0.008088 +/- 0.001582
	 $\gamma$: 0.397907 +/- 0.066343
	 $t_{c}$: 13.587467 +/- 5.410732
	 RF_{0}: 0.960201 +/- 0.013139
	 $E_{0}$: 0.038600 +/- 0.021741

Posterior distribution on file posterior_'param'.png

RMSD: 0.019343
Weighted RMSD: 0.019343
RMSD for validation data: 0.207805
RMSD for total data: 0.433979
AIC: 16.038686
AIC for validation data: 16.415609
AIC for total data: 16.867957

#####################################################################

Total time on ABC: 1.397 s
Number of trials: 68142

Fit on file model_fit.png