2021-11-14_05-08-12

Data Source: Número de casos confirmados de COVID-19 no Brasil (on GitHub)
https://raw.githubusercontent.com/wcota/covid19br/master/cases-brazil-cities-time.csv

Rejection ABC fitting of epidemic curves

Model: SEIRD
Parameters: $\beta_{I}$, $\beta_{E}$, $N$, $\mu$, $\gamma$, $t_{c}$, RF_{0}, $E_{0}$
#####################################################################

Number of Samples: 960
Number of Posteriors: 3
RMSD Weights: [1,1]
Training window size: 15
Validation window size: 10

#####################################################################

Posterior No. 3
Execution Time: 0.044 s
Tolerance: eps = 36.736062

Priors' Ranges:

	 $\beta_{I}$: 0.000273 <-> 0.999340
	 $\beta_{E}$: 0.000120 <-> 0.474253
	 $N$: 132862.837765 <-> 25242981.423580
	 $\mu$: 0.000029 <-> 0.990214
	 $\gamma$: 0.016740 <-> 0.996672
	 $t_{c}$: 0.098136 <-> 29.998247
	 RF_{0}: 0.001579 <-> 0.999305
	 $E_{0}$: 0.001084 <-> 1.991618

Estimated parameters (av +/- std):

	 $\beta_{I}$: 0.581348 +/- 0.275726
	 $\beta_{E}$: 0.147635 +/- 0.084983
	 $N$: 21204712.008854 +/- 7038877.079835
	 $\mu$: 0.419129 +/- 0.226781
	 $\gamma$: 0.341469 +/- 0.231564
	 $t_{c}$: 21.555469 +/- 6.964035
	 RF_{0}: 0.997436 +/- 0.220217
	 $E_{0}$: 0.003259 +/- 0.450144

Posterior distribution on file posterior_'param'.png

RMSD: 0.699768
Weighted RMSD: 0.699768
RMSD for validation data: 4.571001
RMSD for total data: 454.537645
AIC: 17.399536
AIC for validation data: 25.142001
AIC for total data: 925.075291

#####################################################################

Total time on ABC: 0.188 s
Number of trials: 8195

Fit on file model_fit.png