2021-11-14_06-19-53

Data Source: Número de casos confirmados de COVID-19 no Brasil (on GitHub)
https://raw.githubusercontent.com/wcota/covid19br/master/cases-brazil-cities-time.csv

Rejection ABC fitting of epidemic curves

Model: SEIRD
Parameters: $\beta_{I}$, $\beta_{E}$, $N$, $\mu$, $\gamma$, $t_{c}$, RF_{0}, $E_{0}$
#####################################################################

Number of Samples: 960
Number of Posteriors: 3
RMSD Weights: [1,1]
Training window size: 35
Validation window size: 10

#####################################################################

Posterior No. 3
Execution Time: 0.178 s
Tolerance: eps = 112.330660

Priors' Ranges:

	 $\beta_{I}$: 0.000383 <-> 0.981345
	 $\beta_{E}$: 0.000144 <-> 0.997249
	 $N$: 86272.869845 <-> 16719245.442546
	 $\mu$: 0.000044 <-> 0.969565
	 $\gamma$: 0.000064 <-> 0.999920
	 $t_{c}$: 0.045717 <-> 29.990717
	 RF_{0}: 0.003917 <-> 0.999837
	 $E_{0}$: 0.001029 <-> 1.996501

Estimated parameters (av +/- std):

	 $\beta_{I}$: 0.144453 +/- 0.257273
	 $\beta_{E}$: 0.044286 +/- 0.256192
	 $N$: 11476853.059296 +/- 4997942.092122
	 $\mu$: 0.014372 +/- 0.183606
	 $\gamma$: 0.877519 +/- 0.214305
	 $t_{c}$: 4.716474 +/- 8.673755
	 RF_{0}: 0.949661 +/- 0.268567
	 $E_{0}$: 0.051324 +/- 0.548884

Posterior distribution on file posterior_'param'.png

RMSD: 0.935098
Weighted RMSD: 0.935098
RMSD for validation data: 5.458175
RMSD for total data: 0.415608
AIC: 17.870196
AIC for validation data: 26.916351
AIC for total data: 16.831215

#####################################################################

Total time on ABC: 0.542 s
Number of trials: 23717

Fit on file model_fit.png