2021-11-14_07-39-52

Data Source: Número de casos confirmados de COVID-19 no Brasil (on GitHub)
https://raw.githubusercontent.com/wcota/covid19br/master/cases-brazil-cities-time.csv

Rejection ABC fitting of epidemic curves

Model: SEIRD
Parameters: $\beta_{I}$, $\beta_{E}$, $N$, $\mu$, $\gamma$, $t_{c}$, RF_{0}, $E_{0}$
#####################################################################

Number of Samples: 48
Number of Posteriors: 3
RMSD Weights: [1,1]
Training window size: 40
Validation window size: 10

#####################################################################

Posterior No. 1
Execution Time: 0.242 s
Tolerance: eps = 20.854976

Priors' Ranges:

	 $\beta_{I}$: 0.000000 <-> 1.000000
	 $\beta_{E}$: 0.000000 <-> 1.000000
	 $N$: 1380004.385000 <-> 276000877.000000
	 $\mu$: 0.000000 <-> 1.000000
	 $\gamma$: 0.000000 <-> 1.000000
	 $t_{c}$: 0.000000 <-> 30.000000
	 RF_{0}: 0.000000 <-> 1.000000
	 $E_{0}$: 0.000000 <-> 2.000000

Estimated parameters (av +/- std):

	 $\beta_{I}$: 0.497000 +/- 0.280065
	 $\beta_{E}$: 0.045689 +/- 0.272754
	 $N$: 87071158.739377 +/- 87215011.872612
	 $\mu$: 0.007233 +/- 0.303014
	 $\gamma$: 0.951925 +/- 0.259717
	 $t_{c}$: 17.458545 +/- 9.484531
	 RF_{0}: 0.824913 +/- 0.280372
	 $E_{0}$: 0.560360 +/- 0.569731

Posterior distribution on file posterior_'param'.png

RMSD: 0.132353
Weighted RMSD: 0.132353
RMSD for validation data: 0.949173
RMSD for total data: 0.507581
AIC: 16.264706
AIC for validation data: 17.898347
AIC for total data: 17.015161

#####################################################################

Total time on ABC: 0.242 s
Number of trials: 10099

Fit on file model_fit.png