2021-11-14_04-49-43

Data Source: Número de casos confirmados de COVID-19 no Brasil (on GitHub)
https://raw.githubusercontent.com/wcota/covid19br/master/cases-brazil-cities-time.csv

Rejection ABC fitting of epidemic curves

Model: SEIRD
Parameters: $\beta_{I}$, $\beta_{E}$, $N$, $\mu$, $\gamma$, $t_{c}$, RF_{0}, $E_{0}$
#####################################################################

Number of Samples: 960
Number of Posteriors: 3
RMSD Weights: [1,1]
Training window size: 30
Validation window size: 10

#####################################################################

Posterior No. 2
Execution Time: 1.400 s
Tolerance: eps = 0.625713

Priors' Ranges:

	 $\beta_{I}$: 0.000359 <-> 0.987933
	 $\beta_{E}$: 0.000220 <-> 0.814505
	 $N$: 90004.459466 <-> 16739159.374435
	 $\mu$: 0.000656 <-> 0.982083
	 $\gamma$: 0.015873 <-> 0.998162
	 $t_{c}$: 0.075681 <-> 29.921774
	 RF_{0}: 0.001393 <-> 0.999031
	 $E_{0}$: 0.000168 <-> 1.971919

Estimated parameters (av +/- std):

	 $\beta_{I}$: 0.072381 +/- 0.252222
	 $\beta_{E}$: 0.254741 +/- 0.079113
	 $N$: 6712643.238702 +/- 4458497.313625
	 $\mu$: 0.005010 +/- 0.252624
	 $\gamma$: 0.332097 +/- 0.229853
	 $t_{c}$: 4.009715 +/- 8.488536
	 RF_{0}: 0.052312 +/- 0.253871
	 $E_{0}$: 0.986433 +/- 0.501770

Posterior distribution on file posterior_'param'.png

RMSD: 0.231073
Weighted RMSD: 0.231073
RMSD for validation data: 0.375269
RMSD for total data: 0.191555
AIC: 16.462146
AIC for validation data: 16.750538
AIC for total data: 16.383111

#####################################################################

Total time on ABC: 1.560 s
Number of trials: 8627

Fit on file model_fit.png