2021-11-29_21-52-43

Data Source: Número de casos confirmados de COVID-19 no Brasil (on GitHub)
https://raw.githubusercontent.com/wcota/covid19br/master/cases-brazil-cities-time.csv

Rejection ABC fitting of epidemic curves

Model: SEIRD
Parameters: $\beta_{I}$, $\beta_{E}$, $N$, $\mu$, $\gamma$, $t_{c}$, RF_{0}, $E_{0}$
#####################################################################

Number of Samples: 9984
Number of Posteriors: 3
RMSD Weights: [1,1]
Training window size: 30
Validation window size: 10

#####################################################################

Posterior No. 2
Execution Time: 2.282 s
Tolerance: eps = 3.686989

Priors' Ranges:

	 $\beta_{I}$: 0.000003 <-> 0.999921
	 $\beta_{E}$: 0.000042 <-> 0.999347
	 $N$: 213178.012204 <-> 42502432.820253
	 $\mu$: 0.000008 <-> 0.998667
	 $\gamma$: 0.003868 <-> 0.999967
	 $t_{c}$: 0.039614 <-> 29.995887
	 RF_{0}: 0.000988 <-> 0.999959
	 $E_{0}$: 0.000002 <-> 1.999642

Estimated parameters (av +/- std):

	 $\beta_{I}$: 0.567187 +/- 0.266482
	 $\beta_{E}$: 0.021903 +/- 0.272254
	 $N$: 18448182.546762 +/- 11525454.819082
	 $\mu$: 0.023036 +/- 0.213416
	 $\gamma$: 0.851094 +/- 0.213543
	 $t_{c}$: 23.037003 +/- 8.160894
	 RF_{0}: 0.868157 +/- 0.256820
	 $E_{0}$: 0.888282 +/- 0.544825

Posterior distribution on file posterior_'param'.png

RMSD: 0.023443
Weighted RMSD: 0.023443
RMSD for validation data: 0.197815
RMSD for total data: 0.449497
AIC: 16.046886
AIC for validation data: 16.395631
AIC for total data: 16.898994

#####################################################################

Total time on ABC: 4.007 s
Number of trials: 178119

Fit on file model_fit.png