2022-03-08_16-07-57

Data Source: Número de casos confirmados de COVID-19 no Brasil (on GitHub)
https://raw.githubusercontent.com/wcota/covid19br/master/cases-brazil-cities-time.csv

Rejection ABC fitting of epidemic curves

Model: SEIRD
Parameters: $\beta_{I}$, $\beta_{E}$, $N$, $\mu$, $\gamma$, $t_{c}$, RF_{0}, $E_{0}$
#####################################################################

Number of Samples: 48
Number of Posteriors: 3
RMSD Weights: [1,1]
Training window size: 30
Validation window size: 10

#####################################################################

Posterior No. 1
Execution Time: 0.112 s
Tolerance: eps = 0.08

Priors' Ranges:

	 $\beta_{I}$: 0.000000 <-> 1.000000
	 $\beta_{E}$: 0.000000 <-> 1.000000
	 $N$: 2125594.090000 <-> 106279704.500000
	 $\mu$: 0.000000 <-> 1.000000
	 $\gamma$: 0.000000 <-> 1.000000
	 $t_{c}$: 0.000000 <-> 30.000000
	 RF_{0}: 0.000000 <-> 1.000000
	 $E_{0}$: 0.000000 <-> 2.000000

Estimated parameters (av +/- std):

	 $\beta_{I}$: 0.310383 +/- 0.250911
	 $\beta_{E}$: 0.060347 +/- 0.025512
	 $N$: 7608233.357952 +/- 29350815.878427
	 $\mu$: 0.031227 +/- 0.010141
	 $\gamma$: 0.684231 +/- 0.195671
	 $t_{c}$: 24.552760 +/- 5.822540
	 RF_{0}: 0.728839 +/- 0.177435
	 $E_{0}$: 1.603967 +/- 0.430375

Posterior distribution on file posterior_'param'.png

RMSD: 0.018833
Weighted RMSD: 0.018833
RMSD for validation data: 0.261696
RMSD for total data: 0.402539
AIC: 16.037666
AIC for validation data: 16.523392
AIC for total data: 16.805078

#####################################################################

Total time on ABC: 0.112 s
Number of trials: 7242

Fit on file model_fit.png