2021-11-14_05-05-40

Data Source: Número de casos confirmados de COVID-19 no Brasil (on GitHub)
https://raw.githubusercontent.com/wcota/covid19br/master/cases-brazil-cities-time.csv

Rejection ABC fitting of epidemic curves

Model: SEIRD
Parameters: $\beta_{I}$, $\beta_{E}$, $N$, $\mu$, $\gamma$, $t_{c}$, RF_{0}, $E_{0}$
#####################################################################

Number of Samples: 48
Number of Posteriors: 3
RMSD Weights: [1,1]
Training window size: 30
Validation window size: 10

#####################################################################

Posterior No. 1
Execution Time: 0.178 s
Tolerance: eps = 97.622759

Priors' Ranges:

	 $\beta_{I}$: 0.000000 <-> 1.000000
	 $\beta_{E}$: 0.000000 <-> 1.000000
	 $N$: 126476.458000 <-> 25295291.600000
	 $\mu$: 0.000000 <-> 1.000000
	 $\gamma$: 0.000000 <-> 1.000000
	 $t_{c}$: 0.000000 <-> 30.000000
	 RF_{0}: 0.000000 <-> 1.000000
	 $E_{0}$: 0.000000 <-> 2.000000

Estimated parameters (av +/- std):

	 $\beta_{I}$: 0.655554 +/- 0.274003
	 $\beta_{E}$: 0.032625 +/- 0.177015
	 $N$: 5938353.619563 +/- 7531468.343243
	 $\mu$: 0.175402 +/- 0.300773
	 $\gamma$: 0.719445 +/- 0.260239
	 $t_{c}$: 27.913769 +/- 9.522758
	 RF_{0}: 0.971904 +/- 0.289835
	 $E_{0}$: 0.049723 +/- 0.539210

Posterior distribution on file posterior_'param'.png

RMSD: 0.791629
Weighted RMSD: 0.791629
RMSD for validation data: 24.848779
RMSD for total data: 0.387003
AIC: 17.583258
AIC for validation data: 65.697558
AIC for total data: 16.774006

#####################################################################

Total time on ABC: 0.178 s
Number of trials: 9681

Fit on file model_fit.png