2021-11-14_06-20-09

Data Source: Número de casos confirmados de COVID-19 no Brasil (on GitHub)
https://raw.githubusercontent.com/wcota/covid19br/master/cases-brazil-cities-time.csv

Rejection ABC fitting of epidemic curves

Model: SEIRD
Parameters: $\beta_{I}$, $\beta_{E}$, $N$, $\mu$, $\gamma$, $t_{c}$, RF_{0}, $E_{0}$
#####################################################################

Number of Samples: 960
Number of Posteriors: 3
RMSD Weights: [1,1]
Training window size: 45
Validation window size: 10

#####################################################################

Posterior No. 2
Execution Time: 0.251 s
Tolerance: eps = 0.069583

Priors' Ranges:

	 $\beta_{I}$: 0.002794 <-> 0.994856
	 $\beta_{E}$: 0.000942 <-> 0.128922
	 $N$: 1543079.185025 <-> 274381947.988182
	 $\mu$: 0.006524 <-> 0.037750
	 $\gamma$: 0.182413 <-> 0.999410
	 $t_{c}$: 6.216269 <-> 29.912398
	 RF_{0}: 0.207208 <-> 0.999870
	 $E_{0}$: 0.120380 <-> 1.998362

Estimated parameters (av +/- std):

	 $\beta_{I}$: 0.990352 +/- 0.257062
	 $\beta_{E}$: 0.009052 +/- 0.023327
	 $N$: 98839212.483849 +/- 75328505.096615
	 $\mu$: 0.020702 +/- 0.005712
	 $\gamma$: 0.612283 +/- 0.185798
	 $t_{c}$: 17.692067 +/- 5.308090
	 RF_{0}: 0.944681 +/- 0.153662
	 $E_{0}$: 1.094762 +/- 0.424832

Posterior distribution on file posterior_'param'.png

RMSD: 0.024455
Weighted RMSD: 0.024455
RMSD for validation data: 0.224098
RMSD for total data: 0.417252
AIC: 16.048911
AIC for validation data: 16.448196
AIC for total data: 16.834504

#####################################################################

Total time on ABC: 0.369 s
Number of trials: 13726

Fit on file model_fit.png