2022-03-08_16-22-08

Data Source: Número de casos confirmados de COVID-19 no Brasil (on GitHub)
https://raw.githubusercontent.com/wcota/covid19br/master/cases-brazil-cities-time.csv

Rejection ABC fitting of epidemic curves

Model: SEIRD
Parameters: $\beta_{I}$, $\beta_{E}$, $N$, $\mu$, $\gamma$, $t_{c}$, RF_{0}, $E_{0}$
#####################################################################

Number of Samples: 960
Number of Posteriors: 3
RMSD Weights: [1,1]
Training window size: 40
Validation window size: 10

#####################################################################

Posterior No. 2
Execution Time: 11.444 s
Tolerance: eps = 0.017062

Priors' Ranges:

	 $\beta_{I}$: 0.000351 <-> 0.999217
	 $\beta_{E}$: 0.000335 <-> 0.106133
	 $N$: 17517717.240787 <-> 106157992.954578
	 $\mu$: 0.007102 <-> 0.023999
	 $\gamma$: 0.299794 <-> 0.998654
	 $t_{c}$: 8.283757 <-> 29.987720
	 RF_{0}: 0.978737 <-> 0.999425
	 $E_{0}$: 0.043751 <-> 0.162952

Estimated parameters (av +/- std):

	 $\beta_{I}$: 0.528975 +/- 0.257257
	 $\beta_{E}$: 0.023736 +/- 0.019569
	 $N$: 79005638.139339 +/- 23647384.857597
	 $\mu$: 0.015496 +/- 0.003422
	 $\gamma$: 0.685569 +/- 0.151318
	 $t_{c}$: 24.785815 +/- 4.300610
	 RF_{0}: 0.989523 +/- 0.003561
	 $E_{0}$: 0.124464 +/- 0.021800

Posterior distribution on file posterior_'param'.png

RMSD: 0.013784
Weighted RMSD: 0.013784
RMSD for validation data: 0.222604
RMSD for total data: 0.449497
AIC: 16.027569
AIC for validation data: 16.445208
AIC for total data: 16.898995

#####################################################################

Total time on ABC: 16.084 s
Number of trials: 580553

Fit on file model_fit.png