2021-11-14_05-08-12

Data Source: Número de casos confirmados de COVID-19 no Brasil (on GitHub)
https://raw.githubusercontent.com/wcota/covid19br/master/cases-brazil-cities-time.csv

Rejection ABC fitting of epidemic curves

Model: SEIRD
Parameters: $\beta_{I}$, $\beta_{E}$, $N$, $\mu$, $\gamma$, $t_{c}$, RF_{0}, $E_{0}$
#####################################################################

Number of Samples: 48
Number of Posteriors: 3
RMSD Weights: [1,1]
Training window size: 30
Validation window size: 10

#####################################################################

Posterior No. 1
Execution Time: 0.154 s
Tolerance: eps = 38.929000

Priors' Ranges:

	 $\beta_{I}$: 0.000000 <-> 1.000000
	 $\beta_{E}$: 0.000000 <-> 1.000000
	 $N$: 126476.458000 <-> 25295291.600000
	 $\mu$: 0.000000 <-> 1.000000
	 $\gamma$: 0.000000 <-> 1.000000
	 $t_{c}$: 0.000000 <-> 30.000000
	 RF_{0}: 0.000000 <-> 1.000000
	 $E_{0}$: 0.000000 <-> 2.000000

Estimated parameters (av +/- std):

	 $\beta_{I}$: 0.313400 +/- 0.293654
	 $\beta_{E}$: 0.159289 +/- 0.268411
	 $N$: 18852491.607277 +/- 7867183.353424
	 $\mu$: 0.006060 +/- 0.287225
	 $\gamma$: 0.680908 +/- 0.258043
	 $t_{c}$: 1.275453 +/- 8.899970
	 RF_{0}: 0.918201 +/- 0.286942
	 $E_{0}$: 0.023761 +/- 0.562109

Posterior distribution on file posterior_'param'.png

RMSD: 0.348390
Weighted RMSD: 0.348390
RMSD for validation data: 2.659595
RMSD for total data: 0.399269
AIC: 16.696780
AIC for validation data: 21.319190
AIC for total data: 16.798537

#####################################################################

Total time on ABC: 0.154 s
Number of trials: 8967

Fit on file model_fit.png