2021-11-14_04-03-32

Data Source: Número de casos confirmados de COVID-19 no Brasil (on GitHub)
https://raw.githubusercontent.com/wcota/covid19br/master/cases-brazil-cities-time.csv

Rejection ABC fitting of epidemic curves

Model: SEIRD
Parameters: $\beta_{I}$, $\beta_{E}$, $N$, $\mu$, $\gamma$, $t_{c}$, RF_{0}, $E_{0}$
#####################################################################

Number of Samples: 960
Number of Posteriors: 3
RMSD Weights: [1,1]
Training window size: 40
Validation window size: 10

#####################################################################

Posterior No. 2
Execution Time: 3.992 s
Tolerance: eps = 0.025848

Priors' Ranges:

	 $\beta_{I}$: 0.000089 <-> 0.518533
	 $\beta_{E}$: 0.000092 <-> 0.111959
	 $N$: 374835.772620 <-> 25261533.158048
	 $\mu$: 0.000736 <-> 0.004590
	 $\gamma$: 0.003986 <-> 0.368667
	 $t_{c}$: 3.842882 <-> 29.982235
	 RF_{0}: 0.935763 <-> 0.999986
	 $E_{0}$: 0.088293 <-> 0.627444

Estimated parameters (av +/- std):

	 $\beta_{I}$: 0.125091 +/- 0.085787
	 $\beta_{E}$: 0.011735 +/- 0.017589
	 $N$: 17518233.413769 +/- 6589070.210609
	 $\mu$: 0.001503 +/- 0.000710
	 $\gamma$: 0.080407 +/- 0.065266
	 $t_{c}$: 26.658810 +/- 4.945447
	 RF_{0}: 0.997889 +/- 0.013440
	 $E_{0}$: 0.505061 +/- 0.088819

Posterior distribution on file posterior_'param'.png

RMSD: 0.008367
Weighted RMSD: 0.008367
RMSD for validation data: 0.099369
RMSD for total data: 0.394800
AIC: 16.016734
AIC for validation data: 16.198738
AIC for total data: 16.789601

#####################################################################

Total time on ABC: 8.720 s
Number of trials: 298484

Fit on file model_fit.png