2021-11-14_08-20-25

Data Source: Número de casos confirmados de COVID-19 no Brasil (on GitHub)
https://raw.githubusercontent.com/wcota/covid19br/master/cases-brazil-cities-time.csv

Rejection ABC fitting of epidemic curves

Model: SEIRD
Parameters: $\beta_{I}$, $\beta_{E}$, $N$, $\mu$, $\gamma$, $t_{c}$, RF_{0}, $E_{0}$
#####################################################################

Number of Samples: 48
Number of Posteriors: 3
RMSD Weights: [1,1]
Training window size: 45
Validation window size: 10

#####################################################################

Posterior No. 1
Execution Time: 0.164 s
Tolerance: eps = 0.083812

Priors' Ranges:

	 $\beta_{I}$: 0.000000 <-> 1.000000
	 $\beta_{E}$: 0.000000 <-> 1.000000
	 $N$: 212559.409000 <-> 42511881.800000
	 $\mu$: 0.000000 <-> 1.000000
	 $\gamma$: 0.000000 <-> 1.000000
	 $t_{c}$: 0.000000 <-> 30.000000
	 RF_{0}: 0.000000 <-> 1.000000
	 $E_{0}$: 0.000000 <-> 2.000000

Estimated parameters (av +/- std):

	 $\beta_{I}$: 0.509880 +/- 0.214372
	 $\beta_{E}$: 0.036692 +/- 0.018871
	 $N$: 16703132.049711 +/- 9692706.371679
	 $\mu$: 0.018296 +/- 0.005290
	 $\gamma$: 0.798435 +/- 0.225256
	 $t_{c}$: 14.669816 +/- 5.341480
	 RF_{0}: 0.969822 +/- 0.015571
	 $E_{0}$: 0.163963 +/- 0.076713

Posterior distribution on file posterior_'param'.png

RMSD: 0.015067
Weighted RMSD: 0.015067
RMSD for validation data: 0.239391
RMSD for total data: 0.449497
AIC: 16.030135
AIC for validation data: 16.478782
AIC for total data: 16.898995

#####################################################################

Total time on ABC: 0.164 s
Number of trials: 8912

Fit on file model_fit.png