2021-11-14_20-30-25

Data Source: Número de casos confirmados de COVID-19 no Brasil (on GitHub)
https://raw.githubusercontent.com/wcota/covid19br/master/cases-brazil-cities-time.csv

Rejection ABC fitting of epidemic curves

Model: SEIRD
Parameters: $\beta_{I}$, $\beta_{E}$, $N$, $\mu$, $\gamma$, $t_{c}$, RF_{0}, $E_{0}$
#####################################################################

Number of Samples: 960
Number of Posteriors: 3
RMSD Weights: [1,1]
Training window size: 30
Validation window size: 10

#####################################################################

Posterior No. 3
Execution Time: 0.115 s
Tolerance: eps = 31.903883

Priors' Ranges:

	 $\beta_{I}$: 0.000744 <-> 0.995551
	 $\beta_{E}$: 0.000170 <-> 0.943765
	 $N$: 53020.366140 <-> 10224986.874977
	 $\mu$: 0.000249 <-> 0.979133
	 $\gamma$: 0.041567 <-> 0.999072
	 $t_{c}$: 0.045589 <-> 29.997706
	 RF_{0}: 0.000032 <-> 0.999672
	 $E_{0}$: 0.000529 <-> 1.981629

Estimated parameters (av +/- std):

	 $\beta_{I}$: 0.068922 +/- 0.259700
	 $\beta_{E}$: 0.083958 +/- 0.161525
	 $N$: 1986535.015364 +/- 2946589.771675
	 $\mu$: 0.002979 +/- 0.232002
	 $\gamma$: 0.594305 +/- 0.194371
	 $t_{c}$: 5.999358 +/- 8.281080
	 RF_{0}: 0.878959 +/- 0.244613
	 $E_{0}$: 0.067339 +/- 0.451888

Posterior distribution on file posterior_'param'.png

RMSD: 0.263740
Weighted RMSD: 0.263740
RMSD for validation data: 2.365922
RMSD for total data: 0.433979
AIC: 16.527479
AIC for validation data: 20.731843
AIC for total data: 16.867957

#####################################################################

Total time on ABC: 0.431 s
Number of trials: 13878

Fit on file model_fit.png