2021-11-14_06-20-09

Data Source: Número de casos confirmados de COVID-19 no Brasil (on GitHub)
https://raw.githubusercontent.com/wcota/covid19br/master/cases-brazil-cities-time.csv

Rejection ABC fitting of epidemic curves

Model: SEIRD
Parameters: $\beta_{I}$, $\beta_{E}$, $N$, $\mu$, $\gamma$, $t_{c}$, RF_{0}, $E_{0}$
#####################################################################

Number of Samples: 960
Number of Posteriors: 3
RMSD Weights: [1,1]
Training window size: 50
Validation window size: 10

#####################################################################

Posterior No. 3
Execution Time: 1.130 s
Tolerance: eps = 0.029042

Priors' Ranges:

	 $\beta_{I}$: 0.001457 <-> 0.966333
	 $\beta_{E}$: 0.000036 <-> 0.077953
	 $N$: 13894119.465252 <-> 275389276.095878
	 $\mu$: 0.003136 <-> 0.012943
	 $\gamma$: 0.282881 <-> 0.999534
	 $t_{c}$: 5.655407 <-> 29.997990
	 RF_{0}: 0.930899 <-> 0.999939
	 $E_{0}$: 0.040500 <-> 0.359416

Estimated parameters (av +/- std):

	 $\beta_{I}$: 0.220756 +/- 0.193979
	 $\beta_{E}$: 0.007168 +/- 0.012787
	 $N$: 232793668.806707 +/- 72692588.814202
	 $\mu$: 0.004962 +/- 0.001851
	 $\gamma$: 0.422961 +/- 0.149790
	 $t_{c}$: 22.214612 +/- 5.339255
	 RF_{0}: 0.965785 +/- 0.014790
	 $E_{0}$: 0.226006 +/- 0.057623

Posterior distribution on file posterior_'param'.png

RMSD: 0.009935
Weighted RMSD: 0.009935
RMSD for validation data: 0.326507
RMSD for total data: 0.507636
AIC: 16.019869
AIC for validation data: 16.653014
AIC for total data: 17.015271

#####################################################################

Total time on ABC: 2.322 s
Number of trials: 62428

Fit on file model_fit.png