2021-11-14_20-32-41

Data Source: Número de casos confirmados de COVID-19 no Brasil (on GitHub)
https://raw.githubusercontent.com/wcota/covid19br/master/cases-brazil-cities-time.csv

Rejection ABC fitting of epidemic curves

Model: SEIRD
Parameters: $\beta_{I}$, $\beta_{E}$, $N$, $\mu$, $\gamma$, $t_{c}$, RF_{0}, $E_{0}$
#####################################################################

Number of Samples: 960
Number of Posteriors: 3
RMSD Weights: [1,1]
Training window size: 20
Validation window size: 10

#####################################################################

Posterior No. 3
Execution Time: 0.098 s
Tolerance: eps = 64.431251

Priors' Ranges:

	 $\beta_{I}$: 0.000022 <-> 0.994840
	 $\beta_{E}$: 0.000368 <-> 0.996776
	 $N$: 69041.699156 <-> 13497306.388036
	 $\mu$: 0.000101 <-> 0.955574
	 $\gamma$: 0.036574 <-> 0.998480
	 $t_{c}$: 0.092039 <-> 29.995335
	 RF_{0}: 0.000851 <-> 0.999713
	 $E_{0}$: 0.003252 <-> 1.992369

Estimated parameters (av +/- std):

	 $\beta_{I}$: 0.268686 +/- 0.266502
	 $\beta_{E}$: 0.004983 +/- 0.264305
	 $N$: 11605718.346165 +/- 3841153.946047
	 $\mu$: 0.000838 +/- 0.154122
	 $\gamma$: 0.681404 +/- 0.213130
	 $t_{c}$: 24.111621 +/- 7.819509
	 RF_{0}: 0.896065 +/- 0.258369
	 $E_{0}$: 0.181919 +/- 0.547727

Posterior distribution on file posterior_'param'.png

RMSD: 0.486374
Weighted RMSD: 0.486374
RMSD for validation data: 2.000297
RMSD for total data: 0.498565
AIC: 16.972748
AIC for validation data: 20.000594
AIC for total data: 16.997130

#####################################################################

Total time on ABC: 0.301 s
Number of trials: 17087

Fit on file model_fit.png