2021-11-14_19-22-12

Data Source: Número de casos confirmados de COVID-19 no Brasil (on GitHub)
https://raw.githubusercontent.com/wcota/covid19br/master/cases-brazil-cities-time.csv

Rejection ABC fitting of epidemic curves

Model: SEIRD
Parameters: $\beta_{I}$, $\beta_{E}$, $N$, $\mu$, $\gamma$, $t_{c}$, RF_{0}, $E_{0}$
#####################################################################

Number of Samples: 48
Number of Posteriors: 3
RMSD Weights: [1,1]
Training window size: 50
Validation window size: 10

#####################################################################

Posterior No. 1
Execution Time: 6.010 s
Tolerance: eps = 0.035450

Priors' Ranges:

	 $\beta_{I}$: 0.000000 <-> 1.000000
	 $\beta_{E}$: 0.000000 <-> 1.000000
	 $N$: 51269.183000 <-> 10253836.600000
	 $\mu$: 0.000000 <-> 1.000000
	 $\gamma$: 0.000000 <-> 1.000000
	 $t_{c}$: 0.000000 <-> 30.000000
	 RF_{0}: 0.000000 <-> 1.000000
	 $E_{0}$: 0.000000 <-> 2.000000

Estimated parameters (av +/- std):

	 $\beta_{I}$: 0.903810 +/- 0.244174
	 $\beta_{E}$: 0.001877 +/- 0.015167
	 $N$: 9215410.052980 +/- 2769432.833157
	 $\mu$: 0.008014 +/- 0.001359
	 $\gamma$: 0.914304 +/- 0.159528
	 $t_{c}$: 25.617386 +/- 5.442129
	 RF_{0}: 0.995701 +/- 0.006097
	 $E_{0}$: 0.105810 +/- 0.022755

Posterior distribution on file posterior_'param'.png

RMSD: 0.028800
Weighted RMSD: 0.028800
RMSD for validation data: 0.221044
RMSD for total data: 0.433979
AIC: 16.057600
AIC for validation data: 16.442088
AIC for total data: 16.867957

#####################################################################

Total time on ABC: 6.010 s
Number of trials: 338869

Fit on file model_fit.png