2021-11-14_23-05-32

Data Source: Número de casos confirmados de COVID-19 no Brasil (on GitHub)
https://raw.githubusercontent.com/wcota/covid19br/master/cases-brazil-cities-time.csv

Rejection ABC fitting of epidemic curves

Model: SEIRD
Parameters: $\beta_{I}$, $\beta_{E}$, $N$, $\mu$, $\gamma$, $t_{c}$, RF_{0}, $E_{0}$
#####################################################################

Number of Samples: 960
Number of Posteriors: 3
RMSD Weights: [1,1]
Training window size: 25
Validation window size: 10

#####################################################################

Posterior No. 2
Execution Time: 0.081 s
Tolerance: eps = 16.413575

Priors' Ranges:

	 $\beta_{I}$: 0.001741 <-> 0.999063
	 $\beta_{E}$: 0.000472 <-> 0.999778
	 $N$: 345391.826809 <-> 64065660.881026
	 $\mu$: 0.000012 <-> 0.984199
	 $\gamma$: 0.018571 <-> 0.999449
	 $t_{c}$: 0.368990 <-> 29.971139
	 RF_{0}: 0.004487 <-> 0.999945
	 $E_{0}$: 0.000210 <-> 1.999553

Estimated parameters (av +/- std):

	 $\beta_{I}$: 0.834557 +/- 0.267072
	 $\beta_{E}$: 0.316131 +/- 0.277898
	 $N$: 5296089.460691 +/- 12489038.283650
	 $\mu$: 0.008886 +/- 0.197472
	 $\gamma$: 0.486401 +/- 0.227283
	 $t_{c}$: 20.176021 +/- 7.719322
	 RF_{0}: 0.984816 +/- 0.243061
	 $E_{0}$: 1.090859 +/- 0.548608

Posterior distribution on file posterior_'param'.png

RMSD: 0.285906
Weighted RMSD: 0.285906
RMSD for validation data: 0.977136
RMSD for total data: 0.374315
AIC: 16.571812
AIC for validation data: 17.954272
AIC for total data: 16.748629

#####################################################################

Total time on ABC: 0.222 s
Number of trials: 13004

Fit on file model_fit.png