2021-11-14_04-03-32

Data Source: Número de casos confirmados de COVID-19 no Brasil (on GitHub)
https://raw.githubusercontent.com/wcota/covid19br/master/cases-brazil-cities-time.csv

Rejection ABC fitting of epidemic curves

Model: SEIRD
Parameters: $\beta_{I}$, $\beta_{E}$, $N$, $\mu$, $\gamma$, $t_{c}$, RF_{0}, $E_{0}$
#####################################################################

Number of Samples: 960
Number of Posteriors: 3
RMSD Weights: [1,1]
Training window size: 50
Validation window size: 10

#####################################################################

Posterior No. 2
Execution Time: 0.366 s
Tolerance: eps = 0.078211

Priors' Ranges:

	 $\beta_{I}$: 0.000203 <-> 0.156458
	 $\beta_{E}$: 0.000023 <-> 0.074197
	 $N$: 291446.112344 <-> 25292026.838435
	 $\mu$: 0.000375 <-> 0.002993
	 $\gamma$: 0.000736 <-> 0.262461
	 $t_{c}$: 1.541414 <-> 29.954199
	 RF_{0}: 0.716277 <-> 0.999652
	 $E_{0}$: 0.132748 <-> 1.125168

Estimated parameters (av +/- std):

	 $\beta_{I}$: 0.028975 +/- 0.031670
	 $\beta_{E}$: 0.018813 +/- 0.014983
	 $N$: 8951072.652239 +/- 6127032.482704
	 $\mu$: 0.001332 +/- 0.000492
	 $\gamma$: 0.091293 +/- 0.044254
	 $t_{c}$: 16.306686 +/- 5.979276
	 RF_{0}: 0.988583 +/- 0.053260
	 $E_{0}$: 0.610659 +/- 0.178918

Posterior distribution on file posterior_'param'.png

RMSD: 0.019426
Weighted RMSD: 0.019426
RMSD for validation data: 0.163818
RMSD for total data: 0.399266
AIC: 16.038853
AIC for validation data: 16.327636
AIC for total data: 16.798531

#####################################################################

Total time on ABC: 0.635 s
Number of trials: 16504

Fit on file model_fit.png