2021-11-14_04-03-32

Data Source: Número de casos confirmados de COVID-19 no Brasil (on GitHub)
https://raw.githubusercontent.com/wcota/covid19br/master/cases-brazil-cities-time.csv

Rejection ABC fitting of epidemic curves

Model: SEIRD
Parameters: $\beta_{I}$, $\beta_{E}$, $N$, $\mu$, $\gamma$, $t_{c}$, RF_{0}, $E_{0}$
#####################################################################

Number of Samples: 960
Number of Posteriors: 3
RMSD Weights: [1,1]
Training window size: 30
Validation window size: 10

#####################################################################

Posterior No. 2
Execution Time: 2.312 s
Tolerance: eps = 0.034213

Priors' Ranges:

	 $\beta_{I}$: 0.000052 <-> 0.336860
	 $\beta_{E}$: 0.000077 <-> 0.064499
	 $N$: 438063.373878 <-> 25287029.090491
	 $\mu$: 0.000878 <-> 0.007215
	 $\gamma$: 0.028246 <-> 0.457440
	 $t_{c}$: 5.796993 <-> 29.982757
	 RF_{0}: 0.763591 <-> 0.999880
	 $E_{0}$: 0.178052 <-> 0.873820

Estimated parameters (av +/- std):

	 $\beta_{I}$: 0.026537 +/- 0.041373
	 $\beta_{E}$: 0.001747 +/- 0.008965
	 $N$: 4008214.270874 +/- 6524757.770047
	 $\mu$: 0.000951 +/- 0.001532
	 $\gamma$: 0.041381 +/- 0.108093
	 $t_{c}$: 16.926436 +/- 5.288263
	 RF_{0}: 0.809892 +/- 0.033595
	 $E_{0}$: 0.524448 +/- 0.137781

Posterior distribution on file posterior_'param'.png

RMSD: 0.017796
Weighted RMSD: 0.017796
RMSD for validation data: 0.358730
RMSD for total data: 0.399264
AIC: 16.035591
AIC for validation data: 16.717459
AIC for total data: 16.798528

#####################################################################

Total time on ABC: 5.299 s
Number of trials: 228204

Fit on file model_fit.png