2021-11-14_07-39-52

Data Source: Número de casos confirmados de COVID-19 no Brasil (on GitHub)
https://raw.githubusercontent.com/wcota/covid19br/master/cases-brazil-cities-time.csv

Rejection ABC fitting of epidemic curves

Model: SEIRD
Parameters: $\beta_{I}$, $\beta_{E}$, $N$, $\mu$, $\gamma$, $t_{c}$, RF_{0}, $E_{0}$
#####################################################################

Number of Samples: 48
Number of Posteriors: 3
RMSD Weights: [1,1]
Training window size: 45
Validation window size: 10

#####################################################################

Posterior No. 1
Execution Time: 0.234 s
Tolerance: eps = 8.163603

Priors' Ranges:

	 $\beta_{I}$: 0.000000 <-> 1.000000
	 $\beta_{E}$: 0.000000 <-> 1.000000
	 $N$: 1380004.385000 <-> 276000877.000000
	 $\mu$: 0.000000 <-> 1.000000
	 $\gamma$: 0.000000 <-> 1.000000
	 $t_{c}$: 0.000000 <-> 30.000000
	 RF_{0}: 0.000000 <-> 1.000000
	 $E_{0}$: 0.000000 <-> 2.000000

Estimated parameters (av +/- std):

	 $\beta_{I}$: 0.716017 +/- 0.270654
	 $\beta_{E}$: 0.043982 +/- 0.178767
	 $N$: 29526103.417552 +/- 81739090.501928
	 $\mu$: 0.026216 +/- 0.302547
	 $\gamma$: 0.796150 +/- 0.254684
	 $t_{c}$: 22.954772 +/- 9.699733
	 RF_{0}: 0.912264 +/- 0.286942
	 $E_{0}$: 0.973353 +/- 0.563877

Posterior distribution on file posterior_'param'.png

RMSD: 0.030959
Weighted RMSD: 0.030959
RMSD for validation data: 0.541417
RMSD for total data: 0.416181
AIC: 16.061918
AIC for validation data: 17.082834
AIC for total data: 16.832362

#####################################################################

Total time on ABC: 0.234 s
Number of trials: 9207

Fit on file model_fit.png