2021-11-29_21-52-43

Data Source: Número de casos confirmados de COVID-19 no Brasil (on GitHub)
https://raw.githubusercontent.com/wcota/covid19br/master/cases-brazil-cities-time.csv

Rejection ABC fitting of epidemic curves

Model: SEIRD
Parameters: $\beta_{I}$, $\beta_{E}$, $N$, $\mu$, $\gamma$, $t_{c}$, RF_{0}, $E_{0}$
#####################################################################

Number of Samples: 9984
Number of Posteriors: 3
RMSD Weights: [1,1]
Training window size: 25
Validation window size: 10

#####################################################################

Posterior No. 2
Execution Time: 1.804 s
Tolerance: eps = 5.430803

Priors' Ranges:

	 $\beta_{I}$: 0.000142 <-> 0.999387
	 $\beta_{E}$: 0.000232 <-> 0.999974
	 $N$: 212667.586417 <-> 42310823.593945
	 $\mu$: 0.000006 <-> 0.998751
	 $\gamma$: 0.000931 <-> 0.999909
	 $t_{c}$: 0.051743 <-> 29.996627
	 RF_{0}: 0.001241 <-> 0.999978
	 $E_{0}$: 0.000072 <-> 1.999753

Estimated parameters (av +/- std):

	 $\beta_{I}$: 0.222993 +/- 0.267560
	 $\beta_{E}$: 0.008199 +/- 0.264683
	 $N$: 21752593.060019 +/- 7881783.197151
	 $\mu$: 0.014976 +/- 0.190561
	 $\gamma$: 0.523287 +/- 0.228762
	 $t_{c}$: 28.459268 +/- 7.733315
	 RF_{0}: 0.989317 +/- 0.226351
	 $E_{0}$: 0.189614 +/- 0.541517

Posterior distribution on file posterior_'param'.png

RMSD: 0.119803
Weighted RMSD: 0.119803
RMSD for validation data: 1.220108
RMSD for total data: 0.449499
AIC: 16.239606
AIC for validation data: 18.440216
AIC for total data: 16.898998

#####################################################################

Total time on ABC: 3.306 s
Number of trials: 132264

Fit on file model_fit.png