2021-11-14_04-49-43

Data Source: Número de casos confirmados de COVID-19 no Brasil (on GitHub)
https://raw.githubusercontent.com/wcota/covid19br/master/cases-brazil-cities-time.csv

Rejection ABC fitting of epidemic curves

Model: SEIRD
Parameters: $\beta_{I}$, $\beta_{E}$, $N$, $\mu$, $\gamma$, $t_{c}$, RF_{0}, $E_{0}$
#####################################################################

Number of Samples: 960
Number of Posteriors: 3
RMSD Weights: [1,1]
Training window size: 30
Validation window size: 10

#####################################################################

Posterior No. 2
Execution Time: 1.279 s
Tolerance: eps = 0.029268

Priors' Ranges:

	 $\beta_{I}$: 0.000028 <-> 0.440032
	 $\beta_{E}$: 0.000001 <-> 0.092927
	 $N$: 275671.947951 <-> 16700780.179821
	 $\mu$: 0.011111 <-> 0.110694
	 $\gamma$: 0.126937 <-> 0.982173
	 $t_{c}$: 3.762739 <-> 24.920161
	 RF_{0}: 0.802774 <-> 0.999951
	 $E_{0}$: 0.108100 <-> 0.544553

Estimated parameters (av +/- std):

	 $\beta_{I}$: 0.073292 +/- 0.124832
	 $\beta_{E}$: 0.006681 +/- 0.012802
	 $N$: 9609348.217595 +/- 4649551.273792
	 $\mu$: 0.084491 +/- 0.016202
	 $\gamma$: 0.762765 +/- 0.149865
	 $t_{c}$: 16.981525 +/- 3.465346
	 RF_{0}: 0.981114 +/- 0.016952
	 $E_{0}$: 0.417676 +/- 0.080026

Posterior distribution on file posterior_'param'.png

RMSD: 0.014254
Weighted RMSD: 0.014254
RMSD for validation data: 0.134278
RMSD for total data: 0.415607
AIC: 16.028508
AIC for validation data: 16.268557
AIC for total data: 16.831215

#####################################################################

Total time on ABC: 3.037 s
Number of trials: 88655

Fit on file model_fit.png