2021-11-14_06-01-51

Data Source: Número de casos confirmados de COVID-19 no Brasil (on GitHub)
https://raw.githubusercontent.com/wcota/covid19br/master/cases-brazil-cities-time.csv

Rejection ABC fitting of epidemic curves

Model: SEIRD
Parameters: $\beta_{I}$, $\beta_{E}$, $N$, $\mu$, $\gamma$, $t_{c}$, RF_{0}, $E_{0}$
#####################################################################

Number of Samples: 960
Number of Posteriors: 3
RMSD Weights: [1,1]
Training window size: 30
Validation window size: 10

#####################################################################

Posterior No. 3
Execution Time: 1.936 s
Tolerance: eps = 0.020286

Priors' Ranges:

	 $\beta_{I}$: 0.004464 <-> 0.997397
	 $\beta_{E}$: 0.004086 <-> 0.171306
	 $N$: 24327351.563512 <-> 275901306.992438
	 $\mu$: 0.000582 <-> 0.005751
	 $\gamma$: 0.061634 <-> 0.997993
	 $t_{c}$: 6.887617 <-> 29.987662
	 RF_{0}: 0.987331 <-> 0.999992
	 $E_{0}$: 0.002752 <-> 0.043318

Estimated parameters (av +/- std):

	 $\beta_{I}$: 0.611556 +/- 0.266989
	 $\beta_{E}$: 0.103047 +/- 0.025723
	 $N$: 225462647.883734 +/- 62897726.461208
	 $\mu$: 0.004848 +/- 0.001000
	 $\gamma$: 0.920872 +/- 0.195556
	 $t_{c}$: 10.408106 +/- 5.699887
	 RF_{0}: 0.996107 +/- 0.002104
	 $E_{0}$: 0.010774 +/- 0.007534

Posterior distribution on file posterior_'param'.png

RMSD: 0.007026
Weighted RMSD: 0.007026
RMSD for validation data: 0.052872
RMSD for total data: 2.659095
AIC: 16.014051
AIC for validation data: 16.105745
AIC for total data: 21.318190

#####################################################################

Total time on ABC: 4.068 s
Number of trials: 145143

Fit on file model_fit.png