2021-11-14_05-05-40

Data Source: Número de casos confirmados de COVID-19 no Brasil (on GitHub)
https://raw.githubusercontent.com/wcota/covid19br/master/cases-brazil-cities-time.csv

Rejection ABC fitting of epidemic curves

Model: SEIRD
Parameters: $\beta_{I}$, $\beta_{E}$, $N$, $\mu$, $\gamma$, $t_{c}$, RF_{0}, $E_{0}$
#####################################################################

Number of Samples: 48
Number of Posteriors: 3
RMSD Weights: [1,1]
Training window size: 30
Validation window size: 10

#####################################################################

Posterior No. 1
Execution Time: 0.194 s
Tolerance: eps = 41.590437

Priors' Ranges:

	 $\beta_{I}$: 0.000000 <-> 1.000000
	 $\beta_{E}$: 0.000000 <-> 1.000000
	 $N$: 126476.458000 <-> 25295291.600000
	 $\mu$: 0.000000 <-> 1.000000
	 $\gamma$: 0.000000 <-> 1.000000
	 $t_{c}$: 0.000000 <-> 30.000000
	 RF_{0}: 0.000000 <-> 1.000000
	 $E_{0}$: 0.000000 <-> 2.000000

Estimated parameters (av +/- std):

	 $\beta_{I}$: 0.081572 +/- 0.273464
	 $\beta_{E}$: 0.085372 +/- 0.142571
	 $N$: 12672250.038475 +/- 7441773.231828
	 $\mu$: 0.176675 +/- 0.297644
	 $\gamma$: 0.770936 +/- 0.274347
	 $t_{c}$: 6.292361 +/- 9.747942
	 RF_{0}: 0.928392 +/- 0.284623
	 $E_{0}$: 0.020246 +/- 0.551782

Posterior distribution on file posterior_'param'.png

RMSD: 0.276109
Weighted RMSD: 0.276109
RMSD for validation data: 2.818294
RMSD for total data: 0.399267
AIC: 16.552217
AIC for validation data: 21.636588
AIC for total data: 16.798534

#####################################################################

Total time on ABC: 0.194 s
Number of trials: 9590

Fit on file model_fit.png