2022-03-08_16-04-21

Data Source: Número de casos confirmados de COVID-19 no Brasil (on GitHub)
https://raw.githubusercontent.com/wcota/covid19br/master/cases-brazil-cities-time.csv

Rejection ABC fitting of epidemic curves

Model: SEIRD
Parameters: $\beta_{I}$, $\beta_{E}$, $N$, $\mu$, $\gamma$, $t_{c}$, RF_{0}, $E_{0}$
#####################################################################

Number of Samples: 960
Number of Posteriors: 3
RMSD Weights: [1,1]
Training window size: 20
Validation window size: 10

#####################################################################

Posterior No. 2
Execution Time: 0.857 s
Tolerance: eps = 0.031607

Priors' Ranges:

	 $\beta_{I}$: 0.000192 <-> 0.979075
	 $\beta_{E}$: 0.000127 <-> 0.105517
	 $N$: 3961652.899976 <-> 106093514.926891
	 $\mu$: 0.004750 <-> 0.023808
	 $\gamma$: 0.229339 <-> 0.999967
	 $t_{c}$: 2.778946 <-> 29.954304
	 RF_{0}: 0.936591 <-> 0.998922
	 $E_{0}$: 0.026525 <-> 0.409120

Estimated parameters (av +/- std):

	 $\beta_{I}$: 0.079250 +/- 0.191541
	 $\beta_{E}$: 0.001265 +/- 0.015396
	 $N$: 93848637.152080 +/- 28143398.632858
	 $\mu$: 0.019890 +/- 0.003637
	 $\gamma$: 0.900516 +/- 0.160096
	 $t_{c}$: 28.662262 +/- 6.335189
	 RF_{0}: 0.984176 +/- 0.009222
	 $E_{0}$: 0.385864 +/- 0.076375

Posterior distribution on file posterior_'param'.png

RMSD: 0.020612
Weighted RMSD: 0.020612
RMSD for validation data: 0.211826
RMSD for total data: 0.449499
AIC: 16.041225
AIC for validation data: 16.423651
AIC for total data: 16.898998

#####################################################################

Total time on ABC: 1.665 s
Number of trials: 93506

Fit on file model_fit.png