2021-11-14_05-08-12

Data Source: Número de casos confirmados de COVID-19 no Brasil (on GitHub)
https://raw.githubusercontent.com/wcota/covid19br/master/cases-brazil-cities-time.csv

Rejection ABC fitting of epidemic curves

Model: SEIRD
Parameters: $\beta_{I}$, $\beta_{E}$, $N$, $\mu$, $\gamma$, $t_{c}$, RF_{0}, $E_{0}$
#####################################################################

Number of Samples: 960
Number of Posteriors: 3
RMSD Weights: [1,1]
Training window size: 30
Validation window size: 10

#####################################################################

Posterior No. 3
Execution Time: 0.061 s
Tolerance: eps = 0.298881

Priors' Ranges:

	 $\beta_{I}$: 0.006570 <-> 0.996880
	 $\beta_{E}$: 0.000129 <-> 0.430701
	 $N$: 222171.673395 <-> 25269746.506496
	 $\mu$: 0.001889 <-> 0.991628
	 $\gamma$: 0.036984 <-> 0.999112
	 $t_{c}$: 1.158935 <-> 29.961799
	 RF_{0}: 0.003967 <-> 0.999467
	 $E_{0}$: 0.000032 <-> 1.997534

Estimated parameters (av +/- std):

	 $\beta_{I}$: 0.420413 +/- 0.265123
	 $\beta_{E}$: 0.084226 +/- 0.051071
	 $N$: 17814433.065113 +/- 6626321.916857
	 $\mu$: 0.003888 +/- 0.214807
	 $\gamma$: 0.115523 +/- 0.227175
	 $t_{c}$: 11.308835 +/- 7.072353
	 RF_{0}: 0.449635 +/- 0.255038
	 $E_{0}$: 1.612139 +/- 0.523608

Posterior distribution on file posterior_'param'.png

RMSD: 0.094426
Weighted RMSD: 0.094426
RMSD for validation data: 0.976965
RMSD for total data: 38.091592
AIC: 16.188852
AIC for validation data: 17.953929
AIC for total data: 92.183184

#####################################################################

Total time on ABC: 0.281 s
Number of trials: 7189

Fit on file model_fit.png