2021-11-14_07-42-31

Data Source: Número de casos confirmados de COVID-19 no Brasil (on GitHub)
https://raw.githubusercontent.com/wcota/covid19br/master/cases-brazil-cities-time.csv

Rejection ABC fitting of epidemic curves

Model: SEIRD
Parameters: $\beta_{I}$, $\beta_{E}$, $N$, $\mu$, $\gamma$, $t_{c}$, RF_{0}, $E_{0}$
#####################################################################

Number of Samples: 960
Number of Posteriors: 3
RMSD Weights: [1,1]
Training window size: 20
Validation window size: 10

#####################################################################

Posterior No. 3
Execution Time: 0.049 s
Tolerance: eps = 1.323824

Priors' Ranges:

	 $\beta_{I}$: 0.000484 <-> 0.998783
	 $\beta_{E}$: 0.000053 <-> 0.569544
	 $N$: 1568081.480032 <-> 275087355.738632
	 $\mu$: 0.000131 <-> 0.987283
	 $\gamma$: 0.030300 <-> 0.999556
	 $t_{c}$: 0.086979 <-> 29.970336
	 RF_{0}: 0.012383 <-> 0.999827
	 $E_{0}$: 0.000699 <-> 1.972555

Estimated parameters (av +/- std):

	 $\beta_{I}$: 0.268723 +/- 0.274868
	 $\beta_{E}$: 0.090152 +/- 0.076602
	 $N$: 51162689.795296 +/- 73404541.968870
	 $\mu$: 0.010724 +/- 0.204575
	 $\gamma$: 0.345300 +/- 0.207045
	 $t_{c}$: 3.333662 +/- 7.734451
	 RF_{0}: 0.543141 +/- 0.246857
	 $E_{0}$: 0.256526 +/- 0.465736

Posterior distribution on file posterior_'param'.png

RMSD: 0.060911
Weighted RMSD: 0.060911
RMSD for validation data: 0.215266
RMSD for total data: 0.507601
AIC: 16.121822
AIC for validation data: 16.430531
AIC for total data: 17.015202

#####################################################################

Total time on ABC: 0.236 s
Number of trials: 7711

Fit on file model_fit.png