2021-11-14_20-27-56

Data Source: Número de casos confirmados de COVID-19 no Brasil (on GitHub)
https://raw.githubusercontent.com/wcota/covid19br/master/cases-brazil-cities-time.csv

Rejection ABC fitting of epidemic curves

Model: SEIRD
Parameters: $\beta_{I}$, $\beta_{E}$, $N$, $\mu$, $\gamma$, $t_{c}$, RF_{0}, $E_{0}$
#####################################################################

Number of Samples: 960
Number of Posteriors: 3
RMSD Weights: [1,1]
Training window size: 30
Validation window size: 10

#####################################################################

Posterior No. 2
Execution Time: 0.084 s
Tolerance: eps = 26.375636

Priors' Ranges:

	 $\beta_{I}$: 0.001401 <-> 0.995651
	 $\beta_{E}$: 0.000018 <-> 0.786824
	 $N$: 61195.978964 <-> 10250974.312743
	 $\mu$: 0.000606 <-> 0.994273
	 $\gamma$: 0.010364 <-> 0.998649
	 $t_{c}$: 0.100168 <-> 29.999340
	 RF_{0}: 0.001954 <-> 0.999936
	 $E_{0}$: 0.001420 <-> 1.989629

Estimated parameters (av +/- std):

	 $\beta_{I}$: 0.678089 +/- 0.254204
	 $\beta_{E}$: 0.020368 +/- 0.069875
	 $N$: 8100687.580618 +/- 2749936.842424
	 $\mu$: 0.023707 +/- 0.267725
	 $\gamma$: 0.445865 +/- 0.224805
	 $t_{c}$: 27.841060 +/- 8.630477
	 RF_{0}: 0.868687 +/- 0.252790
	 $E_{0}$: 0.132001 +/- 0.484402

Posterior distribution on file posterior_'param'.png

RMSD: 0.754116
Weighted RMSD: 0.754116
RMSD for validation data: 36.743289
RMSD for total data: 0.433979
AIC: 17.508232
AIC for validation data: 89.486578
AIC for total data: 16.867957

#####################################################################

Total time on ABC: 0.255 s
Number of trials: 10469

Fit on file model_fit.png