2021-11-14_06-01-51

Data Source: Número de casos confirmados de COVID-19 no Brasil (on GitHub)
https://raw.githubusercontent.com/wcota/covid19br/master/cases-brazil-cities-time.csv

Rejection ABC fitting of epidemic curves

Model: SEIRD
Parameters: $\beta_{I}$, $\beta_{E}$, $N$, $\mu$, $\gamma$, $t_{c}$, RF_{0}, $E_{0}$
#####################################################################

Number of Samples: 48
Number of Posteriors: 3
RMSD Weights: [1,1]
Training window size: 45
Validation window size: 10

#####################################################################

Posterior No. 1
Execution Time: 0.094 s
Tolerance: eps = 0.155522

Priors' Ranges:

	 $\beta_{I}$: 0.000000 <-> 1.000000
	 $\beta_{E}$: 0.000000 <-> 1.000000
	 $N$: 1380004.385000 <-> 276000877.000000
	 $\mu$: 0.000000 <-> 1.000000
	 $\gamma$: 0.000000 <-> 1.000000
	 $t_{c}$: 0.000000 <-> 30.000000
	 RF_{0}: 0.000000 <-> 1.000000
	 $E_{0}$: 0.000000 <-> 2.000000

Estimated parameters (av +/- std):

	 $\beta_{I}$: 0.392864 +/- 0.213277
	 $\beta_{E}$: 0.011752 +/- 0.014126
	 $N$: 166577250.832716 +/- 82117641.114741
	 $\mu$: 0.010219 +/- 0.002291
	 $\gamma$: 0.820228 +/- 0.164991
	 $t_{c}$: 18.436302 +/- 6.080993
	 RF_{0}: 0.967175 +/- 0.020629
	 $E_{0}$: 0.301279 +/- 0.129903

Posterior distribution on file posterior_'param'.png

RMSD: 0.009938
Weighted RMSD: 0.009938
RMSD for validation data: 0.121693
RMSD for total data: 0.507635
AIC: 16.019877
AIC for validation data: 16.243386
AIC for total data: 17.015271

#####################################################################

Total time on ABC: 0.094 s
Number of trials: 5399

Fit on file model_fit.png