2021-11-14_20-27-56

Data Source: Número de casos confirmados de COVID-19 no Brasil (on GitHub)
https://raw.githubusercontent.com/wcota/covid19br/master/cases-brazil-cities-time.csv

Rejection ABC fitting of epidemic curves

Model: SEIRD
Parameters: $\beta_{I}$, $\beta_{E}$, $N$, $\mu$, $\gamma$, $t_{c}$, RF_{0}, $E_{0}$
#####################################################################

Number of Samples: 960
Number of Posteriors: 3
RMSD Weights: [1,1]
Training window size: 20
Validation window size: 10

#####################################################################

Posterior No. 3
Execution Time: 0.057 s
Tolerance: eps = 99.211566

Priors' Ranges:

	 $\beta_{I}$: 0.000455 <-> 0.999178
	 $\beta_{E}$: 0.000059 <-> 0.800051
	 $N$: 52500.003435 <-> 10232374.829359
	 $\mu$: 0.000277 <-> 0.999984
	 $\gamma$: 0.002709 <-> 0.999919
	 $t_{c}$: 0.083676 <-> 29.958794
	 RF_{0}: 0.003688 <-> 0.999742
	 $E_{0}$: 0.002320 <-> 1.976964

Estimated parameters (av +/- std):

	 $\beta_{I}$: 0.742210 +/- 0.256597
	 $\beta_{E}$: 0.170195 +/- 0.077299
	 $N$: 1206622.610215 +/- 2773480.565083
	 $\mu$: 0.003972 +/- 0.236429
	 $\gamma$: 0.898269 +/- 0.218112
	 $t_{c}$: 18.277309 +/- 7.950600
	 RF_{0}: 0.950491 +/- 0.242418
	 $E_{0}$: 0.002320 +/- 0.439020

Posterior distribution on file posterior_'param'.png

RMSD: 0.619308
Weighted RMSD: 0.619308
RMSD for validation data: 8.358503
RMSD for total data: 0.433979
AIC: 17.238616
AIC for validation data: 32.717005
AIC for total data: 16.867957

#####################################################################

Total time on ABC: 0.249 s
Number of trials: 8697

Fit on file model_fit.png