2021-11-29_22-05-24

Data Source: Número de casos confirmados de COVID-19 no Brasil (on GitHub)
https://raw.githubusercontent.com/wcota/covid19br/master/cases-brazil-cities-time.csv

Rejection ABC fitting of epidemic curves

Model: SEIRD
Parameters: $\beta_{I}$, $\beta_{E}$, $N$, $\mu$, $\gamma$, $t_{c}$, RF_{0}, $E_{0}$
#####################################################################

Number of Samples: 9984
Number of Posteriors: 3
RMSD Weights: [1,1]
Training window size: 20
Validation window size: 10

#####################################################################

Posterior No. 2
Execution Time: 1.752 s
Tolerance: eps = 11.979701

Priors' Ranges:

	 $\beta_{I}$: 0.000070 <-> 0.999997
	 $\beta_{E}$: 0.000049 <-> 0.999780
	 $N$: 216905.109715 <-> 42355407.209558
	 $\mu$: 0.000018 <-> 0.998126
	 $\gamma$: 0.000435 <-> 0.999987
	 $t_{c}$: 0.049954 <-> 29.998043
	 RF_{0}: 0.000200 <-> 0.999934
	 $E_{0}$: 0.000554 <-> 1.999813

Estimated parameters (av +/- std):

	 $\beta_{I}$: 0.066635 +/- 0.266323
	 $\beta_{E}$: 0.205190 +/- 0.268127
	 $N$: 8995696.498054 +/- 8810439.735737
	 $\mu$: 0.003456 +/- 0.185304
	 $\gamma$: 0.649584 +/- 0.224795
	 $t_{c}$: 28.242763 +/- 7.721257
	 RF_{0}: 0.790110 +/- 0.229125
	 $E_{0}$: 0.273210 +/- 0.544793

Posterior distribution on file posterior_'param'.png

RMSD: 0.154652
Weighted RMSD: 0.154652
RMSD for validation data: 0.951448
RMSD for total data: 0.277428
AIC: 16.309304
AIC for validation data: 17.902896
AIC for total data: 16.554856

#####################################################################

Total time on ABC: 2.976 s
Number of trials: 130452

Fit on file model_fit.png