2021-11-14_06-19-53

Data Source: Número de casos confirmados de COVID-19 no Brasil (on GitHub)
https://raw.githubusercontent.com/wcota/covid19br/master/cases-brazil-cities-time.csv

Rejection ABC fitting of epidemic curves

Model: SEIRD
Parameters: $\beta_{I}$, $\beta_{E}$, $N$, $\mu$, $\gamma$, $t_{c}$, RF_{0}, $E_{0}$
#####################################################################

Number of Samples: 960
Number of Posteriors: 3
RMSD Weights: [1,1]
Training window size: 45
Validation window size: 10

#####################################################################

Posterior No. 3
Execution Time: 0.225 s
Tolerance: eps = 40.851970

Priors' Ranges:

	 $\beta_{I}$: 0.001026 <-> 0.996597
	 $\beta_{E}$: 0.000395 <-> 0.992654
	 $N$: 84000.867015 <-> 16602579.019041
	 $\mu$: 0.000006 <-> 0.956254
	 $\gamma$: 0.073312 <-> 0.999629
	 $t_{c}$: 0.087598 <-> 29.995964
	 RF_{0}: 0.001762 <-> 0.999368
	 $E_{0}$: 0.000272 <-> 1.993197

Estimated parameters (av +/- std):

	 $\beta_{I}$: 0.176088 +/- 0.264816
	 $\beta_{E}$: 0.010587 +/- 0.275525
	 $N$: 12572887.172687 +/- 4366183.207224
	 $\mu$: 0.001644 +/- 0.143510
	 $\gamma$: 0.912733 +/- 0.207923
	 $t_{c}$: 9.021683 +/- 8.607515
	 RF_{0}: 0.812054 +/- 0.266557
	 $E_{0}$: 0.191429 +/- 0.536568

Posterior distribution on file posterior_'param'.png

RMSD: 0.209459
Weighted RMSD: 0.209459
RMSD for validation data: 1.242056
RMSD for total data: 0.415608
AIC: 16.418919
AIC for validation data: 18.484112
AIC for total data: 16.831215

#####################################################################

Total time on ABC: 0.673 s
Number of trials: 24985

Fit on file model_fit.png