2021-11-14_05-08-12

Data Source: Número de casos confirmados de COVID-19 no Brasil (on GitHub)
https://raw.githubusercontent.com/wcota/covid19br/master/cases-brazil-cities-time.csv

Rejection ABC fitting of epidemic curves

Model: SEIRD
Parameters: $\beta_{I}$, $\beta_{E}$, $N$, $\mu$, $\gamma$, $t_{c}$, RF_{0}, $E_{0}$
#####################################################################

Number of Samples: 960
Number of Posteriors: 3
RMSD Weights: [1,1]
Training window size: 25
Validation window size: 10

#####################################################################

Posterior No. 3
Execution Time: 0.079 s
Tolerance: eps = 52.146445

Priors' Ranges:

	 $\beta_{I}$: 0.000025 <-> 0.995261
	 $\beta_{E}$: 0.000071 <-> 0.938348
	 $N$: 137268.897338 <-> 25294917.909896
	 $\mu$: 0.000018 <-> 0.998314
	 $\gamma$: 0.050482 <-> 0.999885
	 $t_{c}$: 0.052362 <-> 29.999374
	 RF_{0}: 0.003878 <-> 0.999708
	 $E_{0}$: 0.000032 <-> 1.997520

Estimated parameters (av +/- std):

	 $\beta_{I}$: 0.237161 +/- 0.253104
	 $\beta_{E}$: 0.000226 +/- 0.117242
	 $N$: 4611499.406311 +/- 7049999.613902
	 $\mu$: 0.003845 +/- 0.232962
	 $\gamma$: 0.595155 +/- 0.217716
	 $t_{c}$: 17.635678 +/- 7.768564
	 RF_{0}: 0.996734 +/- 0.255298
	 $E_{0}$: 0.372465 +/- 0.474260

Posterior distribution on file posterior_'param'.png

RMSD: 0.133467
Weighted RMSD: 0.133467
RMSD for validation data: 0.388164
RMSD for total data: 0.399268
AIC: 16.266935
AIC for validation data: 16.776328
AIC for total data: 16.798536

#####################################################################

Total time on ABC: 0.331 s
Number of trials: 12625

Fit on file model_fit.png