2021-11-14_20-30-25

Data Source: Número de casos confirmados de COVID-19 no Brasil (on GitHub)
https://raw.githubusercontent.com/wcota/covid19br/master/cases-brazil-cities-time.csv

Rejection ABC fitting of epidemic curves

Model: SEIRD
Parameters: $\beta_{I}$, $\beta_{E}$, $N$, $\mu$, $\gamma$, $t_{c}$, RF_{0}, $E_{0}$
#####################################################################

Number of Samples: 960
Number of Posteriors: 3
RMSD Weights: [1,1]
Training window size: 40
Validation window size: 10

#####################################################################

Posterior No. 2
Execution Time: 0.165 s
Tolerance: eps = 105.706166

Priors' Ranges:

	 $\beta_{I}$: 0.001416 <-> 0.992772
	 $\beta_{E}$: 0.000082 <-> 0.978672
	 $N$: 52682.795701 <-> 10242812.782228
	 $\mu$: 0.000018 <-> 0.996793
	 $\gamma$: 0.013756 <-> 0.999700
	 $t_{c}$: 0.037014 <-> 29.910522
	 RF_{0}: 0.003054 <-> 0.997123
	 $E_{0}$: 0.001544 <-> 1.999284

Estimated parameters (av +/- std):

	 $\beta_{I}$: 0.029146 +/- 0.257270
	 $\beta_{E}$: 0.144590 +/- 0.193520
	 $N$: 7976244.391433 +/- 3096877.033354
	 $\mu$: 0.000018 +/- 0.256854
	 $\gamma$: 0.961774 +/- 0.210012
	 $t_{c}$: 8.966305 +/- 8.775077
	 RF_{0}: 0.186440 +/- 0.257031
	 $E_{0}$: 0.101957 +/- 0.505043

Posterior distribution on file posterior_'param'.png

RMSD: 1.371493
Weighted RMSD: 1.371493
RMSD for validation data: 14.893126
RMSD for total data: 0.433979
AIC: 18.742987
AIC for validation data: 45.786252
AIC for total data: 16.867957

#####################################################################

Total time on ABC: 0.398 s
Number of trials: 21396

Fit on file model_fit.png