2021-11-14_06-17-32

Data Source: Número de casos confirmados de COVID-19 no Brasil (on GitHub)
https://raw.githubusercontent.com/wcota/covid19br/master/cases-brazil-cities-time.csv

Rejection ABC fitting of epidemic curves

Model: SEIRD
Parameters: $\beta_{I}$, $\beta_{E}$, $N$, $\mu$, $\gamma$, $t_{c}$, RF_{0}, $E_{0}$
#####################################################################

Number of Samples: 960
Number of Posteriors: 3
RMSD Weights: [1,1]
Training window size: 15
Validation window size: 10

#####################################################################

Posterior No. 3
Execution Time: 0.075 s
Tolerance: eps = 138.753550

Priors' Ranges:

	 $\beta_{I}$: 0.001592 <-> 0.998915
	 $\beta_{E}$: 0.000903 <-> 0.999792
	 $N$: 90951.348288 <-> 16753373.658541
	 $\mu$: 0.000008 <-> 0.956550
	 $\gamma$: 0.022671 <-> 0.999962
	 $t_{c}$: 0.075874 <-> 29.974268
	 RF_{0}: 0.001524 <-> 0.999935
	 $E_{0}$: 0.004076 <-> 1.982605

Estimated parameters (av +/- std):

	 $\beta_{I}$: 0.718543 +/- 0.258071
	 $\beta_{E}$: 0.480982 +/- 0.216894
	 $N$: 95167.266844 +/- 4887948.063557
	 $\mu$: 0.000192 +/- 0.134296
	 $\gamma$: 0.555288 +/- 0.223846
	 $t_{c}$: 8.892404 +/- 7.261588
	 RF_{0}: 0.575710 +/- 0.263626
	 $E_{0}$: 1.835046 +/- 0.512130

Posterior distribution on file posterior_'param'.png

RMSD: 0.429206
Weighted RMSD: 0.429206
RMSD for validation data: 1.438438
RMSD for total data: 0.406025
AIC: 16.858412
AIC for validation data: 18.876877
AIC for total data: 16.812051

#####################################################################

Total time on ABC: 0.244 s
Number of trials: 14723

Fit on file model_fit.png