2022-03-08_16-35-49

Data Source: Número de casos confirmados de COVID-19 no Brasil (on GitHub)
https://raw.githubusercontent.com/wcota/covid19br/master/cases-brazil-cities-time.csv

Rejection ABC fitting of epidemic curves

Model: SEIRD
Parameters: $\beta_{I}$, $\beta_{E}$, $N$, $\mu$, $\gamma$, $t_{c}$, RF_{0}, $E_{0}$
#####################################################################

Number of Samples: 48
Number of Posteriors: 3
RMSD Weights: [1,1]
Training window size: 40
Validation window size: 10

#####################################################################

Posterior No. 1
Execution Time: 6.219 s
Tolerance: eps = 0.02

Priors' Ranges:

	 $\beta_{I}$: 0.000000 <-> 1.000000
	 $\beta_{E}$: 0.000000 <-> 1.000000
	 $N$: 2125594.090000 <-> 106279704.500000
	 $\mu$: 0.000000 <-> 1.000000
	 $\gamma$: 0.000000 <-> 1.000000
	 $t_{c}$: 0.000000 <-> 30.000000
	 RF_{0}: 0.000000 <-> 1.000000
	 $E_{0}$: 0.000000 <-> 2.000000

Estimated parameters (av +/- std):

	 $\beta_{I}$: 0.812753 +/- 0.251848
	 $\beta_{E}$: 0.061812 +/- 0.031197
	 $N$: 14627371.767015 +/- 26071454.489697
	 $\mu$: 0.010915 +/- 0.003333
	 $\gamma$: 0.516266 +/- 0.168939
	 $t_{c}$: 27.946452 +/- 5.446365
	 RF_{0}: 0.998548 +/- 0.003904
	 $E_{0}$: 0.178051 +/- 0.034266

Posterior distribution on file posterior_'param'.png

RMSD: 0.014018
Weighted RMSD: 0.014018
RMSD for validation data: 0.065614
RMSD for total data: 0.178200
AIC: 16.028037
AIC for validation data: 16.131229
AIC for total data: 16.356400

#####################################################################

Total time on ABC: 6.219 s
Number of trials: 369952

Fit on file model_fit.png