2021-11-14_04-14-21

Data Source: Número de casos confirmados de COVID-19 no Brasil (on GitHub)
https://raw.githubusercontent.com/wcota/covid19br/master/cases-brazil-cities-time.csv

Rejection ABC fitting of epidemic curves

Model: SEIRD
Parameters: $\beta_{I}$, $\beta_{E}$, $N$, $\mu$, $\gamma$, $t_{c}$, RF_{0}, $E_{0}$
#####################################################################

Number of Samples: 48
Number of Posteriors: 3
RMSD Weights: [1,1]
Training window size: 25
Validation window size: 10

#####################################################################

Posterior No. 1
Execution Time: 0.115 s
Tolerance: eps = 0.498174

Priors' Ranges:

	 $\beta_{I}$: 0.000000 <-> 1.000000
	 $\beta_{E}$: 0.000000 <-> 1.000000
	 $N$: 126476.458000 <-> 25295291.600000
	 $\mu$: 0.000000 <-> 1.000000
	 $\gamma$: 0.000000 <-> 1.000000
	 $t_{c}$: 0.000000 <-> 30.000000
	 RF_{0}: 0.000000 <-> 1.000000
	 $E_{0}$: 0.000000 <-> 2.000000

Estimated parameters (av +/- std):

	 $\beta_{I}$: 0.176255 +/- 0.193436
	 $\beta_{E}$: 0.020216 +/- 0.035100
	 $N$: 22682431.989872 +/- 6889466.802646
	 $\mu$: 0.029951 +/- 0.016440
	 $\gamma$: 0.289642 +/- 0.173201
	 $t_{c}$: 11.541166 +/- 7.270052
	 RF_{0}: 0.899346 +/- 0.249443
	 $E_{0}$: 0.125713 +/- 0.126245

Posterior distribution on file posterior_'param'.png

RMSD: 0.078327
Weighted RMSD: 0.078327
RMSD for validation data: 1.476140
RMSD for total data: 0.399262
AIC: 16.156653
AIC for validation data: 18.952280
AIC for total data: 16.798524

#####################################################################

Total time on ABC: 0.115 s
Number of trials: 10819

Fit on file model_fit.png