2021-11-14_23-03-08

Data Source: Número de casos confirmados de COVID-19 no Brasil (on GitHub)
https://raw.githubusercontent.com/wcota/covid19br/master/cases-brazil-cities-time.csv

Rejection ABC fitting of epidemic curves

Model: SEIRD
Parameters: $\beta_{I}$, $\beta_{E}$, $N$, $\mu$, $\gamma$, $t_{c}$, RF_{0}, $E_{0}$
#####################################################################

Number of Samples: 48
Number of Posteriors: 3
RMSD Weights: [1,1]
Training window size: 15
Validation window size: 10

#####################################################################

Posterior No. 1
Execution Time: 0.100 s
Tolerance: eps = 42.520635

Priors' Ranges:

	 $\beta_{I}$: 0.000000 <-> 1.000000
	 $\beta_{E}$: 0.000000 <-> 1.000000
	 $N$: 331002.647000 <-> 66200529.400000
	 $\mu$: 0.000000 <-> 1.000000
	 $\gamma$: 0.000000 <-> 1.000000
	 $t_{c}$: 0.000000 <-> 30.000000
	 RF_{0}: 0.000000 <-> 1.000000
	 $E_{0}$: 0.000000 <-> 2.000000

Estimated parameters (av +/- std):

	 $\beta_{I}$: 0.390179 +/- 0.291403
	 $\beta_{E}$: 0.707116 +/- 0.294854
	 $N$: 1532904.501879 +/- 18702000.193074
	 $\mu$: 0.003385 +/- 0.233126
	 $\gamma$: 0.978594 +/- 0.272364
	 $t_{c}$: 21.152192 +/- 8.397032
	 RF_{0}: 0.760931 +/- 0.274998
	 $E_{0}$: 1.781370 +/- 0.586773

Posterior distribution on file posterior_'param'.png

RMSD: 0.374857
Weighted RMSD: 0.374857
RMSD for validation data: 1.410673
RMSD for total data: 0.466845
AIC: 16.749715
AIC for validation data: 18.821346
AIC for total data: 16.933691

#####################################################################

Total time on ABC: 0.100 s
Number of trials: 9321

Fit on file model_fit.png