2021-11-14_21-02-25

Data Source: Número de casos confirmados de COVID-19 no Brasil (on GitHub)
https://raw.githubusercontent.com/wcota/covid19br/master/cases-brazil-cities-time.csv

Rejection ABC fitting of epidemic curves

Model: SEIRD
Parameters: $\beta_{I}$, $\beta_{E}$, $N$, $\mu$, $\gamma$, $t_{c}$, RF_{0}, $E_{0}$
#####################################################################

Number of Samples: 48
Number of Posteriors: 3
RMSD Weights: [1,1]
Training window size: 30
Validation window size: 10

#####################################################################

Posterior No. 1
Execution Time: 0.209 s
Tolerance: eps = 0.067056

Priors' Ranges:

	 $\beta_{I}$: 0.000000 <-> 1.000000
	 $\beta_{E}$: 0.000000 <-> 1.000000
	 $N$: 331002.647000 <-> 66200529.400000
	 $\mu$: 0.000000 <-> 1.000000
	 $\gamma$: 0.000000 <-> 1.000000
	 $t_{c}$: 0.000000 <-> 30.000000
	 RF_{0}: 0.000000 <-> 1.000000
	 $E_{0}$: 0.000000 <-> 2.000000

Estimated parameters (av +/- std):

	 $\beta_{I}$: 0.690331 +/- 0.278804
	 $\beta_{E}$: 0.478773 +/- 0.248785
	 $N$: 34464766.289759 +/- 3518494.071025
	 $\mu$: 0.013082 +/- 0.004423
	 $\gamma$: 0.687182 +/- 0.178651
	 $t_{c}$: 16.757549 +/- 5.335930
	 RF_{0}: 0.989653 +/- 0.004069
	 $E_{0}$: 0.031146 +/- 0.015992

Posterior distribution on file posterior_'param'.png

RMSD: 0.019867
Weighted RMSD: 0.019867
RMSD for validation data: 0.212006
RMSD for total data: 0.686829
AIC: 16.039734
AIC for validation data: 16.424012
AIC for total data: 17.373658

#####################################################################

Total time on ABC: 0.209 s
Number of trials: 15347

Fit on file model_fit.png