2021-11-14_05-14-13

Data Source: Número de casos confirmados de COVID-19 no Brasil (on GitHub)
https://raw.githubusercontent.com/wcota/covid19br/master/cases-brazil-cities-time.csv

Rejection ABC fitting of epidemic curves

Model: SEIRD
Parameters: $\beta_{I}$, $\beta_{E}$, $N$, $\mu$, $\gamma$, $t_{c}$, RF_{0}, $E_{0}$
#####################################################################

Number of Samples: 960
Number of Posteriors: 3
RMSD Weights: [1,1]
Training window size: 35
Validation window size: 10

#####################################################################

Posterior No. 2
Execution Time: 1.018 s
Tolerance: eps = 0.082379

Priors' Ranges:

	 $\beta_{I}$: 0.003639 <-> 0.995590
	 $\beta_{E}$: 0.000136 <-> 0.266692
	 $N$: 225597.547339 <-> 16748352.680680
	 $\mu$: 0.004572 <-> 0.039752
	 $\gamma$: 0.085072 <-> 0.999818
	 $t_{c}$: 1.433132 <-> 14.330944
	 RF_{0}: 0.036600 <-> 0.999471
	 $E_{0}$: 0.226268 <-> 1.999873

Estimated parameters (av +/- std):

	 $\beta_{I}$: 0.118966 +/- 0.210151
	 $\beta_{E}$: 0.073022 +/- 0.043431
	 $N$: 8791813.389395 +/- 4684316.772751
	 $\mu$: 0.010954 +/- 0.007037
	 $\gamma$: 0.285475 +/- 0.203009
	 $t_{c}$: 8.090122 +/- 2.273157
	 RF_{0}: 0.995250 +/- 0.153197
	 $E_{0}$: 1.750683 +/- 0.371824

Posterior distribution on file posterior_'param'.png

RMSD: 0.061807
Weighted RMSD: 0.061807
RMSD for validation data: 2.356406
RMSD for total data: 0.415593
AIC: 16.123615
AIC for validation data: 20.712813
AIC for total data: 16.831187

#####################################################################

Total time on ABC: 2.324 s
Number of trials: 71768

Fit on file model_fit.png