2022-03-08_16-04-21

Data Source: Número de casos confirmados de COVID-19 no Brasil (on GitHub)
https://raw.githubusercontent.com/wcota/covid19br/master/cases-brazil-cities-time.csv

Rejection ABC fitting of epidemic curves

Model: SEIRD
Parameters: $\beta_{I}$, $\beta_{E}$, $N$, $\mu$, $\gamma$, $t_{c}$, RF_{0}, $E_{0}$
#####################################################################

Number of Samples: 960
Number of Posteriors: 3
RMSD Weights: [1,1]
Training window size: 20
Validation window size: 10

#####################################################################

Posterior No. 2
Execution Time: 0.600 s
Tolerance: eps = 0.037161

Priors' Ranges:

	 $\beta_{I}$: 0.001296 <-> 0.999866
	 $\beta_{E}$: 0.000189 <-> 0.122520
	 $N$: 8554344.881587 <-> 106278261.677078
	 $\mu$: 0.003110 <-> 0.020300
	 $\gamma$: 0.173189 <-> 0.999700
	 $t_{c}$: 5.532948 <-> 29.975349
	 RF_{0}: 0.973300 <-> 0.999997
	 $E_{0}$: 0.033393 <-> 0.201622

Estimated parameters (av +/- std):

	 $\beta_{I}$: 0.465924 +/- 0.251697
	 $\beta_{E}$: 0.051487 +/- 0.022273
	 $N$: 45982079.653491 +/- 27398500.039963
	 $\mu$: 0.010343 +/- 0.003001
	 $\gamma$: 0.566651 +/- 0.165125
	 $t_{c}$: 5.617128 +/- 5.562512
	 RF_{0}: 0.991879 +/- 0.004398
	 $E_{0}$: 0.035073 +/- 0.034039

Posterior distribution on file posterior_'param'.png

RMSD: 0.026036
Weighted RMSD: 0.026036
RMSD for validation data: 0.343671
RMSD for total data: 0.449497
AIC: 16.052071
AIC for validation data: 16.687341
AIC for total data: 16.898994

#####################################################################

Total time on ABC: 1.102 s
Number of trials: 72773

Fit on file model_fit.png