2021-11-14_06-01-51

Data Source: Número de casos confirmados de COVID-19 no Brasil (on GitHub)
https://raw.githubusercontent.com/wcota/covid19br/master/cases-brazil-cities-time.csv

Rejection ABC fitting of epidemic curves

Model: SEIRD
Parameters: $\beta_{I}$, $\beta_{E}$, $N$, $\mu$, $\gamma$, $t_{c}$, RF_{0}, $E_{0}$
#####################################################################

Number of Samples: 48
Number of Posteriors: 3
RMSD Weights: [1,1]
Training window size: 30
Validation window size: 10

#####################################################################

Posterior No. 1
Execution Time: 0.354 s
Tolerance: eps = 0.199676

Priors' Ranges:

	 $\beta_{I}$: 0.000000 <-> 1.000000
	 $\beta_{E}$: 0.000000 <-> 1.000000
	 $N$: 1380004.385000 <-> 276000877.000000
	 $\mu$: 0.000000 <-> 1.000000
	 $\gamma$: 0.000000 <-> 1.000000
	 $t_{c}$: 0.000000 <-> 30.000000
	 RF_{0}: 0.000000 <-> 1.000000
	 $E_{0}$: 0.000000 <-> 2.000000

Estimated parameters (av +/- std):

	 $\beta_{I}$: 0.769328 +/- 0.260215
	 $\beta_{E}$: 0.072936 +/- 0.039211
	 $N$: 74359629.453699 +/- 74375602.839891
	 $\mu$: 0.002294 +/- 0.164381
	 $\gamma$: 0.660833 +/- 0.190037
	 $t_{c}$: 29.354733 +/- 8.156237
	 RF_{0}: 0.795447 +/- 0.254452
	 $E_{0}$: 0.142538 +/- 0.450543

Posterior distribution on file posterior_'param'.png

RMSD: 0.082133
Weighted RMSD: 0.082133
RMSD for validation data: 0.515960
RMSD for total data: 1.183502
AIC: 16.164266
AIC for validation data: 17.031921
AIC for total data: 18.367003

#####################################################################

Total time on ABC: 0.354 s
Number of trials: 33232

Fit on file model_fit.png