2022-03-08_15-59-59

Data Source: Número de casos confirmados de COVID-19 no Brasil (on GitHub)
https://raw.githubusercontent.com/wcota/covid19br/master/cases-brazil-cities-time.csv

Rejection ABC fitting of epidemic curves

Model: SEIRD
Parameters: $\beta_{I}$, $\beta_{E}$, $N$, $\mu$, $\gamma$, $t_{c}$, RF_{0}, $E_{0}$
#####################################################################

Number of Samples: 960
Number of Posteriors: 3
RMSD Weights: [1,1]
Training window size: 20
Validation window size: 10

#####################################################################

Posterior No. 2
Execution Time: 2.665 s
Tolerance: eps = 0.025859

Priors' Ranges:

	 $\beta_{I}$: 0.002100 <-> 0.993530
	 $\beta_{E}$: 0.000572 <-> 0.151196
	 $N$: 14822389.291337 <-> 106125235.822506
	 $\mu$: 0.006599 <-> 0.025441
	 $\gamma$: 0.270397 <-> 0.995623
	 $t_{c}$: 8.615584 <-> 29.987483
	 RF_{0}: 0.984681 <-> 0.999959
	 $E_{0}$: 0.042482 <-> 0.152551

Estimated parameters (av +/- std):

	 $\beta_{I}$: 0.910527 +/- 0.252091
	 $\beta_{E}$: 0.082115 +/- 0.024798
	 $N$: 19035138.604850 +/- 24124549.457369
	 $\mu$: 0.020866 +/- 0.003902
	 $\gamma$: 0.846935 +/- 0.158739
	 $t_{c}$: 17.499756 +/- 4.834335
	 RF_{0}: 0.997447 +/- 0.002529
	 $E_{0}$: 0.082235 +/- 0.023136

Posterior distribution on file posterior_'param'.png

RMSD: 0.022104
Weighted RMSD: 0.022104
RMSD for validation data: 0.139469
RMSD for total data: 0.298200
AIC: 16.044208
AIC for validation data: 16.278938
AIC for total data: 16.596399

#####################################################################

Total time on ABC: 4.766 s
Number of trials: 255013

Fit on file model_fit.png