2021-11-14_07-46-07

Data Source: Número de casos confirmados de COVID-19 no Brasil (on GitHub)
https://raw.githubusercontent.com/wcota/covid19br/master/cases-brazil-cities-time.csv

Rejection ABC fitting of epidemic curves

Model: SEIRD
Parameters: $\beta_{I}$, $\beta_{E}$, $N$, $\mu$, $\gamma$, $t_{c}$, RF_{0}, $E_{0}$
#####################################################################

Number of Samples: 960
Number of Posteriors: 3
RMSD Weights: [1,1]
Training window size: 45
Validation window size: 10

#####################################################################

Posterior No. 3
Execution Time: 47.868 s
Tolerance: eps = 0.014192

Priors' Ranges:

	 $\beta_{I}$: 0.000499 <-> 0.996488
	 $\beta_{E}$: 0.000328 <-> 0.154994
	 $N$: 3295412.567659 <-> 42480658.567007
	 $\mu$: 0.006616 <-> 0.030988
	 $\gamma$: 0.215905 <-> 0.999885
	 $t_{c}$: 2.628871 <-> 29.999877
	 RF_{0}: 0.753106 <-> 0.973769
	 $E_{0}$: 0.027212 <-> 1.281534

Estimated parameters (av +/- std):

	 $\beta_{I}$: 0.991640 +/- 0.258871
	 $\beta_{E}$: 0.018660 +/- 0.022066
	 $N$: 5421160.330440 +/- 10870590.367420
	 $\mu$: 0.018944 +/- 0.004832
	 $\gamma$: 0.628288 +/- 0.158666
	 $t_{c}$: 20.897080 +/- 6.327684
	 RF_{0}: 0.878547 +/- 0.032464
	 $E_{0}$: 0.717684 +/- 0.261947

Posterior distribution on file posterior_'param'.png

RMSD: 0.010310
Weighted RMSD: 0.010310
RMSD for validation data: 0.163554
RMSD for total data: 0.403022
AIC: 16.020620
AIC for validation data: 16.327108
AIC for total data: 16.806044

#####################################################################

Total time on ABC: 80.235 s
Number of trials: 2602811

Fit on file model_fit.png