2021-11-14_21-31-10

Data Source: Número de casos confirmados de COVID-19 no Brasil (on GitHub)
https://raw.githubusercontent.com/wcota/covid19br/master/cases-brazil-cities-time.csv

Rejection ABC fitting of epidemic curves

Model: SEIRD
Parameters: $\beta_{I}$, $\beta_{E}$, $N$, $\mu$, $\gamma$, $t_{c}$, RF_{0}, $E_{0}$
#####################################################################

Number of Samples: 960
Number of Posteriors: 3
RMSD Weights: [1,1]
Training window size: 45
Validation window size: 10

#####################################################################

Posterior No. 2
Execution Time: 0.984 s
Tolerance: eps = 0.035454

Priors' Ranges:

	 $\beta_{I}$: 0.000540 <-> 0.999908
	 $\beta_{E}$: 0.000253 <-> 0.176009
	 $N$: 10093856.815873 <-> 66136861.814690
	 $\mu$: 0.002043 <-> 0.019440
	 $\gamma$: 0.113836 <-> 0.999872
	 $t_{c}$: 8.058577 <-> 29.990173
	 RF_{0}: 0.936548 <-> 0.997971
	 $E_{0}$: 0.035227 <-> 0.223751

Estimated parameters (av +/- std):

	 $\beta_{I}$: 0.637818 +/- 0.252815
	 $\beta_{E}$: 0.004678 +/- 0.025086
	 $N$: 61125334.557369 +/- 14256087.829845
	 $\mu$: 0.009051 +/- 0.002712
	 $\gamma$: 0.515744 +/- 0.155076
	 $t_{c}$: 20.349821 +/- 4.587789
	 RF_{0}: 0.976206 +/- 0.010057
	 $E_{0}$: 0.113731 +/- 0.031882

Posterior distribution on file posterior_'param'.png

RMSD: 0.012791
Weighted RMSD: 0.012791
RMSD for validation data: 0.203999
RMSD for total data: 0.486713
AIC: 16.025583
AIC for validation data: 16.407997
AIC for total data: 16.973426

#####################################################################

Total time on ABC: 1.499 s
Number of trials: 39615

Fit on file model_fit.png