2021-11-14_20-30-25

Data Source: Número de casos confirmados de COVID-19 no Brasil (on GitHub)
https://raw.githubusercontent.com/wcota/covid19br/master/cases-brazil-cities-time.csv

Rejection ABC fitting of epidemic curves

Model: SEIRD
Parameters: $\beta_{I}$, $\beta_{E}$, $N$, $\mu$, $\gamma$, $t_{c}$, RF_{0}, $E_{0}$
#####################################################################

Number of Samples: 48
Number of Posteriors: 3
RMSD Weights: [1,1]
Training window size: 35
Validation window size: 10

#####################################################################

Posterior No. 1
Execution Time: 0.192 s
Tolerance: eps = 238.520124

Priors' Ranges:

	 $\beta_{I}$: 0.000000 <-> 1.000000
	 $\beta_{E}$: 0.000000 <-> 1.000000
	 $N$: 51269.183000 <-> 10253836.600000
	 $\mu$: 0.000000 <-> 1.000000
	 $\gamma$: 0.000000 <-> 1.000000
	 $t_{c}$: 0.000000 <-> 30.000000
	 RF_{0}: 0.000000 <-> 1.000000
	 $E_{0}$: 0.000000 <-> 2.000000

Estimated parameters (av +/- std):

	 $\beta_{I}$: 0.046353 +/- 0.276581
	 $\beta_{E}$: 0.146868 +/- 0.240949
	 $N$: 5509472.190913 +/- 3180119.931417
	 $\mu$: 0.006748 +/- 0.304685
	 $\gamma$: 0.840150 +/- 0.252374
	 $t_{c}$: 22.783223 +/- 9.680608
	 RF_{0}: 0.922962 +/- 0.286593
	 $E_{0}$: 0.077375 +/- 0.550589

Posterior distribution on file posterior_'param'.png

RMSD: 1.266150
Weighted RMSD: 1.266150
RMSD for validation data: 13.520908
RMSD for total data: 0.433979
AIC: 18.532299
AIC for validation data: 43.041816
AIC for total data: 16.867957

#####################################################################

Total time on ABC: 0.192 s
Number of trials: 9435

Fit on file model_fit.png