2021-11-14_20-30-25

Data Source: Número de casos confirmados de COVID-19 no Brasil (on GitHub)
https://raw.githubusercontent.com/wcota/covid19br/master/cases-brazil-cities-time.csv

Rejection ABC fitting of epidemic curves

Model: SEIRD
Parameters: $\beta_{I}$, $\beta_{E}$, $N$, $\mu$, $\gamma$, $t_{c}$, RF_{0}, $E_{0}$
#####################################################################

Number of Samples: 960
Number of Posteriors: 3
RMSD Weights: [1,1]
Training window size: 10
Validation window size: 10

#####################################################################

Posterior No. 3
Execution Time: 0.049 s
Tolerance: eps = 197.152219

Priors' Ranges:

	 $\beta_{I}$: 0.001097 <-> 0.997720
	 $\beta_{E}$: 0.000019 <-> 0.842206
	 $N$: 108441.159788 <-> 10238791.961753
	 $\mu$: 0.000025 <-> 0.936673
	 $\gamma$: 0.000947 <-> 0.999302
	 $t_{c}$: 0.047617 <-> 29.953366
	 RF_{0}: 0.004654 <-> 0.999093
	 $E_{0}$: 0.000340 <-> 1.985367

Estimated parameters (av +/- std):

	 $\beta_{I}$: 0.228519 +/- 0.258362
	 $\beta_{E}$: 0.041481 +/- 0.140438
	 $N$: 8662276.325120 +/- 2687451.695250
	 $\mu$: 0.000393 +/- 0.141382
	 $\gamma$: 0.607388 +/- 0.230314
	 $t_{c}$: 19.174648 +/- 7.320275
	 RF_{0}: 0.099513 +/- 0.228358
	 $E_{0}$: 0.056695 +/- 0.506028

Posterior distribution on file posterior_'param'.png

RMSD: 2.446232
Weighted RMSD: 2.446232
RMSD for validation data: 3.597231
RMSD for total data: 0.433979
AIC: 20.892463
AIC for validation data: 23.194463
AIC for total data: 16.867957

#####################################################################

Total time on ABC: 0.165 s
Number of trials: 9688

Fit on file model_fit.png