2021-11-14_20-32-41

Data Source: Número de casos confirmados de COVID-19 no Brasil (on GitHub)
https://raw.githubusercontent.com/wcota/covid19br/master/cases-brazil-cities-time.csv

Rejection ABC fitting of epidemic curves

Model: SEIRD
Parameters: $\beta_{I}$, $\beta_{E}$, $N$, $\mu$, $\gamma$, $t_{c}$, RF_{0}, $E_{0}$
#####################################################################

Number of Samples: 960
Number of Posteriors: 3
RMSD Weights: [1,1]
Training window size: 25
Validation window size: 10

#####################################################################

Posterior No. 2
Execution Time: 0.114 s
Tolerance: eps = 112.803215

Priors' Ranges:

	 $\beta_{I}$: 0.000233 <-> 0.994858
	 $\beta_{E}$: 0.000216 <-> 0.999884
	 $N$: 69556.259519 <-> 13562481.402137
	 $\mu$: 0.000023 <-> 0.998497
	 $\gamma$: 0.018286 <-> 0.999649
	 $t_{c}$: 0.059751 <-> 29.881357
	 RF_{0}: 0.003809 <-> 0.999228
	 $E_{0}$: 0.000561 <-> 1.998911

Estimated parameters (av +/- std):

	 $\beta_{I}$: 0.502948 +/- 0.269408
	 $\beta_{E}$: 0.715784 +/- 0.266939
	 $N$: 122762.486414 +/- 3937527.248539
	 $\mu$: 0.000965 +/- 0.217358
	 $\gamma$: 0.890675 +/- 0.216613
	 $t_{c}$: 15.754629 +/- 7.719113
	 RF_{0}: 0.559363 +/- 0.254723
	 $E_{0}$: 0.451102 +/- 0.524919

Posterior distribution on file posterior_'param'.png

RMSD: 0.379086
Weighted RMSD: 0.379086
RMSD for validation data: 1.363173
RMSD for total data: 0.489284
AIC: 16.758172
AIC for validation data: 18.726346
AIC for total data: 16.978569

#####################################################################

Total time on ABC: 0.249 s
Number of trials: 17535

Fit on file model_fit.png