2021-11-14_19-22-12

Data Source: Número de casos confirmados de COVID-19 no Brasil (on GitHub)
https://raw.githubusercontent.com/wcota/covid19br/master/cases-brazil-cities-time.csv

Rejection ABC fitting of epidemic curves

Model: SEIRD
Parameters: $\beta_{I}$, $\beta_{E}$, $N$, $\mu$, $\gamma$, $t_{c}$, RF_{0}, $E_{0}$
#####################################################################

Number of Samples: 48
Number of Posteriors: 3
RMSD Weights: [1,1]
Training window size: 30
Validation window size: 10

#####################################################################

Posterior No. 1
Execution Time: 0.243 s
Tolerance: eps = 0.090898

Priors' Ranges:

	 $\beta_{I}$: 0.000000 <-> 1.000000
	 $\beta_{E}$: 0.000000 <-> 1.000000
	 $N$: 51269.183000 <-> 10253836.600000
	 $\mu$: 0.000000 <-> 1.000000
	 $\gamma$: 0.000000 <-> 1.000000
	 $t_{c}$: 0.000000 <-> 30.000000
	 RF_{0}: 0.000000 <-> 1.000000
	 $E_{0}$: 0.000000 <-> 2.000000

Estimated parameters (av +/- std):

	 $\beta_{I}$: 0.241308 +/- 0.203477
	 $\beta_{E}$: 0.018697 +/- 0.017354
	 $N$: 9859548.755239 +/- 2726978.484912
	 $\mu$: 0.008458 +/- 0.003418
	 $\gamma$: 0.512881 +/- 0.183395
	 $t_{c}$: 26.433942 +/- 5.776795
	 RF_{0}: 0.987587 +/- 0.024717
	 $E_{0}$: 0.140279 +/- 0.044834

Posterior distribution on file posterior_'param'.png

RMSD: 0.020895
Weighted RMSD: 0.020895
RMSD for validation data: 0.202929
RMSD for total data: 0.433979
AIC: 16.041789
AIC for validation data: 16.405857
AIC for total data: 16.867957

#####################################################################

Total time on ABC: 0.243 s
Number of trials: 20236

Fit on file model_fit.png