2021-11-14_10-31-06

Data Source: Número de casos confirmados de COVID-19 no Brasil (on GitHub)
https://raw.githubusercontent.com/wcota/covid19br/master/cases-brazil-cities-time.csv

Rejection ABC fitting of epidemic curves

Model: SEIRD
Parameters: $\beta_{I}$, $\beta_{E}$, $N$, $\mu$, $\gamma$, $t_{c}$, RF_{0}, $E_{0}$
#####################################################################

Number of Samples: 48
Number of Posteriors: 3
RMSD Weights: [1,1]
Training window size: 10
Validation window size: 10

#####################################################################

Posterior No. 1
Execution Time: 0.071 s
Tolerance: eps = 33.312514

Priors' Ranges:

	 $\beta_{I}$: 0.000000 <-> 1.000000
	 $\beta_{E}$: 0.000000 <-> 1.000000
	 $N$: 212559.409000 <-> 42511881.800000
	 $\mu$: 0.000000 <-> 1.000000
	 $\gamma$: 0.000000 <-> 1.000000
	 $t_{c}$: 0.000000 <-> 30.000000
	 RF_{0}: 0.000000 <-> 1.000000
	 $E_{0}$: 0.000000 <-> 2.000000

Estimated parameters (av +/- std):

	 $\beta_{I}$: 0.530890 +/- 0.289435
	 $\beta_{E}$: 0.642478 +/- 0.293874
	 $N$: 4336033.674012 +/- 12011757.917019
	 $\mu$: 0.023111 +/- 0.237062
	 $\gamma$: 0.949570 +/- 0.264657
	 $t_{c}$: 21.861288 +/- 8.151776
	 RF_{0}: 0.977423 +/- 0.271719
	 $E_{0}$: 0.706614 +/- 0.576258

Posterior distribution on file posterior_'param'.png

RMSD: 0.305359
Weighted RMSD: 0.305359
RMSD for validation data: 0.860091
RMSD for total data: 0.266495
AIC: 16.610719
AIC for validation data: 17.720183
AIC for total data: 16.532990

#####################################################################

Total time on ABC: 0.071 s
Number of trials: 9838

Fit on file model_fit.png