2021-11-14_05-05-40

Data Source: Número de casos confirmados de COVID-19 no Brasil (on GitHub)
https://raw.githubusercontent.com/wcota/covid19br/master/cases-brazil-cities-time.csv

Rejection ABC fitting of epidemic curves

Model: SEIRD
Parameters: $\beta_{I}$, $\beta_{E}$, $N$, $\mu$, $\gamma$, $t_{c}$, RF_{0}, $E_{0}$
#####################################################################

Number of Samples: 960
Number of Posteriors: 3
RMSD Weights: [1,1]
Training window size: 30
Validation window size: 10

#####################################################################

Posterior No. 3
Execution Time: 0.083 s
Tolerance: eps = 80.072709

Priors' Ranges:

	 $\beta_{I}$: 0.000218 <-> 0.994668
	 $\beta_{E}$: 0.000080 <-> 0.850874
	 $N$: 148069.427961 <-> 25282385.760838
	 $\mu$: 0.000044 <-> 0.996472
	 $\gamma$: 0.046084 <-> 0.999806
	 $t_{c}$: 0.040042 <-> 29.989913
	 RF_{0}: 0.002908 <-> 0.998762
	 $E_{0}$: 0.003171 <-> 1.985000

Estimated parameters (av +/- std):

	 $\beta_{I}$: 0.278689 +/- 0.254465
	 $\beta_{E}$: 0.111026 +/- 0.086241
	 $N$: 23844289.733267 +/- 6900084.029171
	 $\mu$: 0.001325 +/- 0.234916
	 $\gamma$: 0.974615 +/- 0.214073
	 $t_{c}$: 7.234209 +/- 8.174786
	 RF_{0}: 0.701077 +/- 0.258230
	 $E_{0}$: 0.154854 +/- 0.478490

Posterior distribution on file posterior_'param'.png

RMSD: 0.132872
Weighted RMSD: 0.132872
RMSD for validation data: 0.436977
RMSD for total data: 0.398932
AIC: 16.265744
AIC for validation data: 16.873955
AIC for total data: 16.797864

#####################################################################

Total time on ABC: 0.321 s
Number of trials: 8241

Fit on file model_fit.png