2021-11-14_05-05-40

Data Source: Número de casos confirmados de COVID-19 no Brasil (on GitHub)
https://raw.githubusercontent.com/wcota/covid19br/master/cases-brazil-cities-time.csv

Rejection ABC fitting of epidemic curves

Model: SEIRD
Parameters: $\beta_{I}$, $\beta_{E}$, $N$, $\mu$, $\gamma$, $t_{c}$, RF_{0}, $E_{0}$
#####################################################################

Number of Samples: 48
Number of Posteriors: 3
RMSD Weights: [1,1]
Training window size: 35
Validation window size: 10

#####################################################################

Posterior No. 1
Execution Time: 0.198 s
Tolerance: eps = 38.121186

Priors' Ranges:

	 $\beta_{I}$: 0.000000 <-> 1.000000
	 $\beta_{E}$: 0.000000 <-> 1.000000
	 $N$: 126476.458000 <-> 25295291.600000
	 $\mu$: 0.000000 <-> 1.000000
	 $\gamma$: 0.000000 <-> 1.000000
	 $t_{c}$: 0.000000 <-> 30.000000
	 RF_{0}: 0.000000 <-> 1.000000
	 $E_{0}$: 0.000000 <-> 2.000000

Estimated parameters (av +/- std):

	 $\beta_{I}$: 0.879179 +/- 0.273772
	 $\beta_{E}$: 0.015632 +/- 0.266399
	 $N$: 18928284.784324 +/- 7881537.052217
	 $\mu$: 0.007104 +/- 0.291144
	 $\gamma$: 0.645594 +/- 0.248718
	 $t_{c}$: 25.054682 +/- 9.095292
	 RF_{0}: 0.915888 +/- 0.287420
	 $E_{0}$: 0.337654 +/- 0.565351

Posterior distribution on file posterior_'param'.png

RMSD: 0.077355
Weighted RMSD: 0.077355
RMSD for validation data: 0.471918
RMSD for total data: 0.330553
AIC: 16.154711
AIC for validation data: 16.943837
AIC for total data: 16.661106

#####################################################################

Total time on ABC: 0.198 s
Number of trials: 9555

Fit on file model_fit.png