2021-11-14_21-02-25

Data Source: Número de casos confirmados de COVID-19 no Brasil (on GitHub)
https://raw.githubusercontent.com/wcota/covid19br/master/cases-brazil-cities-time.csv

Rejection ABC fitting of epidemic curves

Model: SEIRD
Parameters: $\beta_{I}$, $\beta_{E}$, $N$, $\mu$, $\gamma$, $t_{c}$, RF_{0}, $E_{0}$
#####################################################################

Number of Samples: 960
Number of Posteriors: 3
RMSD Weights: [1,1]
Training window size: 45
Validation window size: 10

#####################################################################

Posterior No. 2
Execution Time: 0.583 s
Tolerance: eps = 0.057276

Priors' Ranges:

	 $\beta_{I}$: 0.000293 <-> 0.940133
	 $\beta_{E}$: 0.000004 <-> 0.151785
	 $N$: 2272283.033684 <-> 64801953.844143
	 $\mu$: 0.009612 <-> 0.078749
	 $\gamma$: 0.117271 <-> 0.998589
	 $t_{c}$: 3.196410 <-> 27.642281
	 RF_{0}: 0.234882 <-> 0.999648
	 $E_{0}$: 0.003923 <-> 1.355951

Estimated parameters (av +/- std):

	 $\beta_{I}$: 0.584998 +/- 0.242077
	 $\beta_{E}$: 0.007239 +/- 0.018237
	 $N$: 29193877.455034 +/- 12937150.631979
	 $\mu$: 0.068680 +/- 0.019170
	 $\gamma$: 0.969189 +/- 0.264090
	 $t_{c}$: 21.689861 +/- 4.739560
	 RF_{0}: 0.920698 +/- 0.136611
	 $E_{0}$: 1.075388 +/- 0.223012

Posterior distribution on file posterior_'param'.png

RMSD: 0.012526
Weighted RMSD: 0.012526
RMSD for validation data: 0.422236
RMSD for total data: 0.486715
AIC: 16.025053
AIC for validation data: 16.844472
AIC for total data: 16.973429

#####################################################################

Total time on ABC: 1.233 s
Number of trials: 43861

Fit on file model_fit.png