2021-11-14_04-03-32

Data Source: Número de casos confirmados de COVID-19 no Brasil (on GitHub)
https://raw.githubusercontent.com/wcota/covid19br/master/cases-brazil-cities-time.csv

Rejection ABC fitting of epidemic curves

Model: SEIRD
Parameters: $\beta_{I}$, $\beta_{E}$, $N$, $\mu$, $\gamma$, $t_{c}$, RF_{0}, $E_{0}$
#####################################################################

Number of Samples: 960
Number of Posteriors: 3
RMSD Weights: [1,1]
Training window size: 45
Validation window size: 10

#####################################################################

Posterior No. 2
Execution Time: 1.084 s
Tolerance: eps = 0.075389

Priors' Ranges:

	 $\beta_{I}$: 0.000301 <-> 0.249230
	 $\beta_{E}$: 0.051254 <-> 0.143670
	 $N$: 196914.904492 <-> 25195956.151837
	 $\mu$: 0.000840 <-> 0.004217
	 $\gamma$: 0.159729 <-> 0.999574
	 $t_{c}$: 12.474043 <-> 29.988301
	 RF_{0}: 0.471719 <-> 0.669812
	 $E_{0}$: 0.000105 <-> 0.134431

Estimated parameters (av +/- std):

	 $\beta_{I}$: 0.033054 +/- 0.057492
	 $\beta_{E}$: 0.106369 +/- 0.015103
	 $N$: 24382159.146051 +/- 6686268.578476
	 $\mu$: 0.001400 +/- 0.000760
	 $\gamma$: 0.329276 +/- 0.194295
	 $t_{c}$: 21.222867 +/- 3.646055
	 RF_{0}: 0.569432 +/- 0.032500
	 $E_{0}$: 0.049978 +/- 0.025264

Posterior distribution on file posterior_'param'.png

RMSD: 0.062782
Weighted RMSD: 0.062782
RMSD for validation data: 0.281109
RMSD for total data: 11.988176
AIC: 16.125564
AIC for validation data: 16.562219
AIC for total data: 39.976352

#####################################################################

Total time on ABC: 5.682 s
Number of trials: 52597

Fit on file model_fit.png