2021-11-14_21-31-10

Data Source: Número de casos confirmados de COVID-19 no Brasil (on GitHub)
https://raw.githubusercontent.com/wcota/covid19br/master/cases-brazil-cities-time.csv

Rejection ABC fitting of epidemic curves

Model: SEIRD
Parameters: $\beta_{I}$, $\beta_{E}$, $N$, $\mu$, $\gamma$, $t_{c}$, RF_{0}, $E_{0}$
#####################################################################

Number of Samples: 960
Number of Posteriors: 3
RMSD Weights: [1,1]
Training window size: 40
Validation window size: 10

#####################################################################

Posterior No. 2
Execution Time: 0.200 s
Tolerance: eps = 0.041862

Priors' Ranges:

	 $\beta_{I}$: 0.016263 <-> 0.998021
	 $\beta_{E}$: 0.136336 <-> 0.986472
	 $N$: 2367056.985674 <-> 2674911.096122
	 $\mu$: 0.012697 <-> 0.044323
	 $\gamma$: 0.307543 <-> 0.998540
	 $t_{c}$: 15.798575 <-> 29.968403
	 RF_{0}: 0.856083 <-> 0.996657
	 $E_{0}$: 0.093039 <-> 0.585856

Estimated parameters (av +/- std):

	 $\beta_{I}$: 0.783158 +/- 0.230638
	 $\beta_{E}$: 0.459679 +/- 0.161983
	 $N$: 2578831.359227 +/- 56479.382568
	 $\mu$: 0.022653 +/- 0.006681
	 $\gamma$: 0.607916 +/- 0.156431
	 $t_{c}$: 24.451777 +/- 3.270807
	 RF_{0}: 0.908421 +/- 0.025379
	 $E_{0}$: 0.250339 +/- 0.099319

Posterior distribution on file posterior_'param'.png

RMSD: 0.028929
Weighted RMSD: 0.028929
RMSD for validation data: 0.486509
RMSD for total data: 0.400574
AIC: 16.057859
AIC for validation data: 16.973018
AIC for total data: 16.801149

#####################################################################

Total time on ABC: 0.996 s
Number of trials: 9475

Fit on file model_fit.png