2021-11-14_06-19-53

Data Source: Número de casos confirmados de COVID-19 no Brasil (on GitHub)
https://raw.githubusercontent.com/wcota/covid19br/master/cases-brazil-cities-time.csv

Rejection ABC fitting of epidemic curves

Model: SEIRD
Parameters: $\beta_{I}$, $\beta_{E}$, $N$, $\mu$, $\gamma$, $t_{c}$, RF_{0}, $E_{0}$
#####################################################################

Number of Samples: 960
Number of Posteriors: 3
RMSD Weights: [1,1]
Training window size: 25
Validation window size: 10

#####################################################################

Posterior No. 3
Execution Time: 0.115 s
Tolerance: eps = 91.880820

Priors' Ranges:

	 $\beta_{I}$: 0.003580 <-> 0.999957
	 $\beta_{E}$: 0.000446 <-> 0.974108
	 $N$: 85342.455339 <-> 16718132.008645
	 $\mu$: 0.000007 <-> 0.991340
	 $\gamma$: 0.028915 <-> 0.999246
	 $t_{c}$: 0.143711 <-> 29.953987
	 RF_{0}: 0.004165 <-> 0.999405
	 $E_{0}$: 0.001162 <-> 1.955241

Estimated parameters (av +/- std):

	 $\beta_{I}$: 0.067677 +/- 0.255681
	 $\beta_{E}$: 0.224756 +/- 0.187764
	 $N$: 13479997.810576 +/- 4761492.219203
	 $\mu$: 0.000935 +/- 0.212256
	 $\gamma$: 0.447829 +/- 0.210661
	 $t_{c}$: 9.685101 +/- 7.974406
	 RF_{0}: 0.943722 +/- 0.247208
	 $E_{0}$: 0.048994 +/- 0.508798

Posterior distribution on file posterior_'param'.png

RMSD: 3.262198
Weighted RMSD: 3.262198
RMSD for validation data: 44.717115
RMSD for total data: 1.443746
AIC: 22.524396
AIC for validation data: 105.434230
AIC for total data: 18.887493

#####################################################################

Total time on ABC: 0.371 s
Number of trials: 16729

Fit on file model_fit.png