2021-11-14_19-38-02

Data Source: Número de casos confirmados de COVID-19 no Brasil (on GitHub)
https://raw.githubusercontent.com/wcota/covid19br/master/cases-brazil-cities-time.csv

Rejection ABC fitting of epidemic curves

Model: SEIRD
Parameters: $\beta_{I}$, $\beta_{E}$, $N$, $\mu$, $\gamma$, $t_{c}$, RF_{0}, $E_{0}$
#####################################################################

Number of Samples: 960
Number of Posteriors: 3
RMSD Weights: [1,1]
Training window size: 45
Validation window size: 10

#####################################################################

Posterior No. 2
Execution Time: 0.154 s
Tolerance: eps = 0.150223

Priors' Ranges:

	 $\beta_{I}$: 0.005241 <-> 0.797307
	 $\beta_{E}$: 0.000345 <-> 0.077254
	 $N$: 139753.614890 <-> 10251684.766817
	 $\mu$: 0.004275 <-> 0.030628
	 $\gamma$: 0.184853 <-> 0.993223
	 $t_{c}$: 1.895990 <-> 29.962780
	 RF_{0}: 0.803690 <-> 0.997716
	 $E_{0}$: 0.000199 <-> 0.344490

Estimated parameters (av +/- std):

	 $\beta_{I}$: 0.119176 +/- 0.115407
	 $\beta_{E}$: 0.025023 +/- 0.012626
	 $N$: 2132578.059402 +/- 2312044.553972
	 $\mu$: 0.016379 +/- 0.004940
	 $\gamma$: 0.718329 +/- 0.155984
	 $t_{c}$: 29.763150 +/- 4.893594
	 RF_{0}: 0.944544 +/- 0.038374
	 $E_{0}$: 0.193134 +/- 0.058963

Posterior distribution on file posterior_'param'.png

RMSD: 0.031718
Weighted RMSD: 0.031718
RMSD for validation data: 0.694657
RMSD for total data: 0.433979
AIC: 16.063436
AIC for validation data: 17.389315
AIC for total data: 16.867957

#####################################################################

Total time on ABC: 0.254 s
Number of trials: 7360

Fit on file model_fit.png