2021-11-14_04-03-32

Data Source: Número de casos confirmados de COVID-19 no Brasil (on GitHub)
https://raw.githubusercontent.com/wcota/covid19br/master/cases-brazil-cities-time.csv

Rejection ABC fitting of epidemic curves

Model: SEIRD
Parameters: $\beta_{I}$, $\beta_{E}$, $N$, $\mu$, $\gamma$, $t_{c}$, RF_{0}, $E_{0}$
#####################################################################

Number of Samples: 960
Number of Posteriors: 3
RMSD Weights: [1,1]
Training window size: 45
Validation window size: 10

#####################################################################

Posterior No. 3
Execution Time: 0.059 s
Tolerance: eps = 0.326201

Priors' Ranges:

	 $\beta_{I}$: 0.000661 <-> 0.202034
	 $\beta_{E}$: 0.000023 <-> 0.171675
	 $N$: 142901.022699 <-> 25178656.977621
	 $\mu$: 0.003205 <-> 0.056740
	 $\gamma$: 0.020299 <-> 0.622721
	 $t_{c}$: 0.039014 <-> 26.806210
	 RF_{0}: 0.437589 <-> 0.999877
	 $E_{0}$: 0.000040 <-> 0.383970

Estimated parameters (av +/- std):

	 $\beta_{I}$: 0.058007 +/- 0.038871
	 $\beta_{E}$: 0.053667 +/- 0.025847
	 $N$: 16873776.512444 +/- 6112450.731445
	 $\mu$: 0.020134 +/- 0.011315
	 $\gamma$: 0.130218 +/- 0.097375
	 $t_{c}$: 2.516072 +/- 4.861365
	 RF_{0}: 0.930212 +/- 0.177035
	 $E_{0}$: 0.061853 +/- 0.046507

Posterior distribution on file posterior_'param'.png

RMSD: 0.065715
Weighted RMSD: 0.065715
RMSD for validation data: 0.908401
RMSD for total data: 0.399267
AIC: 16.131429
AIC for validation data: 17.816802
AIC for total data: 16.798533

#####################################################################

Total time on ABC: 0.256 s
Number of trials: 3967

Fit on file model_fit.png