2021-11-29_22-05-24

Data Source: Número de casos confirmados de COVID-19 no Brasil (on GitHub)
https://raw.githubusercontent.com/wcota/covid19br/master/cases-brazil-cities-time.csv

Rejection ABC fitting of epidemic curves

Model: SEIRD
Parameters: $\beta_{I}$, $\beta_{E}$, $N$, $\mu$, $\gamma$, $t_{c}$, RF_{0}, $E_{0}$
#####################################################################

Number of Samples: 9984
Number of Posteriors: 3
RMSD Weights: [1,1]
Training window size: 20
Validation window size: 10

#####################################################################

Posterior No. 3
Execution Time: 1.961 s
Tolerance: eps = 6.688793

Priors' Ranges:

	 $\beta_{I}$: 0.000080 <-> 0.999814
	 $\beta_{E}$: 0.000034 <-> 0.999726
	 $N$: 220010.493789 <-> 42314867.537103
	 $\mu$: 0.000003 <-> 0.996144
	 $\gamma$: 0.001777 <-> 0.999953
	 $t_{c}$: 0.037687 <-> 29.996583
	 RF_{0}: 0.000554 <-> 0.999979
	 $E_{0}$: 0.000049 <-> 1.999845

Estimated parameters (av +/- std):

	 $\beta_{I}$: 0.524794 +/- 0.266666
	 $\beta_{E}$: 0.107665 +/- 0.269466
	 $N$: 6690227.691959 +/- 7936870.259031
	 $\mu$: 0.003891 +/- 0.156815
	 $\gamma$: 0.859402 +/- 0.226329
	 $t_{c}$: 27.335707 +/- 7.715652
	 RF_{0}: 0.753398 +/- 0.226586
	 $E_{0}$: 0.339558 +/- 0.552414

Posterior distribution on file posterior_'param'.png

RMSD: 0.206890
Weighted RMSD: 0.206890
RMSD for validation data: 1.155312
RMSD for total data: 0.286206
AIC: 16.413780
AIC for validation data: 18.310624
AIC for total data: 16.572412

#####################################################################

Total time on ABC: 4.936 s
Number of trials: 151894

Fit on file model_fit.png