2021-11-14_04-49-43

Data Source: Número de casos confirmados de COVID-19 no Brasil (on GitHub)
https://raw.githubusercontent.com/wcota/covid19br/master/cases-brazil-cities-time.csv

Rejection ABC fitting of epidemic curves

Model: SEIRD
Parameters: $\beta_{I}$, $\beta_{E}$, $N$, $\mu$, $\gamma$, $t_{c}$, RF_{0}, $E_{0}$
#####################################################################

Number of Samples: 960
Number of Posteriors: 3
RMSD Weights: [1,1]
Training window size: 35
Validation window size: 10

#####################################################################

Posterior No. 3
Execution Time: 0.340 s
Tolerance: eps = 0.087988

Priors' Ranges:

	 $\beta_{I}$: 0.000098 <-> 0.999532
	 $\beta_{E}$: 0.003080 <-> 0.307391
	 $N$: 1260313.531614 <-> 16750062.047318
	 $\mu$: 0.001384 <-> 0.007773
	 $\gamma$: 0.129154 <-> 0.999798
	 $t_{c}$: 2.574070 <-> 29.981762
	 RF_{0}: 0.670494 <-> 0.999867
	 $E_{0}$: 0.001135 <-> 0.473610

Estimated parameters (av +/- std):

	 $\beta_{I}$: 0.664373 +/- 0.254974
	 $\beta_{E}$: 0.062445 +/- 0.046462
	 $N$: 2522875.508734 +/- 4493897.592440
	 $\mu$: 0.003363 +/- 0.001308
	 $\gamma$: 0.436578 +/- 0.203271
	 $t_{c}$: 11.436526 +/- 6.373725
	 RF_{0}: 0.993759 +/- 0.068299
	 $E_{0}$: 0.270571 +/- 0.082519

Posterior distribution on file posterior_'param'.png

RMSD: 0.037930
Weighted RMSD: 0.037930
RMSD for validation data: 0.400800
RMSD for total data: 0.289612
AIC: 16.075861
AIC for validation data: 16.801599
AIC for total data: 16.579223

#####################################################################

Total time on ABC: 0.628 s
Number of trials: 17700

Fit on file model_fit.png