2021-11-14_10-31-06

Data Source: Número de casos confirmados de COVID-19 no Brasil (on GitHub)
https://raw.githubusercontent.com/wcota/covid19br/master/cases-brazil-cities-time.csv

Rejection ABC fitting of epidemic curves

Model: SEIRD
Parameters: $\beta_{I}$, $\beta_{E}$, $N$, $\mu$, $\gamma$, $t_{c}$, RF_{0}, $E_{0}$
#####################################################################

Number of Samples: 48
Number of Posteriors: 3
RMSD Weights: [1,1]
Training window size: 10
Validation window size: 10

#####################################################################

Posterior No. 1
Execution Time: 0.065 s
Tolerance: eps = 34.351040

Priors' Ranges:

	 $\beta_{I}$: 0.000000 <-> 1.000000
	 $\beta_{E}$: 0.000000 <-> 1.000000
	 $N$: 212559.409000 <-> 42511881.800000
	 $\mu$: 0.000000 <-> 1.000000
	 $\gamma$: 0.000000 <-> 1.000000
	 $t_{c}$: 0.000000 <-> 30.000000
	 RF_{0}: 0.000000 <-> 1.000000
	 $E_{0}$: 0.000000 <-> 2.000000

Estimated parameters (av +/- std):

	 $\beta_{I}$: 0.042479 +/- 0.282289
	 $\beta_{E}$: 0.099808 +/- 0.286910
	 $N$: 33054966.088679 +/- 12674120.801038
	 $\mu$: 0.002135 +/- 0.220597
	 $\gamma$: 0.648374 +/- 0.267893
	 $t_{c}$: 22.122045 +/- 8.111917
	 RF_{0}: 0.790161 +/- 0.275133
	 $E_{0}$: 0.093114 +/- 0.585538

Posterior distribution on file posterior_'param'.png

RMSD: 0.149376
Weighted RMSD: 0.149376
RMSD for validation data: 0.534580
RMSD for total data: 0.368317
AIC: 16.298752
AIC for validation data: 17.069159
AIC for total data: 16.736633

#####################################################################

Total time on ABC: 0.065 s
Number of trials: 10074

Fit on file model_fit.png