2021-12-01_05-20-35

Data Source: Número de casos confirmados de COVID-19 no Brasil (on GitHub)
https://raw.githubusercontent.com/wcota/covid19br/master/cases-brazil-cities-time.csv

Rejection ABC fitting of epidemic curves

Model: SEIRD
Parameters: $\beta_{I}$, $\beta_{E}$, $N$, $\mu$, $\gamma$, $t_{c}$, RF_{0}, $E_{0}$
#####################################################################

Number of Samples: 99984
Number of Posteriors: 3
RMSD Weights: [1,1]
Training window size: 15
Validation window size: 10

#####################################################################

Posterior No. 3
Execution Time: 89.273 s
Tolerance: eps = 10.048030

Priors' Ranges:

	 $\beta_{I}$: 0.000011 <-> 0.999980
	 $\beta_{E}$: 0.000002 <-> 0.999992
	 $N$: 212658.863871 <-> 42508829.288177
	 $\mu$: 0.000000 <-> 0.999981
	 $\gamma$: 0.000412 <-> 1.000000
	 $t_{c}$: 0.035236 <-> 29.999206
	 RF_{0}: 0.000034 <-> 1.000000
	 $E_{0}$: 0.000013 <-> 1.999930

Estimated parameters (av +/- std):

	 $\beta_{I}$: 0.717343 +/- 0.268851
	 $\beta_{E}$: 0.963720 +/- 0.270733
	 $N$: 8697702.321859 +/- 9497223.486434
	 $\mu$: 0.016035 +/- 0.132402
	 $\gamma$: 0.843277 +/- 0.224796
	 $t_{c}$: 18.331945 +/- 7.536322
	 RF_{0}: 0.999726 +/- 0.230850
	 $E_{0}$: 0.071889 +/- 0.544520

Posterior distribution on file posterior_'param'.png

RMSD: 0.089558
Weighted RMSD: 0.089558
RMSD for validation data: 0.283045
RMSD for total data: 0.287609
AIC: 16.179115
AIC for validation data: 16.566089
AIC for total data: 16.575217

#####################################################################

Total time on ABC: 181.155 s
Number of trials: 1515697

Fit on file model_fit.png