2021-11-14_10-28-32

Data Source: Número de casos confirmados de COVID-19 no Brasil (on GitHub)
https://raw.githubusercontent.com/wcota/covid19br/master/cases-brazil-cities-time.csv

Rejection ABC fitting of epidemic curves

Model: SEIRD
Parameters: $\beta_{I}$, $\beta_{E}$, $N$, $\mu$, $\gamma$, $t_{c}$, RF_{0}, $E_{0}$
#####################################################################

Number of Samples: 48
Number of Posteriors: 3
RMSD Weights: [1,1]
Training window size: 50
Validation window size: 10

#####################################################################

Posterior No. 1
Execution Time: 0.261 s
Tolerance: eps = 0.404945

Priors' Ranges:

	 $\beta_{I}$: 0.000000 <-> 1.000000
	 $\beta_{E}$: 0.000000 <-> 1.000000
	 $N$: 212559.409000 <-> 42511881.800000
	 $\mu$: 0.000000 <-> 1.000000
	 $\gamma$: 0.000000 <-> 1.000000
	 $t_{c}$: 0.000000 <-> 30.000000
	 RF_{0}: 0.000000 <-> 1.000000
	 $E_{0}$: 0.000000 <-> 2.000000

Estimated parameters (av +/- std):

	 $\beta_{I}$: 0.838576 +/- 0.271415
	 $\beta_{E}$: 0.086921 +/- 0.171615
	 $N$: 40821514.182900 +/- 12037320.361677
	 $\mu$: 0.079428 +/- 0.292646
	 $\gamma$: 0.990410 +/- 0.264016
	 $t_{c}$: 16.762621 +/- 9.617725
	 RF_{0}: 0.736282 +/- 0.293427
	 $E_{0}$: 1.614309 +/- 0.567353

Posterior distribution on file posterior_'param'.png

RMSD: 0.035446
Weighted RMSD: 0.035446
RMSD for validation data: 0.688959
RMSD for total data: 2.365722
AIC: 16.070892
AIC for validation data: 17.377917
AIC for total data: 20.731445

#####################################################################

Total time on ABC: 0.261 s
Number of trials: 9888

Fit on file model_fit.png