2021-11-14_19-22-12

Data Source: Número de casos confirmados de COVID-19 no Brasil (on GitHub)
https://raw.githubusercontent.com/wcota/covid19br/master/cases-brazil-cities-time.csv

Rejection ABC fitting of epidemic curves

Model: SEIRD
Parameters: $\beta_{I}$, $\beta_{E}$, $N$, $\mu$, $\gamma$, $t_{c}$, RF_{0}, $E_{0}$
#####################################################################

Number of Samples: 960
Number of Posteriors: 3
RMSD Weights: [1,1]
Training window size: 50
Validation window size: 10

#####################################################################

Posterior No. 3
Execution Time: 2.883 s
Tolerance: eps = 0.028553

Priors' Ranges:

	 $\beta_{I}$: 0.000132 <-> 0.057687
	 $\beta_{E}$: 0.000036 <-> 0.100845
	 $N$: 67160.755709 <-> 10252164.734275
	 $\mu$: 0.000663 <-> 0.002013
	 $\gamma$: 0.017390 <-> 0.106947
	 $t_{c}$: 3.932890 <-> 24.573147
	 RF_{0}: 0.911588 <-> 0.999985
	 $E_{0}$: 0.117779 <-> 0.463448

Estimated parameters (av +/- std):

	 $\beta_{I}$: 0.014998 +/- 0.010595
	 $\beta_{E}$: 0.039925 +/- 0.017212
	 $N$: 5672584.688912 +/- 2804403.060320
	 $\mu$: 0.001093 +/- 0.000259
	 $\gamma$: 0.046598 +/- 0.016296
	 $t_{c}$: 8.170238 +/- 3.989636
	 RF_{0}: 0.970914 +/- 0.019717
	 $E_{0}$: 0.195730 +/- 0.064400

Posterior distribution on file posterior_'param'.png

RMSD: 0.013122
Weighted RMSD: 0.013122
RMSD for validation data: 0.286378
RMSD for total data: 0.433979
AIC: 16.026243
AIC for validation data: 16.572755
AIC for total data: 16.867957

#####################################################################

Total time on ABC: 8.664 s
Number of trials: 136079

Fit on file model_fit.png