2021-11-14_04-49-43

Data Source: Número de casos confirmados de COVID-19 no Brasil (on GitHub)
https://raw.githubusercontent.com/wcota/covid19br/master/cases-brazil-cities-time.csv

Rejection ABC fitting of epidemic curves

Model: SEIRD
Parameters: $\beta_{I}$, $\beta_{E}$, $N$, $\mu$, $\gamma$, $t_{c}$, RF_{0}, $E_{0}$
#####################################################################

Number of Samples: 960
Number of Posteriors: 3
RMSD Weights: [1,1]
Training window size: 45
Validation window size: 10

#####################################################################

Posterior No. 3
Execution Time: 11.184 s
Tolerance: eps = 0.024359

Priors' Ranges:

	 $\beta_{I}$: 0.002660 <-> 0.997397
	 $\beta_{E}$: 0.000469 <-> 0.120120
	 $N$: 631121.666367 <-> 16722819.287082
	 $\mu$: 0.000368 <-> 0.004099
	 $\gamma$: 0.041229 <-> 0.999953
	 $t_{c}$: 7.500906 <-> 29.969153
	 RF_{0}: 0.981127 <-> 0.999999
	 $E_{0}$: 0.031182 <-> 0.139911

Estimated parameters (av +/- std):

	 $\beta_{I}$: 0.161077 +/- 0.261208
	 $\beta_{E}$: 0.068035 +/- 0.021441
	 $N$: 1115392.403336 +/- 4303822.605335
	 $\mu$: 0.000769 +/- 0.000821
	 $\gamma$: 0.146301 +/- 0.213966
	 $t_{c}$: 17.815845 +/- 4.818620
	 RF_{0}: 0.997931 +/- 0.002306
	 $E_{0}$: 0.080963 +/- 0.019654

Posterior distribution on file posterior_'param'.png

RMSD: 0.019080
Weighted RMSD: 0.019080
RMSD for validation data: 0.331644
RMSD for total data: 0.322685
AIC: 16.038159
AIC for validation data: 16.663288
AIC for total data: 16.645370

#####################################################################

Total time on ABC: 21.889 s
Number of trials: 686920

Fit on file model_fit.png