2022-03-08_16-04-21

Data Source: Número de casos confirmados de COVID-19 no Brasil (on GitHub)
https://raw.githubusercontent.com/wcota/covid19br/master/cases-brazil-cities-time.csv

Rejection ABC fitting of epidemic curves

Model: SEIRD
Parameters: $\beta_{I}$, $\beta_{E}$, $N$, $\mu$, $\gamma$, $t_{c}$, RF_{0}, $E_{0}$
#####################################################################

Number of Samples: 48
Number of Posteriors: 3
RMSD Weights: [1,1]
Training window size: 20
Validation window size: 10

#####################################################################

Posterior No. 1
Execution Time: 0.331 s
Tolerance: eps = 0.03

Priors' Ranges:

	 $\beta_{I}$: 0.000000 <-> 1.000000
	 $\beta_{E}$: 0.000000 <-> 1.000000
	 $N$: 2125594.090000 <-> 106279704.500000
	 $\mu$: 0.000000 <-> 1.000000
	 $\gamma$: 0.000000 <-> 1.000000
	 $t_{c}$: 0.000000 <-> 30.000000
	 RF_{0}: 0.000000 <-> 1.000000
	 $E_{0}$: 0.000000 <-> 2.000000

Estimated parameters (av +/- std):

	 $\beta_{I}$: 0.680646 +/- 0.270231
	 $\beta_{E}$: 0.038814 +/- 0.024341
	 $N$: 44929806.852129 +/- 27898984.243350
	 $\mu$: 0.041100 +/- 0.011719
	 $\gamma$: 0.684518 +/- 0.195263
	 $t_{c}$: 27.071505 +/- 5.770165
	 RF_{0}: 0.837959 +/- 0.080906
	 $E_{0}$: 1.944696 +/- 0.377018

Posterior distribution on file posterior_'param'.png

RMSD: 0.014443
Weighted RMSD: 0.014443
RMSD for validation data: 0.179611
RMSD for total data: 0.394121
AIC: 16.028886
AIC for validation data: 16.359223
AIC for total data: 16.788242

#####################################################################

Total time on ABC: 0.331 s
Number of trials: 33217

Fit on file model_fit.png