2021-11-14_20-32-41

Data Source: Número de casos confirmados de COVID-19 no Brasil (on GitHub)
https://raw.githubusercontent.com/wcota/covid19br/master/cases-brazil-cities-time.csv

Rejection ABC fitting of epidemic curves

Model: SEIRD
Parameters: $\beta_{I}$, $\beta_{E}$, $N$, $\mu$, $\gamma$, $t_{c}$, RF_{0}, $E_{0}$
#####################################################################

Number of Samples: 48
Number of Posteriors: 3
RMSD Weights: [1,1]
Training window size: 30
Validation window size: 10

#####################################################################

Posterior No. 1
Execution Time: 0.182 s
Tolerance: eps = 9.296590

Priors' Ranges:

	 $\beta_{I}$: 0.000000 <-> 1.000000
	 $\beta_{E}$: 0.000000 <-> 1.000000
	 $N$: 67886.004000 <-> 13577200.800000
	 $\mu$: 0.000000 <-> 1.000000
	 $\gamma$: 0.000000 <-> 1.000000
	 $t_{c}$: 0.000000 <-> 30.000000
	 RF_{0}: 0.000000 <-> 1.000000
	 $E_{0}$: 0.000000 <-> 2.000000

Estimated parameters (av +/- std):

	 $\beta_{I}$: 0.231387 +/- 0.290306
	 $\beta_{E}$: 0.246008 +/- 0.300230
	 $N$: 4010383.887109 +/- 3706613.426287
	 $\mu$: 0.002837 +/- 0.249703
	 $\gamma$: 0.509847 +/- 0.254930
	 $t_{c}$: 28.309622 +/- 8.729413
	 RF_{0}: 0.387636 +/- 0.285024
	 $E_{0}$: 0.024284 +/- 0.586153

Posterior distribution on file posterior_'param'.png

RMSD: 0.165267
Weighted RMSD: 0.165267
RMSD for validation data: 2.524940
RMSD for total data: 0.460059
AIC: 16.330534
AIC for validation data: 21.049880
AIC for total data: 16.920119

#####################################################################

Total time on ABC: 0.182 s
Number of trials: 10107

Fit on file model_fit.png