2021-11-14_23-05-32

Data Source: Número de casos confirmados de COVID-19 no Brasil (on GitHub)
https://raw.githubusercontent.com/wcota/covid19br/master/cases-brazil-cities-time.csv

Rejection ABC fitting of epidemic curves

Model: SEIRD
Parameters: $\beta_{I}$, $\beta_{E}$, $N$, $\mu$, $\gamma$, $t_{c}$, RF_{0}, $E_{0}$
#####################################################################

Number of Samples: 48
Number of Posteriors: 3
RMSD Weights: [1,1]
Training window size: 20
Validation window size: 10

#####################################################################

Posterior No. 1
Execution Time: 0.167 s
Tolerance: eps = 28.452254

Priors' Ranges:

	 $\beta_{I}$: 0.000000 <-> 1.000000
	 $\beta_{E}$: 0.000000 <-> 1.000000
	 $N$: 331002.647000 <-> 66200529.400000
	 $\mu$: 0.000000 <-> 1.000000
	 $\gamma$: 0.000000 <-> 1.000000
	 $t_{c}$: 0.000000 <-> 30.000000
	 RF_{0}: 0.000000 <-> 1.000000
	 $E_{0}$: 0.000000 <-> 2.000000

Estimated parameters (av +/- std):

	 $\beta_{I}$: 0.013824 +/- 0.290633
	 $\beta_{E}$: 0.278982 +/- 0.298331
	 $N$: 6204925.073703 +/- 17938463.122722
	 $\mu$: 0.000941 +/- 0.231216
	 $\gamma$: 0.557211 +/- 0.263112
	 $t_{c}$: 12.970319 +/- 8.633659
	 RF_{0}: 0.520404 +/- 0.271581
	 $E_{0}$: 1.134361 +/- 0.587704

Posterior distribution on file posterior_'param'.png

RMSD: 0.290116
Weighted RMSD: 0.290116
RMSD for validation data: 1.010434
RMSD for total data: 0.421760
AIC: 16.580231
AIC for validation data: 18.020867
AIC for total data: 16.843519

#####################################################################

Total time on ABC: 0.167 s
Number of trials: 10115

Fit on file model_fit.png