2021-11-14_07-39-52

Data Source: Número de casos confirmados de COVID-19 no Brasil (on GitHub)
https://raw.githubusercontent.com/wcota/covid19br/master/cases-brazil-cities-time.csv

Rejection ABC fitting of epidemic curves

Model: SEIRD
Parameters: $\beta_{I}$, $\beta_{E}$, $N$, $\mu$, $\gamma$, $t_{c}$, RF_{0}, $E_{0}$
#####################################################################

Number of Samples: 960
Number of Posteriors: 3
RMSD Weights: [1,1]
Training window size: 45
Validation window size: 10

#####################################################################

Posterior No. 3
Execution Time: 0.102 s
Tolerance: eps = 0.196347

Priors' Ranges:

	 $\beta_{I}$: 0.001861 <-> 0.999862
	 $\beta_{E}$: 0.023808 <-> 0.289574
	 $N$: 3047894.437918 <-> 275443113.451434
	 $\mu$: 0.003976 <-> 0.999279
	 $\gamma$: 0.000289 <-> 0.999438
	 $t_{c}$: 2.149218 <-> 29.927319
	 RF_{0}: 0.000318 <-> 0.998592
	 $E_{0}$: 0.005933 <-> 1.991049

Estimated parameters (av +/- std):

	 $\beta_{I}$: 0.584482 +/- 0.264345
	 $\beta_{E}$: 0.208451 +/- 0.037415
	 $N$: 257118507.468080 +/- 72901950.170248
	 $\mu$: 0.029579 +/- 0.275683
	 $\gamma$: 0.753912 +/- 0.264446
	 $t_{c}$: 19.292510 +/- 6.723016
	 RF_{0}: 0.100186 +/- 0.268912
	 $E_{0}$: 1.554201 +/- 0.528175

Posterior distribution on file posterior_'param'.png

RMSD: 0.026510
Weighted RMSD: 0.026510
RMSD for validation data: 1.346577
RMSD for total data: 28.506227
AIC: 16.053020
AIC for validation data: 18.693154
AIC for total data: 73.012454

#####################################################################

Total time on ABC: 0.506 s
Number of trials: 7990

Fit on file model_fit.png