2021-11-14_04-14-21

Data Source: Número de casos confirmados de COVID-19 no Brasil (on GitHub)
https://raw.githubusercontent.com/wcota/covid19br/master/cases-brazil-cities-time.csv

Rejection ABC fitting of epidemic curves

Model: SEIRD
Parameters: $\beta_{I}$, $\beta_{E}$, $N$, $\mu$, $\gamma$, $t_{c}$, RF_{0}, $E_{0}$
#####################################################################

Number of Samples: 960
Number of Posteriors: 3
RMSD Weights: [1,1]
Training window size: 30
Validation window size: 10

#####################################################################

Posterior No. 2
Execution Time: 0.041 s
Tolerance: eps = 0.588570

Priors' Ranges:

	 $\beta_{I}$: 0.000086 <-> 0.933587
	 $\beta_{E}$: 0.000167 <-> 0.186099
	 $N$: 172770.598034 <-> 25195141.402935
	 $\mu$: 0.000340 <-> 0.069215
	 $\gamma$: 0.059635 <-> 0.999855
	 $t_{c}$: 0.131129 <-> 27.501886
	 RF_{0}: 0.018942 <-> 0.999639
	 $E_{0}$: 0.001807 <-> 1.860150

Estimated parameters (av +/- std):

	 $\beta_{I}$: 0.056798 +/- 0.172735
	 $\beta_{E}$: 0.033176 +/- 0.038189
	 $N$: 3361335.740183 +/- 6504077.553056
	 $\mu$: 0.027628 +/- 0.016616
	 $\gamma$: 0.450164 +/- 0.182948
	 $t_{c}$: 10.945131 +/- 4.521995
	 RF_{0}: 0.897694 +/- 0.184036
	 $E_{0}$: 0.590262 +/- 0.314046

Posterior distribution on file posterior_'param'.png

RMSD: 0.065254
Weighted RMSD: 0.065254
RMSD for validation data: 3.392214
RMSD for total data: 0.399263
AIC: 16.130508
AIC for validation data: 22.784427
AIC for total data: 16.798525

#####################################################################

Total time on ABC: 0.119 s
Number of trials: 3098

Fit on file model_fit.png