2022-03-08_16-22-08

Data Source: Número de casos confirmados de COVID-19 no Brasil (on GitHub)
https://raw.githubusercontent.com/wcota/covid19br/master/cases-brazil-cities-time.csv

Rejection ABC fitting of epidemic curves

Model: SEIRD
Parameters: $\beta_{I}$, $\beta_{E}$, $N$, $\mu$, $\gamma$, $t_{c}$, RF_{0}, $E_{0}$
#####################################################################

Number of Samples: 960
Number of Posteriors: 3
RMSD Weights: [1,1]
Training window size: 40
Validation window size: 10

#####################################################################

Posterior No. 3
Execution Time: 3.107 s
Tolerance: eps = 0.021999

Priors' Ranges:

	 $\beta_{I}$: 0.000236 <-> 0.958970
	 $\beta_{E}$: 0.000017 <-> 0.088682
	 $N$: 6054218.079347 <-> 106267841.532511
	 $\mu$: 0.004156 <-> 0.025592
	 $\gamma$: 0.175229 <-> 0.999950
	 $t_{c}$: 7.727984 <-> 29.997469
	 RF_{0}: 0.927464 <-> 0.999958
	 $E_{0}$: 0.086782 <-> 0.390476

Estimated parameters (av +/- std):

	 $\beta_{I}$: 0.281537 +/- 0.210891
	 $\beta_{E}$: 0.020116 +/- 0.013096
	 $N$: 43616996.556530 +/- 26880101.186153
	 $\mu$: 0.016813 +/- 0.004069
	 $\gamma$: 0.706486 +/- 0.167465
	 $t_{c}$: 21.991630 +/- 4.633600
	 RF_{0}: 0.982379 +/- 0.011432
	 $E_{0}$: 0.264956 +/- 0.057903

Posterior distribution on file posterior_'param'.png

RMSD: 0.012492
Weighted RMSD: 0.012492
RMSD for validation data: 0.122181
RMSD for total data: 0.449499
AIC: 16.024984
AIC for validation data: 16.244363
AIC for total data: 16.898998

#####################################################################

Total time on ABC: 6.020 s
Number of trials: 184899

Fit on file model_fit.png