2021-11-14_21-31-10

Data Source: Número de casos confirmados de COVID-19 no Brasil (on GitHub)
https://raw.githubusercontent.com/wcota/covid19br/master/cases-brazil-cities-time.csv

Rejection ABC fitting of epidemic curves

Model: SEIRD
Parameters: $\beta_{I}$, $\beta_{E}$, $N$, $\mu$, $\gamma$, $t_{c}$, RF_{0}, $E_{0}$
#####################################################################

Number of Samples: 48
Number of Posteriors: 3
RMSD Weights: [1,1]
Training window size: 35
Validation window size: 10

#####################################################################

Posterior No. 1
Execution Time: 5.314 s
Tolerance: eps = 0.020556

Priors' Ranges:

	 $\beta_{I}$: 0.000000 <-> 1.000000
	 $\beta_{E}$: 0.000000 <-> 1.000000
	 $N$: 331002.647000 <-> 66200529.400000
	 $\mu$: 0.000000 <-> 1.000000
	 $\gamma$: 0.000000 <-> 1.000000
	 $t_{c}$: 0.000000 <-> 30.000000
	 RF_{0}: 0.000000 <-> 1.000000
	 $E_{0}$: 0.000000 <-> 2.000000

Estimated parameters (av +/- std):

	 $\beta_{I}$: 0.474375 +/- 0.264272
	 $\beta_{E}$: 0.129224 +/- 0.081336
	 $N$: 27857031.556851 +/- 10242113.659724
	 $\mu$: 0.004167 +/- 0.002427
	 $\gamma$: 0.334317 +/- 0.215242
	 $t_{c}$: 19.626698 +/- 5.331636
	 RF_{0}: 0.982625 +/- 0.011499
	 $E_{0}$: 0.251586 +/- 0.070071

Posterior distribution on file posterior_'param'.png

RMSD: 0.008268
Weighted RMSD: 0.008268
RMSD for validation data: 0.067523
RMSD for total data: 0.276157
AIC: 16.016535
AIC for validation data: 16.135045
AIC for total data: 16.552315

#####################################################################

Total time on ABC: 5.314 s
Number of trials: 373044

Fit on file model_fit.png