2021-11-14_04-14-21

Data Source: Número de casos confirmados de COVID-19 no Brasil (on GitHub)
https://raw.githubusercontent.com/wcota/covid19br/master/cases-brazil-cities-time.csv

Rejection ABC fitting of epidemic curves

Model: SEIRD
Parameters: $\beta_{I}$, $\beta_{E}$, $N$, $\mu$, $\gamma$, $t_{c}$, RF_{0}, $E_{0}$
#####################################################################

Number of Samples: 48
Number of Posteriors: 3
RMSD Weights: [1,1]
Training window size: 40
Validation window size: 10

#####################################################################

Posterior No. 1
Execution Time: 2.355 s
Tolerance: eps = 0.031999

Priors' Ranges:

	 $\beta_{I}$: 0.000000 <-> 1.000000
	 $\beta_{E}$: 0.000000 <-> 1.000000
	 $N$: 126476.458000 <-> 25295291.600000
	 $\mu$: 0.000000 <-> 1.000000
	 $\gamma$: 0.000000 <-> 1.000000
	 $t_{c}$: 0.000000 <-> 30.000000
	 RF_{0}: 0.000000 <-> 1.000000
	 $E_{0}$: 0.000000 <-> 2.000000

Estimated parameters (av +/- std):

	 $\beta_{I}$: 0.450593 +/- 0.261342
	 $\beta_{E}$: 0.087383 +/- 0.020556
	 $N$: 20348659.942000 +/- 6652260.667308
	 $\mu$: 0.001165 +/- 0.000394
	 $\gamma$: 0.571191 +/- 0.197028
	 $t_{c}$: 13.899763 +/- 4.798423
	 RF_{0}: 0.875587 +/- 0.040168
	 $E_{0}$: 0.019653 +/- 0.054060

Posterior distribution on file posterior_'param'.png

RMSD: 0.021191
Weighted RMSD: 0.021191
RMSD for validation data: 0.347338
RMSD for total data: 9.296105
AIC: 16.042382
AIC for validation data: 16.694676
AIC for total data: 34.592209

#####################################################################

Total time on ABC: 2.355 s
Number of trials: 138721

Fit on file model_fit.png