2021-11-14_20-30-25

Data Source: Número de casos confirmados de COVID-19 no Brasil (on GitHub)
https://raw.githubusercontent.com/wcota/covid19br/master/cases-brazil-cities-time.csv

Rejection ABC fitting of epidemic curves

Model: SEIRD
Parameters: $\beta_{I}$, $\beta_{E}$, $N$, $\mu$, $\gamma$, $t_{c}$, RF_{0}, $E_{0}$
#####################################################################

Number of Samples: 960
Number of Posteriors: 3
RMSD Weights: [1,1]
Training window size: 45
Validation window size: 10

#####################################################################

Posterior No. 3
Execution Time: 0.115 s
Tolerance: eps = 42.627482

Priors' Ranges:

	 $\beta_{I}$: 0.000364 <-> 0.987149
	 $\beta_{E}$: 0.000033 <-> 0.888200
	 $N$: 54130.043362 <-> 10237094.816290
	 $\mu$: 0.000091 <-> 0.998769
	 $\gamma$: 0.049030 <-> 0.999952
	 $t_{c}$: 0.054054 <-> 29.950611
	 RF_{0}: 0.003734 <-> 0.999223
	 $E_{0}$: 0.000072 <-> 1.984786

Estimated parameters (av +/- std):

	 $\beta_{I}$: 0.297890 +/- 0.236615
	 $\beta_{E}$: 0.056329 +/- 0.083674
	 $N$: 2556580.180424 +/- 2856075.158498
	 $\mu$: 0.015550 +/- 0.268426
	 $\gamma$: 0.860179 +/- 0.226636
	 $t_{c}$: 15.854156 +/- 9.265026
	 RF_{0}: 0.945001 +/- 0.258564
	 $E_{0}$: 0.098036 +/- 0.436801

Posterior distribution on file posterior_'param'.png

RMSD: 0.330172
Weighted RMSD: 0.330172
RMSD for validation data: 5.320823
RMSD for total data: 0.433979
AIC: 16.660343
AIC for validation data: 26.641647
AIC for total data: 16.867957

#####################################################################

Total time on ABC: 0.520 s
Number of trials: 11939

Fit on file model_fit.png