2022-03-08_15-59-59

Data Source: Número de casos confirmados de COVID-19 no Brasil (on GitHub)
https://raw.githubusercontent.com/wcota/covid19br/master/cases-brazil-cities-time.csv

Rejection ABC fitting of epidemic curves

Model: SEIRD
Parameters: $\beta_{I}$, $\beta_{E}$, $N$, $\mu$, $\gamma$, $t_{c}$, RF_{0}, $E_{0}$
#####################################################################

Number of Samples: 48
Number of Posteriors: 3
RMSD Weights: [1,1]
Training window size: 20
Validation window size: 10

#####################################################################

Posterior No. 1
Execution Time: 0.125 s
Tolerance: eps = 0.50

Priors' Ranges:

	 $\beta_{I}$: 0.000000 <-> 1.000000
	 $\beta_{E}$: 0.000000 <-> 1.000000
	 $N$: 2125594.090000 <-> 106279704.500000
	 $\mu$: 0.000000 <-> 1.000000
	 $\gamma$: 0.000000 <-> 1.000000
	 $t_{c}$: 0.000000 <-> 30.000000
	 RF_{0}: 0.000000 <-> 1.000000
	 $E_{0}$: 0.000000 <-> 2.000000

Estimated parameters (av +/- std):

	 $\beta_{I}$: 0.490868 +/- 0.282923
	 $\beta_{E}$: 0.393297 +/- 0.128642
	 $N$: 6280671.965175 +/- 30321677.807893
	 $\mu$: 0.000170 +/- 0.287148
	 $\gamma$: 0.949462 +/- 0.253931
	 $t_{c}$: 19.769891 +/- 8.693825
	 RF_{0}: 0.180324 +/- 0.282213
	 $E_{0}$: 1.917130 +/- 0.536066

Posterior distribution on file posterior_'param'.png

RMSD: 0.072955
Weighted RMSD: 0.072955
RMSD for validation data: 0.838960
RMSD for total data: 0.345156
AIC: 16.145910
AIC for validation data: 17.677919
AIC for total data: 16.690311

#####################################################################

Total time on ABC: 0.125 s
Number of trials: 10181

Fit on file model_fit.png