2021-11-14_20-35-18

Data Source: Número de casos confirmados de COVID-19 no Brasil (on GitHub)
https://raw.githubusercontent.com/wcota/covid19br/master/cases-brazil-cities-time.csv

Rejection ABC fitting of epidemic curves

Model: SEIRD
Parameters: $\beta_{I}$, $\beta_{E}$, $N$, $\mu$, $\gamma$, $t_{c}$, RF_{0}, $E_{0}$
#####################################################################

Number of Samples: 960
Number of Posteriors: 3
RMSD Weights: [1,1]
Training window size: 20
Validation window size: 10

#####################################################################

Posterior No. 2
Execution Time: 0.081 s
Tolerance: eps = 3.952643

Priors' Ranges:

	 $\beta_{I}$: 0.000874 <-> 0.998004
	 $\beta_{E}$: 0.002260 <-> 0.997004
	 $N$: 75782.188171 <-> 13563035.014368
	 $\mu$: 0.000062 <-> 0.965238
	 $\gamma$: 0.022149 <-> 0.999694
	 $t_{c}$: 0.083648 <-> 29.923973
	 RF_{0}: 0.004785 <-> 0.999847
	 $E_{0}$: 0.002524 <-> 1.998699

Estimated parameters (av +/- std):

	 $\beta_{I}$: 0.487921 +/- 0.266055
	 $\beta_{E}$: 0.824148 +/- 0.272350
	 $N$: 3929534.544565 +/- 2955878.588017
	 $\mu$: 0.004312 +/- 0.163199
	 $\gamma$: 0.600189 +/- 0.224343
	 $t_{c}$: 22.730698 +/- 7.894903
	 RF_{0}: 0.689325 +/- 0.246645
	 $E_{0}$: 0.819504 +/- 0.529970

Posterior distribution on file posterior_'param'.png

RMSD: 0.120263
Weighted RMSD: 0.120263
RMSD for validation data: 0.688414
RMSD for total data: 0.485948
AIC: 16.240526
AIC for validation data: 17.376828
AIC for total data: 16.971896

#####################################################################

Total time on ABC: 0.213 s
Number of trials: 13293

Fit on file model_fit.png