2022-03-08_16-07-57

Data Source: Número de casos confirmados de COVID-19 no Brasil (on GitHub)
https://raw.githubusercontent.com/wcota/covid19br/master/cases-brazil-cities-time.csv

Rejection ABC fitting of epidemic curves

Model: SEIRD
Parameters: $\beta_{I}$, $\beta_{E}$, $N$, $\mu$, $\gamma$, $t_{c}$, RF_{0}, $E_{0}$
#####################################################################

Number of Samples: 960
Number of Posteriors: 3
RMSD Weights: [1,1]
Training window size: 30
Validation window size: 10

#####################################################################

Posterior No. 2
Execution Time: 0.217 s
Tolerance: eps = 0.061204

Priors' Ranges:

	 $\beta_{I}$: 0.000412 <-> 0.990430
	 $\beta_{E}$: 0.000011 <-> 0.114621
	 $N$: 4298845.351885 <-> 105952610.541513
	 $\mu$: 0.006291 <-> 0.027919
	 $\gamma$: 0.219244 <-> 0.999804
	 $t_{c}$: 5.558330 <-> 29.980067
	 RF_{0}: 0.892227 <-> 0.999981
	 $E_{0}$: 0.110056 <-> 0.766838

Estimated parameters (av +/- std):

	 $\beta_{I}$: 0.756468 +/- 0.252101
	 $\beta_{E}$: 0.005327 +/- 0.023282
	 $N$: 51083473.876625 +/- 24415959.992828
	 $\mu$: 0.018765 +/- 0.004554
	 $\gamma$: 0.751464 +/- 0.159854
	 $t_{c}$: 16.144937 +/- 5.866412
	 RF_{0}: 0.987629 +/- 0.021573
	 $E_{0}$: 0.308227 +/- 0.110887

Posterior distribution on file posterior_'param'.png

RMSD: 0.015687
Weighted RMSD: 0.015687
RMSD for validation data: 0.160798
RMSD for total data: 0.449499
AIC: 16.031374
AIC for validation data: 16.321596
AIC for total data: 16.898997

#####################################################################

Total time on ABC: 0.331 s
Number of trials: 16794

Fit on file model_fit.png