2021-11-14_05-08-12

Data Source: Número de casos confirmados de COVID-19 no Brasil (on GitHub)
https://raw.githubusercontent.com/wcota/covid19br/master/cases-brazil-cities-time.csv

Rejection ABC fitting of epidemic curves

Model: SEIRD
Parameters: $\beta_{I}$, $\beta_{E}$, $N$, $\mu$, $\gamma$, $t_{c}$, RF_{0}, $E_{0}$
#####################################################################

Number of Samples: 960
Number of Posteriors: 3
RMSD Weights: [1,1]
Training window size: 20
Validation window size: 10

#####################################################################

Posterior No. 3
Execution Time: 0.056 s
Tolerance: eps = 91.174768

Priors' Ranges:

	 $\beta_{I}$: 0.000840 <-> 0.994597
	 $\beta_{E}$: 0.000246 <-> 0.481884
	 $N$: 136720.180094 <-> 25273760.705683
	 $\mu$: 0.000014 <-> 0.992225
	 $\gamma$: 0.089865 <-> 0.999697
	 $t_{c}$: 0.112588 <-> 29.997610
	 RF_{0}: 0.006735 <-> 0.998602
	 $E_{0}$: 0.000109 <-> 1.989399

Estimated parameters (av +/- std):

	 $\beta_{I}$: 0.549542 +/- 0.261174
	 $\beta_{E}$: 0.055824 +/- 0.081289
	 $N$: 10905799.502667 +/- 6808894.352687
	 $\mu$: 0.001580 +/- 0.209701
	 $\gamma$: 0.978203 +/- 0.200523
	 $t_{c}$: 15.602718 +/- 7.522779
	 RF_{0}: 0.832940 +/- 0.244524
	 $E_{0}$: 0.263624 +/- 0.473811

Posterior distribution on file posterior_'param'.png

RMSD: 0.149809
Weighted RMSD: 0.149809
RMSD for validation data: 0.412238
RMSD for total data: 0.351414
AIC: 16.299618
AIC for validation data: 16.824476
AIC for total data: 16.702828

#####################################################################

Total time on ABC: 0.249 s
Number of trials: 8657

Fit on file model_fit.png