2021-11-29_21-52-43

Data Source: Número de casos confirmados de COVID-19 no Brasil (on GitHub)
https://raw.githubusercontent.com/wcota/covid19br/master/cases-brazil-cities-time.csv

Rejection ABC fitting of epidemic curves

Model: SEIRD
Parameters: $\beta_{I}$, $\beta_{E}$, $N$, $\mu$, $\gamma$, $t_{c}$, RF_{0}, $E_{0}$
#####################################################################

Number of Samples: 48
Number of Posteriors: 3
RMSD Weights: [1,1]
Training window size: 20
Validation window size: 10

#####################################################################

Posterior No. 1
Execution Time: 1.252 s
Tolerance: eps = 50.213304

Priors' Ranges:

	 $\beta_{I}$: 0.000000 <-> 1.000000
	 $\beta_{E}$: 0.000000 <-> 1.000000
	 $N$: 212559.409000 <-> 42511881.800000
	 $\mu$: 0.000000 <-> 1.000000
	 $\gamma$: 0.000000 <-> 1.000000
	 $t_{c}$: 0.000000 <-> 30.000000
	 RF_{0}: 0.000000 <-> 1.000000
	 $E_{0}$: 0.000000 <-> 2.000000

Estimated parameters (av +/- std):

	 $\beta_{I}$: 0.292685 +/- 0.289210
	 $\beta_{E}$: 0.889914 +/- 0.293798
	 $N$: 3878288.750028 +/- 11274497.844243
	 $\mu$: 0.006036 +/- 0.242338
	 $\gamma$: 0.457134 +/- 0.260971
	 $t_{c}$: 20.305943 +/- 8.435739
	 RF_{0}: 0.991791 +/- 0.277626
	 $E_{0}$: 1.020539 +/- 0.594542

Posterior distribution on file posterior_'param'.png

RMSD: 0.221163
Weighted RMSD: 0.221163
RMSD for validation data: 1.188051
RMSD for total data: 0.315288
AIC: 16.442325
AIC for validation data: 18.376101
AIC for total data: 16.630576

#####################################################################

Total time on ABC: 1.252 s
Number of trials: 101004

Fit on file model_fit.png