2021-11-14_06-20-09

Data Source: Número de casos confirmados de COVID-19 no Brasil (on GitHub)
https://raw.githubusercontent.com/wcota/covid19br/master/cases-brazil-cities-time.csv

Rejection ABC fitting of epidemic curves

Model: SEIRD
Parameters: $\beta_{I}$, $\beta_{E}$, $N$, $\mu$, $\gamma$, $t_{c}$, RF_{0}, $E_{0}$
#####################################################################

Number of Samples: 960
Number of Posteriors: 3
RMSD Weights: [1,1]
Training window size: 45
Validation window size: 10

#####################################################################

Posterior No. 2
Execution Time: 0.418 s
Tolerance: eps = 0.051287

Priors' Ranges:

	 $\beta_{I}$: 0.000926 <-> 0.993596
	 $\beta_{E}$: 0.000187 <-> 0.122462
	 $N$: 9274018.262275 <-> 275969057.957019
	 $\mu$: 0.003261 <-> 0.015154
	 $\gamma$: 0.248843 <-> 0.999351
	 $t_{c}$: 4.140893 <-> 29.987624
	 RF_{0}: 0.728736 <-> 0.999671
	 $E_{0}$: 0.014393 <-> 1.109557

Estimated parameters (av +/- std):

	 $\beta_{I}$: 0.482014 +/- 0.217443
	 $\beta_{E}$: 0.025494 +/- 0.018780
	 $N$: 190219323.401464 +/- 77193986.776332
	 $\mu$: 0.007601 +/- 0.002100
	 $\gamma$: 0.558411 +/- 0.164701
	 $t_{c}$: 12.613132 +/- 6.765342
	 RF_{0}: 0.930641 +/- 0.069455
	 $E_{0}$: 0.357390 +/- 0.213999

Posterior distribution on file posterior_'param'.png

RMSD: 0.010314
Weighted RMSD: 0.010314
RMSD for validation data: 0.112567
RMSD for total data: 0.507625
AIC: 16.020628
AIC for validation data: 16.225135
AIC for total data: 17.015250

#####################################################################

Total time on ABC: 0.573 s
Number of trials: 25334

Fit on file model_fit.png