2021-11-14_10-31-06

Data Source: Número de casos confirmados de COVID-19 no Brasil (on GitHub)
https://raw.githubusercontent.com/wcota/covid19br/master/cases-brazil-cities-time.csv

Rejection ABC fitting of epidemic curves

Model: SEIRD
Parameters: $\beta_{I}$, $\beta_{E}$, $N$, $\mu$, $\gamma$, $t_{c}$, RF_{0}, $E_{0}$
#####################################################################

Number of Samples: 48
Number of Posteriors: 3
RMSD Weights: [1,1]
Training window size: 40
Validation window size: 10

#####################################################################

Posterior No. 1
Execution Time: 0.210 s
Tolerance: eps = 0.342005

Priors' Ranges:

	 $\beta_{I}$: 0.000000 <-> 1.000000
	 $\beta_{E}$: 0.000000 <-> 1.000000
	 $N$: 212559.409000 <-> 42511881.800000
	 $\mu$: 0.000000 <-> 1.000000
	 $\gamma$: 0.000000 <-> 1.000000
	 $t_{c}$: 0.000000 <-> 30.000000
	 RF_{0}: 0.000000 <-> 1.000000
	 $E_{0}$: 0.000000 <-> 2.000000

Estimated parameters (av +/- std):

	 $\beta_{I}$: 0.918836 +/- 0.286473
	 $\beta_{E}$: 0.080614 +/- 0.156415
	 $N$: 25414947.544071 +/- 12029229.909886
	 $\mu$: 0.045766 +/- 0.289046
	 $\gamma$: 0.486756 +/- 0.283382
	 $t_{c}$: 19.194581 +/- 9.422787
	 RF_{0}: 0.619166 +/- 0.284046
	 $E_{0}$: 1.684293 +/- 0.561675

Posterior distribution on file posterior_'param'.png

RMSD: 0.061291
Weighted RMSD: 0.061291
RMSD for validation data: 0.654494
RMSD for total data: 2.249580
AIC: 16.122582
AIC for validation data: 17.308988
AIC for total data: 20.499159

#####################################################################

Total time on ABC: 0.210 s
Number of trials: 9343

Fit on file model_fit.png