2021-11-14_23-05-32

Data Source: Número de casos confirmados de COVID-19 no Brasil (on GitHub)
https://raw.githubusercontent.com/wcota/covid19br/master/cases-brazil-cities-time.csv

Rejection ABC fitting of epidemic curves

Model: SEIRD
Parameters: $\beta_{I}$, $\beta_{E}$, $N$, $\mu$, $\gamma$, $t_{c}$, RF_{0}, $E_{0}$
#####################################################################

Number of Samples: 960
Number of Posteriors: 3
RMSD Weights: [1,1]
Training window size: 20
Validation window size: 10

#####################################################################

Posterior No. 2
Execution Time: 0.073 s
Tolerance: eps = 7.399957

Priors' Ranges:

	 $\beta_{I}$: 0.000674 <-> 0.999132
	 $\beta_{E}$: 0.000714 <-> 0.995698
	 $N$: 352996.743540 <-> 65794079.758043
	 $\mu$: 0.000035 <-> 0.953398
	 $\gamma$: 0.021443 <-> 0.998828
	 $t_{c}$: 0.118901 <-> 29.940832
	 RF_{0}: 0.006924 <-> 0.999605
	 $E_{0}$: 0.001038 <-> 1.997884

Estimated parameters (av +/- std):

	 $\beta_{I}$: 0.755719 +/- 0.267016
	 $\beta_{E}$: 0.192790 +/- 0.278404
	 $N$: 19756662.516064 +/- 14271174.292602
	 $\mu$: 0.001432 +/- 0.171978
	 $\gamma$: 0.345463 +/- 0.228990
	 $t_{c}$: 21.856544 +/- 7.627891
	 RF_{0}: 0.529627 +/- 0.233012
	 $E_{0}$: 0.438718 +/- 0.566650

Posterior distribution on file posterior_'param'.png

RMSD: 0.123820
Weighted RMSD: 0.123820
RMSD for validation data: 0.832984
RMSD for total data: 0.359309
AIC: 16.247641
AIC for validation data: 17.665968
AIC for total data: 16.718619

#####################################################################

Total time on ABC: 0.186 s
Number of trials: 12985

Fit on file model_fit.png