2021-12-01_05-20-35

Data Source: Número de casos confirmados de COVID-19 no Brasil (on GitHub)
https://raw.githubusercontent.com/wcota/covid19br/master/cases-brazil-cities-time.csv

Rejection ABC fitting of epidemic curves

Model: SEIRD
Parameters: $\beta_{I}$, $\beta_{E}$, $N$, $\mu$, $\gamma$, $t_{c}$, RF_{0}, $E_{0}$
#####################################################################

Number of Samples: 48
Number of Posteriors: 3
RMSD Weights: [1,1]
Training window size: 35
Validation window size: 10

#####################################################################

Posterior No. 1
Execution Time: 14.738 s
Tolerance: eps = 10.451322

Priors' Ranges:

	 $\beta_{I}$: 0.000000 <-> 1.000000
	 $\beta_{E}$: 0.000000 <-> 1.000000
	 $N$: 212559.409000 <-> 42511881.800000
	 $\mu$: 0.000000 <-> 1.000000
	 $\gamma$: 0.000000 <-> 1.000000
	 $t_{c}$: 0.000000 <-> 30.000000
	 RF_{0}: 0.000000 <-> 1.000000
	 $E_{0}$: 0.000000 <-> 2.000000

Estimated parameters (av +/- std):

	 $\beta_{I}$: 0.620563 +/- 0.289378
	 $\beta_{E}$: 0.387354 +/- 0.301878
	 $N$: 4517719.174407 +/- 10740443.278042
	 $\mu$: 0.010638 +/- 0.264905
	 $\gamma$: 0.541231 +/- 0.259565
	 $t_{c}$: 11.068508 +/- 8.747223
	 RF_{0}: 0.945383 +/- 0.274756
	 $E_{0}$: 0.148051 +/- 0.590345

Posterior distribution on file posterior_'param'.png

RMSD: 0.045472
Weighted RMSD: 0.045472
RMSD for validation data: 0.612109
RMSD for total data: 0.273379
AIC: 16.090943
AIC for validation data: 17.224219
AIC for total data: 16.546759

#####################################################################

Total time on ABC: 14.738 s
Number of trials: 1004261

Fit on file model_fit.png