2021-11-14_06-19-53

Data Source: Número de casos confirmados de COVID-19 no Brasil (on GitHub)
https://raw.githubusercontent.com/wcota/covid19br/master/cases-brazil-cities-time.csv

Rejection ABC fitting of epidemic curves

Model: SEIRD
Parameters: $\beta_{I}$, $\beta_{E}$, $N$, $\mu$, $\gamma$, $t_{c}$, RF_{0}, $E_{0}$
#####################################################################

Number of Samples: 48
Number of Posteriors: 3
RMSD Weights: [1,1]
Training window size: 35
Validation window size: 10

#####################################################################

Posterior No. 1
Execution Time: 0.190 s
Tolerance: eps = 331.498238

Priors' Ranges:

	 $\beta_{I}$: 0.000000 <-> 1.000000
	 $\beta_{E}$: 0.000000 <-> 1.000000
	 $N$: 83783.945000 <-> 16756789.000000
	 $\mu$: 0.000000 <-> 1.000000
	 $\gamma$: 0.000000 <-> 1.000000
	 $t_{c}$: 0.000000 <-> 30.000000
	 RF_{0}: 0.000000 <-> 1.000000
	 $E_{0}$: 0.000000 <-> 2.000000

Estimated parameters (av +/- std):

	 $\beta_{I}$: 0.695399 +/- 0.284994
	 $\beta_{E}$: 0.328792 +/- 0.294704
	 $N$: 89030.222710 +/- 5172480.612214
	 $\mu$: 0.003953 +/- 0.280663
	 $\gamma$: 0.928862 +/- 0.255151
	 $t_{c}$: 9.313104 +/- 9.010456
	 RF_{0}: 0.615054 +/- 0.280522
	 $E_{0}$: 1.725432 +/- 0.590750

Posterior distribution on file posterior_'param'.png

RMSD: 0.925475
Weighted RMSD: 0.925475
RMSD for validation data: 2.968524
RMSD for total data: 0.405423
AIC: 17.850951
AIC for validation data: 21.937047
AIC for total data: 16.810845

#####################################################################

Total time on ABC: 0.190 s
Number of trials: 9832

Fit on file model_fit.png