2021-11-14_04-49-43

Data Source: Número de casos confirmados de COVID-19 no Brasil (on GitHub)
https://raw.githubusercontent.com/wcota/covid19br/master/cases-brazil-cities-time.csv

Rejection ABC fitting of epidemic curves

Model: SEIRD
Parameters: $\beta_{I}$, $\beta_{E}$, $N$, $\mu$, $\gamma$, $t_{c}$, RF_{0}, $E_{0}$
#####################################################################

Number of Samples: 48
Number of Posteriors: 3
RMSD Weights: [1,1]
Training window size: 50
Validation window size: 10

#####################################################################

Posterior No. 1
Execution Time: 20.929 s
Tolerance: eps = 0.015126

Priors' Ranges:

	 $\beta_{I}$: 0.000000 <-> 1.000000
	 $\beta_{E}$: 0.000000 <-> 1.000000
	 $N$: 83783.945000 <-> 16756789.000000
	 $\mu$: 0.000000 <-> 1.000000
	 $\gamma$: 0.000000 <-> 1.000000
	 $t_{c}$: 0.000000 <-> 30.000000
	 RF_{0}: 0.000000 <-> 1.000000
	 $E_{0}$: 0.000000 <-> 2.000000

Estimated parameters (av +/- std):

	 $\beta_{I}$: 0.242178 +/- 0.136657
	 $\beta_{E}$: 0.004486 +/- 0.016638
	 $N$: 7797779.965746 +/- 4579100.486541
	 $\mu$: 0.094797 +/- 0.015801
	 $\gamma$: 0.866107 +/- 0.136196
	 $t_{c}$: 14.242016 +/- 3.455361
	 RF_{0}: 0.981696 +/- 0.009419
	 $E_{0}$: 0.353495 +/- 0.084451

Posterior distribution on file posterior_'param'.png

RMSD: 0.011074
Weighted RMSD: 0.011074
RMSD for validation data: 0.416531
RMSD for total data: 0.415607
AIC: 16.022149
AIC for validation data: 16.833061
AIC for total data: 16.831215

#####################################################################

Total time on ABC: 20.929 s
Number of trials: 1114790

Fit on file model_fit.png