2021-11-14_06-17-32

Data Source: Número de casos confirmados de COVID-19 no Brasil (on GitHub)
https://raw.githubusercontent.com/wcota/covid19br/master/cases-brazil-cities-time.csv

Rejection ABC fitting of epidemic curves

Model: SEIRD
Parameters: $\beta_{I}$, $\beta_{E}$, $N$, $\mu$, $\gamma$, $t_{c}$, RF_{0}, $E_{0}$
#####################################################################

Number of Samples: 960
Number of Posteriors: 3
RMSD Weights: [1,1]
Training window size: 25
Validation window size: 10

#####################################################################

Posterior No. 3
Execution Time: 0.105 s
Tolerance: eps = 3.420103

Priors' Ranges:

	 $\beta_{I}$: 0.000935 <-> 0.996881
	 $\beta_{E}$: 0.000027 <-> 0.998493
	 $N$: 84438.214211 <-> 16569740.856861
	 $\mu$: 0.000026 <-> 0.991841
	 $\gamma$: 0.038906 <-> 0.999519
	 $t_{c}$: 0.041382 <-> 29.992651
	 RF_{0}: 0.006709 <-> 0.998738
	 $E_{0}$: 0.000733 <-> 1.997528

Estimated parameters (av +/- std):

	 $\beta_{I}$: 0.178814 +/- 0.273885
	 $\beta_{E}$: 0.015861 +/- 0.286409
	 $N$: 7698310.975997 +/- 3406440.806718
	 $\mu$: 0.011522 +/- 0.141067
	 $\gamma$: 0.906078 +/- 0.208623
	 $t_{c}$: 29.009489 +/- 7.729961
	 RF_{0}: 0.717442 +/- 0.243522
	 $E_{0}$: 0.660470 +/- 0.547543

Posterior distribution on file posterior_'param'.png

RMSD: 0.106227
Weighted RMSD: 0.106227
RMSD for validation data: 0.716637
RMSD for total data: 0.415607
AIC: 16.212453
AIC for validation data: 17.433273
AIC for total data: 16.831215

#####################################################################

Total time on ABC: 0.335 s
Number of trials: 13487

Fit on file model_fit.png