2021-12-01_00-51-50

Data Source: Número de casos confirmados de COVID-19 no Brasil (on GitHub)
https://raw.githubusercontent.com/wcota/covid19br/master/cases-brazil-cities-time.csv

Rejection ABC fitting of epidemic curves

Model: SEIRD
Parameters: $\beta_{I}$, $\beta_{E}$, $N$, $\mu$, $\gamma$, $t_{c}$, RF_{0}, $E_{0}$
#####################################################################

Number of Samples: 48
Number of Posteriors: 3
RMSD Weights: [1,1]
Training window size: 30
Validation window size: 10

#####################################################################

Posterior No. 1
Execution Time: 12.758 s
Tolerance: eps = 0.292708

Priors' Ranges:

	 $\beta_{I}$: 0.000000 <-> 1.000000
	 $\beta_{E}$: 0.000000 <-> 1.000000
	 $N$: 212559.409000 <-> 42511881.800000
	 $\mu$: 0.000000 <-> 1.000000
	 $\gamma$: 0.000000 <-> 1.000000
	 $t_{c}$: 0.000000 <-> 30.000000
	 RF_{0}: 0.000000 <-> 1.000000
	 $E_{0}$: 0.000000 <-> 2.000000

Estimated parameters (av +/- std):

	 $\beta_{I}$: 0.150236 +/- 0.286584
	 $\beta_{E}$: 0.683317 +/- 0.114876
	 $N$: 28699586.268572 +/- 12198574.453804
	 $\mu$: 0.016140 +/- 0.291126
	 $\gamma$: 0.272471 +/- 0.288816
	 $t_{c}$: 1.628264 +/- 8.697661
	 RF_{0}: 0.973463 +/- 0.288972
	 $E_{0}$: 1.487189 +/- 0.575608

Posterior distribution on file posterior_'param'.png

RMSD: 0.062830
Weighted RMSD: 0.062830
RMSD for validation data: 1.285798
RMSD for total data: 1.517316
AIC: 16.125660
AIC for validation data: 18.571596
AIC for total data: 19.034633

#####################################################################

Total time on ABC: 12.758 s
Number of trials: 996774

Fit on file model_fit.png