2021-11-14_06-19-53

Data Source: Número de casos confirmados de COVID-19 no Brasil (on GitHub)
https://raw.githubusercontent.com/wcota/covid19br/master/cases-brazil-cities-time.csv

Rejection ABC fitting of epidemic curves

Model: SEIRD
Parameters: $\beta_{I}$, $\beta_{E}$, $N$, $\mu$, $\gamma$, $t_{c}$, RF_{0}, $E_{0}$
#####################################################################

Number of Samples: 960
Number of Posteriors: 3
RMSD Weights: [1,1]
Training window size: 45
Validation window size: 10

#####################################################################

Posterior No. 3
Execution Time: 0.110 s
Tolerance: eps = 6.193668

Priors' Ranges:

	 $\beta_{I}$: 0.002615 <-> 0.999468
	 $\beta_{E}$: 0.000798 <-> 0.998467
	 $N$: 85449.681948 <-> 12831933.215952
	 $\mu$: 0.000002 <-> 0.999961
	 $\gamma$: 0.001999 <-> 0.999884
	 $t_{c}$: 0.077723 <-> 29.950354
	 RF_{0}: 0.003269 <-> 0.999890
	 $E_{0}$: 0.001410 <-> 1.999815

Estimated parameters (av +/- std):

	 $\beta_{I}$: 0.874688 +/- 0.274814
	 $\beta_{E}$: 0.593971 +/- 0.265862
	 $N$: 2070732.550508 +/- 1950511.206190
	 $\mu$: 0.004917 +/- 0.189370
	 $\gamma$: 0.915458 +/- 0.222632
	 $t_{c}$: 9.156321 +/- 7.832944
	 RF_{0}: 0.554837 +/- 0.239915
	 $E_{0}$: 0.528047 +/- 0.538852

Posterior distribution on file posterior_'param'.png

RMSD: 0.284033
Weighted RMSD: 0.284033
RMSD for validation data: 1.911098
RMSD for total data: 0.395449
AIC: 16.568066
AIC for validation data: 19.822195
AIC for total data: 16.790898

#####################################################################

Total time on ABC: 0.467 s
Number of trials: 11810

Fit on file model_fit.png