2021-11-14_19-37-26

Data Source: Número de casos confirmados de COVID-19 no Brasil (on GitHub)
https://raw.githubusercontent.com/wcota/covid19br/master/cases-brazil-cities-time.csv

Rejection ABC fitting of epidemic curves

Model: SEIRD
Parameters: $\beta_{I}$, $\beta_{E}$, $N$, $\mu$, $\gamma$, $t_{c}$, RF_{0}, $E_{0}$
#####################################################################

Number of Samples: 960
Number of Posteriors: 3
RMSD Weights: [1,1]
Training window size: 45
Validation window size: 10

#####################################################################

Posterior No. 2
Execution Time: 0.575 s
Tolerance: eps = 0.083050

Priors' Ranges:

	 $\beta_{I}$: 0.001689 <-> 0.998611
	 $\beta_{E}$: 0.003154 <-> 0.688245
	 $N$: 378715.722002 <-> 2607125.996700
	 $\mu$: 0.000792 <-> 0.011750
	 $\gamma$: 0.108155 <-> 0.999263
	 $t_{c}$: 5.754893 <-> 29.995423
	 RF_{0}: 0.919333 <-> 0.996459
	 $E_{0}$: 0.001022 <-> 0.116905

Estimated parameters (av +/- std):

	 $\beta_{I}$: 0.680149 +/- 0.269459
	 $\beta_{E}$: 0.047441 +/- 0.127930
	 $N$: 1671413.433667 +/- 472002.040703
	 $\mu$: 0.007731 +/- 0.001692
	 $\gamma$: 0.950771 +/- 0.187742
	 $t_{c}$: 19.543975 +/- 5.492942
	 RF_{0}: 0.979581 +/- 0.014405
	 $E_{0}$: 0.057183 +/- 0.023131

Posterior distribution on file posterior_'param'.png

RMSD: 0.037649
Weighted RMSD: 0.037649
RMSD for validation data: 0.319793
RMSD for total data: 0.493906
AIC: 16.075298
AIC for validation data: 16.639586
AIC for total data: 16.987812

#####################################################################

Total time on ABC: 0.923 s
Number of trials: 26714

Fit on file model_fit.png