2021-12-01_05-20-35

Data Source: Número de casos confirmados de COVID-19 no Brasil (on GitHub)
https://raw.githubusercontent.com/wcota/covid19br/master/cases-brazil-cities-time.csv

Rejection ABC fitting of epidemic curves

Model: SEIRD
Parameters: $\beta_{I}$, $\beta_{E}$, $N$, $\mu$, $\gamma$, $t_{c}$, RF_{0}, $E_{0}$
#####################################################################

Number of Samples: 99984
Number of Posteriors: 3
RMSD Weights: [1,1]
Training window size: 25
Validation window size: 10

#####################################################################

Posterior No. 2
Execution Time: 87.573 s
Tolerance: eps = 10.722886

Priors' Ranges:

	 $\beta_{I}$: 0.000023 <-> 0.999947
	 $\beta_{E}$: 0.000003 <-> 0.999981
	 $N$: 212563.054290 <-> 42507145.734676
	 $\mu$: 0.000001 <-> 0.999789
	 $\gamma$: 0.000409 <-> 0.999984
	 $t_{c}$: 0.035536 <-> 29.999610
	 RF_{0}: 0.000184 <-> 0.999998
	 $E_{0}$: 0.000008 <-> 2.000000

Estimated parameters (av +/- std):

	 $\beta_{I}$: 0.473879 +/- 0.268550
	 $\beta_{E}$: 0.350043 +/- 0.277606
	 $N$: 6440622.467322 +/- 8360124.530339
	 $\mu$: 0.006170 +/- 0.196211
	 $\gamma$: 0.414507 +/- 0.225985
	 $t_{c}$: 7.826625 +/- 7.725985
	 RF_{0}: 0.910981 +/- 0.245988
	 $E_{0}$: 0.024434 +/- 0.547057

Posterior distribution on file posterior_'param'.png

RMSD: 0.071354
Weighted RMSD: 0.071354
RMSD for validation data: 0.510103
RMSD for total data: 0.258673
AIC: 16.142708
AIC for validation data: 17.020205
AIC for total data: 16.517346

#####################################################################

Total time on ABC: 98.569 s
Number of trials: 1403073

Fit on file model_fit.png