2021-11-14_06-01-51

Data Source: Número de casos confirmados de COVID-19 no Brasil (on GitHub)
https://raw.githubusercontent.com/wcota/covid19br/master/cases-brazil-cities-time.csv

Rejection ABC fitting of epidemic curves

Model: SEIRD
Parameters: $\beta_{I}$, $\beta_{E}$, $N$, $\mu$, $\gamma$, $t_{c}$, RF_{0}, $E_{0}$
#####################################################################

Number of Samples: 960
Number of Posteriors: 3
RMSD Weights: [1,1]
Training window size: 50
Validation window size: 10

#####################################################################

Posterior No. 3
Execution Time: 3.291 s
Tolerance: eps = 0.018900

Priors' Ranges:

	 $\beta_{I}$: 0.005709 <-> 0.999894
	 $\beta_{E}$: 0.000350 <-> 0.094281
	 $N$: 8850143.157473 <-> 275827515.694089
	 $\mu$: 0.002773 <-> 0.015775
	 $\gamma$: 0.190822 <-> 0.999669
	 $t_{c}$: 6.369939 <-> 29.989885
	 RF_{0}: 0.748835 <-> 0.999623
	 $E_{0}$: 0.166738 <-> 1.350792

Estimated parameters (av +/- std):

	 $\beta_{I}$: 0.140188 +/- 0.257275
	 $\beta_{E}$: 0.047208 +/- 0.016179
	 $N$: 243732001.617863 +/- 72123613.167899
	 $\mu$: 0.012979 +/- 0.002235
	 $\gamma$: 0.882949 +/- 0.155547
	 $t_{c}$: 23.514592 +/- 4.702224
	 RF_{0}: 0.932848 +/- 0.052294
	 $E_{0}$: 0.933113 +/- 0.199700

Posterior distribution on file posterior_'param'.png

RMSD: 0.007349
Weighted RMSD: 0.007349
RMSD for validation data: 0.118275
RMSD for total data: 0.507625
AIC: 16.014699
AIC for validation data: 16.236549
AIC for total data: 17.015250

#####################################################################

Total time on ABC: 6.655 s
Number of trials: 164142

Fit on file model_fit.png