2021-11-14_06-17-32

Data Source: Número de casos confirmados de COVID-19 no Brasil (on GitHub)
https://raw.githubusercontent.com/wcota/covid19br/master/cases-brazil-cities-time.csv

Rejection ABC fitting of epidemic curves

Model: SEIRD
Parameters: $\beta_{I}$, $\beta_{E}$, $N$, $\mu$, $\gamma$, $t_{c}$, RF_{0}, $E_{0}$
#####################################################################

Number of Samples: 960
Number of Posteriors: 3
RMSD Weights: [1,1]
Training window size: 25
Validation window size: 10

#####################################################################

Posterior No. 2
Execution Time: 0.088 s
Tolerance: eps = 7.898205

Priors' Ranges:

	 $\beta_{I}$: 0.000207 <-> 0.997665
	 $\beta_{E}$: 0.000867 <-> 0.997116
	 $N$: 83894.120727 <-> 16695741.893512
	 $\mu$: 0.000287 <-> 0.985376
	 $\gamma$: 0.003445 <-> 0.999640
	 $t_{c}$: 0.199475 <-> 29.983602
	 RF_{0}: 0.003835 <-> 0.996726
	 $E_{0}$: 0.001314 <-> 1.999796

Estimated parameters (av +/- std):

	 $\beta_{I}$: 0.024134 +/- 0.269571
	 $\beta_{E}$: 0.661484 +/- 0.280108
	 $N$: 1044650.676782 +/- 3895760.722272
	 $\mu$: 0.012678 +/- 0.184450
	 $\gamma$: 0.865801 +/- 0.211434
	 $t_{c}$: 4.075852 +/- 7.779163
	 RF_{0}: 0.952321 +/- 0.254105
	 $E_{0}$: 0.417966 +/- 0.543164

Posterior distribution on file posterior_'param'.png

RMSD: 0.224123
Weighted RMSD: 0.224123
RMSD for validation data: 1.097137
RMSD for total data: 0.313514
AIC: 16.448247
AIC for validation data: 18.194274
AIC for total data: 16.627028

#####################################################################

Total time on ABC: 0.238 s
Number of trials: 15157

Fit on file model_fit.png