2021-11-14_20-35-18

Data Source: Número de casos confirmados de COVID-19 no Brasil (on GitHub)
https://raw.githubusercontent.com/wcota/covid19br/master/cases-brazil-cities-time.csv

Rejection ABC fitting of epidemic curves

Model: SEIRD
Parameters: $\beta_{I}$, $\beta_{E}$, $N$, $\mu$, $\gamma$, $t_{c}$, RF_{0}, $E_{0}$
#####################################################################

Number of Samples: 48
Number of Posteriors: 3
RMSD Weights: [1,1]
Training window size: 10
Validation window size: 10

#####################################################################

Posterior No. 1
Execution Time: 0.075 s
Tolerance: eps = 17.863446

Priors' Ranges:

	 $\beta_{I}$: 0.000000 <-> 1.000000
	 $\beta_{E}$: 0.000000 <-> 1.000000
	 $N$: 67886.004000 <-> 13577200.800000
	 $\mu$: 0.000000 <-> 1.000000
	 $\gamma$: 0.000000 <-> 1.000000
	 $t_{c}$: 0.000000 <-> 30.000000
	 RF_{0}: 0.000000 <-> 1.000000
	 $E_{0}$: 0.000000 <-> 2.000000

Estimated parameters (av +/- std):

	 $\beta_{I}$: 0.075428 +/- 0.283842
	 $\beta_{E}$: 0.119473 +/- 0.290726
	 $N$: 1944924.221567 +/- 3814341.418291
	 $\mu$: 0.001395 +/- 0.232569
	 $\gamma$: 0.713321 +/- 0.269785
	 $t_{c}$: 16.500316 +/- 7.983652
	 RF_{0}: 0.342750 +/- 0.270353
	 $E_{0}$: 0.262900 +/- 0.573117

Posterior distribution on file posterior_'param'.png

RMSD: 0.170802
Weighted RMSD: 0.170802
RMSD for validation data: 0.656757
RMSD for total data: 0.392779
AIC: 16.341605
AIC for validation data: 17.313514
AIC for total data: 16.785559

#####################################################################

Total time on ABC: 0.075 s
Number of trials: 9449

Fit on file model_fit.png