2021-11-14_20-35-18

Data Source: Número de casos confirmados de COVID-19 no Brasil (on GitHub)
https://raw.githubusercontent.com/wcota/covid19br/master/cases-brazil-cities-time.csv

Rejection ABC fitting of epidemic curves

Model: SEIRD
Parameters: $\beta_{I}$, $\beta_{E}$, $N$, $\mu$, $\gamma$, $t_{c}$, RF_{0}, $E_{0}$
#####################################################################

Number of Samples: 960
Number of Posteriors: 3
RMSD Weights: [1,1]
Training window size: 10
Validation window size: 10

#####################################################################

Posterior No. 3
Execution Time: 0.065 s
Tolerance: eps = 56.106432

Priors' Ranges:

	 $\beta_{I}$: 0.006105 <-> 0.998792
	 $\beta_{E}$: 0.000569 <-> 0.991202
	 $N$: 82781.877843 <-> 13563917.406354
	 $\mu$: 0.000012 <-> 0.934218
	 $\gamma$: 0.019556 <-> 0.999550
	 $t_{c}$: 0.053070 <-> 29.934443
	 RF_{0}: 0.000970 <-> 0.999919
	 $E_{0}$: 0.000510 <-> 1.993820

Estimated parameters (av +/- std):

	 $\beta_{I}$: 0.045800 +/- 0.260835
	 $\beta_{E}$: 0.766602 +/- 0.231428
	 $N$: 379372.781050 +/- 3837525.456371
	 $\mu$: 0.008430 +/- 0.106582
	 $\gamma$: 0.644887 +/- 0.228523
	 $t_{c}$: 20.508099 +/- 7.301488
	 RF_{0}: 0.948321 +/- 0.242815
	 $E_{0}$: 0.175206 +/- 0.515504

Posterior distribution on file posterior_'param'.png

RMSD: 1.385430
Weighted RMSD: 1.385430
RMSD for validation data: 2.666786
RMSD for total data: 0.457307
AIC: 18.770861
AIC for validation data: 21.333573
AIC for total data: 16.914614

#####################################################################

Total time on ABC: 0.185 s
Number of trials: 14176

Fit on file model_fit.png