2021-11-14_04-49-43

Data Source: Número de casos confirmados de COVID-19 no Brasil (on GitHub)
https://raw.githubusercontent.com/wcota/covid19br/master/cases-brazil-cities-time.csv

Rejection ABC fitting of epidemic curves

Model: SEIRD
Parameters: $\beta_{I}$, $\beta_{E}$, $N$, $\mu$, $\gamma$, $t_{c}$, RF_{0}, $E_{0}$
#####################################################################

Number of Samples: 960
Number of Posteriors: 3
RMSD Weights: [1,1]
Training window size: 25
Validation window size: 10

#####################################################################

Posterior No. 2
Execution Time: 0.087 s
Tolerance: eps = 0.132415

Priors' Ranges:

	 $\beta_{I}$: 0.000809 <-> 0.995312
	 $\beta_{E}$: 0.000213 <-> 0.130407
	 $N$: 236090.890590 <-> 16755864.165869
	 $\mu$: 0.004451 <-> 0.051713
	 $\gamma$: 0.137169 <-> 0.998472
	 $t_{c}$: 3.458592 <-> 29.998214
	 RF_{0}: 0.906325 <-> 0.999975
	 $E_{0}$: 0.000661 <-> 0.080889

Estimated parameters (av +/- std):

	 $\beta_{I}$: 0.478682 +/- 0.254658
	 $\beta_{E}$: 0.033338 +/- 0.030174
	 $N$: 5764372.303457 +/- 4637584.780849
	 $\mu$: 0.014047 +/- 0.008172
	 $\gamma$: 0.552398 +/- 0.193764
	 $t_{c}$: 20.870697 +/- 5.439393
	 RF_{0}: 0.978897 +/- 0.014067
	 $E_{0}$: 0.026314 +/- 0.015768

Posterior distribution on file posterior_'param'.png

RMSD: 0.046578
Weighted RMSD: 0.046578
RMSD for validation data: 0.652640
RMSD for total data: 0.415365
AIC: 16.093156
AIC for validation data: 17.305281
AIC for total data: 16.830729

#####################################################################

Total time on ABC: 0.191 s
Number of trials: 8901

Fit on file model_fit.png