2021-11-14_06-19-53

Data Source: Número de casos confirmados de COVID-19 no Brasil (on GitHub)
https://raw.githubusercontent.com/wcota/covid19br/master/cases-brazil-cities-time.csv

Rejection ABC fitting of epidemic curves

Model: SEIRD
Parameters: $\beta_{I}$, $\beta_{E}$, $N$, $\mu$, $\gamma$, $t_{c}$, RF_{0}, $E_{0}$
#####################################################################

Number of Samples: 960
Number of Posteriors: 3
RMSD Weights: [1,1]
Training window size: 50
Validation window size: 10

#####################################################################

Posterior No. 3
Execution Time: 0.192 s
Tolerance: eps = 3.262106

Priors' Ranges:

	 $\beta_{I}$: 0.001085 <-> 0.998072
	 $\beta_{E}$: 0.000556 <-> 0.999020
	 $N$: 83961.837295 <-> 16733807.960653
	 $\mu$: 0.000212 <-> 0.966460
	 $\gamma$: 0.043607 <-> 0.999997
	 $t_{c}$: 0.092990 <-> 29.925323
	 RF_{0}: 0.005103 <-> 0.999551
	 $E_{0}$: 0.004435 <-> 1.988128

Estimated parameters (av +/- std):

	 $\beta_{I}$: 0.256275 +/- 0.263922
	 $\beta_{E}$: 0.047172 +/- 0.305451
	 $N$: 4623840.515478 +/- 3531055.791549
	 $\mu$: 0.002868 +/- 0.156679
	 $\gamma$: 0.436769 +/- 0.206693
	 $t_{c}$: 8.810859 +/- 8.147609
	 RF_{0}: 0.675957 +/- 0.265119
	 $E_{0}$: 0.437444 +/- 0.557763

Posterior distribution on file posterior_'param'.png

RMSD: 0.123463
Weighted RMSD: 0.123463
RMSD for validation data: 1.117948
RMSD for total data: 0.415605
AIC: 16.246927
AIC for validation data: 18.235896
AIC for total data: 16.831210

#####################################################################

Total time on ABC: 0.639 s
Number of trials: 20708

Fit on file model_fit.png