2022-03-08_15-59-04

Data Source: Número de casos confirmados de COVID-19 no Brasil (on GitHub)
https://raw.githubusercontent.com/wcota/covid19br/master/cases-brazil-cities-time.csv

Rejection ABC fitting of epidemic curves

Model: SEIRD
Parameters: $\beta_{I}$, $\beta_{E}$, $N$, $\mu$, $\gamma$, $t_{c}$, RF_{0}, $E_{0}$
#####################################################################

Number of Samples: 960
Number of Posteriors: 3
RMSD Weights: [1,1]
Training window size: 30
Validation window size: 10

#####################################################################

Posterior No. 3
Execution Time: 0.432 s
Tolerance: eps = 0.040832

Priors' Ranges:

	 $\beta_{I}$: 0.001296 <-> 0.999359
	 $\beta_{E}$: 0.000152 <-> 0.123779
	 $N$: 6258807.743866 <-> 105964940.594416
	 $\mu$: 0.005462 <-> 0.026143
	 $\gamma$: 0.204794 <-> 0.998224
	 $t_{c}$: 5.259624 <-> 29.952157
	 RF_{0}: 0.935280 <-> 0.999933
	 $E_{0}$: 0.040268 <-> 0.326083

Estimated parameters (av +/- std):

	 $\beta_{I}$: 0.238007 +/- 0.240552
	 $\beta_{E}$: 0.002245 +/- 0.017656
	 $N$: 73095668.770661 +/- 28188032.283369
	 $\mu$: 0.008444 +/- 0.004160
	 $\gamma$: 0.335043 +/- 0.174094
	 $t_{c}$: 24.696093 +/- 5.394110
	 RF_{0}: 0.982764 +/- 0.011032
	 $E_{0}$: 0.243740 +/- 0.052396

Posterior distribution on file posterior_'param'.png

RMSD: 0.018457
Weighted RMSD: 0.018457
RMSD for validation data: 0.060640
RMSD for total data: 0.449499
AIC: 16.036913
AIC for validation data: 16.121281
AIC for total data: 16.898998

#####################################################################

Total time on ABC: 0.854 s
Number of trials: 33074

Fit on file model_fit.png