2021-11-14_05-05-40

Data Source: Número de casos confirmados de COVID-19 no Brasil (on GitHub)
https://raw.githubusercontent.com/wcota/covid19br/master/cases-brazil-cities-time.csv

Rejection ABC fitting of epidemic curves

Model: SEIRD
Parameters: $\beta_{I}$, $\beta_{E}$, $N$, $\mu$, $\gamma$, $t_{c}$, RF_{0}, $E_{0}$
#####################################################################

Number of Samples: 960
Number of Posteriors: 3
RMSD Weights: [1,1]
Training window size: 30
Validation window size: 10

#####################################################################

Posterior No. 2
Execution Time: 0.097 s
Tolerance: eps = 112.672564

Priors' Ranges:

	 $\beta_{I}$: 0.001385 <-> 0.999445
	 $\beta_{E}$: 0.000217 <-> 0.954900
	 $N$: 152918.603461 <-> 25288574.468141
	 $\mu$: 0.000370 <-> 0.996967
	 $\gamma$: 0.000238 <-> 0.999861
	 $t_{c}$: 0.037456 <-> 29.934722
	 RF_{0}: 0.004402 <-> 0.999943
	 $E_{0}$: 0.000543 <-> 1.999759

Estimated parameters (av +/- std):

	 $\beta_{I}$: 0.116865 +/- 0.267644
	 $\beta_{E}$: 0.075125 +/- 0.133389
	 $N$: 23245739.117764 +/- 7153601.174198
	 $\mu$: 0.001127 +/- 0.253755
	 $\gamma$: 0.845693 +/- 0.210307
	 $t_{c}$: 29.443422 +/- 8.397070
	 RF_{0}: 0.405688 +/- 0.251864
	 $E_{0}$: 0.342576 +/- 0.488892

Posterior distribution on file posterior_'param'.png

RMSD: 0.864872
Weighted RMSD: 0.864872
RMSD for validation data: 4.369835
RMSD for total data: 5.360873
AIC: 17.729745
AIC for validation data: 24.739671
AIC for total data: 26.721747

#####################################################################

Total time on ABC: 0.306 s
Number of trials: 13825

Fit on file model_fit.png