2021-11-14_21-31-10

Data Source: Número de casos confirmados de COVID-19 no Brasil (on GitHub)
https://raw.githubusercontent.com/wcota/covid19br/master/cases-brazil-cities-time.csv

Rejection ABC fitting of epidemic curves

Model: SEIRD
Parameters: $\beta_{I}$, $\beta_{E}$, $N$, $\mu$, $\gamma$, $t_{c}$, RF_{0}, $E_{0}$
#####################################################################

Number of Samples: 960
Number of Posteriors: 3
RMSD Weights: [1,1]
Training window size: 40
Validation window size: 10

#####################################################################

Posterior No. 3
Execution Time: 4.928 s
Tolerance: eps = 0.019783

Priors' Ranges:

	 $\beta_{I}$: 0.000654 <-> 0.998299
	 $\beta_{E}$: 0.000863 <-> 0.168897
	 $N$: 11627581.251144 <-> 66016300.352483
	 $\mu$: 0.002410 <-> 0.016727
	 $\gamma$: 0.142373 <-> 0.998731
	 $t_{c}$: 5.371648 <-> 29.997646
	 RF_{0}: 0.941359 <-> 0.994256
	 $E_{0}$: 0.033101 <-> 0.203870

Estimated parameters (av +/- std):

	 $\beta_{I}$: 0.282768 +/- 0.257474
	 $\beta_{E}$: 0.014110 +/- 0.025979
	 $N$: 54107482.378645 +/- 14098816.522225
	 $\mu$: 0.003768 +/- 0.002805
	 $\gamma$: 0.244708 +/- 0.174987
	 $t_{c}$: 29.366420 +/- 5.069243
	 RF_{0}: 0.949221 +/- 0.008586
	 $E_{0}$: 0.160891 +/- 0.032634

Posterior distribution on file posterior_'param'.png

RMSD: 0.011632
Weighted RMSD: 0.011632
RMSD for validation data: 0.142249
RMSD for total data: 0.486710
AIC: 16.023265
AIC for validation data: 16.284497
AIC for total data: 16.973421

#####################################################################

Total time on ABC: 9.837 s
Number of trials: 313777

Fit on file model_fit.png