2021-11-14_07-42-31

Data Source: Número de casos confirmados de COVID-19 no Brasil (on GitHub)
https://raw.githubusercontent.com/wcota/covid19br/master/cases-brazil-cities-time.csv

Rejection ABC fitting of epidemic curves

Model: SEIRD
Parameters: $\beta_{I}$, $\beta_{E}$, $N$, $\mu$, $\gamma$, $t_{c}$, RF_{0}, $E_{0}$
#####################################################################

Number of Samples: 960
Number of Posteriors: 3
RMSD Weights: [1,1]
Training window size: 25
Validation window size: 10

#####################################################################

Posterior No. 2
Execution Time: 0.072 s
Tolerance: eps = 0.291235

Priors' Ranges:

	 $\beta_{I}$: 0.005574 <-> 0.998896
	 $\beta_{E}$: 0.000482 <-> 0.366329
	 $N$: 1737686.049877 <-> 275998549.392148
	 $\mu$: 0.003437 <-> 0.996479
	 $\gamma$: 0.009699 <-> 0.995807
	 $t_{c}$: 1.450646 <-> 29.984675
	 RF_{0}: 0.004139 <-> 0.998173
	 $E_{0}$: 0.002603 <-> 1.997824

Estimated parameters (av +/- std):

	 $\beta_{I}$: 0.317013 +/- 0.269180
	 $\beta_{E}$: 0.234779 +/- 0.065919
	 $N$: 197855215.197946 +/- 72121512.463832
	 $\mu$: 0.029768 +/- 0.238284
	 $\gamma$: 0.860125 +/- 0.234975
	 $t_{c}$: 14.343081 +/- 6.988770
	 RF_{0}: 0.989860 +/- 0.257111
	 $E_{0}$: 1.950071 +/- 0.507006

Posterior distribution on file posterior_'param'.png

RMSD: 0.035158
Weighted RMSD: 0.035158
RMSD for validation data: 1.320545
RMSD for total data: 19.753219
AIC: 16.070316
AIC for validation data: 18.641089
AIC for total data: 55.506438

#####################################################################

Total time on ABC: 0.230 s
Number of trials: 8369

Fit on file model_fit.png