2021-11-14_21-31-10

Data Source: Número de casos confirmados de COVID-19 no Brasil (on GitHub)
https://raw.githubusercontent.com/wcota/covid19br/master/cases-brazil-cities-time.csv

Rejection ABC fitting of epidemic curves

Model: SEIRD
Parameters: $\beta_{I}$, $\beta_{E}$, $N$, $\mu$, $\gamma$, $t_{c}$, RF_{0}, $E_{0}$
#####################################################################

Number of Samples: 48
Number of Posteriors: 3
RMSD Weights: [1,1]
Training window size: 40
Validation window size: 10

#####################################################################

Posterior No. 1
Execution Time: 1.491 s
Tolerance: eps = 0.028714

Priors' Ranges:

	 $\beta_{I}$: 0.000000 <-> 1.000000
	 $\beta_{E}$: 0.000000 <-> 1.000000
	 $N$: 331002.647000 <-> 66200529.400000
	 $\mu$: 0.000000 <-> 1.000000
	 $\gamma$: 0.000000 <-> 1.000000
	 $t_{c}$: 0.000000 <-> 30.000000
	 RF_{0}: 0.000000 <-> 1.000000
	 $E_{0}$: 0.000000 <-> 2.000000

Estimated parameters (av +/- std):

	 $\beta_{I}$: 0.129874 +/- 0.281648
	 $\beta_{E}$: 0.207898 +/- 0.073195
	 $N$: 6771094.953819 +/- 238972.276568
	 $\mu$: 0.006199 +/- 0.002914
	 $\gamma$: 0.383486 +/- 0.203073
	 $t_{c}$: 20.487190 +/- 3.603991
	 RF_{0}: 0.992838 +/- 0.018906
	 $E_{0}$: 0.366046 +/- 0.088897

Posterior distribution on file posterior_'param'.png

RMSD: 0.014478
Weighted RMSD: 0.014478
RMSD for validation data: 0.205034
RMSD for total data: 0.354379
AIC: 16.028955
AIC for validation data: 16.410067
AIC for total data: 16.708759

#####################################################################

Total time on ABC: 1.491 s
Number of trials: 69863

Fit on file model_fit.png