2021-11-14_04-14-21

Data Source: Número de casos confirmados de COVID-19 no Brasil (on GitHub)
https://raw.githubusercontent.com/wcota/covid19br/master/cases-brazil-cities-time.csv

Rejection ABC fitting of epidemic curves

Model: SEIRD
Parameters: $\beta_{I}$, $\beta_{E}$, $N$, $\mu$, $\gamma$, $t_{c}$, RF_{0}, $E_{0}$
#####################################################################

Number of Samples: 960
Number of Posteriors: 3
RMSD Weights: [1,1]
Training window size: 40
Validation window size: 10

#####################################################################

Posterior No. 3
Execution Time: 2.484 s
Tolerance: eps = 0.050318

Priors' Ranges:

	 $\beta_{I}$: 0.000670 <-> 0.999705
	 $\beta_{E}$: 0.004427 <-> 0.111167
	 $N$: 140789.047996 <-> 25247020.234241
	 $\mu$: 0.011141 <-> 0.044393
	 $\gamma$: 0.259796 <-> 0.999828
	 $t_{c}$: 8.674725 <-> 29.956065
	 RF_{0}: 0.932584 <-> 0.960155
	 $E_{0}$: 0.000529 <-> 0.077669

Estimated parameters (av +/- std):

	 $\beta_{I}$: 0.139034 +/- 0.260180
	 $\beta_{E}$: 0.051762 +/- 0.016986
	 $N$: 20366654.962889 +/- 7076736.205709
	 $\mu$: 0.016197 +/- 0.007069
	 $\gamma$: 0.390460 +/- 0.173507
	 $t_{c}$: 27.618099 +/- 4.321625
	 RF_{0}: 0.938248 +/- 0.004846
	 $E_{0}$: 0.046825 +/- 0.016832

Posterior distribution on file posterior_'param'.png

RMSD: 0.043401
Weighted RMSD: 0.043401
RMSD for validation data: 2.524457
RMSD for total data: 0.380187
AIC: 16.086803
AIC for validation data: 21.048914
AIC for total data: 16.760373

#####################################################################

Total time on ABC: 9.034 s
Number of trials: 145140

Fit on file model_fit.png