2021-11-14_19-26-42

Data Source: Número de casos confirmados de COVID-19 no Brasil (on GitHub)
https://raw.githubusercontent.com/wcota/covid19br/master/cases-brazil-cities-time.csv

Rejection ABC fitting of epidemic curves

Model: SEIRD
Parameters: $\beta_{I}$, $\beta_{E}$, $N$, $\mu$, $\gamma$, $t_{c}$, RF_{0}, $E_{0}$
#####################################################################

Number of Samples: 960
Number of Posteriors: 3
RMSD Weights: [1,1]
Training window size: 50
Validation window size: 10

#####################################################################

Posterior No. 3
Execution Time: 8.706 s
Tolerance: eps = 0.012475

Priors' Ranges:

	 $\beta_{I}$: 0.005330 <-> 0.998947
	 $\beta_{E}$: 0.000929 <-> 0.742955
	 $N$: 4072698.926561 <-> 4605458.343598
	 $\mu$: 0.000682 <-> 0.002189
	 $\gamma$: 0.012428 <-> 0.077371
	 $t_{c}$: 8.054299 <-> 29.723225
	 RF_{0}: 0.614800 <-> 0.965149
	 $E_{0}$: 0.074914 <-> 0.420122

Estimated parameters (av +/- std):

	 $\beta_{I}$: 0.758416 +/- 0.261319
	 $\beta_{E}$: 0.162086 +/- 0.146188
	 $N$: 4231542.547886 +/- 104651.542128
	 $\mu$: 0.001425 +/- 0.000250
	 $\gamma$: 0.044641 +/- 0.010832
	 $t_{c}$: 19.320706 +/- 3.823046
	 RF_{0}: 0.884664 +/- 0.055096
	 $E_{0}$: 0.242525 +/- 0.059112

Posterior distribution on file posterior_'param'.png

RMSD: 0.008101
Weighted RMSD: 0.008101
RMSD for validation data: 0.196416
RMSD for total data: 0.533513
AIC: 16.016201
AIC for validation data: 16.392831
AIC for total data: 17.067027

#####################################################################

Total time on ABC: 28.275 s
Number of trials: 353111

Fit on file model_fit.png