2021-11-14_06-20-09

Data Source: Número de casos confirmados de COVID-19 no Brasil (on GitHub)
https://raw.githubusercontent.com/wcota/covid19br/master/cases-brazil-cities-time.csv

Rejection ABC fitting of epidemic curves

Model: SEIRD
Parameters: $\beta_{I}$, $\beta_{E}$, $N$, $\mu$, $\gamma$, $t_{c}$, RF_{0}, $E_{0}$
#####################################################################

Number of Samples: 48
Number of Posteriors: 3
RMSD Weights: [1,1]
Training window size: 50
Validation window size: 10

#####################################################################

Posterior No. 1
Execution Time: 5.031 s
Tolerance: eps = 0.017453

Priors' Ranges:

	 $\beta_{I}$: 0.000000 <-> 1.000000
	 $\beta_{E}$: 0.000000 <-> 1.000000
	 $N$: 1380004.385000 <-> 276000877.000000
	 $\mu$: 0.000000 <-> 1.000000
	 $\gamma$: 0.000000 <-> 1.000000
	 $t_{c}$: 0.000000 <-> 30.000000
	 RF_{0}: 0.000000 <-> 1.000000
	 $E_{0}$: 0.000000 <-> 2.000000

Estimated parameters (av +/- std):

	 $\beta_{I}$: 0.969060 +/- 0.262686
	 $\beta_{E}$: 0.011380 +/- 0.022458
	 $N$: 18893623.061103 +/- 73015251.790104
	 $\mu$: 0.017260 +/- 0.005109
	 $\gamma$: 0.569865 +/- 0.180466
	 $t_{c}$: 19.599339 +/- 4.778643
	 RF_{0}: 0.703754 +/- 0.178109
	 $E_{0}$: 1.403746 +/- 0.371205

Posterior distribution on file posterior_'param'.png

RMSD: 0.008565
Weighted RMSD: 0.008565
RMSD for validation data: 0.190027
RMSD for total data: 0.369198
AIC: 16.017130
AIC for validation data: 16.380055
AIC for total data: 16.738396

#####################################################################

Total time on ABC: 5.031 s
Number of trials: 271376

Fit on file model_fit.png