2021-12-01_05-20-35

Data Source: Número de casos confirmados de COVID-19 no Brasil (on GitHub)
https://raw.githubusercontent.com/wcota/covid19br/master/cases-brazil-cities-time.csv

Rejection ABC fitting of epidemic curves

Model: SEIRD
Parameters: $\beta_{I}$, $\beta_{E}$, $N$, $\mu$, $\gamma$, $t_{c}$, RF_{0}, $E_{0}$
#####################################################################

Number of Samples: 99984
Number of Posteriors: 3
RMSD Weights: [1,1]
Training window size: 30
Validation window size: 10

#####################################################################

Posterior No. 2
Execution Time: 84.798 s
Tolerance: eps = 11.650193

Priors' Ranges:

	 $\beta_{I}$: 0.000006 <-> 0.999995
	 $\beta_{E}$: 0.000004 <-> 0.999986
	 $N$: 212663.514217 <-> 42502431.064266
	 $\mu$: 0.000001 <-> 0.999980
	 $\gamma$: 0.000000 <-> 0.999993
	 $t_{c}$: 0.037675 <-> 29.999752
	 RF_{0}: 0.000162 <-> 0.999996
	 $E_{0}$: 0.000001 <-> 1.999920

Estimated parameters (av +/- std):

	 $\beta_{I}$: 0.070360 +/- 0.268387
	 $\beta_{E}$: 0.758516 +/- 0.270139
	 $N$: 8309472.955280 +/- 7711967.538266
	 $\mu$: 0.009863 +/- 0.199237
	 $\gamma$: 0.486417 +/- 0.226868
	 $t_{c}$: 25.818200 +/- 7.821170
	 RF_{0}: 0.995598 +/- 0.239054
	 $E_{0}$: 0.191283 +/- 0.546338

Posterior distribution on file posterior_'param'.png

RMSD: 0.047428
Weighted RMSD: 0.047428
RMSD for validation data: 0.536512
RMSD for total data: 0.262991
AIC: 16.094857
AIC for validation data: 17.073023
AIC for total data: 16.525983

#####################################################################

Total time on ABC: 97.755 s
Number of trials: 1330764

Fit on file model_fit.png