2021-11-14_19-38-02

Data Source: Número de casos confirmados de COVID-19 no Brasil (on GitHub)
https://raw.githubusercontent.com/wcota/covid19br/master/cases-brazil-cities-time.csv

Rejection ABC fitting of epidemic curves

Model: SEIRD
Parameters: $\beta_{I}$, $\beta_{E}$, $N$, $\mu$, $\gamma$, $t_{c}$, RF_{0}, $E_{0}$
#####################################################################

Number of Samples: 960
Number of Posteriors: 3
RMSD Weights: [1,1]
Training window size: 25
Validation window size: 10

#####################################################################

Posterior No. 2
Execution Time: 0.190 s
Tolerance: eps = 0.073697

Priors' Ranges:

	 $\beta_{I}$: 0.001614 <-> 0.994792
	 $\beta_{E}$: 0.000571 <-> 0.151613
	 $N$: 57889.750126 <-> 10246874.563400
	 $\mu$: 0.004171 <-> 0.034510
	 $\gamma$: 0.124512 <-> 0.999084
	 $t_{c}$: 6.028682 <-> 29.998941
	 RF_{0}: 0.978180 <-> 0.999996
	 $E_{0}$: 0.003184 <-> 0.067380

Estimated parameters (av +/- std):

	 $\beta_{I}$: 0.218193 +/- 0.267601
	 $\beta_{E}$: 0.045142 +/- 0.022613
	 $N$: 548611.377957 +/- 2694270.109668
	 $\mu$: 0.028268 +/- 0.005166
	 $\gamma$: 0.954297 +/- 0.176927
	 $t_{c}$: 21.930285 +/- 5.654625
	 RF_{0}: 0.999810 +/- 0.003723
	 $E_{0}$: 0.044126 +/- 0.011039

Posterior distribution on file posterior_'param'.png

RMSD: 0.046337
Weighted RMSD: 0.046337
RMSD for validation data: 0.447581
RMSD for total data: 0.433979
AIC: 16.092674
AIC for validation data: 16.895162
AIC for total data: 16.867957

#####################################################################

Total time on ABC: 0.534 s
Number of trials: 18813

Fit on file model_fit.png