2021-11-14_19-22-12

Data Source: Número de casos confirmados de COVID-19 no Brasil (on GitHub)
https://raw.githubusercontent.com/wcota/covid19br/master/cases-brazil-cities-time.csv

Rejection ABC fitting of epidemic curves

Model: SEIRD
Parameters: $\beta_{I}$, $\beta_{E}$, $N$, $\mu$, $\gamma$, $t_{c}$, RF_{0}, $E_{0}$
#####################################################################

Number of Samples: 960
Number of Posteriors: 3
RMSD Weights: [1,1]
Training window size: 45
Validation window size: 10

#####################################################################

Posterior No. 2
Execution Time: 3.023 s
Tolerance: eps = 0.033315

Priors' Ranges:

	 $\beta_{I}$: 0.000657 <-> 0.998616
	 $\beta_{E}$: 0.004718 <-> 0.139583
	 $N$: 172994.335137 <-> 10237214.312952
	 $\mu$: 0.000970 <-> 0.008723
	 $\gamma$: 0.076051 <-> 0.999575
	 $t_{c}$: 7.303709 <-> 29.996175
	 RF_{0}: 0.933038 <-> 0.999915
	 $E_{0}$: 0.018096 <-> 0.202149

Estimated parameters (av +/- std):

	 $\beta_{I}$: 0.130122 +/- 0.269467
	 $\beta_{E}$: 0.084489 +/- 0.021549
	 $N$: 838042.098326 +/- 2810159.090601
	 $\mu$: 0.006325 +/- 0.001377
	 $\gamma$: 0.748021 +/- 0.179085
	 $t_{c}$: 27.550970 +/- 4.975792
	 RF_{0}: 0.999486 +/- 0.013364
	 $E_{0}$: 0.157114 +/- 0.032616

Posterior distribution on file posterior_'param'.png

RMSD: 0.026388
Weighted RMSD: 0.026388
RMSD for validation data: 0.420213
RMSD for total data: 0.433979
AIC: 16.052777
AIC for validation data: 16.840427
AIC for total data: 16.867957

#####################################################################

Total time on ABC: 4.872 s
Number of trials: 157927

Fit on file model_fit.png