2022-03-08_16-04-21

Data Source: Número de casos confirmados de COVID-19 no Brasil (on GitHub)
https://raw.githubusercontent.com/wcota/covid19br/master/cases-brazil-cities-time.csv

Rejection ABC fitting of epidemic curves

Model: SEIRD
Parameters: $\beta_{I}$, $\beta_{E}$, $N$, $\mu$, $\gamma$, $t_{c}$, RF_{0}, $E_{0}$
#####################################################################

Number of Samples: 960
Number of Posteriors: 3
RMSD Weights: [1,1]
Training window size: 20
Validation window size: 10

#####################################################################

Posterior No. 2
Execution Time: 0.423 s
Tolerance: eps = 0.041110

Priors' Ranges:

	 $\beta_{I}$: 0.001310 <-> 0.992294
	 $\beta_{E}$: 0.000086 <-> 0.102022
	 $N$: 5655910.022854 <-> 106270235.480704
	 $\mu$: 0.003815 <-> 0.029052
	 $\gamma$: 0.125889 <-> 0.996150
	 $t_{c}$: 8.553367 <-> 29.986665
	 RF_{0}: 0.967050 <-> 0.999944
	 $E_{0}$: 0.048408 <-> 0.216485

Estimated parameters (av +/- std):

	 $\beta_{I}$: 0.230682 +/- 0.235055
	 $\beta_{E}$: 0.036733 +/- 0.021172
	 $N$: 41146744.012463 +/- 29081668.904978
	 $\mu$: 0.025068 +/- 0.004718
	 $\gamma$: 0.949743 +/- 0.200154
	 $t_{c}$: 26.354437 +/- 5.296373
	 RF_{0}: 0.995616 +/- 0.005318
	 $E_{0}$: 0.155877 +/- 0.033227

Posterior distribution on file posterior_'param'.png

RMSD: 0.024480
Weighted RMSD: 0.024480
RMSD for validation data: 0.187356
RMSD for total data: 0.449499
AIC: 16.048961
AIC for validation data: 16.374711
AIC for total data: 16.898998

#####################################################################

Total time on ABC: 0.721 s
Number of trials: 43599

Fit on file model_fit.png