2020-09-15_18-40-22

Data Source: Número de casos confirmados de COVID-19 no Brasil (on GitHub)
https://raw.githubusercontent.com/wcota/covid19br/master/cases-brazil-cities-time.csv

Rejection ABC fitting of epidemic curves

Model: SIRD
Parameters: $\beta$, $N$, $\gamma$, $\mu$
#####################################################################

Number of Iterations: 100
Number of Posteriors: 1

#####################################################################

Posterior No. 1
Execution Time: 0.030 s
Tolerance: eps = 12124.55

Priors' Ranges:

	 $\beta$: 0.000000 <-> 1.000000
	 $N$: 173661.000000 <-> 8683094.000000
	 $\gamma$: 0.000000 <-> 1.000000
	 $\mu$: 0.000000 <-> 1.000000

Estimated parameters (av +/- std):

	 $\beta$: 0.846050 +/- 0.256787
	 $N$: 469845.316966 +/- 2534064.141516
	 $\gamma$: 0.573350 +/- 0.269718
	 $\mu$: 0.193223 +/- 0.301532

Posterior distribution on file posterior_'param'.png

#####################################################################

Total time on ABC: 0.030 s

Fit on file model_fit.png