2021-11-14_23-05-32

Data Source: Número de casos confirmados de COVID-19 no Brasil (on GitHub)
https://raw.githubusercontent.com/wcota/covid19br/master/cases-brazil-cities-time.csv

Rejection ABC fitting of epidemic curves

Model: SEIRD
Parameters: $\beta_{I}$, $\beta_{E}$, $N$, $\mu$, $\gamma$, $t_{c}$, RF_{0}, $E_{0}$
#####################################################################

Number of Samples: 960
Number of Posteriors: 3
RMSD Weights: [1,1]
Training window size: 15
Validation window size: 10

#####################################################################

Posterior No. 2
Execution Time: 0.071 s
Tolerance: eps = 22.573633

Priors' Ranges:

	 $\beta_{I}$: 0.001947 <-> 0.998990
	 $\beta_{E}$: 0.000572 <-> 0.998351
	 $N$: 364088.828802 <-> 65687118.619502
	 $\mu$: 0.000151 <-> 0.985228
	 $\gamma$: 0.009489 <-> 0.997008
	 $t_{c}$: 0.101575 <-> 29.973637
	 RF_{0}: 0.002961 <-> 0.999960
	 $E_{0}$: 0.000392 <-> 1.997174

Estimated parameters (av +/- std):

	 $\beta_{I}$: 0.394620 +/- 0.265178
	 $\beta_{E}$: 0.208650 +/- 0.267067
	 $N$: 6163362.273130 +/- 15797632.810756
	 $\mu$: 0.008306 +/- 0.180194
	 $\gamma$: 0.480293 +/- 0.229782
	 $t_{c}$: 29.476370 +/- 7.652044
	 RF_{0}: 0.988057 +/- 0.207180
	 $E_{0}$: 1.252891 +/- 0.531939

Posterior distribution on file posterior_'param'.png

RMSD: 0.371231
Weighted RMSD: 0.371231
RMSD for validation data: 0.707456
RMSD for total data: 0.359901
AIC: 16.742462
AIC for validation data: 17.414911
AIC for total data: 16.719803

#####################################################################

Total time on ABC: 0.178 s
Number of trials: 14242

Fit on file model_fit.png