2022-03-08_16-22-08

Data Source: Número de casos confirmados de COVID-19 no Brasil (on GitHub)
https://raw.githubusercontent.com/wcota/covid19br/master/cases-brazil-cities-time.csv

Rejection ABC fitting of epidemic curves

Model: SEIRD
Parameters: $\beta_{I}$, $\beta_{E}$, $N$, $\mu$, $\gamma$, $t_{c}$, RF_{0}, $E_{0}$
#####################################################################

Number of Samples: 960
Number of Posteriors: 3
RMSD Weights: [1,1]
Training window size: 40
Validation window size: 10

#####################################################################

Posterior No. 2
Execution Time: 0.390 s
Tolerance: eps = 0.060944

Priors' Ranges:

	 $\beta_{I}$: 0.000271 <-> 0.995209
	 $\beta_{E}$: 0.000087 <-> 0.105406
	 $N$: 3356376.854614 <-> 106138690.121094
	 $\mu$: 0.004002 <-> 0.039985
	 $\gamma$: 0.140496 <-> 0.999365
	 $t_{c}$: 5.264769 <-> 29.992958
	 RF_{0}: 0.018909 <-> 0.999929
	 $E_{0}$: 0.012632 <-> 1.811790

Estimated parameters (av +/- std):

	 $\beta_{I}$: 0.470873 +/- 0.244901
	 $\beta_{E}$: 0.012415 +/- 0.020415
	 $N$: 69522862.993612 +/- 28449004.304200
	 $\mu$: 0.015033 +/- 0.005947
	 $\gamma$: 0.475102 +/- 0.182428
	 $t_{c}$: 19.910592 +/- 5.521856
	 RF_{0}: 0.846117 +/- 0.163110
	 $E_{0}$: 0.838540 +/- 0.328509

Posterior distribution on file posterior_'param'.png

RMSD: 0.016592
Weighted RMSD: 0.016592
RMSD for validation data: 0.067425
RMSD for total data: 0.449493
AIC: 16.033183
AIC for validation data: 16.134849
AIC for total data: 16.898986

#####################################################################

Total time on ABC: 0.707 s
Number of trials: 22693

Fit on file model_fit.png