2021-11-14_21-02-25

Data Source: Número de casos confirmados de COVID-19 no Brasil (on GitHub)
https://raw.githubusercontent.com/wcota/covid19br/master/cases-brazil-cities-time.csv

Rejection ABC fitting of epidemic curves

Model: SEIRD
Parameters: $\beta_{I}$, $\beta_{E}$, $N$, $\mu$, $\gamma$, $t_{c}$, RF_{0}, $E_{0}$
#####################################################################

Number of Samples: 960
Number of Posteriors: 3
RMSD Weights: [1,1]
Training window size: 45
Validation window size: 10

#####################################################################

Posterior No. 2
Execution Time: 29.300 s
Tolerance: eps = 0.018275

Priors' Ranges:

	 $\beta_{I}$: 0.001103 <-> 0.997803
	 $\beta_{E}$: 0.004733 <-> 0.570314
	 $N$: 28721649.151288 <-> 58610543.507478
	 $\mu$: 0.001966 <-> 0.014605
	 $\gamma$: 0.113722 <-> 0.974689
	 $t_{c}$: 6.437014 <-> 29.990675
	 RF_{0}: 0.947827 <-> 0.999947
	 $E_{0}$: 0.062590 <-> 0.368908

Estimated parameters (av +/- std):

	 $\beta_{I}$: 0.319775 +/- 0.271016
	 $\beta_{E}$: 0.291404 +/- 0.098266
	 $N$: 30131067.791925 +/- 2930468.110355
	 $\mu$: 0.002461 +/- 0.002580
	 $\gamma$: 0.152349 +/- 0.173508
	 $t_{c}$: 24.169814 +/- 5.978032
	 RF_{0}: 0.960955 +/- 0.009983
	 $E_{0}$: 0.224994 +/- 0.056541

Posterior distribution on file posterior_'param'.png

RMSD: 0.011961
Weighted RMSD: 0.011961
RMSD for validation data: 0.250783
RMSD for total data: 0.457702
AIC: 16.023922
AIC for validation data: 16.501565
AIC for total data: 16.915404

#####################################################################

Total time on ABC: 41.029 s
Number of trials: 1150617

Fit on file model_fit.png