2021-12-01_05-20-35

Data Source: Número de casos confirmados de COVID-19 no Brasil (on GitHub)
https://raw.githubusercontent.com/wcota/covid19br/master/cases-brazil-cities-time.csv

Rejection ABC fitting of epidemic curves

Model: SEIRD
Parameters: $\beta_{I}$, $\beta_{E}$, $N$, $\mu$, $\gamma$, $t_{c}$, RF_{0}, $E_{0}$
#####################################################################

Number of Samples: 99984
Number of Posteriors: 3
RMSD Weights: [1,1]
Training window size: 35
Validation window size: 10

#####################################################################

Posterior No. 2
Execution Time: 78.759 s
Tolerance: eps = 0.278391

Priors' Ranges:

	 $\beta_{I}$: 0.000009 <-> 0.999998
	 $\beta_{E}$: 0.000038 <-> 0.987823
	 $N$: 214825.086955 <-> 42511281.982257
	 $\mu$: 0.000084 <-> 0.999993
	 $\gamma$: 0.000013 <-> 0.999998
	 $t_{c}$: 0.046419 <-> 29.999902
	 RF_{0}: 0.000003 <-> 0.999999
	 $E_{0}$: 0.000008 <-> 1.999931

Estimated parameters (av +/- std):

	 $\beta_{I}$: 0.922423 +/- 0.263862
	 $\beta_{E}$: 0.186203 +/- 0.058582
	 $N$: 4191501.149426 +/- 11360755.469759
	 $\mu$: 0.054617 +/- 0.270120
	 $\gamma$: 0.744144 +/- 0.267707
	 $t_{c}$: 0.239199 +/- 7.571391
	 RF_{0}: 0.227195 +/- 0.266612
	 $E_{0}$: 0.350962 +/- 0.526180

Posterior distribution on file posterior_'param'.png

RMSD: 0.049789
Weighted RMSD: 0.049789
RMSD for validation data: 0.882949
RMSD for total data: 0.328376
AIC: 16.099579
AIC for validation data: 17.765898
AIC for total data: 16.656752

#####################################################################

Total time on ABC: 93.361 s
Number of trials: 1027942

Fit on file model_fit.png