2022-03-08_16-04-21

Data Source: Número de casos confirmados de COVID-19 no Brasil (on GitHub)
https://raw.githubusercontent.com/wcota/covid19br/master/cases-brazil-cities-time.csv

Rejection ABC fitting of epidemic curves

Model: SEIRD
Parameters: $\beta_{I}$, $\beta_{E}$, $N$, $\mu$, $\gamma$, $t_{c}$, RF_{0}, $E_{0}$
#####################################################################

Number of Samples: 960
Number of Posteriors: 3
RMSD Weights: [1,1]
Training window size: 20
Validation window size: 10

#####################################################################

Posterior No. 3
Execution Time: 1.375 s
Tolerance: eps = 0.026883

Priors' Ranges:

	 $\beta_{I}$: 0.004402 <-> 0.999485
	 $\beta_{E}$: 0.000022 <-> 0.113791
	 $N$: 6197524.631969 <-> 106268412.149092
	 $\mu$: 0.005615 <-> 0.024277
	 $\gamma$: 0.228833 <-> 0.999621
	 $t_{c}$: 5.109415 <-> 29.952982
	 RF_{0}: 0.943724 <-> 0.994361
	 $E_{0}$: 0.057822 <-> 0.381834

Estimated parameters (av +/- std):

	 $\beta_{I}$: 0.466203 +/- 0.234297
	 $\beta_{E}$: 0.064083 +/- 0.018108
	 $N$: 10168319.931401 +/- 27106100.499244
	 $\mu$: 0.018513 +/- 0.004037
	 $\gamma$: 0.821419 +/- 0.172647
	 $t_{c}$: 17.028610 +/- 5.234488
	 RF_{0}: 0.978393 +/- 0.008645
	 $E_{0}$: 0.195172 +/- 0.061741

Posterior distribution on file posterior_'param'.png

RMSD: 0.018967
Weighted RMSD: 0.018967
RMSD for validation data: 0.122857
RMSD for total data: 0.439443
AIC: 16.037934
AIC for validation data: 16.245713
AIC for total data: 16.878887

#####################################################################

Total time on ABC: 3.730 s
Number of trials: 159982

Fit on file model_fit.png