2022-03-08_16-07-57

Data Source: Número de casos confirmados de COVID-19 no Brasil (on GitHub)
https://raw.githubusercontent.com/wcota/covid19br/master/cases-brazil-cities-time.csv

Rejection ABC fitting of epidemic curves

Model: SEIRD
Parameters: $\beta_{I}$, $\beta_{E}$, $N$, $\mu$, $\gamma$, $t_{c}$, RF_{0}, $E_{0}$
#####################################################################

Number of Samples: 960
Number of Posteriors: 3
RMSD Weights: [1,1]
Training window size: 30
Validation window size: 10

#####################################################################

Posterior No. 2
Execution Time: 4.037 s
Tolerance: eps = 0.018837

Priors' Ranges:

	 $\beta_{I}$: 0.003317 <-> 0.999653
	 $\beta_{E}$: 0.004862 <-> 0.177477
	 $N$: 2134622.998901 <-> 106111824.662248
	 $\mu$: 0.015350 <-> 0.079284
	 $\gamma$: 0.157881 <-> 0.999971
	 $t_{c}$: 2.218812 <-> 27.903830
	 RF_{0}: 0.356062 <-> 0.994970
	 $E_{0}$: 0.057664 <-> 1.998504

Estimated parameters (av +/- std):

	 $\beta_{I}$: 0.446444 +/- 0.256672
	 $\beta_{E}$: 0.051543 +/- 0.026643
	 $N$: 56803953.960286 +/- 29151774.335070
	 $\mu$: 0.031545 +/- 0.013659
	 $\gamma$: 0.400177 +/- 0.186763
	 $t_{c}$: 19.597282 +/- 4.368026
	 RF_{0}: 0.660301 +/- 0.121041
	 $E_{0}$: 1.749079 +/- 0.375542

Posterior distribution on file posterior_'param'.png

RMSD: 0.011366
Weighted RMSD: 0.011366
RMSD for validation data: 0.122982
RMSD for total data: 1.416529
AIC: 16.022732
AIC for validation data: 16.245965
AIC for total data: 18.833057

#####################################################################

Total time on ABC: 6.983 s
Number of trials: 304468

Fit on file model_fit.png