2021-11-14_19-37-26

Data Source: Número de casos confirmados de COVID-19 no Brasil (on GitHub)
https://raw.githubusercontent.com/wcota/covid19br/master/cases-brazil-cities-time.csv

Rejection ABC fitting of epidemic curves

Model: SEIRD
Parameters: $\beta_{I}$, $\beta_{E}$, $N$, $\mu$, $\gamma$, $t_{c}$, RF_{0}, $E_{0}$
#####################################################################

Number of Samples: 960
Number of Posteriors: 3
RMSD Weights: [1,1]
Training window size: 30
Validation window size: 10

#####################################################################

Posterior No. 2
Execution Time: 0.205 s
Tolerance: eps = 0.077142

Priors' Ranges:

	 $\beta_{I}$: 0.006118 <-> 0.978521
	 $\beta_{E}$: 0.002480 <-> 0.822441
	 $N$: 2795513.463408 <-> 5002672.494641
	 $\mu$: 0.000916 <-> 0.010353
	 $\gamma$: 0.013313 <-> 0.752842
	 $t_{c}$: 8.464012 <-> 29.946958
	 RF_{0}: 0.693501 <-> 0.998781
	 $E_{0}$: 0.014082 <-> 0.449113

Estimated parameters (av +/- std):

	 $\beta_{I}$: 0.554806 +/- 0.162781
	 $\beta_{E}$: 0.106261 +/- 0.117707
	 $N$: 4512341.097891 +/- 302226.002512
	 $\mu$: 0.002101 +/- 0.002593
	 $\gamma$: 0.141979 +/- 0.228083
	 $t_{c}$: 29.146685 +/- 2.826927
	 RF_{0}: 0.786827 +/- 0.041559
	 $E_{0}$: 0.086472 +/- 0.103226

Posterior distribution on file posterior_'param'.png

RMSD: 0.031317
Weighted RMSD: 0.031317
RMSD for validation data: 0.254206
RMSD for total data: 0.381211
AIC: 16.062634
AIC for validation data: 16.508412
AIC for total data: 16.762421

#####################################################################

Total time on ABC: 0.368 s
Number of trials: 13523

Fit on file model_fit.png