2022-03-08_16-35-49

Data Source: Número de casos confirmados de COVID-19 no Brasil (on GitHub)
https://raw.githubusercontent.com/wcota/covid19br/master/cases-brazil-cities-time.csv

Rejection ABC fitting of epidemic curves

Model: SEIRD
Parameters: $\beta_{I}$, $\beta_{E}$, $N$, $\mu$, $\gamma$, $t_{c}$, RF_{0}, $E_{0}$
#####################################################################

Number of Samples: 960
Number of Posteriors: 3
RMSD Weights: [1,1]
Training window size: 40
Validation window size: 10

#####################################################################

Posterior No. 2
Execution Time: 1.611 s
Tolerance: eps = 0.027036

Priors' Ranges:

	 $\beta_{I}$: 0.002804 <-> 0.971323
	 $\beta_{E}$: 0.000129 <-> 0.091841
	 $N$: 7804171.301608 <-> 106051687.935633
	 $\mu$: 0.006750 <-> 0.026335
	 $\gamma$: 0.267456 <-> 0.999945
	 $t_{c}$: 6.172857 <-> 29.988645
	 RF_{0}: 0.958808 <-> 0.999992
	 $E_{0}$: 0.047582 <-> 0.246403

Estimated parameters (av +/- std):

	 $\beta_{I}$: 0.491415 +/- 0.201359
	 $\beta_{E}$: 0.012953 +/- 0.016035
	 $N$: 82804653.155446 +/- 24582312.013947
	 $\mu$: 0.022811 +/- 0.003769
	 $\gamma$: 0.933817 +/- 0.158681
	 $t_{c}$: 21.499360 +/- 4.999449
	 RF_{0}: 0.987531 +/- 0.008743
	 $E_{0}$: 0.159932 +/- 0.038678

Posterior distribution on file posterior_'param'.png

RMSD: 0.013216
Weighted RMSD: 0.013216
RMSD for validation data: 0.120462
RMSD for total data: 0.449499
AIC: 16.026432
AIC for validation data: 16.240925
AIC for total data: 16.898998

#####################################################################

Total time on ABC: 2.301 s
Number of trials: 99821

Fit on file model_fit.png