2021-11-14_04-49-43

Data Source: Número de casos confirmados de COVID-19 no Brasil (on GitHub)
https://raw.githubusercontent.com/wcota/covid19br/master/cases-brazil-cities-time.csv

Rejection ABC fitting of epidemic curves

Model: SEIRD
Parameters: $\beta_{I}$, $\beta_{E}$, $N$, $\mu$, $\gamma$, $t_{c}$, RF_{0}, $E_{0}$
#####################################################################

Number of Samples: 960
Number of Posteriors: 3
RMSD Weights: [1,1]
Training window size: 50
Validation window size: 10

#####################################################################

Posterior No. 3
Execution Time: 20.263 s
Tolerance: eps = 0.021116

Priors' Ranges:

	 $\beta_{I}$: 0.004834 <-> 0.998132
	 $\beta_{E}$: 0.000065 <-> 0.087793
	 $N$: 659854.572127 <-> 16717478.190586
	 $\mu$: 0.000692 <-> 0.003599
	 $\gamma$: 0.210443 <-> 0.999895
	 $t_{c}$: 4.826252 <-> 29.999305
	 RF_{0}: 0.909934 <-> 0.968714
	 $E_{0}$: 0.001104 <-> 0.160802

Estimated parameters (av +/- std):

	 $\beta_{I}$: 0.295960 +/- 0.244725
	 $\beta_{E}$: 0.005952 +/- 0.014574
	 $N$: 12665432.042680 +/- 4389843.513785
	 $\mu$: 0.000917 +/- 0.000627
	 $\gamma$: 0.281505 +/- 0.177329
	 $t_{c}$: 29.603272 +/- 5.221393
	 RF_{0}: 0.927605 +/- 0.008983
	 $E_{0}$: 0.112464 +/- 0.031941

Posterior distribution on file posterior_'param'.png

RMSD: 0.016365
Weighted RMSD: 0.016365
RMSD for validation data: 0.320600
RMSD for total data: 0.415606
AIC: 16.032730
AIC for validation data: 16.641200
AIC for total data: 16.831213

#####################################################################

Total time on ABC: 44.646 s
Number of trials: 895581

Fit on file model_fit.png