2021-11-14_07-42-31

Data Source: Número de casos confirmados de COVID-19 no Brasil (on GitHub)
https://raw.githubusercontent.com/wcota/covid19br/master/cases-brazil-cities-time.csv

Rejection ABC fitting of epidemic curves

Model: SEIRD
Parameters: $\beta_{I}$, $\beta_{E}$, $N$, $\mu$, $\gamma$, $t_{c}$, RF_{0}, $E_{0}$
#####################################################################

Number of Samples: 960
Number of Posteriors: 3
RMSD Weights: [1,1]
Training window size: 25
Validation window size: 10

#####################################################################

Posterior No. 3
Execution Time: 0.066 s
Tolerance: eps = 0.263252

Priors' Ranges:

	 $\beta_{I}$: 0.002615 <-> 0.999401
	 $\beta_{E}$: 0.001708 <-> 0.391906
	 $N$: 1484537.579048 <-> 274110613.496238
	 $\mu$: 0.001469 <-> 0.989241
	 $\gamma$: 0.000928 <-> 0.999507
	 $t_{c}$: 1.638628 <-> 29.922282
	 RF_{0}: 0.002064 <-> 0.999308
	 $E_{0}$: 0.003199 <-> 1.995125

Estimated parameters (av +/- std):

	 $\beta_{I}$: 0.888672 +/- 0.262621
	 $\beta_{E}$: 0.172759 +/- 0.063393
	 $N$: 128540718.709629 +/- 71141494.065880
	 $\mu$: 0.026007 +/- 0.200341
	 $\gamma$: 0.690022 +/- 0.245794
	 $t_{c}$: 6.659164 +/- 6.519037
	 RF_{0}: 0.992876 +/- 0.274690
	 $E_{0}$: 1.225961 +/- 0.505122

Posterior distribution on file posterior_'param'.png

RMSD: 0.027754
Weighted RMSD: 0.027754
RMSD for validation data: 0.975481
RMSD for total data: 12.230601
AIC: 16.055509
AIC for validation data: 17.950962
AIC for total data: 40.461201

#####################################################################

Total time on ABC: 0.296 s
Number of trials: 8012

Fit on file model_fit.png