2021-11-14_19-26-42

Data Source: Número de casos confirmados de COVID-19 no Brasil (on GitHub)
https://raw.githubusercontent.com/wcota/covid19br/master/cases-brazil-cities-time.csv

Rejection ABC fitting of epidemic curves

Model: SEIRD
Parameters: $\beta_{I}$, $\beta_{E}$, $N$, $\mu$, $\gamma$, $t_{c}$, RF_{0}, $E_{0}$
#####################################################################

Number of Samples: 960
Number of Posteriors: 3
RMSD Weights: [1,1]
Training window size: 30
Validation window size: 10

#####################################################################

Posterior No. 3
Execution Time: 0.065 s
Tolerance: eps = 0.534830

Priors' Ranges:

	 $\beta_{I}$: 0.000747 <-> 0.986889
	 $\beta_{E}$: 0.000022 <-> 0.684656
	 $N$: 76116.698690 <-> 13545790.955999
	 $\mu$: 0.000072 <-> 0.998020
	 $\gamma$: 0.012811 <-> 0.998684
	 $t_{c}$: 0.074771 <-> 29.996367
	 RF_{0}: 0.004391 <-> 0.999868
	 $E_{0}$: 0.000506 <-> 1.989438

Estimated parameters (av +/- std):

	 $\beta_{I}$: 0.689948 +/- 0.254143
	 $\beta_{E}$: 0.044043 +/- 0.066028
	 $N$: 7621434.222886 +/- 3591657.067688
	 $\mu$: 0.000738 +/- 0.243145
	 $\gamma$: 0.532293 +/- 0.208473
	 $t_{c}$: 5.512751 +/- 8.097638
	 RF_{0}: 0.414684 +/- 0.255524
	 $E_{0}$: 0.987864 +/- 0.468350

Posterior distribution on file posterior_'param'.png

RMSD: 0.057869
Weighted RMSD: 0.057869
RMSD for validation data: 0.394798
RMSD for total data: 0.462836
AIC: 16.115737
AIC for validation data: 16.789595
AIC for total data: 16.925673

#####################################################################

Total time on ABC: 1.609 s
Number of trials: 8499

Fit on file model_fit.png