2021-11-14_05-08-12

Data Source: Número de casos confirmados de COVID-19 no Brasil (on GitHub)
https://raw.githubusercontent.com/wcota/covid19br/master/cases-brazil-cities-time.csv

Rejection ABC fitting of epidemic curves

Model: SEIRD
Parameters: $\beta_{I}$, $\beta_{E}$, $N$, $\mu$, $\gamma$, $t_{c}$, RF_{0}, $E_{0}$
#####################################################################

Number of Samples: 48
Number of Posteriors: 3
RMSD Weights: [1,1]
Training window size: 25
Validation window size: 10

#####################################################################

Posterior No. 1
Execution Time: 0.140 s
Tolerance: eps = 69.461089

Priors' Ranges:

	 $\beta_{I}$: 0.000000 <-> 1.000000
	 $\beta_{E}$: 0.000000 <-> 1.000000
	 $N$: 126476.458000 <-> 25295291.600000
	 $\mu$: 0.000000 <-> 1.000000
	 $\gamma$: 0.000000 <-> 1.000000
	 $t_{c}$: 0.000000 <-> 30.000000
	 RF_{0}: 0.000000 <-> 1.000000
	 $E_{0}$: 0.000000 <-> 2.000000

Estimated parameters (av +/- std):

	 $\beta_{I}$: 0.547197 +/- 0.277029
	 $\beta_{E}$: 0.023916 +/- 0.184123
	 $N$: 22992880.516998 +/- 7627742.828502
	 $\mu$: 0.019774 +/- 0.301311
	 $\gamma$: 0.390988 +/- 0.251661
	 $t_{c}$: 13.641405 +/- 9.044220
	 RF_{0}: 0.934815 +/- 0.280184
	 $E_{0}$: 0.044677 +/- 0.545425

Posterior distribution on file posterior_'param'.png

RMSD: 0.599602
Weighted RMSD: 0.599602
RMSD for validation data: 3.465198
RMSD for total data: 6.284705
AIC: 17.199204
AIC for validation data: 22.930395
AIC for total data: 28.569409

#####################################################################

Total time on ABC: 0.140 s
Number of trials: 9210

Fit on file model_fit.png