2021-11-14_08-20-25

Data Source: Número de casos confirmados de COVID-19 no Brasil (on GitHub)
https://raw.githubusercontent.com/wcota/covid19br/master/cases-brazil-cities-time.csv

Rejection ABC fitting of epidemic curves

Model: SEIRD
Parameters: $\beta_{I}$, $\beta_{E}$, $N$, $\mu$, $\gamma$, $t_{c}$, RF_{0}, $E_{0}$
#####################################################################

Number of Samples: 48
Number of Posteriors: 3
RMSD Weights: [1,1]
Training window size: 45
Validation window size: 10

#####################################################################

Posterior No. 1
Execution Time: 0.393 s
Tolerance: eps = 0.048182

Priors' Ranges:

	 $\beta_{I}$: 0.000000 <-> 1.000000
	 $\beta_{E}$: 0.000000 <-> 1.000000
	 $N$: 212559.409000 <-> 42511881.800000
	 $\mu$: 0.000000 <-> 1.000000
	 $\gamma$: 0.000000 <-> 1.000000
	 $t_{c}$: 0.000000 <-> 30.000000
	 RF_{0}: 0.000000 <-> 1.000000
	 $E_{0}$: 0.000000 <-> 2.000000

Estimated parameters (av +/- std):

	 $\beta_{I}$: 0.165715 +/- 0.247047
	 $\beta_{E}$: 0.031041 +/- 0.022893
	 $N$: 13263521.824668 +/- 10302183.342633
	 $\mu$: 0.014956 +/- 0.004098
	 $\gamma$: 0.641922 +/- 0.168163
	 $t_{c}$: 26.494029 +/- 5.246598
	 RF_{0}: 0.972611 +/- 0.027499
	 $E_{0}$: 0.459963 +/- 0.101253

Posterior distribution on file posterior_'param'.png

RMSD: 0.010656
Weighted RMSD: 0.010656
RMSD for validation data: 0.142798
RMSD for total data: 0.449499
AIC: 16.021311
AIC for validation data: 16.285597
AIC for total data: 16.898998

#####################################################################

Total time on ABC: 0.393 s
Number of trials: 22116

Fit on file model_fit.png