2021-11-14_05-08-12

Data Source: Número de casos confirmados de COVID-19 no Brasil (on GitHub)
https://raw.githubusercontent.com/wcota/covid19br/master/cases-brazil-cities-time.csv

Rejection ABC fitting of epidemic curves

Model: SEIRD
Parameters: $\beta_{I}$, $\beta_{E}$, $N$, $\mu$, $\gamma$, $t_{c}$, RF_{0}, $E_{0}$
#####################################################################

Number of Samples: 960
Number of Posteriors: 3
RMSD Weights: [1,1]
Training window size: 25
Validation window size: 10

#####################################################################

Posterior No. 3
Execution Time: 0.079 s
Tolerance: eps = 43.071285

Priors' Ranges:

	 $\beta_{I}$: 0.003117 <-> 0.999282
	 $\beta_{E}$: 0.000117 <-> 0.834641
	 $N$: 151518.450420 <-> 25293463.557517
	 $\mu$: 0.000013 <-> 0.975987
	 $\gamma$: 0.013574 <-> 0.999471
	 $t_{c}$: 0.081512 <-> 29.976477
	 RF_{0}: 0.018735 <-> 0.999626
	 $E_{0}$: 0.000941 <-> 1.993273

Estimated parameters (av +/- std):

	 $\beta_{I}$: 0.252093 +/- 0.244667
	 $\beta_{E}$: 0.035307 +/- 0.111503
	 $N$: 11692545.615109 +/- 7268920.372150
	 $\mu$: 0.006631 +/- 0.218295
	 $\gamma$: 0.821513 +/- 0.215538
	 $t_{c}$: 22.305797 +/- 8.398332
	 RF_{0}: 0.885409 +/- 0.247304
	 $E_{0}$: 0.177000 +/- 0.483136

Posterior distribution on file posterior_'param'.png

RMSD: 0.232128
Weighted RMSD: 0.232128
RMSD for validation data: 0.859994
RMSD for total data: 0.399255
AIC: 16.464255
AIC for validation data: 17.719988
AIC for total data: 16.798510

#####################################################################

Total time on ABC: 0.312 s
Number of trials: 10593

Fit on file model_fit.png