2021-11-14_06-19-53

Data Source: Número de casos confirmados de COVID-19 no Brasil (on GitHub)
https://raw.githubusercontent.com/wcota/covid19br/master/cases-brazil-cities-time.csv

Rejection ABC fitting of epidemic curves

Model: SEIRD
Parameters: $\beta_{I}$, $\beta_{E}$, $N$, $\mu$, $\gamma$, $t_{c}$, RF_{0}, $E_{0}$
#####################################################################

Number of Samples: 960
Number of Posteriors: 3
RMSD Weights: [1,1]
Training window size: 30
Validation window size: 10

#####################################################################

Posterior No. 3
Execution Time: 0.068 s
Tolerance: eps = 0.243712

Priors' Ranges:

	 $\beta_{I}$: 0.001092 <-> 0.996802
	 $\beta_{E}$: 0.004812 <-> 0.418404
	 $N$: 126040.737429 <-> 16752434.555931
	 $\mu$: 0.003747 <-> 0.999425
	 $\gamma$: 0.009018 <-> 0.999459
	 $t_{c}$: 1.737892 <-> 29.916070
	 RF_{0}: 0.000110 <-> 0.998377
	 $E_{0}$: 0.000241 <-> 1.983947

Estimated parameters (av +/- std):

	 $\beta_{I}$: 0.089325 +/- 0.273484
	 $\beta_{E}$: 0.387691 +/- 0.052896
	 $N$: 3095126.402859 +/- 4479238.581586
	 $\mu$: 0.005541 +/- 0.261868
	 $\gamma$: 0.154141 +/- 0.252647
	 $t_{c}$: 7.236710 +/- 6.385302
	 RF_{0}: 0.735447 +/- 0.254214
	 $E_{0}$: 0.206517 +/- 0.508863

Posterior distribution on file posterior_'param'.png

RMSD: 0.135931
Weighted RMSD: 0.135931
RMSD for validation data: 0.306501
RMSD for total data: 0.766198
AIC: 16.271861
AIC for validation data: 16.613001
AIC for total data: 17.532397

#####################################################################

Total time on ABC: 0.307 s
Number of trials: 7085

Fit on file model_fit.png