2022-03-08_16-07-57

Data Source: Número de casos confirmados de COVID-19 no Brasil (on GitHub)
https://raw.githubusercontent.com/wcota/covid19br/master/cases-brazil-cities-time.csv

Rejection ABC fitting of epidemic curves

Model: SEIRD
Parameters: $\beta_{I}$, $\beta_{E}$, $N$, $\mu$, $\gamma$, $t_{c}$, RF_{0}, $E_{0}$
#####################################################################

Number of Samples: 960
Number of Posteriors: 3
RMSD Weights: [1,1]
Training window size: 30
Validation window size: 10

#####################################################################

Posterior No. 3
Execution Time: 18.924 s
Tolerance: eps = 0.019753

Priors' Ranges:

	 $\beta_{I}$: 0.000370 <-> 0.997821
	 $\beta_{E}$: 0.000270 <-> 0.163385
	 $N$: 12484986.427071 <-> 106227540.710854
	 $\mu$: 0.004818 <-> 0.020633
	 $\gamma$: 0.227960 <-> 0.999241
	 $t_{c}$: 3.364684 <-> 29.986898
	 RF_{0}: 0.980383 <-> 0.999947
	 $E_{0}$: 0.020783 <-> 0.195404

Estimated parameters (av +/- std):

	 $\beta_{I}$: 0.733854 +/- 0.260150
	 $\beta_{E}$: 0.088859 +/- 0.029614
	 $N$: 15504080.525751 +/- 27444972.884406
	 $\mu$: 0.015995 +/- 0.003704
	 $\gamma$: 0.783077 +/- 0.187363
	 $t_{c}$: 28.940155 +/- 5.163843
	 RF_{0}: 0.998276 +/- 0.003537
	 $E_{0}$: 0.167997 +/- 0.030213

Posterior distribution on file posterior_'param'.png

RMSD: 0.016644
Weighted RMSD: 0.016644
RMSD for validation data: 0.191718
RMSD for total data: 0.200631
AIC: 16.033287
AIC for validation data: 16.383435
AIC for total data: 16.401262

#####################################################################

Total time on ABC: 30.554 s
Number of trials: 1451461

Fit on file model_fit.png