2021-11-14_19-26-42

Data Source: Número de casos confirmados de COVID-19 no Brasil (on GitHub)
https://raw.githubusercontent.com/wcota/covid19br/master/cases-brazil-cities-time.csv

Rejection ABC fitting of epidemic curves

Model: SEIRD
Parameters: $\beta_{I}$, $\beta_{E}$, $N$, $\mu$, $\gamma$, $t_{c}$, RF_{0}, $E_{0}$
#####################################################################

Number of Samples: 960
Number of Posteriors: 3
RMSD Weights: [1,1]
Training window size: 35
Validation window size: 10

#####################################################################

Posterior No. 3
Execution Time: 0.503 s
Tolerance: eps = 0.090594

Priors' Ranges:

	 $\beta_{I}$: 0.014872 <-> 0.998057
	 $\beta_{E}$: 0.006243 <-> 0.357515
	 $N$: 202094.089391 <-> 13508390.778256
	 $\mu$: 0.032818 <-> 0.210952
	 $\gamma$: 0.127252 <-> 0.999475
	 $t_{c}$: 0.720904 <-> 25.780853
	 RF_{0}: 0.000344 <-> 0.995313
	 $E_{0}$: 0.244916 <-> 1.999921

Estimated parameters (av +/- std):

	 $\beta_{I}$: 0.574273 +/- 0.247283
	 $\beta_{E}$: 0.151216 +/- 0.060166
	 $N$: 8194288.384044 +/- 3786644.223962
	 $\mu$: 0.114776 +/- 0.034126
	 $\gamma$: 0.656876 +/- 0.181148
	 $t_{c}$: 3.179237 +/- 2.930853
	 RF_{0}: 0.597593 +/- 0.256199
	 $E_{0}$: 1.289008 +/- 0.366238

Posterior distribution on file posterior_'param'.png

RMSD: 0.053858
Weighted RMSD: 0.053858
RMSD for validation data: 0.886364
RMSD for total data: 0.980988
AIC: 16.107715
AIC for validation data: 17.772727
AIC for total data: 17.961975

#####################################################################

Total time on ABC: 1.191 s
Number of trials: 33894

Fit on file model_fit.png