2022-03-08_15-59-04

Data Source: Número de casos confirmados de COVID-19 no Brasil (on GitHub)
https://raw.githubusercontent.com/wcota/covid19br/master/cases-brazil-cities-time.csv

Rejection ABC fitting of epidemic curves

Model: SEIRD
Parameters: $\beta_{I}$, $\beta_{E}$, $N$, $\mu$, $\gamma$, $t_{c}$, RF_{0}, $E_{0}$
#####################################################################

Number of Samples: 960
Number of Posteriors: 3
RMSD Weights: [1,1]
Training window size: 30
Validation window size: 10

#####################################################################

Posterior No. 2
Execution Time: 0.879 s
Tolerance: eps = 0.027937

Priors' Ranges:

	 $\beta_{I}$: 0.003166 <-> 0.997222
	 $\beta_{E}$: 0.000482 <-> 0.150063
	 $N$: 2139075.360655 <-> 106154656.305315
	 $\mu$: 0.018337 <-> 0.077226
	 $\gamma$: 0.218175 <-> 0.999888
	 $t_{c}$: 4.442399 <-> 29.769048
	 RF_{0}: 0.349979 <-> 0.997918
	 $E_{0}$: 0.154533 <-> 1.998864

Estimated parameters (av +/- std):

	 $\beta_{I}$: 0.863851 +/- 0.268585
	 $\beta_{E}$: 0.056621 +/- 0.024584
	 $N$: 31021195.926047 +/- 27703064.923545
	 $\mu$: 0.059121 +/- 0.011851
	 $\gamma$: 0.852791 +/- 0.174126
	 $t_{c}$: 15.775868 +/- 4.913685
	 RF_{0}: 0.762567 +/- 0.132382
	 $E_{0}$: 1.205381 +/- 0.374852

Posterior distribution on file posterior_'param'.png

RMSD: 0.013913
Weighted RMSD: 0.013913
RMSD for validation data: 0.271451
RMSD for total data: 0.723102
AIC: 16.027826
AIC for validation data: 16.542903
AIC for total data: 17.446204

#####################################################################

Total time on ABC: 1.301 s
Number of trials: 66887

Fit on file model_fit.png