2021-11-14_07-46-07

Data Source: Número de casos confirmados de COVID-19 no Brasil (on GitHub)
https://raw.githubusercontent.com/wcota/covid19br/master/cases-brazil-cities-time.csv

Rejection ABC fitting of epidemic curves

Model: SEIRD
Parameters: $\beta_{I}$, $\beta_{E}$, $N$, $\mu$, $\gamma$, $t_{c}$, RF_{0}, $E_{0}$
#####################################################################

Number of Samples: 960
Number of Posteriors: 3
RMSD Weights: [1,1]
Training window size: 50
Validation window size: 10

#####################################################################

Posterior No. 2
Execution Time: 8.490 s
Tolerance: eps = 0.017925

Priors' Ranges:

	 $\beta_{I}$: 0.000488 <-> 0.993840
	 $\beta_{E}$: 0.000066 <-> 0.146819
	 $N$: 5628753.137100 <-> 42266802.417191
	 $\mu$: 0.005341 <-> 0.025258
	 $\gamma$: 0.230037 <-> 0.999047
	 $t_{c}$: 5.341499 <-> 29.935946
	 RF_{0}: 0.922074 <-> 0.999901
	 $E_{0}$: 0.087653 <-> 0.572112

Estimated parameters (av +/- std):

	 $\beta_{I}$: 0.643137 +/- 0.228704
	 $\beta_{E}$: 0.008651 +/- 0.021440
	 $N$: 24569877.726827 +/- 10195435.816301
	 $\mu$: 0.017502 +/- 0.003659
	 $\gamma$: 0.747962 +/- 0.152133
	 $t_{c}$: 17.459920 +/- 5.049501
	 RF_{0}: 0.971805 +/- 0.015023
	 $E_{0}$: 0.295089 +/- 0.089149

Posterior distribution on file posterior_'param'.png

RMSD: 0.008797
Weighted RMSD: 0.008797
RMSD for validation data: 0.092665
RMSD for total data: 0.449499
AIC: 16.017594
AIC for validation data: 16.185330
AIC for total data: 16.898998

#####################################################################

Total time on ABC: 13.643 s
Number of trials: 376284

Fit on file model_fit.png