2021-12-01_00-51-50

Data Source: Número de casos confirmados de COVID-19 no Brasil (on GitHub)
https://raw.githubusercontent.com/wcota/covid19br/master/cases-brazil-cities-time.csv

Rejection ABC fitting of epidemic curves

Model: SEIRD
Parameters: $\beta_{I}$, $\beta_{E}$, $N$, $\mu$, $\gamma$, $t_{c}$, RF_{0}, $E_{0}$
#####################################################################

Number of Samples: 99984
Number of Posteriors: 3
RMSD Weights: [1,1]
Training window size: 30
Validation window size: 10

#####################################################################

Posterior No. 2
Execution Time: 72.529 s
Tolerance: eps = 0.329033

Priors' Ranges:

	 $\beta_{I}$: 0.000037 <-> 0.999941
	 $\beta_{E}$: 0.000000 <-> 0.990615
	 $N$: 213680.091638 <-> 42511007.449994
	 $\mu$: 0.000010 <-> 0.999992
	 $\gamma$: 0.000103 <-> 0.999978
	 $t_{c}$: 0.037736 <-> 29.999484
	 RF_{0}: 0.000057 <-> 0.999965
	 $E_{0}$: 0.000033 <-> 1.999888

Estimated parameters (av +/- std):

	 $\beta_{I}$: 0.433642 +/- 0.260362
	 $\beta_{E}$: 0.133777 +/- 0.060660
	 $N$: 6162569.366070 +/- 11313972.222754
	 $\mu$: 0.044962 +/- 0.253467
	 $\gamma$: 0.561947 +/- 0.233991
	 $t_{c}$: 9.655521 +/- 7.451598
	 RF_{0}: 0.763429 +/- 0.257405
	 $E_{0}$: 1.851038 +/- 0.513951

Posterior distribution on file posterior_'param'.png

RMSD: 0.031878
Weighted RMSD: 0.031878
RMSD for validation data: 0.327454
RMSD for total data: 0.281846
AIC: 16.063756
AIC for validation data: 16.654908
AIC for total data: 16.563692

#####################################################################

Total time on ABC: 85.274 s
Number of trials: 834058

Fit on file model_fit.png