2021-12-01_05-20-35

Data Source: Número de casos confirmados de COVID-19 no Brasil (on GitHub)
https://raw.githubusercontent.com/wcota/covid19br/master/cases-brazil-cities-time.csv

Rejection ABC fitting of epidemic curves

Model: SEIRD
Parameters: $\beta_{I}$, $\beta_{E}$, $N$, $\mu$, $\gamma$, $t_{c}$, RF_{0}, $E_{0}$
#####################################################################

Number of Samples: 99984
Number of Posteriors: 3
RMSD Weights: [1,1]
Training window size: 20
Validation window size: 10

#####################################################################

Posterior No. 2
Execution Time: 85.005 s
Tolerance: eps = 16.837434

Priors' Ranges:

	 $\beta_{I}$: 0.000014 <-> 0.999972
	 $\beta_{E}$: 0.000003 <-> 0.999970
	 $N$: 212696.105869 <-> 42511194.949096
	 $\mu$: 0.000000 <-> 0.999953
	 $\gamma$: 0.000106 <-> 0.999997
	 $t_{c}$: 0.035625 <-> 29.999104
	 RF_{0}: 0.000119 <-> 0.999993
	 $E_{0}$: 0.000004 <-> 1.999941

Estimated parameters (av +/- std):

	 $\beta_{I}$: 0.114027 +/- 0.268373
	 $\beta_{E}$: 0.477820 +/- 0.272082
	 $N$: 8587413.357632 +/- 9191742.115882
	 $\mu$: 0.010222 +/- 0.182088
	 $\gamma$: 0.601437 +/- 0.225962
	 $t_{c}$: 24.289667 +/- 7.654028
	 RF_{0}: 0.995423 +/- 0.240054
	 $E_{0}$: 0.152231 +/- 0.546565

Posterior distribution on file posterior_'param'.png

RMSD: 0.063732
Weighted RMSD: 0.063732
RMSD for validation data: 0.123417
RMSD for total data: 0.254494
AIC: 16.127464
AIC for validation data: 16.246834
AIC for total data: 16.508988

#####################################################################

Total time on ABC: 94.074 s
Number of trials: 1397913

Fit on file model_fit.png