2022-03-08_16-07-57

Data Source: Número de casos confirmados de COVID-19 no Brasil (on GitHub)
https://raw.githubusercontent.com/wcota/covid19br/master/cases-brazil-cities-time.csv

Rejection ABC fitting of epidemic curves

Model: SEIRD
Parameters: $\beta_{I}$, $\beta_{E}$, $N$, $\mu$, $\gamma$, $t_{c}$, RF_{0}, $E_{0}$
#####################################################################

Number of Samples: 960
Number of Posteriors: 3
RMSD Weights: [1,1]
Training window size: 30
Validation window size: 10

#####################################################################

Posterior No. 3
Execution Time: 0.753 s
Tolerance: eps = 0.026778

Priors' Ranges:

	 $\beta_{I}$: 0.000207 <-> 0.974453
	 $\beta_{E}$: 0.000242 <-> 0.109892
	 $N$: 4360987.320456 <-> 106198271.711831
	 $\mu$: 0.006838 <-> 0.030662
	 $\gamma$: 0.208508 <-> 0.999876
	 $t_{c}$: 7.074440 <-> 29.964396
	 RF_{0}: 0.850014 <-> 0.999577
	 $E_{0}$: 0.217088 <-> 1.091574

Estimated parameters (av +/- std):

	 $\beta_{I}$: 0.315221 +/- 0.236492
	 $\beta_{E}$: 0.029178 +/- 0.016424
	 $N$: 43719628.751016 +/- 27063804.846043
	 $\mu$: 0.023272 +/- 0.004861
	 $\gamma$: 0.805626 +/- 0.173863
	 $t_{c}$: 26.636482 +/- 4.987549
	 RF_{0}: 0.970963 +/- 0.027518
	 $E_{0}$: 0.814210 +/- 0.163956

Posterior distribution on file posterior_'param'.png

RMSD: 0.011898
Weighted RMSD: 0.011898
RMSD for validation data: 0.115751
RMSD for total data: 0.449498
AIC: 16.023797
AIC for validation data: 16.231502
AIC for total data: 16.898995

#####################################################################

Total time on ABC: 2.264 s
Number of trials: 65694

Fit on file model_fit.png