2021-11-14_20-32-41

Data Source: Número de casos confirmados de COVID-19 no Brasil (on GitHub)
https://raw.githubusercontent.com/wcota/covid19br/master/cases-brazil-cities-time.csv

Rejection ABC fitting of epidemic curves

Model: SEIRD
Parameters: $\beta_{I}$, $\beta_{E}$, $N$, $\mu$, $\gamma$, $t_{c}$, RF_{0}, $E_{0}$
#####################################################################

Number of Samples: 960
Number of Posteriors: 3
RMSD Weights: [1,1]
Training window size: 30
Validation window size: 10

#####################################################################

Posterior No. 3
Execution Time: 0.092 s
Tolerance: eps = 2.788428

Priors' Ranges:

	 $\beta_{I}$: 0.000740 <-> 0.993743
	 $\beta_{E}$: 0.000346 <-> 0.998359
	 $N$: 68596.103541 <-> 12684570.690369
	 $\mu$: 0.000105 <-> 0.955057
	 $\gamma$: 0.004984 <-> 0.999398
	 $t_{c}$: 0.072793 <-> 29.997767
	 RF_{0}: 0.000589 <-> 0.999220
	 $E_{0}$: 0.002765 <-> 1.996255

Estimated parameters (av +/- std):

	 $\beta_{I}$: 0.685614 +/- 0.269490
	 $\beta_{E}$: 0.117020 +/- 0.276615
	 $N$: 1718692.026317 +/- 2425264.120775
	 $\mu$: 0.007390 +/- 0.145258
	 $\gamma$: 0.704980 +/- 0.222030
	 $t_{c}$: 24.335903 +/- 8.015795
	 RF_{0}: 0.658236 +/- 0.271018
	 $E_{0}$: 0.677492 +/- 0.545695

Posterior distribution on file posterior_'param'.png

RMSD: 0.141636
Weighted RMSD: 0.141636
RMSD for validation data: 1.298057
RMSD for total data: 0.361682
AIC: 16.283271
AIC for validation data: 18.596114
AIC for total data: 16.723364

#####################################################################

Total time on ABC: 0.365 s
Number of trials: 13077

Fit on file model_fit.png