2021-11-14_20-30-25

Data Source: Número de casos confirmados de COVID-19 no Brasil (on GitHub)
https://raw.githubusercontent.com/wcota/covid19br/master/cases-brazil-cities-time.csv

Rejection ABC fitting of epidemic curves

Model: SEIRD
Parameters: $\beta_{I}$, $\beta_{E}$, $N$, $\mu$, $\gamma$, $t_{c}$, RF_{0}, $E_{0}$
#####################################################################

Number of Samples: 960
Number of Posteriors: 3
RMSD Weights: [1,1]
Training window size: 40
Validation window size: 10

#####################################################################

Posterior No. 3
Execution Time: 0.089 s
Tolerance: eps = 81.125641

Priors' Ranges:

	 $\beta_{I}$: 0.001423 <-> 0.986891
	 $\beta_{E}$: 0.000035 <-> 0.877616
	 $N$: 52036.391873 <-> 10238766.629171
	 $\mu$: 0.000182 <-> 0.999557
	 $\gamma$: 0.023292 <-> 0.998853
	 $t_{c}$: 0.064802 <-> 29.964655
	 RF_{0}: 0.004615 <-> 0.999653
	 $E_{0}$: 0.000314 <-> 1.973039

Estimated parameters (av +/- std):

	 $\beta_{I}$: 0.436357 +/- 0.240043
	 $\beta_{E}$: 0.037697 +/- 0.079238
	 $N$: 3890548.420972 +/- 2799500.451573
	 $\mu$: 0.002683 +/- 0.255791
	 $\gamma$: 0.425589 +/- 0.217954
	 $t_{c}$: 19.455169 +/- 8.635608
	 RF_{0}: 0.830445 +/- 0.252091
	 $E_{0}$: 0.021603 +/- 0.440084

Posterior distribution on file posterior_'param'.png

RMSD: 0.399710
Weighted RMSD: 0.399710
RMSD for validation data: 2.293068
RMSD for total data: 0.433979
AIC: 16.799421
AIC for validation data: 20.586136
AIC for total data: 16.867957

#####################################################################

Total time on ABC: 0.399 s
Number of trials: 10740

Fit on file model_fit.png