2021-11-14_06-01-51

Data Source: Número de casos confirmados de COVID-19 no Brasil (on GitHub)
https://raw.githubusercontent.com/wcota/covid19br/master/cases-brazil-cities-time.csv

Rejection ABC fitting of epidemic curves

Model: SEIRD
Parameters: $\beta_{I}$, $\beta_{E}$, $N$, $\mu$, $\gamma$, $t_{c}$, RF_{0}, $E_{0}$
#####################################################################

Number of Samples: 48
Number of Posteriors: 3
RMSD Weights: [1,1]
Training window size: 50
Validation window size: 10

#####################################################################

Posterior No. 1
Execution Time: 3.287 s
Tolerance: eps = 0.020682

Priors' Ranges:

	 $\beta_{I}$: 0.000000 <-> 1.000000
	 $\beta_{E}$: 0.000000 <-> 1.000000
	 $N$: 1380004.385000 <-> 276000877.000000
	 $\mu$: 0.000000 <-> 1.000000
	 $\gamma$: 0.000000 <-> 1.000000
	 $t_{c}$: 0.000000 <-> 30.000000
	 RF_{0}: 0.000000 <-> 1.000000
	 $E_{0}$: 0.000000 <-> 2.000000

Estimated parameters (av +/- std):

	 $\beta_{I}$: 0.269706 +/- 0.213452
	 $\beta_{E}$: 0.009209 +/- 0.014175
	 $N$: 29142745.339270 +/- 70999940.507088
	 $\mu$: 0.004073 +/- 0.002247
	 $\gamma$: 0.320264 +/- 0.179033
	 $t_{c}$: 24.580655 +/- 5.463743
	 RF_{0}: 0.988305 +/- 0.004780
	 $E_{0}$: 0.155722 +/- 0.033097

Posterior distribution on file posterior_'param'.png

RMSD: 0.008902
Weighted RMSD: 0.008902
RMSD for validation data: 0.176871
RMSD for total data: 0.507635
AIC: 16.017805
AIC for validation data: 16.353741
AIC for total data: 17.015271

#####################################################################

Total time on ABC: 3.287 s
Number of trials: 188345

Fit on file model_fit.png