2021-11-14_07-46-07

Data Source: Número de casos confirmados de COVID-19 no Brasil (on GitHub)
https://raw.githubusercontent.com/wcota/covid19br/master/cases-brazil-cities-time.csv

Rejection ABC fitting of epidemic curves

Model: SEIRD
Parameters: $\beta_{I}$, $\beta_{E}$, $N$, $\mu$, $\gamma$, $t_{c}$, RF_{0}, $E_{0}$
#####################################################################

Number of Samples: 960
Number of Posteriors: 3
RMSD Weights: [1,1]
Training window size: 30
Validation window size: 10

#####################################################################

Posterior No. 2
Execution Time: 1.390 s
Tolerance: eps = 0.231068

Priors' Ranges:

	 $\beta_{I}$: 0.000907 <-> 0.997107
	 $\beta_{E}$: 0.003257 <-> 0.538935
	 $N$: 240809.320682 <-> 42445175.615829
	 $\mu$: 0.002457 <-> 0.998353
	 $\gamma$: 0.000443 <-> 0.997129
	 $t_{c}$: 0.937276 <-> 29.990558
	 RF_{0}: 0.000464 <-> 0.995984
	 $E_{0}$: 0.001675 <-> 1.993804

Estimated parameters (av +/- std):

	 $\beta_{I}$: 0.429807 +/- 0.265882
	 $\beta_{E}$: 0.325212 +/- 0.056457
	 $N$: 22605843.119793 +/- 11244707.420564
	 $\mu$: 0.021064 +/- 0.273418
	 $\gamma$: 0.347038 +/- 0.263201
	 $t_{c}$: 12.465392 +/- 7.204636
	 RF_{0}: 0.556123 +/- 0.258916
	 $E_{0}$: 1.420762 +/- 0.528815

Posterior distribution on file posterior_'param'.png

RMSD: 0.076565
Weighted RMSD: 0.076565
RMSD for validation data: 1.467592
RMSD for total data: 1.887843
AIC: 16.153131
AIC for validation data: 18.935183
AIC for total data: 19.775686

#####################################################################

Total time on ABC: 1.536 s
Number of trials: 8566

Fit on file model_fit.png