2022-03-08_15-59-04

Data Source: Número de casos confirmados de COVID-19 no Brasil (on GitHub)
https://raw.githubusercontent.com/wcota/covid19br/master/cases-brazil-cities-time.csv

Rejection ABC fitting of epidemic curves

Model: SEIRD
Parameters: $\beta_{I}$, $\beta_{E}$, $N$, $\mu$, $\gamma$, $t_{c}$, RF_{0}, $E_{0}$
#####################################################################

Number of Samples: 960
Number of Posteriors: 3
RMSD Weights: [1,1]
Training window size: 30
Validation window size: 10

#####################################################################

Posterior No. 2
Execution Time: 1.281 s
Tolerance: eps = 0.029776

Priors' Ranges:

	 $\beta_{I}$: 0.000225 <-> 0.954201
	 $\beta_{E}$: 0.000046 <-> 0.080035
	 $N$: 5907555.079395 <-> 105387987.403225
	 $\mu$: 0.005149 <-> 0.025842
	 $\gamma$: 0.233378 <-> 0.999672
	 $t_{c}$: 4.673139 <-> 29.976070
	 RF_{0}: 0.961716 <-> 0.999931
	 $E_{0}$: 0.038582 <-> 0.243313

Estimated parameters (av +/- std):

	 $\beta_{I}$: 0.427173 +/- 0.176744
	 $\beta_{E}$: 0.004667 +/- 0.013777
	 $N$: 40844451.166284 +/- 25545063.075002
	 $\mu$: 0.020056 +/- 0.004501
	 $\gamma$: 0.854766 +/- 0.184300
	 $t_{c}$: 26.622248 +/- 5.148397
	 RF_{0}: 0.983837 +/- 0.008278
	 $E_{0}$: 0.186313 +/- 0.038173

Posterior distribution on file posterior_'param'.png

RMSD: 0.018433
Weighted RMSD: 0.018433
RMSD for validation data: 0.143409
RMSD for total data: 0.449499
AIC: 16.036866
AIC for validation data: 16.286819
AIC for total data: 16.898998

#####################################################################

Total time on ABC: 2.601 s
Number of trials: 88096

Fit on file model_fit.png