2021-11-14_08-20-25

Data Source: Número de casos confirmados de COVID-19 no Brasil (on GitHub)
https://raw.githubusercontent.com/wcota/covid19br/master/cases-brazil-cities-time.csv

Rejection ABC fitting of epidemic curves

Model: SEIRD
Parameters: $\beta_{I}$, $\beta_{E}$, $N$, $\mu$, $\gamma$, $t_{c}$, RF_{0}, $E_{0}$
#####################################################################

Number of Samples: 960
Number of Posteriors: 3
RMSD Weights: [1,1]
Training window size: 40
Validation window size: 10

#####################################################################

Posterior No. 2
Execution Time: 0.203 s
Tolerance: eps = 0.087214

Priors' Ranges:

	 $\beta_{I}$: 0.000403 <-> 0.997619
	 $\beta_{E}$: 0.000020 <-> 0.128278
	 $N$: 5113696.694724 <-> 42181775.327525
	 $\mu$: 0.005089 <-> 0.025629
	 $\gamma$: 0.205768 <-> 0.999932
	 $t_{c}$: 5.545849 <-> 29.994465
	 RF_{0}: 0.937871 <-> 0.999960
	 $E_{0}$: 0.024287 <-> 0.206219

Estimated parameters (av +/- std):

	 $\beta_{I}$: 0.693326 +/- 0.273401
	 $\beta_{E}$: 0.029041 +/- 0.021335
	 $N$: 11920316.981914 +/- 9084328.379551
	 $\mu$: 0.015373 +/- 0.003472
	 $\gamma$: 0.655174 +/- 0.142380
	 $t_{c}$: 18.250207 +/- 5.082823
	 RF_{0}: 0.995844 +/- 0.013178
	 $E_{0}$: 0.095742 +/- 0.035879

Posterior distribution on file posterior_'param'.png

RMSD: 0.022022
Weighted RMSD: 0.022022
RMSD for validation data: 0.273130
RMSD for total data: 0.449217
AIC: 16.044043
AIC for validation data: 16.546259
AIC for total data: 16.898435

#####################################################################

Total time on ABC: 0.281 s
Number of trials: 11769

Fit on file model_fit.png