2021-11-14_06-01-51

Data Source: Número de casos confirmados de COVID-19 no Brasil (on GitHub)
https://raw.githubusercontent.com/wcota/covid19br/master/cases-brazil-cities-time.csv

Rejection ABC fitting of epidemic curves

Model: SEIRD
Parameters: $\beta_{I}$, $\beta_{E}$, $N$, $\mu$, $\gamma$, $t_{c}$, RF_{0}, $E_{0}$
#####################################################################

Number of Samples: 48
Number of Posteriors: 3
RMSD Weights: [1,1]
Training window size: 50
Validation window size: 10

#####################################################################

Posterior No. 1
Execution Time: 8.855 s
Tolerance: eps = 0.024382

Priors' Ranges:

	 $\beta_{I}$: 0.000000 <-> 1.000000
	 $\beta_{E}$: 0.000000 <-> 1.000000
	 $N$: 1380004.385000 <-> 276000877.000000
	 $\mu$: 0.000000 <-> 1.000000
	 $\gamma$: 0.000000 <-> 1.000000
	 $t_{c}$: 0.000000 <-> 30.000000
	 RF_{0}: 0.000000 <-> 1.000000
	 $E_{0}$: 0.000000 <-> 2.000000

Estimated parameters (av +/- std):

	 $\beta_{I}$: 0.359713 +/- 0.264479
	 $\beta_{E}$: 0.050351 +/- 0.021384
	 $N$: 226837576.015318 +/- 73519923.573216
	 $\mu$: 0.027592 +/- 0.005637
	 $\gamma$: 0.878657 +/- 0.186379
	 $t_{c}$: 29.250384 +/- 5.495262
	 RF_{0}: 0.958319 +/- 0.056404
	 $E_{0}$: 1.652722 +/- 0.324964

Posterior distribution on file posterior_'param'.png

RMSD: 0.018496
Weighted RMSD: 0.018496
RMSD for validation data: 0.292492
RMSD for total data: 0.494915
AIC: 16.036993
AIC for validation data: 16.584985
AIC for total data: 16.989830

#####################################################################

Total time on ABC: 8.855 s
Number of trials: 448729

Fit on file model_fit.png