2021-11-14_07-39-52

Data Source: Número de casos confirmados de COVID-19 no Brasil (on GitHub)
https://raw.githubusercontent.com/wcota/covid19br/master/cases-brazil-cities-time.csv

Rejection ABC fitting of epidemic curves

Model: SEIRD
Parameters: $\beta_{I}$, $\beta_{E}$, $N$, $\mu$, $\gamma$, $t_{c}$, RF_{0}, $E_{0}$
#####################################################################

Number of Samples: 960
Number of Posteriors: 3
RMSD Weights: [1,1]
Training window size: 20
Validation window size: 10

#####################################################################

Posterior No. 2
Execution Time: 0.082 s
Tolerance: eps = 24.091223

Priors' Ranges:

	 $\beta_{I}$: 0.002842 <-> 0.999173
	 $\beta_{E}$: 0.000417 <-> 0.998893
	 $N$: 1479111.352280 <-> 274961133.837701
	 $\mu$: 0.000006 <-> 0.992143
	 $\gamma$: 0.038847 <-> 0.995309
	 $t_{c}$: 0.066792 <-> 29.977156
	 RF_{0}: 0.005109 <-> 0.999791
	 $E_{0}$: 0.002763 <-> 1.995882

Estimated parameters (av +/- std):

	 $\beta_{I}$: 0.676890 +/- 0.275625
	 $\beta_{E}$: 0.873108 +/- 0.242268
	 $N$: 8391757.832873 +/- 80320625.896892
	 $\mu$: 0.001056 +/- 0.202154
	 $\gamma$: 0.135369 +/- 0.212147
	 $t_{c}$: 27.506801 +/- 7.756982
	 RF_{0}: 0.417252 +/- 0.245825
	 $E_{0}$: 1.015097 +/- 0.529397

Posterior distribution on file posterior_'param'.png

RMSD: 0.262777
Weighted RMSD: 0.262777
RMSD for validation data: 0.603793
RMSD for total data: 0.327493
AIC: 16.525553
AIC for validation data: 17.207585
AIC for total data: 16.654986

#####################################################################

Total time on ABC: 0.195 s
Number of trials: 15089

Fit on file model_fit.png