2021-11-14_04-03-32

Data Source: Número de casos confirmados de COVID-19 no Brasil (on GitHub)
https://raw.githubusercontent.com/wcota/covid19br/master/cases-brazil-cities-time.csv

Rejection ABC fitting of epidemic curves

Model: SEIRD
Parameters: $\beta_{I}$, $\beta_{E}$, $N$, $\mu$, $\gamma$, $t_{c}$, RF_{0}, $E_{0}$
#####################################################################

Number of Samples: 48
Number of Posteriors: 3
RMSD Weights: [1,1]
Training window size: 50
Validation window size: 10

#####################################################################

Posterior No. 1
Execution Time: 1.754 s
Tolerance: eps = 0.063917

Priors' Ranges:

	 $\beta_{I}$: 0.000000 <-> 1.000000
	 $\beta_{E}$: 0.000000 <-> 1.000000
	 $N$: 126476.458000 <-> 25295291.600000
	 $\mu$: 0.000000 <-> 1.000000
	 $\gamma$: 0.000000 <-> 1.000000
	 $t_{c}$: 0.000000 <-> 30.000000
	 RF_{0}: 0.000000 <-> 1.000000
	 $E_{0}$: 0.000000 <-> 2.000000

Estimated parameters (av +/- std):

	 $\beta_{I}$: 0.066410 +/- 0.043750
	 $\beta_{E}$: 0.095167 +/- 0.011002
	 $N$: 2096584.991861 +/- 7051982.247443
	 $\mu$: 0.001216 +/- 0.000608
	 $\gamma$: 0.335881 +/- 0.176316
	 $t_{c}$: 19.639488 +/- 3.201131
	 RF_{0}: 0.442373 +/- 0.034252
	 $E_{0}$: 0.015926 +/- 0.028749

Posterior distribution on file posterior_'param'.png

RMSD: 0.052962
Weighted RMSD: 0.052962
RMSD for validation data: 0.144824
RMSD for total data: 0.668226
AIC: 16.105925
AIC for validation data: 16.289649
AIC for total data: 17.336451

#####################################################################

Total time on ABC: 1.754 s
Number of trials: 92992

Fit on file model_fit.png