2021-11-14_04-14-21

Data Source: Número de casos confirmados de COVID-19 no Brasil (on GitHub)
https://raw.githubusercontent.com/wcota/covid19br/master/cases-brazil-cities-time.csv

Rejection ABC fitting of epidemic curves

Model: SEIRD
Parameters: $\beta_{I}$, $\beta_{E}$, $N$, $\mu$, $\gamma$, $t_{c}$, RF_{0}, $E_{0}$
#####################################################################

Number of Samples: 960
Number of Posteriors: 3
RMSD Weights: [1,1]
Training window size: 30
Validation window size: 10

#####################################################################

Posterior No. 2
Execution Time: 0.625 s
Tolerance: eps = 0.035430

Priors' Ranges:

	 $\beta_{I}$: 0.001062 <-> 0.998005
	 $\beta_{E}$: 0.000044 <-> 0.126458
	 $N$: 896071.520976 <-> 25124982.386694
	 $\mu$: 0.003716 <-> 0.017170
	 $\gamma$: 0.201359 <-> 0.999920
	 $t_{c}$: 5.413368 <-> 29.972775
	 RF_{0}: 0.941436 <-> 0.999859
	 $E_{0}$: 0.091250 <-> 0.511257

Estimated parameters (av +/- std):

	 $\beta_{I}$: 0.905241 +/- 0.253580
	 $\beta_{E}$: 0.028445 +/- 0.020090
	 $N$: 22889151.235674 +/- 6113483.655153
	 $\mu$: 0.010670 +/- 0.002451
	 $\gamma$: 0.712006 +/- 0.165370
	 $t_{c}$: 24.952401 +/- 5.395859
	 RF_{0}: 0.958915 +/- 0.013910
	 $E_{0}$: 0.302669 +/- 0.072122

Posterior distribution on file posterior_'param'.png

RMSD: 0.024507
Weighted RMSD: 0.024507
RMSD for validation data: 0.369111
RMSD for total data: 1.654265
AIC: 16.049014
AIC for validation data: 16.738223
AIC for total data: 19.308529

#####################################################################

Total time on ABC: 1.001 s
Number of trials: 51053

Fit on file model_fit.png