2021-12-01_05-20-35

Data Source: Número de casos confirmados de COVID-19 no Brasil (on GitHub)
https://raw.githubusercontent.com/wcota/covid19br/master/cases-brazil-cities-time.csv

Rejection ABC fitting of epidemic curves

Model: SEIRD
Parameters: $\beta_{I}$, $\beta_{E}$, $N$, $\mu$, $\gamma$, $t_{c}$, RF_{0}, $E_{0}$
#####################################################################

Number of Samples: 48
Number of Posteriors: 3
RMSD Weights: [1,1]
Training window size: 35
Validation window size: 10

#####################################################################

Posterior No. 1
Execution Time: 14.636 s
Tolerance: eps = 6.829254

Priors' Ranges:

	 $\beta_{I}$: 0.000000 <-> 1.000000
	 $\beta_{E}$: 0.000000 <-> 1.000000
	 $N$: 212559.409000 <-> 42511881.800000
	 $\mu$: 0.000000 <-> 1.000000
	 $\gamma$: 0.000000 <-> 1.000000
	 $t_{c}$: 0.000000 <-> 30.000000
	 RF_{0}: 0.000000 <-> 1.000000
	 $E_{0}$: 0.000000 <-> 2.000000

Estimated parameters (av +/- std):

	 $\beta_{I}$: 0.950023 +/- 0.289788
	 $\beta_{E}$: 0.079954 +/- 0.304305
	 $N$: 3493980.000054 +/- 11891363.356804
	 $\mu$: 0.025757 +/- 0.279208
	 $\gamma$: 0.982107 +/- 0.257460
	 $t_{c}$: 19.800241 +/- 8.973641
	 RF_{0}: 0.957013 +/- 0.280373
	 $E_{0}$: 0.724070 +/- 0.585740

Posterior distribution on file posterior_'param'.png

RMSD: 0.036515
Weighted RMSD: 0.036515
RMSD for validation data: 0.664790
RMSD for total data: 0.318252
AIC: 16.073030
AIC for validation data: 17.329581
AIC for total data: 16.636503

#####################################################################

Total time on ABC: 14.636 s
Number of trials: 996613

Fit on file model_fit.png