2022-03-08_16-35-49

Data Source: Número de casos confirmados de COVID-19 no Brasil (on GitHub)
https://raw.githubusercontent.com/wcota/covid19br/master/cases-brazil-cities-time.csv

Rejection ABC fitting of epidemic curves

Model: SEIRD
Parameters: $\beta_{I}$, $\beta_{E}$, $N$, $\mu$, $\gamma$, $t_{c}$, RF_{0}, $E_{0}$
#####################################################################

Number of Samples: 960
Number of Posteriors: 3
RMSD Weights: [1,1]
Training window size: 40
Validation window size: 10

#####################################################################

Posterior No. 3
Execution Time: 13.345 s
Tolerance: eps = 0.019715

Priors' Ranges:

	 $\beta_{I}$: 0.001076 <-> 0.999908
	 $\beta_{E}$: 0.000712 <-> 0.141986
	 $N$: 11357409.441014 <-> 106201028.025387
	 $\mu$: 0.003140 <-> 0.017923
	 $\gamma$: 0.168832 <-> 0.999746
	 $t_{c}$: 5.951748 <-> 29.962158
	 RF_{0}: 0.973598 <-> 0.997359
	 $E_{0}$: 0.011123 <-> 0.106480

Estimated parameters (av +/- std):

	 $\beta_{I}$: 0.237495 +/- 0.264103
	 $\beta_{E}$: 0.049515 +/- 0.023202
	 $N$: 33744142.826165 +/- 25209466.371774
	 $\mu$: 0.004460 +/- 0.003115
	 $\gamma$: 0.251602 +/- 0.184171
	 $t_{c}$: 18.818367 +/- 4.766708
	 RF_{0}: 0.979171 +/- 0.004082
	 $E_{0}$: 0.056783 +/- 0.016495

Posterior distribution on file posterior_'param'.png

RMSD: 0.015400
Weighted RMSD: 0.015400
RMSD for validation data: 0.138208
RMSD for total data: 0.442180
AIC: 16.030799
AIC for validation data: 16.276417
AIC for total data: 16.884359

#####################################################################

Total time on ABC: 22.277 s
Number of trials: 693021

Fit on file model_fit.png