2022-03-08_16-04-21

Data Source: Número de casos confirmados de COVID-19 no Brasil (on GitHub)
https://raw.githubusercontent.com/wcota/covid19br/master/cases-brazil-cities-time.csv

Rejection ABC fitting of epidemic curves

Model: SEIRD
Parameters: $\beta_{I}$, $\beta_{E}$, $N$, $\mu$, $\gamma$, $t_{c}$, RF_{0}, $E_{0}$
#####################################################################

Number of Samples: 48
Number of Posteriors: 3
RMSD Weights: [1,1]
Training window size: 20
Validation window size: 10

#####################################################################

Posterior No. 1
Execution Time: 0.082 s
Tolerance: eps = 0.07

Priors' Ranges:

	 $\beta_{I}$: 0.000000 <-> 1.000000
	 $\beta_{E}$: 0.000000 <-> 1.000000
	 $N$: 2125594.090000 <-> 106279704.500000
	 $\mu$: 0.000000 <-> 1.000000
	 $\gamma$: 0.000000 <-> 1.000000
	 $t_{c}$: 0.000000 <-> 30.000000
	 RF_{0}: 0.000000 <-> 1.000000
	 $E_{0}$: 0.000000 <-> 2.000000

Estimated parameters (av +/- std):

	 $\beta_{I}$: 0.798760 +/- 0.270467
	 $\beta_{E}$: 0.006066 +/- 0.034949
	 $N$: 59762789.195897 +/- 28105752.828143
	 $\mu$: 0.023396 +/- 0.012353
	 $\gamma$: 0.454690 +/- 0.205532
	 $t_{c}$: 23.227763 +/- 6.283529
	 RF_{0}: 0.754546 +/- 0.098864
	 $E_{0}$: 1.380176 +/- 0.435579

Posterior distribution on file posterior_'param'.png

RMSD: 0.019274
Weighted RMSD: 0.019274
RMSD for validation data: 0.173411
RMSD for total data: 0.438335
AIC: 16.038549
AIC for validation data: 16.346821
AIC for total data: 16.876671

#####################################################################

Total time on ABC: 0.082 s
Number of trials: 8028

Fit on file model_fit.png