2022-03-08_16-22-08

Data Source: Número de casos confirmados de COVID-19 no Brasil (on GitHub)
https://raw.githubusercontent.com/wcota/covid19br/master/cases-brazil-cities-time.csv

Rejection ABC fitting of epidemic curves

Model: SEIRD
Parameters: $\beta_{I}$, $\beta_{E}$, $N$, $\mu$, $\gamma$, $t_{c}$, RF_{0}, $E_{0}$
#####################################################################

Number of Samples: 960
Number of Posteriors: 3
RMSD Weights: [1,1]
Training window size: 40
Validation window size: 10

#####################################################################

Posterior No. 3
Execution Time: 14.469 s
Tolerance: eps = 0.020156

Priors' Ranges:

	 $\beta_{I}$: 0.000540 <-> 0.991720
	 $\beta_{E}$: 0.000187 <-> 0.154676
	 $N$: 9849091.738369 <-> 106057018.236820
	 $\mu$: 0.003394 <-> 0.016643
	 $\gamma$: 0.185203 <-> 0.998256
	 $t_{c}$: 6.921236 <-> 29.978596
	 RF_{0}: 0.982534 <-> 0.999996
	 $E_{0}$: 0.049896 <-> 0.229899

Estimated parameters (av +/- std):

	 $\beta_{I}$: 0.906429 +/- 0.255322
	 $\beta_{E}$: 0.090669 +/- 0.024421
	 $N$: 10844557.083467 +/- 26646609.633291
	 $\mu$: 0.008898 +/- 0.003007
	 $\gamma$: 0.520048 +/- 0.189933
	 $t_{c}$: 20.179593 +/- 5.173113
	 RF_{0}: 0.999958 +/- 0.002920
	 $E_{0}$: 0.136801 +/- 0.036354

Posterior distribution on file posterior_'param'.png

RMSD: 0.014564
Weighted RMSD: 0.014564
RMSD for validation data: 0.260375
RMSD for total data: 0.166753
AIC: 16.029129
AIC for validation data: 16.520751
AIC for total data: 16.333506

#####################################################################

Total time on ABC: 27.326 s
Number of trials: 874153

Fit on file model_fit.png