2022-03-08_16-35-49

Data Source: Número de casos confirmados de COVID-19 no Brasil (on GitHub)
https://raw.githubusercontent.com/wcota/covid19br/master/cases-brazil-cities-time.csv

Rejection ABC fitting of epidemic curves

Model: SEIRD
Parameters: $\beta_{I}$, $\beta_{E}$, $N$, $\mu$, $\gamma$, $t_{c}$, RF_{0}, $E_{0}$
#####################################################################

Number of Samples: 960
Number of Posteriors: 3
RMSD Weights: [1,1]
Training window size: 40
Validation window size: 10

#####################################################################

Posterior No. 3
Execution Time: 0.404 s
Tolerance: eps = 0.052116

Priors' Ranges:

	 $\beta_{I}$: 0.002436 <-> 0.995168
	 $\beta_{E}$: 0.000017 <-> 0.089263
	 $N$: 3217499.933005 <-> 105857509.800638
	 $\mu$: 0.006398 <-> 0.037695
	 $\gamma$: 0.181886 <-> 0.999729
	 $t_{c}$: 3.683603 <-> 29.993119
	 RF_{0}: 0.083397 <-> 0.998541
	 $E_{0}$: 0.014219 <-> 1.970728

Estimated parameters (av +/- std):

	 $\beta_{I}$: 0.412415 +/- 0.260906
	 $\beta_{E}$: 0.011040 +/- 0.018743
	 $N$: 56475784.894402 +/- 28900189.146674
	 $\mu$: 0.012936 +/- 0.006407
	 $\gamma$: 0.399879 +/- 0.167342
	 $t_{c}$: 22.610658 +/- 4.743783
	 RF_{0}: 0.727353 +/- 0.252453
	 $E_{0}$: 1.094910 +/- 0.392018

Posterior distribution on file posterior_'param'.png

RMSD: 0.016180
Weighted RMSD: 0.016180
RMSD for validation data: 0.060995
RMSD for total data: 0.449491
AIC: 16.032361
AIC for validation data: 16.121989
AIC for total data: 16.898981

#####################################################################

Total time on ABC: 0.834 s
Number of trials: 31816

Fit on file model_fit.png