2021-11-14_04-14-21

Data Source: Número de casos confirmados de COVID-19 no Brasil (on GitHub)
https://raw.githubusercontent.com/wcota/covid19br/master/cases-brazil-cities-time.csv

Rejection ABC fitting of epidemic curves

Model: SEIRD
Parameters: $\beta_{I}$, $\beta_{E}$, $N$, $\mu$, $\gamma$, $t_{c}$, RF_{0}, $E_{0}$
#####################################################################

Number of Samples: 48
Number of Posteriors: 3
RMSD Weights: [1,1]
Training window size: 45
Validation window size: 10

#####################################################################

Posterior No. 1
Execution Time: 0.087 s
Tolerance: eps = 0.294519

Priors' Ranges:

	 $\beta_{I}$: 0.000000 <-> 1.000000
	 $\beta_{E}$: 0.000000 <-> 1.000000
	 $N$: 126476.458000 <-> 25295291.600000
	 $\mu$: 0.000000 <-> 1.000000
	 $\gamma$: 0.000000 <-> 1.000000
	 $t_{c}$: 0.000000 <-> 30.000000
	 RF_{0}: 0.000000 <-> 1.000000
	 $E_{0}$: 0.000000 <-> 2.000000

Estimated parameters (av +/- std):

	 $\beta_{I}$: 0.738501 +/- 0.248625
	 $\beta_{E}$: 0.086767 +/- 0.082987
	 $N$: 21664026.512217 +/- 6606481.375983
	 $\mu$: 0.027584 +/- 0.006362
	 $\gamma$: 0.779823 +/- 0.217107
	 $t_{c}$: 8.068354 +/- 2.752992
	 RF_{0}: 0.959226 +/- 0.256988
	 $E_{0}$: 1.553889 +/- 0.460397

Posterior distribution on file posterior_'param'.png

RMSD: 0.051275
Weighted RMSD: 0.051275
RMSD for validation data: 0.090981
RMSD for total data: 25.498604
AIC: 16.102550
AIC for validation data: 16.181961
AIC for total data: 66.997208

#####################################################################

Total time on ABC: 0.087 s
Number of trials: 4584

Fit on file model_fit.png