2021-11-29_21-52-43

Data Source: Número de casos confirmados de COVID-19 no Brasil (on GitHub)
https://raw.githubusercontent.com/wcota/covid19br/master/cases-brazil-cities-time.csv

Rejection ABC fitting of epidemic curves

Model: SEIRD
Parameters: $\beta_{I}$, $\beta_{E}$, $N$, $\mu$, $\gamma$, $t_{c}$, RF_{0}, $E_{0}$
#####################################################################

Number of Samples: 9984
Number of Posteriors: 3
RMSD Weights: [1,1]
Training window size: 20
Validation window size: 10

#####################################################################

Posterior No. 3
Execution Time: 1.907 s
Tolerance: eps = 3.900051

Priors' Ranges:

	 $\beta_{I}$: 0.000177 <-> 0.999849
	 $\beta_{E}$: 0.000325 <-> 0.999727
	 $N$: 216841.090246 <-> 42399567.644853
	 $\mu$: 0.000008 <-> 0.999173
	 $\gamma$: 0.000249 <-> 0.999988
	 $t_{c}$: 0.049888 <-> 29.988908
	 RF_{0}: 0.001590 <-> 0.999998
	 $E_{0}$: 0.000044 <-> 1.999681

Estimated parameters (av +/- std):

	 $\beta_{I}$: 0.510599 +/- 0.265625
	 $\beta_{E}$: 0.148486 +/- 0.267499
	 $N$: 21404716.923257 +/- 7742625.494109
	 $\mu$: 0.010415 +/- 0.148353
	 $\gamma$: 0.441223 +/- 0.225207
	 $t_{c}$: 14.216801 +/- 7.638219
	 RF_{0}: 0.995477 +/- 0.217304
	 $E_{0}$: 0.096948 +/- 0.544739

Posterior distribution on file posterior_'param'.png

RMSD: 0.083116
Weighted RMSD: 0.083116
RMSD for validation data: 0.406506
RMSD for total data: 0.648478
AIC: 16.166233
AIC for validation data: 16.813013
AIC for total data: 17.296957

#####################################################################

Total time on ABC: 4.915 s
Number of trials: 142099

Fit on file model_fit.png