2021-11-14_06-01-51

Data Source: Número de casos confirmados de COVID-19 no Brasil (on GitHub)
https://raw.githubusercontent.com/wcota/covid19br/master/cases-brazil-cities-time.csv

Rejection ABC fitting of epidemic curves

Model: SEIRD
Parameters: $\beta_{I}$, $\beta_{E}$, $N$, $\mu$, $\gamma$, $t_{c}$, RF_{0}, $E_{0}$
#####################################################################

Number of Samples: 48
Number of Posteriors: 3
RMSD Weights: [1,1]
Training window size: 45
Validation window size: 10

#####################################################################

Posterior No. 1
Execution Time: 3.851 s
Tolerance: eps = 0.019963

Priors' Ranges:

	 $\beta_{I}$: 0.000000 <-> 1.000000
	 $\beta_{E}$: 0.000000 <-> 1.000000
	 $N$: 1380004.385000 <-> 276000877.000000
	 $\mu$: 0.000000 <-> 1.000000
	 $\gamma$: 0.000000 <-> 1.000000
	 $t_{c}$: 0.000000 <-> 30.000000
	 RF_{0}: 0.000000 <-> 1.000000
	 $E_{0}$: 0.000000 <-> 2.000000

Estimated parameters (av +/- std):

	 $\beta_{I}$: 0.483335 +/- 0.196810
	 $\beta_{E}$: 0.011298 +/- 0.014421
	 $N$: 88017704.620337 +/- 69812256.800219
	 $\mu$: 0.009622 +/- 0.002054
	 $\gamma$: 0.812674 +/- 0.168372
	 $t_{c}$: 21.421743 +/- 4.941377
	 RF_{0}: 0.983890 +/- 0.009822
	 $E_{0}$: 0.180821 +/- 0.043924

Posterior distribution on file posterior_'param'.png

RMSD: 0.008066
Weighted RMSD: 0.008066
RMSD for validation data: 0.196440
RMSD for total data: 0.507635
AIC: 16.016132
AIC for validation data: 16.392879
AIC for total data: 17.015271

#####################################################################

Total time on ABC: 3.851 s
Number of trials: 239310

Fit on file model_fit.png