2021-11-14_21-02-25

Data Source: Número de casos confirmados de COVID-19 no Brasil (on GitHub)
https://raw.githubusercontent.com/wcota/covid19br/master/cases-brazil-cities-time.csv

Rejection ABC fitting of epidemic curves

Model: SEIRD
Parameters: $\beta_{I}$, $\beta_{E}$, $N$, $\mu$, $\gamma$, $t_{c}$, RF_{0}, $E_{0}$
#####################################################################

Number of Samples: 48
Number of Posteriors: 3
RMSD Weights: [1,1]
Training window size: 45
Validation window size: 10

#####################################################################

Posterior No. 1
Execution Time: 11.317 s
Tolerance: eps = 0.019807

Priors' Ranges:

	 $\beta_{I}$: 0.000000 <-> 1.000000
	 $\beta_{E}$: 0.000000 <-> 1.000000
	 $N$: 331002.647000 <-> 66200529.400000
	 $\mu$: 0.000000 <-> 1.000000
	 $\gamma$: 0.000000 <-> 1.000000
	 $t_{c}$: 0.000000 <-> 30.000000
	 RF_{0}: 0.000000 <-> 1.000000
	 $E_{0}$: 0.000000 <-> 2.000000

Estimated parameters (av +/- std):

	 $\beta_{I}$: 0.119192 +/- 0.205864
	 $\beta_{E}$: 0.016255 +/- 0.029435
	 $N$: 42572844.002181 +/- 15884324.504754
	 $\mu$: 0.004315 +/- 0.003220
	 $\gamma$: 0.222818 +/- 0.184815
	 $t_{c}$: 21.356628 +/- 5.866218
	 RF_{0}: 0.989392 +/- 0.011345
	 $E_{0}$: 0.471595 +/- 0.121388

Posterior distribution on file posterior_'param'.png

RMSD: 0.009382
Weighted RMSD: 0.009382
RMSD for validation data: 0.090696
RMSD for total data: 0.486715
AIC: 16.018765
AIC for validation data: 16.181392
AIC for total data: 16.973429

#####################################################################

Total time on ABC: 11.317 s
Number of trials: 718708

Fit on file model_fit.png