2021-11-29_22-05-24

Data Source: Número de casos confirmados de COVID-19 no Brasil (on GitHub)
https://raw.githubusercontent.com/wcota/covid19br/master/cases-brazil-cities-time.csv

Rejection ABC fitting of epidemic curves

Model: SEIRD
Parameters: $\beta_{I}$, $\beta_{E}$, $N$, $\mu$, $\gamma$, $t_{c}$, RF_{0}, $E_{0}$
#####################################################################

Number of Samples: 48
Number of Posteriors: 3
RMSD Weights: [1,1]
Training window size: 25
Validation window size: 10

#####################################################################

Posterior No. 1
Execution Time: 1.483 s
Tolerance: eps = 21.523403

Priors' Ranges:

	 $\beta_{I}$: 0.000000 <-> 1.000000
	 $\beta_{E}$: 0.000000 <-> 1.000000
	 $N$: 212559.409000 <-> 42511881.800000
	 $\mu$: 0.000000 <-> 1.000000
	 $\gamma$: 0.000000 <-> 1.000000
	 $t_{c}$: 0.000000 <-> 30.000000
	 RF_{0}: 0.000000 <-> 1.000000
	 $E_{0}$: 0.000000 <-> 2.000000

Estimated parameters (av +/- std):

	 $\beta_{I}$: 0.647054 +/- 0.288739
	 $\beta_{E}$: 0.018710 +/- 0.292829
	 $N$: 7020043.563637 +/- 11033496.614647
	 $\mu$: 0.008378 +/- 0.243372
	 $\gamma$: 0.641428 +/- 0.260216
	 $t_{c}$: 24.702250 +/- 8.524762
	 RF_{0}: 0.896817 +/- 0.274180
	 $E_{0}$: 0.220139 +/- 0.591967

Posterior distribution on file posterior_'param'.png

RMSD: 0.203268
Weighted RMSD: 0.203268
RMSD for validation data: 0.972808
RMSD for total data: 0.449487
AIC: 16.406536
AIC for validation data: 17.945617
AIC for total data: 16.898973

#####################################################################

Total time on ABC: 1.483 s
Number of trials: 99657

Fit on file model_fit.png