2022-03-08_16-07-57

Data Source: Número de casos confirmados de COVID-19 no Brasil (on GitHub)
https://raw.githubusercontent.com/wcota/covid19br/master/cases-brazil-cities-time.csv

Rejection ABC fitting of epidemic curves

Model: SEIRD
Parameters: $\beta_{I}$, $\beta_{E}$, $N$, $\mu$, $\gamma$, $t_{c}$, RF_{0}, $E_{0}$
#####################################################################

Number of Samples: 48
Number of Posteriors: 3
RMSD Weights: [1,1]
Training window size: 30
Validation window size: 10

#####################################################################

Posterior No. 1
Execution Time: 0.636 s
Tolerance: eps = 0.05

Priors' Ranges:

	 $\beta_{I}$: 0.000000 <-> 1.000000
	 $\beta_{E}$: 0.000000 <-> 1.000000
	 $N$: 2125594.090000 <-> 106279704.500000
	 $\mu$: 0.000000 <-> 1.000000
	 $\gamma$: 0.000000 <-> 1.000000
	 $t_{c}$: 0.000000 <-> 30.000000
	 RF_{0}: 0.000000 <-> 1.000000
	 $E_{0}$: 0.000000 <-> 2.000000

Estimated parameters (av +/- std):

	 $\beta_{I}$: 0.126735 +/- 0.257125
	 $\beta_{E}$: 0.048133 +/- 0.019600
	 $N$: 56962999.795457 +/- 29579500.123403
	 $\mu$: 0.025982 +/- 0.006032
	 $\gamma$: 0.852285 +/- 0.183740
	 $t_{c}$: 29.585678 +/- 5.490081
	 RF_{0}: 0.903596 +/- 0.087494
	 $E_{0}$: 1.065720 +/- 0.272426

Posterior distribution on file posterior_'param'.png

RMSD: 0.015871
Weighted RMSD: 0.015871
RMSD for validation data: 0.282345
RMSD for total data: 0.449410
AIC: 16.031742
AIC for validation data: 16.564691
AIC for total data: 16.898820

#####################################################################

Total time on ABC: 0.636 s
Number of trials: 41190

Fit on file model_fit.png