2021-11-14_06-17-32

Data Source: Número de casos confirmados de COVID-19 no Brasil (on GitHub)
https://raw.githubusercontent.com/wcota/covid19br/master/cases-brazil-cities-time.csv

Rejection ABC fitting of epidemic curves

Model: SEIRD
Parameters: $\beta_{I}$, $\beta_{E}$, $N$, $\mu$, $\gamma$, $t_{c}$, RF_{0}, $E_{0}$
#####################################################################

Number of Samples: 960
Number of Posteriors: 3
RMSD Weights: [1,1]
Training window size: 20
Validation window size: 10

#####################################################################

Posterior No. 2
Execution Time: 0.091 s
Tolerance: eps = 34.140237

Priors' Ranges:

	 $\beta_{I}$: 0.000031 <-> 0.999952
	 $\beta_{E}$: 0.000301 <-> 0.998633
	 $N$: 84044.639072 <-> 16715629.675584
	 $\mu$: 0.000038 <-> 0.975877
	 $\gamma$: 0.023298 <-> 0.998880
	 $t_{c}$: 0.064600 <-> 29.975996
	 RF_{0}: 0.008401 <-> 0.999741
	 $E_{0}$: 0.000425 <-> 1.997171

Estimated parameters (av +/- std):

	 $\beta_{I}$: 0.739888 +/- 0.274641
	 $\beta_{E}$: 0.077464 +/- 0.255788
	 $N$: 3268067.044559 +/- 4879883.822272
	 $\mu$: 0.003351 +/- 0.188945
	 $\gamma$: 0.874425 +/- 0.209021
	 $t_{c}$: 21.669989 +/- 7.833349
	 RF_{0}: 0.881947 +/- 0.249002
	 $E_{0}$: 0.482044 +/- 0.529304

Posterior distribution on file posterior_'param'.png

RMSD: 0.163178
Weighted RMSD: 0.163178
RMSD for validation data: 0.223172
RMSD for total data: 0.300174
AIC: 16.326356
AIC for validation data: 16.446344
AIC for total data: 16.600348

#####################################################################

Total time on ABC: 0.208 s
Number of trials: 16339

Fit on file model_fit.png