2021-12-01_05-20-35

Data Source: Número de casos confirmados de COVID-19 no Brasil (on GitHub)
https://raw.githubusercontent.com/wcota/covid19br/master/cases-brazil-cities-time.csv

Rejection ABC fitting of epidemic curves

Model: SEIRD
Parameters: $\beta_{I}$, $\beta_{E}$, $N$, $\mu$, $\gamma$, $t_{c}$, RF_{0}, $E_{0}$
#####################################################################

Number of Samples: 48
Number of Posteriors: 3
RMSD Weights: [1,1]
Training window size: 25
Validation window size: 10

#####################################################################

Posterior No. 1
Execution Time: 11.084 s
Tolerance: eps = 18.560025

Priors' Ranges:

	 $\beta_{I}$: 0.000000 <-> 1.000000
	 $\beta_{E}$: 0.000000 <-> 1.000000
	 $N$: 212559.409000 <-> 42511881.800000
	 $\mu$: 0.000000 <-> 1.000000
	 $\gamma$: 0.000000 <-> 1.000000
	 $t_{c}$: 0.000000 <-> 30.000000
	 RF_{0}: 0.000000 <-> 1.000000
	 $E_{0}$: 0.000000 <-> 2.000000

Estimated parameters (av +/- std):

	 $\beta_{I}$: 0.868552 +/- 0.289314
	 $\beta_{E}$: 0.767792 +/- 0.290223
	 $N$: 11014432.593453 +/- 10803963.549168
	 $\mu$: 0.016954 +/- 0.246564
	 $\gamma$: 0.729599 +/- 0.263024
	 $t_{c}$: 19.866998 +/- 8.498327
	 RF_{0}: 0.980680 +/- 0.272908
	 $E_{0}$: 0.143850 +/- 0.590043

Posterior distribution on file posterior_'param'.png

RMSD: 0.117563
Weighted RMSD: 0.117563
RMSD for validation data: 0.515963
RMSD for total data: 0.385856
AIC: 16.235126
AIC for validation data: 17.031926
AIC for total data: 16.771712

#####################################################################

Total time on ABC: 11.084 s
Number of trials: 999282

Fit on file model_fit.png