2021-11-14_05-14-13

Data Source: Número de casos confirmados de COVID-19 no Brasil (on GitHub)
https://raw.githubusercontent.com/wcota/covid19br/master/cases-brazil-cities-time.csv

Rejection ABC fitting of epidemic curves

Model: SEIRD
Parameters: $\beta_{I}$, $\beta_{E}$, $N$, $\mu$, $\gamma$, $t_{c}$, RF_{0}, $E_{0}$
#####################################################################

Number of Samples: 960
Number of Posteriors: 3
RMSD Weights: [1,1]
Training window size: 45
Validation window size: 10

#####################################################################

Posterior No. 2
Execution Time: 0.141 s
Tolerance: eps = 0.166555

Priors' Ranges:

	 $\beta_{I}$: 0.000333 <-> 0.848559
	 $\beta_{E}$: 0.000004 <-> 0.101255
	 $N$: 184483.242606 <-> 16742545.430796
	 $\mu$: 0.006010 <-> 0.112629
	 $\gamma$: 0.098687 <-> 0.999683
	 $t_{c}$: 2.285559 <-> 29.925479
	 RF_{0}: 0.891635 <-> 0.999784
	 $E_{0}$: 0.000188 <-> 0.133418

Estimated parameters (av +/- std):

	 $\beta_{I}$: 0.082908 +/- 0.167500
	 $\beta_{E}$: 0.035318 +/- 0.020013
	 $N$: 1694594.661833 +/- 4358405.886533
	 $\mu$: 0.034463 +/- 0.015506
	 $\gamma$: 0.646186 +/- 0.173825
	 $t_{c}$: 16.843267 +/- 5.785051
	 RF_{0}: 0.972851 +/- 0.021647
	 $E_{0}$: 0.059974 +/- 0.025637

Posterior distribution on file posterior_'param'.png

RMSD: 0.046777
Weighted RMSD: 0.046777
RMSD for validation data: 1.046766
RMSD for total data: 0.415608
AIC: 16.093553
AIC for validation data: 18.093532
AIC for total data: 16.831215

#####################################################################

Total time on ABC: 0.236 s
Number of trials: 7455

Fit on file model_fit.png