2021-11-14_07-39-52

Data Source: Número de casos confirmados de COVID-19 no Brasil (on GitHub)
https://raw.githubusercontent.com/wcota/covid19br/master/cases-brazil-cities-time.csv

Rejection ABC fitting of epidemic curves

Model: SEIRD
Parameters: $\beta_{I}$, $\beta_{E}$, $N$, $\mu$, $\gamma$, $t_{c}$, RF_{0}, $E_{0}$
#####################################################################

Number of Samples: 960
Number of Posteriors: 3
RMSD Weights: [1,1]
Training window size: 40
Validation window size: 10

#####################################################################

Posterior No. 2
Execution Time: 0.123 s
Tolerance: eps = 2.498059

Priors' Ranges:

	 $\beta_{I}$: 0.000019 <-> 0.998209
	 $\beta_{E}$: 0.000052 <-> 0.890635
	 $N$: 1426516.710492 <-> 275682849.024205
	 $\mu$: 0.000595 <-> 0.999751
	 $\gamma$: 0.005889 <-> 0.999737
	 $t_{c}$: 0.043910 <-> 29.957941
	 RF_{0}: 0.005612 <-> 0.996149
	 $E_{0}$: 0.000662 <-> 1.975721

Estimated parameters (av +/- std):

	 $\beta_{I}$: 0.459204 +/- 0.232863
	 $\beta_{E}$: 0.040451 +/- 0.088526
	 $N$: 269402340.178640 +/- 74621031.963172
	 $\mu$: 0.014461 +/- 0.279735
	 $\gamma$: 0.597586 +/- 0.214867
	 $t_{c}$: 23.575953 +/- 8.917197
	 RF_{0}: 0.288520 +/- 0.270916
	 $E_{0}$: 1.805410 +/- 0.484911

Posterior distribution on file posterior_'param'.png

RMSD: 0.077972
Weighted RMSD: 0.077972
RMSD for validation data: 0.348627
RMSD for total data: 0.494841
AIC: 16.155944
AIC for validation data: 16.697255
AIC for total data: 16.989683

#####################################################################

Total time on ABC: 0.363 s
Number of trials: 10482

Fit on file model_fit.png