2021-11-14_05-08-12

Data Source: Número de casos confirmados de COVID-19 no Brasil (on GitHub)
https://raw.githubusercontent.com/wcota/covid19br/master/cases-brazil-cities-time.csv

Rejection ABC fitting of epidemic curves

Model: SEIRD
Parameters: $\beta_{I}$, $\beta_{E}$, $N$, $\mu$, $\gamma$, $t_{c}$, RF_{0}, $E_{0}$
#####################################################################

Number of Samples: 48
Number of Posteriors: 3
RMSD Weights: [1,1]
Training window size: 15
Validation window size: 10

#####################################################################

Posterior No. 1
Execution Time: 0.099 s
Tolerance: eps = 196.307614

Priors' Ranges:

	 $\beta_{I}$: 0.000000 <-> 1.000000
	 $\beta_{E}$: 0.000000 <-> 1.000000
	 $N$: 126476.458000 <-> 25295291.600000
	 $\mu$: 0.000000 <-> 1.000000
	 $\gamma$: 0.000000 <-> 1.000000
	 $t_{c}$: 0.000000 <-> 30.000000
	 RF_{0}: 0.000000 <-> 1.000000
	 $E_{0}$: 0.000000 <-> 2.000000

Estimated parameters (av +/- std):

	 $\beta_{I}$: 0.014584 +/- 0.290887
	 $\beta_{E}$: 0.442113 +/- 0.203201
	 $N$: 9955638.688568 +/- 7813379.203555
	 $\mu$: 0.000900 +/- 0.271154
	 $\gamma$: 0.716152 +/- 0.260179
	 $t_{c}$: 8.725882 +/- 8.423040
	 RF_{0}: 0.874729 +/- 0.264714
	 $E_{0}$: 0.029511 +/- 0.551507

Posterior distribution on file posterior_'param'.png

RMSD: 1.994909
Weighted RMSD: 1.994909
RMSD for validation data: 65.547616
RMSD for total data: 8.536216
AIC: 19.989819
AIC for validation data: 147.095231
AIC for total data: 33.072431

#####################################################################

Total time on ABC: 0.099 s
Number of trials: 9308

Fit on file model_fit.png