2021-11-14_19-38-02

Data Source: Número de casos confirmados de COVID-19 no Brasil (on GitHub)
https://raw.githubusercontent.com/wcota/covid19br/master/cases-brazil-cities-time.csv

Rejection ABC fitting of epidemic curves

Model: SEIRD
Parameters: $\beta_{I}$, $\beta_{E}$, $N$, $\mu$, $\gamma$, $t_{c}$, RF_{0}, $E_{0}$
#####################################################################

Number of Samples: 48
Number of Posteriors: 3
RMSD Weights: [1,1]
Training window size: 50
Validation window size: 10

#####################################################################

Posterior No. 1
Execution Time: 4.999 s
Tolerance: eps = 0.042974

Priors' Ranges:

	 $\beta_{I}$: 0.000000 <-> 1.000000
	 $\beta_{E}$: 0.000000 <-> 1.000000
	 $N$: 51269.183000 <-> 10253836.600000
	 $\mu$: 0.000000 <-> 1.000000
	 $\gamma$: 0.000000 <-> 1.000000
	 $t_{c}$: 0.000000 <-> 30.000000
	 RF_{0}: 0.000000 <-> 1.000000
	 $E_{0}$: 0.000000 <-> 2.000000

Estimated parameters (av +/- std):

	 $\beta_{I}$: 0.024843 +/- 0.132687
	 $\beta_{E}$: 0.015915 +/- 0.013615
	 $N$: 8358750.260228 +/- 3032126.085376
	 $\mu$: 0.002911 +/- 0.005018
	 $\gamma$: 0.121655 +/- 0.232935
	 $t_{c}$: 20.282135 +/- 5.096984
	 RF_{0}: 0.940906 +/- 0.018197
	 $E_{0}$: 0.647987 +/- 0.132057

Posterior distribution on file posterior_'param'.png

RMSD: 0.023952
Weighted RMSD: 0.023952
RMSD for validation data: 0.323389
RMSD for total data: 0.433979
AIC: 16.047903
AIC for validation data: 16.646777
AIC for total data: 16.867957

#####################################################################

Total time on ABC: 4.999 s
Number of trials: 249820

Fit on file model_fit.png