2021-11-14_04-49-43

Data Source: Número de casos confirmados de COVID-19 no Brasil (on GitHub)
https://raw.githubusercontent.com/wcota/covid19br/master/cases-brazil-cities-time.csv

Rejection ABC fitting of epidemic curves

Model: SEIRD
Parameters: $\beta_{I}$, $\beta_{E}$, $N$, $\mu$, $\gamma$, $t_{c}$, RF_{0}, $E_{0}$
#####################################################################

Number of Samples: 960
Number of Posteriors: 3
RMSD Weights: [1,1]
Training window size: 30
Validation window size: 10

#####################################################################

Posterior No. 2
Execution Time: 0.135 s
Tolerance: eps = 0.110606

Priors' Ranges:

	 $\beta_{I}$: 0.002872 <-> 0.997965
	 $\beta_{E}$: 0.000073 <-> 0.303568
	 $N$: 2959384.927549 <-> 16664167.898125
	 $\mu$: 0.002037 <-> 0.030766
	 $\gamma$: 0.111497 <-> 0.998908
	 $t_{c}$: 2.801412 <-> 29.993611
	 RF_{0}: 0.885905 <-> 0.999892
	 $E_{0}$: 0.000236 <-> 0.146641

Estimated parameters (av +/- std):

	 $\beta_{I}$: 0.336980 +/- 0.232332
	 $\beta_{E}$: 0.041436 +/- 0.059799
	 $N$: 12235175.800692 +/- 3181194.352669
	 $\mu$: 0.005385 +/- 0.005158
	 $\gamma$: 0.280008 +/- 0.230941
	 $t_{c}$: 26.577648 +/- 7.208833
	 RF_{0}: 0.959720 +/- 0.019073
	 $E_{0}$: 0.064109 +/- 0.031066

Posterior distribution on file posterior_'param'.png

RMSD: 0.030565
Weighted RMSD: 0.030565
RMSD for validation data: 0.748692
RMSD for total data: 0.254440
AIC: 16.061130
AIC for validation data: 17.497384
AIC for total data: 16.508879

#####################################################################

Total time on ABC: 0.258 s
Number of trials: 9897

Fit on file model_fit.png