2021-11-14_05-05-40

Data Source: Número de casos confirmados de COVID-19 no Brasil (on GitHub)
https://raw.githubusercontent.com/wcota/covid19br/master/cases-brazil-cities-time.csv

Rejection ABC fitting of epidemic curves

Model: SEIRD
Parameters: $\beta_{I}$, $\beta_{E}$, $N$, $\mu$, $\gamma$, $t_{c}$, RF_{0}, $E_{0}$
#####################################################################

Number of Samples: 960
Number of Posteriors: 3
RMSD Weights: [1,1]
Training window size: 25
Validation window size: 10

#####################################################################

Posterior No. 3
Execution Time: 0.101 s
Tolerance: eps = 33.725628

Priors' Ranges:

	 $\beta_{I}$: 0.002340 <-> 0.999857
	 $\beta_{E}$: 0.000055 <-> 0.864236
	 $N$: 143926.395666 <-> 25278210.420783
	 $\mu$: 0.000092 <-> 0.993242
	 $\gamma$: 0.036158 <-> 0.999965
	 $t_{c}$: 0.041065 <-> 29.964443
	 RF_{0}: 0.014711 <-> 0.999567
	 $E_{0}$: 0.000418 <-> 1.972982

Estimated parameters (av +/- std):

	 $\beta_{I}$: 0.077578 +/- 0.249992
	 $\beta_{E}$: 0.012224 +/- 0.064605
	 $N$: 9328142.489478 +/- 6919443.313286
	 $\mu$: 0.001005 +/- 0.259164
	 $\gamma$: 0.634067 +/- 0.215217
	 $t_{c}$: 10.711083 +/- 8.029102
	 RF_{0}: 0.712333 +/- 0.256921
	 $E_{0}$: 0.093724 +/- 0.453164

Posterior distribution on file posterior_'param'.png

RMSD: 0.618064
Weighted RMSD: 0.618064
RMSD for validation data: 3.080798
RMSD for total data: 0.399269
AIC: 17.236129
AIC for validation data: 22.161596
AIC for total data: 16.798538

#####################################################################

Total time on ABC: 0.301 s
Number of trials: 6615

Fit on file model_fit.png