2021-11-14_19-37-26

Data Source: Número de casos confirmados de COVID-19 no Brasil (on GitHub)
https://raw.githubusercontent.com/wcota/covid19br/master/cases-brazil-cities-time.csv

Rejection ABC fitting of epidemic curves

Model: SEIRD
Parameters: $\beta_{I}$, $\beta_{E}$, $N$, $\mu$, $\gamma$, $t_{c}$, RF_{0}, $E_{0}$
#####################################################################

Number of Samples: 960
Number of Posteriors: 3
RMSD Weights: [1,1]
Training window size: 45
Validation window size: 10

#####################################################################

Posterior No. 3
Execution Time: 0.221 s
Tolerance: eps = 0.130083

Priors' Ranges:

	 $\beta_{I}$: 0.000356 <-> 0.998702
	 $\beta_{E}$: 0.000652 <-> 0.998362
	 $N$: 325424.574539 <-> 848123.713719
	 $\mu$: 0.000943 <-> 0.025680
	 $\gamma$: 0.056598 <-> 0.992087
	 $t_{c}$: 2.558106 <-> 29.952038
	 RF_{0}: 0.811086 <-> 0.999803
	 $E_{0}$: 0.000757 <-> 0.113351

Estimated parameters (av +/- std):

	 $\beta_{I}$: 0.021171 +/- 0.237512
	 $\beta_{E}$: 0.120644 +/- 0.217844
	 $N$: 715189.673033 +/- 142208.340491
	 $\mu$: 0.006323 +/- 0.003569
	 $\gamma$: 0.406362 +/- 0.192767
	 $t_{c}$: 20.346833 +/- 6.075160
	 RF_{0}: 0.960728 +/- 0.031596
	 $E_{0}$: 0.044264 +/- 0.023327

Posterior distribution on file posterior_'param'.png

RMSD: 0.033254
Weighted RMSD: 0.033254
RMSD for validation data: 0.784471
RMSD for total data: 0.433674
AIC: 16.066507
AIC for validation data: 17.568942
AIC for total data: 16.867348

#####################################################################

Total time on ABC: 0.522 s
Number of trials: 11558

Fit on file model_fit.png