2021-11-14_20-30-25

Data Source: Número de casos confirmados de COVID-19 no Brasil (on GitHub)
https://raw.githubusercontent.com/wcota/covid19br/master/cases-brazil-cities-time.csv

Rejection ABC fitting of epidemic curves

Model: SEIRD
Parameters: $\beta_{I}$, $\beta_{E}$, $N$, $\mu$, $\gamma$, $t_{c}$, RF_{0}, $E_{0}$
#####################################################################

Number of Samples: 960
Number of Posteriors: 3
RMSD Weights: [1,1]
Training window size: 40
Validation window size: 10

#####################################################################

Posterior No. 2
Execution Time: 0.117 s
Tolerance: eps = 123.909325

Priors' Ranges:

	 $\beta_{I}$: 0.000340 <-> 0.997202
	 $\beta_{E}$: 0.000110 <-> 0.897838
	 $N$: 52910.816285 <-> 10219100.623853
	 $\mu$: 0.000085 <-> 0.992459
	 $\gamma$: 0.020060 <-> 0.999039
	 $t_{c}$: 0.058933 <-> 29.983243
	 RF_{0}: 0.001023 <-> 0.998539
	 $E_{0}$: 0.001621 <-> 1.992797

Estimated parameters (av +/- std):

	 $\beta_{I}$: 0.028104 +/- 0.254442
	 $\beta_{E}$: 0.159822 +/- 0.114855
	 $N$: 57826.368226 +/- 2897181.381481
	 $\mu$: 0.002874 +/- 0.276324
	 $\gamma$: 0.979259 +/- 0.233104
	 $t_{c}$: 26.399152 +/- 8.876517
	 RF_{0}: 0.033180 +/- 0.255860
	 $E_{0}$: 0.524196 +/- 0.472226

Posterior distribution on file posterior_'param'.png

RMSD: 1.012709
Weighted RMSD: 1.012709
RMSD for validation data: 1.852810
RMSD for total data: 0.433979
AIC: 18.025418
AIC for validation data: 19.705620
AIC for total data: 16.867957

#####################################################################

Total time on ABC: 0.329 s
Number of trials: 14930

Fit on file model_fit.png