2022-03-08_15-59-59

Data Source: Número de casos confirmados de COVID-19 no Brasil (on GitHub)
https://raw.githubusercontent.com/wcota/covid19br/master/cases-brazil-cities-time.csv

Rejection ABC fitting of epidemic curves

Model: SEIRD
Parameters: $\beta_{I}$, $\beta_{E}$, $N$, $\mu$, $\gamma$, $t_{c}$, RF_{0}, $E_{0}$
#####################################################################

Number of Samples: 48
Number of Posteriors: 3
RMSD Weights: [1,1]
Training window size: 20
Validation window size: 10

#####################################################################

Posterior No. 1
Execution Time: 0.383 s
Tolerance: eps = 0.05

Priors' Ranges:

	 $\beta_{I}$: 0.000000 <-> 1.000000
	 $\beta_{E}$: 0.000000 <-> 1.000000
	 $N$: 2125594.090000 <-> 106279704.500000
	 $\mu$: 0.000000 <-> 1.000000
	 $\gamma$: 0.000000 <-> 1.000000
	 $t_{c}$: 0.000000 <-> 30.000000
	 RF_{0}: 0.000000 <-> 1.000000
	 $E_{0}$: 0.000000 <-> 2.000000

Estimated parameters (av +/- std):

	 $\beta_{I}$: 0.742745 +/- 0.259867
	 $\beta_{E}$: 0.026891 +/- 0.029057
	 $N$: 54981814.038034 +/- 26003543.565869
	 $\mu$: 0.015084 +/- 0.003367
	 $\gamma$: 0.814761 +/- 0.192044
	 $t_{c}$: 17.712482 +/- 5.374436
	 RF_{0}: 0.997752 +/- 0.003553
	 $E_{0}$: 0.083453 +/- 0.020867

Posterior distribution on file posterior_'param'.png

RMSD: 0.027060
Weighted RMSD: 0.027060
RMSD for validation data: 0.124677
RMSD for total data: 0.449488
AIC: 16.054120
AIC for validation data: 16.249354
AIC for total data: 16.898976

#####################################################################

Total time on ABC: 0.383 s
Number of trials: 38777

Fit on file model_fit.png