2021-11-14_20-27-56

Data Source: Número de casos confirmados de COVID-19 no Brasil (on GitHub)
https://raw.githubusercontent.com/wcota/covid19br/master/cases-brazil-cities-time.csv

Rejection ABC fitting of epidemic curves

Model: SEIRD
Parameters: $\beta_{I}$, $\beta_{E}$, $N$, $\mu$, $\gamma$, $t_{c}$, RF_{0}, $E_{0}$
#####################################################################

Number of Samples: 960
Number of Posteriors: 3
RMSD Weights: [1,1]
Training window size: 35
Validation window size: 10

#####################################################################

Posterior No. 3
Execution Time: 0.075 s
Tolerance: eps = 0.327616

Priors' Ranges:

	 $\beta_{I}$: 0.004696 <-> 0.999673
	 $\beta_{E}$: 0.003390 <-> 0.435088
	 $N$: 52728.168754 <-> 10212776.538399
	 $\mu$: 0.001901 <-> 0.999549
	 $\gamma$: 0.011246 <-> 0.997771
	 $t_{c}$: 0.584635 <-> 29.937689
	 RF_{0}: 0.001250 <-> 0.999869
	 $E_{0}$: 0.001739 <-> 1.997718

Estimated parameters (av +/- std):

	 $\beta_{I}$: 0.598641 +/- 0.260819
	 $\beta_{E}$: 0.059539 +/- 0.044933
	 $N$: 5078122.402885 +/- 2668504.775445
	 $\mu$: 0.005942 +/- 0.246816
	 $\gamma$: 0.343911 +/- 0.240630
	 $t_{c}$: 0.584635 +/- 6.605282
	 RF_{0}: 0.734929 +/- 0.244491
	 $E_{0}$: 0.009414 +/- 0.503871

Posterior distribution on file posterior_'param'.png

RMSD: 0.203675
Weighted RMSD: 0.203675
RMSD for validation data: 25.850410
RMSD for total data: 0.433979
AIC: 16.407349
AIC for validation data: 67.700821
AIC for total data: 16.867957

#####################################################################

Total time on ABC: 0.322 s
Number of trials: 6480

Fit on file model_fit.png