2021-11-14_05-05-40

Data Source: Número de casos confirmados de COVID-19 no Brasil (on GitHub)
https://raw.githubusercontent.com/wcota/covid19br/master/cases-brazil-cities-time.csv

Rejection ABC fitting of epidemic curves

Model: SEIRD
Parameters: $\beta_{I}$, $\beta_{E}$, $N$, $\mu$, $\gamma$, $t_{c}$, RF_{0}, $E_{0}$
#####################################################################

Number of Samples: 48
Number of Posteriors: 3
RMSD Weights: [1,1]
Training window size: 15
Validation window size: 10

#####################################################################

Posterior No. 1
Execution Time: 0.105 s
Tolerance: eps = 53.083604

Priors' Ranges:

	 $\beta_{I}$: 0.000000 <-> 1.000000
	 $\beta_{E}$: 0.000000 <-> 1.000000
	 $N$: 126476.458000 <-> 25295291.600000
	 $\mu$: 0.000000 <-> 1.000000
	 $\gamma$: 0.000000 <-> 1.000000
	 $t_{c}$: 0.000000 <-> 30.000000
	 RF_{0}: 0.000000 <-> 1.000000
	 $E_{0}$: 0.000000 <-> 2.000000

Estimated parameters (av +/- std):

	 $\beta_{I}$: 0.886151 +/- 0.281226
	 $\beta_{E}$: 0.079514 +/- 0.226153
	 $N$: 19044148.356956 +/- 7796568.757995
	 $\mu$: 0.004458 +/- 0.274283
	 $\gamma$: 0.628567 +/- 0.253868
	 $t_{c}$: 17.838752 +/- 8.443158
	 RF_{0}: 0.876144 +/- 0.275098
	 $E_{0}$: 0.059505 +/- 0.565060

Posterior distribution on file posterior_'param'.png

RMSD: 0.106970
Weighted RMSD: 0.106970
RMSD for validation data: 0.872645
RMSD for total data: 15.792872
AIC: 16.213939
AIC for validation data: 17.745290
AIC for total data: 47.585744

#####################################################################

Total time on ABC: 0.105 s
Number of trials: 9624

Fit on file model_fit.png