2021-12-01_05-20-35

Data Source: Número de casos confirmados de COVID-19 no Brasil (on GitHub)
https://raw.githubusercontent.com/wcota/covid19br/master/cases-brazil-cities-time.csv

Rejection ABC fitting of epidemic curves

Model: SEIRD
Parameters: $\beta_{I}$, $\beta_{E}$, $N$, $\mu$, $\gamma$, $t_{c}$, RF_{0}, $E_{0}$
#####################################################################

Number of Samples: 99984
Number of Posteriors: 3
RMSD Weights: [1,1]
Training window size: 20
Validation window size: 10

#####################################################################

Posterior No. 2
Execution Time: 85.105 s
Tolerance: eps = 8.257033

Priors' Ranges:

	 $\beta_{I}$: 0.000002 <-> 0.999997
	 $\beta_{E}$: 0.000017 <-> 0.999992
	 $N$: 213502.760398 <-> 42499514.539356
	 $\mu$: 0.000001 <-> 0.999760
	 $\gamma$: 0.000290 <-> 0.999998
	 $t_{c}$: 0.035700 <-> 29.999791
	 RF_{0}: 0.000156 <-> 0.999997
	 $E_{0}$: 0.000000 <-> 1.999953

Estimated parameters (av +/- std):

	 $\beta_{I}$: 0.674045 +/- 0.267052
	 $\beta_{E}$: 0.278580 +/- 0.266526
	 $N$: 14171065.836095 +/- 8756510.676431
	 $\mu$: 0.019727 +/- 0.182820
	 $\gamma$: 0.878536 +/- 0.228198
	 $t_{c}$: 26.013339 +/- 7.652221
	 RF_{0}: 0.998744 +/- 0.228351
	 $E_{0}$: 0.203985 +/- 0.546005

Posterior distribution on file posterior_'param'.png

RMSD: 0.074353
Weighted RMSD: 0.074353
RMSD for validation data: 0.244407
RMSD for total data: 0.431824
AIC: 16.148705
AIC for validation data: 16.488813
AIC for total data: 16.863647

#####################################################################

Total time on ABC: 94.392 s
Number of trials: 1330334

Fit on file model_fit.png