2021-12-01_00-51-50

Data Source: Número de casos confirmados de COVID-19 no Brasil (on GitHub)
https://raw.githubusercontent.com/wcota/covid19br/master/cases-brazil-cities-time.csv

Rejection ABC fitting of epidemic curves

Model: SEIRD
Parameters: $\beta_{I}$, $\beta_{E}$, $N$, $\mu$, $\gamma$, $t_{c}$, RF_{0}, $E_{0}$
#####################################################################

Number of Samples: 48
Number of Posteriors: 3
RMSD Weights: [1,1]
Training window size: 10
Validation window size: 10

#####################################################################

Posterior No. 1
Execution Time: 6.529 s
Tolerance: eps = 34.948985

Priors' Ranges:

	 $\beta_{I}$: 0.000000 <-> 1.000000
	 $\beta_{E}$: 0.000000 <-> 1.000000
	 $N$: 212559.409000 <-> 42511881.800000
	 $\mu$: 0.000000 <-> 1.000000
	 $\gamma$: 0.000000 <-> 1.000000
	 $t_{c}$: 0.000000 <-> 30.000000
	 RF_{0}: 0.000000 <-> 1.000000
	 $E_{0}$: 0.000000 <-> 2.000000

Estimated parameters (av +/- std):

	 $\beta_{I}$: 0.149092 +/- 0.289189
	 $\beta_{E}$: 0.531940 +/- 0.289675
	 $N$: 6677600.553265 +/- 12376105.863023
	 $\mu$: 0.000271 +/- 0.227499
	 $\gamma$: 0.094759 +/- 0.268821
	 $t_{c}$: 25.207884 +/- 8.083763
	 RF_{0}: 0.400301 +/- 0.273970
	 $E_{0}$: 0.029798 +/- 0.587134

Posterior distribution on file posterior_'param'.png

RMSD: 0.126062
Weighted RMSD: 0.126062
RMSD for validation data: 0.540866
RMSD for total data: 0.328054
AIC: 16.252124
AIC for validation data: 17.081731
AIC for total data: 16.656108

#####################################################################

Total time on ABC: 6.529 s
Number of trials: 1003300

Fit on file model_fit.png