2021-11-29_22-05-24

Data Source: Número de casos confirmados de COVID-19 no Brasil (on GitHub)
https://raw.githubusercontent.com/wcota/covid19br/master/cases-brazil-cities-time.csv

Rejection ABC fitting of epidemic curves

Model: SEIRD
Parameters: $\beta_{I}$, $\beta_{E}$, $N$, $\mu$, $\gamma$, $t_{c}$, RF_{0}, $E_{0}$
#####################################################################

Number of Samples: 9984
Number of Posteriors: 3
RMSD Weights: [1,1]
Training window size: 20
Validation window size: 10

#####################################################################

Posterior No. 2
Execution Time: 1.688 s
Tolerance: eps = 6.987527

Priors' Ranges:

	 $\beta_{I}$: 0.000827 <-> 0.999907
	 $\beta_{E}$: 0.000103 <-> 0.999880
	 $N$: 216537.899672 <-> 42503549.192205
	 $\mu$: 0.000003 <-> 0.999516
	 $\gamma$: 0.000342 <-> 0.999985
	 $t_{c}$: 0.043085 <-> 29.999366
	 RF_{0}: 0.000169 <-> 0.999935
	 $E_{0}$: 0.000046 <-> 1.999701

Estimated parameters (av +/- std):

	 $\beta_{I}$: 0.559368 +/- 0.268623
	 $\beta_{E}$: 0.850947 +/- 0.266046
	 $N$: 13617928.305472 +/- 8728600.703785
	 $\mu$: 0.013107 +/- 0.188677
	 $\gamma$: 0.612651 +/- 0.226379
	 $t_{c}$: 14.848842 +/- 7.583355
	 RF_{0}: 0.973338 +/- 0.220647
	 $E_{0}$: 0.084024 +/- 0.541107

Posterior distribution on file posterior_'param'.png

RMSD: 0.051820
Weighted RMSD: 0.051820
RMSD for validation data: 0.247444
RMSD for total data: 0.507940
AIC: 16.103640
AIC for validation data: 16.494888
AIC for total data: 17.015880

#####################################################################

Total time on ABC: 2.984 s
Number of trials: 128553

Fit on file model_fit.png