2021-11-14_19-26-42

Data Source: Número de casos confirmados de COVID-19 no Brasil (on GitHub)
https://raw.githubusercontent.com/wcota/covid19br/master/cases-brazil-cities-time.csv

Rejection ABC fitting of epidemic curves

Model: SEIRD
Parameters: $\beta_{I}$, $\beta_{E}$, $N$, $\mu$, $\gamma$, $t_{c}$, RF_{0}, $E_{0}$
#####################################################################

Number of Samples: 960
Number of Posteriors: 3
RMSD Weights: [1,1]
Training window size: 30
Validation window size: 10

#####################################################################

Posterior No. 2
Execution Time: 0.048 s
Tolerance: eps = 0.116703

Priors' Ranges:

	 $\beta_{I}$: 0.001086 <-> 0.999917
	 $\beta_{E}$: 0.033504 <-> 0.999937
	 $N$: 2733580.750761 <-> 3913510.196091
	 $\mu$: 0.000790 <-> 0.014401
	 $\gamma$: 0.002349 <-> 0.835006
	 $t_{c}$: 4.462823 <-> 29.938745
	 RF_{0}: 0.763046 <-> 0.998635
	 $E_{0}$: 0.002080 <-> 0.281380

Estimated parameters (av +/- std):

	 $\beta_{I}$: 0.506180 +/- 0.227692
	 $\beta_{E}$: 0.488258 +/- 0.183362
	 $N$: 3551180.191955 +/- 228850.983588
	 $\mu$: 0.004930 +/- 0.002721
	 $\gamma$: 0.372692 +/- 0.150633
	 $t_{c}$: 18.840374 +/- 4.438195
	 RF_{0}: 0.879543 +/- 0.044732
	 $E_{0}$: 0.096448 +/- 0.046920

Posterior distribution on file posterior_'param'.png

RMSD: 0.044386
Weighted RMSD: 0.044386
RMSD for validation data: 0.610894
RMSD for total data: 0.407147
AIC: 16.088771
AIC for validation data: 17.221788
AIC for total data: 16.814294

#####################################################################

Total time on ABC: 0.152 s
Number of trials: 2762

Fit on file model_fit.png