2021-11-14_04-49-43

Data Source: Número de casos confirmados de COVID-19 no Brasil (on GitHub)
https://raw.githubusercontent.com/wcota/covid19br/master/cases-brazil-cities-time.csv

Rejection ABC fitting of epidemic curves

Model: SEIRD
Parameters: $\beta_{I}$, $\beta_{E}$, $N$, $\mu$, $\gamma$, $t_{c}$, RF_{0}, $E_{0}$
#####################################################################

Number of Samples: 960
Number of Posteriors: 3
RMSD Weights: [1,1]
Training window size: 40
Validation window size: 10

#####################################################################

Posterior No. 2
Execution Time: 8.091 s
Tolerance: eps = 0.026633

Priors' Ranges:

	 $\beta_{I}$: 0.001261 <-> 0.995920
	 $\beta_{E}$: 0.000443 <-> 0.113801
	 $N$: 655939.144261 <-> 16755418.666984
	 $\mu$: 0.000958 <-> 0.008258
	 $\gamma$: 0.100159 <-> 0.998116
	 $t_{c}$: 9.396826 <-> 29.961204
	 RF_{0}: 0.962924 <-> 0.985398
	 $E_{0}$: 0.000488 <-> 0.054910

Estimated parameters (av +/- std):

	 $\beta_{I}$: 0.203576 +/- 0.263083
	 $\beta_{E}$: 0.052129 +/- 0.019597
	 $N$: 10836138.931770 +/- 4304092.032739
	 $\mu$: 0.002908 +/- 0.001386
	 $\gamma$: 0.374734 +/- 0.175751
	 $t_{c}$: 28.334891 +/- 4.856420
	 RF_{0}: 0.972238 +/- 0.004098
	 $E_{0}$: 0.034741 +/- 0.011148

Posterior distribution on file posterior_'param'.png

RMSD: 0.018221
Weighted RMSD: 0.018221
RMSD for validation data: 0.355823
RMSD for total data: 0.409340
AIC: 16.036442
AIC for validation data: 16.711646
AIC for total data: 16.818680

#####################################################################

Total time on ABC: 13.253 s
Number of trials: 546148

Fit on file model_fit.png