2021-11-14_19-22-12

Data Source: Número de casos confirmados de COVID-19 no Brasil (on GitHub)
https://raw.githubusercontent.com/wcota/covid19br/master/cases-brazil-cities-time.csv

Rejection ABC fitting of epidemic curves

Model: SEIRD
Parameters: $\beta_{I}$, $\beta_{E}$, $N$, $\mu$, $\gamma$, $t_{c}$, RF_{0}, $E_{0}$
#####################################################################

Number of Samples: 960
Number of Posteriors: 3
RMSD Weights: [1,1]
Training window size: 40
Validation window size: 10

#####################################################################

Posterior No. 2
Execution Time: 1.394 s
Tolerance: eps = 0.028808

Priors' Ranges:

	 $\beta_{I}$: 0.001742 <-> 0.996094
	 $\beta_{E}$: 0.002590 <-> 0.145016
	 $N$: 190443.034916 <-> 10242530.419499
	 $\mu$: 0.001201 <-> 0.007730
	 $\gamma$: 0.134132 <-> 0.999984
	 $t_{c}$: 3.862774 <-> 29.961650
	 RF_{0}: 0.893682 <-> 0.999424
	 $E_{0}$: 0.002408 <-> 0.200824

Estimated parameters (av +/- std):

	 $\beta_{I}$: 0.900600 +/- 0.254780
	 $\beta_{E}$: 0.048963 +/- 0.022005
	 $N$: 4063810.698491 +/- 2696246.172759
	 $\mu$: 0.005849 +/- 0.001272
	 $\gamma$: 0.843041 +/- 0.188953
	 $t_{c}$: 22.271260 +/- 5.450180
	 RF_{0}: 0.974573 +/- 0.019143
	 $E_{0}$: 0.114556 +/- 0.039019

Posterior distribution on file posterior_'param'.png

RMSD: 0.016482
Weighted RMSD: 0.016482
RMSD for validation data: 0.311400
RMSD for total data: 0.433979
AIC: 16.032963
AIC for validation data: 16.622800
AIC for total data: 16.867957

#####################################################################

Total time on ABC: 2.867 s
Number of trials: 89647

Fit on file model_fit.png