2021-11-14_23-05-32

Data Source: Número de casos confirmados de COVID-19 no Brasil (on GitHub)
https://raw.githubusercontent.com/wcota/covid19br/master/cases-brazil-cities-time.csv

Rejection ABC fitting of epidemic curves

Model: SEIRD
Parameters: $\beta_{I}$, $\beta_{E}$, $N$, $\mu$, $\gamma$, $t_{c}$, RF_{0}, $E_{0}$
#####################################################################

Number of Samples: 48
Number of Posteriors: 3
RMSD Weights: [1,1]
Training window size: 10
Validation window size: 10

#####################################################################

Posterior No. 1
Execution Time: 0.066 s
Tolerance: eps = 38.597426

Priors' Ranges:

	 $\beta_{I}$: 0.000000 <-> 1.000000
	 $\beta_{E}$: 0.000000 <-> 1.000000
	 $N$: 331002.647000 <-> 66200529.400000
	 $\mu$: 0.000000 <-> 1.000000
	 $\gamma$: 0.000000 <-> 1.000000
	 $t_{c}$: 0.000000 <-> 30.000000
	 RF_{0}: 0.000000 <-> 1.000000
	 $E_{0}$: 0.000000 <-> 2.000000

Estimated parameters (av +/- std):

	 $\beta_{I}$: 0.101511 +/- 0.286596
	 $\beta_{E}$: 0.084496 +/- 0.293852
	 $N$: 44992294.852954 +/- 19825986.077553
	 $\mu$: 0.017706 +/- 0.212947
	 $\gamma$: 0.799019 +/- 0.276095
	 $t_{c}$: 16.812207 +/- 8.196627
	 RF_{0}: 0.963712 +/- 0.276738
	 $E_{0}$: 0.114417 +/- 0.576962

Posterior distribution on file posterior_'param'.png

RMSD: 0.283183
Weighted RMSD: 0.283183
RMSD for validation data: 0.692984
RMSD for total data: 0.484612
AIC: 16.566365
AIC for validation data: 17.385968
AIC for total data: 16.969223

#####################################################################

Total time on ABC: 0.066 s
Number of trials: 9238

Fit on file model_fit.png