2021-11-14_06-19-53

Data Source: Número de casos confirmados de COVID-19 no Brasil (on GitHub)
https://raw.githubusercontent.com/wcota/covid19br/master/cases-brazil-cities-time.csv

Rejection ABC fitting of epidemic curves

Model: SEIRD
Parameters: $\beta_{I}$, $\beta_{E}$, $N$, $\mu$, $\gamma$, $t_{c}$, RF_{0}, $E_{0}$
#####################################################################

Number of Samples: 960
Number of Posteriors: 3
RMSD Weights: [1,1]
Training window size: 45
Validation window size: 10

#####################################################################

Posterior No. 2
Execution Time: 0.135 s
Tolerance: eps = 3.769366

Priors' Ranges:

	 $\beta_{I}$: 0.001703 <-> 0.996066
	 $\beta_{E}$: 0.000812 <-> 0.999743
	 $N$: 84742.978309 <-> 16636664.547024
	 $\mu$: 0.000013 <-> 0.987512
	 $\gamma$: 0.019907 <-> 0.998647
	 $t_{c}$: 0.048597 <-> 29.980674
	 RF_{0}: 0.009179 <-> 0.999954
	 $E_{0}$: 0.004213 <-> 1.997261

Estimated parameters (av +/- std):

	 $\beta_{I}$: 0.497274 +/- 0.266252
	 $\beta_{E}$: 0.033148 +/- 0.281533
	 $N$: 2734035.831106 +/- 2971809.890125
	 $\mu$: 0.007774 +/- 0.214029
	 $\gamma$: 0.871250 +/- 0.233104
	 $t_{c}$: 29.807237 +/- 7.717921
	 RF_{0}: 0.596813 +/- 0.245424
	 $E_{0}$: 0.908873 +/- 0.539263

Posterior distribution on file posterior_'param'.png

RMSD: 0.136805
Weighted RMSD: 0.136805
RMSD for validation data: 1.214513
RMSD for total data: 0.415263
AIC: 16.273610
AIC for validation data: 18.429026
AIC for total data: 16.830525

#####################################################################

Total time on ABC: 0.359 s
Number of trials: 15111

Fit on file model_fit.png