2021-12-01_05-20-35

Data Source: Número de casos confirmados de COVID-19 no Brasil (on GitHub)
https://raw.githubusercontent.com/wcota/covid19br/master/cases-brazil-cities-time.csv

Rejection ABC fitting of epidemic curves

Model: SEIRD
Parameters: $\beta_{I}$, $\beta_{E}$, $N$, $\mu$, $\gamma$, $t_{c}$, RF_{0}, $E_{0}$
#####################################################################

Number of Samples: 48
Number of Posteriors: 3
RMSD Weights: [1,1]
Training window size: 25
Validation window size: 10

#####################################################################

Posterior No. 1
Execution Time: 10.942 s
Tolerance: eps = 12.321947

Priors' Ranges:

	 $\beta_{I}$: 0.000000 <-> 1.000000
	 $\beta_{E}$: 0.000000 <-> 1.000000
	 $N$: 212559.409000 <-> 42511881.800000
	 $\mu$: 0.000000 <-> 1.000000
	 $\gamma$: 0.000000 <-> 1.000000
	 $t_{c}$: 0.000000 <-> 30.000000
	 RF_{0}: 0.000000 <-> 1.000000
	 $E_{0}$: 0.000000 <-> 2.000000

Estimated parameters (av +/- std):

	 $\beta_{I}$: 0.148631 +/- 0.289433
	 $\beta_{E}$: 0.038866 +/- 0.299928
	 $N$: 31224625.665215 +/- 11414861.987268
	 $\mu$: 0.018977 +/- 0.256934
	 $\gamma$: 0.906236 +/- 0.260582
	 $t_{c}$: 18.026509 +/- 8.579400
	 RF_{0}: 0.929358 +/- 0.276251
	 $E_{0}$: 0.315753 +/- 0.590655

Posterior distribution on file posterior_'param'.png

RMSD: 0.050409
Weighted RMSD: 0.050409
RMSD for validation data: 0.320549
RMSD for total data: 0.449499
AIC: 16.100818
AIC for validation data: 16.641098
AIC for total data: 16.898998

#####################################################################

Total time on ABC: 10.942 s
Number of trials: 1000534

Fit on file model_fit.png