2021-11-14_19-22-12

Data Source: Número de casos confirmados de COVID-19 no Brasil (on GitHub)
https://raw.githubusercontent.com/wcota/covid19br/master/cases-brazil-cities-time.csv

Rejection ABC fitting of epidemic curves

Model: SEIRD
Parameters: $\beta_{I}$, $\beta_{E}$, $N$, $\mu$, $\gamma$, $t_{c}$, RF_{0}, $E_{0}$
#####################################################################

Number of Samples: 960
Number of Posteriors: 3
RMSD Weights: [1,1]
Training window size: 45
Validation window size: 10

#####################################################################

Posterior No. 3
Execution Time: 5.247 s
Tolerance: eps = 0.041741

Priors' Ranges:

	 $\beta_{I}$: 0.000256 <-> 0.430143
	 $\beta_{E}$: 0.000178 <-> 0.118690
	 $N$: 150064.252996 <-> 10227720.463379
	 $\mu$: 0.001218 <-> 0.009525
	 $\gamma$: 0.021150 <-> 0.483239
	 $t_{c}$: 5.663913 <-> 29.930131
	 RF_{0}: 0.919331 <-> 0.999950
	 $E_{0}$: 0.154357 <-> 0.924087

Estimated parameters (av +/- std):

	 $\beta_{I}$: 0.040000 +/- 0.067040
	 $\beta_{E}$: 0.010368 +/- 0.015422
	 $N$: 9443604.638853 +/- 2828222.012109
	 $\mu$: 0.002020 +/- 0.001438
	 $\gamma$: 0.063324 +/- 0.077474
	 $t_{c}$: 28.394707 +/- 5.172593
	 RF_{0}: 0.996076 +/- 0.017120
	 $E_{0}$: 0.817859 +/- 0.132149

Posterior distribution on file posterior_'param'.png

RMSD: 0.022783
Weighted RMSD: 0.022783
RMSD for validation data: 0.872564
RMSD for total data: 0.433979
AIC: 16.045566
AIC for validation data: 17.745128
AIC for total data: 16.867957

#####################################################################

Total time on ABC: 16.915 s
Number of trials: 280604

Fit on file model_fit.png