2021-11-14_07-46-07

Data Source: Número de casos confirmados de COVID-19 no Brasil (on GitHub)
https://raw.githubusercontent.com/wcota/covid19br/master/cases-brazil-cities-time.csv

Rejection ABC fitting of epidemic curves

Model: SEIRD
Parameters: $\beta_{I}$, $\beta_{E}$, $N$, $\mu$, $\gamma$, $t_{c}$, RF_{0}, $E_{0}$
#####################################################################

Number of Samples: 48
Number of Posteriors: 3
RMSD Weights: [1,1]
Training window size: 45
Validation window size: 10

#####################################################################

Posterior No. 1
Execution Time: 6.858 s
Tolerance: eps = 0.025019

Priors' Ranges:

	 $\beta_{I}$: 0.000000 <-> 1.000000
	 $\beta_{E}$: 0.000000 <-> 1.000000
	 $N$: 212559.409000 <-> 42511881.800000
	 $\mu$: 0.000000 <-> 1.000000
	 $\gamma$: 0.000000 <-> 1.000000
	 $t_{c}$: 0.000000 <-> 30.000000
	 RF_{0}: 0.000000 <-> 1.000000
	 $E_{0}$: 0.000000 <-> 2.000000

Estimated parameters (av +/- std):

	 $\beta_{I}$: 0.961040 +/- 0.261237
	 $\beta_{E}$: 0.061555 +/- 0.024763
	 $N$: 2881260.804402 +/- 11406198.549768
	 $\mu$: 0.042718 +/- 0.008194
	 $\gamma$: 0.939190 +/- 0.180139
	 $t_{c}$: 13.202690 +/- 4.777062
	 RF_{0}: 0.631393 +/- 0.157240
	 $E_{0}$: 0.777579 +/- 0.384117

Posterior distribution on file posterior_'param'.png

RMSD: 0.017375
Weighted RMSD: 0.017375
RMSD for validation data: 0.291722
RMSD for total data: 0.347642
AIC: 16.034751
AIC for validation data: 16.583444
AIC for total data: 16.695284

#####################################################################

Total time on ABC: 6.858 s
Number of trials: 341815

Fit on file model_fit.png