2021-11-14_10-28-32

Data Source: Número de casos confirmados de COVID-19 no Brasil (on GitHub)
https://raw.githubusercontent.com/wcota/covid19br/master/cases-brazil-cities-time.csv

Rejection ABC fitting of epidemic curves

Model: SEIRD
Parameters: $\beta_{I}$, $\beta_{E}$, $N$, $\mu$, $\gamma$, $t_{c}$, RF_{0}, $E_{0}$
#####################################################################

Number of Samples: 960
Number of Posteriors: 3
RMSD Weights: [1,1]
Training window size: 25
Validation window size: 10

#####################################################################

Posterior No. 2
Execution Time: 0.083 s
Tolerance: eps = 9.618645

Priors' Ranges:

	 $\beta_{I}$: 0.000551 <-> 0.997385
	 $\beta_{E}$: 0.000450 <-> 0.998408
	 $N$: 261005.335475 <-> 42066821.751772
	 $\mu$: 0.000086 <-> 0.982797
	 $\gamma$: 0.008194 <-> 0.999166
	 $t_{c}$: 0.221909 <-> 29.965433
	 RF_{0}: 0.007506 <-> 0.999518
	 $E_{0}$: 0.001632 <-> 1.989498

Estimated parameters (av +/- std):

	 $\beta_{I}$: 0.545716 +/- 0.272295
	 $\beta_{E}$: 0.507788 +/- 0.269698
	 $N$: 8580862.885957 +/- 8143563.158994
	 $\mu$: 0.001021 +/- 0.194012
	 $\gamma$: 0.424190 +/- 0.222707
	 $t_{c}$: 20.535036 +/- 7.646465
	 RF_{0}: 0.530802 +/- 0.237436
	 $E_{0}$: 0.575416 +/- 0.535977

Posterior distribution on file posterior_'param'.png

RMSD: 0.216024
Weighted RMSD: 0.216024
RMSD for validation data: 1.867614
RMSD for total data: 0.356704
AIC: 16.432048
AIC for validation data: 19.735228
AIC for total data: 16.713409

#####################################################################

Total time on ABC: 0.220 s
Number of trials: 12757

Fit on file model_fit.png