2021-11-14_21-02-25

Data Source: Número de casos confirmados de COVID-19 no Brasil (on GitHub)
https://raw.githubusercontent.com/wcota/covid19br/master/cases-brazil-cities-time.csv

Rejection ABC fitting of epidemic curves

Model: SEIRD
Parameters: $\beta_{I}$, $\beta_{E}$, $N$, $\mu$, $\gamma$, $t_{c}$, RF_{0}, $E_{0}$
#####################################################################

Number of Samples: 960
Number of Posteriors: 3
RMSD Weights: [1,1]
Training window size: 50
Validation window size: 10

#####################################################################

Posterior No. 3
Execution Time: 6.073 s
Tolerance: eps = 0.017722

Priors' Ranges:

	 $\beta_{I}$: 0.005136 <-> 0.972053
	 $\beta_{E}$: 0.000284 <-> 0.096887
	 $N$: 9168115.592584 <-> 66172610.851190
	 $\mu$: 0.005064 <-> 0.022153
	 $\gamma$: 0.246044 <-> 0.998769
	 $t_{c}$: 5.666426 <-> 29.973562
	 RF_{0}: 0.941072 <-> 0.999793
	 $E_{0}$: 0.055507 <-> 0.374697

Estimated parameters (av +/- std):

	 $\beta_{I}$: 0.551716 +/- 0.232316
	 $\beta_{E}$: 0.013765 +/- 0.017690
	 $N$: 57786577.665211 +/- 15325127.540445
	 $\mu$: 0.018861 +/- 0.003216
	 $\gamma$: 0.901017 +/- 0.151771
	 $t_{c}$: 22.059097 +/- 4.954615
	 RF_{0}: 0.984122 +/- 0.010282
	 $E_{0}$: 0.248860 +/- 0.058363

Posterior distribution on file posterior_'param'.png

RMSD: 0.008242
Weighted RMSD: 0.008242
RMSD for validation data: 0.177776
RMSD for total data: 0.486715
AIC: 16.016483
AIC for validation data: 16.355552
AIC for total data: 16.973429

#####################################################################

Total time on ABC: 13.764 s
Number of trials: 273199

Fit on file model_fit.png