2021-11-14_21-31-10

Data Source: Número de casos confirmados de COVID-19 no Brasil (on GitHub)
https://raw.githubusercontent.com/wcota/covid19br/master/cases-brazil-cities-time.csv

Rejection ABC fitting of epidemic curves

Model: SEIRD
Parameters: $\beta_{I}$, $\beta_{E}$, $N$, $\mu$, $\gamma$, $t_{c}$, RF_{0}, $E_{0}$
#####################################################################

Number of Samples: 960
Number of Posteriors: 3
RMSD Weights: [1,1]
Training window size: 50
Validation window size: 10

#####################################################################

Posterior No. 3
Execution Time: 3.789 s
Tolerance: eps = 0.015637

Priors' Ranges:

	 $\beta_{I}$: 0.000228 <-> 0.997501
	 $\beta_{E}$: 0.054517 <-> 0.200149
	 $N$: 1822888.809266 <-> 1993649.091795
	 $\mu$: 0.012872 <-> 0.070278
	 $\gamma$: 0.176015 <-> 0.965299
	 $t_{c}$: 14.996939 <-> 24.588993
	 RF_{0}: 0.269427 <-> 0.982111
	 $E_{0}$: 1.556470 <-> 1.999886

Estimated parameters (av +/- std):

	 $\beta_{I}$: 0.288729 +/- 0.259551
	 $\beta_{E}$: 0.133480 +/- 0.024380
	 $N$: 1949200.578936 +/- 28297.874863
	 $\mu$: 0.034831 +/- 0.009876
	 $\gamma$: 0.477664 +/- 0.134569
	 $t_{c}$: 18.646673 +/- 1.622547
	 RF_{0}: 0.757078 +/- 0.099907
	 $E_{0}$: 1.896877 +/- 0.082805

Posterior distribution on file posterior_'param'.png

RMSD: 0.012017
Weighted RMSD: 0.012017
RMSD for validation data: 0.374349
RMSD for total data: 0.390728
AIC: 16.024034
AIC for validation data: 16.748699
AIC for total data: 16.781455

#####################################################################

Total time on ABC: 12.528 s
Number of trials: 134080

Fit on file model_fit.png