2021-11-14_21-02-25

Data Source: Número de casos confirmados de COVID-19 no Brasil (on GitHub)
https://raw.githubusercontent.com/wcota/covid19br/master/cases-brazil-cities-time.csv

Rejection ABC fitting of epidemic curves

Model: SEIRD
Parameters: $\beta_{I}$, $\beta_{E}$, $N$, $\mu$, $\gamma$, $t_{c}$, RF_{0}, $E_{0}$
#####################################################################

Number of Samples: 48
Number of Posteriors: 3
RMSD Weights: [1,1]
Training window size: 50
Validation window size: 10

#####################################################################

Posterior No. 1
Execution Time: 2.365 s
Tolerance: eps = 0.031045

Priors' Ranges:

	 $\beta_{I}$: 0.000000 <-> 1.000000
	 $\beta_{E}$: 0.000000 <-> 1.000000
	 $N$: 331002.647000 <-> 66200529.400000
	 $\mu$: 0.000000 <-> 1.000000
	 $\gamma$: 0.000000 <-> 1.000000
	 $t_{c}$: 0.000000 <-> 30.000000
	 RF_{0}: 0.000000 <-> 1.000000
	 $E_{0}$: 0.000000 <-> 2.000000

Estimated parameters (av +/- std):

	 $\beta_{I}$: 0.602078 +/- 0.232280
	 $\beta_{E}$: 0.004423 +/- 0.019975
	 $N$: 52695841.607444 +/- 15767937.111301
	 $\mu$: 0.016936 +/- 0.004031
	 $\gamma$: 0.814531 +/- 0.195609
	 $t_{c}$: 22.984420 +/- 5.505726
	 RF_{0}: 0.991298 +/- 0.018823
	 $E_{0}$: 0.306722 +/- 0.073845

Posterior distribution on file posterior_'param'.png

RMSD: 0.008866
Weighted RMSD: 0.008866
RMSD for validation data: 0.309900
RMSD for total data: 0.486715
AIC: 16.017731
AIC for validation data: 16.619800
AIC for total data: 16.973429

#####################################################################

Total time on ABC: 2.365 s
Number of trials: 108953

Fit on file model_fit.png