2021-11-14_21-02-25

Data Source: Número de casos confirmados de COVID-19 no Brasil (on GitHub)
https://raw.githubusercontent.com/wcota/covid19br/master/cases-brazil-cities-time.csv

Rejection ABC fitting of epidemic curves

Model: SEIRD
Parameters: $\beta_{I}$, $\beta_{E}$, $N$, $\mu$, $\gamma$, $t_{c}$, RF_{0}, $E_{0}$
#####################################################################

Number of Samples: 960
Number of Posteriors: 3
RMSD Weights: [1,1]
Training window size: 35
Validation window size: 10

#####################################################################

Posterior No. 3
Execution Time: 0.175 s
Tolerance: eps = 0.152199

Priors' Ranges:

	 $\beta_{I}$: 0.003764 <-> 0.998997
	 $\beta_{E}$: 0.129399 <-> 0.441982
	 $N$: 448872.327559 <-> 65964166.201638
	 $\mu$: 0.008748 <-> 0.078469
	 $\gamma$: 0.006526 <-> 0.996722
	 $t_{c}$: 0.420165 <-> 29.990547
	 RF_{0}: 0.002507 <-> 0.999997
	 $E_{0}$: 0.012985 <-> 1.999412

Estimated parameters (av +/- std):

	 $\beta_{I}$: 0.423998 +/- 0.247309
	 $\beta_{E}$: 0.393246 +/- 0.058067
	 $N$: 1021652.958587 +/- 18158018.585413
	 $\mu$: 0.048261 +/- 0.013024
	 $\gamma$: 0.893956 +/- 0.242695
	 $t_{c}$: 5.031438 +/- 7.817355
	 RF_{0}: 0.779675 +/- 0.245115
	 $E_{0}$: 1.081160 +/- 0.465596

Posterior distribution on file posterior_'param'.png

RMSD: 0.042525
Weighted RMSD: 0.042525
RMSD for validation data: 0.123958
RMSD for total data: 0.446252
AIC: 16.085050
AIC for validation data: 16.247916
AIC for total data: 16.892504

#####################################################################

Total time on ABC: 0.382 s
Number of trials: 11000

Fit on file model_fit.png