2021-11-14_05-08-12

Data Source: Número de casos confirmados de COVID-19 no Brasil (on GitHub)
https://raw.githubusercontent.com/wcota/covid19br/master/cases-brazil-cities-time.csv

Rejection ABC fitting of epidemic curves

Model: SEIRD
Parameters: $\beta_{I}$, $\beta_{E}$, $N$, $\mu$, $\gamma$, $t_{c}$, RF_{0}, $E_{0}$
#####################################################################

Number of Samples: 960
Number of Posteriors: 3
RMSD Weights: [1,1]
Training window size: 30
Validation window size: 10

#####################################################################

Posterior No. 2
Execution Time: 0.104 s
Tolerance: eps = 0.639838

Priors' Ranges:

	 $\beta_{I}$: 0.006485 <-> 0.997308
	 $\beta_{E}$: 0.000267 <-> 0.898056
	 $N$: 141075.282718 <-> 25266944.704915
	 $\mu$: 0.000108 <-> 0.999078
	 $\gamma$: 0.024035 <-> 0.999656
	 $t_{c}$: 0.044751 <-> 29.996402
	 RF_{0}: 0.006582 <-> 0.996322
	 $E_{0}$: 0.000176 <-> 1.965068

Estimated parameters (av +/- std):

	 $\beta_{I}$: 0.552539 +/- 0.259030
	 $\beta_{E}$: 0.049919 +/- 0.072942
	 $N$: 22912333.056669 +/- 6704042.379224
	 $\mu$: 0.013227 +/- 0.265761
	 $\gamma$: 0.342100 +/- 0.213557
	 $t_{c}$: 11.310013 +/- 8.425876
	 RF_{0}: 0.238498 +/- 0.265131
	 $E_{0}$: 1.021057 +/- 0.466724

Posterior distribution on file posterior_'param'.png

RMSD: 0.065012
Weighted RMSD: 0.065012
RMSD for validation data: 0.570896
RMSD for total data: 37.556138
AIC: 16.130025
AIC for validation data: 17.141792
AIC for total data: 91.112276

#####################################################################

Total time on ABC: 0.262 s
Number of trials: 8966

Fit on file model_fit.png