2021-11-14_07-42-31

Data Source: Número de casos confirmados de COVID-19 no Brasil (on GitHub)
https://raw.githubusercontent.com/wcota/covid19br/master/cases-brazil-cities-time.csv

Rejection ABC fitting of epidemic curves

Model: SEIRD
Parameters: $\beta_{I}$, $\beta_{E}$, $N$, $\mu$, $\gamma$, $t_{c}$, RF_{0}, $E_{0}$
#####################################################################

Number of Samples: 48
Number of Posteriors: 3
RMSD Weights: [1,1]
Training window size: 30
Validation window size: 10

#####################################################################

Posterior No. 1
Execution Time: 0.180 s
Tolerance: eps = 20.814540

Priors' Ranges:

	 $\beta_{I}$: 0.000000 <-> 1.000000
	 $\beta_{E}$: 0.000000 <-> 1.000000
	 $N$: 1380004.385000 <-> 276000877.000000
	 $\mu$: 0.000000 <-> 1.000000
	 $\gamma$: 0.000000 <-> 1.000000
	 $t_{c}$: 0.000000 <-> 30.000000
	 RF_{0}: 0.000000 <-> 1.000000
	 $E_{0}$: 0.000000 <-> 2.000000

Estimated parameters (av +/- std):

	 $\beta_{I}$: 0.642074 +/- 0.274336
	 $\beta_{E}$: 0.030151 +/- 0.250934
	 $N$: 56578884.152433 +/- 85170973.270529
	 $\mu$: 0.022411 +/- 0.298010
	 $\gamma$: 0.862954 +/- 0.253662
	 $t_{c}$: 24.057210 +/- 9.198410
	 RF_{0}: 0.824262 +/- 0.277613
	 $E_{0}$: 0.406833 +/- 0.542091

Posterior distribution on file posterior_'param'.png

RMSD: 0.199718
Weighted RMSD: 0.199718
RMSD for validation data: 0.940492
RMSD for total data: 0.507561
AIC: 16.399435
AIC for validation data: 17.880985
AIC for total data: 17.015122

#####################################################################

Total time on ABC: 0.180 s
Number of trials: 9324

Fit on file model_fit.png