2021-11-14_20-35-18

Data Source: Número de casos confirmados de COVID-19 no Brasil (on GitHub)
https://raw.githubusercontent.com/wcota/covid19br/master/cases-brazil-cities-time.csv

Rejection ABC fitting of epidemic curves

Model: SEIRD
Parameters: $\beta_{I}$, $\beta_{E}$, $N$, $\mu$, $\gamma$, $t_{c}$, RF_{0}, $E_{0}$
#####################################################################

Number of Samples: 960
Number of Posteriors: 3
RMSD Weights: [1,1]
Training window size: 10
Validation window size: 10

#####################################################################

Posterior No. 2
Execution Time: 0.058 s
Tolerance: eps = 9.993975

Priors' Ranges:

	 $\beta_{I}$: 0.002878 <-> 0.994830
	 $\beta_{E}$: 0.003752 <-> 0.999549
	 $N$: 94549.804572 <-> 13570893.347755
	 $\mu$: 0.000103 <-> 0.961845
	 $\gamma$: 0.013106 <-> 0.996785
	 $t_{c}$: 0.045112 <-> 29.982975
	 RF_{0}: 0.003998 <-> 0.999836
	 $E_{0}$: 0.000128 <-> 1.998283

Estimated parameters (av +/- std):

	 $\beta_{I}$: 0.823541 +/- 0.264069
	 $\beta_{E}$: 0.641141 +/- 0.259821
	 $N$: 2726990.729316 +/- 3241394.783377
	 $\mu$: 0.004991 +/- 0.168460
	 $\gamma$: 0.271658 +/- 0.236955
	 $t_{c}$: 19.355031 +/- 7.454078
	 RF_{0}: 0.929366 +/- 0.228085
	 $E_{0}$: 0.401250 +/- 0.543569

Posterior distribution on file posterior_'param'.png

RMSD: 0.171784
Weighted RMSD: 0.171784
RMSD for validation data: 0.973526
RMSD for total data: 0.351573
AIC: 16.343569
AIC for validation data: 17.947052
AIC for total data: 16.703146

#####################################################################

Total time on ABC: 0.134 s
Number of trials: 13945

Fit on file model_fit.png