2021-11-14_08-20-25

Data Source: Número de casos confirmados de COVID-19 no Brasil (on GitHub)
https://raw.githubusercontent.com/wcota/covid19br/master/cases-brazil-cities-time.csv

Rejection ABC fitting of epidemic curves

Model: SEIRD
Parameters: $\beta_{I}$, $\beta_{E}$, $N$, $\mu$, $\gamma$, $t_{c}$, RF_{0}, $E_{0}$
#####################################################################

Number of Samples: 960
Number of Posteriors: 3
RMSD Weights: [1,1]
Training window size: 40
Validation window size: 10

#####################################################################

Posterior No. 3
Execution Time: 0.453 s
Tolerance: eps = 0.046956

Priors' Ranges:

	 $\beta_{I}$: 0.000647 <-> 0.998564
	 $\beta_{E}$: 0.000174 <-> 0.142172
	 $N$: 5646541.776748 <-> 42478892.413282
	 $\mu$: 0.003087 <-> 0.027576
	 $\gamma$: 0.127549 <-> 0.999476
	 $t_{c}$: 6.451614 <-> 29.983115
	 RF_{0}: 0.911632 <-> 0.999984
	 $E_{0}$: 0.035388 <-> 0.323554

Estimated parameters (av +/- std):

	 $\beta_{I}$: 0.940900 +/- 0.244220
	 $\beta_{E}$: 0.008276 +/- 0.022460
	 $N$: 8446654.356354 +/- 9684878.699693
	 $\mu$: 0.014214 +/- 0.004315
	 $\gamma$: 0.555619 +/- 0.175054
	 $t_{c}$: 29.983115 +/- 5.375780
	 RF_{0}: 0.992226 +/- 0.016960
	 $E_{0}$: 0.283791 +/- 0.057861

Posterior distribution on file posterior_'param'.png

RMSD: 0.014934
Weighted RMSD: 0.014934
RMSD for validation data: 0.090032
RMSD for total data: 0.449149
AIC: 16.029868
AIC for validation data: 16.180064
AIC for total data: 16.898298

#####################################################################

Total time on ABC: 1.160 s
Number of trials: 28262

Fit on file model_fit.png