2021-11-29_21-52-43

Data Source: Número de casos confirmados de COVID-19 no Brasil (on GitHub)
https://raw.githubusercontent.com/wcota/covid19br/master/cases-brazil-cities-time.csv

Rejection ABC fitting of epidemic curves

Model: SEIRD
Parameters: $\beta_{I}$, $\beta_{E}$, $N$, $\mu$, $\gamma$, $t_{c}$, RF_{0}, $E_{0}$
#####################################################################

Number of Samples: 48
Number of Posteriors: 3
RMSD Weights: [1,1]
Training window size: 20
Validation window size: 10

#####################################################################

Posterior No. 1
Execution Time: 1.274 s
Tolerance: eps = 10.581102

Priors' Ranges:

	 $\beta_{I}$: 0.000000 <-> 1.000000
	 $\beta_{E}$: 0.000000 <-> 1.000000
	 $N$: 212559.409000 <-> 42511881.800000
	 $\mu$: 0.000000 <-> 1.000000
	 $\gamma$: 0.000000 <-> 1.000000
	 $t_{c}$: 0.000000 <-> 30.000000
	 RF_{0}: 0.000000 <-> 1.000000
	 $E_{0}$: 0.000000 <-> 2.000000

Estimated parameters (av +/- std):

	 $\beta_{I}$: 0.756029 +/- 0.288344
	 $\beta_{E}$: 0.069114 +/- 0.290187
	 $N$: 21797819.179434 +/- 10990933.187364
	 $\mu$: 0.013212 +/- 0.247087
	 $\gamma$: 0.549273 +/- 0.264364
	 $t_{c}$: 22.333441 +/- 8.387772
	 RF_{0}: 0.951611 +/- 0.269414
	 $E_{0}$: 0.074680 +/- 0.591316

Posterior distribution on file posterior_'param'.png

RMSD: 0.152272
Weighted RMSD: 0.152272
RMSD for validation data: 0.800224
RMSD for total data: 0.380396
AIC: 16.304544
AIC for validation data: 17.600447
AIC for total data: 16.760792

#####################################################################

Total time on ABC: 1.274 s
Number of trials: 98408

Fit on file model_fit.png