2021-11-14_21-31-10

Data Source: Número de casos confirmados de COVID-19 no Brasil (on GitHub)
https://raw.githubusercontent.com/wcota/covid19br/master/cases-brazil-cities-time.csv

Rejection ABC fitting of epidemic curves

Model: SEIRD
Parameters: $\beta_{I}$, $\beta_{E}$, $N$, $\mu$, $\gamma$, $t_{c}$, RF_{0}, $E_{0}$
#####################################################################

Number of Samples: 960
Number of Posteriors: 3
RMSD Weights: [1,1]
Training window size: 35
Validation window size: 10

#####################################################################

Posterior No. 3
Execution Time: 7.551 s
Tolerance: eps = 0.026799

Priors' Ranges:

	 $\beta_{I}$: 0.002444 <-> 0.998880
	 $\beta_{E}$: 0.000812 <-> 0.993368
	 $N$: 32190741.765470 <-> 66015356.066116
	 $\mu$: 0.002402 <-> 0.019893
	 $\gamma$: 0.145609 <-> 0.998371
	 $t_{c}$: 7.902187 <-> 29.994573
	 RF_{0}: 0.969704 <-> 0.994970
	 $E_{0}$: 0.012300 <-> 0.071663

Estimated parameters (av +/- std):

	 $\beta_{I}$: 0.616410 +/- 0.262444
	 $\beta_{E}$: 0.006167 +/- 0.203932
	 $N$: 39190857.271866 +/- 7746008.698338
	 $\mu$: 0.002402 +/- 0.004105
	 $\gamma$: 0.145609 +/- 0.216129
	 $t_{c}$: 28.577599 +/- 5.234077
	 RF_{0}: 0.970265 +/- 0.004671
	 $E_{0}$: 0.049731 +/- 0.011953

Posterior distribution on file posterior_'param'.png

RMSD: 0.015411
Weighted RMSD: 0.015411
RMSD for validation data: 0.186994
RMSD for total data: 0.203357
AIC: 16.030823
AIC for validation data: 16.373988
AIC for total data: 16.406715

#####################################################################

Total time on ABC: 13.981 s
Number of trials: 419241

Fit on file model_fit.png