2021-12-01_05-20-35

Data Source: Número de casos confirmados de COVID-19 no Brasil (on GitHub)
https://raw.githubusercontent.com/wcota/covid19br/master/cases-brazil-cities-time.csv

Rejection ABC fitting of epidemic curves

Model: SEIRD
Parameters: $\beta_{I}$, $\beta_{E}$, $N$, $\mu$, $\gamma$, $t_{c}$, RF_{0}, $E_{0}$
#####################################################################

Number of Samples: 99984
Number of Posteriors: 3
RMSD Weights: [1,1]
Training window size: 25
Validation window size: 10

#####################################################################

Posterior No. 3
Execution Time: 86.316 s
Tolerance: eps = 5.773523

Priors' Ranges:

	 $\beta_{I}$: 0.000003 <-> 0.999988
	 $\beta_{E}$: 0.000004 <-> 0.999995
	 $N$: 213063.370352 <-> 42499075.164711
	 $\mu$: 0.000001 <-> 0.998904
	 $\gamma$: 0.000438 <-> 0.999979
	 $t_{c}$: 0.036094 <-> 29.999920
	 RF_{0}: 0.000069 <-> 1.000000
	 $E_{0}$: 0.000023 <-> 1.999979

Estimated parameters (av +/- std):

	 $\beta_{I}$: 0.202009 +/- 0.267309
	 $\beta_{E}$: 0.278489 +/- 0.267503
	 $N$: 11849644.529098 +/- 7049618.623313
	 $\mu$: 0.009013 +/- 0.159309
	 $\gamma$: 0.738349 +/- 0.224592
	 $t_{c}$: 29.115987 +/- 7.728276
	 RF_{0}: 0.958101 +/- 0.225718
	 $E_{0}$: 0.187210 +/- 0.546332

Posterior distribution on file posterior_'param'.png

RMSD: 0.088760
Weighted RMSD: 0.088760
RMSD for validation data: 0.569910
RMSD for total data: 0.284031
AIC: 16.177519
AIC for validation data: 17.139821
AIC for total data: 16.568062

#####################################################################

Total time on ABC: 181.060 s
Number of trials: 1421396

Fit on file model_fit.png