2021-11-14_05-14-13

Data Source: Número de casos confirmados de COVID-19 no Brasil (on GitHub)
https://raw.githubusercontent.com/wcota/covid19br/master/cases-brazil-cities-time.csv

Rejection ABC fitting of epidemic curves

Model: SEIRD
Parameters: $\beta_{I}$, $\beta_{E}$, $N$, $\mu$, $\gamma$, $t_{c}$, RF_{0}, $E_{0}$
#####################################################################

Number of Samples: 960
Number of Posteriors: 3
RMSD Weights: [1,1]
Training window size: 45
Validation window size: 10

#####################################################################

Posterior No. 3
Execution Time: 0.519 s
Tolerance: eps = 0.063160

Priors' Ranges:

	 $\beta_{I}$: 0.000322 <-> 0.994871
	 $\beta_{E}$: 0.000238 <-> 0.127192
	 $N$: 570253.901186 <-> 16744618.261968
	 $\mu$: 0.002164 <-> 0.011650
	 $\gamma$: 0.250479 <-> 0.999542
	 $t_{c}$: 5.641726 <-> 29.991325
	 RF_{0}: 0.919294 <-> 0.999962
	 $E_{0}$: 0.000387 <-> 0.080869

Estimated parameters (av +/- std):

	 $\beta_{I}$: 0.303647 +/- 0.251332
	 $\beta_{E}$: 0.042166 +/- 0.021081
	 $N$: 15745638.629664 +/- 4427423.591734
	 $\mu$: 0.005072 +/- 0.001793
	 $\gamma$: 0.626402 +/- 0.178535
	 $t_{c}$: 27.393681 +/- 5.046829
	 RF_{0}: 0.973988 +/- 0.013820
	 $E_{0}$: 0.039850 +/- 0.017205

Posterior distribution on file posterior_'param'.png

RMSD: 0.030004
Weighted RMSD: 0.030004
RMSD for validation data: 0.304772
RMSD for total data: 0.415524
AIC: 16.060008
AIC for validation data: 16.609543
AIC for total data: 16.831048

#####################################################################

Total time on ABC: 1.154 s
Number of trials: 30418

Fit on file model_fit.png