2021-11-14_04-03-32

Data Source: Número de casos confirmados de COVID-19 no Brasil (on GitHub)
https://raw.githubusercontent.com/wcota/covid19br/master/cases-brazil-cities-time.csv

Rejection ABC fitting of epidemic curves

Model: SEIRD
Parameters: $\beta_{I}$, $\beta_{E}$, $N$, $\mu$, $\gamma$, $t_{c}$, RF_{0}, $E_{0}$
#####################################################################

Number of Samples: 960
Number of Posteriors: 3
RMSD Weights: [1,1]
Training window size: 45
Validation window size: 10

#####################################################################

Posterior No. 3
Execution Time: 0.161 s
Tolerance: eps = 0.100568

Priors' Ranges:

	 $\beta_{I}$: 0.000779 <-> 0.355760
	 $\beta_{E}$: 0.000043 <-> 0.066019
	 $N$: 135768.451110 <-> 25210087.443648
	 $\mu$: 0.000969 <-> 0.014615
	 $\gamma$: 0.102074 <-> 0.980788
	 $t_{c}$: 8.028403 <-> 29.997228
	 RF_{0}: 0.712737 <-> 0.998971
	 $E_{0}$: 0.014014 <-> 0.383886

Estimated parameters (av +/- std):

	 $\beta_{I}$: 0.121948 +/- 0.083885
	 $\beta_{E}$: 0.014527 +/- 0.013508
	 $N$: 12008789.999610 +/- 6101563.914166
	 $\mu$: 0.003395 +/- 0.002896
	 $\gamma$: 0.214573 +/- 0.186540
	 $t_{c}$: 15.368421 +/- 5.164108
	 RF_{0}: 0.927595 +/- 0.058071
	 $E_{0}$: 0.133338 +/- 0.071836

Posterior distribution on file posterior_'param'.png

RMSD: 0.022772
Weighted RMSD: 0.022772
RMSD for validation data: 0.335050
RMSD for total data: 0.399267
AIC: 16.045544
AIC for validation data: 16.670099
AIC for total data: 16.798534

#####################################################################

Total time on ABC: 0.392 s
Number of trials: 9394

Fit on file model_fit.png