2021-11-14_21-31-10

Data Source: Número de casos confirmados de COVID-19 no Brasil (on GitHub)
https://raw.githubusercontent.com/wcota/covid19br/master/cases-brazil-cities-time.csv

Rejection ABC fitting of epidemic curves

Model: SEIRD
Parameters: $\beta_{I}$, $\beta_{E}$, $N$, $\mu$, $\gamma$, $t_{c}$, RF_{0}, $E_{0}$
#####################################################################

Number of Samples: 960
Number of Posteriors: 3
RMSD Weights: [1,1]
Training window size: 45
Validation window size: 10

#####################################################################

Posterior No. 3
Execution Time: 5.681 s
Tolerance: eps = 0.013331

Priors' Ranges:

	 $\beta_{I}$: 0.002256 <-> 0.999987
	 $\beta_{E}$: 0.000132 <-> 0.281989
	 $N$: 7557580.956381 <-> 15128695.364639
	 $\mu$: 0.003420 <-> 0.017413
	 $\gamma$: 0.170739 <-> 0.821118
	 $t_{c}$: 16.719320 <-> 29.968567
	 RF_{0}: 0.926064 <-> 0.997297
	 $E_{0}$: 0.169678 <-> 0.363766

Estimated parameters (av +/- std):

	 $\beta_{I}$: 0.805155 +/- 0.255025
	 $\beta_{E}$: 0.008030 +/- 0.049234
	 $N$: 11346315.522144 +/- 1432942.550631
	 $\mu$: 0.011463 +/- 0.002901
	 $\gamma$: 0.555059 +/- 0.134924
	 $t_{c}$: 29.353877 +/- 2.851525
	 RF_{0}: 0.974210 +/- 0.010303
	 $E_{0}$: 0.340900 +/- 0.036051

Posterior distribution on file posterior_'param'.png

RMSD: 0.008296
Weighted RMSD: 0.008296
RMSD for validation data: 0.279750
RMSD for total data: 0.486671
AIC: 16.016591
AIC for validation data: 16.559500
AIC for total data: 16.973343

#####################################################################

Total time on ABC: 22.030 s
Number of trials: 226345

Fit on file model_fit.png