2021-11-29_22-05-24

Data Source: Número de casos confirmados de COVID-19 no Brasil (on GitHub)
https://raw.githubusercontent.com/wcota/covid19br/master/cases-brazil-cities-time.csv

Rejection ABC fitting of epidemic curves

Model: SEIRD
Parameters: $\beta_{I}$, $\beta_{E}$, $N$, $\mu$, $\gamma$, $t_{c}$, RF_{0}, $E_{0}$
#####################################################################

Number of Samples: 9984
Number of Posteriors: 3
RMSD Weights: [1,1]
Training window size: 20
Validation window size: 10

#####################################################################

Posterior No. 2
Execution Time: 1.785 s
Tolerance: eps = 17.573891

Priors' Ranges:

	 $\beta_{I}$: 0.000100 <-> 0.999948
	 $\beta_{E}$: 0.000062 <-> 0.999912
	 $N$: 213293.427347 <-> 42409328.222813
	 $\mu$: 0.000022 <-> 0.999634
	 $\gamma$: 0.000052 <-> 0.999978
	 $t_{c}$: 0.037523 <-> 29.997733
	 RF_{0}: 0.000824 <-> 0.999999
	 $E_{0}$: 0.000370 <-> 1.999228

Estimated parameters (av +/- std):

	 $\beta_{I}$: 0.093417 +/- 0.266558
	 $\beta_{E}$: 0.193682 +/- 0.271134
	 $N$: 12150324.774353 +/- 9241339.573241
	 $\mu$: 0.014730 +/- 0.185344
	 $\gamma$: 0.927090 +/- 0.224580
	 $t_{c}$: 23.079427 +/- 7.566991
	 RF_{0}: 0.966163 +/- 0.239387
	 $E_{0}$: 0.085179 +/- 0.540597

Posterior distribution on file posterior_'param'.png

RMSD: 0.123559
Weighted RMSD: 0.123559
RMSD for validation data: 0.245642
RMSD for total data: 0.220152
AIC: 16.247118
AIC for validation data: 16.491284
AIC for total data: 16.440303

#####################################################################

Total time on ABC: 3.046 s
Number of trials: 138514

Fit on file model_fit.png