2021-11-14_06-17-32

Data Source: Número de casos confirmados de COVID-19 no Brasil (on GitHub)
https://raw.githubusercontent.com/wcota/covid19br/master/cases-brazil-cities-time.csv

Rejection ABC fitting of epidemic curves

Model: SEIRD
Parameters: $\beta_{I}$, $\beta_{E}$, $N$, $\mu$, $\gamma$, $t_{c}$, RF_{0}, $E_{0}$
#####################################################################

Number of Samples: 960
Number of Posteriors: 3
RMSD Weights: [1,1]
Training window size: 10
Validation window size: 10

#####################################################################

Posterior No. 2
Execution Time: 0.053 s
Tolerance: eps = 7.409637

Priors' Ranges:

	 $\beta_{I}$: 0.003211 <-> 0.999110
	 $\beta_{E}$: 0.001451 <-> 0.996934
	 $N$: 84868.108926 <-> 16735129.047692
	 $\mu$: 0.000029 <-> 0.963207
	 $\gamma$: 0.001249 <-> 0.997892
	 $t_{c}$: 0.107809 <-> 29.970302
	 RF_{0}: 0.016266 <-> 0.999997
	 $E_{0}$: 0.002982 <-> 1.991880

Estimated parameters (av +/- std):

	 $\beta_{I}$: 0.397440 +/- 0.258587
	 $\beta_{E}$: 0.098007 +/- 0.272248
	 $N$: 6537121.490374 +/- 4348523.284913
	 $\mu$: 0.005216 +/- 0.149898
	 $\gamma$: 0.081124 +/- 0.231702
	 $t_{c}$: 13.421315 +/- 7.006257
	 RF_{0}: 0.887833 +/- 0.213426
	 $E_{0}$: 0.066858 +/- 0.530810

Posterior distribution on file posterior_'param'.png

RMSD: 0.180019
Weighted RMSD: 0.180019
RMSD for validation data: 1.551196
RMSD for total data: 2.534752
AIC: 16.360038
AIC for validation data: 19.102392
AIC for total data: 21.069505

#####################################################################

Total time on ABC: 0.121 s
Number of trials: 11776

Fit on file model_fit.png