2021-11-14_19-37-26

Data Source: Número de casos confirmados de COVID-19 no Brasil (on GitHub)
https://raw.githubusercontent.com/wcota/covid19br/master/cases-brazil-cities-time.csv

Rejection ABC fitting of epidemic curves

Model: SEIRD
Parameters: $\beta_{I}$, $\beta_{E}$, $N$, $\mu$, $\gamma$, $t_{c}$, RF_{0}, $E_{0}$
#####################################################################

Number of Samples: 960
Number of Posteriors: 3
RMSD Weights: [1,1]
Training window size: 50
Validation window size: 10

#####################################################################

Posterior No. 3
Execution Time: 1.045 s
Tolerance: eps = 0.017476

Priors' Ranges:

	 $\beta_{I}$: 0.016626 <-> 0.999768
	 $\beta_{E}$: 0.093618 <-> 0.356404
	 $N$: 260728.874701 <-> 307755.525673
	 $\mu$: 0.073897 <-> 0.180822
	 $\gamma$: 0.383480 <-> 0.916011
	 $t_{c}$: 12.136151 <-> 29.938765
	 RF_{0}: 0.533510 <-> 0.894785
	 $E_{0}$: 1.171718 <-> 1.999426

Estimated parameters (av +/- std):

	 $\beta_{I}$: 0.448962 +/- 0.217870
	 $\beta_{E}$: 0.136025 +/- 0.056730
	 $N$: 298729.749736 +/- 12784.161015
	 $\mu$: 0.167879 +/- 0.021763
	 $\gamma$: 0.865102 +/- 0.106808
	 $t_{c}$: 18.987421 +/- 3.468644
	 RF_{0}: 0.744012 +/- 0.074195
	 $E_{0}$: 1.935645 +/- 0.161574

Posterior distribution on file posterior_'param'.png

RMSD: 0.014205
Weighted RMSD: 0.014205
RMSD for validation data: 0.326344
RMSD for total data: 0.359129
AIC: 16.028409
AIC for validation data: 16.652688
AIC for total data: 16.718259

#####################################################################

Total time on ABC: 3.281 s
Number of trials: 43271

Fit on file model_fit.png