2021-11-14_07-46-07

Data Source: Número de casos confirmados de COVID-19 no Brasil (on GitHub)
https://raw.githubusercontent.com/wcota/covid19br/master/cases-brazil-cities-time.csv

Rejection ABC fitting of epidemic curves

Model: SEIRD
Parameters: $\beta_{I}$, $\beta_{E}$, $N$, $\mu$, $\gamma$, $t_{c}$, RF_{0}, $E_{0}$
#####################################################################

Number of Samples: 960
Number of Posteriors: 3
RMSD Weights: [1,1]
Training window size: 40
Validation window size: 10

#####################################################################

Posterior No. 2
Execution Time: 0.354 s
Tolerance: eps = 0.060008

Priors' Ranges:

	 $\beta_{I}$: 0.002028 <-> 0.996477
	 $\beta_{E}$: 0.000345 <-> 0.174157
	 $N$: 1203355.266032 <-> 42416387.504958
	 $\mu$: 0.005277 <-> 0.069311
	 $\gamma$: 0.038507 <-> 0.999994
	 $t_{c}$: 4.497656 <-> 29.913656
	 RF_{0}: 0.003658 <-> 0.996822
	 $E_{0}$: 0.034513 <-> 1.998223

Estimated parameters (av +/- std):

	 $\beta_{I}$: 0.561254 +/- 0.268011
	 $\beta_{E}$: 0.122346 +/- 0.027551
	 $N$: 2402324.042953 +/- 11591217.764608
	 $\mu$: 0.047594 +/- 0.011211
	 $\gamma$: 0.837916 +/- 0.191105
	 $t_{c}$: 8.558094 +/- 5.678253
	 RF_{0}: 0.685976 +/- 0.247260
	 $E_{0}$: 0.442294 +/- 0.437275

Posterior distribution on file posterior_'param'.png

RMSD: 0.022167
Weighted RMSD: 0.022167
RMSD for validation data: 0.266760
RMSD for total data: 0.336008
AIC: 16.044335
AIC for validation data: 16.533520
AIC for total data: 16.672016

#####################################################################

Total time on ABC: 0.566 s
Number of trials: 24186

Fit on file model_fit.png