2021-11-14_04-14-21

Data Source: Número de casos confirmados de COVID-19 no Brasil (on GitHub)
https://raw.githubusercontent.com/wcota/covid19br/master/cases-brazil-cities-time.csv

Rejection ABC fitting of epidemic curves

Model: SEIRD
Parameters: $\beta_{I}$, $\beta_{E}$, $N$, $\mu$, $\gamma$, $t_{c}$, RF_{0}, $E_{0}$
#####################################################################

Number of Samples: 960
Number of Posteriors: 3
RMSD Weights: [1,1]
Training window size: 25
Validation window size: 10

#####################################################################

Posterior No. 2
Execution Time: 0.754 s
Tolerance: eps = 0.039372

Priors' Ranges:

	 $\beta_{I}$: 0.000050 <-> 0.903063
	 $\beta_{E}$: 0.000015 <-> 0.111080
	 $N$: 639913.536588 <-> 25136130.465395
	 $\mu$: 0.002990 <-> 0.013937
	 $\gamma$: 0.177113 <-> 0.998912
	 $t_{c}$: 3.642649 <-> 29.985077
	 RF_{0}: 0.941404 <-> 0.999934
	 $E_{0}$: 0.101394 <-> 0.840718

Estimated parameters (av +/- std):

	 $\beta_{I}$: 0.051929 +/- 0.184998
	 $\beta_{E}$: 0.019842 +/- 0.017051
	 $N$: 1217894.275636 +/- 6910408.336017
	 $\mu$: 0.005563 +/- 0.002459
	 $\gamma$: 0.376968 +/- 0.194483
	 $t_{c}$: 25.943777 +/- 5.640022
	 RF_{0}: 0.999170 +/- 0.011248
	 $E_{0}$: 0.721644 +/- 0.141921

Posterior distribution on file posterior_'param'.png

RMSD: 0.023092
Weighted RMSD: 0.023092
RMSD for validation data: 0.508736
RMSD for total data: 0.399265
AIC: 16.046184
AIC for validation data: 17.017472
AIC for total data: 16.798529

#####################################################################

Total time on ABC: 1.723 s
Number of trials: 79807

Fit on file model_fit.png