2021-11-14_20-27-56

Data Source: Número de casos confirmados de COVID-19 no Brasil (on GitHub)
https://raw.githubusercontent.com/wcota/covid19br/master/cases-brazil-cities-time.csv

Rejection ABC fitting of epidemic curves

Model: SEIRD
Parameters: $\beta_{I}$, $\beta_{E}$, $N$, $\mu$, $\gamma$, $t_{c}$, RF_{0}, $E_{0}$
#####################################################################

Number of Samples: 960
Number of Posteriors: 3
RMSD Weights: [1,1]
Training window size: 30
Validation window size: 10

#####################################################################

Posterior No. 3
Execution Time: 0.103 s
Tolerance: eps = 12.026629

Priors' Ranges:

	 $\beta_{I}$: 0.000072 <-> 0.998150
	 $\beta_{E}$: 0.000154 <-> 0.900406
	 $N$: 53416.332056 <-> 10239386.602010
	 $\mu$: 0.000110 <-> 0.984267
	 $\gamma$: 0.014226 <-> 0.999653
	 $t_{c}$: 0.076109 <-> 29.970705
	 RF_{0}: 0.009275 <-> 0.998321
	 $E_{0}$: 0.000641 <-> 1.988781

Estimated parameters (av +/- std):

	 $\beta_{I}$: 0.424990 +/- 0.252284
	 $\beta_{E}$: 0.366889 +/- 0.133585
	 $N$: 97503.741495 +/- 2954019.180458
	 $\mu$: 0.004386 +/- 0.226398
	 $\gamma$: 0.818273 +/- 0.206615
	 $t_{c}$: 21.959950 +/- 8.352890
	 RF_{0}: 0.750708 +/- 0.233496
	 $E_{0}$: 0.308152 +/- 0.447012

Posterior distribution on file posterior_'param'.png

RMSD: 0.236684
Weighted RMSD: 0.236684
RMSD for validation data: 2.968717
RMSD for total data: 0.433979
AIC: 16.473368
AIC for validation data: 21.937435
AIC for total data: 16.867957

#####################################################################

Total time on ABC: 0.375 s
Number of trials: 13071

Fit on file model_fit.png