2021-11-14_20-30-25

Data Source: Número de casos confirmados de COVID-19 no Brasil (on GitHub)
https://raw.githubusercontent.com/wcota/covid19br/master/cases-brazil-cities-time.csv

Rejection ABC fitting of epidemic curves

Model: SEIRD
Parameters: $\beta_{I}$, $\beta_{E}$, $N$, $\mu$, $\gamma$, $t_{c}$, RF_{0}, $E_{0}$
#####################################################################

Number of Samples: 48
Number of Posteriors: 3
RMSD Weights: [1,1]
Training window size: 30
Validation window size: 10

#####################################################################

Posterior No. 1
Execution Time: 0.177 s
Tolerance: eps = 4.920386

Priors' Ranges:

	 $\beta_{I}$: 0.000000 <-> 1.000000
	 $\beta_{E}$: 0.000000 <-> 1.000000
	 $N$: 51269.183000 <-> 10253836.600000
	 $\mu$: 0.000000 <-> 1.000000
	 $\gamma$: 0.000000 <-> 1.000000
	 $t_{c}$: 0.000000 <-> 30.000000
	 RF_{0}: 0.000000 <-> 1.000000
	 $E_{0}$: 0.000000 <-> 2.000000

Estimated parameters (av +/- std):

	 $\beta_{I}$: 0.719009 +/- 0.273877
	 $\beta_{E}$: 0.066988 +/- 0.163104
	 $N$: 9879572.248612 +/- 3059065.046944
	 $\mu$: 0.004532 +/- 0.297072
	 $\gamma$: 0.921025 +/- 0.261567
	 $t_{c}$: 1.257672 +/- 9.451507
	 RF_{0}: 0.488292 +/- 0.289504
	 $E_{0}$: 0.921647 +/- 0.557111

Posterior distribution on file posterior_'param'.png

RMSD: 0.190743
Weighted RMSD: 0.190743
RMSD for validation data: 1.451531
RMSD for total data: 0.433979
AIC: 16.381487
AIC for validation data: 18.903063
AIC for total data: 16.867957

#####################################################################

Total time on ABC: 0.177 s
Number of trials: 9118

Fit on file model_fit.png