2021-11-29_22-05-24

Data Source: Número de casos confirmados de COVID-19 no Brasil (on GitHub)
https://raw.githubusercontent.com/wcota/covid19br/master/cases-brazil-cities-time.csv

Rejection ABC fitting of epidemic curves

Model: SEIRD
Parameters: $\beta_{I}$, $\beta_{E}$, $N$, $\mu$, $\gamma$, $t_{c}$, RF_{0}, $E_{0}$
#####################################################################

Number of Samples: 9984
Number of Posteriors: 3
RMSD Weights: [1,1]
Training window size: 10
Validation window size: 10

#####################################################################

Posterior No. 2
Execution Time: 1.653 s
Tolerance: eps = 41.477420

Priors' Ranges:

	 $\beta_{I}$: 0.000118 <-> 1.000000
	 $\beta_{E}$: 0.000077 <-> 0.999938
	 $N$: 213560.985979 <-> 42504059.649831
	 $\mu$: 0.000002 <-> 0.989784
	 $\gamma$: 0.000074 <-> 0.999769
	 $t_{c}$: 0.083347 <-> 29.997364
	 RF_{0}: 0.001209 <-> 0.999973
	 $E_{0}$: 0.000324 <-> 1.999627

Estimated parameters (av +/- std):

	 $\beta_{I}$: 0.511644 +/- 0.266327
	 $\beta_{E}$: 0.258829 +/- 0.267547
	 $N$: 7871761.799652 +/- 11138921.701005
	 $\mu$: 0.004809 +/- 0.151042
	 $\gamma$: 0.801386 +/- 0.231972
	 $t_{c}$: 10.360745 +/- 7.324911
	 RF_{0}: 0.975182 +/- 0.232339
	 $E_{0}$: 0.035823 +/- 0.545885

Posterior distribution on file posterior_'param'.png

RMSD: 0.150392
Weighted RMSD: 0.150392
RMSD for validation data: 0.637580
RMSD for total data: 0.287803
AIC: 16.300784
AIC for validation data: 17.275161
AIC for total data: 16.575606

#####################################################################

Total time on ABC: 2.456 s
Number of trials: 137486

Fit on file model_fit.png