2021-11-29_22-05-24

Data Source: Número de casos confirmados de COVID-19 no Brasil (on GitHub)
https://raw.githubusercontent.com/wcota/covid19br/master/cases-brazil-cities-time.csv

Rejection ABC fitting of epidemic curves

Model: SEIRD
Parameters: $\beta_{I}$, $\beta_{E}$, $N$, $\mu$, $\gamma$, $t_{c}$, RF_{0}, $E_{0}$
#####################################################################

Number of Samples: 9984
Number of Posteriors: 3
RMSD Weights: [1,1]
Training window size: 30
Validation window size: 10

#####################################################################

Posterior No. 3
Execution Time: 1.910 s
Tolerance: eps = 0.208327

Priors' Ranges:

	 $\beta_{I}$: 0.000339 <-> 0.999844
	 $\beta_{E}$: 0.020152 <-> 0.850668
	 $N$: 222592.591968 <-> 42504729.524504
	 $\mu$: 0.000761 <-> 0.999961
	 $\gamma$: 0.000050 <-> 0.999679
	 $t_{c}$: 0.082918 <-> 29.998114
	 RF_{0}: 0.000005 <-> 0.999969
	 $E_{0}$: 0.000732 <-> 1.999660

Estimated parameters (av +/- std):

	 $\beta_{I}$: 0.595393 +/- 0.266471
	 $\beta_{E}$: 0.353923 +/- 0.051388
	 $N$: 4571451.316893 +/- 11274728.912044
	 $\mu$: 0.034577 +/- 0.274163
	 $\gamma$: 0.720189 +/- 0.266702
	 $t_{c}$: 5.392275 +/- 7.291486
	 RF_{0}: 0.131602 +/- 0.268453
	 $E_{0}$: 1.578421 +/- 0.514837

Posterior distribution on file posterior_'param'.png

RMSD: 0.084978
Weighted RMSD: 0.084978
RMSD for validation data: 2.438616
RMSD for total data: 0.255127
AIC: 16.169955
AIC for validation data: 20.877233
AIC for total data: 16.510253

#####################################################################

Total time on ABC: 5.204 s
Number of trials: 107758

Fit on file model_fit.png