2021-11-14_05-08-12

Data Source: Número de casos confirmados de COVID-19 no Brasil (on GitHub)
https://raw.githubusercontent.com/wcota/covid19br/master/cases-brazil-cities-time.csv

Rejection ABC fitting of epidemic curves

Model: SEIRD
Parameters: $\beta_{I}$, $\beta_{E}$, $N$, $\mu$, $\gamma$, $t_{c}$, RF_{0}, $E_{0}$
#####################################################################

Number of Samples: 48
Number of Posteriors: 3
RMSD Weights: [1,1]
Training window size: 30
Validation window size: 10

#####################################################################

Posterior No. 1
Execution Time: 0.162 s
Tolerance: eps = 89.692464

Priors' Ranges:

	 $\beta_{I}$: 0.000000 <-> 1.000000
	 $\beta_{E}$: 0.000000 <-> 1.000000
	 $N$: 126476.458000 <-> 25295291.600000
	 $\mu$: 0.000000 <-> 1.000000
	 $\gamma$: 0.000000 <-> 1.000000
	 $t_{c}$: 0.000000 <-> 30.000000
	 RF_{0}: 0.000000 <-> 1.000000
	 $E_{0}$: 0.000000 <-> 2.000000

Estimated parameters (av +/- std):

	 $\beta_{I}$: 0.893491 +/- 0.276218
	 $\beta_{E}$: 0.028185 +/- 0.165791
	 $N$: 17395615.162953 +/- 7440830.030567
	 $\mu$: 0.001571 +/- 0.296074
	 $\gamma$: 0.389703 +/- 0.254736
	 $t_{c}$: 23.207370 +/- 9.318511
	 RF_{0}: 0.838746 +/- 0.287266
	 $E_{0}$: 0.201349 +/- 0.546260

Posterior distribution on file posterior_'param'.png

RMSD: 0.110795
Weighted RMSD: 0.110795
RMSD for validation data: 2.142602
RMSD for total data: 10.885900
AIC: 16.221590
AIC for validation data: 20.285205
AIC for total data: 37.771799

#####################################################################

Total time on ABC: 0.162 s
Number of trials: 9984

Fit on file model_fit.png