2021-11-14_23-03-08

Data Source: Número de casos confirmados de COVID-19 no Brasil (on GitHub)
https://raw.githubusercontent.com/wcota/covid19br/master/cases-brazil-cities-time.csv

Rejection ABC fitting of epidemic curves

Model: SEIRD
Parameters: $\beta_{I}$, $\beta_{E}$, $N$, $\mu$, $\gamma$, $t_{c}$, RF_{0}, $E_{0}$
#####################################################################

Number of Samples: 960
Number of Posteriors: 3
RMSD Weights: [1,1]
Training window size: 20
Validation window size: 10

#####################################################################

Posterior No. 3
Execution Time: 0.148 s
Tolerance: eps = 10.754299

Priors' Ranges:

	 $\beta_{I}$: 0.000808 <-> 0.999837
	 $\beta_{E}$: 0.003968 <-> 0.999807
	 $N$: 334773.678589 <-> 65735467.481033
	 $\mu$: 0.000054 <-> 0.835515
	 $\gamma$: 0.008381 <-> 0.998597
	 $t_{c}$: 0.140368 <-> 29.982176
	 RF_{0}: 0.000857 <-> 0.999935
	 $E_{0}$: 0.001205 <-> 1.998973

Estimated parameters (av +/- std):

	 $\beta_{I}$: 0.726619 +/- 0.269573
	 $\beta_{E}$: 0.183901 +/- 0.281031
	 $N$: 4401225.467223 +/- 13433179.032863
	 $\mu$: 0.002600 +/- 0.138010
	 $\gamma$: 0.683650 +/- 0.218629
	 $t_{c}$: 24.147933 +/- 7.526323
	 RF_{0}: 0.848038 +/- 0.239290
	 $E_{0}$: 0.882203 +/- 0.551920

Posterior distribution on file posterior_'param'.png

RMSD: 0.244507
Weighted RMSD: 0.244507
RMSD for validation data: 1.580866
RMSD for total data: 0.431205
AIC: 16.489014
AIC for validation data: 19.161731
AIC for total data: 16.862409

#####################################################################

Total time on ABC: 0.369 s
Number of trials: 14704

Fit on file model_fit.png