2021-11-14_20-35-18

Data Source: Número de casos confirmados de COVID-19 no Brasil (on GitHub)
https://raw.githubusercontent.com/wcota/covid19br/master/cases-brazil-cities-time.csv

Rejection ABC fitting of epidemic curves

Model: SEIRD
Parameters: $\beta_{I}$, $\beta_{E}$, $N$, $\mu$, $\gamma$, $t_{c}$, RF_{0}, $E_{0}$
#####################################################################

Number of Samples: 960
Number of Posteriors: 3
RMSD Weights: [1,1]
Training window size: 15
Validation window size: 10

#####################################################################

Posterior No. 3
Execution Time: 0.085 s
Tolerance: eps = 14.198347

Priors' Ranges:

	 $\beta_{I}$: 0.002604 <-> 0.997323
	 $\beta_{E}$: 0.003861 <-> 0.998146
	 $N$: 68843.264071 <-> 13240550.318820
	 $\mu$: 0.000055 <-> 0.996957
	 $\gamma$: 0.010693 <-> 0.998606
	 $t_{c}$: 0.183609 <-> 29.968862
	 RF_{0}: 0.028040 <-> 0.999683
	 $E_{0}$: 0.000469 <-> 1.990326

Estimated parameters (av +/- std):

	 $\beta_{I}$: 0.953229 +/- 0.258551
	 $\beta_{E}$: 0.591311 +/- 0.265957
	 $N$: 778831.126873 +/- 2564885.861697
	 $\mu$: 0.020930 +/- 0.138403
	 $\gamma$: 0.335316 +/- 0.221443
	 $t_{c}$: 29.321601 +/- 7.796554
	 RF_{0}: 0.999683 +/- 0.205961
	 $E_{0}$: 1.441683 +/- 0.547726

Posterior distribution on file posterior_'param'.png

RMSD: 0.236294
Weighted RMSD: 0.236294
RMSD for validation data: 1.713941
RMSD for total data: 0.331806
AIC: 16.472589
AIC for validation data: 19.427882
AIC for total data: 16.663612

#####################################################################

Total time on ABC: 0.250 s
Number of trials: 14358

Fit on file model_fit.png