2021-11-14_10-28-32

Data Source: Número de casos confirmados de COVID-19 no Brasil (on GitHub)
https://raw.githubusercontent.com/wcota/covid19br/master/cases-brazil-cities-time.csv

Rejection ABC fitting of epidemic curves

Model: SEIRD
Parameters: $\beta_{I}$, $\beta_{E}$, $N$, $\mu$, $\gamma$, $t_{c}$, RF_{0}, $E_{0}$
#####################################################################

Number of Samples: 960
Number of Posteriors: 3
RMSD Weights: [1,1]
Training window size: 30
Validation window size: 10

#####################################################################

Posterior No. 2
Execution Time: 0.086 s
Tolerance: eps = 15.642501

Priors' Ranges:

	 $\beta_{I}$: 0.000035 <-> 0.999707
	 $\beta_{E}$: 0.001422 <-> 0.997107
	 $N$: 217776.059015 <-> 41716751.716933
	 $\mu$: 0.000244 <-> 0.998503
	 $\gamma$: 0.003679 <-> 0.999538
	 $t_{c}$: 0.050690 <-> 29.927254
	 RF_{0}: 0.009029 <-> 0.999805
	 $E_{0}$: 0.002493 <-> 1.996906

Estimated parameters (av +/- std):

	 $\beta_{I}$: 0.907679 +/- 0.274058
	 $\beta_{E}$: 0.217415 +/- 0.273640
	 $N$: 3312428.801622 +/- 8492039.156871
	 $\mu$: 0.011027 +/- 0.196911
	 $\gamma$: 0.752475 +/- 0.227067
	 $t_{c}$: 21.103154 +/- 7.900364
	 RF_{0}: 0.965145 +/- 0.255351
	 $E_{0}$: 0.506194 +/- 0.533140

Posterior distribution on file posterior_'param'.png

RMSD: 0.266152
Weighted RMSD: 0.266152
RMSD for validation data: 1.878807
RMSD for total data: 0.320326
AIC: 16.532305
AIC for validation data: 19.757614
AIC for total data: 16.640652

#####################################################################

Total time on ABC: 0.252 s
Number of trials: 12939

Fit on file model_fit.png