2021-11-14_06-19-53

Data Source: Número de casos confirmados de COVID-19 no Brasil (on GitHub)
https://raw.githubusercontent.com/wcota/covid19br/master/cases-brazil-cities-time.csv

Rejection ABC fitting of epidemic curves

Model: SEIRD
Parameters: $\beta_{I}$, $\beta_{E}$, $N$, $\mu$, $\gamma$, $t_{c}$, RF_{0}, $E_{0}$
#####################################################################

Number of Samples: 48
Number of Posteriors: 3
RMSD Weights: [1,1]
Training window size: 40
Validation window size: 10

#####################################################################

Posterior No. 1
Execution Time: 0.218 s
Tolerance: eps = 179.747230

Priors' Ranges:

	 $\beta_{I}$: 0.000000 <-> 1.000000
	 $\beta_{E}$: 0.000000 <-> 1.000000
	 $N$: 83783.945000 <-> 16756789.000000
	 $\mu$: 0.000000 <-> 1.000000
	 $\gamma$: 0.000000 <-> 1.000000
	 $t_{c}$: 0.000000 <-> 30.000000
	 RF_{0}: 0.000000 <-> 1.000000
	 $E_{0}$: 0.000000 <-> 2.000000

Estimated parameters (av +/- std):

	 $\beta_{I}$: 0.775477 +/- 0.283881
	 $\beta_{E}$: 0.917244 +/- 0.304480
	 $N$: 222357.033219 +/- 5069569.867881
	 $\mu$: 0.009918 +/- 0.283671
	 $\gamma$: 0.983260 +/- 0.254290
	 $t_{c}$: 19.325380 +/- 9.305555
	 RF_{0}: 0.877810 +/- 0.279663
	 $E_{0}$: 0.230438 +/- 0.579613

Posterior distribution on file posterior_'param'.png

RMSD: 0.456675
Weighted RMSD: 0.456675
RMSD for validation data: 1.225654
RMSD for total data: 0.385555
AIC: 16.913351
AIC for validation data: 18.451309
AIC for total data: 16.771110

#####################################################################

Total time on ABC: 0.218 s
Number of trials: 9191

Fit on file model_fit.png