2021-11-14_04-03-32

Data Source: Número de casos confirmados de COVID-19 no Brasil (on GitHub)
https://raw.githubusercontent.com/wcota/covid19br/master/cases-brazil-cities-time.csv

Rejection ABC fitting of epidemic curves

Model: SEIRD
Parameters: $\beta_{I}$, $\beta_{E}$, $N$, $\mu$, $\gamma$, $t_{c}$, RF_{0}, $E_{0}$
#####################################################################

Number of Samples: 960
Number of Posteriors: 3
RMSD Weights: [1,1]
Training window size: 45
Validation window size: 10

#####################################################################

Posterior No. 2
Execution Time: 0.117 s
Tolerance: eps = 0.165565

Priors' Ranges:

	 $\beta_{I}$: 0.000133 <-> 0.426092
	 $\beta_{E}$: 0.000009 <-> 0.106630
	 $N$: 163435.524375 <-> 25273015.937814
	 $\mu$: 0.002969 <-> 0.056855
	 $\gamma$: 0.051542 <-> 0.793115
	 $t_{c}$: 5.462816 <-> 29.976992
	 RF_{0}: 0.763784 <-> 0.999872
	 $E_{0}$: 0.000367 <-> 0.147471

Estimated parameters (av +/- std):

	 $\beta_{I}$: 0.045293 +/- 0.090835
	 $\beta_{E}$: 0.071887 +/- 0.021978
	 $N$: 4993694.111378 +/- 6807653.772302
	 $\mu$: 0.007991 +/- 0.008262
	 $\gamma$: 0.248417 +/- 0.124995
	 $t_{c}$: 21.608385 +/- 6.198508
	 RF_{0}: 0.894411 +/- 0.047741
	 $E_{0}$: 0.036304 +/- 0.025669

Posterior distribution on file posterior_'param'.png

RMSD: 0.062058
Weighted RMSD: 0.062058
RMSD for validation data: 5.686295
RMSD for total data: 0.279506
AIC: 16.124115
AIC for validation data: 27.372591
AIC for total data: 16.559012

#####################################################################

Total time on ABC: 0.223 s
Number of trials: 7143

Fit on file model_fit.png