2021-11-14_06-01-51

Data Source: Número de casos confirmados de COVID-19 no Brasil (on GitHub)
https://raw.githubusercontent.com/wcota/covid19br/master/cases-brazil-cities-time.csv

Rejection ABC fitting of epidemic curves

Model: SEIRD
Parameters: $\beta_{I}$, $\beta_{E}$, $N$, $\mu$, $\gamma$, $t_{c}$, RF_{0}, $E_{0}$
#####################################################################

Number of Samples: 960
Number of Posteriors: 3
RMSD Weights: [1,1]
Training window size: 50
Validation window size: 10

#####################################################################

Posterior No. 3
Execution Time: 9.469 s
Tolerance: eps = 0.014770

Priors' Ranges:

	 $\beta_{I}$: 0.001103 <-> 0.975349
	 $\beta_{E}$: 0.000260 <-> 0.089264
	 $N$: 15639158.663845 <-> 275737747.395798
	 $\mu$: 0.002376 <-> 0.012673
	 $\gamma$: 0.195771 <-> 0.998949
	 $t_{c}$: 3.263756 <-> 29.969461
	 RF_{0}: 0.976373 <-> 0.999989
	 $E_{0}$: 0.022003 <-> 0.205587

Estimated parameters (av +/- std):

	 $\beta_{I}$: 0.312991 +/- 0.224199
	 $\beta_{E}$: 0.022493 +/- 0.014332
	 $N$: 162807613.439884 +/- 71558195.169636
	 $\mu$: 0.009982 +/- 0.001980
	 $\gamma$: 0.801209 +/- 0.162788
	 $t_{c}$: 22.295678 +/- 5.497178
	 RF_{0}: 0.996483 +/- 0.003939
	 $E_{0}$: 0.139302 +/- 0.034200

Posterior distribution on file posterior_'param'.png

RMSD: 0.005985
Weighted RMSD: 0.005985
RMSD for validation data: 0.290177
RMSD for total data: 0.507635
AIC: 16.011969
AIC for validation data: 16.580355
AIC for total data: 17.015271

#####################################################################

Total time on ABC: 18.705 s
Number of trials: 428428

Fit on file model_fit.png