2022-03-08_16-35-49

Data Source: Número de casos confirmados de COVID-19 no Brasil (on GitHub)
https://raw.githubusercontent.com/wcota/covid19br/master/cases-brazil-cities-time.csv

Rejection ABC fitting of epidemic curves

Model: SEIRD
Parameters: $\beta_{I}$, $\beta_{E}$, $N$, $\mu$, $\gamma$, $t_{c}$, RF_{0}, $E_{0}$
#####################################################################

Number of Samples: 48
Number of Posteriors: 3
RMSD Weights: [1,1]
Training window size: 40
Validation window size: 10

#####################################################################

Posterior No. 1
Execution Time: 6.919 s
Tolerance: eps = 0.02

Priors' Ranges:

	 $\beta_{I}$: 0.000000 <-> 1.000000
	 $\beta_{E}$: 0.000000 <-> 1.000000
	 $N$: 2125594.090000 <-> 106279704.500000
	 $\mu$: 0.000000 <-> 1.000000
	 $\gamma$: 0.000000 <-> 1.000000
	 $t_{c}$: 0.000000 <-> 30.000000
	 RF_{0}: 0.000000 <-> 1.000000
	 $E_{0}$: 0.000000 <-> 2.000000

Estimated parameters (av +/- std):

	 $\beta_{I}$: 0.528792 +/- 0.262160
	 $\beta_{E}$: 0.025874 +/- 0.019158
	 $N$: 74801083.606810 +/- 24825949.610166
	 $\mu$: 0.017627 +/- 0.003970
	 $\gamma$: 0.781772 +/- 0.173835
	 $t_{c}$: 29.572716 +/- 5.542666
	 RF_{0}: 0.990844 +/- 0.003279
	 $E_{0}$: 0.148278 +/- 0.029436

Posterior distribution on file posterior_'param'.png

RMSD: 0.013974
Weighted RMSD: 0.013974
RMSD for validation data: 0.178419
RMSD for total data: 0.449497
AIC: 16.027948
AIC for validation data: 16.356838
AIC for total data: 16.898994

#####################################################################

Total time on ABC: 6.919 s
Number of trials: 370635

Fit on file model_fit.png