2021-11-14_23-05-32

Data Source: Número de casos confirmados de COVID-19 no Brasil (on GitHub)
https://raw.githubusercontent.com/wcota/covid19br/master/cases-brazil-cities-time.csv

Rejection ABC fitting of epidemic curves

Model: SEIRD
Parameters: $\beta_{I}$, $\beta_{E}$, $N$, $\mu$, $\gamma$, $t_{c}$, RF_{0}, $E_{0}$
#####################################################################

Number of Samples: 48
Number of Posteriors: 3
RMSD Weights: [1,1]
Training window size: 15
Validation window size: 10

#####################################################################

Posterior No. 1
Execution Time: 0.101 s
Tolerance: eps = 37.091972

Priors' Ranges:

	 $\beta_{I}$: 0.000000 <-> 1.000000
	 $\beta_{E}$: 0.000000 <-> 1.000000
	 $N$: 331002.647000 <-> 66200529.400000
	 $\mu$: 0.000000 <-> 1.000000
	 $\gamma$: 0.000000 <-> 1.000000
	 $t_{c}$: 0.000000 <-> 30.000000
	 RF_{0}: 0.000000 <-> 1.000000
	 $E_{0}$: 0.000000 <-> 2.000000

Estimated parameters (av +/- std):

	 $\beta_{I}$: 0.058612 +/- 0.294965
	 $\beta_{E}$: 0.038435 +/- 0.289443
	 $N$: 49853956.112154 +/- 18433652.534986
	 $\mu$: 0.015498 +/- 0.243305
	 $\gamma$: 0.596302 +/- 0.266879
	 $t_{c}$: 25.033756 +/- 8.402311
	 RF_{0}: 0.997869 +/- 0.273557
	 $E_{0}$: 0.134911 +/- 0.579377

Posterior distribution on file posterior_'param'.png

RMSD: 0.091388
Weighted RMSD: 0.091388
RMSD for validation data: 0.289904
RMSD for total data: 0.486715
AIC: 16.182776
AIC for validation data: 16.579808
AIC for total data: 16.973429

#####################################################################

Total time on ABC: 0.101 s
Number of trials: 9886

Fit on file model_fit.png