2022-03-08_16-04-21

Data Source: Número de casos confirmados de COVID-19 no Brasil (on GitHub)
https://raw.githubusercontent.com/wcota/covid19br/master/cases-brazil-cities-time.csv

Rejection ABC fitting of epidemic curves

Model: SEIRD
Parameters: $\beta_{I}$, $\beta_{E}$, $N$, $\mu$, $\gamma$, $t_{c}$, RF_{0}, $E_{0}$
#####################################################################

Number of Samples: 48
Number of Posteriors: 3
RMSD Weights: [1,1]
Training window size: 20
Validation window size: 10

#####################################################################

Posterior No. 1
Execution Time: 0.235 s
Tolerance: eps = 0.05

Priors' Ranges:

	 $\beta_{I}$: 0.000000 <-> 1.000000
	 $\beta_{E}$: 0.000000 <-> 1.000000
	 $N$: 2125594.090000 <-> 106279704.500000
	 $\mu$: 0.000000 <-> 1.000000
	 $\gamma$: 0.000000 <-> 1.000000
	 $t_{c}$: 0.000000 <-> 30.000000
	 RF_{0}: 0.000000 <-> 1.000000
	 $E_{0}$: 0.000000 <-> 2.000000

Estimated parameters (av +/- std):

	 $\beta_{I}$: 0.381116 +/- 0.215550
	 $\beta_{E}$: 0.023339 +/- 0.022311
	 $N$: 27265738.612278 +/- 27386888.547910
	 $\mu$: 0.024350 +/- 0.003947
	 $\gamma$: 0.947282 +/- 0.153444
	 $t_{c}$: 20.976224 +/- 5.695518
	 RF_{0}: 0.992458 +/- 0.005577
	 $E_{0}$: 0.156821 +/- 0.045656

Posterior distribution on file posterior_'param'.png

RMSD: 0.024066
Weighted RMSD: 0.024066
RMSD for validation data: 0.103124
RMSD for total data: 0.449499
AIC: 16.048132
AIC for validation data: 16.206248
AIC for total data: 16.898998

#####################################################################

Total time on ABC: 0.235 s
Number of trials: 17198

Fit on file model_fit.png