2021-11-29_22-05-24

Data Source: Número de casos confirmados de COVID-19 no Brasil (on GitHub)
https://raw.githubusercontent.com/wcota/covid19br/master/cases-brazil-cities-time.csv

Rejection ABC fitting of epidemic curves

Model: SEIRD
Parameters: $\beta_{I}$, $\beta_{E}$, $N$, $\mu$, $\gamma$, $t_{c}$, RF_{0}, $E_{0}$
#####################################################################

Number of Samples: 48
Number of Posteriors: 3
RMSD Weights: [1,1]
Training window size: 20
Validation window size: 10

#####################################################################

Posterior No. 1
Execution Time: 1.320 s
Tolerance: eps = 10.706687

Priors' Ranges:

	 $\beta_{I}$: 0.000000 <-> 1.000000
	 $\beta_{E}$: 0.000000 <-> 1.000000
	 $N$: 212559.409000 <-> 42511881.800000
	 $\mu$: 0.000000 <-> 1.000000
	 $\gamma$: 0.000000 <-> 1.000000
	 $t_{c}$: 0.000000 <-> 30.000000
	 RF_{0}: 0.000000 <-> 1.000000
	 $E_{0}$: 0.000000 <-> 2.000000

Estimated parameters (av +/- std):

	 $\beta_{I}$: 0.946418 +/- 0.287621
	 $\beta_{E}$: 0.017095 +/- 0.299376
	 $N$: 41750083.174418 +/- 12177519.726430
	 $\mu$: 0.009360 +/- 0.254743
	 $\gamma$: 0.389917 +/- 0.261416
	 $t_{c}$: 29.095958 +/- 8.456784
	 RF_{0}: 0.818049 +/- 0.275437
	 $E_{0}$: 0.156169 +/- 0.587713

Posterior distribution on file posterior_'param'.png

RMSD: 0.083101
Weighted RMSD: 0.083101
RMSD for validation data: 0.688132
RMSD for total data: 0.491342
AIC: 16.166201
AIC for validation data: 17.376265
AIC for total data: 16.982684

#####################################################################

Total time on ABC: 1.320 s
Number of trials: 100132

Fit on file model_fit.png