2021-11-14_06-19-53

Data Source: Número de casos confirmados de COVID-19 no Brasil (on GitHub)
https://raw.githubusercontent.com/wcota/covid19br/master/cases-brazil-cities-time.csv

Rejection ABC fitting of epidemic curves

Model: SEIRD
Parameters: $\beta_{I}$, $\beta_{E}$, $N$, $\mu$, $\gamma$, $t_{c}$, RF_{0}, $E_{0}$
#####################################################################

Number of Samples: 48
Number of Posteriors: 3
RMSD Weights: [1,1]
Training window size: 25
Validation window size: 10

#####################################################################

Posterior No. 1
Execution Time: 0.141 s
Tolerance: eps = 0.471560

Priors' Ranges:

	 $\beta_{I}$: 0.000000 <-> 1.000000
	 $\beta_{E}$: 0.000000 <-> 1.000000
	 $N$: 83783.945000 <-> 16756789.000000
	 $\mu$: 0.000000 <-> 1.000000
	 $\gamma$: 0.000000 <-> 1.000000
	 $t_{c}$: 0.000000 <-> 30.000000
	 RF_{0}: 0.000000 <-> 1.000000
	 $E_{0}$: 0.000000 <-> 2.000000

Estimated parameters (av +/- std):

	 $\beta_{I}$: 0.116622 +/- 0.276488
	 $\beta_{E}$: 0.439625 +/- 0.141809
	 $N$: 13908277.076827 +/- 4750320.554789
	 $\mu$: 0.001339 +/- 0.287973
	 $\gamma$: 0.108516 +/- 0.260336
	 $t_{c}$: 14.104202 +/- 9.123011
	 RF_{0}: 0.488634 +/- 0.276223
	 $E_{0}$: 0.188845 +/- 0.554796

Posterior distribution on file posterior_'param'.png

RMSD: 0.093632
Weighted RMSD: 0.093632
RMSD for validation data: 2.837235
RMSD for total data: 2.675413
AIC: 16.187265
AIC for validation data: 21.674470
AIC for total data: 21.350826

#####################################################################

Total time on ABC: 0.141 s
Number of trials: 9649

Fit on file model_fit.png