2021-11-14_06-01-51

Data Source: Número de casos confirmados de COVID-19 no Brasil (on GitHub)
https://raw.githubusercontent.com/wcota/covid19br/master/cases-brazil-cities-time.csv

Rejection ABC fitting of epidemic curves

Model: SEIRD
Parameters: $\beta_{I}$, $\beta_{E}$, $N$, $\mu$, $\gamma$, $t_{c}$, RF_{0}, $E_{0}$
#####################################################################

Number of Samples: 48
Number of Posteriors: 3
RMSD Weights: [1,1]
Training window size: 25
Validation window size: 10

#####################################################################

Posterior No. 1
Execution Time: 0.081 s
Tolerance: eps = 0.092702

Priors' Ranges:

	 $\beta_{I}$: 0.000000 <-> 1.000000
	 $\beta_{E}$: 0.000000 <-> 1.000000
	 $N$: 1380004.385000 <-> 276000877.000000
	 $\mu$: 0.000000 <-> 1.000000
	 $\gamma$: 0.000000 <-> 1.000000
	 $t_{c}$: 0.000000 <-> 30.000000
	 RF_{0}: 0.000000 <-> 1.000000
	 $E_{0}$: 0.000000 <-> 2.000000

Estimated parameters (av +/- std):

	 $\beta_{I}$: 0.553159 +/- 0.253933
	 $\beta_{E}$: 0.119342 +/- 0.029516
	 $N$: 72970134.142562 +/- 69327764.697826
	 $\mu$: 0.004258 +/- 0.001167
	 $\gamma$: 0.768556 +/- 0.184743
	 $t_{c}$: 10.814550 +/- 5.745560
	 RF_{0}: 0.997414 +/- 0.002644
	 $E_{0}$: 0.011799 +/- 0.008272

Posterior distribution on file posterior_'param'.png

RMSD: 0.011808
Weighted RMSD: 0.011808
RMSD for validation data: 0.029583
RMSD for total data: 1.201303
AIC: 16.023616
AIC for validation data: 16.059167
AIC for total data: 18.402607

#####################################################################

Total time on ABC: 0.081 s
Number of trials: 6092

Fit on file model_fit.png