2021-11-14_10-31-06

Data Source: Número de casos confirmados de COVID-19 no Brasil (on GitHub)
https://raw.githubusercontent.com/wcota/covid19br/master/cases-brazil-cities-time.csv

Rejection ABC fitting of epidemic curves

Model: SEIRD
Parameters: $\beta_{I}$, $\beta_{E}$, $N$, $\mu$, $\gamma$, $t_{c}$, RF_{0}, $E_{0}$
#####################################################################

Number of Samples: 960
Number of Posteriors: 3
RMSD Weights: [1,1]
Training window size: 45
Validation window size: 10

#####################################################################

Posterior No. 2
Execution Time: 0.129 s
Tolerance: eps = 0.896373

Priors' Ranges:

	 $\beta_{I}$: 0.000496 <-> 0.999659
	 $\beta_{E}$: 0.000010 <-> 0.968412
	 $N$: 215978.294140 <-> 42345488.679029
	 $\mu$: 0.000189 <-> 0.997058
	 $\gamma$: 0.025925 <-> 0.999654
	 $t_{c}$: 0.045701 <-> 29.971660
	 RF_{0}: 0.005566 <-> 0.999639
	 $E_{0}$: 0.000376 <-> 1.996741

Estimated parameters (av +/- std):

	 $\beta_{I}$: 0.566793 +/- 0.240724
	 $\beta_{E}$: 0.068635 +/- 0.125046
	 $N$: 17940615.491877 +/- 11921721.243840
	 $\mu$: 0.062138 +/- 0.268054
	 $\gamma$: 0.903682 +/- 0.212291
	 $t_{c}$: 12.652783 +/- 9.021027
	 RF_{0}: 0.487504 +/- 0.246525
	 $E_{0}$: 0.819095 +/- 0.500863

Posterior distribution on file posterior_'param'.png

RMSD: 0.075746
Weighted RMSD: 0.075746
RMSD for validation data: 0.831872
RMSD for total data: 0.399515
AIC: 16.151491
AIC for validation data: 17.663744
AIC for total data: 16.799030

#####################################################################

Total time on ABC: 0.383 s
Number of trials: 14960

Fit on file model_fit.png