2021-11-14_23-05-32

Data Source: Número de casos confirmados de COVID-19 no Brasil (on GitHub)
https://raw.githubusercontent.com/wcota/covid19br/master/cases-brazil-cities-time.csv

Rejection ABC fitting of epidemic curves

Model: SEIRD
Parameters: $\beta_{I}$, $\beta_{E}$, $N$, $\mu$, $\gamma$, $t_{c}$, RF_{0}, $E_{0}$
#####################################################################

Number of Samples: 960
Number of Posteriors: 3
RMSD Weights: [1,1]
Training window size: 15
Validation window size: 10

#####################################################################

Posterior No. 2
Execution Time: 0.071 s
Tolerance: eps = 8.808513

Priors' Ranges:

	 $\beta_{I}$: 0.001657 <-> 0.999083
	 $\beta_{E}$: 0.000768 <-> 0.996523
	 $N$: 344079.708470 <-> 65564075.516237
	 $\mu$: 0.000024 <-> 0.939107
	 $\gamma$: 0.007986 <-> 0.999094
	 $t_{c}$: 0.456966 <-> 29.948688
	 RF_{0}: 0.034873 <-> 0.999824
	 $E_{0}$: 0.000222 <-> 1.997909

Estimated parameters (av +/- std):

	 $\beta_{I}$: 0.277496 +/- 0.267563
	 $\beta_{E}$: 0.443737 +/- 0.271836
	 $N$: 19466454.000655 +/- 15279687.360118
	 $\mu$: 0.001751 +/- 0.168523
	 $\gamma$: 0.604826 +/- 0.228933
	 $t_{c}$: 11.796101 +/- 7.397009
	 RF_{0}: 0.648158 +/- 0.226890
	 $E_{0}$: 0.391843 +/- 0.562102

Posterior distribution on file posterior_'param'.png

RMSD: 0.175025
Weighted RMSD: 0.175025
RMSD for validation data: 1.306063
RMSD for total data: 0.400562
AIC: 16.350050
AIC for validation data: 18.612125
AIC for total data: 16.801124

#####################################################################

Total time on ABC: 0.145 s
Number of trials: 13097

Fit on file model_fit.png