2021-11-14_20-27-56

Data Source: Número de casos confirmados de COVID-19 no Brasil (on GitHub)
https://raw.githubusercontent.com/wcota/covid19br/master/cases-brazil-cities-time.csv

Rejection ABC fitting of epidemic curves

Model: SEIRD
Parameters: $\beta_{I}$, $\beta_{E}$, $N$, $\mu$, $\gamma$, $t_{c}$, RF_{0}, $E_{0}$
#####################################################################

Number of Samples: 960
Number of Posteriors: 3
RMSD Weights: [1,1]
Training window size: 15
Validation window size: 10

#####################################################################

Posterior No. 3
Execution Time: 0.071 s
Tolerance: eps = 86.193452

Priors' Ranges:

	 $\beta_{I}$: 0.002776 <-> 0.980607
	 $\beta_{E}$: 0.000127 <-> 0.924714
	 $N$: 52137.856414 <-> 10222836.790648
	 $\mu$: 0.000006 <-> 0.956031
	 $\gamma$: 0.007537 <-> 0.995708
	 $t_{c}$: 0.204632 <-> 29.959534
	 RF_{0}: 0.001180 <-> 0.999491
	 $E_{0}$: 0.002007 <-> 1.952747

Estimated parameters (av +/- std):

	 $\beta_{I}$: 0.179042 +/- 0.254991
	 $\beta_{E}$: 0.044526 +/- 0.156165
	 $N$: 5473023.973521 +/- 2850718.793838
	 $\mu$: 0.004013 +/- 0.169035
	 $\gamma$: 0.787157 +/- 0.217786
	 $t_{c}$: 11.728337 +/- 6.969344
	 RF_{0}: 0.826067 +/- 0.242951
	 $E_{0}$: 0.136533 +/- 0.498861

Posterior distribution on file posterior_'param'.png

RMSD: 1.274027
Weighted RMSD: 1.274027
RMSD for validation data: 3.392721
RMSD for total data: 0.433979
AIC: 18.548054
AIC for validation data: 22.785443
AIC for total data: 16.867957

#####################################################################

Total time on ABC: 0.246 s
Number of trials: 13535

Fit on file model_fit.png