2021-11-14_19-37-26

Data Source: Número de casos confirmados de COVID-19 no Brasil (on GitHub)
https://raw.githubusercontent.com/wcota/covid19br/master/cases-brazil-cities-time.csv

Rejection ABC fitting of epidemic curves

Model: SEIRD
Parameters: $\beta_{I}$, $\beta_{E}$, $N$, $\mu$, $\gamma$, $t_{c}$, RF_{0}, $E_{0}$
#####################################################################

Number of Samples: 48
Number of Posteriors: 3
RMSD Weights: [1,1]
Training window size: 30
Validation window size: 10

#####################################################################

Posterior No. 1
Execution Time: 0.198 s
Tolerance: eps = 1.320626

Priors' Ranges:

	 $\beta_{I}$: 0.000000 <-> 1.000000
	 $\beta_{E}$: 0.000000 <-> 1.000000
	 $N$: 67886.004000 <-> 13577200.800000
	 $\mu$: 0.000000 <-> 1.000000
	 $\gamma$: 0.000000 <-> 1.000000
	 $t_{c}$: 0.000000 <-> 30.000000
	 RF_{0}: 0.000000 <-> 1.000000
	 $E_{0}$: 0.000000 <-> 2.000000

Estimated parameters (av +/- std):

	 $\beta_{I}$: 0.133803 +/- 0.282310
	 $\beta_{E}$: 0.176968 +/- 0.146654
	 $N$: 12494101.761655 +/- 3901604.040679
	 $\mu$: 0.003189 +/- 0.300570
	 $\gamma$: 0.759452 +/- 0.253846
	 $t_{c}$: 12.577237 +/- 9.464800
	 RF_{0}: 0.262795 +/- 0.284766
	 $E_{0}$: 1.304554 +/- 0.550527

Posterior distribution on file posterior_'param'.png

RMSD: 0.087634
Weighted RMSD: 0.087634
RMSD for validation data: 0.364155
RMSD for total data: 0.961223
AIC: 16.175268
AIC for validation data: 16.728309
AIC for total data: 17.922446

#####################################################################

Total time on ABC: 0.198 s
Number of trials: 9346

Fit on file model_fit.png