2021-11-14_20-27-56

Data Source: Número de casos confirmados de COVID-19 no Brasil (on GitHub)
https://raw.githubusercontent.com/wcota/covid19br/master/cases-brazil-cities-time.csv

Rejection ABC fitting of epidemic curves

Model: SEIRD
Parameters: $\beta_{I}$, $\beta_{E}$, $N$, $\mu$, $\gamma$, $t_{c}$, RF_{0}, $E_{0}$
#####################################################################

Number of Samples: 48
Number of Posteriors: 3
RMSD Weights: [1,1]
Training window size: 25
Validation window size: 10

#####################################################################

Posterior No. 1
Execution Time: 0.127 s
Tolerance: eps = 503.817964

Priors' Ranges:

	 $\beta_{I}$: 0.000000 <-> 1.000000
	 $\beta_{E}$: 0.000000 <-> 1.000000
	 $N$: 51269.183000 <-> 10253836.600000
	 $\mu$: 0.000000 <-> 1.000000
	 $\gamma$: 0.000000 <-> 1.000000
	 $t_{c}$: 0.000000 <-> 30.000000
	 RF_{0}: 0.000000 <-> 1.000000
	 $E_{0}$: 0.000000 <-> 2.000000

Estimated parameters (av +/- std):

	 $\beta_{I}$: 0.304519 +/- 0.274962
	 $\beta_{E}$: 0.032183 +/- 0.167514
	 $N$: 6257400.401496 +/- 3067332.549391
	 $\mu$: 0.005196 +/- 0.296450
	 $\gamma$: 0.204982 +/- 0.264354
	 $t_{c}$: 20.749556 +/- 9.180454
	 RF_{0}: 0.984054 +/- 0.287171
	 $E_{0}$: 0.251376 +/- 0.544191

Posterior distribution on file posterior_'param'.png

RMSD: 3.059569
Weighted RMSD: 3.059569
RMSD for validation data: 17.002745
RMSD for total data: 0.433979
AIC: 22.119138
AIC for validation data: 50.005489
AIC for total data: 16.867957

#####################################################################

Total time on ABC: 0.127 s
Number of trials: 8843

Fit on file model_fit.png