2021-11-14_10-28-32

Data Source: Número de casos confirmados de COVID-19 no Brasil (on GitHub)
https://raw.githubusercontent.com/wcota/covid19br/master/cases-brazil-cities-time.csv

Rejection ABC fitting of epidemic curves

Model: SEIRD
Parameters: $\beta_{I}$, $\beta_{E}$, $N$, $\mu$, $\gamma$, $t_{c}$, RF_{0}, $E_{0}$
#####################################################################

Number of Samples: 960
Number of Posteriors: 3
RMSD Weights: [1,1]
Training window size: 45
Validation window size: 10

#####################################################################

Posterior No. 3
Execution Time: 0.138 s
Tolerance: eps = 5.007791

Priors' Ranges:

	 $\beta_{I}$: 0.002938 <-> 0.998624
	 $\beta_{E}$: 0.000699 <-> 0.998874
	 $N$: 216767.648309 <-> 36956345.916994
	 $\mu$: 0.000003 <-> 0.978337
	 $\gamma$: 0.008117 <-> 0.997350
	 $t_{c}$: 0.065622 <-> 29.994041
	 RF_{0}: 0.007803 <-> 0.999274
	 $E_{0}$: 0.001531 <-> 1.999652

Estimated parameters (av +/- std):

	 $\beta_{I}$: 0.169359 +/- 0.276970
	 $\beta_{E}$: 0.363639 +/- 0.272144
	 $N$: 3475856.870875 +/- 4793403.629654
	 $\mu$: 0.020965 +/- 0.208333
	 $\gamma$: 0.504256 +/- 0.228717
	 $t_{c}$: 17.001851 +/- 7.385310
	 RF_{0}: 0.998743 +/- 0.237405
	 $E_{0}$: 0.469805 +/- 0.568899

Posterior distribution on file posterior_'param'.png

RMSD: 0.251384
Weighted RMSD: 0.251384
RMSD for validation data: 4.025058
RMSD for total data: 0.254616
AIC: 16.502767
AIC for validation data: 24.050117
AIC for total data: 16.509233

#####################################################################

Total time on ABC: 0.493 s
Number of trials: 13926

Fit on file model_fit.png