2021-11-14_06-20-09

Data Source: Número de casos confirmados de COVID-19 no Brasil (on GitHub)
https://raw.githubusercontent.com/wcota/covid19br/master/cases-brazil-cities-time.csv

Rejection ABC fitting of epidemic curves

Model: SEIRD
Parameters: $\beta_{I}$, $\beta_{E}$, $N$, $\mu$, $\gamma$, $t_{c}$, RF_{0}, $E_{0}$
#####################################################################

Number of Samples: 48
Number of Posteriors: 3
RMSD Weights: [1,1]
Training window size: 30
Validation window size: 10

#####################################################################

Posterior No. 1
Execution Time: 1.375 s
Tolerance: eps = 0.026984

Priors' Ranges:

	 $\beta_{I}$: 0.000000 <-> 1.000000
	 $\beta_{E}$: 0.000000 <-> 1.000000
	 $N$: 1380004.385000 <-> 276000877.000000
	 $\mu$: 0.000000 <-> 1.000000
	 $\gamma$: 0.000000 <-> 1.000000
	 $t_{c}$: 0.000000 <-> 30.000000
	 RF_{0}: 0.000000 <-> 1.000000
	 $E_{0}$: 0.000000 <-> 2.000000

Estimated parameters (av +/- std):

	 $\beta_{I}$: 0.558587 +/- 0.279500
	 $\beta_{E}$: 0.060963 +/- 0.025707
	 $N$: 118063542.190634 +/- 66347518.471523
	 $\mu$: 0.003315 +/- 0.000836
	 $\gamma$: 0.578756 +/- 0.151455
	 $t_{c}$: 28.470525 +/- 5.188264
	 RF_{0}: 0.994451 +/- 0.001949
	 $E_{0}$: 0.027711 +/- 0.007207

Posterior distribution on file posterior_'param'.png

RMSD: 0.011366
Weighted RMSD: 0.011366
RMSD for validation data: 0.108085
RMSD for total data: 0.889322
AIC: 16.022732
AIC for validation data: 16.216170
AIC for total data: 17.778643

#####################################################################

Total time on ABC: 1.375 s
Number of trials: 106569

Fit on file model_fit.png