2021-11-14_20-32-41

Data Source: Número de casos confirmados de COVID-19 no Brasil (on GitHub)
https://raw.githubusercontent.com/wcota/covid19br/master/cases-brazil-cities-time.csv

Rejection ABC fitting of epidemic curves

Model: SEIRD
Parameters: $\beta_{I}$, $\beta_{E}$, $N$, $\mu$, $\gamma$, $t_{c}$, RF_{0}, $E_{0}$
#####################################################################

Number of Samples: 48
Number of Posteriors: 3
RMSD Weights: [1,1]
Training window size: 30
Validation window size: 10

#####################################################################

Posterior No. 1
Execution Time: 0.157 s
Tolerance: eps = 12.649383

Priors' Ranges:

	 $\beta_{I}$: 0.000000 <-> 1.000000
	 $\beta_{E}$: 0.000000 <-> 1.000000
	 $N$: 67886.004000 <-> 13577200.800000
	 $\mu$: 0.000000 <-> 1.000000
	 $\gamma$: 0.000000 <-> 1.000000
	 $t_{c}$: 0.000000 <-> 30.000000
	 RF_{0}: 0.000000 <-> 1.000000
	 $E_{0}$: 0.000000 <-> 2.000000

Estimated parameters (av +/- std):

	 $\beta_{I}$: 0.745026 +/- 0.287843
	 $\beta_{E}$: 0.036659 +/- 0.295682
	 $N$: 2925594.329068 +/- 3794992.412832
	 $\mu$: 0.004534 +/- 0.270450
	 $\gamma$: 0.921959 +/- 0.261427
	 $t_{c}$: 21.426546 +/- 8.715516
	 RF_{0}: 0.183313 +/- 0.290548
	 $E_{0}$: 0.085109 +/- 0.600965

Posterior distribution on file posterior_'param'.png

RMSD: 0.193560
Weighted RMSD: 0.193560
RMSD for validation data: 1.235773
RMSD for total data: 0.492311
AIC: 16.387121
AIC for validation data: 18.471545
AIC for total data: 16.984621

#####################################################################

Total time on ABC: 0.157 s
Number of trials: 9414

Fit on file model_fit.png