2021-11-14_21-31-10

Data Source: Número de casos confirmados de COVID-19 no Brasil (on GitHub)
https://raw.githubusercontent.com/wcota/covid19br/master/cases-brazil-cities-time.csv

Rejection ABC fitting of epidemic curves

Model: SEIRD
Parameters: $\beta_{I}$, $\beta_{E}$, $N$, $\mu$, $\gamma$, $t_{c}$, RF_{0}, $E_{0}$
#####################################################################

Number of Samples: 960
Number of Posteriors: 3
RMSD Weights: [1,1]
Training window size: 45
Validation window size: 10

#####################################################################

Posterior No. 2
Execution Time: 12.512 s
Tolerance: eps = 0.014746

Priors' Ranges:

	 $\beta_{I}$: 0.004509 <-> 0.986929
	 $\beta_{E}$: 0.001692 <-> 0.321670
	 $N$: 7390625.723534 <-> 14125945.931627
	 $\mu$: 0.003358 <-> 0.015503
	 $\gamma$: 0.165614 <-> 0.733074
	 $t_{c}$: 17.401357 <-> 29.993582
	 RF_{0}: 0.917173 <-> 0.997397
	 $E_{0}$: 0.197595 <-> 0.365947

Estimated parameters (av +/- std):

	 $\beta_{I}$: 0.424120 +/- 0.247437
	 $\beta_{E}$: 0.007574 +/- 0.053543
	 $N$: 9901629.830605 +/- 1078124.057379
	 $\mu$: 0.004379 +/- 0.002127
	 $\gamma$: 0.214476 +/- 0.100305
	 $t_{c}$: 26.923373 +/- 1.931939
	 RF_{0}: 0.941888 +/- 0.011598
	 $E_{0}$: 0.306290 +/- 0.026374

Posterior distribution on file posterior_'param'.png

RMSD: 0.008224
Weighted RMSD: 0.008224
RMSD for validation data: 0.256544
RMSD for total data: 0.482445
AIC: 16.016447
AIC for validation data: 16.513088
AIC for total data: 16.964891

#####################################################################

Total time on ABC: 16.349 s
Number of trials: 579133

Fit on file model_fit.png