2021-11-14_10-28-32

Data Source: Número de casos confirmados de COVID-19 no Brasil (on GitHub)
https://raw.githubusercontent.com/wcota/covid19br/master/cases-brazil-cities-time.csv

Rejection ABC fitting of epidemic curves

Model: SEIRD
Parameters: $\beta_{I}$, $\beta_{E}$, $N$, $\mu$, $\gamma$, $t_{c}$, RF_{0}, $E_{0}$
#####################################################################

Number of Samples: 960
Number of Posteriors: 3
RMSD Weights: [1,1]
Training window size: 35
Validation window size: 10

#####################################################################

Posterior No. 3
Execution Time: 0.123 s
Tolerance: eps = 2.602829

Priors' Ranges:

	 $\beta_{I}$: 0.000196 <-> 0.999252
	 $\beta_{E}$: 0.000759 <-> 0.998272
	 $N$: 216260.687132 <-> 42221555.809158
	 $\mu$: 0.000233 <-> 0.915346
	 $\gamma$: 0.024439 <-> 0.999864
	 $t_{c}$: 0.045941 <-> 29.975683
	 RF_{0}: 0.001267 <-> 0.999625
	 $E_{0}$: 0.000592 <-> 1.999228

Estimated parameters (av +/- std):

	 $\beta_{I}$: 0.479870 +/- 0.273744
	 $\beta_{E}$: 0.071750 +/- 0.296619
	 $N$: 17540274.445615 +/- 7758419.753255
	 $\mu$: 0.011413 +/- 0.163788
	 $\gamma$: 0.530355 +/- 0.217913
	 $t_{c}$: 28.928256 +/- 7.908358
	 RF_{0}: 0.825371 +/- 0.244232
	 $E_{0}$: 0.230042 +/- 0.543443

Posterior distribution on file posterior_'param'.png

RMSD: 0.095973
Weighted RMSD: 0.095973
RMSD for validation data: 1.850576
RMSD for total data: 0.205076
AIC: 16.191946
AIC for validation data: 19.701152
AIC for total data: 16.410153

#####################################################################

Total time on ABC: 0.449 s
Number of trials: 15619

Fit on file model_fit.png