2021-11-14_06-19-53

Data Source: Número de casos confirmados de COVID-19 no Brasil (on GitHub)
https://raw.githubusercontent.com/wcota/covid19br/master/cases-brazil-cities-time.csv

Rejection ABC fitting of epidemic curves

Model: SEIRD
Parameters: $\beta_{I}$, $\beta_{E}$, $N$, $\mu$, $\gamma$, $t_{c}$, RF_{0}, $E_{0}$
#####################################################################

Number of Samples: 48
Number of Posteriors: 3
RMSD Weights: [1,1]
Training window size: 30
Validation window size: 10

#####################################################################

Posterior No. 1
Execution Time: 0.176 s
Tolerance: eps = 96.188214

Priors' Ranges:

	 $\beta_{I}$: 0.000000 <-> 1.000000
	 $\beta_{E}$: 0.000000 <-> 1.000000
	 $N$: 83783.945000 <-> 16756789.000000
	 $\mu$: 0.000000 <-> 1.000000
	 $\gamma$: 0.000000 <-> 1.000000
	 $t_{c}$: 0.000000 <-> 30.000000
	 RF_{0}: 0.000000 <-> 1.000000
	 $E_{0}$: 0.000000 <-> 2.000000

Estimated parameters (av +/- std):

	 $\beta_{I}$: 0.366005 +/- 0.288638
	 $\beta_{E}$: 0.020005 +/- 0.264350
	 $N$: 16175281.109331 +/- 5374583.366045
	 $\mu$: 0.078330 +/- 0.285814
	 $\gamma$: 0.531148 +/- 0.251815
	 $t_{c}$: 10.239688 +/- 9.106581
	 RF_{0}: 0.963579 +/- 0.280208
	 $E_{0}$: 0.029264 +/- 0.568359

Posterior distribution on file posterior_'param'.png

RMSD: 1.285710
Weighted RMSD: 1.285710
RMSD for validation data: 15.832027
RMSD for total data: 0.415607
AIC: 18.571420
AIC for validation data: 47.664054
AIC for total data: 16.831215

#####################################################################

Total time on ABC: 0.176 s
Number of trials: 9490

Fit on file model_fit.png