2022-03-08_15-59-59

Data Source: Número de casos confirmados de COVID-19 no Brasil (on GitHub)
https://raw.githubusercontent.com/wcota/covid19br/master/cases-brazil-cities-time.csv

Rejection ABC fitting of epidemic curves

Model: SEIRD
Parameters: $\beta_{I}$, $\beta_{E}$, $N$, $\mu$, $\gamma$, $t_{c}$, RF_{0}, $E_{0}$
#####################################################################

Number of Samples: 48
Number of Posteriors: 3
RMSD Weights: [1,1]
Training window size: 20
Validation window size: 10

#####################################################################

Posterior No. 1
Execution Time: 1.220 s
Tolerance: eps = 0.03

Priors' Ranges:

	 $\beta_{I}$: 0.000000 <-> 1.000000
	 $\beta_{E}$: 0.000000 <-> 1.000000
	 $N$: 2125594.090000 <-> 106279704.500000
	 $\mu$: 0.000000 <-> 1.000000
	 $\gamma$: 0.000000 <-> 1.000000
	 $t_{c}$: 0.000000 <-> 30.000000
	 RF_{0}: 0.000000 <-> 1.000000
	 $E_{0}$: 0.000000 <-> 2.000000

Estimated parameters (av +/- std):

	 $\beta_{I}$: 0.379874 +/- 0.257857
	 $\beta_{E}$: 0.055051 +/- 0.028639
	 $N$: 68112441.474748 +/- 23112102.365570
	 $\mu$: 0.028276 +/- 0.005850
	 $\gamma$: 0.801446 +/- 0.178383
	 $t_{c}$: 17.657408 +/- 5.317226
	 RF_{0}: 0.998167 +/- 0.003491
	 $E_{0}$: 0.109270 +/- 0.031902

Posterior distribution on file posterior_'param'.png

RMSD: 0.017063
Weighted RMSD: 0.017063
RMSD for validation data: 0.134522
RMSD for total data: 0.449426
AIC: 16.034125
AIC for validation data: 16.269043
AIC for total data: 16.898853

#####################################################################

Total time on ABC: 1.220 s
Number of trials: 122741

Fit on file model_fit.png