2021-11-14_19-37-26

Data Source: Número de casos confirmados de COVID-19 no Brasil (on GitHub)
https://raw.githubusercontent.com/wcota/covid19br/master/cases-brazil-cities-time.csv

Rejection ABC fitting of epidemic curves

Model: SEIRD
Parameters: $\beta_{I}$, $\beta_{E}$, $N$, $\mu$, $\gamma$, $t_{c}$, RF_{0}, $E_{0}$
#####################################################################

Number of Samples: 48
Number of Posteriors: 3
RMSD Weights: [1,1]
Training window size: 50
Validation window size: 10

#####################################################################

Posterior No. 1
Execution Time: 0.240 s
Tolerance: eps = 0.036924

Priors' Ranges:

	 $\beta_{I}$: 0.000000 <-> 1.000000
	 $\beta_{E}$: 0.000000 <-> 1.000000
	 $N$: 67886.004000 <-> 13577200.800000
	 $\mu$: 0.000000 <-> 1.000000
	 $\gamma$: 0.000000 <-> 1.000000
	 $t_{c}$: 0.000000 <-> 30.000000
	 RF_{0}: 0.000000 <-> 1.000000
	 $E_{0}$: 0.000000 <-> 2.000000

Estimated parameters (av +/- std):

	 $\beta_{I}$: 0.719944 +/- 0.271916
	 $\beta_{E}$: 0.574966 +/- 0.234998
	 $N$: 4224589.128944 +/- 118036.679769
	 $\mu$: 0.002849 +/- 0.000506
	 $\gamma$: 0.087425 +/- 0.017876
	 $t_{c}$: 19.075287 +/- 4.094742
	 RF_{0}: 0.978749 +/- 0.065396
	 $E_{0}$: 0.420834 +/- 0.127448

Posterior distribution on file posterior_'param'.png

RMSD: 0.008295
Weighted RMSD: 0.008295
RMSD for validation data: 0.302568
RMSD for total data: 0.612974
AIC: 16.016590
AIC for validation data: 16.605136
AIC for total data: 17.225948

#####################################################################

Total time on ABC: 0.240 s
Number of trials: 9228

Fit on file model_fit.png