2021-11-14_20-27-56

Data Source: Número de casos confirmados de COVID-19 no Brasil (on GitHub)
https://raw.githubusercontent.com/wcota/covid19br/master/cases-brazil-cities-time.csv

Rejection ABC fitting of epidemic curves

Model: SEIRD
Parameters: $\beta_{I}$, $\beta_{E}$, $N$, $\mu$, $\gamma$, $t_{c}$, RF_{0}, $E_{0}$
#####################################################################

Number of Samples: 48
Number of Posteriors: 3
RMSD Weights: [1,1]
Training window size: 30
Validation window size: 10

#####################################################################

Posterior No. 1
Execution Time: 0.173 s
Tolerance: eps = 66.429307

Priors' Ranges:

	 $\beta_{I}$: 0.000000 <-> 1.000000
	 $\beta_{E}$: 0.000000 <-> 1.000000
	 $N$: 51269.183000 <-> 10253836.600000
	 $\mu$: 0.000000 <-> 1.000000
	 $\gamma$: 0.000000 <-> 1.000000
	 $t_{c}$: 0.000000 <-> 30.000000
	 RF_{0}: 0.000000 <-> 1.000000
	 $E_{0}$: 0.000000 <-> 2.000000

Estimated parameters (av +/- std):

	 $\beta_{I}$: 0.684810 +/- 0.278823
	 $\beta_{E}$: 0.841036 +/- 0.225771
	 $N$: 68201.540943 +/- 3101505.100246
	 $\mu$: 0.006215 +/- 0.294231
	 $\gamma$: 0.727674 +/- 0.258589
	 $t_{c}$: 15.132765 +/- 8.964304
	 RF_{0}: 0.544110 +/- 0.280446
	 $E_{0}$: 0.039243 +/- 0.555542

Posterior distribution on file posterior_'param'.png

RMSD: 0.696531
Weighted RMSD: 0.696531
RMSD for validation data: 0.625199
RMSD for total data: 0.433979
AIC: 17.393062
AIC for validation data: 17.250398
AIC for total data: 16.867957

#####################################################################

Total time on ABC: 0.173 s
Number of trials: 10213

Fit on file model_fit.png