2021-12-01_05-20-35

Data Source: Número de casos confirmados de COVID-19 no Brasil (on GitHub)
https://raw.githubusercontent.com/wcota/covid19br/master/cases-brazil-cities-time.csv

Rejection ABC fitting of epidemic curves

Model: SEIRD
Parameters: $\beta_{I}$, $\beta_{E}$, $N$, $\mu$, $\gamma$, $t_{c}$, RF_{0}, $E_{0}$
#####################################################################

Number of Samples: 99984
Number of Posteriors: 3
RMSD Weights: [1,1]
Training window size: 20
Validation window size: 10

#####################################################################

Posterior No. 3
Execution Time: 87.505 s
Tolerance: eps = 6.864417

Priors' Ranges:

	 $\beta_{I}$: 0.000008 <-> 0.999993
	 $\beta_{E}$: 0.000016 <-> 0.999999
	 $N$: 212996.628148 <-> 42509153.658025
	 $\mu$: 0.000000 <-> 0.998789
	 $\gamma$: 0.000054 <-> 0.999981
	 $t_{c}$: 0.035097 <-> 29.999652
	 RF_{0}: 0.000119 <-> 0.999999
	 $E_{0}$: 0.000001 <-> 1.999989

Estimated parameters (av +/- std):

	 $\beta_{I}$: 0.389675 +/- 0.268063
	 $\beta_{E}$: 0.172871 +/- 0.267702
	 $N$: 13357849.314338 +/- 7868575.615783
	 $\mu$: 0.002574 +/- 0.151262
	 $\gamma$: 0.229202 +/- 0.225555
	 $t_{c}$: 8.462321 +/- 7.673244
	 RF_{0}: 0.931992 +/- 0.221693
	 $E_{0}$: 0.032906 +/- 0.547684

Posterior distribution on file posterior_'param'.png

RMSD: 0.083741
Weighted RMSD: 0.083741
RMSD for validation data: 0.684769
RMSD for total data: 0.293633
AIC: 16.167481
AIC for validation data: 17.369538
AIC for total data: 16.587266

#####################################################################

Total time on ABC: 180.065 s
Number of trials: 1472749

Fit on file model_fit.png