2021-11-14_08-20-25

Data Source: Número de casos confirmados de COVID-19 no Brasil (on GitHub)
https://raw.githubusercontent.com/wcota/covid19br/master/cases-brazil-cities-time.csv

Rejection ABC fitting of epidemic curves

Model: SEIRD
Parameters: $\beta_{I}$, $\beta_{E}$, $N$, $\mu$, $\gamma$, $t_{c}$, RF_{0}, $E_{0}$
#####################################################################

Number of Samples: 960
Number of Posteriors: 3
RMSD Weights: [1,1]
Training window size: 50
Validation window size: 10

#####################################################################

Posterior No. 2
Execution Time: 1.969 s
Tolerance: eps = 0.026841

Priors' Ranges:

	 $\beta_{I}$: 0.000599 <-> 0.996166
	 $\beta_{E}$: 0.000008 <-> 0.141328
	 $N$: 5519517.514858 <-> 42465678.677937
	 $\mu$: 0.005047 <-> 0.025513
	 $\gamma$: 0.209593 <-> 0.999672
	 $t_{c}$: 7.280383 <-> 29.996823
	 RF_{0}: 0.916476 <-> 0.999972
	 $E_{0}$: 0.104878 <-> 0.513248

Estimated parameters (av +/- std):

	 $\beta_{I}$: 0.397795 +/- 0.237500
	 $\beta_{E}$: 0.038033 +/- 0.020355
	 $N$: 12936134.323093 +/- 9840096.923846
	 $\mu$: 0.021536 +/- 0.003624
	 $\gamma$: 0.904668 +/- 0.149996
	 $t_{c}$: 20.187785 +/- 4.930541
	 RF_{0}: 0.980734 +/- 0.016414
	 $E_{0}$: 0.302000 +/- 0.079406

Posterior distribution on file posterior_'param'.png

RMSD: 0.009266
Weighted RMSD: 0.009266
RMSD for validation data: 0.136021
RMSD for total data: 0.449497
AIC: 16.018532
AIC for validation data: 16.272043
AIC for total data: 16.898995

#####################################################################

Total time on ABC: 3.149 s
Number of trials: 100821

Fit on file model_fit.png