2021-11-14_06-17-32

Data Source: Número de casos confirmados de COVID-19 no Brasil (on GitHub)
https://raw.githubusercontent.com/wcota/covid19br/master/cases-brazil-cities-time.csv

Rejection ABC fitting of epidemic curves

Model: SEIRD
Parameters: $\beta_{I}$, $\beta_{E}$, $N$, $\mu$, $\gamma$, $t_{c}$, RF_{0}, $E_{0}$
#####################################################################

Number of Samples: 960
Number of Posteriors: 3
RMSD Weights: [1,1]
Training window size: 15
Validation window size: 10

#####################################################################

Posterior No. 2
Execution Time: 0.056 s
Tolerance: eps = 8.691323

Priors' Ranges:

	 $\beta_{I}$: 0.000229 <-> 0.993919
	 $\beta_{E}$: 0.000024 <-> 0.999480
	 $N$: 85028.303595 <-> 16738603.254312
	 $\mu$: 0.000184 <-> 0.998587
	 $\gamma$: 0.004356 <-> 0.999281
	 $t_{c}$: 0.173122 <-> 29.970320
	 RF_{0}: 0.012390 <-> 0.999630
	 $E_{0}$: 0.001856 <-> 1.975293

Estimated parameters (av +/- std):

	 $\beta_{I}$: 0.418153 +/- 0.260052
	 $\beta_{E}$: 0.073456 +/- 0.134196
	 $N$: 1011118.559105 +/- 4632105.559678
	 $\mu$: 0.144353 +/- 0.233091
	 $\gamma$: 0.968556 +/- 0.227616
	 $t_{c}$: 18.846151 +/- 6.677722
	 RF_{0}: 0.961985 +/- 0.237475
	 $E_{0}$: 0.109186 +/- 0.429629

Posterior distribution on file posterior_'param'.png

RMSD: 0.187172
Weighted RMSD: 0.187172
RMSD for validation data: 0.909655
RMSD for total data: 0.258167
AIC: 16.374344
AIC for validation data: 17.819309
AIC for total data: 16.516334

#####################################################################

Total time on ABC: 0.159 s
Number of trials: 10404

Fit on file model_fit.png