2021-11-14_05-05-40

Data Source: Número de casos confirmados de COVID-19 no Brasil (on GitHub)
https://raw.githubusercontent.com/wcota/covid19br/master/cases-brazil-cities-time.csv

Rejection ABC fitting of epidemic curves

Model: SEIRD
Parameters: $\beta_{I}$, $\beta_{E}$, $N$, $\mu$, $\gamma$, $t_{c}$, RF_{0}, $E_{0}$
#####################################################################

Number of Samples: 960
Number of Posteriors: 3
RMSD Weights: [1,1]
Training window size: 40
Validation window size: 10

#####################################################################

Posterior No. 2
Execution Time: 0.091 s
Tolerance: eps = 0.795835

Priors' Ranges:

	 $\beta_{I}$: 0.000607 <-> 0.999762
	 $\beta_{E}$: 0.000003 <-> 0.964371
	 $N$: 127769.532031 <-> 25242641.426988
	 $\mu$: 0.000368 <-> 0.998976
	 $\gamma$: 0.034607 <-> 0.998413
	 $t_{c}$: 0.134259 <-> 29.920131
	 RF_{0}: 0.001535 <-> 0.998691
	 $E_{0}$: 0.001702 <-> 1.960042

Estimated parameters (av +/- std):

	 $\beta_{I}$: 0.438055 +/- 0.238230
	 $\beta_{E}$: 0.091803 +/- 0.072035
	 $N$: 17569556.478010 +/- 6764090.823815
	 $\mu$: 0.027710 +/- 0.270615
	 $\gamma$: 0.592798 +/- 0.226765
	 $t_{c}$: 26.231856 +/- 8.495540
	 RF_{0}: 0.271438 +/- 0.262287
	 $E_{0}$: 0.991823 +/- 0.473994

Posterior distribution on file posterior_'param'.png

RMSD: 0.079442
Weighted RMSD: 0.079442
RMSD for validation data: 0.450911
RMSD for total data: 35.760546
AIC: 16.158885
AIC for validation data: 16.901821
AIC for total data: 87.521091

#####################################################################

Total time on ABC: 0.312 s
Number of trials: 10185

Fit on file model_fit.png