2021-11-14_04-14-21

Data Source: Número de casos confirmados de COVID-19 no Brasil (on GitHub)
https://raw.githubusercontent.com/wcota/covid19br/master/cases-brazil-cities-time.csv

Rejection ABC fitting of epidemic curves

Model: SEIRD
Parameters: $\beta_{I}$, $\beta_{E}$, $N$, $\mu$, $\gamma$, $t_{c}$, RF_{0}, $E_{0}$
#####################################################################

Number of Samples: 48
Number of Posteriors: 3
RMSD Weights: [1,1]
Training window size: 50
Validation window size: 10

#####################################################################

Posterior No. 1
Execution Time: 0.810 s
Tolerance: eps = 0.037444

Priors' Ranges:

	 $\beta_{I}$: 0.000000 <-> 1.000000
	 $\beta_{E}$: 0.000000 <-> 1.000000
	 $N$: 126476.458000 <-> 25295291.600000
	 $\mu$: 0.000000 <-> 1.000000
	 $\gamma$: 0.000000 <-> 1.000000
	 $t_{c}$: 0.000000 <-> 30.000000
	 RF_{0}: 0.000000 <-> 1.000000
	 $E_{0}$: 0.000000 <-> 2.000000

Estimated parameters (av +/- std):

	 $\beta_{I}$: 0.712991 +/- 0.203798
	 $\beta_{E}$: 0.005777 +/- 0.015442
	 $N$: 20498649.988761 +/- 6005009.177747
	 $\mu$: 0.007087 +/- 0.001392
	 $\gamma$: 0.623070 +/- 0.123715
	 $t_{c}$: 23.779932 +/- 4.044885
	 RF_{0}: 0.979187 +/- 0.012575
	 $E_{0}$: 0.119922 +/- 0.028340

Posterior distribution on file posterior_'param'.png

RMSD: 0.014120
Weighted RMSD: 0.014120
RMSD for validation data: 0.235811
RMSD for total data: 0.399209
AIC: 16.028240
AIC for validation data: 16.471622
AIC for total data: 16.798419

#####################################################################

Total time on ABC: 0.810 s
Number of trials: 31842

Fit on file model_fit.png