2021-11-14_07-46-07

Data Source: Número de casos confirmados de COVID-19 no Brasil (on GitHub)
https://raw.githubusercontent.com/wcota/covid19br/master/cases-brazil-cities-time.csv

Rejection ABC fitting of epidemic curves

Model: SEIRD
Parameters: $\beta_{I}$, $\beta_{E}$, $N$, $\mu$, $\gamma$, $t_{c}$, RF_{0}, $E_{0}$
#####################################################################

Number of Samples: 48
Number of Posteriors: 3
RMSD Weights: [1,1]
Training window size: 40
Validation window size: 10

#####################################################################

Posterior No. 1
Execution Time: 11.021 s
Tolerance: eps = 0.019671

Priors' Ranges:

	 $\beta_{I}$: 0.000000 <-> 1.000000
	 $\beta_{E}$: 0.000000 <-> 1.000000
	 $N$: 212559.409000 <-> 42511881.800000
	 $\mu$: 0.000000 <-> 1.000000
	 $\gamma$: 0.000000 <-> 1.000000
	 $t_{c}$: 0.000000 <-> 30.000000
	 RF_{0}: 0.000000 <-> 1.000000
	 $E_{0}$: 0.000000 <-> 2.000000

Estimated parameters (av +/- std):

	 $\beta_{I}$: 0.715677 +/- 0.259702
	 $\beta_{E}$: 0.010807 +/- 0.048018
	 $N$: 22841767.055338 +/- 9130435.862351
	 $\mu$: 0.005747 +/- 0.002988
	 $\gamma$: 0.347512 +/- 0.182951
	 $t_{c}$: 24.850934 +/- 5.745552
	 RF_{0}: 0.980869 +/- 0.003990
	 $E_{0}$: 0.082488 +/- 0.022322

Posterior distribution on file posterior_'param'.png

RMSD: 0.014002
Weighted RMSD: 0.014002
RMSD for validation data: 0.084671
RMSD for total data: 0.418627
AIC: 16.028003
AIC for validation data: 16.169342
AIC for total data: 16.837254

#####################################################################

Total time on ABC: 11.021 s
Number of trials: 580334

Fit on file model_fit.png