2022-03-08_16-07-57

Data Source: Número de casos confirmados de COVID-19 no Brasil (on GitHub)
https://raw.githubusercontent.com/wcota/covid19br/master/cases-brazil-cities-time.csv

Rejection ABC fitting of epidemic curves

Model: SEIRD
Parameters: $\beta_{I}$, $\beta_{E}$, $N$, $\mu$, $\gamma$, $t_{c}$, RF_{0}, $E_{0}$
#####################################################################

Number of Samples: 960
Number of Posteriors: 3
RMSD Weights: [1,1]
Training window size: 30
Validation window size: 10

#####################################################################

Posterior No. 3
Execution Time: 3.350 s
Tolerance: eps = 0.025160

Priors' Ranges:

	 $\beta_{I}$: 0.002788 <-> 0.993082
	 $\beta_{E}$: 0.001806 <-> 0.125560
	 $N$: 10844692.943731 <-> 106270306.303255
	 $\mu$: 0.004402 <-> 0.019631
	 $\gamma$: 0.211815 <-> 0.999825
	 $t_{c}$: 5.850305 <-> 29.989006
	 RF_{0}: 0.981500 <-> 0.999136
	 $E_{0}$: 0.012474 <-> 0.102774

Estimated parameters (av +/- std):

	 $\beta_{I}$: 0.737049 +/- 0.259685
	 $\beta_{E}$: 0.067584 +/- 0.020121
	 $N$: 21708836.641756 +/- 24166730.398506
	 $\mu$: 0.015526 +/- 0.003080
	 $\gamma$: 0.849543 +/- 0.171040
	 $t_{c}$: 20.865221 +/- 4.741435
	 RF_{0}: 0.992919 +/- 0.003116
	 $E_{0}$: 0.062300 +/- 0.015916

Posterior distribution on file posterior_'param'.png

RMSD: 0.019869
Weighted RMSD: 0.019869
RMSD for validation data: 0.154948
RMSD for total data: 0.252104
AIC: 16.039738
AIC for validation data: 16.309896
AIC for total data: 16.504209

#####################################################################

Total time on ABC: 7.341 s
Number of trials: 211128

Fit on file model_fit.png