2021-11-14_05-05-40

Data Source: Número de casos confirmados de COVID-19 no Brasil (on GitHub)
https://raw.githubusercontent.com/wcota/covid19br/master/cases-brazil-cities-time.csv

Rejection ABC fitting of epidemic curves

Model: SEIRD
Parameters: $\beta_{I}$, $\beta_{E}$, $N$, $\mu$, $\gamma$, $t_{c}$, RF_{0}, $E_{0}$
#####################################################################

Number of Samples: 960
Number of Posteriors: 3
RMSD Weights: [1,1]
Training window size: 15
Validation window size: 10

#####################################################################

Posterior No. 2
Execution Time: 0.063 s
Tolerance: eps = 51.284421

Priors' Ranges:

	 $\beta_{I}$: 0.000337 <-> 0.997893
	 $\beta_{E}$: 0.000055 <-> 0.998180
	 $N$: 127718.935750 <-> 25162016.338604
	 $\mu$: 0.000118 <-> 0.983103
	 $\gamma$: 0.009034 <-> 0.998786
	 $t_{c}$: 0.266109 <-> 29.977514
	 RF_{0}: 0.001231 <-> 0.999367
	 $E_{0}$: 0.001266 <-> 1.999712

Estimated parameters (av +/- std):

	 $\beta_{I}$: 0.486439 +/- 0.271011
	 $\beta_{E}$: 0.660211 +/- 0.207156
	 $N$: 195824.505275 +/- 7237765.298872
	 $\mu$: 0.005697 +/- 0.223183
	 $\gamma$: 0.657330 +/- 0.229081
	 $t_{c}$: 20.262296 +/- 7.004526
	 RF_{0}: 0.624010 +/- 0.243611
	 $E_{0}$: 0.969140 +/- 0.482479

Posterior distribution on file posterior_'param'.png

RMSD: 0.735801
Weighted RMSD: 0.735801
RMSD for validation data: 1.211207
RMSD for total data: 0.303095
AIC: 17.471602
AIC for validation data: 18.422414
AIC for total data: 16.606190

#####################################################################

Total time on ABC: 0.153 s
Number of trials: 12593

Fit on file model_fit.png