2021-11-14_10-28-32

Data Source: Número de casos confirmados de COVID-19 no Brasil (on GitHub)
https://raw.githubusercontent.com/wcota/covid19br/master/cases-brazil-cities-time.csv

Rejection ABC fitting of epidemic curves

Model: SEIRD
Parameters: $\beta_{I}$, $\beta_{E}$, $N$, $\mu$, $\gamma$, $t_{c}$, RF_{0}, $E_{0}$
#####################################################################

Number of Samples: 48
Number of Posteriors: 3
RMSD Weights: [1,1]
Training window size: 45
Validation window size: 10

#####################################################################

Posterior No. 1
Execution Time: 0.249 s
Tolerance: eps = 4.549444

Priors' Ranges:

	 $\beta_{I}$: 0.000000 <-> 1.000000
	 $\beta_{E}$: 0.000000 <-> 1.000000
	 $N$: 212559.409000 <-> 42511881.800000
	 $\mu$: 0.000000 <-> 1.000000
	 $\gamma$: 0.000000 <-> 1.000000
	 $t_{c}$: 0.000000 <-> 30.000000
	 RF_{0}: 0.000000 <-> 1.000000
	 $E_{0}$: 0.000000 <-> 2.000000

Estimated parameters (av +/- std):

	 $\beta_{I}$: 0.826897 +/- 0.287369
	 $\beta_{E}$: 0.002113 +/- 0.304040
	 $N$: 19712383.976557 +/- 12406478.542046
	 $\mu$: 0.038075 +/- 0.288744
	 $\gamma$: 0.945519 +/- 0.257952
	 $t_{c}$: 14.921831 +/- 9.282052
	 RF_{0}: 0.963020 +/- 0.285461
	 $E_{0}$: 0.903674 +/- 0.567363

Posterior distribution on file posterior_'param'.png

RMSD: 0.094198
Weighted RMSD: 0.094198
RMSD for validation data: 1.179090
RMSD for total data: 0.449499
AIC: 16.188396
AIC for validation data: 18.358180
AIC for total data: 16.898998

#####################################################################

Total time on ABC: 0.249 s
Number of trials: 9463

Fit on file model_fit.png