2021-11-14_23-05-32

Data Source: Número de casos confirmados de COVID-19 no Brasil (on GitHub)
https://raw.githubusercontent.com/wcota/covid19br/master/cases-brazil-cities-time.csv

Rejection ABC fitting of epidemic curves

Model: SEIRD
Parameters: $\beta_{I}$, $\beta_{E}$, $N$, $\mu$, $\gamma$, $t_{c}$, RF_{0}, $E_{0}$
#####################################################################

Number of Samples: 48
Number of Posteriors: 3
RMSD Weights: [1,1]
Training window size: 20
Validation window size: 10

#####################################################################

Posterior No. 1
Execution Time: 0.125 s
Tolerance: eps = 0.878835

Priors' Ranges:

	 $\beta_{I}$: 0.000000 <-> 1.000000
	 $\beta_{E}$: 0.000000 <-> 1.000000
	 $N$: 331002.647000 <-> 66200529.400000
	 $\mu$: 0.000000 <-> 1.000000
	 $\gamma$: 0.000000 <-> 1.000000
	 $t_{c}$: 0.000000 <-> 30.000000
	 RF_{0}: 0.000000 <-> 1.000000
	 $E_{0}$: 0.000000 <-> 2.000000

Estimated parameters (av +/- std):

	 $\beta_{I}$: 0.314071 +/- 0.284035
	 $\beta_{E}$: 0.286845 +/- 0.153203
	 $N$: 1885194.371091 +/- 20125376.038127
	 $\mu$: 0.041009 +/- 0.278265
	 $\gamma$: 0.804973 +/- 0.255781
	 $t_{c}$: 3.411534 +/- 8.634599
	 RF_{0}: 0.386721 +/- 0.272807
	 $E_{0}$: 0.527898 +/- 0.541536

Posterior distribution on file posterior_'param'.png

RMSD: 0.082062
Weighted RMSD: 0.082062
RMSD for validation data: 0.558427
RMSD for total data: 0.449875
AIC: 16.164124
AIC for validation data: 17.116854
AIC for total data: 16.899750

#####################################################################

Total time on ABC: 0.125 s
Number of trials: 10186

Fit on file model_fit.png