2021-11-14_06-20-09

Data Source: Número de casos confirmados de COVID-19 no Brasil (on GitHub)
https://raw.githubusercontent.com/wcota/covid19br/master/cases-brazil-cities-time.csv

Rejection ABC fitting of epidemic curves

Model: SEIRD
Parameters: $\beta_{I}$, $\beta_{E}$, $N$, $\mu$, $\gamma$, $t_{c}$, RF_{0}, $E_{0}$
#####################################################################

Number of Samples: 960
Number of Posteriors: 3
RMSD Weights: [1,1]
Training window size: 50
Validation window size: 10

#####################################################################

Posterior No. 2
Execution Time: 15.413 s
Tolerance: eps = 0.012892

Priors' Ranges:

	 $\beta_{I}$: 0.005198 <-> 0.973851
	 $\beta_{E}$: 0.000082 <-> 0.091147
	 $N$: 15973511.994009 <-> 275692020.319722
	 $\mu$: 0.002158 <-> 0.012619
	 $\gamma$: 0.174496 <-> 0.999793
	 $t_{c}$: 2.740760 <-> 29.977023
	 RF_{0}: 0.973865 <-> 0.999983
	 $E_{0}$: 0.012765 <-> 0.198414

Estimated parameters (av +/- std):

	 $\beta_{I}$: 0.111253 +/- 0.223273
	 $\beta_{E}$: 0.024700 +/- 0.012976
	 $N$: 239155078.686950 +/- 72046235.254884
	 $\mu$: 0.011827 +/- 0.002056
	 $\gamma$: 0.953704 +/- 0.167500
	 $t_{c}$: 28.767266 +/- 5.207013
	 RF_{0}: 0.997825 +/- 0.003888
	 $E_{0}$: 0.178876 +/- 0.032668

Posterior distribution on file posterior_'param'.png

RMSD: 0.005947
Weighted RMSD: 0.005947
RMSD for validation data: 0.305352
RMSD for total data: 0.507635
AIC: 16.011893
AIC for validation data: 16.610704
AIC for total data: 17.015271

#####################################################################

Total time on ABC: 23.637 s
Number of trials: 834835

Fit on file model_fit.png