2021-11-14_19-26-42

Data Source: Número de casos confirmados de COVID-19 no Brasil (on GitHub)
https://raw.githubusercontent.com/wcota/covid19br/master/cases-brazil-cities-time.csv

Rejection ABC fitting of epidemic curves

Model: SEIRD
Parameters: $\beta_{I}$, $\beta_{E}$, $N$, $\mu$, $\gamma$, $t_{c}$, RF_{0}, $E_{0}$
#####################################################################

Number of Samples: 960
Number of Posteriors: 3
RMSD Weights: [1,1]
Training window size: 45
Validation window size: 10

#####################################################################

Posterior No. 3
Execution Time: 24.333 s
Tolerance: eps = 0.027995

Priors' Ranges:

	 $\beta_{I}$: 0.003569 <-> 0.999464
	 $\beta_{E}$: 0.000519 <-> 0.333275
	 $N$: 260886.892723 <-> 13518057.513974
	 $\mu$: 0.025857 <-> 0.214564
	 $\gamma$: 0.102860 <-> 0.999468
	 $t_{c}$: 0.359482 <-> 14.069643
	 RF_{0}: 0.210151 <-> 0.998333
	 $E_{0}$: 0.024094 <-> 1.996263

Estimated parameters (av +/- std):

	 $\beta_{I}$: 0.674949 +/- 0.251916
	 $\beta_{E}$: 0.133475 +/- 0.055101
	 $N$: 267829.753642 +/- 3971841.954222
	 $\mu$: 0.115764 +/- 0.039813
	 $\gamma$: 0.563858 +/- 0.206995
	 $t_{c}$: 10.059328 +/- 2.440984
	 RF_{0}: 0.956525 +/- 0.139537
	 $E_{0}$: 1.364431 +/- 0.432352

Posterior distribution on file posterior_'param'.png

RMSD: 0.014359
Weighted RMSD: 0.014359
RMSD for validation data: 0.346608
RMSD for total data: 0.373289
AIC: 16.028719
AIC for validation data: 16.693216
AIC for total data: 16.746579

#####################################################################

Total time on ABC: 41.626 s
Number of trials: 1371346

Fit on file model_fit.png