2022-03-08_16-04-21

Data Source: Número de casos confirmados de COVID-19 no Brasil (on GitHub)
https://raw.githubusercontent.com/wcota/covid19br/master/cases-brazil-cities-time.csv

Rejection ABC fitting of epidemic curves

Model: SEIRD
Parameters: $\beta_{I}$, $\beta_{E}$, $N$, $\mu$, $\gamma$, $t_{c}$, RF_{0}, $E_{0}$
#####################################################################

Number of Samples: 48
Number of Posteriors: 3
RMSD Weights: [1,1]
Training window size: 20
Validation window size: 10

#####################################################################

Posterior No. 1
Execution Time: 1.393 s
Tolerance: eps = 0.03

Priors' Ranges:

	 $\beta_{I}$: 0.000000 <-> 1.000000
	 $\beta_{E}$: 0.000000 <-> 1.000000
	 $N$: 2125594.090000 <-> 106279704.500000
	 $\mu$: 0.000000 <-> 1.000000
	 $\gamma$: 0.000000 <-> 1.000000
	 $t_{c}$: 0.000000 <-> 30.000000
	 RF_{0}: 0.000000 <-> 1.000000
	 $E_{0}$: 0.000000 <-> 2.000000

Estimated parameters (av +/- std):

	 $\beta_{I}$: 0.127353 +/- 0.232194
	 $\beta_{E}$: 0.026903 +/- 0.026826
	 $N$: 17994487.163812 +/- 28391280.752901
	 $\mu$: 0.019718 +/- 0.004354
	 $\gamma$: 0.792962 +/- 0.169019
	 $t_{c}$: 25.863272 +/- 6.153559
	 RF_{0}: 0.988344 +/- 0.007132
	 $E_{0}$: 0.221506 +/- 0.049078

Posterior distribution on file posterior_'param'.png

RMSD: 0.022249
Weighted RMSD: 0.022249
RMSD for validation data: 0.064252
RMSD for total data: 0.449499
AIC: 16.044498
AIC for validation data: 16.128505
AIC for total data: 16.898998

#####################################################################

Total time on ABC: 1.393 s
Number of trials: 156440

Fit on file model_fit.png