2021-11-14_23-03-08

Data Source: Número de casos confirmados de COVID-19 no Brasil (on GitHub)
https://raw.githubusercontent.com/wcota/covid19br/master/cases-brazil-cities-time.csv

Rejection ABC fitting of epidemic curves

Model: SEIRD
Parameters: $\beta_{I}$, $\beta_{E}$, $N$, $\mu$, $\gamma$, $t_{c}$, RF_{0}, $E_{0}$
#####################################################################

Number of Samples: 960
Number of Posteriors: 3
RMSD Weights: [1,1]
Training window size: 25
Validation window size: 10

#####################################################################

Posterior No. 3
Execution Time: 0.092 s
Tolerance: eps = 0.275820

Priors' Ranges:

	 $\beta_{I}$: 0.002643 <-> 0.997418
	 $\beta_{E}$: 0.006830 <-> 0.439293
	 $N$: 336704.451034 <-> 66028113.084448
	 $\mu$: 0.005108 <-> 0.992016
	 $\gamma$: 0.002034 <-> 0.999688
	 $t_{c}$: 0.889807 <-> 29.932613
	 RF_{0}: 0.000703 <-> 0.999644
	 $E_{0}$: 0.012685 <-> 1.994737

Estimated parameters (av +/- std):

	 $\beta_{I}$: 0.311559 +/- 0.275742
	 $\beta_{E}$: 0.253769 +/- 0.058858
	 $N$: 57626733.442860 +/- 18498860.541334
	 $\mu$: 0.022836 +/- 0.234075
	 $\gamma$: 0.286377 +/- 0.244584
	 $t_{c}$: 1.505780 +/- 7.290873
	 RF_{0}: 0.257473 +/- 0.272244
	 $E_{0}$: 1.694355 +/- 0.546074

Posterior distribution on file posterior_'param'.png

RMSD: 0.088446
Weighted RMSD: 0.088446
RMSD for validation data: 0.546515
RMSD for total data: 1.460304
AIC: 16.176892
AIC for validation data: 17.093029
AIC for total data: 18.920608

#####################################################################

Total time on ABC: 0.311 s
Number of trials: 9529

Fit on file model_fit.png