2021-11-14_19-22-12

Data Source: Número de casos confirmados de COVID-19 no Brasil (on GitHub)
https://raw.githubusercontent.com/wcota/covid19br/master/cases-brazil-cities-time.csv

Rejection ABC fitting of epidemic curves

Model: SEIRD
Parameters: $\beta_{I}$, $\beta_{E}$, $N$, $\mu$, $\gamma$, $t_{c}$, RF_{0}, $E_{0}$
#####################################################################

Number of Samples: 960
Number of Posteriors: 3
RMSD Weights: [1,1]
Training window size: 50
Validation window size: 10

#####################################################################

Posterior No. 3
Execution Time: 1.389 s
Tolerance: eps = 0.036097

Priors' Ranges:

	 $\beta_{I}$: 0.000004 <-> 0.552587
	 $\beta_{E}$: 0.000073 <-> 0.082020
	 $N$: 81574.812361 <-> 10224765.371033
	 $\mu$: 0.001680 <-> 0.016484
	 $\gamma$: 0.082692 <-> 0.901209
	 $t_{c}$: 7.173120 <-> 29.984931
	 RF_{0}: 0.931314 <-> 0.995957
	 $E_{0}$: 0.000152 <-> 0.115871

Estimated parameters (av +/- std):

	 $\beta_{I}$: 0.037676 +/- 0.109644
	 $\beta_{E}$: 0.049320 +/- 0.013408
	 $N$: 4744616.528892 +/- 2974823.649917
	 $\mu$: 0.002294 +/- 0.003156
	 $\gamma$: 0.126036 +/- 0.176243
	 $t_{c}$: 21.229200 +/- 4.466262
	 RF_{0}: 0.951448 +/- 0.010755
	 $E_{0}$: 0.056729 +/- 0.019459

Posterior distribution on file posterior_'param'.png

RMSD: 0.018331
Weighted RMSD: 0.018331
RMSD for validation data: 0.312401
RMSD for total data: 0.433979
AIC: 16.036663
AIC for validation data: 16.624801
AIC for total data: 16.867957

#####################################################################

Total time on ABC: 2.664 s
Number of trials: 59418

Fit on file model_fit.png