2021-11-14_07-39-52

Data Source: Número de casos confirmados de COVID-19 no Brasil (on GitHub)
https://raw.githubusercontent.com/wcota/covid19br/master/cases-brazil-cities-time.csv

Rejection ABC fitting of epidemic curves

Model: SEIRD
Parameters: $\beta_{I}$, $\beta_{E}$, $N$, $\mu$, $\gamma$, $t_{c}$, RF_{0}, $E_{0}$
#####################################################################

Number of Samples: 960
Number of Posteriors: 3
RMSD Weights: [1,1]
Training window size: 25
Validation window size: 10

#####################################################################

Posterior No. 2
Execution Time: 0.098 s
Tolerance: eps = 221.541072

Priors' Ranges:

	 $\beta_{I}$: 0.000131 <-> 0.996729
	 $\beta_{E}$: 0.000223 <-> 0.995634
	 $N$: 1444697.676024 <-> 275515299.465671
	 $\mu$: 0.000215 <-> 0.970937
	 $\gamma$: 0.010129 <-> 0.999083
	 $t_{c}$: 0.197486 <-> 29.935941
	 RF_{0}: 0.004533 <-> 0.998125
	 $E_{0}$: 0.000167 <-> 1.981912

Estimated parameters (av +/- std):

	 $\beta_{I}$: 0.410829 +/- 0.268371
	 $\beta_{E}$: 0.290050 +/- 0.271409
	 $N$: 9548268.877866 +/- 69486801.403651
	 $\mu$: 0.001507 +/- 0.207006
	 $\gamma$: 0.499988 +/- 0.218801
	 $t_{c}$: 21.569109 +/- 7.545436
	 RF_{0}: 0.635280 +/- 0.256822
	 $E_{0}$: 0.639437 +/- 0.535487

Posterior distribution on file posterior_'param'.png

RMSD: 2.740706
Weighted RMSD: 2.740706
RMSD for validation data: 10.445921
RMSD for total data: 0.374551
AIC: 21.481412
AIC for validation data: 36.891842
AIC for total data: 16.749102

#####################################################################

Total time on ABC: 0.247 s
Number of trials: 16900

Fit on file model_fit.png