2022-03-08_16-07-57

Data Source: Número de casos confirmados de COVID-19 no Brasil (on GitHub)
https://raw.githubusercontent.com/wcota/covid19br/master/cases-brazil-cities-time.csv

Rejection ABC fitting of epidemic curves

Model: SEIRD
Parameters: $\beta_{I}$, $\beta_{E}$, $N$, $\mu$, $\gamma$, $t_{c}$, RF_{0}, $E_{0}$
#####################################################################

Number of Samples: 960
Number of Posteriors: 3
RMSD Weights: [1,1]
Training window size: 30
Validation window size: 10

#####################################################################

Posterior No. 3
Execution Time: 0.821 s
Tolerance: eps = 0.031598

Priors' Ranges:

	 $\beta_{I}$: 0.005354 <-> 0.995932
	 $\beta_{E}$: 0.000031 <-> 0.105154
	 $N$: 4088099.688222 <-> 106268167.394027
	 $\mu$: 0.007262 <-> 0.035621
	 $\gamma$: 0.231131 <-> 0.999444
	 $t_{c}$: 5.024970 <-> 29.977885
	 RF_{0}: 0.674415 <-> 0.998494
	 $E_{0}$: 0.129319 <-> 1.385818

Estimated parameters (av +/- std):

	 $\beta_{I}$: 0.021777 +/- 0.262024
	 $\beta_{E}$: 0.092127 +/- 0.018384
	 $N$: 44542086.911218 +/- 28196220.791949
	 $\mu$: 0.023857 +/- 0.005473
	 $\gamma$: 0.771772 +/- 0.173727
	 $t_{c}$: 12.612626 +/- 5.231822
	 RF_{0}: 0.904436 +/- 0.061155
	 $E_{0}$: 0.482818 +/- 0.223524

Posterior distribution on file posterior_'param'.png

RMSD: 0.015103
Weighted RMSD: 0.015103
RMSD for validation data: 0.120139
RMSD for total data: 0.449474
AIC: 16.030205
AIC for validation data: 16.240279
AIC for total data: 16.898947

#####################################################################

Total time on ABC: 2.071 s
Number of trials: 61168

Fit on file model_fit.png