2021-11-14_21-02-25

Data Source: Número de casos confirmados de COVID-19 no Brasil (on GitHub)
https://raw.githubusercontent.com/wcota/covid19br/master/cases-brazil-cities-time.csv

Rejection ABC fitting of epidemic curves

Model: SEIRD
Parameters: $\beta_{I}$, $\beta_{E}$, $N$, $\mu$, $\gamma$, $t_{c}$, RF_{0}, $E_{0}$
#####################################################################

Number of Samples: 960
Number of Posteriors: 3
RMSD Weights: [1,1]
Training window size: 50
Validation window size: 10

#####################################################################

Posterior No. 3
Execution Time: 8.689 s
Tolerance: eps = 0.017629

Priors' Ranges:

	 $\beta_{I}$: 0.001880 <-> 0.995063
	 $\beta_{E}$: 0.010033 <-> 0.226279
	 $N$: 20753917.917615 <-> 66145061.016525
	 $\mu$: 0.001755 <-> 0.009904
	 $\gamma$: 0.179522 <-> 0.999826
	 $t_{c}$: 7.107830 <-> 29.997276
	 RF_{0}: 0.916580 <-> 0.999977
	 $E_{0}$: 0.012859 <-> 0.282112

Estimated parameters (av +/- std):

	 $\beta_{I}$: 0.827887 +/- 0.258506
	 $\beta_{E}$: 0.089744 +/- 0.038411
	 $N$: 33446547.838357 +/- 11274141.693747
	 $\mu$: 0.009287 +/- 0.001812
	 $\gamma$: 0.985171 +/- 0.192438
	 $t_{c}$: 16.885482 +/- 5.334622
	 RF_{0}: 0.975964 +/- 0.015047
	 $E_{0}$: 0.123735 +/- 0.047693

Posterior distribution on file posterior_'param'.png

RMSD: 0.009905
Weighted RMSD: 0.009905
RMSD for validation data: 0.133958
RMSD for total data: 0.209905
AIC: 16.019810
AIC for validation data: 16.267917
AIC for total data: 16.419810

#####################################################################

Total time on ABC: 15.797 s
Number of trials: 344568

Fit on file model_fit.png