2021-11-14_21-31-10

Data Source: Número de casos confirmados de COVID-19 no Brasil (on GitHub)
https://raw.githubusercontent.com/wcota/covid19br/master/cases-brazil-cities-time.csv

Rejection ABC fitting of epidemic curves

Model: SEIRD
Parameters: $\beta_{I}$, $\beta_{E}$, $N$, $\mu$, $\gamma$, $t_{c}$, RF_{0}, $E_{0}$
#####################################################################

Number of Samples: 960
Number of Posteriors: 3
RMSD Weights: [1,1]
Training window size: 30
Validation window size: 10

#####################################################################

Posterior No. 2
Execution Time: 0.143 s
Tolerance: eps = 0.072893

Priors' Ranges:

	 $\beta_{I}$: 0.000312 <-> 0.999931
	 $\beta_{E}$: 0.017428 <-> 0.412728
	 $N$: 4749550.041908 <-> 5928029.874159
	 $\mu$: 0.001550 <-> 0.015740
	 $\gamma$: 0.064606 <-> 0.999394
	 $t_{c}$: 12.562164 <-> 29.961965
	 RF_{0}: 0.924317 <-> 0.999889
	 $E_{0}$: 0.254979 <-> 1.042683

Estimated parameters (av +/- std):

	 $\beta_{I}$: 0.153198 +/- 0.257095
	 $\beta_{E}$: 0.351508 +/- 0.081395
	 $N$: 5516086.545072 +/- 187249.526887
	 $\mu$: 0.012997 +/- 0.002872
	 $\gamma$: 0.874187 +/- 0.197395
	 $t_{c}$: 16.552817 +/- 4.456731
	 RF_{0}: 0.978183 +/- 0.017205
	 $E_{0}$: 0.326459 +/- 0.171162

Posterior distribution on file posterior_'param'.png

RMSD: 0.038961
Weighted RMSD: 0.038961
RMSD for validation data: 0.496359
RMSD for total data: 0.381052
AIC: 16.077922
AIC for validation data: 16.992718
AIC for total data: 16.762104

#####################################################################

Total time on ABC: 0.640 s
Number of trials: 8227

Fit on file model_fit.png