2021-11-14_21-02-25

Data Source: Número de casos confirmados de COVID-19 no Brasil (on GitHub)
https://raw.githubusercontent.com/wcota/covid19br/master/cases-brazil-cities-time.csv

Rejection ABC fitting of epidemic curves

Model: SEIRD
Parameters: $\beta_{I}$, $\beta_{E}$, $N$, $\mu$, $\gamma$, $t_{c}$, RF_{0}, $E_{0}$
#####################################################################

Number of Samples: 960
Number of Posteriors: 3
RMSD Weights: [1,1]
Training window size: 35
Validation window size: 10

#####################################################################

Posterior No. 3
Execution Time: 5.918 s
Tolerance: eps = 0.026508

Priors' Ranges:

	 $\beta_{I}$: 0.001181 <-> 0.999163
	 $\beta_{E}$: 0.001222 <-> 0.992560
	 $N$: 31998235.909032 <-> 65847212.715526
	 $\mu$: 0.002512 <-> 0.020270
	 $\gamma$: 0.155050 <-> 0.998756
	 $t_{c}$: 7.143647 <-> 29.993688
	 RF_{0}: 0.972807 <-> 0.994715
	 $E_{0}$: 0.007088 <-> 0.069337

Estimated parameters (av +/- std):

	 $\beta_{I}$: 0.611418 +/- 0.272015
	 $\beta_{E}$: 0.466198 +/- 0.202196
	 $N$: 33794006.931903 +/- 8006891.697131
	 $\mu$: 0.004757 +/- 0.003973
	 $\gamma$: 0.279020 +/- 0.207601
	 $t_{c}$: 19.097616 +/- 4.687965
	 RF_{0}: 0.980152 +/- 0.003713
	 $E_{0}$: 0.033790 +/- 0.010415

Posterior distribution on file posterior_'param'.png

RMSD: 0.015463
Weighted RMSD: 0.015463
RMSD for validation data: 0.193082
RMSD for total data: 0.615497
AIC: 16.030926
AIC for validation data: 16.386164
AIC for total data: 17.230995

#####################################################################

Total time on ABC: 12.687 s
Number of trials: 412317

Fit on file model_fit.png