2021-11-14_05-05-40

Data Source: Número de casos confirmados de COVID-19 no Brasil (on GitHub)
https://raw.githubusercontent.com/wcota/covid19br/master/cases-brazil-cities-time.csv

Rejection ABC fitting of epidemic curves

Model: SEIRD
Parameters: $\beta_{I}$, $\beta_{E}$, $N$, $\mu$, $\gamma$, $t_{c}$, RF_{0}, $E_{0}$
#####################################################################

Number of Samples: 960
Number of Posteriors: 3
RMSD Weights: [1,1]
Training window size: 35
Validation window size: 10

#####################################################################

Posterior No. 3
Execution Time: 0.094 s
Tolerance: eps = 45.104241

Priors' Ranges:

	 $\beta_{I}$: 0.000873 <-> 0.999475
	 $\beta_{E}$: 0.000000 <-> 0.812359
	 $N$: 130094.116040 <-> 25245990.759148
	 $\mu$: 0.000108 <-> 0.997779
	 $\gamma$: 0.000417 <-> 0.999837
	 $t_{c}$: 0.046000 <-> 29.942636
	 RF_{0}: 0.013115 <-> 0.998964
	 $E_{0}$: 0.001654 <-> 1.986430

Estimated parameters (av +/- std):

	 $\beta_{I}$: 0.559595 +/- 0.246284
	 $\beta_{E}$: 0.036287 +/- 0.085195
	 $N$: 5201735.410981 +/- 6875351.825232
	 $\mu$: 0.011589 +/- 0.256927
	 $\gamma$: 0.934019 +/- 0.212091
	 $t_{c}$: 17.534593 +/- 8.797199
	 RF_{0}: 0.598705 +/- 0.240963
	 $E_{0}$: 0.099303 +/- 0.455524

Posterior distribution on file posterior_'param'.png

RMSD: 1.348396
Weighted RMSD: 1.348396
RMSD for validation data: 11.253737
RMSD for total data: 0.398877
AIC: 18.696791
AIC for validation data: 38.507474
AIC for total data: 16.797753

#####################################################################

Total time on ABC: 0.415 s
Number of trials: 11402

Fit on file model_fit.png