2022-03-08_16-22-08

Data Source: Número de casos confirmados de COVID-19 no Brasil (on GitHub)
https://raw.githubusercontent.com/wcota/covid19br/master/cases-brazil-cities-time.csv

Rejection ABC fitting of epidemic curves

Model: SEIRD
Parameters: $\beta_{I}$, $\beta_{E}$, $N$, $\mu$, $\gamma$, $t_{c}$, RF_{0}, $E_{0}$
#####################################################################

Number of Samples: 960
Number of Posteriors: 3
RMSD Weights: [1,1]
Training window size: 40
Validation window size: 10

#####################################################################

Posterior No. 3
Execution Time: 0.644 s
Tolerance: eps = 0.039866

Priors' Ranges:

	 $\beta_{I}$: 0.000776 <-> 0.983788
	 $\beta_{E}$: 0.000324 <-> 0.092844
	 $N$: 3969669.514878 <-> 106256378.872295
	 $\mu$: 0.004971 <-> 0.032496
	 $\gamma$: 0.180017 <-> 0.999796
	 $t_{c}$: 7.333274 <-> 29.994684
	 RF_{0}: 0.704935 <-> 0.999484
	 $E_{0}$: 0.107375 <-> 1.240654

Estimated parameters (av +/- std):

	 $\beta_{I}$: 0.393191 +/- 0.260500
	 $\beta_{E}$: 0.037523 +/- 0.018050
	 $N$: 11076854.139831 +/- 28798089.568539
	 $\mu$: 0.020601 +/- 0.004942
	 $\gamma$: 0.719498 +/- 0.174540
	 $t_{c}$: 29.844670 +/- 5.172233
	 RF_{0}: 0.944467 +/- 0.066800
	 $E_{0}$: 0.922114 +/- 0.198036

Posterior distribution on file posterior_'param'.png

RMSD: 0.012351
Weighted RMSD: 0.012351
RMSD for validation data: 0.132704
RMSD for total data: 0.449345
AIC: 16.024702
AIC for validation data: 16.265408
AIC for total data: 16.898691

#####################################################################

Total time on ABC: 1.151 s
Number of trials: 43883

Fit on file model_fit.png