2021-11-14_05-14-13

Data Source: Número de casos confirmados de COVID-19 no Brasil (on GitHub)
https://raw.githubusercontent.com/wcota/covid19br/master/cases-brazil-cities-time.csv

Rejection ABC fitting of epidemic curves

Model: SEIRD
Parameters: $\beta_{I}$, $\beta_{E}$, $N$, $\mu$, $\gamma$, $t_{c}$, RF_{0}, $E_{0}$
#####################################################################

Number of Samples: 48
Number of Posteriors: 3
RMSD Weights: [1,1]
Training window size: 50
Validation window size: 10

#####################################################################

Posterior No. 1
Execution Time: 1.216 s
Tolerance: eps = 0.043125

Priors' Ranges:

	 $\beta_{I}$: 0.000000 <-> 1.000000
	 $\beta_{E}$: 0.000000 <-> 1.000000
	 $N$: 83783.945000 <-> 16756789.000000
	 $\mu$: 0.000000 <-> 1.000000
	 $\gamma$: 0.000000 <-> 1.000000
	 $t_{c}$: 0.000000 <-> 30.000000
	 RF_{0}: 0.000000 <-> 1.000000
	 $E_{0}$: 0.000000 <-> 2.000000

Estimated parameters (av +/- std):

	 $\beta_{I}$: 0.356848 +/- 0.257396
	 $\beta_{E}$: 0.034051 +/- 0.016474
	 $N$: 14831635.030599 +/- 4492461.398625
	 $\mu$: 0.002952 +/- 0.000545
	 $\gamma$: 0.890846 +/- 0.154684
	 $t_{c}$: 24.110508 +/- 4.833946
	 RF_{0}: 0.979566 +/- 0.011965
	 $E_{0}$: 0.126100 +/- 0.029791

Posterior distribution on file posterior_'param'.png

RMSD: 0.023813
Weighted RMSD: 0.023813
RMSD for validation data: 0.360723
RMSD for total data: 0.415606
AIC: 16.047627
AIC for validation data: 16.721446
AIC for total data: 16.831211

#####################################################################

Total time on ABC: 1.216 s
Number of trials: 52949

Fit on file model_fit.png