2022-03-08_16-07-57

Data Source: Número de casos confirmados de COVID-19 no Brasil (on GitHub)
https://raw.githubusercontent.com/wcota/covid19br/master/cases-brazil-cities-time.csv

Rejection ABC fitting of epidemic curves

Model: SEIRD
Parameters: $\beta_{I}$, $\beta_{E}$, $N$, $\mu$, $\gamma$, $t_{c}$, RF_{0}, $E_{0}$
#####################################################################

Number of Samples: 960
Number of Posteriors: 3
RMSD Weights: [1,1]
Training window size: 30
Validation window size: 10

#####################################################################

Posterior No. 2
Execution Time: 6.465 s
Tolerance: eps = 0.018093

Priors' Ranges:

	 $\beta_{I}$: 0.006818 <-> 0.995935
	 $\beta_{E}$: 0.000165 <-> 0.140808
	 $N$: 13014398.435967 <-> 105962966.170697
	 $\mu$: 0.004897 <-> 0.023156
	 $\gamma$: 0.198469 <-> 0.999969
	 $t_{c}$: 5.805538 <-> 29.961226
	 RF_{0}: 0.976896 <-> 0.999973
	 $E_{0}$: 0.035958 <-> 0.189189

Estimated parameters (av +/- std):

	 $\beta_{I}$: 0.257922 +/- 0.260218
	 $\beta_{E}$: 0.030522 +/- 0.025602
	 $N$: 27977705.520888 +/- 24577988.120155
	 $\mu$: 0.005957 +/- 0.004192
	 $\gamma$: 0.260749 +/- 0.188426
	 $t_{c}$: 16.506912 +/- 5.353041
	 RF_{0}: 0.982289 +/- 0.003780
	 $E_{0}$: 0.098472 +/- 0.031882

Posterior distribution on file posterior_'param'.png

RMSD: 0.013240
Weighted RMSD: 0.013240
RMSD for validation data: 0.122447
RMSD for total data: 0.449441
AIC: 16.026479
AIC for validation data: 16.244894
AIC for total data: 16.898883

#####################################################################

Total time on ABC: 9.820 s
Number of trials: 453082

Fit on file model_fit.png