2021-11-14_23-03-08

Data Source: Número de casos confirmados de COVID-19 no Brasil (on GitHub)
https://raw.githubusercontent.com/wcota/covid19br/master/cases-brazil-cities-time.csv

Rejection ABC fitting of epidemic curves

Model: SEIRD
Parameters: $\beta_{I}$, $\beta_{E}$, $N$, $\mu$, $\gamma$, $t_{c}$, RF_{0}, $E_{0}$
#####################################################################

Number of Samples: 48
Number of Posteriors: 3
RMSD Weights: [1,1]
Training window size: 30
Validation window size: 10

#####################################################################

Posterior No. 1
Execution Time: 0.170 s
Tolerance: eps = 0.520786

Priors' Ranges:

	 $\beta_{I}$: 0.000000 <-> 1.000000
	 $\beta_{E}$: 0.000000 <-> 1.000000
	 $N$: 331002.647000 <-> 66200529.400000
	 $\mu$: 0.000000 <-> 1.000000
	 $\gamma$: 0.000000 <-> 1.000000
	 $t_{c}$: 0.000000 <-> 30.000000
	 RF_{0}: 0.000000 <-> 1.000000
	 $E_{0}$: 0.000000 <-> 2.000000

Estimated parameters (av +/- std):

	 $\beta_{I}$: 0.464288 +/- 0.277180
	 $\beta_{E}$: 0.197242 +/- 0.142101
	 $N$: 59414288.546816 +/- 19040724.163062
	 $\mu$: 0.032249 +/- 0.291815
	 $\gamma$: 0.382221 +/- 0.260091
	 $t_{c}$: 29.752326 +/- 9.171413
	 RF_{0}: 0.694530 +/- 0.282861
	 $E_{0}$: 0.188588 +/- 0.562778

Posterior distribution on file posterior_'param'.png

RMSD: 0.114435
Weighted RMSD: 0.114435
RMSD for validation data: 0.229537
RMSD for total data: 3.696964
AIC: 16.228871
AIC for validation data: 16.459074
AIC for total data: 23.393927

#####################################################################

Total time on ABC: 0.170 s
Number of trials: 9941

Fit on file model_fit.png