2021-12-01_00-51-50

Data Source: Número de casos confirmados de COVID-19 no Brasil (on GitHub)
https://raw.githubusercontent.com/wcota/covid19br/master/cases-brazil-cities-time.csv

Rejection ABC fitting of epidemic curves

Model: SEIRD
Parameters: $\beta_{I}$, $\beta_{E}$, $N$, $\mu$, $\gamma$, $t_{c}$, RF_{0}, $E_{0}$
#####################################################################

Number of Samples: 99984
Number of Posteriors: 3
RMSD Weights: [1,1]
Training window size: 15
Validation window size: 10

#####################################################################

Posterior No. 2
Execution Time: 84.477 s
Tolerance: eps = 9.217625

Priors' Ranges:

	 $\beta_{I}$: 0.000012 <-> 0.999966
	 $\beta_{E}$: 0.000004 <-> 0.999997
	 $N$: 212744.853341 <-> 42510755.791269
	 $\mu$: 0.000001 <-> 0.999741
	 $\gamma$: 0.000166 <-> 0.999994
	 $t_{c}$: 0.036390 <-> 29.999846
	 RF_{0}: 0.000110 <-> 0.999996
	 $E_{0}$: 0.000011 <-> 1.999983

Estimated parameters (av +/- std):

	 $\beta_{I}$: 0.401320 +/- 0.268844
	 $\beta_{E}$: 0.403786 +/- 0.272527
	 $N$: 4634029.394555 +/- 10630819.475287
	 $\mu$: 0.010781 +/- 0.172450
	 $\gamma$: 0.645431 +/- 0.226832
	 $t_{c}$: 29.711893 +/- 7.391259
	 RF_{0}: 0.921714 +/- 0.244099
	 $E_{0}$: 0.469195 +/- 0.542882

Posterior distribution on file posterior_'param'.png

RMSD: 0.051023
Weighted RMSD: 0.051023
RMSD for validation data: 0.306142
RMSD for total data: 0.275134
AIC: 16.102046
AIC for validation data: 16.612284
AIC for total data: 16.550268

#####################################################################

Total time on ABC: 91.844 s
Number of trials: 1421951

Fit on file model_fit.png