2021-11-14_19-22-12

Data Source: Número de casos confirmados de COVID-19 no Brasil (on GitHub)
https://raw.githubusercontent.com/wcota/covid19br/master/cases-brazil-cities-time.csv

Rejection ABC fitting of epidemic curves

Model: SEIRD
Parameters: $\beta_{I}$, $\beta_{E}$, $N$, $\mu$, $\gamma$, $t_{c}$, RF_{0}, $E_{0}$
#####################################################################

Number of Samples: 960
Number of Posteriors: 3
RMSD Weights: [1,1]
Training window size: 45
Validation window size: 10

#####################################################################

Posterior No. 2
Execution Time: 0.054 s
Tolerance: eps = 0.368861

Priors' Ranges:

	 $\beta_{I}$: 0.000162 <-> 0.258389
	 $\beta_{E}$: 0.000068 <-> 0.285597
	 $N$: 86715.303232 <-> 10252623.565346
	 $\mu$: 0.002606 <-> 0.059445
	 $\gamma$: 0.055075 <-> 0.877939
	 $t_{c}$: 0.040588 <-> 16.584558
	 RF_{0}: 0.897093 <-> 0.999751
	 $E_{0}$: 0.000541 <-> 0.092318

Estimated parameters (av +/- std):

	 $\beta_{I}$: 0.158545 +/- 0.061114
	 $\beta_{E}$: 0.105631 +/- 0.061982
	 $N$: 4145695.634454 +/- 2458310.217835
	 $\mu$: 0.043942 +/- 0.008313
	 $\gamma$: 0.467285 +/- 0.144825
	 $t_{c}$: 4.646170 +/- 3.230427
	 RF_{0}: 0.987159 +/- 0.018849
	 $E_{0}$: 0.010278 +/- 0.016346

Posterior distribution on file posterior_'param'.png

RMSD: 0.059795
Weighted RMSD: 0.059795
RMSD for validation data: 0.597514
RMSD for total data: 0.433979
AIC: 16.119591
AIC for validation data: 17.195028
AIC for total data: 16.867957

#####################################################################

Total time on ABC: 0.151 s
Number of trials: 2911

Fit on file model_fit.png