2021-11-14_10-28-32

Data Source: Número de casos confirmados de COVID-19 no Brasil (on GitHub)
https://raw.githubusercontent.com/wcota/covid19br/master/cases-brazil-cities-time.csv

Rejection ABC fitting of epidemic curves

Model: SEIRD
Parameters: $\beta_{I}$, $\beta_{E}$, $N$, $\mu$, $\gamma$, $t_{c}$, RF_{0}, $E_{0}$
#####################################################################

Number of Samples: 48
Number of Posteriors: 3
RMSD Weights: [1,1]
Training window size: 25
Validation window size: 10

#####################################################################

Posterior No. 1
Execution Time: 0.187 s
Tolerance: eps = 0.313324

Priors' Ranges:

	 $\beta_{I}$: 0.000000 <-> 1.000000
	 $\beta_{E}$: 0.000000 <-> 1.000000
	 $N$: 212559.409000 <-> 42511881.800000
	 $\mu$: 0.000000 <-> 1.000000
	 $\gamma$: 0.000000 <-> 1.000000
	 $t_{c}$: 0.000000 <-> 30.000000
	 RF_{0}: 0.000000 <-> 1.000000
	 $E_{0}$: 0.000000 <-> 2.000000

Estimated parameters (av +/- std):

	 $\beta_{I}$: 0.572777 +/- 0.286442
	 $\beta_{E}$: 0.321970 +/- 0.105653
	 $N$: 39593762.421011 +/- 12326054.458082
	 $\mu$: 0.056141 +/- 0.295002
	 $\gamma$: 0.627062 +/- 0.286874
	 $t_{c}$: 4.810274 +/- 8.486441
	 RF_{0}: 0.255708 +/- 0.284828
	 $E_{0}$: 0.256719 +/- 0.581474

Posterior distribution on file posterior_'param'.png

RMSD: 0.112175
Weighted RMSD: 0.112175
RMSD for validation data: 2.059739
RMSD for total data: 4.098229
AIC: 16.224349
AIC for validation data: 20.119477
AIC for total data: 24.196458

#####################################################################

Total time on ABC: 0.187 s
Number of trials: 10361

Fit on file model_fit.png