2021-11-14_04-49-43

Data Source: Número de casos confirmados de COVID-19 no Brasil (on GitHub)
https://raw.githubusercontent.com/wcota/covid19br/master/cases-brazil-cities-time.csv

Rejection ABC fitting of epidemic curves

Model: SEIRD
Parameters: $\beta_{I}$, $\beta_{E}$, $N$, $\mu$, $\gamma$, $t_{c}$, RF_{0}, $E_{0}$
#####################################################################

Number of Samples: 48
Number of Posteriors: 3
RMSD Weights: [1,1]
Training window size: 35
Validation window size: 10

#####################################################################

Posterior No. 1
Execution Time: 0.125 s
Tolerance: eps = 0.198316

Priors' Ranges:

	 $\beta_{I}$: 0.000000 <-> 1.000000
	 $\beta_{E}$: 0.000000 <-> 1.000000
	 $N$: 83783.945000 <-> 16756789.000000
	 $\mu$: 0.000000 <-> 1.000000
	 $\gamma$: 0.000000 <-> 1.000000
	 $t_{c}$: 0.000000 <-> 30.000000
	 RF_{0}: 0.000000 <-> 1.000000
	 $E_{0}$: 0.000000 <-> 2.000000

Estimated parameters (av +/- std):

	 $\beta_{I}$: 0.149681 +/- 0.212073
	 $\beta_{E}$: 0.002457 +/- 0.020100
	 $N$: 7611071.137713 +/- 4583127.931285
	 $\mu$: 0.067574 +/- 0.018006
	 $\gamma$: 0.865593 +/- 0.168086
	 $t_{c}$: 25.460483 +/- 6.768060
	 RF_{0}: 0.993489 +/- 0.026609
	 $E_{0}$: 0.092680 +/- 0.026770

Posterior distribution on file posterior_'param'.png

RMSD: 0.031709
Weighted RMSD: 0.031709
RMSD for validation data: 0.910435
RMSD for total data: 0.415608
AIC: 16.063417
AIC for validation data: 17.820870
AIC for total data: 16.831215

#####################################################################

Total time on ABC: 0.125 s
Number of trials: 9737

Fit on file model_fit.png