2021-11-14_10-28-32

Data Source: Número de casos confirmados de COVID-19 no Brasil (on GitHub)
https://raw.githubusercontent.com/wcota/covid19br/master/cases-brazil-cities-time.csv

Rejection ABC fitting of epidemic curves

Model: SEIRD
Parameters: $\beta_{I}$, $\beta_{E}$, $N$, $\mu$, $\gamma$, $t_{c}$, RF_{0}, $E_{0}$
#####################################################################

Number of Samples: 960
Number of Posteriors: 3
RMSD Weights: [1,1]
Training window size: 45
Validation window size: 10

#####################################################################

Posterior No. 3
Execution Time: 0.152 s
Tolerance: eps = 1.008595

Priors' Ranges:

	 $\beta_{I}$: 0.000439 <-> 0.995809
	 $\beta_{E}$: 0.000091 <-> 0.987929
	 $N$: 212767.950416 <-> 42200550.640841
	 $\mu$: 0.001028 <-> 0.992962
	 $\gamma$: 0.028334 <-> 0.999491
	 $t_{c}$: 0.037758 <-> 29.940589
	 RF_{0}: 0.004712 <-> 0.999488
	 $E_{0}$: 0.000264 <-> 1.974890

Estimated parameters (av +/- std):

	 $\beta_{I}$: 0.184210 +/- 0.254235
	 $\beta_{E}$: 0.045634 +/- 0.196608
	 $N$: 22874001.762331 +/- 12733331.469439
	 $\mu$: 0.014454 +/- 0.214809
	 $\gamma$: 0.395227 +/- 0.194124
	 $t_{c}$: 16.721425 +/- 8.869157
	 RF_{0}: 0.590235 +/- 0.258160
	 $E_{0}$: 1.250363 +/- 0.495336

Posterior distribution on file posterior_'param'.png

RMSD: 0.025647
Weighted RMSD: 0.025647
RMSD for validation data: 0.172596
RMSD for total data: 0.449475
AIC: 16.051295
AIC for validation data: 16.345192
AIC for total data: 16.898951

#####################################################################

Total time on ABC: 0.614 s
Number of trials: 19153

Fit on file model_fit.png