2021-11-14_06-19-53

Data Source: Número de casos confirmados de COVID-19 no Brasil (on GitHub)
https://raw.githubusercontent.com/wcota/covid19br/master/cases-brazil-cities-time.csv

Rejection ABC fitting of epidemic curves

Model: SEIRD
Parameters: $\beta_{I}$, $\beta_{E}$, $N$, $\mu$, $\gamma$, $t_{c}$, RF_{0}, $E_{0}$
#####################################################################

Number of Samples: 960
Number of Posteriors: 3
RMSD Weights: [1,1]
Training window size: 50
Validation window size: 10

#####################################################################

Posterior No. 2
Execution Time: 0.149 s
Tolerance: eps = 3.952045

Priors' Ranges:

	 $\beta_{I}$: 0.003127 <-> 0.999571
	 $\beta_{E}$: 0.000440 <-> 0.996037
	 $N$: 84952.509050 <-> 16429589.357013
	 $\mu$: 0.000122 <-> 0.988682
	 $\gamma$: 0.022806 <-> 0.999645
	 $t_{c}$: 0.066020 <-> 29.911396
	 RF_{0}: 0.001530 <-> 0.998945
	 $E_{0}$: 0.011314 <-> 1.998283

Estimated parameters (av +/- std):

	 $\beta_{I}$: 0.202686 +/- 0.275762
	 $\beta_{E}$: 0.022196 +/- 0.286055
	 $N$: 9671457.816310 +/- 2698875.196290
	 $\mu$: 0.005650 +/- 0.203107
	 $\gamma$: 0.527868 +/- 0.229095
	 $t_{c}$: 26.114000 +/- 8.213201
	 RF_{0}: 0.563967 +/- 0.260885
	 $E_{0}$: 0.898946 +/- 0.559371

Posterior distribution on file posterior_'param'.png

RMSD: 0.124122
Weighted RMSD: 0.124122
RMSD for validation data: 0.790438
RMSD for total data: 0.415606
AIC: 16.248245
AIC for validation data: 17.580875
AIC for total data: 16.831212

#####################################################################

Total time on ABC: 0.458 s
Number of trials: 15251

Fit on file model_fit.png