2021-11-14_07-39-52

Data Source: Número de casos confirmados de COVID-19 no Brasil (on GitHub)
https://raw.githubusercontent.com/wcota/covid19br/master/cases-brazil-cities-time.csv

Rejection ABC fitting of epidemic curves

Model: SEIRD
Parameters: $\beta_{I}$, $\beta_{E}$, $N$, $\mu$, $\gamma$, $t_{c}$, RF_{0}, $E_{0}$
#####################################################################

Number of Samples: 48
Number of Posteriors: 3
RMSD Weights: [1,1]
Training window size: 40
Validation window size: 10

#####################################################################

Posterior No. 1
Execution Time: 0.210 s
Tolerance: eps = 10.126093

Priors' Ranges:

	 $\beta_{I}$: 0.000000 <-> 1.000000
	 $\beta_{E}$: 0.000000 <-> 1.000000
	 $N$: 1380004.385000 <-> 276000877.000000
	 $\mu$: 0.000000 <-> 1.000000
	 $\gamma$: 0.000000 <-> 1.000000
	 $t_{c}$: 0.000000 <-> 30.000000
	 RF_{0}: 0.000000 <-> 1.000000
	 $E_{0}$: 0.000000 <-> 2.000000

Estimated parameters (av +/- std):

	 $\beta_{I}$: 0.241136 +/- 0.275220
	 $\beta_{E}$: 0.120385 +/- 0.184623
	 $N$: 194316011.996103 +/- 82256156.123087
	 $\mu$: 0.021472 +/- 0.295234
	 $\gamma$: 0.783153 +/- 0.256526
	 $t_{c}$: 16.214002 +/- 9.672391
	 RF_{0}: 0.313210 +/- 0.290601
	 $E_{0}$: 0.032436 +/- 0.561773

Posterior distribution on file posterior_'param'.png

RMSD: 0.113235
Weighted RMSD: 0.113235
RMSD for validation data: 1.130259
RMSD for total data: 9.407058
AIC: 16.226471
AIC for validation data: 18.260519
AIC for total data: 34.814116

#####################################################################

Total time on ABC: 0.210 s
Number of trials: 9701

Fit on file model_fit.png