2021-11-14_20-30-25

Data Source: Número de casos confirmados de COVID-19 no Brasil (on GitHub)
https://raw.githubusercontent.com/wcota/covid19br/master/cases-brazil-cities-time.csv

Rejection ABC fitting of epidemic curves

Model: SEIRD
Parameters: $\beta_{I}$, $\beta_{E}$, $N$, $\mu$, $\gamma$, $t_{c}$, RF_{0}, $E_{0}$
#####################################################################

Number of Samples: 960
Number of Posteriors: 3
RMSD Weights: [1,1]
Training window size: 50
Validation window size: 10

#####################################################################

Posterior No. 2
Execution Time: 0.239 s
Tolerance: eps = 72.676702

Priors' Ranges:

	 $\beta_{I}$: 0.000925 <-> 0.989056
	 $\beta_{E}$: 0.000054 <-> 0.889999
	 $N$: 51895.873689 <-> 10249339.352835
	 $\mu$: 0.000100 <-> 0.997153
	 $\gamma$: 0.040443 <-> 0.997112
	 $t_{c}$: 0.036478 <-> 29.968282
	 RF_{0}: 0.003447 <-> 0.998373
	 $E_{0}$: 0.000405 <-> 1.994800

Estimated parameters (av +/- std):

	 $\beta_{I}$: 0.185929 +/- 0.244115
	 $\beta_{E}$: 0.033979 +/- 0.127293
	 $N$: 9106771.835049 +/- 2868171.699779
	 $\mu$: 0.047028 +/- 0.282570
	 $\gamma$: 0.833595 +/- 0.204938
	 $t_{c}$: 8.652233 +/- 8.785522
	 RF_{0}: 0.865326 +/- 0.259788
	 $E_{0}$: 0.003045 +/- 0.490422

Posterior distribution on file posterior_'param'.png

RMSD: 0.696856
Weighted RMSD: 0.696856
RMSD for validation data: 5.605140
RMSD for total data: 0.433979
AIC: 17.393712
AIC for validation data: 27.210280
AIC for total data: 16.867957

#####################################################################

Total time on ABC: 0.514 s
Number of trials: 17477

Fit on file model_fit.png