2021-11-14_06-17-32

Data Source: Número de casos confirmados de COVID-19 no Brasil (on GitHub)
https://raw.githubusercontent.com/wcota/covid19br/master/cases-brazil-cities-time.csv

Rejection ABC fitting of epidemic curves

Model: SEIRD
Parameters: $\beta_{I}$, $\beta_{E}$, $N$, $\mu$, $\gamma$, $t_{c}$, RF_{0}, $E_{0}$
#####################################################################

Number of Samples: 48
Number of Posteriors: 3
RMSD Weights: [1,1]
Training window size: 30
Validation window size: 10

#####################################################################

Posterior No. 1
Execution Time: 0.195 s
Tolerance: eps = 11.968124

Priors' Ranges:

	 $\beta_{I}$: 0.000000 <-> 1.000000
	 $\beta_{E}$: 0.000000 <-> 1.000000
	 $N$: 83783.945000 <-> 16756789.000000
	 $\mu$: 0.000000 <-> 1.000000
	 $\gamma$: 0.000000 <-> 1.000000
	 $t_{c}$: 0.000000 <-> 30.000000
	 RF_{0}: 0.000000 <-> 1.000000
	 $E_{0}$: 0.000000 <-> 2.000000

Estimated parameters (av +/- std):

	 $\beta_{I}$: 0.015663 +/- 0.291533
	 $\beta_{E}$: 0.079697 +/- 0.305664
	 $N$: 14487746.139388 +/- 4563359.314291
	 $\mu$: 0.003373 +/- 0.257154
	 $\gamma$: 0.994008 +/- 0.257594
	 $t_{c}$: 29.976532 +/- 8.610168
	 RF_{0}: 0.516857 +/- 0.274638
	 $E_{0}$: 0.504014 +/- 0.592605

Posterior distribution on file posterior_'param'.png

RMSD: 0.194921
Weighted RMSD: 0.194921
RMSD for validation data: 1.408868
RMSD for total data: 0.541994
AIC: 16.389841
AIC for validation data: 18.817737
AIC for total data: 17.083988

#####################################################################

Total time on ABC: 0.195 s
Number of trials: 9553

Fit on file model_fit.png