2021-11-14_04-03-32

Data Source: Número de casos confirmados de COVID-19 no Brasil (on GitHub)
https://raw.githubusercontent.com/wcota/covid19br/master/cases-brazil-cities-time.csv

Rejection ABC fitting of epidemic curves

Model: SEIRD
Parameters: $\beta_{I}$, $\beta_{E}$, $N$, $\mu$, $\gamma$, $t_{c}$, RF_{0}, $E_{0}$
#####################################################################

Number of Samples: 960
Number of Posteriors: 3
RMSD Weights: [1,1]
Training window size: 50
Validation window size: 10

#####################################################################

Posterior No. 3
Execution Time: 1.830 s
Tolerance: eps = 0.028282

Priors' Ranges:

	 $\beta_{I}$: 0.000985 <-> 0.999466
	 $\beta_{E}$: 0.000320 <-> 0.105982
	 $N$: 343432.698384 <-> 25266954.310448
	 $\mu$: 0.003372 <-> 0.012367
	 $\gamma$: 0.288743 <-> 0.997234
	 $t_{c}$: 5.148533 <-> 29.983760
	 RF_{0}: 0.942180 <-> 0.999947
	 $E_{0}$: 0.007487 <-> 0.198986

Estimated parameters (av +/- std):

	 $\beta_{I}$: 0.159345 +/- 0.264290
	 $\beta_{E}$: 0.040143 +/- 0.016314
	 $N$: 18980615.352835 +/- 6694386.525905
	 $\mu$: 0.005481 +/- 0.001704
	 $\gamma$: 0.498108 +/- 0.147224
	 $t_{c}$: 23.812711 +/- 5.076463
	 RF_{0}: 0.974590 +/- 0.010694
	 $E_{0}$: 0.127862 +/- 0.031930

Posterior distribution on file posterior_'param'.png

RMSD: 0.014078
Weighted RMSD: 0.014078
RMSD for validation data: 0.187607
RMSD for total data: 0.399198
AIC: 16.028156
AIC for validation data: 16.375214
AIC for total data: 16.798396

#####################################################################

Total time on ABC: 4.252 s
Number of trials: 94172

Fit on file model_fit.png