2021-11-14_05-05-40

Data Source: Número de casos confirmados de COVID-19 no Brasil (on GitHub)
https://raw.githubusercontent.com/wcota/covid19br/master/cases-brazil-cities-time.csv

Rejection ABC fitting of epidemic curves

Model: SEIRD
Parameters: $\beta_{I}$, $\beta_{E}$, $N$, $\mu$, $\gamma$, $t_{c}$, RF_{0}, $E_{0}$
#####################################################################

Number of Samples: 960
Number of Posteriors: 3
RMSD Weights: [1,1]
Training window size: 30
Validation window size: 10

#####################################################################

Posterior No. 2
Execution Time: 1.563 s
Tolerance: eps = 0.314152

Priors' Ranges:

	 $\beta_{I}$: 0.000801 <-> 0.992824
	 $\beta_{E}$: 0.000198 <-> 0.949722
	 $N$: 135252.041184 <-> 25291758.854951
	 $\mu$: 0.000248 <-> 0.983895
	 $\gamma$: 0.003458 <-> 0.999319
	 $t_{c}$: 0.043625 <-> 29.995200
	 RF_{0}: 0.007916 <-> 0.998534
	 $E_{0}$: 0.001640 <-> 1.996641

Estimated parameters (av +/- std):

	 $\beta_{I}$: 0.370146 +/- 0.261335
	 $\beta_{E}$: 0.198452 +/- 0.070700
	 $N$: 17397877.661994 +/- 6624621.909068
	 $\mu$: 0.014107 +/- 0.244243
	 $\gamma$: 0.557518 +/- 0.230543
	 $t_{c}$: 27.164332 +/- 7.939600
	 RF_{0}: 0.897325 +/- 0.253774
	 $E_{0}$: 1.388815 +/- 0.497298

Posterior distribution on file posterior_'param'.png

RMSD: 0.083247
Weighted RMSD: 0.083247
RMSD for validation data: 0.909564
RMSD for total data: 31.839653
AIC: 16.166495
AIC for validation data: 17.819129
AIC for total data: 79.679306

#####################################################################

Total time on ABC: 1.728 s
Number of trials: 8515

Fit on file model_fit.png