2022-03-08_15-59-04

Data Source: Número de casos confirmados de COVID-19 no Brasil (on GitHub)
https://raw.githubusercontent.com/wcota/covid19br/master/cases-brazil-cities-time.csv

Rejection ABC fitting of epidemic curves

Model: SEIRD
Parameters: $\beta_{I}$, $\beta_{E}$, $N$, $\mu$, $\gamma$, $t_{c}$, RF_{0}, $E_{0}$
#####################################################################

Number of Samples: 960
Number of Posteriors: 3
RMSD Weights: [1,1]
Training window size: 30
Validation window size: 10

#####################################################################

Posterior No. 2
Execution Time: 0.369 s
Tolerance: eps = 0.045711

Priors' Ranges:

	 $\beta_{I}$: 0.000096 <-> 0.998316
	 $\beta_{E}$: 0.003692 <-> 0.179772
	 $N$: 2462676.109294 <-> 106259475.229831
	 $\mu$: 0.006454 <-> 0.093646
	 $\gamma$: 0.035984 <-> 0.999603
	 $t_{c}$: 3.951424 <-> 29.764602
	 RF_{0}: 0.010167 <-> 0.999726
	 $E_{0}$: 0.036012 <-> 1.998936

Estimated parameters (av +/- std):

	 $\beta_{I}$: 0.341793 +/- 0.256481
	 $\beta_{E}$: 0.105364 +/- 0.027229
	 $N$: 55879480.008311 +/- 27397443.579454
	 $\mu$: 0.083191 +/- 0.015714
	 $\gamma$: 0.999603 +/- 0.201146
	 $t_{c}$: 16.240142 +/- 5.304580
	 RF_{0}: 0.945567 +/- 0.238263
	 $E_{0}$: 1.463499 +/- 0.430491

Posterior distribution on file posterior_'param'.png

RMSD: 0.012725
Weighted RMSD: 0.012725
RMSD for validation data: 0.175092
RMSD for total data: 2.749050
AIC: 16.025450
AIC for validation data: 16.350183
AIC for total data: 21.498100

#####################################################################

Total time on ABC: 0.613 s
Number of trials: 29603

Fit on file model_fit.png