2021-11-14_21-31-10

Data Source: Número de casos confirmados de COVID-19 no Brasil (on GitHub)
https://raw.githubusercontent.com/wcota/covid19br/master/cases-brazil-cities-time.csv

Rejection ABC fitting of epidemic curves

Model: SEIRD
Parameters: $\beta_{I}$, $\beta_{E}$, $N$, $\mu$, $\gamma$, $t_{c}$, RF_{0}, $E_{0}$
#####################################################################

Number of Samples: 960
Number of Posteriors: 3
RMSD Weights: [1,1]
Training window size: 30
Validation window size: 10

#####################################################################

Posterior No. 3
Execution Time: 0.062 s
Tolerance: eps = 0.144817

Priors' Ranges:

	 $\beta_{I}$: 0.000296 <-> 0.997590
	 $\beta_{E}$: 0.025016 <-> 0.996635
	 $N$: 2834520.860874 <-> 3427387.101332
	 $\mu$: 0.002943 <-> 0.025395
	 $\gamma$: 0.179048 <-> 0.999899
	 $t_{c}$: 6.350493 <-> 29.659567
	 RF_{0}: 0.727512 <-> 0.999951
	 $E_{0}$: 0.087293 <-> 0.875493

Estimated parameters (av +/- std):

	 $\beta_{I}$: 0.612990 +/- 0.259675
	 $\beta_{E}$: 0.982436 +/- 0.202990
	 $N$: 3229526.618032 +/- 100243.629430
	 $\mu$: 0.013503 +/- 0.003326
	 $\gamma$: 0.908871 +/- 0.165316
	 $t_{c}$: 14.285930 +/- 3.568852
	 RF_{0}: 0.930091 +/- 0.063031
	 $E_{0}$: 0.160663 +/- 0.159532

Posterior distribution on file posterior_'param'.png

RMSD: 0.091145
Weighted RMSD: 0.091145
RMSD for validation data: 1.061879
RMSD for total data: 0.422801
AIC: 16.182290
AIC for validation data: 18.123758
AIC for total data: 16.845602

#####################################################################

Total time on ABC: 0.333 s
Number of trials: 3891

Fit on file model_fit.png