2021-11-14_21-31-10

Data Source: Número de casos confirmados de COVID-19 no Brasil (on GitHub)
https://raw.githubusercontent.com/wcota/covid19br/master/cases-brazil-cities-time.csv

Rejection ABC fitting of epidemic curves

Model: SEIRD
Parameters: $\beta_{I}$, $\beta_{E}$, $N$, $\mu$, $\gamma$, $t_{c}$, RF_{0}, $E_{0}$
#####################################################################

Number of Samples: 960
Number of Posteriors: 3
RMSD Weights: [1,1]
Training window size: 25
Validation window size: 10

#####################################################################

Posterior No. 2
Execution Time: 0.032 s
Tolerance: eps = 0.259173

Priors' Ranges:

	 $\beta_{I}$: 0.003460 <-> 0.988718
	 $\beta_{E}$: 0.041167 <-> 0.284882
	 $N$: 335044.117208 <-> 66057081.512397
	 $\mu$: 0.000013 <-> 0.039956
	 $\gamma$: 0.002149 <-> 0.986474
	 $t_{c}$: 2.049976 <-> 29.983701
	 RF_{0}: 0.010936 <-> 0.999486
	 $E_{0}$: 0.023564 <-> 1.999640

Estimated parameters (av +/- std):

	 $\beta_{I}$: 0.857521 +/- 0.224479
	 $\beta_{E}$: 0.064956 +/- 0.047919
	 $N$: 19921141.026899 +/- 16708869.043321
	 $\mu$: 0.016231 +/- 0.008138
	 $\gamma$: 0.203878 +/- 0.208593
	 $t_{c}$: 8.555692 +/- 6.824390
	 RF_{0}: 0.728192 +/- 0.176813
	 $E_{0}$: 0.998142 +/- 0.419166

Posterior distribution on file posterior_'param'.png

RMSD: 0.062981
Weighted RMSD: 0.062981
RMSD for validation data: 0.309487
RMSD for total data: 1.074766
AIC: 16.125962
AIC for validation data: 16.618975
AIC for total data: 18.149532

#####################################################################

Total time on ABC: 0.111 s
Number of trials: 5051

Fit on file model_fit.png