2021-11-14_23-05-32

Data Source: Número de casos confirmados de COVID-19 no Brasil (on GitHub)
https://raw.githubusercontent.com/wcota/covid19br/master/cases-brazil-cities-time.csv

Rejection ABC fitting of epidemic curves

Model: SEIRD
Parameters: $\beta_{I}$, $\beta_{E}$, $N$, $\mu$, $\gamma$, $t_{c}$, RF_{0}, $E_{0}$
#####################################################################

Number of Samples: 960
Number of Posteriors: 3
RMSD Weights: [1,1]
Training window size: 20
Validation window size: 10

#####################################################################

Posterior No. 3
Execution Time: 0.090 s
Tolerance: eps = 10.609427

Priors' Ranges:

	 $\beta_{I}$: 0.005954 <-> 0.999219
	 $\beta_{E}$: 0.001262 <-> 0.999912
	 $N$: 341844.279615 <-> 65945900.055606
	 $\mu$: 0.000052 <-> 0.837103
	 $\gamma$: 0.015221 <-> 0.999958
	 $t_{c}$: 0.164052 <-> 29.988036
	 RF_{0}: 0.011282 <-> 0.999311
	 $E_{0}$: 0.000236 <-> 1.985282

Estimated parameters (av +/- std):

	 $\beta_{I}$: 0.698616 +/- 0.266774
	 $\beta_{E}$: 0.058910 +/- 0.281575
	 $N$: 40977599.756750 +/- 14671194.699888
	 $\mu$: 0.013394 +/- 0.134326
	 $\gamma$: 0.863999 +/- 0.218458
	 $t_{c}$: 26.022357 +/- 7.571421
	 RF_{0}: 0.988992 +/- 0.241600
	 $E_{0}$: 0.137714 +/- 0.544903

Posterior distribution on file posterior_'param'.png

RMSD: 0.031794
Weighted RMSD: 0.031794
RMSD for validation data: 0.323246
RMSD for total data: 0.312021
AIC: 16.063587
AIC for validation data: 16.646492
AIC for total data: 16.624043

#####################################################################

Total time on ABC: 0.279 s
Number of trials: 16093

Fit on file model_fit.png