2021-11-29_21-52-43

Data Source: Número de casos confirmados de COVID-19 no Brasil (on GitHub)
https://raw.githubusercontent.com/wcota/covid19br/master/cases-brazil-cities-time.csv

Rejection ABC fitting of epidemic curves

Model: SEIRD
Parameters: $\beta_{I}$, $\beta_{E}$, $N$, $\mu$, $\gamma$, $t_{c}$, RF_{0}, $E_{0}$
#####################################################################

Number of Samples: 9984
Number of Posteriors: 3
RMSD Weights: [1,1]
Training window size: 30
Validation window size: 10

#####################################################################

Posterior No. 2
Execution Time: 1.909 s
Tolerance: eps = 12.218311

Priors' Ranges:

	 $\beta_{I}$: 0.000068 <-> 0.999697
	 $\beta_{E}$: 0.000010 <-> 0.999958
	 $N$: 212671.042558 <-> 42501033.778819
	 $\mu$: 0.000008 <-> 0.998655
	 $\gamma$: 0.000297 <-> 0.999957
	 $t_{c}$: 0.059409 <-> 29.997364
	 RF_{0}: 0.000331 <-> 0.999997
	 $E_{0}$: 0.000017 <-> 1.999907

Estimated parameters (av +/- std):

	 $\beta_{I}$: 0.774245 +/- 0.267874
	 $\beta_{E}$: 0.103347 +/- 0.275878
	 $N$: 4116924.334694 +/- 7292188.944502
	 $\mu$: 0.020499 +/- 0.206184
	 $\gamma$: 0.894579 +/- 0.229347
	 $t_{c}$: 26.470198 +/- 7.799557
	 RF_{0}: 0.949711 +/- 0.244169
	 $E_{0}$: 0.350155 +/- 0.554653

Posterior distribution on file posterior_'param'.png

RMSD: 0.145029
Weighted RMSD: 0.145029
RMSD for validation data: 1.001245
RMSD for total data: 0.281231
AIC: 16.290058
AIC for validation data: 18.002490
AIC for total data: 16.562462

#####################################################################

Total time on ABC: 3.579 s
Number of trials: 135631

Fit on file model_fit.png