2021-11-14_20-27-56

Data Source: Número de casos confirmados de COVID-19 no Brasil (on GitHub)
https://raw.githubusercontent.com/wcota/covid19br/master/cases-brazil-cities-time.csv

Rejection ABC fitting of epidemic curves

Model: SEIRD
Parameters: $\beta_{I}$, $\beta_{E}$, $N$, $\mu$, $\gamma$, $t_{c}$, RF_{0}, $E_{0}$
#####################################################################

Number of Samples: 960
Number of Posteriors: 3
RMSD Weights: [1,1]
Training window size: 20
Validation window size: 10

#####################################################################

Posterior No. 2
Execution Time: 0.052 s
Tolerance: eps = 116.323775

Priors' Ranges:

	 $\beta_{I}$: 0.007485 <-> 0.999947
	 $\beta_{E}$: 0.000266 <-> 0.504803
	 $N$: 74740.166355 <-> 10208311.148071
	 $\mu$: 0.000541 <-> 0.993093
	 $\gamma$: 0.000595 <-> 0.999458
	 $t_{c}$: 0.062149 <-> 29.995318
	 RF_{0}: 0.009799 <-> 0.999572
	 $E_{0}$: 0.000619 <-> 1.986466

Estimated parameters (av +/- std):

	 $\beta_{I}$: 0.266770 +/- 0.255279
	 $\beta_{E}$: 0.003925 +/- 0.070568
	 $N$: 7249713.900723 +/- 2697553.254328
	 $\mu$: 0.006769 +/- 0.264946
	 $\gamma$: 0.586924 +/- 0.234740
	 $t_{c}$: 29.642141 +/- 7.745141
	 RF_{0}: 0.417403 +/- 0.250495
	 $E_{0}$: 0.054016 +/- 0.462906

Posterior distribution on file posterior_'param'.png

RMSD: 3.090062
Weighted RMSD: 3.090062
RMSD for validation data: 11.036228
RMSD for total data: 0.433979
AIC: 22.180124
AIC for validation data: 38.072457
AIC for total data: 16.867957

#####################################################################

Total time on ABC: 0.184 s
Number of trials: 8202

Fit on file model_fit.png