2021-11-14_19-26-42

Data Source: Número de casos confirmados de COVID-19 no Brasil (on GitHub)
https://raw.githubusercontent.com/wcota/covid19br/master/cases-brazil-cities-time.csv

Rejection ABC fitting of epidemic curves

Model: SEIRD
Parameters: $\beta_{I}$, $\beta_{E}$, $N$, $\mu$, $\gamma$, $t_{c}$, RF_{0}, $E_{0}$
#####################################################################

Number of Samples: 960
Number of Posteriors: 3
RMSD Weights: [1,1]
Training window size: 40
Validation window size: 10

#####################################################################

Posterior No. 2
Execution Time: 2.263 s
Tolerance: eps = 0.039873

Priors' Ranges:

	 $\beta_{I}$: 0.002216 <-> 0.997245
	 $\beta_{E}$: 0.001567 <-> 0.296394
	 $N$: 249741.957820 <-> 13510805.612221
	 $\mu$: 0.034123 <-> 0.215523
	 $\gamma$: 0.143716 <-> 0.999706
	 $t_{c}$: 2.253174 <-> 17.974850
	 RF_{0}: 0.036220 <-> 0.999810
	 $E_{0}$: 0.077985 <-> 1.998649

Estimated parameters (av +/- std):

	 $\beta_{I}$: 0.137465 +/- 0.256699
	 $\beta_{E}$: 0.117015 +/- 0.051030
	 $N$: 670688.422195 +/- 3771715.440986
	 $\mu$: 0.184654 +/- 0.035633
	 $\gamma$: 0.910477 +/- 0.185115
	 $t_{c}$: 10.752376 +/- 2.294758
	 RF_{0}: 0.906765 +/- 0.211909
	 $E_{0}$: 1.926907 +/- 0.407928

Posterior distribution on file posterior_'param'.png

RMSD: 0.019630
Weighted RMSD: 0.019630
RMSD for validation data: 0.622162
RMSD for total data: 0.380380
AIC: 16.039260
AIC for validation data: 17.244325
AIC for total data: 16.760759

#####################################################################

Total time on ABC: 4.079 s
Number of trials: 161030

Fit on file model_fit.png