2022-03-08_16-22-08

Data Source: Número de casos confirmados de COVID-19 no Brasil (on GitHub)
https://raw.githubusercontent.com/wcota/covid19br/master/cases-brazil-cities-time.csv

Rejection ABC fitting of epidemic curves

Model: SEIRD
Parameters: $\beta_{I}$, $\beta_{E}$, $N$, $\mu$, $\gamma$, $t_{c}$, RF_{0}, $E_{0}$
#####################################################################

Number of Samples: 48
Number of Posteriors: 3
RMSD Weights: [1,1]
Training window size: 40
Validation window size: 10

#####################################################################

Posterior No. 1
Execution Time: 2.333 s
Tolerance: eps = 0.02

Priors' Ranges:

	 $\beta_{I}$: 0.000000 <-> 1.000000
	 $\beta_{E}$: 0.000000 <-> 1.000000
	 $N$: 2125594.090000 <-> 106279704.500000
	 $\mu$: 0.000000 <-> 1.000000
	 $\gamma$: 0.000000 <-> 1.000000
	 $t_{c}$: 0.000000 <-> 30.000000
	 RF_{0}: 0.000000 <-> 1.000000
	 $E_{0}$: 0.000000 <-> 2.000000

Estimated parameters (av +/- std):

	 $\beta_{I}$: 0.304433 +/- 0.257733
	 $\beta_{E}$: 0.043703 +/- 0.025661
	 $N$: 85747377.985399 +/- 28531843.952054
	 $\mu$: 0.016581 +/- 0.012747
	 $\gamma$: 0.220119 +/- 0.190290
	 $t_{c}$: 15.016997 +/- 4.695227
	 RF_{0}: 0.269019 +/- 0.220527
	 $E_{0}$: 1.073121 +/- 0.417359

Posterior distribution on file posterior_'param'.png

RMSD: 0.014527
Weighted RMSD: 0.014527
RMSD for validation data: 0.462211
RMSD for total data: 2.057371
AIC: 16.029055
AIC for validation data: 16.924421
AIC for total data: 20.114741

#####################################################################

Total time on ABC: 2.333 s
Number of trials: 143368

Fit on file model_fit.png