2021-11-14_06-17-32

Data Source: Número de casos confirmados de COVID-19 no Brasil (on GitHub)
https://raw.githubusercontent.com/wcota/covid19br/master/cases-brazil-cities-time.csv

Rejection ABC fitting of epidemic curves

Model: SEIRD
Parameters: $\beta_{I}$, $\beta_{E}$, $N$, $\mu$, $\gamma$, $t_{c}$, RF_{0}, $E_{0}$
#####################################################################

Number of Samples: 48
Number of Posteriors: 3
RMSD Weights: [1,1]
Training window size: 20
Validation window size: 10

#####################################################################

Posterior No. 1
Execution Time: 0.127 s
Tolerance: eps = 150.807809

Priors' Ranges:

	 $\beta_{I}$: 0.000000 <-> 1.000000
	 $\beta_{E}$: 0.000000 <-> 1.000000
	 $N$: 83783.945000 <-> 16756789.000000
	 $\mu$: 0.000000 <-> 1.000000
	 $\gamma$: 0.000000 <-> 1.000000
	 $t_{c}$: 0.000000 <-> 30.000000
	 RF_{0}: 0.000000 <-> 1.000000
	 $E_{0}$: 0.000000 <-> 2.000000

Estimated parameters (av +/- std):

	 $\beta_{I}$: 0.434294 +/- 0.285605
	 $\beta_{E}$: 0.489813 +/- 0.257082
	 $N$: 109016.700476 +/- 5164920.240423
	 $\mu$: 0.544479 +/- 0.278186
	 $\gamma$: 0.791791 +/- 0.252105
	 $t_{c}$: 10.327757 +/- 8.566344
	 RF_{0}: 0.987665 +/- 0.280038
	 $E_{0}$: 0.119250 +/- 0.566263

Posterior distribution on file posterior_'param'.png

RMSD: 3.928363
Weighted RMSD: 3.928363
RMSD for validation data: 13.947922
RMSD for total data: 0.381660
AIC: 23.856726
AIC for validation data: 43.895844
AIC for total data: 16.763319

#####################################################################

Total time on ABC: 0.127 s
Number of trials: 9984

Fit on file model_fit.png