2021-11-14_20-30-25

Data Source: Número de casos confirmados de COVID-19 no Brasil (on GitHub)
https://raw.githubusercontent.com/wcota/covid19br/master/cases-brazil-cities-time.csv

Rejection ABC fitting of epidemic curves

Model: SEIRD
Parameters: $\beta_{I}$, $\beta_{E}$, $N$, $\mu$, $\gamma$, $t_{c}$, RF_{0}, $E_{0}$
#####################################################################

Number of Samples: 960
Number of Posteriors: 3
RMSD Weights: [1,1]
Training window size: 30
Validation window size: 10

#####################################################################

Posterior No. 3
Execution Time: 0.122 s
Tolerance: eps = 21.406632

Priors' Ranges:

	 $\beta_{I}$: 0.000291 <-> 0.996923
	 $\beta_{E}$: 0.000464 <-> 0.964008
	 $N$: 54730.095015 <-> 10216125.776312
	 $\mu$: 0.000014 <-> 0.997920
	 $\gamma$: 0.068069 <-> 0.998572
	 $t_{c}$: 0.040660 <-> 29.953332
	 RF_{0}: 0.000942 <-> 0.999748
	 $E_{0}$: 0.000393 <-> 1.993149

Estimated parameters (av +/- std):

	 $\beta_{I}$: 0.262496 +/- 0.262592
	 $\beta_{E}$: 0.022581 +/- 0.132974
	 $N$: 100054.919239 +/- 3044160.484731
	 $\mu$: 0.006038 +/- 0.240265
	 $\gamma$: 0.888979 +/- 0.206839
	 $t_{c}$: 13.854054 +/- 8.278156
	 RF_{0}: 0.399273 +/- 0.264273
	 $E_{0}$: 0.152336 +/- 0.437251

Posterior distribution on file posterior_'param'.png

RMSD: 0.137682
Weighted RMSD: 0.137682
RMSD for validation data: 1.410022
RMSD for total data: 0.433979
AIC: 16.275364
AIC for validation data: 18.820044
AIC for total data: 16.867957

#####################################################################

Total time on ABC: 0.408 s
Number of trials: 18346

Fit on file model_fit.png