2021-11-14_21-31-10

Data Source: Número de casos confirmados de COVID-19 no Brasil (on GitHub)
https://raw.githubusercontent.com/wcota/covid19br/master/cases-brazil-cities-time.csv

Rejection ABC fitting of epidemic curves

Model: SEIRD
Parameters: $\beta_{I}$, $\beta_{E}$, $N$, $\mu$, $\gamma$, $t_{c}$, RF_{0}, $E_{0}$
#####################################################################

Number of Samples: 960
Number of Posteriors: 3
RMSD Weights: [1,1]
Training window size: 45
Validation window size: 10

#####################################################################

Posterior No. 2
Execution Time: 0.115 s
Tolerance: eps = 0.054621

Priors' Ranges:

	 $\beta_{I}$: 0.002172 <-> 0.998065
	 $\beta_{E}$: 0.086926 <-> 0.237752
	 $N$: 1810073.342409 <-> 1989026.178767
	 $\mu$: 0.032979 <-> 0.076248
	 $\gamma$: 0.421236 <-> 0.996170
	 $t_{c}$: 23.628121 <-> 29.995114
	 RF_{0}: 0.745665 <-> 0.999828
	 $E_{0}$: 1.482652 <-> 1.999072

Estimated parameters (av +/- std):

	 $\beta_{I}$: 0.580127 +/- 0.214283
	 $\beta_{E}$: 0.149620 +/- 0.030197
	 $N$: 1945742.528964 +/- 33979.079202
	 $\mu$: 0.052410 +/- 0.009456
	 $\gamma$: 0.677164 +/- 0.116305
	 $t_{c}$: 28.447552 +/- 1.267180
	 RF_{0}: 0.993990 +/- 0.064784
	 $E_{0}$: 1.632039 +/- 0.106554

Posterior distribution on file posterior_'param'.png

RMSD: 0.030876
Weighted RMSD: 0.030876
RMSD for validation data: 0.764928
RMSD for total data: 0.380620
AIC: 16.061753
AIC for validation data: 17.529856
AIC for total data: 16.761240

#####################################################################

Total time on ABC: 0.244 s
Number of trials: 4766

Fit on file model_fit.png