2021-12-01_05-20-35

Data Source: Número de casos confirmados de COVID-19 no Brasil (on GitHub)
https://raw.githubusercontent.com/wcota/covid19br/master/cases-brazil-cities-time.csv

Rejection ABC fitting of epidemic curves

Model: SEIRD
Parameters: $\beta_{I}$, $\beta_{E}$, $N$, $\mu$, $\gamma$, $t_{c}$, RF_{0}, $E_{0}$
#####################################################################

Number of Samples: 99984
Number of Posteriors: 3
RMSD Weights: [1,1]
Training window size: 25
Validation window size: 10

#####################################################################

Posterior No. 2
Execution Time: 84.924 s
Tolerance: eps = 20.325531

Priors' Ranges:

	 $\beta_{I}$: 0.000006 <-> 0.999960
	 $\beta_{E}$: 0.000037 <-> 0.999971
	 $N$: 212840.687730 <-> 42500336.868834
	 $\mu$: 0.000000 <-> 0.999983
	 $\gamma$: 0.000057 <-> 0.999987
	 $t_{c}$: 0.035963 <-> 29.999767
	 RF_{0}: 0.000071 <-> 0.999999
	 $E_{0}$: 0.000007 <-> 1.999996

Estimated parameters (av +/- std):

	 $\beta_{I}$: 0.803713 +/- 0.268396
	 $\beta_{E}$: 0.004250 +/- 0.272608
	 $N$: 25942067.655990 +/- 8267457.546950
	 $\mu$: 0.015615 +/- 0.193658
	 $\gamma$: 0.936054 +/- 0.226693
	 $t_{c}$: 18.792540 +/- 7.743244
	 RF_{0}: 0.999924 +/- 0.242297
	 $E_{0}$: 0.106391 +/- 0.547595

Posterior distribution on file posterior_'param'.png

RMSD: 0.084260
Weighted RMSD: 0.084260
RMSD for validation data: 0.366117
RMSD for total data: 0.449499
AIC: 16.168519
AIC for validation data: 16.732234
AIC for total data: 16.898998

#####################################################################

Total time on ABC: 95.756 s
Number of trials: 1375379

Fit on file model_fit.png