2021-11-14_06-17-32

Data Source: Número de casos confirmados de COVID-19 no Brasil (on GitHub)
https://raw.githubusercontent.com/wcota/covid19br/master/cases-brazil-cities-time.csv

Rejection ABC fitting of epidemic curves

Model: SEIRD
Parameters: $\beta_{I}$, $\beta_{E}$, $N$, $\mu$, $\gamma$, $t_{c}$, RF_{0}, $E_{0}$
#####################################################################

Number of Samples: 48
Number of Posteriors: 3
RMSD Weights: [1,1]
Training window size: 10
Validation window size: 10

#####################################################################

Posterior No. 1
Execution Time: 0.063 s
Tolerance: eps = 130.093336

Priors' Ranges:

	 $\beta_{I}$: 0.000000 <-> 1.000000
	 $\beta_{E}$: 0.000000 <-> 1.000000
	 $N$: 83783.945000 <-> 16756789.000000
	 $\mu$: 0.000000 <-> 1.000000
	 $\gamma$: 0.000000 <-> 1.000000
	 $t_{c}$: 0.000000 <-> 30.000000
	 RF_{0}: 0.000000 <-> 1.000000
	 $E_{0}$: 0.000000 <-> 2.000000

Estimated parameters (av +/- std):

	 $\beta_{I}$: 0.950247 +/- 0.291013
	 $\beta_{E}$: 0.975393 +/- 0.251290
	 $N$: 103949.557110 +/- 5147997.234508
	 $\mu$: 0.001693 +/- 0.250980
	 $\gamma$: 0.364595 +/- 0.264511
	 $t_{c}$: 6.361784 +/- 7.858220
	 RF_{0}: 0.979004 +/- 0.262495
	 $E_{0}$: 0.362025 +/- 0.541009

Posterior distribution on file posterior_'param'.png

RMSD: 0.955641
Weighted RMSD: 0.955641
RMSD for validation data: 0.916072
RMSD for total data: 0.403354
AIC: 17.911282
AIC for validation data: 17.832145
AIC for total data: 16.806709

#####################################################################

Total time on ABC: 0.063 s
Number of trials: 9637

Fit on file model_fit.png