2021-11-14_21-31-10

Data Source: Número de casos confirmados de COVID-19 no Brasil (on GitHub)
https://raw.githubusercontent.com/wcota/covid19br/master/cases-brazil-cities-time.csv

Rejection ABC fitting of epidemic curves

Model: SEIRD
Parameters: $\beta_{I}$, $\beta_{E}$, $N$, $\mu$, $\gamma$, $t_{c}$, RF_{0}, $E_{0}$
#####################################################################

Number of Samples: 48
Number of Posteriors: 3
RMSD Weights: [1,1]
Training window size: 40
Validation window size: 10

#####################################################################

Posterior No. 1
Execution Time: 0.796 s
Tolerance: eps = 0.045498

Priors' Ranges:

	 $\beta_{I}$: 0.000000 <-> 1.000000
	 $\beta_{E}$: 0.000000 <-> 1.000000
	 $N$: 331002.647000 <-> 66200529.400000
	 $\mu$: 0.000000 <-> 1.000000
	 $\gamma$: 0.000000 <-> 1.000000
	 $t_{c}$: 0.000000 <-> 30.000000
	 RF_{0}: 0.000000 <-> 1.000000
	 $E_{0}$: 0.000000 <-> 2.000000

Estimated parameters (av +/- std):

	 $\beta_{I}$: 0.641799 +/- 0.166211
	 $\beta_{E}$: 0.495397 +/- 0.121016
	 $N$: 2532729.620524 +/- 46359.255892
	 $\mu$: 0.036445 +/- 0.004340
	 $\gamma$: 0.925668 +/- 0.102081
	 $t_{c}$: 22.775654 +/- 2.390828
	 RF_{0}: 0.944369 +/- 0.019193
	 $E_{0}$: 0.251739 +/- 0.076220

Posterior distribution on file posterior_'param'.png

RMSD: 0.030525
Weighted RMSD: 0.030525
RMSD for validation data: 0.536850
RMSD for total data: 0.399251
AIC: 16.061051
AIC for validation data: 17.073700
AIC for total data: 16.798501

#####################################################################

Total time on ABC: 0.796 s
Number of trials: 46430

Fit on file model_fit.png