2021-11-14_19-38-02

Data Source: Número de casos confirmados de COVID-19 no Brasil (on GitHub)
https://raw.githubusercontent.com/wcota/covid19br/master/cases-brazil-cities-time.csv

Rejection ABC fitting of epidemic curves

Model: SEIRD
Parameters: $\beta_{I}$, $\beta_{E}$, $N$, $\mu$, $\gamma$, $t_{c}$, RF_{0}, $E_{0}$
#####################################################################

Number of Samples: 960
Number of Posteriors: 3
RMSD Weights: [1,1]
Training window size: 35
Validation window size: 10

#####################################################################

Posterior No. 3
Execution Time: 1.537 s
Tolerance: eps = 0.040423

Priors' Ranges:

	 $\beta_{I}$: 0.000380 <-> 0.979716
	 $\beta_{E}$: 0.000155 <-> 0.060796
	 $N$: 51825.428918 <-> 10253698.850788
	 $\mu$: 0.002680 <-> 0.008360
	 $\gamma$: 0.339389 <-> 0.998861
	 $t_{c}$: 10.220056 <-> 29.998937
	 RF_{0}: 0.976670 <-> 0.994866
	 $E_{0}$: 0.039781 <-> 0.123919

Estimated parameters (av +/- std):

	 $\beta_{I}$: 0.168037 +/- 0.211294
	 $\beta_{E}$: 0.037891 +/- 0.011084
	 $N$: 3585328.250051 +/- 2826879.992787
	 $\mu$: 0.004030 +/- 0.001007
	 $\gamma$: 0.540560 +/- 0.126425
	 $t_{c}$: 20.174131 +/- 4.301671
	 RF_{0}: 0.981328 +/- 0.003309
	 $E_{0}$: 0.075749 +/- 0.017052

Posterior distribution on file posterior_'param'.png

RMSD: 0.035900
Weighted RMSD: 0.035900
RMSD for validation data: 0.215352
RMSD for total data: 0.433979
AIC: 16.071800
AIC for validation data: 16.430703
AIC for total data: 16.867957

#####################################################################

Total time on ABC: 5.738 s
Number of trials: 104101

Fit on file model_fit.png