2021-11-14_04-14-21

Data Source: Número de casos confirmados de COVID-19 no Brasil (on GitHub)
https://raw.githubusercontent.com/wcota/covid19br/master/cases-brazil-cities-time.csv

Rejection ABC fitting of epidemic curves

Model: SEIRD
Parameters: $\beta_{I}$, $\beta_{E}$, $N$, $\mu$, $\gamma$, $t_{c}$, RF_{0}, $E_{0}$
#####################################################################

Number of Samples: 960
Number of Posteriors: 3
RMSD Weights: [1,1]
Training window size: 50
Validation window size: 10

#####################################################################

Posterior No. 3
Execution Time: 9.432 s
Tolerance: eps = 0.014449

Priors' Ranges:

	 $\beta_{I}$: 0.000008 <-> 0.048592
	 $\beta_{E}$: 0.000004 <-> 0.055337
	 $N$: 255774.543570 <-> 25269124.502292
	 $\mu$: 0.000599 <-> 0.001427
	 $\gamma$: 0.035055 <-> 0.094056
	 $t_{c}$: 8.113355 <-> 29.944629
	 RF_{0}: 0.776662 <-> 0.999976
	 $E_{0}$: 0.341326 <-> 1.099727

Estimated parameters (av +/- std):

	 $\beta_{I}$: 0.014569 +/- 0.008874
	 $\beta_{E}$: 0.014647 +/- 0.010044
	 $N$: 17697576.424740 +/- 6620568.995115
	 $\mu$: 0.001180 +/- 0.000150
	 $\gamma$: 0.069345 +/- 0.011478
	 $t_{c}$: 19.399184 +/- 4.724162
	 RF_{0}: 0.998954 +/- 0.030646
	 $E_{0}$: 0.714858 +/- 0.156324

Posterior distribution on file posterior_'param'.png

RMSD: 0.008694
Weighted RMSD: 0.008694
RMSD for validation data: 0.276536
RMSD for total data: 0.399266
AIC: 16.017388
AIC for validation data: 16.553071
AIC for total data: 16.798532

#####################################################################

Total time on ABC: 22.801 s
Number of trials: 490826

Fit on file model_fit.png