2021-11-14_19-37-26

Data Source: Número de casos confirmados de COVID-19 no Brasil (on GitHub)
https://raw.githubusercontent.com/wcota/covid19br/master/cases-brazil-cities-time.csv

Rejection ABC fitting of epidemic curves

Model: SEIRD
Parameters: $\beta_{I}$, $\beta_{E}$, $N$, $\mu$, $\gamma$, $t_{c}$, RF_{0}, $E_{0}$
#####################################################################

Number of Samples: 960
Number of Posteriors: 3
RMSD Weights: [1,1]
Training window size: 40
Validation window size: 10

#####################################################################

Posterior No. 3
Execution Time: 0.322 s
Tolerance: eps = 0.069397

Priors' Ranges:

	 $\beta_{I}$: 0.003087 <-> 0.998183
	 $\beta_{E}$: 0.009998 <-> 0.214218
	 $N$: 979494.039153 <-> 13574290.418312
	 $\mu$: 0.000734 <-> 0.006836
	 $\gamma$: 0.094922 <-> 0.999740
	 $t_{c}$: 3.276712 <-> 29.998455
	 RF_{0}: 0.851996 <-> 0.999810
	 $E_{0}$: 0.001351 <-> 0.234050

Estimated parameters (av +/- std):

	 $\beta_{I}$: 0.851116 +/- 0.258926
	 $\beta_{E}$: 0.078630 +/- 0.037848
	 $N$: 3238310.984678 +/- 3312008.505197
	 $\mu$: 0.003325 +/- 0.001141
	 $\gamma$: 0.620558 +/- 0.214002
	 $t_{c}$: 24.789895 +/- 5.700921
	 RF_{0}: 0.976776 +/- 0.025931
	 $E_{0}$: 0.143703 +/- 0.051709

Posterior distribution on file posterior_'param'.png

RMSD: 0.016914
Weighted RMSD: 0.016914
RMSD for validation data: 0.216167
RMSD for total data: 0.342211
AIC: 16.033828
AIC for validation data: 16.432333
AIC for total data: 16.684423

#####################################################################

Total time on ABC: 0.580 s
Number of trials: 14778

Fit on file model_fit.png