2021-11-14_04-03-32

Data Source: Número de casos confirmados de COVID-19 no Brasil (on GitHub)
https://raw.githubusercontent.com/wcota/covid19br/master/cases-brazil-cities-time.csv

Rejection ABC fitting of epidemic curves

Model: SEIRD
Parameters: $\beta_{I}$, $\beta_{E}$, $N$, $\mu$, $\gamma$, $t_{c}$, RF_{0}, $E_{0}$
#####################################################################

Number of Samples: 960
Number of Posteriors: 3
RMSD Weights: [1,1]
Training window size: 30
Validation window size: 10

#####################################################################

Posterior No. 3
Execution Time: 2.385 s
Tolerance: eps = 0.032407

Priors' Ranges:

	 $\beta_{I}$: 0.000118 <-> 0.238063
	 $\beta_{E}$: 0.000022 <-> 0.069581
	 $N$: 447023.026877 <-> 25230189.826010
	 $\mu$: 0.000804 <-> 0.006001
	 $\gamma$: 0.016214 <-> 0.387582
	 $t_{c}$: 3.857766 <-> 29.916833
	 RF_{0}: 0.732495 <-> 0.999998
	 $E_{0}$: 0.184203 <-> 0.909881

Estimated parameters (av +/- std):

	 $\beta_{I}$: 0.010632 +/- 0.039826
	 $\beta_{E}$: 0.007725 +/- 0.012487
	 $N$: 6749160.477750 +/- 6738047.339770
	 $\mu$: 0.001381 +/- 0.001003
	 $\gamma$: 0.063189 +/- 0.068569
	 $t_{c}$: 23.857233 +/- 5.799379
	 RF_{0}: 0.912534 +/- 0.042598
	 $E_{0}$: 0.711877 +/- 0.150248

Posterior distribution on file posterior_'param'.png

RMSD: 0.016503
Weighted RMSD: 0.016503
RMSD for validation data: 0.526601
RMSD for total data: 0.399266
AIC: 16.033006
AIC for validation data: 17.053203
AIC for total data: 16.798532

#####################################################################

Total time on ABC: 7.684 s
Number of trials: 196786

Fit on file model_fit.png