2021-11-14_23-05-32

Data Source: Número de casos confirmados de COVID-19 no Brasil (on GitHub)
https://raw.githubusercontent.com/wcota/covid19br/master/cases-brazil-cities-time.csv

Rejection ABC fitting of epidemic curves

Model: SEIRD
Parameters: $\beta_{I}$, $\beta_{E}$, $N$, $\mu$, $\gamma$, $t_{c}$, RF_{0}, $E_{0}$
#####################################################################

Number of Samples: 48
Number of Posteriors: 3
RMSD Weights: [1,1]
Training window size: 15
Validation window size: 10

#####################################################################

Posterior No. 1
Execution Time: 0.093 s
Tolerance: eps = 38.050981

Priors' Ranges:

	 $\beta_{I}$: 0.000000 <-> 1.000000
	 $\beta_{E}$: 0.000000 <-> 1.000000
	 $N$: 331002.647000 <-> 66200529.400000
	 $\mu$: 0.000000 <-> 1.000000
	 $\gamma$: 0.000000 <-> 1.000000
	 $t_{c}$: 0.000000 <-> 30.000000
	 RF_{0}: 0.000000 <-> 1.000000
	 $E_{0}$: 0.000000 <-> 2.000000

Estimated parameters (av +/- std):

	 $\beta_{I}$: 0.763969 +/- 0.286579
	 $\beta_{E}$: 0.796810 +/- 0.281447
	 $N$: 6781387.406148 +/- 19074441.342488
	 $\mu$: 0.000967 +/- 0.230593
	 $\gamma$: 0.408210 +/- 0.262131
	 $t_{c}$: 17.966923 +/- 8.286116
	 RF_{0}: 0.515495 +/- 0.267887
	 $E_{0}$: 1.237739 +/- 0.593884

Posterior distribution on file posterior_'param'.png

RMSD: 0.264863
Weighted RMSD: 0.264863
RMSD for validation data: 0.993325
RMSD for total data: 0.415364
AIC: 16.529727
AIC for validation data: 17.986650
AIC for total data: 16.830727

#####################################################################

Total time on ABC: 0.093 s
Number of trials: 9889

Fit on file model_fit.png