2021-11-14_06-19-53

Data Source: Número de casos confirmados de COVID-19 no Brasil (on GitHub)
https://raw.githubusercontent.com/wcota/covid19br/master/cases-brazil-cities-time.csv

Rejection ABC fitting of epidemic curves

Model: SEIRD
Parameters: $\beta_{I}$, $\beta_{E}$, $N$, $\mu$, $\gamma$, $t_{c}$, RF_{0}, $E_{0}$
#####################################################################

Number of Samples: 960
Number of Posteriors: 3
RMSD Weights: [1,1]
Training window size: 45
Validation window size: 10

#####################################################################

Posterior No. 2
Execution Time: 0.120 s
Tolerance: eps = 9.101453

Priors' Ranges:

	 $\beta_{I}$: 0.004167 <-> 0.998066
	 $\beta_{E}$: 0.003675 <-> 0.999383
	 $N$: 92261.845317 <-> 16097163.608382
	 $\mu$: 0.000168 <-> 0.986215
	 $\gamma$: 0.000919 <-> 0.998479
	 $t_{c}$: 0.162222 <-> 29.949141
	 RF_{0}: 0.010411 <-> 0.998602
	 $E_{0}$: 0.007040 <-> 1.990798

Estimated parameters (av +/- std):

	 $\beta_{I}$: 0.792803 +/- 0.265622
	 $\beta_{E}$: 0.007417 +/- 0.275484
	 $N$: 5121675.968458 +/- 2504718.896541
	 $\mu$: 0.087662 +/- 0.198908
	 $\gamma$: 0.628336 +/- 0.226660
	 $t_{c}$: 21.292511 +/- 7.956578
	 RF_{0}: 0.998099 +/- 0.231938
	 $E_{0}$: 0.024259 +/- 0.539547

Posterior distribution on file posterior_'param'.png

RMSD: 0.249394
Weighted RMSD: 0.249394
RMSD for validation data: 2.493185
RMSD for total data: 0.415603
AIC: 16.498788
AIC for validation data: 20.986370
AIC for total data: 16.831205

#####################################################################

Total time on ABC: 0.371 s
Number of trials: 11779

Fit on file model_fit.png