2021-11-14_05-08-12

Data Source: Número de casos confirmados de COVID-19 no Brasil (on GitHub)
https://raw.githubusercontent.com/wcota/covid19br/master/cases-brazil-cities-time.csv

Rejection ABC fitting of epidemic curves

Model: SEIRD
Parameters: $\beta_{I}$, $\beta_{E}$, $N$, $\mu$, $\gamma$, $t_{c}$, RF_{0}, $E_{0}$
#####################################################################

Number of Samples: 48
Number of Posteriors: 3
RMSD Weights: [1,1]
Training window size: 30
Validation window size: 10

#####################################################################

Posterior No. 1
Execution Time: 0.158 s
Tolerance: eps = 35.794547

Priors' Ranges:

	 $\beta_{I}$: 0.000000 <-> 1.000000
	 $\beta_{E}$: 0.000000 <-> 1.000000
	 $N$: 126476.458000 <-> 25295291.600000
	 $\mu$: 0.000000 <-> 1.000000
	 $\gamma$: 0.000000 <-> 1.000000
	 $t_{c}$: 0.000000 <-> 30.000000
	 RF_{0}: 0.000000 <-> 1.000000
	 $E_{0}$: 0.000000 <-> 2.000000

Estimated parameters (av +/- std):

	 $\beta_{I}$: 0.775410 +/- 0.288236
	 $\beta_{E}$: 0.317757 +/- 0.288769
	 $N$: 460596.459897 +/- 7789950.788293
	 $\mu$: 0.006064 +/- 0.289139
	 $\gamma$: 0.821434 +/- 0.258213
	 $t_{c}$: 5.691682 +/- 9.044671
	 RF_{0}: 0.573537 +/- 0.284855
	 $E_{0}$: 0.461743 +/- 0.562314

Posterior distribution on file posterior_'param'.png

RMSD: 0.345693
Weighted RMSD: 0.345693
RMSD for validation data: 1.508154
RMSD for total data: 0.408966
AIC: 16.691387
AIC for validation data: 19.016309
AIC for total data: 16.817933

#####################################################################

Total time on ABC: 0.158 s
Number of trials: 9821

Fit on file model_fit.png