2021-11-14_06-01-51

Data Source: Número de casos confirmados de COVID-19 no Brasil (on GitHub)
https://raw.githubusercontent.com/wcota/covid19br/master/cases-brazil-cities-time.csv

Rejection ABC fitting of epidemic curves

Model: SEIRD
Parameters: $\beta_{I}$, $\beta_{E}$, $N$, $\mu$, $\gamma$, $t_{c}$, RF_{0}, $E_{0}$
#####################################################################

Number of Samples: 960
Number of Posteriors: 3
RMSD Weights: [1,1]
Training window size: 50
Validation window size: 10

#####################################################################

Posterior No. 2
Execution Time: 11.028 s
Tolerance: eps = 0.015869

Priors' Ranges:

	 $\beta_{I}$: 0.002801 <-> 0.990290
	 $\beta_{E}$: 0.000024 <-> 0.106648
	 $N$: 7230042.431815 <-> 275024343.307939
	 $\mu$: 0.003915 <-> 0.016137
	 $\gamma$: 0.229028 <-> 0.998145
	 $t_{c}$: 3.679478 <-> 29.986715
	 RF_{0}: 0.696067 <-> 0.999461
	 $E_{0}$: 0.151634 <-> 1.488087

Estimated parameters (av +/- std):

	 $\beta_{I}$: 0.674623 +/- 0.246314
	 $\beta_{E}$: 0.014953 +/- 0.021470
	 $N$: 31423855.012164 +/- 75798830.755633
	 $\mu$: 0.009143 +/- 0.002558
	 $\gamma$: 0.590064 +/- 0.162394
	 $t_{c}$: 10.450378 +/- 6.212268
	 RF_{0}: 0.850699 +/- 0.056769
	 $E_{0}$: 0.367959 +/- 0.284421

Posterior distribution on file posterior_'param'.png

RMSD: 0.007839
Weighted RMSD: 0.007839
RMSD for validation data: 0.111715
RMSD for total data: 0.507014
AIC: 16.015677
AIC for validation data: 16.223430
AIC for total data: 17.014029

#####################################################################

Total time on ABC: 15.559 s
Number of trials: 666004

Fit on file model_fit.png