2021-11-14_06-17-32

Data Source: Número de casos confirmados de COVID-19 no Brasil (on GitHub)
https://raw.githubusercontent.com/wcota/covid19br/master/cases-brazil-cities-time.csv

Rejection ABC fitting of epidemic curves

Model: SEIRD
Parameters: $\beta_{I}$, $\beta_{E}$, $N$, $\mu$, $\gamma$, $t_{c}$, RF_{0}, $E_{0}$
#####################################################################

Number of Samples: 960
Number of Posteriors: 3
RMSD Weights: [1,1]
Training window size: 15
Validation window size: 10

#####################################################################

Posterior No. 2
Execution Time: 0.123 s
Tolerance: eps = 131.771663

Priors' Ranges:

	 $\beta_{I}$: 0.000042 <-> 0.998331
	 $\beta_{E}$: 0.001005 <-> 0.996357
	 $N$: 83917.555601 <-> 16741427.475207
	 $\mu$: 0.000016 <-> 0.943072
	 $\gamma$: 0.001230 <-> 0.998915
	 $t_{c}$: 0.046187 <-> 29.992324
	 RF_{0}: 0.003478 <-> 0.999846
	 $E_{0}$: 0.000118 <-> 1.985404

Estimated parameters (av +/- std):

	 $\beta_{I}$: 0.233788 +/- 0.274508
	 $\beta_{E}$: 0.161213 +/- 0.215690
	 $N$: 107858.786277 +/- 4829271.371384
	 $\mu$: 0.000338 +/- 0.155395
	 $\gamma$: 0.718377 +/- 0.212595
	 $t_{c}$: 4.227499 +/- 7.674205
	 RF_{0}: 0.885843 +/- 0.239167
	 $E_{0}$: 0.514191 +/- 0.513574

Posterior distribution on file posterior_'param'.png

RMSD: 0.572563
Weighted RMSD: 0.572563
RMSD for validation data: 0.992904
RMSD for total data: 0.415602
AIC: 17.145126
AIC for validation data: 17.985809
AIC for total data: 16.831204

#####################################################################

Total time on ABC: 0.213 s
Number of trials: 14140

Fit on file model_fit.png