2021-11-14_19-22-12

Data Source: Número de casos confirmados de COVID-19 no Brasil (on GitHub)
https://raw.githubusercontent.com/wcota/covid19br/master/cases-brazil-cities-time.csv

Rejection ABC fitting of epidemic curves

Model: SEIRD
Parameters: $\beta_{I}$, $\beta_{E}$, $N$, $\mu$, $\gamma$, $t_{c}$, RF_{0}, $E_{0}$
#####################################################################

Number of Samples: 48
Number of Posteriors: 3
RMSD Weights: [1,1]
Training window size: 35
Validation window size: 10

#####################################################################

Posterior No. 1
Execution Time: 0.249 s
Tolerance: eps = 0.205882

Priors' Ranges:

	 $\beta_{I}$: 0.000000 <-> 1.000000
	 $\beta_{E}$: 0.000000 <-> 1.000000
	 $N$: 51269.183000 <-> 10253836.600000
	 $\mu$: 0.000000 <-> 1.000000
	 $\gamma$: 0.000000 <-> 1.000000
	 $t_{c}$: 0.000000 <-> 30.000000
	 RF_{0}: 0.000000 <-> 1.000000
	 $E_{0}$: 0.000000 <-> 2.000000

Estimated parameters (av +/- std):

	 $\beta_{I}$: 0.830288 +/- 0.255195
	 $\beta_{E}$: 0.226789 +/- 0.045099
	 $N$: 7278651.487334 +/- 2594556.254706
	 $\mu$: 0.008311 +/- 0.221774
	 $\gamma$: 0.732138 +/- 0.231086
	 $t_{c}$: 12.462806 +/- 6.460541
	 RF_{0}: 0.044864 +/- 0.256540
	 $E_{0}$: 1.006909 +/- 0.467774

Posterior distribution on file posterior_'param'.png

RMSD: 0.098851
Weighted RMSD: 0.098851
RMSD for validation data: 2.125831
RMSD for total data: 0.433979
AIC: 16.197701
AIC for validation data: 20.251662
AIC for total data: 16.867957

#####################################################################

Total time on ABC: 0.249 s
Number of trials: 24806

Fit on file model_fit.png