2021-11-14_05-14-13

Data Source: Número de casos confirmados de COVID-19 no Brasil (on GitHub)
https://raw.githubusercontent.com/wcota/covid19br/master/cases-brazil-cities-time.csv

Rejection ABC fitting of epidemic curves

Model: SEIRD
Parameters: $\beta_{I}$, $\beta_{E}$, $N$, $\mu$, $\gamma$, $t_{c}$, RF_{0}, $E_{0}$
#####################################################################

Number of Samples: 960
Number of Posteriors: 3
RMSD Weights: [1,1]
Training window size: 50
Validation window size: 10

#####################################################################

Posterior No. 2
Execution Time: 9.382 s
Tolerance: eps = 0.043683

Priors' Ranges:

	 $\beta_{I}$: 0.000058 <-> 0.995217
	 $\beta_{E}$: 0.000602 <-> 0.441249
	 $N$: 3151904.787848 <-> 12037632.121347
	 $\mu$: 0.002198 <-> 0.019559
	 $\gamma$: 0.108057 <-> 0.995953
	 $t_{c}$: 7.720769 <-> 29.960614
	 RF_{0}: 0.873783 <-> 0.946159
	 $E_{0}$: 0.000531 <-> 0.097005

Estimated parameters (av +/- std):

	 $\beta_{I}$: 0.230524 +/- 0.201405
	 $\beta_{E}$: 0.092977 +/- 0.063422
	 $N$: 5053888.301638 +/- 2593544.846196
	 $\mu$: 0.003884 +/- 0.003002
	 $\gamma$: 0.220657 +/- 0.157702
	 $t_{c}$: 20.325672 +/- 3.613504
	 RF_{0}: 0.893723 +/- 0.011899
	 $E_{0}$: 0.025567 +/- 0.016382

Posterior distribution on file posterior_'param'.png

RMSD: 0.030871
Weighted RMSD: 0.030871
RMSD for validation data: 0.258590
RMSD for total data: 0.492206
AIC: 16.061742
AIC for validation data: 16.517181
AIC for total data: 16.984412

#####################################################################

Total time on ABC: 15.653 s
Number of trials: 404730

Fit on file model_fit.png