2021-11-14_05-14-13

Data Source: Número de casos confirmados de COVID-19 no Brasil (on GitHub)
https://raw.githubusercontent.com/wcota/covid19br/master/cases-brazil-cities-time.csv

Rejection ABC fitting of epidemic curves

Model: SEIRD
Parameters: $\beta_{I}$, $\beta_{E}$, $N$, $\mu$, $\gamma$, $t_{c}$, RF_{0}, $E_{0}$
#####################################################################

Number of Samples: 960
Number of Posteriors: 3
RMSD Weights: [1,1]
Training window size: 40
Validation window size: 10

#####################################################################

Posterior No. 2
Execution Time: 0.091 s
Tolerance: eps = 0.288547

Priors' Ranges:

	 $\beta_{I}$: 0.000026 <-> 0.115136
	 $\beta_{E}$: 0.000005 <-> 0.558296
	 $N$: 105547.435222 <-> 16682616.026985
	 $\mu$: 0.001277 <-> 0.015014
	 $\gamma$: 0.027016 <-> 0.325870
	 $t_{c}$: 0.071411 <-> 13.949944
	 RF_{0}: 0.091398 <-> 0.991743
	 $E_{0}$: 0.000860 <-> 0.585019

Estimated parameters (av +/- std):

	 $\beta_{I}$: 0.029860 +/- 0.026852
	 $\beta_{E}$: 0.081732 +/- 0.086839
	 $N$: 5604946.222741 +/- 4740423.794780
	 $\mu$: 0.004407 +/- 0.002815
	 $\gamma$: 0.080749 +/- 0.066420
	 $t_{c}$: 3.081865 +/- 3.364649
	 RF_{0}: 0.467568 +/- 0.190941
	 $E_{0}$: 0.070648 +/- 0.091398

Posterior distribution on file posterior_'param'.png

RMSD: 0.035849
Weighted RMSD: 0.035849
RMSD for validation data: 1.124863
RMSD for total data: 0.415607
AIC: 16.071699
AIC for validation data: 18.249726
AIC for total data: 16.831215

#####################################################################

Total time on ABC: 0.276 s
Number of trials: 7172

Fit on file model_fit.png