2021-11-14_20-35-18

Data Source: Número de casos confirmados de COVID-19 no Brasil (on GitHub)
https://raw.githubusercontent.com/wcota/covid19br/master/cases-brazil-cities-time.csv

Rejection ABC fitting of epidemic curves

Model: SEIRD
Parameters: $\beta_{I}$, $\beta_{E}$, $N$, $\mu$, $\gamma$, $t_{c}$, RF_{0}, $E_{0}$
#####################################################################

Number of Samples: 48
Number of Posteriors: 3
RMSD Weights: [1,1]
Training window size: 15
Validation window size: 10

#####################################################################

Posterior No. 1
Execution Time: 0.105 s
Tolerance: eps = 14.920467

Priors' Ranges:

	 $\beta_{I}$: 0.000000 <-> 1.000000
	 $\beta_{E}$: 0.000000 <-> 1.000000
	 $N$: 67886.004000 <-> 13577200.800000
	 $\mu$: 0.000000 <-> 1.000000
	 $\gamma$: 0.000000 <-> 1.000000
	 $t_{c}$: 0.000000 <-> 30.000000
	 RF_{0}: 0.000000 <-> 1.000000
	 $E_{0}$: 0.000000 <-> 2.000000

Estimated parameters (av +/- std):

	 $\beta_{I}$: 0.323776 +/- 0.279617
	 $\beta_{E}$: 0.177774 +/- 0.271949
	 $N$: 4124705.377396 +/- 4218756.194542
	 $\mu$: 0.082331 +/- 0.277173
	 $\gamma$: 0.872290 +/- 0.268978
	 $t_{c}$: 27.309527 +/- 8.264094
	 RF_{0}: 0.926285 +/- 0.268620
	 $E_{0}$: 0.023217 +/- 0.560034

Posterior distribution on file posterior_'param'.png

RMSD: 0.214253
Weighted RMSD: 0.214253
RMSD for validation data: 1.702355
RMSD for total data: 1.110945
AIC: 16.428506
AIC for validation data: 19.404710
AIC for total data: 18.221890

#####################################################################

Total time on ABC: 0.105 s
Number of trials: 10073

Fit on file model_fit.png