2021-11-14_06-17-32

Data Source: Número de casos confirmados de COVID-19 no Brasil (on GitHub)
https://raw.githubusercontent.com/wcota/covid19br/master/cases-brazil-cities-time.csv

Rejection ABC fitting of epidemic curves

Model: SEIRD
Parameters: $\beta_{I}$, $\beta_{E}$, $N$, $\mu$, $\gamma$, $t_{c}$, RF_{0}, $E_{0}$
#####################################################################

Number of Samples: 960
Number of Posteriors: 3
RMSD Weights: [1,1]
Training window size: 25
Validation window size: 10

#####################################################################

Posterior No. 3
Execution Time: 0.099 s
Tolerance: eps = 4.503276

Priors' Ranges:

	 $\beta_{I}$: 0.000650 <-> 0.996855
	 $\beta_{E}$: 0.001034 <-> 0.998700
	 $N$: 85831.355537 <-> 16701708.245752
	 $\mu$: 0.000049 <-> 0.976630
	 $\gamma$: 0.015803 <-> 0.998594
	 $t_{c}$: 0.043923 <-> 29.961654
	 RF_{0}: 0.025167 <-> 0.999834
	 $E_{0}$: 0.000397 <-> 1.990173

Estimated parameters (av +/- std):

	 $\beta_{I}$: 0.620178 +/- 0.272701
	 $\beta_{E}$: 0.126015 +/- 0.281822
	 $N$: 3329547.384024 +/- 3695018.637854
	 $\mu$: 0.007691 +/- 0.142304
	 $\gamma$: 0.732851 +/- 0.211181
	 $t_{c}$: 25.863817 +/- 7.877962
	 RF_{0}: 0.888151 +/- 0.250305
	 $E_{0}$: 0.351056 +/- 0.546267

Posterior distribution on file posterior_'param'.png

RMSD: 0.085064
Weighted RMSD: 0.085064
RMSD for validation data: 0.572889
RMSD for total data: 0.386890
AIC: 16.170128
AIC for validation data: 17.145778
AIC for total data: 16.773780

#####################################################################

Total time on ABC: 0.338 s
Number of trials: 15495

Fit on file model_fit.png