2021-11-14_21-02-25

Data Source: Número de casos confirmados de COVID-19 no Brasil (on GitHub)
https://raw.githubusercontent.com/wcota/covid19br/master/cases-brazil-cities-time.csv

Rejection ABC fitting of epidemic curves

Model: SEIRD
Parameters: $\beta_{I}$, $\beta_{E}$, $N$, $\mu$, $\gamma$, $t_{c}$, RF_{0}, $E_{0}$
#####################################################################

Number of Samples: 960
Number of Posteriors: 3
RMSD Weights: [1,1]
Training window size: 50
Validation window size: 10

#####################################################################

Posterior No. 2
Execution Time: 50.713 s
Tolerance: eps = 0.016231

Priors' Ranges:

	 $\beta_{I}$: 0.001779 <-> 0.965109
	 $\beta_{E}$: 0.000040 <-> 0.134348
	 $N$: 7012328.231208 <-> 66123125.599293
	 $\mu$: 0.001930 <-> 0.016168
	 $\gamma$: 0.093704 <-> 0.882880
	 $t_{c}$: 7.498995 <-> 29.983954
	 RF_{0}: 0.906607 <-> 0.999919
	 $E_{0}$: 0.152036 <-> 0.671923

Estimated parameters (av +/- std):

	 $\beta_{I}$: 0.117031 +/- 0.169371
	 $\beta_{E}$: 0.004834 +/- 0.023305
	 $N$: 17862032.825575 +/- 16462130.143114
	 $\mu$: 0.002193 +/- 0.002759
	 $\gamma$: 0.115179 +/- 0.154711
	 $t_{c}$: 24.895797 +/- 5.017217
	 RF_{0}: 0.908548 +/- 0.014448
	 $E_{0}$: 0.531552 +/- 0.103120

Posterior distribution on file posterior_'param'.png

RMSD: 0.007810
Weighted RMSD: 0.007810
RMSD for validation data: 0.079321
RMSD for total data: 0.486714
AIC: 16.015619
AIC for validation data: 16.158643
AIC for total data: 16.973429

#####################################################################

Total time on ABC: 64.313 s
Number of trials: 2049252

Fit on file model_fit.png