2021-11-14_23-03-08

Data Source: Número de casos confirmados de COVID-19 no Brasil (on GitHub)
https://raw.githubusercontent.com/wcota/covid19br/master/cases-brazil-cities-time.csv

Rejection ABC fitting of epidemic curves

Model: SEIRD
Parameters: $\beta_{I}$, $\beta_{E}$, $N$, $\mu$, $\gamma$, $t_{c}$, RF_{0}, $E_{0}$
#####################################################################

Number of Samples: 960
Number of Posteriors: 3
RMSD Weights: [1,1]
Training window size: 20
Validation window size: 10

#####################################################################

Posterior No. 2
Execution Time: 0.088 s
Tolerance: eps = 12.362558

Priors' Ranges:

	 $\beta_{I}$: 0.000641 <-> 0.999962
	 $\beta_{E}$: 0.000152 <-> 0.996210
	 $N$: 344489.796496 <-> 65997978.757577
	 $\mu$: 0.000355 <-> 0.957860
	 $\gamma$: 0.007599 <-> 0.998783
	 $t_{c}$: 0.080445 <-> 29.966778
	 RF_{0}: 0.010921 <-> 0.999597
	 $E_{0}$: 0.002651 <-> 1.994991

Estimated parameters (av +/- std):

	 $\beta_{I}$: 0.351686 +/- 0.268668
	 $\beta_{E}$: 0.332142 +/- 0.263460
	 $N$: 4275017.676236 +/- 18160545.153012
	 $\mu$: 0.016104 +/- 0.186621
	 $\gamma$: 0.695504 +/- 0.237263
	 $t_{c}$: 22.784334 +/- 7.852035
	 RF_{0}: 0.923905 +/- 0.262391
	 $E_{0}$: 0.144227 +/- 0.516303

Posterior distribution on file posterior_'param'.png

RMSD: 0.117450
Weighted RMSD: 0.117450
RMSD for validation data: 0.846220
RMSD for total data: 0.381579
AIC: 16.234900
AIC for validation data: 17.692440
AIC for total data: 16.763157

#####################################################################

Total time on ABC: 0.201 s
Number of trials: 16123

Fit on file model_fit.png