2021-11-14_05-08-12

Data Source: Número de casos confirmados de COVID-19 no Brasil (on GitHub)
https://raw.githubusercontent.com/wcota/covid19br/master/cases-brazil-cities-time.csv

Rejection ABC fitting of epidemic curves

Model: SEIRD
Parameters: $\beta_{I}$, $\beta_{E}$, $N$, $\mu$, $\gamma$, $t_{c}$, RF_{0}, $E_{0}$
#####################################################################

Number of Samples: 960
Number of Posteriors: 3
RMSD Weights: [1,1]
Training window size: 20
Validation window size: 10

#####################################################################

Posterior No. 2
Execution Time: 0.082 s
Tolerance: eps = 8.378899

Priors' Ranges:

	 $\beta_{I}$: 0.000396 <-> 0.994822
	 $\beta_{E}$: 0.000004 <-> 0.546633
	 $N$: 182114.925614 <-> 25244848.766567
	 $\mu$: 0.000516 <-> 0.998031
	 $\gamma$: 0.020720 <-> 0.999668
	 $t_{c}$: 0.078721 <-> 29.993059
	 RF_{0}: 0.007687 <-> 0.999974
	 $E_{0}$: 0.000025 <-> 1.987244

Estimated parameters (av +/- std):

	 $\beta_{I}$: 0.135955 +/- 0.255839
	 $\beta_{E}$: 0.152514 +/- 0.068013
	 $N$: 7814680.320436 +/- 6668569.909401
	 $\mu$: 0.023310 +/- 0.259710
	 $\gamma$: 0.710014 +/- 0.231276
	 $t_{c}$: 23.915120 +/- 7.330884
	 RF_{0}: 0.616259 +/- 0.252471
	 $E_{0}$: 0.091060 +/- 0.423749

Posterior distribution on file posterior_'param'.png

RMSD: 0.263485
Weighted RMSD: 0.263485
RMSD for validation data: 19.646984
RMSD for total data: 14.668512
AIC: 16.526971
AIC for validation data: 55.293968
AIC for total data: 45.337024

#####################################################################

Total time on ABC: 0.221 s
Number of trials: 6932

Fit on file model_fit.png