2021-11-29_22-05-24

Data Source: Número de casos confirmados de COVID-19 no Brasil (on GitHub)
https://raw.githubusercontent.com/wcota/covid19br/master/cases-brazil-cities-time.csv

Rejection ABC fitting of epidemic curves

Model: SEIRD
Parameters: $\beta_{I}$, $\beta_{E}$, $N$, $\mu$, $\gamma$, $t_{c}$, RF_{0}, $E_{0}$
#####################################################################

Number of Samples: 9984
Number of Posteriors: 3
RMSD Weights: [1,1]
Training window size: 15
Validation window size: 10

#####################################################################

Posterior No. 3
Execution Time: 1.793 s
Tolerance: eps = 13.822653

Priors' Ranges:

	 $\beta_{I}$: 0.000067 <-> 0.999964
	 $\beta_{E}$: 0.000170 <-> 0.999692
	 $N$: 213368.276174 <-> 42465507.771419
	 $\mu$: 0.000002 <-> 0.991729
	 $\gamma$: 0.003408 <-> 0.999936
	 $t_{c}$: 0.071549 <-> 29.996039
	 RF_{0}: 0.001725 <-> 0.999970
	 $E_{0}$: 0.000215 <-> 1.999430

Estimated parameters (av +/- std):

	 $\beta_{I}$: 0.559884 +/- 0.266401
	 $\beta_{E}$: 0.172725 +/- 0.271509
	 $N$: 4949168.284458 +/- 9354641.073194
	 $\mu$: 0.003372 +/- 0.137947
	 $\gamma$: 0.746230 +/- 0.228903
	 $t_{c}$: 20.225396 +/- 7.443316
	 RF_{0}: 0.823694 +/- 0.235037
	 $E_{0}$: 0.153251 +/- 0.540861

Posterior distribution on file posterior_'param'.png

RMSD: 0.149371
Weighted RMSD: 0.149371
RMSD for validation data: 0.871348
RMSD for total data: 0.313484
AIC: 16.298741
AIC for validation data: 17.742696
AIC for total data: 16.626968

#####################################################################

Total time on ABC: 4.538 s
Number of trials: 153230

Fit on file model_fit.png