2021-11-29_22-05-24

Data Source: Número de casos confirmados de COVID-19 no Brasil (on GitHub)
https://raw.githubusercontent.com/wcota/covid19br/master/cases-brazil-cities-time.csv

Rejection ABC fitting of epidemic curves

Model: SEIRD
Parameters: $\beta_{I}$, $\beta_{E}$, $N$, $\mu$, $\gamma$, $t_{c}$, RF_{0}, $E_{0}$
#####################################################################

Number of Samples: 48
Number of Posteriors: 3
RMSD Weights: [1,1]
Training window size: 20
Validation window size: 10

#####################################################################

Posterior No. 1
Execution Time: 1.280 s
Tolerance: eps = 22.926675

Priors' Ranges:

	 $\beta_{I}$: 0.000000 <-> 1.000000
	 $\beta_{E}$: 0.000000 <-> 1.000000
	 $N$: 212559.409000 <-> 42511881.800000
	 $\mu$: 0.000000 <-> 1.000000
	 $\gamma$: 0.000000 <-> 1.000000
	 $t_{c}$: 0.000000 <-> 30.000000
	 RF_{0}: 0.000000 <-> 1.000000
	 $E_{0}$: 0.000000 <-> 2.000000

Estimated parameters (av +/- std):

	 $\beta_{I}$: 0.021353 +/- 0.289374
	 $\beta_{E}$: 0.693387 +/- 0.288814
	 $N$: 8488657.583922 +/- 11237440.310154
	 $\mu$: 0.010106 +/- 0.240222
	 $\gamma$: 0.369355 +/- 0.263098
	 $t_{c}$: 16.455529 +/- 8.461954
	 RF_{0}: 0.995224 +/- 0.272065
	 $E_{0}$: 0.109979 +/- 0.586843

Posterior distribution on file posterior_'param'.png

RMSD: 0.127114
Weighted RMSD: 0.127114
RMSD for validation data: 1.000270
RMSD for total data: 0.305670
AIC: 16.254227
AIC for validation data: 18.000541
AIC for total data: 16.611340

#####################################################################

Total time on ABC: 1.280 s
Number of trials: 100915

Fit on file model_fit.png