2021-11-14_04-03-32

Data Source: Número de casos confirmados de COVID-19 no Brasil (on GitHub)
https://raw.githubusercontent.com/wcota/covid19br/master/cases-brazil-cities-time.csv

Rejection ABC fitting of epidemic curves

Model: SEIRD
Parameters: $\beta_{I}$, $\beta_{E}$, $N$, $\mu$, $\gamma$, $t_{c}$, RF_{0}, $E_{0}$
#####################################################################

Number of Samples: 960
Number of Posteriors: 3
RMSD Weights: [1,1]
Training window size: 35
Validation window size: 10

#####################################################################

Posterior No. 2
Execution Time: 2.294 s
Tolerance: eps = 0.027501

Priors' Ranges:

	 $\beta_{I}$: 0.001259 <-> 0.993629
	 $\beta_{E}$: 0.000228 <-> 0.118777
	 $N$: 524061.217775 <-> 25270636.905303
	 $\mu$: 0.001611 <-> 0.007012
	 $\gamma$: 0.215859 <-> 0.998625
	 $t_{c}$: 4.894037 <-> 29.994180
	 RF_{0}: 0.891978 <-> 0.985021
	 $E_{0}$: 0.004173 <-> 0.249789

Estimated parameters (av +/- std):

	 $\beta_{I}$: 0.636599 +/- 0.264227
	 $\beta_{E}$: 0.043181 +/- 0.019225
	 $N$: 10074233.425089 +/- 6564458.056586
	 $\mu$: 0.003770 +/- 0.001075
	 $\gamma$: 0.590848 +/- 0.171537
	 $t_{c}$: 17.097409 +/- 5.131651
	 RF_{0}: 0.939892 +/- 0.018105
	 $E_{0}$: 0.082447 +/- 0.048563

Posterior distribution on file posterior_'param'.png

RMSD: 0.018000
Weighted RMSD: 0.018000
RMSD for validation data: 0.384977
RMSD for total data: 2.164785
AIC: 16.035999
AIC for validation data: 16.769954
AIC for total data: 20.329570

#####################################################################

Total time on ABC: 4.260 s
Number of trials: 155409

Fit on file model_fit.png