2021-11-14_21-31-10

Data Source: Número de casos confirmados de COVID-19 no Brasil (on GitHub)
https://raw.githubusercontent.com/wcota/covid19br/master/cases-brazil-cities-time.csv

Rejection ABC fitting of epidemic curves

Model: SEIRD
Parameters: $\beta_{I}$, $\beta_{E}$, $N$, $\mu$, $\gamma$, $t_{c}$, RF_{0}, $E_{0}$
#####################################################################

Number of Samples: 960
Number of Posteriors: 3
RMSD Weights: [1,1]
Training window size: 45
Validation window size: 10

#####################################################################

Posterior No. 3
Execution Time: 0.663 s
Tolerance: eps = 0.026058

Priors' Ranges:

	 $\beta_{I}$: 0.001096 <-> 0.999003
	 $\beta_{E}$: 0.000392 <-> 0.290234
	 $N$: 6664541.427543 <-> 9823113.178365
	 $\mu$: 0.001469 <-> 0.008946
	 $\gamma$: 0.068166 <-> 0.446126
	 $t_{c}$: 11.211276 <-> 29.999148
	 RF_{0}: 0.825515 <-> 0.999717
	 $E_{0}$: 0.184677 <-> 0.541214

Estimated parameters (av +/- std):

	 $\beta_{I}$: 0.406590 +/- 0.234966
	 $\beta_{E}$: 0.076599 +/- 0.065485
	 $N$: 7832399.960391 +/- 670470.825373
	 $\mu$: 0.004518 +/- 0.001580
	 $\gamma$: 0.222316 +/- 0.080574
	 $t_{c}$: 27.919125 +/- 3.315738
	 RF_{0}: 0.951877 +/- 0.030837
	 $E_{0}$: 0.414966 +/- 0.061822

Posterior distribution on file posterior_'param'.png

RMSD: 0.009958
Weighted RMSD: 0.009958
RMSD for validation data: 0.171082
RMSD for total data: 0.329884
AIC: 16.019917
AIC for validation data: 16.342164
AIC for total data: 16.659769

#####################################################################

Total time on ABC: 1.642 s
Number of trials: 33870

Fit on file model_fit.png