2021-11-14_05-05-40

Data Source: Número de casos confirmados de COVID-19 no Brasil (on GitHub)
https://raw.githubusercontent.com/wcota/covid19br/master/cases-brazil-cities-time.csv

Rejection ABC fitting of epidemic curves

Model: SEIRD
Parameters: $\beta_{I}$, $\beta_{E}$, $N$, $\mu$, $\gamma$, $t_{c}$, RF_{0}, $E_{0}$
#####################################################################

Number of Samples: 48
Number of Posteriors: 3
RMSD Weights: [1,1]
Training window size: 35
Validation window size: 10

#####################################################################

Posterior No. 1
Execution Time: 0.189 s
Tolerance: eps = 34.727863

Priors' Ranges:

	 $\beta_{I}$: 0.000000 <-> 1.000000
	 $\beta_{E}$: 0.000000 <-> 1.000000
	 $N$: 126476.458000 <-> 25295291.600000
	 $\mu$: 0.000000 <-> 1.000000
	 $\gamma$: 0.000000 <-> 1.000000
	 $t_{c}$: 0.000000 <-> 30.000000
	 RF_{0}: 0.000000 <-> 1.000000
	 $E_{0}$: 0.000000 <-> 2.000000

Estimated parameters (av +/- std):

	 $\beta_{I}$: 0.550994 +/- 0.288243
	 $\beta_{E}$: 0.013828 +/- 0.289359
	 $N$: 21561680.832011 +/- 7829643.184281
	 $\mu$: 0.017727 +/- 0.299647
	 $\gamma$: 0.695842 +/- 0.265673
	 $t_{c}$: 28.510381 +/- 9.252764
	 RF_{0}: 0.932255 +/- 0.285258
	 $E_{0}$: 0.407938 +/- 0.568735

Posterior distribution on file posterior_'param'.png

RMSD: 0.226193
Weighted RMSD: 0.226193
RMSD for validation data: 1.280642
RMSD for total data: 0.399211
AIC: 16.452385
AIC for validation data: 18.561284
AIC for total data: 16.798422

#####################################################################

Total time on ABC: 0.189 s
Number of trials: 8996

Fit on file model_fit.png