2021-11-29_22-05-24

Data Source: Número de casos confirmados de COVID-19 no Brasil (on GitHub)
https://raw.githubusercontent.com/wcota/covid19br/master/cases-brazil-cities-time.csv

Rejection ABC fitting of epidemic curves

Model: SEIRD
Parameters: $\beta_{I}$, $\beta_{E}$, $N$, $\mu$, $\gamma$, $t_{c}$, RF_{0}, $E_{0}$
#####################################################################

Number of Samples: 9984
Number of Posteriors: 3
RMSD Weights: [1,1]
Training window size: 15
Validation window size: 10

#####################################################################

Posterior No. 2
Execution Time: 1.785 s
Tolerance: eps = 5.669809

Priors' Ranges:

	 $\beta_{I}$: 0.000060 <-> 0.999978
	 $\beta_{E}$: 0.000085 <-> 0.999890
	 $N$: 213445.747525 <-> 42502372.428222
	 $\mu$: 0.000015 <-> 0.995900
	 $\gamma$: 0.000206 <-> 0.999917
	 $t_{c}$: 0.039765 <-> 29.988485
	 RF_{0}: 0.000328 <-> 0.999992
	 $E_{0}$: 0.000055 <-> 1.999440

Estimated parameters (av +/- std):

	 $\beta_{I}$: 0.020889 +/- 0.266257
	 $\beta_{E}$: 0.143834 +/- 0.254166
	 $N$: 5772087.004646 +/- 11735607.371559
	 $\mu$: 0.013992 +/- 0.180722
	 $\gamma$: 0.651942 +/- 0.224904
	 $t_{c}$: 27.844214 +/- 7.247822
	 RF_{0}: 0.917542 +/- 0.247826
	 $E_{0}$: 0.712851 +/- 0.518237

Posterior distribution on file posterior_'param'.png

RMSD: 0.064388
Weighted RMSD: 0.064388
RMSD for validation data: 0.346754
RMSD for total data: 0.213871
AIC: 16.128776
AIC for validation data: 16.693507
AIC for total data: 16.427743

#####################################################################

Total time on ABC: 2.818 s
Number of trials: 143651

Fit on file model_fit.png