2021-11-14_20-30-25

Data Source: Número de casos confirmados de COVID-19 no Brasil (on GitHub)
https://raw.githubusercontent.com/wcota/covid19br/master/cases-brazil-cities-time.csv

Rejection ABC fitting of epidemic curves

Model: SEIRD
Parameters: $\beta_{I}$, $\beta_{E}$, $N$, $\mu$, $\gamma$, $t_{c}$, RF_{0}, $E_{0}$
#####################################################################

Number of Samples: 960
Number of Posteriors: 3
RMSD Weights: [1,1]
Training window size: 15
Validation window size: 10

#####################################################################

Posterior No. 3
Execution Time: 0.056 s
Tolerance: eps = 96.187093

Priors' Ranges:

	 $\beta_{I}$: 0.000556 <-> 0.999160
	 $\beta_{E}$: 0.000408 <-> 0.493699
	 $N$: 54141.380266 <-> 10237016.735448
	 $\mu$: 0.000170 <-> 0.991503
	 $\gamma$: 0.008759 <-> 0.998814
	 $t_{c}$: 0.083370 <-> 29.998438
	 RF_{0}: 0.005879 <-> 0.998432
	 $E_{0}$: 0.000133 <-> 1.991618

Estimated parameters (av +/- std):

	 $\beta_{I}$: 0.821035 +/- 0.257877
	 $\beta_{E}$: 0.120003 +/- 0.091670
	 $N$: 8976696.806436 +/- 2704185.100672
	 $\mu$: 0.001743 +/- 0.224288
	 $\gamma$: 0.691596 +/- 0.231736
	 $t_{c}$: 21.711603 +/- 7.131529
	 RF_{0}: 0.891232 +/- 0.233579
	 $E_{0}$: 0.083911 +/- 0.463336

Posterior distribution on file posterior_'param'.png

RMSD: 1.768729
Weighted RMSD: 1.768729
RMSD for validation data: 10.608189
RMSD for total data: 0.433979
AIC: 19.537459
AIC for validation data: 37.216379
AIC for total data: 16.867957

#####################################################################

Total time on ABC: 0.195 s
Number of trials: 9075

Fit on file model_fit.png