2021-11-14_19-37-26

Data Source: Número de casos confirmados de COVID-19 no Brasil (on GitHub)
https://raw.githubusercontent.com/wcota/covid19br/master/cases-brazil-cities-time.csv

Rejection ABC fitting of epidemic curves

Model: SEIRD
Parameters: $\beta_{I}$, $\beta_{E}$, $N$, $\mu$, $\gamma$, $t_{c}$, RF_{0}, $E_{0}$
#####################################################################

Number of Samples: 960
Number of Posteriors: 3
RMSD Weights: [1,1]
Training window size: 40
Validation window size: 10

#####################################################################

Posterior No. 2
Execution Time: 1.007 s
Tolerance: eps = 0.048544

Priors' Ranges:

	 $\beta_{I}$: 0.001238 <-> 0.998354
	 $\beta_{E}$: 0.000594 <-> 0.495150
	 $N$: 422933.625382 <-> 4930962.803497
	 $\mu$: 0.001057 <-> 0.006905
	 $\gamma$: 0.144935 <-> 0.997291
	 $t_{c}$: 4.987739 <-> 29.997606
	 RF_{0}: 0.912409 <-> 0.993489
	 $E_{0}$: 0.001908 <-> 0.132426

Estimated parameters (av +/- std):

	 $\beta_{I}$: 0.737132 +/- 0.257720
	 $\beta_{E}$: 0.014785 +/- 0.053044
	 $N$: 3761659.895573 +/- 965292.552138
	 $\mu$: 0.002306 +/- 0.001134
	 $\gamma$: 0.415350 +/- 0.176695
	 $t_{c}$: 29.325942 +/- 5.014932
	 RF_{0}: 0.942125 +/- 0.015309
	 $E_{0}$: 0.024172 +/- 0.025673

Posterior distribution on file posterior_'param'.png

RMSD: 0.028941
Weighted RMSD: 0.028941
RMSD for validation data: 0.236584
RMSD for total data: 0.476599
AIC: 16.057882
AIC for validation data: 16.473168
AIC for total data: 16.953198

#####################################################################

Total time on ABC: 1.833 s
Number of trials: 59006

Fit on file model_fit.png