2021-12-01_00-51-50

Data Source: Número de casos confirmados de COVID-19 no Brasil (on GitHub)
https://raw.githubusercontent.com/wcota/covid19br/master/cases-brazil-cities-time.csv

Rejection ABC fitting of epidemic curves

Model: SEIRD
Parameters: $\beta_{I}$, $\beta_{E}$, $N$, $\mu$, $\gamma$, $t_{c}$, RF_{0}, $E_{0}$
#####################################################################

Number of Samples: 99984
Number of Posteriors: 3
RMSD Weights: [1,1]
Training window size: 35
Validation window size: 10

#####################################################################

Posterior No. 3
Execution Time: 75.579 s
Tolerance: eps = 0.522844

Priors' Ranges:

	 $\beta_{I}$: 0.000003 <-> 0.999933
	 $\beta_{E}$: 0.000000 <-> 0.999818
	 $N$: 212585.836096 <-> 42510971.542329
	 $\mu$: 0.000003 <-> 0.999539
	 $\gamma$: 0.000645 <-> 0.999998
	 $t_{c}$: 0.036251 <-> 29.999992
	 RF_{0}: 0.000008 <-> 0.999996
	 $E_{0}$: 0.000014 <-> 1.999839

Estimated parameters (av +/- std):

	 $\beta_{I}$: 0.339349 +/- 0.250058
	 $\beta_{E}$: 0.067728 +/- 0.080790
	 $N$: 35894173.401885 +/- 11696336.548448
	 $\mu$: 0.046075 +/- 0.232733
	 $\gamma$: 0.774728 +/- 0.206566
	 $t_{c}$: 23.887830 +/- 8.373173
	 RF_{0}: 0.661975 +/- 0.252934
	 $E_{0}$: 1.891521 +/- 0.479416

Posterior distribution on file posterior_'param'.png

RMSD: 0.022485
Weighted RMSD: 0.022485
RMSD for validation data: 0.531594
RMSD for total data: 0.377902
AIC: 16.044971
AIC for validation data: 17.063188
AIC for total data: 16.755804

#####################################################################

Total time on ABC: 174.146 s
Number of trials: 966733

Fit on file model_fit.png