2021-11-29_21-52-43

Data Source: Número de casos confirmados de COVID-19 no Brasil (on GitHub)
https://raw.githubusercontent.com/wcota/covid19br/master/cases-brazil-cities-time.csv

Rejection ABC fitting of epidemic curves

Model: SEIRD
Parameters: $\beta_{I}$, $\beta_{E}$, $N$, $\mu$, $\gamma$, $t_{c}$, RF_{0}, $E_{0}$
#####################################################################

Number of Samples: 9984
Number of Posteriors: 3
RMSD Weights: [1,1]
Training window size: 30
Validation window size: 10

#####################################################################

Posterior No. 3
Execution Time: 1.952 s
Tolerance: eps = 6.932673

Priors' Ranges:

	 $\beta_{I}$: 0.000435 <-> 0.999958
	 $\beta_{E}$: 0.000050 <-> 0.999995
	 $N$: 212910.160864 <-> 42472421.650024
	 $\mu$: 0.000014 <-> 0.999341
	 $\gamma$: 0.000012 <-> 0.999992
	 $t_{c}$: 0.038705 <-> 29.999908
	 RF_{0}: 0.000029 <-> 0.999969
	 $E_{0}$: 0.000088 <-> 1.999740

Estimated parameters (av +/- std):

	 $\beta_{I}$: 0.203245 +/- 0.268990
	 $\beta_{E}$: 0.692477 +/- 0.273210
	 $N$: 4951664.284755 +/- 6193708.110638
	 $\mu$: 0.008500 +/- 0.182430
	 $\gamma$: 0.500833 +/- 0.222793
	 $t_{c}$: 23.570081 +/- 7.738403
	 RF_{0}: 0.909876 +/- 0.239884
	 $E_{0}$: 0.612898 +/- 0.553789

Posterior distribution on file posterior_'param'.png

RMSD: 0.175381
Weighted RMSD: 0.175381
RMSD for validation data: 1.172396
RMSD for total data: 0.274918
AIC: 16.350761
AIC for validation data: 18.344792
AIC for total data: 16.549837

#####################################################################

Total time on ABC: 5.532 s
Number of trials: 142182

Fit on file model_fit.png