2022-03-08_15-59-04

Data Source: Número de casos confirmados de COVID-19 no Brasil (on GitHub)
https://raw.githubusercontent.com/wcota/covid19br/master/cases-brazil-cities-time.csv

Rejection ABC fitting of epidemic curves

Model: SEIRD
Parameters: $\beta_{I}$, $\beta_{E}$, $N$, $\mu$, $\gamma$, $t_{c}$, RF_{0}, $E_{0}$
#####################################################################

Number of Samples: 48
Number of Posteriors: 3
RMSD Weights: [1,1]
Training window size: 30
Validation window size: 10

#####################################################################

Posterior No. 1
Execution Time: 1.016 s
Tolerance: eps = 0.03

Priors' Ranges:

	 $\beta_{I}$: 0.000000 <-> 1.000000
	 $\beta_{E}$: 0.000000 <-> 1.000000
	 $N$: 2125594.090000 <-> 106279704.500000
	 $\mu$: 0.000000 <-> 1.000000
	 $\gamma$: 0.000000 <-> 1.000000
	 $t_{c}$: 0.000000 <-> 30.000000
	 RF_{0}: 0.000000 <-> 1.000000
	 $E_{0}$: 0.000000 <-> 2.000000

Estimated parameters (av +/- std):

	 $\beta_{I}$: 0.772228 +/- 0.256717
	 $\beta_{E}$: 0.039364 +/- 0.037908
	 $N$: 36963134.825488 +/- 24582677.803528
	 $\mu$: 0.027320 +/- 0.006063
	 $\gamma$: 0.784844 +/- 0.190538
	 $t_{c}$: 26.937833 +/- 5.541852
	 RF_{0}: 0.999721 +/- 0.003771
	 $E_{0}$: 0.162763 +/- 0.035222

Posterior distribution on file posterior_'param'.png

RMSD: 0.017968
Weighted RMSD: 0.017968
RMSD for validation data: 0.183165
RMSD for total data: 0.443817
AIC: 16.035937
AIC for validation data: 16.366329
AIC for total data: 16.887634

#####################################################################

Total time on ABC: 1.016 s
Number of trials: 76324

Fit on file model_fit.png