2021-11-14_21-02-25

Data Source: Número de casos confirmados de COVID-19 no Brasil (on GitHub)
https://raw.githubusercontent.com/wcota/covid19br/master/cases-brazil-cities-time.csv

Rejection ABC fitting of epidemic curves

Model: SEIRD
Parameters: $\beta_{I}$, $\beta_{E}$, $N$, $\mu$, $\gamma$, $t_{c}$, RF_{0}, $E_{0}$
#####################################################################

Number of Samples: 960
Number of Posteriors: 3
RMSD Weights: [1,1]
Training window size: 40
Validation window size: 10

#####################################################################

Posterior No. 2
Execution Time: 0.047 s
Tolerance: eps = 0.226300

Priors' Ranges:

	 $\beta_{I}$: 0.001183 <-> 0.999942
	 $\beta_{E}$: 0.172215 <-> 0.387566
	 $N$: 718444.404150 <-> 66183464.755588
	 $\mu$: 0.001641 <-> 0.045586
	 $\gamma$: 0.009144 <-> 0.999720
	 $t_{c}$: 0.095167 <-> 29.892220
	 RF_{0}: 0.000188 <-> 0.990211
	 $E_{0}$: 0.125740 <-> 1.999487

Estimated parameters (av +/- std):

	 $\beta_{I}$: 0.997463 +/- 0.266680
	 $\beta_{E}$: 0.309979 +/- 0.042595
	 $N$: 28934369.213156 +/- 17526420.079039
	 $\mu$: 0.027628 +/- 0.008218
	 $\gamma$: 0.789668 +/- 0.185906
	 $t_{c}$: 0.398368 +/- 4.988900
	 RF_{0}: 0.311586 +/- 0.244052
	 $E_{0}$: 1.154215 +/- 0.376049

Posterior distribution on file posterior_'param'.png

RMSD: 0.056555
Weighted RMSD: 0.056555
RMSD for validation data: 3.198786
RMSD for total data: 0.355402
AIC: 16.113110
AIC for validation data: 22.397571
AIC for total data: 16.710803

#####################################################################

Total time on ABC: 0.119 s
Number of trials: 4210

Fit on file model_fit.png