2022-03-08_16-22-08

Data Source: Número de casos confirmados de COVID-19 no Brasil (on GitHub)
https://raw.githubusercontent.com/wcota/covid19br/master/cases-brazil-cities-time.csv

Rejection ABC fitting of epidemic curves

Model: SEIRD
Parameters: $\beta_{I}$, $\beta_{E}$, $N$, $\mu$, $\gamma$, $t_{c}$, RF_{0}, $E_{0}$
#####################################################################

Number of Samples: 48
Number of Posteriors: 3
RMSD Weights: [1,1]
Training window size: 40
Validation window size: 10

#####################################################################

Posterior No. 1
Execution Time: 4.841 s
Tolerance: eps = 0.03

Priors' Ranges:

	 $\beta_{I}$: 0.000000 <-> 1.000000
	 $\beta_{E}$: 0.000000 <-> 1.000000
	 $N$: 2125594.090000 <-> 106279704.500000
	 $\mu$: 0.000000 <-> 1.000000
	 $\gamma$: 0.000000 <-> 1.000000
	 $t_{c}$: 0.000000 <-> 30.000000
	 RF_{0}: 0.000000 <-> 1.000000
	 $E_{0}$: 0.000000 <-> 2.000000

Estimated parameters (av +/- std):

	 $\beta_{I}$: 0.217534 +/- 0.244948
	 $\beta_{E}$: 0.025834 +/- 0.021186
	 $N$: 74556954.572482 +/- 27947007.423707
	 $\mu$: 0.008355 +/- 0.003337
	 $\gamma$: 0.480694 +/- 0.198680
	 $t_{c}$: 25.694411 +/- 5.055524
	 RF_{0}: 0.994769 +/- 0.004158
	 $E_{0}$: 0.178787 +/- 0.034590

Posterior distribution on file posterior_'param'.png

RMSD: 0.018783
Weighted RMSD: 0.018783
RMSD for validation data: 0.232212
RMSD for total data: 0.449499
AIC: 16.037567
AIC for validation data: 16.464425
AIC for total data: 16.898998

#####################################################################

Total time on ABC: 4.841 s
Number of trials: 309696

Fit on file model_fit.png