2022-03-08_16-04-21

Data Source: Número de casos confirmados de COVID-19 no Brasil (on GitHub)
https://raw.githubusercontent.com/wcota/covid19br/master/cases-brazil-cities-time.csv

Rejection ABC fitting of epidemic curves

Model: SEIRD
Parameters: $\beta_{I}$, $\beta_{E}$, $N$, $\mu$, $\gamma$, $t_{c}$, RF_{0}, $E_{0}$
#####################################################################

Number of Samples: 48
Number of Posteriors: 3
RMSD Weights: [1,1]
Training window size: 20
Validation window size: 10

#####################################################################

Posterior No. 1
Execution Time: 0.074 s
Tolerance: eps = 0.10

Priors' Ranges:

	 $\beta_{I}$: 0.000000 <-> 1.000000
	 $\beta_{E}$: 0.000000 <-> 1.000000
	 $N$: 2125594.090000 <-> 106279704.500000
	 $\mu$: 0.000000 <-> 1.000000
	 $\gamma$: 0.000000 <-> 1.000000
	 $t_{c}$: 0.000000 <-> 30.000000
	 RF_{0}: 0.000000 <-> 1.000000
	 $E_{0}$: 0.000000 <-> 2.000000

Estimated parameters (av +/- std):

	 $\beta_{I}$: 0.180492 +/- 0.231999
	 $\beta_{E}$: 0.050676 +/- 0.020095
	 $N$: 63182522.280474 +/- 29009777.551766
	 $\mu$: 0.020221 +/- 0.004267
	 $\gamma$: 0.773829 +/- 0.166158
	 $t_{c}$: 18.939731 +/- 5.683000
	 RF_{0}: 0.999283 +/- 0.020534
	 $E_{0}$: 0.338281 +/- 0.137562

Posterior distribution on file posterior_'param'.png

RMSD: 0.024351
Weighted RMSD: 0.024351
RMSD for validation data: 0.189130
RMSD for total data: 0.449497
AIC: 16.048701
AIC for validation data: 16.378259
AIC for total data: 16.898994

#####################################################################

Total time on ABC: 0.074 s
Number of trials: 5316

Fit on file model_fit.png