2021-11-29_22-05-24

Data Source: Número de casos confirmados de COVID-19 no Brasil (on GitHub)
https://raw.githubusercontent.com/wcota/covid19br/master/cases-brazil-cities-time.csv

Rejection ABC fitting of epidemic curves

Model: SEIRD
Parameters: $\beta_{I}$, $\beta_{E}$, $N$, $\mu$, $\gamma$, $t_{c}$, RF_{0}, $E_{0}$
#####################################################################

Number of Samples: 9984
Number of Posteriors: 3
RMSD Weights: [1,1]
Training window size: 10
Validation window size: 10

#####################################################################

Posterior No. 2
Execution Time: 1.637 s
Tolerance: eps = 35.998812

Priors' Ranges:

	 $\beta_{I}$: 0.000030 <-> 0.999417
	 $\beta_{E}$: 0.000052 <-> 0.999298
	 $N$: 219214.068823 <-> 42505429.559513
	 $\mu$: 0.000004 <-> 0.993235
	 $\gamma$: 0.000231 <-> 0.999983
	 $t_{c}$: 0.040691 <-> 29.999648
	 RF_{0}: 0.001585 <-> 0.999987
	 $E_{0}$: 0.000027 <-> 1.999697

Estimated parameters (av +/- std):

	 $\beta_{I}$: 0.364561 +/- 0.268108
	 $\beta_{E}$: 0.090276 +/- 0.271841
	 $N$: 6980831.669229 +/- 11129486.700092
	 $\mu$: 0.009722 +/- 0.159268
	 $\gamma$: 0.450167 +/- 0.238604
	 $t_{c}$: 25.818979 +/- 7.338663
	 RF_{0}: 0.997833 +/- 0.230870
	 $E_{0}$: 0.096459 +/- 0.538731

Posterior distribution on file posterior_'param'.png

RMSD: 0.096071
Weighted RMSD: 0.096071
RMSD for validation data: 0.280055
RMSD for total data: 0.234523
AIC: 16.192142
AIC for validation data: 16.560110
AIC for total data: 16.469045

#####################################################################

Total time on ABC: 2.480 s
Number of trials: 141792

Fit on file model_fit.png