2021-11-14_20-35-18

Data Source: Número de casos confirmados de COVID-19 no Brasil (on GitHub)
https://raw.githubusercontent.com/wcota/covid19br/master/cases-brazil-cities-time.csv

Rejection ABC fitting of epidemic curves

Model: SEIRD
Parameters: $\beta_{I}$, $\beta_{E}$, $N$, $\mu$, $\gamma$, $t_{c}$, RF_{0}, $E_{0}$
#####################################################################

Number of Samples: 48
Number of Posteriors: 3
RMSD Weights: [1,1]
Training window size: 15
Validation window size: 10

#####################################################################

Posterior No. 1
Execution Time: 0.084 s
Tolerance: eps = 266.498653

Priors' Ranges:

	 $\beta_{I}$: 0.000000 <-> 1.000000
	 $\beta_{E}$: 0.000000 <-> 1.000000
	 $N$: 67886.004000 <-> 13577200.800000
	 $\mu$: 0.000000 <-> 1.000000
	 $\gamma$: 0.000000 <-> 1.000000
	 $t_{c}$: 0.000000 <-> 30.000000
	 RF_{0}: 0.000000 <-> 1.000000
	 $E_{0}$: 0.000000 <-> 2.000000

Estimated parameters (av +/- std):

	 $\beta_{I}$: 0.444159 +/- 0.286058
	 $\beta_{E}$: 0.227642 +/- 0.277866
	 $N$: 9340725.914520 +/- 4138713.467721
	 $\mu$: 0.000328 +/- 0.247127
	 $\gamma$: 0.754191 +/- 0.268898
	 $t_{c}$: 21.197729 +/- 8.132800
	 RF_{0}: 0.690239 +/- 0.274645
	 $E_{0}$: 0.092884 +/- 0.593122

Posterior distribution on file posterior_'param'.png

RMSD: 1.876388
Weighted RMSD: 1.876388
RMSD for validation data: 11.355583
RMSD for total data: 0.991646
AIC: 19.752776
AIC for validation data: 38.711166
AIC for total data: 17.983293

#####################################################################

Total time on ABC: 0.084 s
Number of trials: 8903

Fit on file model_fit.png