2021-11-14_23-05-32

Data Source: Número de casos confirmados de COVID-19 no Brasil (on GitHub)
https://raw.githubusercontent.com/wcota/covid19br/master/cases-brazil-cities-time.csv

Rejection ABC fitting of epidemic curves

Model: SEIRD
Parameters: $\beta_{I}$, $\beta_{E}$, $N$, $\mu$, $\gamma$, $t_{c}$, RF_{0}, $E_{0}$
#####################################################################

Number of Samples: 48
Number of Posteriors: 3
RMSD Weights: [1,1]
Training window size: 15
Validation window size: 10

#####################################################################

Posterior No. 1
Execution Time: 0.092 s
Tolerance: eps = 21.164686

Priors' Ranges:

	 $\beta_{I}$: 0.000000 <-> 1.000000
	 $\beta_{E}$: 0.000000 <-> 1.000000
	 $N$: 331002.647000 <-> 66200529.400000
	 $\mu$: 0.000000 <-> 1.000000
	 $\gamma$: 0.000000 <-> 1.000000
	 $t_{c}$: 0.000000 <-> 30.000000
	 RF_{0}: 0.000000 <-> 1.000000
	 $E_{0}$: 0.000000 <-> 2.000000

Estimated parameters (av +/- std):

	 $\beta_{I}$: 0.153379 +/- 0.294468
	 $\beta_{E}$: 0.173892 +/- 0.291874
	 $N$: 4830210.226246 +/- 19114538.902802
	 $\mu$: 0.005262 +/- 0.237972
	 $\gamma$: 0.449408 +/- 0.262243
	 $t_{c}$: 22.116457 +/- 8.239796
	 RF_{0}: 0.949801 +/- 0.271925
	 $E_{0}$: 0.708534 +/- 0.577390

Posterior distribution on file posterior_'param'.png

RMSD: 0.105099
Weighted RMSD: 0.105099
RMSD for validation data: 0.492460
RMSD for total data: 0.403349
AIC: 16.210197
AIC for validation data: 16.984920
AIC for total data: 16.806698

#####################################################################

Total time on ABC: 0.092 s
Number of trials: 9388

Fit on file model_fit.png