2021-11-14_06-01-51

Data Source: Número de casos confirmados de COVID-19 no Brasil (on GitHub)
https://raw.githubusercontent.com/wcota/covid19br/master/cases-brazil-cities-time.csv

Rejection ABC fitting of epidemic curves

Model: SEIRD
Parameters: $\beta_{I}$, $\beta_{E}$, $N$, $\mu$, $\gamma$, $t_{c}$, RF_{0}, $E_{0}$
#####################################################################

Number of Samples: 960
Number of Posteriors: 3
RMSD Weights: [1,1]
Training window size: 35
Validation window size: 10

#####################################################################

Posterior No. 2
Execution Time: 0.044 s
Tolerance: eps = 0.195055

Priors' Ranges:

	 $\beta_{I}$: 0.003944 <-> 0.999490
	 $\beta_{E}$: 0.024573 <-> 0.250086
	 $N$: 7265135.456143 <-> 275224143.284081
	 $\mu$: 0.000013 <-> 0.015269
	 $\gamma$: 0.000555 <-> 0.980279
	 $t_{c}$: 5.423711 <-> 29.930905
	 RF_{0}: 0.000526 <-> 0.999697
	 $E_{0}$: 0.004317 <-> 1.564519

Estimated parameters (av +/- std):

	 $\beta_{I}$: 0.730906 +/- 0.221197
	 $\beta_{E}$: 0.036766 +/- 0.044364
	 $N$: 211619757.191561 +/- 53983549.633885
	 $\mu$: 0.003355 +/- 0.002435
	 $\gamma$: 0.004374 +/- 0.218954
	 $t_{c}$: 23.916504 +/- 3.698866
	 RF_{0}: 0.787349 +/- 0.264430
	 $E_{0}$: 0.837380 +/- 0.237710

Posterior distribution on file posterior_'param'.png

RMSD: 0.047459
Weighted RMSD: 0.047459
RMSD for validation data: 0.144301
RMSD for total data: 145.004099
AIC: 16.094919
AIC for validation data: 16.288602
AIC for total data: 306.008199

#####################################################################

Total time on ABC: 0.106 s
Number of trials: 3253

Fit on file model_fit.png