2021-11-14_06-01-51

Data Source: Número de casos confirmados de COVID-19 no Brasil (on GitHub)
https://raw.githubusercontent.com/wcota/covid19br/master/cases-brazil-cities-time.csv

Rejection ABC fitting of epidemic curves

Model: SEIRD
Parameters: $\beta_{I}$, $\beta_{E}$, $N$, $\mu$, $\gamma$, $t_{c}$, RF_{0}, $E_{0}$
#####################################################################

Number of Samples: 960
Number of Posteriors: 3
RMSD Weights: [1,1]
Training window size: 50
Validation window size: 10

#####################################################################

Posterior No. 2
Execution Time: 4.048 s
Tolerance: eps = 0.045989

Priors' Ranges:

	 $\beta_{I}$: 0.010865 <-> 0.997260
	 $\beta_{E}$: 0.002989 <-> 0.820944
	 $N$: 1406162.261711 <-> 275849470.393177
	 $\mu$: 0.009799 <-> 0.041656
	 $\gamma$: 0.219419 <-> 0.999945
	 $t_{c}$: 0.042797 <-> 3.274714
	 RF_{0}: 0.000105 <-> 0.997779
	 $E_{0}$: 0.374145 <-> 1.999997

Estimated parameters (av +/- std):

	 $\beta_{I}$: 0.629651 +/- 0.227314
	 $\beta_{E}$: 0.209418 +/- 0.151116
	 $N$: 128414870.918082 +/- 78709305.428433
	 $\mu$: 0.025814 +/- 0.005234
	 $\gamma$: 0.681154 +/- 0.138481
	 $t_{c}$: 1.319659 +/- 0.640332
	 RF_{0}: 0.051324 +/- 0.246409
	 $E_{0}$: 1.596387 +/- 0.353368

Posterior distribution on file posterior_'param'.png

RMSD: 0.026674
Weighted RMSD: 0.026674
RMSD for validation data: 0.153279
RMSD for total data: 2.678360
AIC: 16.053348
AIC for validation data: 16.306558
AIC for total data: 21.356720

#####################################################################

Total time on ABC: 6.186 s
Number of trials: 192338

Fit on file model_fit.png