2021-11-14_07-39-52

Data Source: Número de casos confirmados de COVID-19 no Brasil (on GitHub)
https://raw.githubusercontent.com/wcota/covid19br/master/cases-brazil-cities-time.csv

Rejection ABC fitting of epidemic curves

Model: SEIRD
Parameters: $\beta_{I}$, $\beta_{E}$, $N$, $\mu$, $\gamma$, $t_{c}$, RF_{0}, $E_{0}$
#####################################################################

Number of Samples: 48
Number of Posteriors: 3
RMSD Weights: [1,1]
Training window size: 30
Validation window size: 10

#####################################################################

Posterior No. 1
Execution Time: 0.184 s
Tolerance: eps = 321.791866

Priors' Ranges:

	 $\beta_{I}$: 0.000000 <-> 1.000000
	 $\beta_{E}$: 0.000000 <-> 1.000000
	 $N$: 1380004.385000 <-> 276000877.000000
	 $\mu$: 0.000000 <-> 1.000000
	 $\gamma$: 0.000000 <-> 1.000000
	 $t_{c}$: 0.000000 <-> 30.000000
	 RF_{0}: 0.000000 <-> 1.000000
	 $E_{0}$: 0.000000 <-> 2.000000

Estimated parameters (av +/- std):

	 $\beta_{I}$: 0.217820 +/- 0.279789
	 $\beta_{E}$: 0.874159 +/- 0.302128
	 $N$: 5844710.616189 +/- 77889563.198763
	 $\mu$: 0.000537 +/- 0.263612
	 $\gamma$: 0.662349 +/- 0.258901
	 $t_{c}$: 26.539425 +/- 8.697620
	 RF_{0}: 0.039423 +/- 0.274548
	 $E_{0}$: 1.107326 +/- 0.561373

Posterior distribution on file posterior_'param'.png

RMSD: 0.625354
Weighted RMSD: 0.625354
RMSD for validation data: 2.815678
RMSD for total data: 0.410006
AIC: 17.250708
AIC for validation data: 21.631357
AIC for total data: 16.820012

#####################################################################

Total time on ABC: 0.184 s
Number of trials: 9654

Fit on file model_fit.png