2021-11-14_07-39-52

Data Source: Número de casos confirmados de COVID-19 no Brasil (on GitHub)
https://raw.githubusercontent.com/wcota/covid19br/master/cases-brazil-cities-time.csv

Rejection ABC fitting of epidemic curves

Model: SEIRD
Parameters: $\beta_{I}$, $\beta_{E}$, $N$, $\mu$, $\gamma$, $t_{c}$, RF_{0}, $E_{0}$
#####################################################################

Number of Samples: 48
Number of Posteriors: 3
RMSD Weights: [1,1]
Training window size: 35
Validation window size: 10

#####################################################################

Posterior No. 1
Execution Time: 0.189 s
Tolerance: eps = 511.892318

Priors' Ranges:

	 $\beta_{I}$: 0.000000 <-> 1.000000
	 $\beta_{E}$: 0.000000 <-> 1.000000
	 $N$: 1380004.385000 <-> 276000877.000000
	 $\mu$: 0.000000 <-> 1.000000
	 $\gamma$: 0.000000 <-> 1.000000
	 $t_{c}$: 0.000000 <-> 30.000000
	 RF_{0}: 0.000000 <-> 1.000000
	 $E_{0}$: 0.000000 <-> 2.000000

Estimated parameters (av +/- std):

	 $\beta_{I}$: 0.155208 +/- 0.294384
	 $\beta_{E}$: 0.126471 +/- 0.304406
	 $N$: 158677850.156258 +/- 76431139.422786
	 $\mu$: 0.006190 +/- 0.268546
	 $\gamma$: 0.997145 +/- 0.258910
	 $t_{c}$: 5.725933 +/- 8.565884
	 RF_{0}: 0.534512 +/- 0.278859
	 $E_{0}$: 0.024217 +/- 0.595903

Posterior distribution on file posterior_'param'.png

RMSD: 7.387507
Weighted RMSD: 7.387507
RMSD for validation data: 16.952822
RMSD for total data: 0.507636
AIC: 30.775014
AIC for validation data: 49.905643
AIC for total data: 17.015271

#####################################################################

Total time on ABC: 0.189 s
Number of trials: 9397

Fit on file model_fit.png