2021-11-14_20-35-18

Data Source: Número de casos confirmados de COVID-19 no Brasil (on GitHub)
https://raw.githubusercontent.com/wcota/covid19br/master/cases-brazil-cities-time.csv

Rejection ABC fitting of epidemic curves

Model: SEIRD
Parameters: $\beta_{I}$, $\beta_{E}$, $N$, $\mu$, $\gamma$, $t_{c}$, RF_{0}, $E_{0}$
#####################################################################

Number of Samples: 960
Number of Posteriors: 3
RMSD Weights: [1,1]
Training window size: 15
Validation window size: 10

#####################################################################

Posterior No. 3
Execution Time: 0.067 s
Tolerance: eps = 5.932663

Priors' Ranges:

	 $\beta_{I}$: 0.002955 <-> 0.999154
	 $\beta_{E}$: 0.000599 <-> 0.986913
	 $N$: 70109.850052 <-> 13564125.761598
	 $\mu$: 0.000527 <-> 0.995016
	 $\gamma$: 0.045119 <-> 0.999396
	 $t_{c}$: 0.337302 <-> 29.976998
	 RF_{0}: 0.001563 <-> 0.998953
	 $E_{0}$: 0.000098 <-> 1.975461

Estimated parameters (av +/- std):

	 $\beta_{I}$: 0.390064 +/- 0.255628
	 $\beta_{E}$: 0.287676 +/- 0.189176
	 $N$: 192941.558682 +/- 4105226.996053
	 $\mu$: 0.007581 +/- 0.216167
	 $\gamma$: 0.167832 +/- 0.223444
	 $t_{c}$: 16.828390 +/- 6.779584
	 RF_{0}: 0.699439 +/- 0.224700
	 $E_{0}$: 0.408338 +/- 0.417159

Posterior distribution on file posterior_'param'.png

RMSD: 0.231666
Weighted RMSD: 0.231666
RMSD for validation data: 1.275327
RMSD for total data: 0.459018
AIC: 16.463333
AIC for validation data: 18.550654
AIC for total data: 16.918035

#####################################################################

Total time on ABC: 0.250 s
Number of trials: 14553

Fit on file model_fit.png