2021-11-14_06-01-51

Data Source: Número de casos confirmados de COVID-19 no Brasil (on GitHub)
https://raw.githubusercontent.com/wcota/covid19br/master/cases-brazil-cities-time.csv

Rejection ABC fitting of epidemic curves

Model: SEIRD
Parameters: $\beta_{I}$, $\beta_{E}$, $N$, $\mu$, $\gamma$, $t_{c}$, RF_{0}, $E_{0}$
#####################################################################

Number of Samples: 960
Number of Posteriors: 3
RMSD Weights: [1,1]
Training window size: 40
Validation window size: 10

#####################################################################

Posterior No. 3
Execution Time: 0.299 s
Tolerance: eps = 0.056393

Priors' Ranges:

	 $\beta_{I}$: 0.001231 <-> 0.999217
	 $\beta_{E}$: 0.000309 <-> 0.168267
	 $N$: 1531351.716658 <-> 274147705.278185
	 $\mu$: 0.006457 <-> 0.034854
	 $\gamma$: 0.200661 <-> 0.999379
	 $t_{c}$: 4.013869 <-> 29.943385
	 RF_{0}: 0.000074 <-> 0.999824
	 $E_{0}$: 0.021486 <-> 1.997332

Estimated parameters (av +/- std):

	 $\beta_{I}$: 0.635968 +/- 0.240447
	 $\beta_{E}$: 0.040506 +/- 0.023871
	 $N$: 199282644.137150 +/- 74374539.868205
	 $\mu$: 0.016828 +/- 0.004968
	 $\gamma$: 0.553522 +/- 0.160611
	 $t_{c}$: 18.784079 +/- 5.423608
	 RF_{0}: 0.539080 +/- 0.256802
	 $E_{0}$: 1.102760 +/- 0.433761

Posterior distribution on file posterior_'param'.png

RMSD: 0.014098
Weighted RMSD: 0.014098
RMSD for validation data: 0.106060
RMSD for total data: 1.984048
AIC: 16.028197
AIC for validation data: 16.212121
AIC for total data: 19.968096

#####################################################################

Total time on ABC: 0.879 s
Number of trials: 19247

Fit on file model_fit.png