2022-03-08_16-04-21

Data Source: Número de casos confirmados de COVID-19 no Brasil (on GitHub)
https://raw.githubusercontent.com/wcota/covid19br/master/cases-brazil-cities-time.csv

Rejection ABC fitting of epidemic curves

Model: SEIRD
Parameters: $\beta_{I}$, $\beta_{E}$, $N$, $\mu$, $\gamma$, $t_{c}$, RF_{0}, $E_{0}$
#####################################################################

Number of Samples: 48
Number of Posteriors: 3
RMSD Weights: [1,1]
Training window size: 20
Validation window size: 10

#####################################################################

Posterior No. 1
Execution Time: 0.871 s
Tolerance: eps = 0.03

Priors' Ranges:

	 $\beta_{I}$: 0.000000 <-> 1.000000
	 $\beta_{E}$: 0.000000 <-> 1.000000
	 $N$: 2125594.090000 <-> 106279704.500000
	 $\mu$: 0.000000 <-> 1.000000
	 $\gamma$: 0.000000 <-> 1.000000
	 $t_{c}$: 0.000000 <-> 30.000000
	 RF_{0}: 0.000000 <-> 1.000000
	 $E_{0}$: 0.000000 <-> 2.000000

Estimated parameters (av +/- std):

	 $\beta_{I}$: 0.300416 +/- 0.265500
	 $\beta_{E}$: 0.019130 +/- 0.024774
	 $N$: 38813872.277058 +/- 26422629.612192
	 $\mu$: 0.007691 +/- 0.002614
	 $\gamma$: 0.484494 +/- 0.162635
	 $t_{c}$: 22.655471 +/- 5.405516
	 RF_{0}: 0.986008 +/- 0.004062
	 $E_{0}$: 0.174479 +/- 0.037074

Posterior distribution on file posterior_'param'.png

RMSD: 0.020449
Weighted RMSD: 0.020449
RMSD for validation data: 0.154402
RMSD for total data: 0.449499
AIC: 16.040898
AIC for validation data: 16.308804
AIC for total data: 16.898998

#####################################################################

Total time on ABC: 0.871 s
Number of trials: 69648

Fit on file model_fit.png