2021-11-14_07-39-52

Data Source: Número de casos confirmados de COVID-19 no Brasil (on GitHub)
https://raw.githubusercontent.com/wcota/covid19br/master/cases-brazil-cities-time.csv

Rejection ABC fitting of epidemic curves

Model: SEIRD
Parameters: $\beta_{I}$, $\beta_{E}$, $N$, $\mu$, $\gamma$, $t_{c}$, RF_{0}, $E_{0}$
#####################################################################

Number of Samples: 960
Number of Posteriors: 3
RMSD Weights: [1,1]
Training window size: 50
Validation window size: 10

#####################################################################

Posterior No. 3
Execution Time: 0.098 s
Tolerance: eps = 3.011243

Priors' Ranges:

	 $\beta_{I}$: 0.000407 <-> 0.996215
	 $\beta_{E}$: 0.000098 <-> 0.861211
	 $N$: 1398170.790996 <-> 275738364.843385
	 $\mu$: 0.000537 <-> 0.990696
	 $\gamma$: 0.043753 <-> 0.999561
	 $t_{c}$: 0.045505 <-> 29.951096
	 RF_{0}: 0.001626 <-> 0.999291
	 $E_{0}$: 0.001547 <-> 1.977604

Estimated parameters (av +/- std):

	 $\beta_{I}$: 0.522895 +/- 0.231821
	 $\beta_{E}$: 0.058368 +/- 0.086408
	 $N$: 252652108.601560 +/- 77023520.832098
	 $\mu$: 0.019754 +/- 0.257705
	 $\gamma$: 0.894233 +/- 0.209653
	 $t_{c}$: 9.669457 +/- 8.891147
	 RF_{0}: 0.469271 +/- 0.253336
	 $E_{0}$: 0.296005 +/- 0.468652

Posterior distribution on file posterior_'param'.png

RMSD: 0.061680
Weighted RMSD: 0.061680
RMSD for validation data: 0.351511
RMSD for total data: 0.507599
AIC: 16.123360
AIC for validation data: 16.703022
AIC for total data: 17.015198

#####################################################################

Total time on ABC: 0.484 s
Number of trials: 9677

Fit on file model_fit.png