2021-11-14_19-38-02

Data Source: Número de casos confirmados de COVID-19 no Brasil (on GitHub)
https://raw.githubusercontent.com/wcota/covid19br/master/cases-brazil-cities-time.csv

Rejection ABC fitting of epidemic curves

Model: SEIRD
Parameters: $\beta_{I}$, $\beta_{E}$, $N$, $\mu$, $\gamma$, $t_{c}$, RF_{0}, $E_{0}$
#####################################################################

Number of Samples: 48
Number of Posteriors: 3
RMSD Weights: [1,1]
Training window size: 40
Validation window size: 10

#####################################################################

Posterior No. 1
Execution Time: 0.185 s
Tolerance: eps = 0.144222

Priors' Ranges:

	 $\beta_{I}$: 0.000000 <-> 1.000000
	 $\beta_{E}$: 0.000000 <-> 1.000000
	 $N$: 51269.183000 <-> 10253836.600000
	 $\mu$: 0.000000 <-> 1.000000
	 $\gamma$: 0.000000 <-> 1.000000
	 $t_{c}$: 0.000000 <-> 30.000000
	 RF_{0}: 0.000000 <-> 1.000000
	 $E_{0}$: 0.000000 <-> 2.000000

Estimated parameters (av +/- std):

	 $\beta_{I}$: 0.705770 +/- 0.178337
	 $\beta_{E}$: 0.017763 +/- 0.016225
	 $N$: 3354434.363345 +/- 2797802.308505
	 $\mu$: 0.013549 +/- 0.004773
	 $\gamma$: 0.853421 +/- 0.166478
	 $t_{c}$: 18.614760 +/- 5.369376
	 RF_{0}: 0.955583 +/- 0.046069
	 $E_{0}$: 0.068982 +/- 0.049498

Posterior distribution on file posterior_'param'.png

RMSD: 0.026667
Weighted RMSD: 0.026667
RMSD for validation data: 0.507612
RMSD for total data: 0.433979
AIC: 16.053334
AIC for validation data: 17.015224
AIC for total data: 16.867957

#####################################################################

Total time on ABC: 0.185 s
Number of trials: 10963

Fit on file model_fit.png