2021-11-14_07-46-07

Data Source: Número de casos confirmados de COVID-19 no Brasil (on GitHub)
https://raw.githubusercontent.com/wcota/covid19br/master/cases-brazil-cities-time.csv

Rejection ABC fitting of epidemic curves

Model: SEIRD
Parameters: $\beta_{I}$, $\beta_{E}$, $N$, $\mu$, $\gamma$, $t_{c}$, RF_{0}, $E_{0}$
#####################################################################

Number of Samples: 48
Number of Posteriors: 3
RMSD Weights: [1,1]
Training window size: 40
Validation window size: 10

#####################################################################

Posterior No. 1
Execution Time: 3.705 s
Tolerance: eps = 0.023283

Priors' Ranges:

	 $\beta_{I}$: 0.000000 <-> 1.000000
	 $\beta_{E}$: 0.000000 <-> 1.000000
	 $N$: 212559.409000 <-> 42511881.800000
	 $\mu$: 0.000000 <-> 1.000000
	 $\gamma$: 0.000000 <-> 1.000000
	 $t_{c}$: 0.000000 <-> 30.000000
	 RF_{0}: 0.000000 <-> 1.000000
	 $E_{0}$: 0.000000 <-> 2.000000

Estimated parameters (av +/- std):

	 $\beta_{I}$: 0.092270 +/- 0.262408
	 $\beta_{E}$: 0.080396 +/- 0.021940
	 $N$: 4976203.410617 +/- 10754980.122200
	 $\mu$: 0.020098 +/- 0.005210
	 $\gamma$: 0.663213 +/- 0.167607
	 $t_{c}$: 28.403689 +/- 5.705949
	 RF_{0}: 0.887114 +/- 0.056790
	 $E_{0}$: 1.024078 +/- 0.242658

Posterior distribution on file posterior_'param'.png

RMSD: 0.011258
Weighted RMSD: 0.011258
RMSD for validation data: 0.097284
RMSD for total data: 0.342776
AIC: 16.022516
AIC for validation data: 16.194569
AIC for total data: 16.685552

#####################################################################

Total time on ABC: 3.705 s
Number of trials: 220736

Fit on file model_fit.png