2021-11-14_19-22-12

Data Source: Número de casos confirmados de COVID-19 no Brasil (on GitHub)
https://raw.githubusercontent.com/wcota/covid19br/master/cases-brazil-cities-time.csv

Rejection ABC fitting of epidemic curves

Model: SEIRD
Parameters: $\beta_{I}$, $\beta_{E}$, $N$, $\mu$, $\gamma$, $t_{c}$, RF_{0}, $E_{0}$
#####################################################################

Number of Samples: 48
Number of Posteriors: 3
RMSD Weights: [1,1]
Training window size: 50
Validation window size: 10

#####################################################################

Posterior No. 1
Execution Time: 0.209 s
Tolerance: eps = 0.080874

Priors' Ranges:

	 $\beta_{I}$: 0.000000 <-> 1.000000
	 $\beta_{E}$: 0.000000 <-> 1.000000
	 $N$: 51269.183000 <-> 10253836.600000
	 $\mu$: 0.000000 <-> 1.000000
	 $\gamma$: 0.000000 <-> 1.000000
	 $t_{c}$: 0.000000 <-> 30.000000
	 RF_{0}: 0.000000 <-> 1.000000
	 $E_{0}$: 0.000000 <-> 2.000000

Estimated parameters (av +/- std):

	 $\beta_{I}$: 0.064610 +/- 0.044652
	 $\beta_{E}$: 0.001031 +/- 0.013296
	 $N$: 7182418.401023 +/- 2831554.274356
	 $\mu$: 0.006022 +/- 0.001901
	 $\gamma$: 0.224795 +/- 0.075104
	 $t_{c}$: 21.866429 +/- 5.723422
	 RF_{0}: 0.974273 +/- 0.030270
	 $E_{0}$: 0.522933 +/- 0.129104

Posterior distribution on file posterior_'param'.png

RMSD: 0.012005
Weighted RMSD: 0.012005
RMSD for validation data: 0.293457
RMSD for total data: 0.433979
AIC: 16.024009
AIC for validation data: 16.586914
AIC for total data: 16.867957

#####################################################################

Total time on ABC: 0.209 s
Number of trials: 10785

Fit on file model_fit.png