2021-11-14_20-30-25

Data Source: Número de casos confirmados de COVID-19 no Brasil (on GitHub)
https://raw.githubusercontent.com/wcota/covid19br/master/cases-brazil-cities-time.csv

Rejection ABC fitting of epidemic curves

Model: SEIRD
Parameters: $\beta_{I}$, $\beta_{E}$, $N$, $\mu$, $\gamma$, $t_{c}$, RF_{0}, $E_{0}$
#####################################################################

Number of Samples: 960
Number of Posteriors: 3
RMSD Weights: [1,1]
Training window size: 35
Validation window size: 10

#####################################################################

Posterior No. 3
Execution Time: 0.088 s
Tolerance: eps = 0.325327

Priors' Ranges:

	 $\beta_{I}$: 0.001524 <-> 0.999241
	 $\beta_{E}$: 0.007342 <-> 0.317468
	 $N$: 90517.045688 <-> 10249102.097293
	 $\mu$: 0.000404 <-> 0.996387
	 $\gamma$: 0.029752 <-> 0.997816
	 $t_{c}$: 1.842733 <-> 29.886701
	 RF_{0}: 0.014899 <-> 0.999690
	 $E_{0}$: 0.001047 <-> 1.998587

Estimated parameters (av +/- std):

	 $\beta_{I}$: 0.653918 +/- 0.266083
	 $\beta_{E}$: 0.207793 +/- 0.045595
	 $N$: 3856352.070121 +/- 2764420.933228
	 $\mu$: 0.006999 +/- 0.248687
	 $\gamma$: 0.557724 +/- 0.236062
	 $t_{c}$: 27.601537 +/- 6.301239
	 RF_{0}: 0.759000 +/- 0.240634
	 $E_{0}$: 1.619063 +/- 0.491269

Posterior distribution on file posterior_'param'.png

RMSD: 0.203884
Weighted RMSD: 0.203884
RMSD for validation data: 11.145624
RMSD for total data: 0.433979
AIC: 16.407768
AIC for validation data: 38.291249
AIC for total data: 16.867957

#####################################################################

Total time on ABC: 0.365 s
Number of trials: 6954

Fit on file model_fit.png