2021-12-01_05-20-35

Data Source: Número de casos confirmados de COVID-19 no Brasil (on GitHub)
https://raw.githubusercontent.com/wcota/covid19br/master/cases-brazil-cities-time.csv

Rejection ABC fitting of epidemic curves

Model: SEIRD
Parameters: $\beta_{I}$, $\beta_{E}$, $N$, $\mu$, $\gamma$, $t_{c}$, RF_{0}, $E_{0}$
#####################################################################

Number of Samples: 99984
Number of Posteriors: 3
RMSD Weights: [1,1]
Training window size: 20
Validation window size: 10

#####################################################################

Posterior No. 2
Execution Time: 82.849 s
Tolerance: eps = 10.020074

Priors' Ranges:

	 $\beta_{I}$: 0.000051 <-> 0.999976
	 $\beta_{E}$: 0.000043 <-> 0.999989
	 $N$: 212769.797324 <-> 42510033.717688
	 $\mu$: 0.000002 <-> 0.999985
	 $\gamma$: 0.000085 <-> 0.999960
	 $t_{c}$: 0.039853 <-> 29.998726
	 RF_{0}: 0.000010 <-> 0.999994
	 $E_{0}$: 0.000007 <-> 1.999875

Estimated parameters (av +/- std):

	 $\beta_{I}$: 0.374148 +/- 0.266752
	 $\beta_{E}$: 0.152175 +/- 0.267504
	 $N$: 39628035.664827 +/- 8811716.344326
	 $\mu$: 0.011743 +/- 0.181357
	 $\gamma$: 0.775616 +/- 0.228158
	 $t_{c}$: 9.404884 +/- 7.644913
	 RF_{0}: 0.960079 +/- 0.229632
	 $E_{0}$: 0.025201 +/- 0.545464

Posterior distribution on file posterior_'param'.png

RMSD: 0.065994
Weighted RMSD: 0.065994
RMSD for validation data: 0.325221
RMSD for total data: 0.692007
AIC: 16.131988
AIC for validation data: 16.650443
AIC for total data: 17.384015

#####################################################################

Total time on ABC: 91.821 s
Number of trials: 1345276

Fit on file model_fit.png