2021-11-14_07-46-07

Data Source: Número de casos confirmados de COVID-19 no Brasil (on GitHub)
https://raw.githubusercontent.com/wcota/covid19br/master/cases-brazil-cities-time.csv

Rejection ABC fitting of epidemic curves

Model: SEIRD
Parameters: $\beta_{I}$, $\beta_{E}$, $N$, $\mu$, $\gamma$, $t_{c}$, RF_{0}, $E_{0}$
#####################################################################

Number of Samples: 960
Number of Posteriors: 3
RMSD Weights: [1,1]
Training window size: 50
Validation window size: 10

#####################################################################

Posterior No. 3
Execution Time: 1.577 s
Tolerance: eps = 0.034686

Priors' Ranges:

	 $\beta_{I}$: 0.011584 <-> 0.988528
	 $\beta_{E}$: 0.002443 <-> 0.315658
	 $N$: 569237.395586 <-> 42361536.944011
	 $\mu$: 0.019342 <-> 0.087951
	 $\gamma$: 0.228690 <-> 0.999601
	 $t_{c}$: 0.577535 <-> 15.262453
	 RF_{0}: 0.001299 <-> 0.997343
	 $E_{0}$: 0.017078 <-> 1.998077

Estimated parameters (av +/- std):

	 $\beta_{I}$: 0.819997 +/- 0.235770
	 $\beta_{E}$: 0.096569 +/- 0.044186
	 $N$: 31211237.368188 +/- 10933314.672587
	 $\mu$: 0.071162 +/- 0.013320
	 $\gamma$: 0.893671 +/- 0.171535
	 $t_{c}$: 5.602671 +/- 2.550640
	 RF_{0}: 0.909020 +/- 0.259389
	 $E_{0}$: 1.295783 +/- 0.415979

Posterior distribution on file posterior_'param'.png

RMSD: 0.009894
Weighted RMSD: 0.009894
RMSD for validation data: 0.194371
RMSD for total data: 0.838073
AIC: 16.019788
AIC for validation data: 16.388743
AIC for total data: 17.676146

#####################################################################

Total time on ABC: 2.996 s
Number of trials: 68200

Fit on file model_fit.png