2021-11-14_05-08-12

Data Source: Número de casos confirmados de COVID-19 no Brasil (on GitHub)
https://raw.githubusercontent.com/wcota/covid19br/master/cases-brazil-cities-time.csv

Rejection ABC fitting of epidemic curves

Model: SEIRD
Parameters: $\beta_{I}$, $\beta_{E}$, $N$, $\mu$, $\gamma$, $t_{c}$, RF_{0}, $E_{0}$
#####################################################################

Number of Samples: 960
Number of Posteriors: 3
RMSD Weights: [1,1]
Training window size: 15
Validation window size: 10

#####################################################################

Posterior No. 2
Execution Time: 0.053 s
Tolerance: eps = 157.647859

Priors' Ranges:

	 $\beta_{I}$: 0.000129 <-> 0.999913
	 $\beta_{E}$: 0.000065 <-> 0.884557
	 $N$: 153581.116561 <-> 25223934.271560
	 $\mu$: 0.000159 <-> 0.993999
	 $\gamma$: 0.001333 <-> 0.998532
	 $t_{c}$: 0.115161 <-> 29.988589
	 RF_{0}: 0.007515 <-> 0.999117
	 $E_{0}$: 0.001150 <-> 1.999038

Estimated parameters (av +/- std):

	 $\beta_{I}$: 0.123820 +/- 0.262038
	 $\beta_{E}$: 0.201151 +/- 0.106607
	 $N$: 5187545.628076 +/- 6819791.002470
	 $\mu$: 0.000785 +/- 0.213614
	 $\gamma$: 0.702383 +/- 0.227272
	 $t_{c}$: 14.237728 +/- 7.456931
	 RF_{0}: 0.708424 +/- 0.250441
	 $E_{0}$: 0.394106 +/- 0.506407

Posterior distribution on file posterior_'param'.png

RMSD: 1.392262
Weighted RMSD: 1.392262
RMSD for validation data: 7.060231
RMSD for total data: 3.773458
AIC: 18.784523
AIC for validation data: 30.120461
AIC for total data: 23.546916

#####################################################################

Total time on ABC: 0.152 s
Number of trials: 8798

Fit on file model_fit.png