2022-03-08_16-35-49

Data Source: Número de casos confirmados de COVID-19 no Brasil (on GitHub)
https://raw.githubusercontent.com/wcota/covid19br/master/cases-brazil-cities-time.csv

Rejection ABC fitting of epidemic curves

Model: SEIRD
Parameters: $\beta_{I}$, $\beta_{E}$, $N$, $\mu$, $\gamma$, $t_{c}$, RF_{0}, $E_{0}$
#####################################################################

Number of Samples: 960
Number of Posteriors: 3
RMSD Weights: [1,1]
Training window size: 40
Validation window size: 10

#####################################################################

Posterior No. 3
Execution Time: 12.017 s
Tolerance: eps = 0.021439

Priors' Ranges:

	 $\beta_{I}$: 0.002940 <-> 0.994608
	 $\beta_{E}$: 0.000113 <-> 0.152281
	 $N$: 11380183.089090 <-> 106016530.008925
	 $\mu$: 0.004251 <-> 0.017548
	 $\gamma$: 0.233278 <-> 0.999100
	 $t_{c}$: 4.685096 <-> 29.976976
	 RF_{0}: 0.981775 <-> 0.999994
	 $E_{0}$: 0.034199 <-> 0.214624

Estimated parameters (av +/- std):

	 $\beta_{I}$: 0.203541 +/- 0.255189
	 $\beta_{E}$: 0.010313 +/- 0.019259
	 $N$: 55417059.303708 +/- 24913182.332025
	 $\mu$: 0.004251 +/- 0.002947
	 $\gamma$: 0.233278 +/- 0.174756
	 $t_{c}$: 22.638926 +/- 5.013314
	 RF_{0}: 0.986503 +/- 0.003382
	 $E_{0}$: 0.169127 +/- 0.034151

Posterior distribution on file posterior_'param'.png

RMSD: 0.018690
Weighted RMSD: 0.018690
RMSD for validation data: 0.266903
RMSD for total data: 0.449499
AIC: 16.037380
AIC for validation data: 16.533805
AIC for total data: 16.898998

#####################################################################

Total time on ABC: 27.034 s
Number of trials: 689471

Fit on file model_fit.png