2021-11-14_21-31-10

Data Source: Número de casos confirmados de COVID-19 no Brasil (on GitHub)
https://raw.githubusercontent.com/wcota/covid19br/master/cases-brazil-cities-time.csv

Rejection ABC fitting of epidemic curves

Model: SEIRD
Parameters: $\beta_{I}$, $\beta_{E}$, $N$, $\mu$, $\gamma$, $t_{c}$, RF_{0}, $E_{0}$
#####################################################################

Number of Samples: 960
Number of Posteriors: 3
RMSD Weights: [1,1]
Training window size: 50
Validation window size: 10

#####################################################################

Posterior No. 2
Execution Time: 3.154 s
Tolerance: eps = 0.016614

Priors' Ranges:

	 $\beta_{I}$: 0.001130 <-> 0.968056
	 $\beta_{E}$: 0.070742 <-> 0.207836
	 $N$: 1802973.857730 <-> 1965265.307369
	 $\mu$: 0.014130 <-> 0.064994
	 $\gamma$: 0.200340 <-> 0.878220
	 $t_{c}$: 15.125890 <-> 25.835475
	 RF_{0}: 0.327665 <-> 0.995464
	 $E_{0}$: 1.544370 <-> 1.999564

Estimated parameters (av +/- std):

	 $\beta_{I}$: 0.674793 +/- 0.215076
	 $\beta_{E}$: 0.095694 +/- 0.029108
	 $N$: 1927212.058283 +/- 26660.608443
	 $\mu$: 0.033130 +/- 0.008328
	 $\gamma$: 0.451810 +/- 0.113437
	 $t_{c}$: 19.230018 +/- 1.972280
	 RF_{0}: 0.745641 +/- 0.095996
	 $E_{0}$: 1.927980 +/- 0.080333

Posterior distribution on file posterior_'param'.png

RMSD: 0.012233
Weighted RMSD: 0.012233
RMSD for validation data: 0.356319
RMSD for total data: 0.390540
AIC: 16.024465
AIC for validation data: 16.712637
AIC for total data: 16.781080

#####################################################################

Total time on ABC: 8.739 s
Number of trials: 106351

Fit on file model_fit.png