2021-11-14_04-14-21

Data Source: Número de casos confirmados de COVID-19 no Brasil (on GitHub)
https://raw.githubusercontent.com/wcota/covid19br/master/cases-brazil-cities-time.csv

Rejection ABC fitting of epidemic curves

Model: SEIRD
Parameters: $\beta_{I}$, $\beta_{E}$, $N$, $\mu$, $\gamma$, $t_{c}$, RF_{0}, $E_{0}$
#####################################################################

Number of Samples: 960
Number of Posteriors: 3
RMSD Weights: [1,1]
Training window size: 45
Validation window size: 10

#####################################################################

Posterior No. 2
Execution Time: 0.148 s
Tolerance: eps = 0.161875

Priors' Ranges:

	 $\beta_{I}$: 0.000244 <-> 0.997751
	 $\beta_{E}$: 0.000242 <-> 0.381262
	 $N$: 136001.575611 <-> 25230634.030871
	 $\mu$: 0.002653 <-> 0.044935
	 $\gamma$: 0.003443 <-> 0.997458
	 $t_{c}$: 0.336113 <-> 15.996947
	 RF_{0}: 0.000020 <-> 0.993541
	 $E_{0}$: 0.021561 <-> 1.998452

Estimated parameters (av +/- std):

	 $\beta_{I}$: 0.526080 +/- 0.222653
	 $\beta_{E}$: 0.121324 +/- 0.051550
	 $N$: 20260960.173224 +/- 6910512.273753
	 $\mu$: 0.032726 +/- 0.009351
	 $\gamma$: 0.971901 +/- 0.201905
	 $t_{c}$: 11.010410 +/- 3.415376
	 RF_{0}: 0.291225 +/- 0.223300
	 $E_{0}$: 1.350330 +/- 0.494414

Posterior distribution on file posterior_'param'.png

RMSD: 0.051718
Weighted RMSD: 0.051718
RMSD for validation data: 0.224759
RMSD for total data: 27.779855
AIC: 16.103436
AIC for validation data: 16.449518
AIC for total data: 71.559711

#####################################################################

Total time on ABC: 0.235 s
Number of trials: 8692

Fit on file model_fit.png