2021-11-14_06-19-53

Data Source: Número de casos confirmados de COVID-19 no Brasil (on GitHub)
https://raw.githubusercontent.com/wcota/covid19br/master/cases-brazil-cities-time.csv

Rejection ABC fitting of epidemic curves

Model: SEIRD
Parameters: $\beta_{I}$, $\beta_{E}$, $N$, $\mu$, $\gamma$, $t_{c}$, RF_{0}, $E_{0}$
#####################################################################

Number of Samples: 960
Number of Posteriors: 3
RMSD Weights: [1,1]
Training window size: 40
Validation window size: 10

#####################################################################

Posterior No. 3
Execution Time: 0.186 s
Tolerance: eps = 14.387772

Priors' Ranges:

	 $\beta_{I}$: 0.000344 <-> 0.995728
	 $\beta_{E}$: 0.000031 <-> 0.998501
	 $N$: 87422.057334 <-> 16662131.467002
	 $\mu$: 0.000099 <-> 0.968365
	 $\gamma$: 0.026171 <-> 0.998832
	 $t_{c}$: 0.107073 <-> 29.955526
	 RF_{0}: 0.000751 <-> 0.998511
	 $E_{0}$: 0.000354 <-> 1.999101

Estimated parameters (av +/- std):

	 $\beta_{I}$: 0.147315 +/- 0.263422
	 $\beta_{E}$: 0.200498 +/- 0.278036
	 $N$: 480887.200943 +/- 4425986.787353
	 $\mu$: 0.001454 +/- 0.165805
	 $\gamma$: 0.911405 +/- 0.208390
	 $t_{c}$: 10.660416 +/- 8.530786
	 RF_{0}: 0.729160 +/- 0.261660
	 $E_{0}$: 0.833125 +/- 0.571938

Posterior distribution on file posterior_'param'.png

RMSD: 0.238543
Weighted RMSD: 0.238543
RMSD for validation data: 1.580711
RMSD for total data: 0.375254
AIC: 16.477085
AIC for validation data: 19.161422
AIC for total data: 16.750508

#####################################################################

Total time on ABC: 0.624 s
Number of trials: 22796

Fit on file model_fit.png