2021-11-14_07-46-07

Data Source: Número de casos confirmados de COVID-19 no Brasil (on GitHub)
https://raw.githubusercontent.com/wcota/covid19br/master/cases-brazil-cities-time.csv

Rejection ABC fitting of epidemic curves

Model: SEIRD
Parameters: $\beta_{I}$, $\beta_{E}$, $N$, $\mu$, $\gamma$, $t_{c}$, RF_{0}, $E_{0}$
#####################################################################

Number of Samples: 960
Number of Posteriors: 3
RMSD Weights: [1,1]
Training window size: 40
Validation window size: 10

#####################################################################

Posterior No. 3
Execution Time: 43.279 s
Tolerance: eps = 0.011313

Priors' Ranges:

	 $\beta_{I}$: 0.003706 <-> 0.994947
	 $\beta_{E}$: 0.000310 <-> 0.086372
	 $N$: 6137463.278526 <-> 42413192.254491
	 $\mu$: 0.007976 <-> 0.023969
	 $\gamma$: 0.345434 <-> 0.999802
	 $t_{c}$: 7.148491 <-> 29.970072
	 RF_{0}: 0.924413 <-> 0.990766
	 $E_{0}$: 0.170501 <-> 0.735842

Estimated parameters (av +/- std):

	 $\beta_{I}$: 0.700710 +/- 0.244732
	 $\beta_{E}$: 0.018142 +/- 0.016044
	 $N$: 37799375.067270 +/- 9505121.940212
	 $\mu$: 0.023091 +/- 0.003537
	 $\gamma$: 0.987563 +/- 0.148708
	 $t_{c}$: 16.082916 +/- 4.977092
	 RF_{0}: 0.970550 +/- 0.011098
	 $E_{0}$: 0.380591 +/- 0.119635

Posterior distribution on file posterior_'param'.png

RMSD: 0.009437
Weighted RMSD: 0.009437
RMSD for validation data: 0.052677
RMSD for total data: 0.449499
AIC: 16.018874
AIC for validation data: 16.105354
AIC for total data: 16.898998

#####################################################################

Total time on ABC: 83.496 s
Number of trials: 2674183

Fit on file model_fit.png