2021-11-14_20-35-18

Data Source: Número de casos confirmados de COVID-19 no Brasil (on GitHub)
https://raw.githubusercontent.com/wcota/covid19br/master/cases-brazil-cities-time.csv

Rejection ABC fitting of epidemic curves

Model: SEIRD
Parameters: $\beta_{I}$, $\beta_{E}$, $N$, $\mu$, $\gamma$, $t_{c}$, RF_{0}, $E_{0}$
#####################################################################

Number of Samples: 960
Number of Posteriors: 3
RMSD Weights: [1,1]
Training window size: 15
Validation window size: 10

#####################################################################

Posterior No. 3
Execution Time: 0.069 s
Tolerance: eps = 15.825119

Priors' Ranges:

	 $\beta_{I}$: 0.000681 <-> 0.998572
	 $\beta_{E}$: 0.000004 <-> 0.990167
	 $N$: 73411.471178 <-> 13571257.248296
	 $\mu$: 0.000020 <-> 0.998200
	 $\gamma$: 0.003543 <-> 0.999959
	 $t_{c}$: 0.679097 <-> 29.958805
	 RF_{0}: 0.009656 <-> 0.999947
	 $E_{0}$: 0.000360 <-> 1.984054

Estimated parameters (av +/- std):

	 $\beta_{I}$: 0.820308 +/- 0.266064
	 $\beta_{E}$: 0.067642 +/- 0.216046
	 $N$: 6684477.517392 +/- 4025274.494014
	 $\mu$: 0.075834 +/- 0.222283
	 $\gamma$: 0.882116 +/- 0.219697
	 $t_{c}$: 26.942867 +/- 6.992210
	 RF_{0}: 0.964448 +/- 0.230153
	 $E_{0}$: 0.056768 +/- 0.480810

Posterior distribution on file posterior_'param'.png

RMSD: 0.343279
Weighted RMSD: 0.343279
RMSD for validation data: 3.357144
RMSD for total data: 0.804390
AIC: 16.686558
AIC for validation data: 22.714287
AIC for total data: 17.608780

#####################################################################

Total time on ABC: 0.232 s
Number of trials: 14849

Fit on file model_fit.png