2022-03-08_15-59-04

Data Source: Número de casos confirmados de COVID-19 no Brasil (on GitHub)
https://raw.githubusercontent.com/wcota/covid19br/master/cases-brazil-cities-time.csv

Rejection ABC fitting of epidemic curves

Model: SEIRD
Parameters: $\beta_{I}$, $\beta_{E}$, $N$, $\mu$, $\gamma$, $t_{c}$, RF_{0}, $E_{0}$
#####################################################################

Number of Samples: 48
Number of Posteriors: 3
RMSD Weights: [1,1]
Training window size: 30
Validation window size: 10

#####################################################################

Posterior No. 1
Execution Time: 1.045 s
Tolerance: eps = 0.03

Priors' Ranges:

	 $\beta_{I}$: 0.000000 <-> 1.000000
	 $\beta_{E}$: 0.000000 <-> 1.000000
	 $N$: 2125594.090000 <-> 106279704.500000
	 $\mu$: 0.000000 <-> 1.000000
	 $\gamma$: 0.000000 <-> 1.000000
	 $t_{c}$: 0.000000 <-> 30.000000
	 RF_{0}: 0.000000 <-> 1.000000
	 $E_{0}$: 0.000000 <-> 2.000000

Estimated parameters (av +/- std):

	 $\beta_{I}$: 0.629850 +/- 0.263288
	 $\beta_{E}$: 0.123055 +/- 0.028273
	 $N$: 14690764.521819 +/- 25421473.350456
	 $\mu$: 0.019380 +/- 0.003498
	 $\gamma$: 0.982076 +/- 0.178787
	 $t_{c}$: 26.303827 +/- 5.608350
	 RF_{0}: 0.994085 +/- 0.003634
	 $E_{0}$: 0.137206 +/- 0.027862

Posterior distribution on file posterior_'param'.png

RMSD: 0.017643
Weighted RMSD: 0.017643
RMSD for validation data: 0.124323
RMSD for total data: 0.227462
AIC: 16.035286
AIC for validation data: 16.248645
AIC for total data: 16.454924

#####################################################################

Total time on ABC: 1.045 s
Number of trials: 64438

Fit on file model_fit.png