2021-11-14_04-03-32

Data Source: Número de casos confirmados de COVID-19 no Brasil (on GitHub)
https://raw.githubusercontent.com/wcota/covid19br/master/cases-brazil-cities-time.csv

Rejection ABC fitting of epidemic curves

Model: SEIRD
Parameters: $\beta_{I}$, $\beta_{E}$, $N$, $\mu$, $\gamma$, $t_{c}$, RF_{0}, $E_{0}$
#####################################################################

Number of Samples: 960
Number of Posteriors: 3
RMSD Weights: [1,1]
Training window size: 45
Validation window size: 10

#####################################################################

Posterior No. 2
Execution Time: 4.265 s
Tolerance: eps = 0.028768

Priors' Ranges:

	 $\beta_{I}$: 0.000087 <-> 0.997346
	 $\beta_{E}$: 0.013989 <-> 0.171570
	 $N$: 171172.362440 <-> 25272644.449219
	 $\mu$: 0.003949 <-> 0.025093
	 $\gamma$: 0.107017 <-> 0.999388
	 $t_{c}$: 6.026090 <-> 29.996243
	 RF_{0}: 0.000407 <-> 0.747016
	 $E_{0}$: 0.017249 <-> 1.989149

Estimated parameters (av +/- std):

	 $\beta_{I}$: 0.392613 +/- 0.267697
	 $\beta_{E}$: 0.090442 +/- 0.022395
	 $N$: 21862888.258777 +/- 6635665.414915
	 $\mu$: 0.013870 +/- 0.004023
	 $\gamma$: 0.554173 +/- 0.179352
	 $t_{c}$: 29.340632 +/- 5.225426
	 RF_{0}: 0.079145 +/- 0.158365
	 $E_{0}$: 1.544227 +/- 0.462678

Posterior distribution on file posterior_'param'.png

RMSD: 0.023506
Weighted RMSD: 0.023506
RMSD for validation data: 1.460954
RMSD for total data: 30.115519
AIC: 16.047011
AIC for validation data: 18.921909
AIC for total data: 76.231038

#####################################################################

Total time on ABC: 6.488 s
Number of trials: 235763

Fit on file model_fit.png