2021-11-14_19-26-42

Data Source: Número de casos confirmados de COVID-19 no Brasil (on GitHub)
https://raw.githubusercontent.com/wcota/covid19br/master/cases-brazil-cities-time.csv

Rejection ABC fitting of epidemic curves

Model: SEIRD
Parameters: $\beta_{I}$, $\beta_{E}$, $N$, $\mu$, $\gamma$, $t_{c}$, RF_{0}, $E_{0}$
#####################################################################

Number of Samples: 960
Number of Posteriors: 3
RMSD Weights: [1,1]
Training window size: 45
Validation window size: 10

#####################################################################

Posterior No. 3
Execution Time: 0.080 s
Tolerance: eps = 0.175209

Priors' Ranges:

	 $\beta_{I}$: 0.000222 <-> 0.788404
	 $\beta_{E}$: 0.000130 <-> 0.080435
	 $N$: 311104.340635 <-> 13553589.705857
	 $\mu$: 0.029048 <-> 0.187117
	 $\gamma$: 0.410334 <-> 0.997909
	 $t_{c}$: 2.836730 <-> 29.839737
	 RF_{0}: 0.455619 <-> 0.999489
	 $E_{0}$: 0.000663 <-> 0.655320

Estimated parameters (av +/- std):

	 $\beta_{I}$: 0.055086 +/- 0.154725
	 $\beta_{E}$: 0.018732 +/- 0.014405
	 $N$: 12882154.108875 +/- 2785880.325971
	 $\mu$: 0.083411 +/- 0.021597
	 $\gamma$: 0.709866 +/- 0.101899
	 $t_{c}$: 19.692863 +/- 5.569768
	 RF_{0}: 0.911382 +/- 0.119533
	 $E_{0}$: 0.390310 +/- 0.095953

Posterior distribution on file posterior_'param'.png

RMSD: 0.030956
Weighted RMSD: 0.030956
RMSD for validation data: 0.428446
RMSD for total data: 0.498565
AIC: 16.061913
AIC for validation data: 16.856892
AIC for total data: 16.997129

#####################################################################

Total time on ABC: 0.208 s
Number of trials: 4560

Fit on file model_fit.png