2021-11-14_21-02-25

Data Source: Número de casos confirmados de COVID-19 no Brasil (on GitHub)
https://raw.githubusercontent.com/wcota/covid19br/master/cases-brazil-cities-time.csv

Rejection ABC fitting of epidemic curves

Model: SEIRD
Parameters: $\beta_{I}$, $\beta_{E}$, $N$, $\mu$, $\gamma$, $t_{c}$, RF_{0}, $E_{0}$
#####################################################################

Number of Samples: 48
Number of Posteriors: 3
RMSD Weights: [1,1]
Training window size: 45
Validation window size: 10

#####################################################################

Posterior No. 1
Execution Time: 0.177 s
Tolerance: eps = 0.093128

Priors' Ranges:

	 $\beta_{I}$: 0.000000 <-> 1.000000
	 $\beta_{E}$: 0.000000 <-> 1.000000
	 $N$: 331002.647000 <-> 66200529.400000
	 $\mu$: 0.000000 <-> 1.000000
	 $\gamma$: 0.000000 <-> 1.000000
	 $t_{c}$: 0.000000 <-> 30.000000
	 RF_{0}: 0.000000 <-> 1.000000
	 $E_{0}$: 0.000000 <-> 2.000000

Estimated parameters (av +/- std):

	 $\beta_{I}$: 0.190720 +/- 0.200719
	 $\beta_{E}$: 0.041254 +/- 0.024140
	 $N$: 24104623.634616 +/- 17399691.012126
	 $\mu$: 0.013816 +/- 0.003582
	 $\gamma$: 0.671183 +/- 0.187668
	 $t_{c}$: 19.526520 +/- 5.815319
	 RF_{0}: 0.984293 +/- 0.014926
	 $E_{0}$: 0.251634 +/- 0.103665

Posterior distribution on file posterior_'param'.png

RMSD: 0.008385
Weighted RMSD: 0.008385
RMSD for validation data: 0.094029
RMSD for total data: 0.486714
AIC: 16.016769
AIC for validation data: 16.188058
AIC for total data: 16.973429

#####################################################################

Total time on ABC: 0.177 s
Number of trials: 9269

Fit on file model_fit.png