2021-11-14_20-30-25

Data Source: Número de casos confirmados de COVID-19 no Brasil (on GitHub)
https://raw.githubusercontent.com/wcota/covid19br/master/cases-brazil-cities-time.csv

Rejection ABC fitting of epidemic curves

Model: SEIRD
Parameters: $\beta_{I}$, $\beta_{E}$, $N$, $\mu$, $\gamma$, $t_{c}$, RF_{0}, $E_{0}$
#####################################################################

Number of Samples: 48
Number of Posteriors: 3
RMSD Weights: [1,1]
Training window size: 25
Validation window size: 10

#####################################################################

Posterior No. 1
Execution Time: 0.139 s
Tolerance: eps = 572.637293

Priors' Ranges:

	 $\beta_{I}$: 0.000000 <-> 1.000000
	 $\beta_{E}$: 0.000000 <-> 1.000000
	 $N$: 51269.183000 <-> 10253836.600000
	 $\mu$: 0.000000 <-> 1.000000
	 $\gamma$: 0.000000 <-> 1.000000
	 $t_{c}$: 0.000000 <-> 30.000000
	 RF_{0}: 0.000000 <-> 1.000000
	 $E_{0}$: 0.000000 <-> 2.000000

Estimated parameters (av +/- std):

	 $\beta_{I}$: 0.051338 +/- 0.277487
	 $\beta_{E}$: 0.684166 +/- 0.182647
	 $N$: 8789502.907790 +/- 3030515.859209
	 $\mu$: 0.038275 +/- 0.304829
	 $\gamma$: 0.773346 +/- 0.253362
	 $t_{c}$: 0.580289 +/- 9.061297
	 RF_{0}: 0.953622 +/- 0.281528
	 $E_{0}$: 0.024030 +/- 0.560447

Posterior distribution on file posterior_'param'.png

RMSD: 2.711427
Weighted RMSD: 2.711427
RMSD for validation data: 5.406168
RMSD for total data: 0.433979
AIC: 21.422853
AIC for validation data: 26.812336
AIC for total data: 16.867957

#####################################################################

Total time on ABC: 0.139 s
Number of trials: 9426

Fit on file model_fit.png