2021-11-29_22-05-24

Data Source: Número de casos confirmados de COVID-19 no Brasil (on GitHub)
https://raw.githubusercontent.com/wcota/covid19br/master/cases-brazil-cities-time.csv

Rejection ABC fitting of epidemic curves

Model: SEIRD
Parameters: $\beta_{I}$, $\beta_{E}$, $N$, $\mu$, $\gamma$, $t_{c}$, RF_{0}, $E_{0}$
#####################################################################

Number of Samples: 9984
Number of Posteriors: 3
RMSD Weights: [1,1]
Training window size: 25
Validation window size: 10

#####################################################################

Posterior No. 3
Execution Time: 1.328 s
Tolerance: eps = 0.414358

Priors' Ranges:

	 $\beta_{I}$: 0.000065 <-> 0.999556
	 $\beta_{E}$: 0.000055 <-> 0.997459
	 $N$: 218434.358150 <-> 42491683.956624
	 $\mu$: 0.000083 <-> 0.996606
	 $\gamma$: 0.001999 <-> 0.999913
	 $t_{c}$: 0.041017 <-> 29.999250
	 RF_{0}: 0.000388 <-> 0.999647
	 $E_{0}$: 0.000132 <-> 1.999176

Estimated parameters (av +/- std):

	 $\beta_{I}$: 0.726636 +/- 0.257828
	 $\beta_{E}$: 0.032350 +/- 0.068302
	 $N$: 19557912.587326 +/- 11454812.994550
	 $\mu$: 0.048546 +/- 0.217596
	 $\gamma$: 0.592110 +/- 0.213098
	 $t_{c}$: 9.649280 +/- 7.761705
	 RF_{0}: 0.854990 +/- 0.251060
	 $E_{0}$: 1.011908 +/- 0.488608

Posterior distribution on file posterior_'param'.png

RMSD: 0.017875
Weighted RMSD: 0.017875
RMSD for validation data: 0.123155
RMSD for total data: 0.318977
AIC: 16.035749
AIC for validation data: 16.246310
AIC for total data: 16.637953

#####################################################################

Total time on ABC: 4.132 s
Number of trials: 73846

Fit on file model_fit.png