2021-11-14_06-19-53

Data Source: Número de casos confirmados de COVID-19 no Brasil (on GitHub)
https://raw.githubusercontent.com/wcota/covid19br/master/cases-brazil-cities-time.csv

Rejection ABC fitting of epidemic curves

Model: SEIRD
Parameters: $\beta_{I}$, $\beta_{E}$, $N$, $\mu$, $\gamma$, $t_{c}$, RF_{0}, $E_{0}$
#####################################################################

Number of Samples: 960
Number of Posteriors: 3
RMSD Weights: [1,1]
Training window size: 30
Validation window size: 10

#####################################################################

Posterior No. 3
Execution Time: 0.062 s
Tolerance: eps = 0.511989

Priors' Ranges:

	 $\beta_{I}$: 0.001338 <-> 0.999889
	 $\beta_{E}$: 0.000333 <-> 0.932710
	 $N$: 128033.256268 <-> 16755711.415232
	 $\mu$: 0.000907 <-> 0.988069
	 $\gamma$: 0.063840 <-> 0.999593
	 $t_{c}$: 0.072944 <-> 29.989967
	 RF_{0}: 0.007427 <-> 0.999893
	 $E_{0}$: 0.002225 <-> 1.990109

Estimated parameters (av +/- std):

	 $\beta_{I}$: 0.040426 +/- 0.252511
	 $\beta_{E}$: 0.410137 +/- 0.092927
	 $N$: 14370194.504071 +/- 4444684.754544
	 $\mu$: 0.001220 +/- 0.211117
	 $\gamma$: 0.938254 +/- 0.194498
	 $t_{c}$: 2.739749 +/- 8.536310
	 RF_{0}: 0.442042 +/- 0.253978
	 $E_{0}$: 0.668155 +/- 0.486459

Posterior distribution on file posterior_'param'.png

RMSD: 0.177497
Weighted RMSD: 0.177497
RMSD for validation data: 0.224266
RMSD for total data: 0.434164
AIC: 16.354993
AIC for validation data: 16.448533
AIC for total data: 16.868328

#####################################################################

Total time on ABC: 1.623 s
Number of trials: 8204

Fit on file model_fit.png