2021-11-14_07-39-52

Data Source: Número de casos confirmados de COVID-19 no Brasil (on GitHub)
https://raw.githubusercontent.com/wcota/covid19br/master/cases-brazil-cities-time.csv

Rejection ABC fitting of epidemic curves

Model: SEIRD
Parameters: $\beta_{I}$, $\beta_{E}$, $N$, $\mu$, $\gamma$, $t_{c}$, RF_{0}, $E_{0}$
#####################################################################

Number of Samples: 960
Number of Posteriors: 3
RMSD Weights: [1,1]
Training window size: 45
Validation window size: 10

#####################################################################

Posterior No. 2
Execution Time: 0.115 s
Tolerance: eps = 1.906498

Priors' Ranges:

	 $\beta_{I}$: 0.000979 <-> 0.995588
	 $\beta_{E}$: 0.000027 <-> 0.973751
	 $N$: 1734172.685200 <-> 275791255.709412
	 $\mu$: 0.000565 <-> 0.995824
	 $\gamma$: 0.054390 <-> 0.999716
	 $t_{c}$: 0.044383 <-> 29.978507
	 RF_{0}: 0.002908 <-> 0.999208
	 $E_{0}$: 0.001934 <-> 1.984150

Estimated parameters (av +/- std):

	 $\beta_{I}$: 0.250838 +/- 0.243342
	 $\beta_{E}$: 0.062591 +/- 0.083781
	 $N$: 161444561.734831 +/- 74900251.308592
	 $\mu$: 0.010604 +/- 0.276502
	 $\gamma$: 0.461231 +/- 0.226010
	 $t_{c}$: 18.022826 +/- 9.021516
	 RF_{0}: 0.975105 +/- 0.259883
	 $E_{0}$: 1.541463 +/- 0.496901

Posterior distribution on file posterior_'param'.png

RMSD: 0.077393
Weighted RMSD: 0.077393
RMSD for validation data: 0.657183
RMSD for total data: 0.424563
AIC: 16.154786
AIC for validation data: 17.314366
AIC for total data: 16.849126

#####################################################################

Total time on ABC: 0.367 s
Number of trials: 11775

Fit on file model_fit.png