2021-11-14_06-01-51

Data Source: Número de casos confirmados de COVID-19 no Brasil (on GitHub)
https://raw.githubusercontent.com/wcota/covid19br/master/cases-brazil-cities-time.csv

Rejection ABC fitting of epidemic curves

Model: SEIRD
Parameters: $\beta_{I}$, $\beta_{E}$, $N$, $\mu$, $\gamma$, $t_{c}$, RF_{0}, $E_{0}$
#####################################################################

Number of Samples: 960
Number of Posteriors: 3
RMSD Weights: [1,1]
Training window size: 45
Validation window size: 10

#####################################################################

Posterior No. 2
Execution Time: 0.142 s
Tolerance: eps = 0.158439

Priors' Ranges:

	 $\beta_{I}$: 0.002776 <-> 0.999160
	 $\beta_{E}$: 0.083028 <-> 0.317575
	 $N$: 2167793.465867 <-> 275230316.136411
	 $\mu$: 0.004323 <-> 0.070754
	 $\gamma$: 0.020419 <-> 0.998775
	 $t_{c}$: 1.064255 <-> 29.908412
	 RF_{0}: 0.000570 <-> 0.993663
	 $E_{0}$: 0.008889 <-> 1.994445

Estimated parameters (av +/- std):

	 $\beta_{I}$: 0.783201 +/- 0.231867
	 $\beta_{E}$: 0.152281 +/- 0.034240
	 $N$: 49302562.238804 +/- 72608771.111239
	 $\mu$: 0.032637 +/- 0.014775
	 $\gamma$: 0.812046 +/- 0.227012
	 $t_{c}$: 4.517949 +/- 7.266415
	 RF_{0}: 0.293592 +/- 0.276311
	 $E_{0}$: 1.876074 +/- 0.514895

Posterior distribution on file posterior_'param'.png

RMSD: 0.035396
Weighted RMSD: 0.035396
RMSD for validation data: 0.862037
RMSD for total data: 3.111190
AIC: 16.070793
AIC for validation data: 17.724075
AIC for total data: 22.222379

#####################################################################

Total time on ABC: 0.218 s
Number of trials: 8247

Fit on file model_fit.png