2021-11-14_20-30-25

Data Source: Número de casos confirmados de COVID-19 no Brasil (on GitHub)
https://raw.githubusercontent.com/wcota/covid19br/master/cases-brazil-cities-time.csv

Rejection ABC fitting of epidemic curves

Model: SEIRD
Parameters: $\beta_{I}$, $\beta_{E}$, $N$, $\mu$, $\gamma$, $t_{c}$, RF_{0}, $E_{0}$
#####################################################################

Number of Samples: 48
Number of Posteriors: 3
RMSD Weights: [1,1]
Training window size: 30
Validation window size: 10

#####################################################################

Posterior No. 1
Execution Time: 0.013 s
Tolerance: eps = 0.312929

Priors' Ranges:

	 $\beta_{I}$: 0.000000 <-> 1.000000
	 $\beta_{E}$: 0.000000 <-> 1.000000
	 $N$: 51269.183000 <-> 10253836.600000
	 $\mu$: 0.000000 <-> 1.000000
	 $\gamma$: 0.000000 <-> 1.000000
	 $t_{c}$: 0.000000 <-> 30.000000
	 RF_{0}: 0.000000 <-> 1.000000
	 $E_{0}$: 0.000000 <-> 2.000000

Estimated parameters (av +/- std):

	 $\beta_{I}$: 0.130931 +/- 0.288814
	 $\beta_{E}$: 0.042213 +/- 0.282217
	 $N$: 4976891.690732 +/- 2961029.666986
	 $\mu$: 0.721072 +/- 0.287416
	 $\gamma$: 0.458411 +/- 0.289500
	 $t_{c}$: 17.250596 +/- 8.523168
	 RF_{0}: 0.847703 +/- 0.286904
	 $E_{0}$: 0.483569 +/- 0.565307

Posterior distribution on file posterior_'param'.png

RMSD: 0.312929
Weighted RMSD: 0.312929
RMSD for validation data: 0.549393
RMSD for total data: 0.433979
AIC: 16.625859
AIC for validation data: 17.098787
AIC for total data: 16.867957

#####################################################################

Total time on ABC: 0.013 s
Number of trials: 960

Fit on file model_fit.png