2022-03-08_15-59-59

Data Source: Número de casos confirmados de COVID-19 no Brasil (on GitHub)
https://raw.githubusercontent.com/wcota/covid19br/master/cases-brazil-cities-time.csv

Rejection ABC fitting of epidemic curves

Model: SEIRD
Parameters: $\beta_{I}$, $\beta_{E}$, $N$, $\mu$, $\gamma$, $t_{c}$, RF_{0}, $E_{0}$
#####################################################################

Number of Samples: 960
Number of Posteriors: 3
RMSD Weights: [1,1]
Training window size: 20
Validation window size: 10

#####################################################################

Posterior No. 2
Execution Time: 1.641 s
Tolerance: eps = 0.022863

Priors' Ranges:

	 $\beta_{I}$: 0.000810 <-> 0.998156
	 $\beta_{E}$: 0.000012 <-> 0.137870
	 $N$: 12476385.675144 <-> 106119201.157592
	 $\mu$: 0.006055 <-> 0.020564
	 $\gamma$: 0.288103 <-> 0.999433
	 $t_{c}$: 6.228764 <-> 29.986167
	 RF_{0}: 0.979522 <-> 0.999666
	 $E_{0}$: 0.044786 <-> 0.238057

Estimated parameters (av +/- std):

	 $\beta_{I}$: 0.103805 +/- 0.236574
	 $\beta_{E}$: 0.037739 +/- 0.021816
	 $N$: 50903198.556501 +/- 24635043.455942
	 $\mu$: 0.015079 +/- 0.002856
	 $\gamma$: 0.777718 +/- 0.144508
	 $t_{c}$: 26.637643 +/- 5.209148
	 RF_{0}: 0.991389 +/- 0.003541
	 $E_{0}$: 0.189559 +/- 0.038234

Posterior distribution on file posterior_'param'.png

RMSD: 0.017957
Weighted RMSD: 0.017957
RMSD for validation data: 0.104753
RMSD for total data: 0.449499
AIC: 16.035914
AIC for validation data: 16.209506
AIC for total data: 16.898998

#####################################################################

Total time on ABC: 3.076 s
Number of trials: 162423

Fit on file model_fit.png