2022-03-08_16-22-08

Data Source: Número de casos confirmados de COVID-19 no Brasil (on GitHub)
https://raw.githubusercontent.com/wcota/covid19br/master/cases-brazil-cities-time.csv

Rejection ABC fitting of epidemic curves

Model: SEIRD
Parameters: $\beta_{I}$, $\beta_{E}$, $N$, $\mu$, $\gamma$, $t_{c}$, RF_{0}, $E_{0}$
#####################################################################

Number of Samples: 960
Number of Posteriors: 3
RMSD Weights: [1,1]
Training window size: 40
Validation window size: 10

#####################################################################

Posterior No. 3
Execution Time: 0.294 s
Tolerance: eps = 0.130420

Priors' Ranges:

	 $\beta_{I}$: 0.002758 <-> 0.999557
	 $\beta_{E}$: 0.056832 <-> 0.415964
	 $N$: 2330494.430237 <-> 105960875.716282
	 $\mu$: 0.011526 <-> 0.179936
	 $\gamma$: 0.012140 <-> 0.999062
	 $t_{c}$: 0.253075 <-> 29.997680
	 RF_{0}: 0.001502 <-> 0.997259
	 $E_{0}$: 0.062226 <-> 1.998631

Estimated parameters (av +/- std):

	 $\beta_{I}$: 0.859269 +/- 0.250053
	 $\beta_{E}$: 0.174810 +/- 0.041961
	 $N$: 44561295.803835 +/- 28149513.308957
	 $\mu$: 0.065510 +/- 0.023538
	 $\gamma$: 0.621306 +/- 0.225571
	 $t_{c}$: 0.253075 +/- 7.117276
	 RF_{0}: 0.117306 +/- 0.270854
	 $E_{0}$: 1.347776 +/- 0.453073

Posterior distribution on file posterior_'param'.png

RMSD: 0.074952
Weighted RMSD: 0.074952
RMSD for validation data: 1.200031
RMSD for total data: 2.287420
AIC: 16.149904
AIC for validation data: 18.400062
AIC for total data: 20.574839

#####################################################################

Total time on ABC: 1.295 s
Number of trials: 17945

Fit on file model_fit.png