2022-03-08_16-07-57

Data Source: Número de casos confirmados de COVID-19 no Brasil (on GitHub)
https://raw.githubusercontent.com/wcota/covid19br/master/cases-brazil-cities-time.csv

Rejection ABC fitting of epidemic curves

Model: SEIRD
Parameters: $\beta_{I}$, $\beta_{E}$, $N$, $\mu$, $\gamma$, $t_{c}$, RF_{0}, $E_{0}$
#####################################################################

Number of Samples: 960
Number of Posteriors: 3
RMSD Weights: [1,1]
Training window size: 30
Validation window size: 10

#####################################################################

Posterior No. 2
Execution Time: 2.735 s
Tolerance: eps = 0.024909

Priors' Ranges:

	 $\beta_{I}$: 0.000734 <-> 0.997971
	 $\beta_{E}$: 0.000001 <-> 0.092375
	 $N$: 10676155.816638 <-> 106197110.040023
	 $\mu$: 0.004367 <-> 0.017652
	 $\gamma$: 0.242262 <-> 0.999961
	 $t_{c}$: 6.642238 <-> 29.997134
	 RF_{0}: 0.972763 <-> 0.999993
	 $E_{0}$: 0.053629 <-> 0.251541

Estimated parameters (av +/- std):

	 $\beta_{I}$: 0.444424 +/- 0.226031
	 $\beta_{E}$: 0.036789 +/- 0.016607
	 $N$: 49871727.381840 +/- 24897187.077897
	 $\mu$: 0.013484 +/- 0.002872
	 $\gamma$: 0.793404 +/- 0.171637
	 $t_{c}$: 11.684357 +/- 5.219099
	 RF_{0}: 0.995672 +/- 0.004563
	 $E_{0}$: 0.093610 +/- 0.040571

Posterior distribution on file posterior_'param'.png

RMSD: 0.017748
Weighted RMSD: 0.017748
RMSD for validation data: 0.341966
RMSD for total data: 0.449499
AIC: 16.035497
AIC for validation data: 16.683932
AIC for total data: 16.898998

#####################################################################

Total time on ABC: 4.413 s
Number of trials: 172157

Fit on file model_fit.png