2021-11-14_05-08-12

Data Source: Número de casos confirmados de COVID-19 no Brasil (on GitHub)
https://raw.githubusercontent.com/wcota/covid19br/master/cases-brazil-cities-time.csv

Rejection ABC fitting of epidemic curves

Model: SEIRD
Parameters: $\beta_{I}$, $\beta_{E}$, $N$, $\mu$, $\gamma$, $t_{c}$, RF_{0}, $E_{0}$
#####################################################################

Number of Samples: 48
Number of Posteriors: 3
RMSD Weights: [1,1]
Training window size: 30
Validation window size: 10

#####################################################################

Posterior No. 1
Execution Time: 0.153 s
Tolerance: eps = 158.562292

Priors' Ranges:

	 $\beta_{I}$: 0.000000 <-> 1.000000
	 $\beta_{E}$: 0.000000 <-> 1.000000
	 $N$: 126476.458000 <-> 25295291.600000
	 $\mu$: 0.000000 <-> 1.000000
	 $\gamma$: 0.000000 <-> 1.000000
	 $t_{c}$: 0.000000 <-> 30.000000
	 RF_{0}: 0.000000 <-> 1.000000
	 $E_{0}$: 0.000000 <-> 2.000000

Estimated parameters (av +/- std):

	 $\beta_{I}$: 0.212252 +/- 0.280575
	 $\beta_{E}$: 0.015523 +/- 0.241136
	 $N$: 686001.820884 +/- 7867148.704967
	 $\mu$: 0.017456 +/- 0.294023
	 $\gamma$: 0.942029 +/- 0.253641
	 $t_{c}$: 12.139796 +/- 9.313426
	 RF_{0}: 0.933768 +/- 0.272559
	 $E_{0}$: 0.183315 +/- 0.564497

Posterior distribution on file posterior_'param'.png

RMSD: 0.536380
Weighted RMSD: 0.536380
RMSD for validation data: 1.102681
RMSD for total data: 0.399268
AIC: 17.072760
AIC for validation data: 18.205362
AIC for total data: 16.798536

#####################################################################

Total time on ABC: 0.153 s
Number of trials: 9235

Fit on file model_fit.png