2022-03-08_15-59-59

Data Source: Número de casos confirmados de COVID-19 no Brasil (on GitHub)
https://raw.githubusercontent.com/wcota/covid19br/master/cases-brazil-cities-time.csv

Rejection ABC fitting of epidemic curves

Model: SEIRD
Parameters: $\beta_{I}$, $\beta_{E}$, $N$, $\mu$, $\gamma$, $t_{c}$, RF_{0}, $E_{0}$
#####################################################################

Number of Samples: 48
Number of Posteriors: 3
RMSD Weights: [1,1]
Training window size: 20
Validation window size: 10

#####################################################################

Posterior No. 1
Execution Time: 1.094 s
Tolerance: eps = 0.03

Priors' Ranges:

	 $\beta_{I}$: 0.000000 <-> 1.000000
	 $\beta_{E}$: 0.000000 <-> 1.000000
	 $N$: 2125594.090000 <-> 106279704.500000
	 $\mu$: 0.000000 <-> 1.000000
	 $\gamma$: 0.000000 <-> 1.000000
	 $t_{c}$: 0.000000 <-> 30.000000
	 RF_{0}: 0.000000 <-> 1.000000
	 $E_{0}$: 0.000000 <-> 2.000000

Estimated parameters (av +/- std):

	 $\beta_{I}$: 0.379095 +/- 0.240324
	 $\beta_{E}$: 0.048345 +/- 0.020348
	 $N$: 17190552.777480 +/- 26429037.274915
	 $\mu$: 0.017733 +/- 0.003525
	 $\gamma$: 0.812076 +/- 0.163896
	 $t_{c}$: 27.129166 +/- 4.847027
	 RF_{0}: 0.994416 +/- 0.003656
	 $E_{0}$: 0.166720 +/- 0.030383

Posterior distribution on file posterior_'param'.png

RMSD: 0.018680
Weighted RMSD: 0.018680
RMSD for validation data: 0.161635
RMSD for total data: 0.449250
AIC: 16.037361
AIC for validation data: 16.323271
AIC for total data: 16.898501

#####################################################################

Total time on ABC: 1.094 s
Number of trials: 121319

Fit on file model_fit.png