2021-11-14_20-32-41

Data Source: Número de casos confirmados de COVID-19 no Brasil (on GitHub)
https://raw.githubusercontent.com/wcota/covid19br/master/cases-brazil-cities-time.csv

Rejection ABC fitting of epidemic curves

Model: SEIRD
Parameters: $\beta_{I}$, $\beta_{E}$, $N$, $\mu$, $\gamma$, $t_{c}$, RF_{0}, $E_{0}$
#####################################################################

Number of Samples: 960
Number of Posteriors: 3
RMSD Weights: [1,1]
Training window size: 30
Validation window size: 10

#####################################################################

Posterior No. 3
Execution Time: 0.077 s
Tolerance: eps = 0.222830

Priors' Ranges:

	 $\beta_{I}$: 0.004161 <-> 0.997484
	 $\beta_{E}$: 0.004193 <-> 0.472618
	 $N$: 73290.235026 <-> 13529066.023909
	 $\mu$: 0.007064 <-> 0.994120
	 $\gamma$: 0.004701 <-> 0.993575
	 $t_{c}$: 0.456969 <-> 29.986125
	 RF_{0}: 0.001797 <-> 0.996863
	 $E_{0}$: 0.007889 <-> 1.999405

Estimated parameters (av +/- std):

	 $\beta_{I}$: 0.866548 +/- 0.257935
	 $\beta_{E}$: 0.364897 +/- 0.053170
	 $N$: 1824078.465186 +/- 3645941.271986
	 $\mu$: 0.093990 +/- 0.238015
	 $\gamma$: 0.861840 +/- 0.239585
	 $t_{c}$: 1.231736 +/- 7.337658
	 RF_{0}: 0.974498 +/- 0.267361
	 $E_{0}$: 0.334104 +/- 0.529441

Posterior distribution on file posterior_'param'.png

RMSD: 0.058019
Weighted RMSD: 0.058019
RMSD for validation data: 1.169254
RMSD for total data: 0.324399
AIC: 16.116038
AIC for validation data: 18.338507
AIC for total data: 16.648798

#####################################################################

Total time on ABC: 0.330 s
Number of trials: 7624

Fit on file model_fit.png