2021-11-14_07-46-07

Data Source: Número de casos confirmados de COVID-19 no Brasil (on GitHub)
https://raw.githubusercontent.com/wcota/covid19br/master/cases-brazil-cities-time.csv

Rejection ABC fitting of epidemic curves

Model: SEIRD
Parameters: $\beta_{I}$, $\beta_{E}$, $N$, $\mu$, $\gamma$, $t_{c}$, RF_{0}, $E_{0}$
#####################################################################

Number of Samples: 960
Number of Posteriors: 3
RMSD Weights: [1,1]
Training window size: 35
Validation window size: 10

#####################################################################

Posterior No. 3
Execution Time: 1.213 s
Tolerance: eps = 0.028607

Priors' Ranges:

	 $\beta_{I}$: 0.001063 <-> 0.999939
	 $\beta_{E}$: 0.000005 <-> 0.153412
	 $N$: 6052497.078727 <-> 42475565.714530
	 $\mu$: 0.004950 <-> 0.027514
	 $\gamma$: 0.183435 <-> 0.999482
	 $t_{c}$: 4.019633 <-> 29.958477
	 RF_{0}: 0.953476 <-> 0.999989
	 $E_{0}$: 0.032525 <-> 0.269840

Estimated parameters (av +/- std):

	 $\beta_{I}$: 0.783909 +/- 0.253706
	 $\beta_{E}$: 0.005927 +/- 0.023163
	 $N$: 23854123.864567 +/- 9679136.336148
	 $\mu$: 0.022257 +/- 0.004203
	 $\gamma$: 0.910700 +/- 0.166601
	 $t_{c}$: 22.560735 +/- 5.217745
	 RF_{0}: 0.987234 +/- 0.009272
	 $E_{0}$: 0.184514 +/- 0.043927

Posterior distribution on file posterior_'param'.png

RMSD: 0.013455
Weighted RMSD: 0.013455
RMSD for validation data: 0.106703
RMSD for total data: 0.449499
AIC: 16.026909
AIC for validation data: 16.213406
AIC for total data: 16.898998

#####################################################################

Total time on ABC: 2.899 s
Number of trials: 79972

Fit on file model_fit.png