2021-12-01_05-20-35

Data Source: Número de casos confirmados de COVID-19 no Brasil (on GitHub)
https://raw.githubusercontent.com/wcota/covid19br/master/cases-brazil-cities-time.csv

Rejection ABC fitting of epidemic curves

Model: SEIRD
Parameters: $\beta_{I}$, $\beta_{E}$, $N$, $\mu$, $\gamma$, $t_{c}$, RF_{0}, $E_{0}$
#####################################################################

Number of Samples: 48
Number of Posteriors: 3
RMSD Weights: [1,1]
Training window size: 25
Validation window size: 10

#####################################################################

Posterior No. 1
Execution Time: 11.339 s
Tolerance: eps = 19.954794

Priors' Ranges:

	 $\beta_{I}$: 0.000000 <-> 1.000000
	 $\beta_{E}$: 0.000000 <-> 1.000000
	 $N$: 212559.409000 <-> 42511881.800000
	 $\mu$: 0.000000 <-> 1.000000
	 $\gamma$: 0.000000 <-> 1.000000
	 $t_{c}$: 0.000000 <-> 30.000000
	 RF_{0}: 0.000000 <-> 1.000000
	 $E_{0}$: 0.000000 <-> 2.000000

Estimated parameters (av +/- std):

	 $\beta_{I}$: 0.683568 +/- 0.289307
	 $\beta_{E}$: 0.174213 +/- 0.291402
	 $N$: 8050613.555173 +/- 10894327.566773
	 $\mu$: 0.018943 +/- 0.247283
	 $\gamma$: 0.984973 +/- 0.261192
	 $t_{c}$: 19.275377 +/- 8.511782
	 RF_{0}: 0.990551 +/- 0.274937
	 $E_{0}$: 0.178806 +/- 0.591626

Posterior distribution on file posterior_'param'.png

RMSD: 0.119314
Weighted RMSD: 0.119314
RMSD for validation data: 1.166545
RMSD for total data: 0.179347
AIC: 16.238628
AIC for validation data: 18.333089
AIC for total data: 16.358693

#####################################################################

Total time on ABC: 11.339 s
Number of trials: 1005424

Fit on file model_fit.png