2021-11-14_05-14-13

Data Source: Número de casos confirmados de COVID-19 no Brasil (on GitHub)
https://raw.githubusercontent.com/wcota/covid19br/master/cases-brazil-cities-time.csv

Rejection ABC fitting of epidemic curves

Model: SEIRD
Parameters: $\beta_{I}$, $\beta_{E}$, $N$, $\mu$, $\gamma$, $t_{c}$, RF_{0}, $E_{0}$
#####################################################################

Number of Samples: 960
Number of Posteriors: 3
RMSD Weights: [1,1]
Training window size: 50
Validation window size: 10

#####################################################################

Posterior No. 3
Execution Time: 18.492 s
Tolerance: eps = 0.018926

Priors' Ranges:

	 $\beta_{I}$: 0.000154 <-> 0.998338
	 $\beta_{E}$: 0.005145 <-> 0.674797
	 $N$: 2576031.764187 <-> 3524562.367774
	 $\mu$: 0.014366 <-> 0.063004
	 $\gamma$: 0.244160 <-> 0.999874
	 $t_{c}$: 12.727696 <-> 29.997086
	 RF_{0}: 0.970199 <-> 0.997459
	 $E_{0}$: 0.085196 <-> 0.229683

Estimated parameters (av +/- std):

	 $\beta_{I}$: 0.599099 +/- 0.259040
	 $\beta_{E}$: 0.082523 +/- 0.116453
	 $N$: 3081271.589488 +/- 193579.115908
	 $\mu$: 0.056699 +/- 0.009810
	 $\gamma$: 0.921008 +/- 0.154813
	 $t_{c}$: 23.750469 +/- 2.832095
	 RF_{0}: 0.991231 +/- 0.004161
	 $E_{0}$: 0.167423 +/- 0.021829

Posterior distribution on file posterior_'param'.png

RMSD: 0.016818
Weighted RMSD: 0.016818
RMSD for validation data: 0.528531
RMSD for total data: 0.460467
AIC: 16.033636
AIC for validation data: 17.057062
AIC for total data: 16.920933

#####################################################################

Total time on ABC: 41.730 s
Number of trials: 713701

Fit on file model_fit.png