2021-11-14_20-35-18

Data Source: Número de casos confirmados de COVID-19 no Brasil (on GitHub)
https://raw.githubusercontent.com/wcota/covid19br/master/cases-brazil-cities-time.csv

Rejection ABC fitting of epidemic curves

Model: SEIRD
Parameters: $\beta_{I}$, $\beta_{E}$, $N$, $\mu$, $\gamma$, $t_{c}$, RF_{0}, $E_{0}$
#####################################################################

Number of Samples: 48
Number of Posteriors: 3
RMSD Weights: [1,1]
Training window size: 10
Validation window size: 10

#####################################################################

Posterior No. 1
Execution Time: 0.057 s
Tolerance: eps = 106.718589

Priors' Ranges:

	 $\beta_{I}$: 0.000000 <-> 1.000000
	 $\beta_{E}$: 0.000000 <-> 1.000000
	 $N$: 67886.004000 <-> 13577200.800000
	 $\mu$: 0.000000 <-> 1.000000
	 $\gamma$: 0.000000 <-> 1.000000
	 $t_{c}$: 0.000000 <-> 30.000000
	 RF_{0}: 0.000000 <-> 1.000000
	 $E_{0}$: 0.000000 <-> 2.000000

Estimated parameters (av +/- std):

	 $\beta_{I}$: 0.325996 +/- 0.292713
	 $\beta_{E}$: 0.008367 +/- 0.271990
	 $N$: 10141010.854612 +/- 4098423.187764
	 $\mu$: 0.000671 +/- 0.244245
	 $\gamma$: 0.908311 +/- 0.262677
	 $t_{c}$: 25.804365 +/- 8.088649
	 RF_{0}: 0.961874 +/- 0.264207
	 $E_{0}$: 0.287152 +/- 0.586087

Posterior distribution on file posterior_'param'.png

RMSD: 1.074814
Weighted RMSD: 1.074814
RMSD for validation data: 3.161550
RMSD for total data: 0.498565
AIC: 18.149629
AIC for validation data: 22.323101
AIC for total data: 16.997130

#####################################################################

Total time on ABC: 0.057 s
Number of trials: 9165

Fit on file model_fit.png