2022-03-08_15-59-04

Data Source: Número de casos confirmados de COVID-19 no Brasil (on GitHub)
https://raw.githubusercontent.com/wcota/covid19br/master/cases-brazil-cities-time.csv

Rejection ABC fitting of epidemic curves

Model: SEIRD
Parameters: $\beta_{I}$, $\beta_{E}$, $N$, $\mu$, $\gamma$, $t_{c}$, RF_{0}, $E_{0}$
#####################################################################

Number of Samples: 960
Number of Posteriors: 3
RMSD Weights: [1,1]
Training window size: 30
Validation window size: 10

#####################################################################

Posterior No. 3
Execution Time: 13.626 s
Tolerance: eps = 0.020918

Priors' Ranges:

	 $\beta_{I}$: 0.002552 <-> 0.999378
	 $\beta_{E}$: 0.001251 <-> 0.162380
	 $N$: 14040035.665766 <-> 106202167.820443
	 $\mu$: 0.002513 <-> 0.020127
	 $\gamma$: 0.104810 <-> 0.997268
	 $t_{c}$: 5.266265 <-> 29.990948
	 RF_{0}: 0.969774 <-> 0.999186
	 $E_{0}$: 0.023380 <-> 0.149697

Estimated parameters (av +/- std):

	 $\beta_{I}$: 0.613797 +/- 0.262377
	 $\beta_{E}$: 0.100660 +/- 0.025562
	 $N$: 17778514.950422 +/- 25095321.751295
	 $\mu$: 0.018853 +/- 0.003644
	 $\gamma$: 0.982798 +/- 0.191281
	 $t_{c}$: 24.792764 +/- 4.754471
	 RF_{0}: 0.994024 +/- 0.003664
	 $E_{0}$: 0.111419 +/- 0.022103

Posterior distribution on file posterior_'param'.png

RMSD: 0.018484
Weighted RMSD: 0.018484
RMSD for validation data: 0.104817
RMSD for total data: 0.244505
AIC: 16.036967
AIC for validation data: 16.209634
AIC for total data: 16.489011

#####################################################################

Total time on ABC: 24.743 s
Number of trials: 1001542

Fit on file model_fit.png