2021-11-14_06-01-51

Data Source: Número de casos confirmados de COVID-19 no Brasil (on GitHub)
https://raw.githubusercontent.com/wcota/covid19br/master/cases-brazil-cities-time.csv

Rejection ABC fitting of epidemic curves

Model: SEIRD
Parameters: $\beta_{I}$, $\beta_{E}$, $N$, $\mu$, $\gamma$, $t_{c}$, RF_{0}, $E_{0}$
#####################################################################

Number of Samples: 960
Number of Posteriors: 3
RMSD Weights: [1,1]
Training window size: 40
Validation window size: 10

#####################################################################

Posterior No. 2
Execution Time: 9.083 s
Tolerance: eps = 0.016513

Priors' Ranges:

	 $\beta_{I}$: 0.000134 <-> 0.910428
	 $\beta_{E}$: 0.000035 <-> 0.087240
	 $N$: 18704298.815207 <-> 275072634.388443
	 $\mu$: 0.001890 <-> 0.010600
	 $\gamma$: 0.198831 <-> 0.999329
	 $t_{c}$: 7.673460 <-> 29.995734
	 RF_{0}: 0.989135 <-> 0.998588
	 $E_{0}$: 0.011590 <-> 0.050820

Estimated parameters (av +/- std):

	 $\beta_{I}$: 0.226907 +/- 0.192681
	 $\beta_{E}$: 0.024453 +/- 0.014182
	 $N$: 103022440.946354 +/- 71405117.129814
	 $\mu$: 0.005068 +/- 0.001721
	 $\gamma$: 0.510030 +/- 0.167276
	 $t_{c}$: 17.410116 +/- 5.065131
	 RF_{0}: 0.995207 +/- 0.001421
	 $E_{0}$: 0.026248 +/- 0.008212

Posterior distribution on file posterior_'param'.png

RMSD: 0.010909
Weighted RMSD: 0.010909
RMSD for validation data: 0.195811
RMSD for total data: 0.507636
AIC: 16.021817
AIC for validation data: 16.391623
AIC for total data: 17.015271

#####################################################################

Total time on ABC: 14.701 s
Number of trials: 495802

Fit on file model_fit.png