2021-11-14_21-02-25

Data Source: Número de casos confirmados de COVID-19 no Brasil (on GitHub)
https://raw.githubusercontent.com/wcota/covid19br/master/cases-brazil-cities-time.csv

Rejection ABC fitting of epidemic curves

Model: SEIRD
Parameters: $\beta_{I}$, $\beta_{E}$, $N$, $\mu$, $\gamma$, $t_{c}$, RF_{0}, $E_{0}$
#####################################################################

Number of Samples: 960
Number of Posteriors: 3
RMSD Weights: [1,1]
Training window size: 40
Validation window size: 10

#####################################################################

Posterior No. 2
Execution Time: 13.001 s
Tolerance: eps = 0.015076

Priors' Ranges:

	 $\beta_{I}$: 0.001242 <-> 0.999898
	 $\beta_{E}$: 0.001159 <-> 0.999044
	 $N$: 29374442.463869 <-> 40979731.307772
	 $\mu$: 0.003057 <-> 0.024850
	 $\gamma$: 0.138488 <-> 0.997804
	 $t_{c}$: 10.664668 <-> 29.999532
	 RF_{0}: 0.958727 <-> 0.999945
	 $E_{0}$: 0.073691 <-> 0.230903

Estimated parameters (av +/- std):

	 $\beta_{I}$: 0.517579 +/- 0.280888
	 $\beta_{E}$: 0.074790 +/- 0.258223
	 $N$: 30912523.435065 +/- 1179833.808633
	 $\mu$: 0.004904 +/- 0.004963
	 $\gamma$: 0.211428 +/- 0.199703
	 $t_{c}$: 27.081286 +/- 3.154587
	 RF_{0}: 0.977763 +/- 0.006695
	 $E_{0}$: 0.195859 +/- 0.024623

Posterior distribution on file posterior_'param'.png

RMSD: 0.009757
Weighted RMSD: 0.009757
RMSD for validation data: 0.253294
RMSD for total data: 0.350734
AIC: 16.019514
AIC for validation data: 16.506588
AIC for total data: 16.701468

#####################################################################

Total time on ABC: 21.434 s
Number of trials: 890831

Fit on file model_fit.png