2021-11-14_23-03-08

Data Source: Número de casos confirmados de COVID-19 no Brasil (on GitHub)
https://raw.githubusercontent.com/wcota/covid19br/master/cases-brazil-cities-time.csv

Rejection ABC fitting of epidemic curves

Model: SEIRD
Parameters: $\beta_{I}$, $\beta_{E}$, $N$, $\mu$, $\gamma$, $t_{c}$, RF_{0}, $E_{0}$
#####################################################################

Number of Samples: 960
Number of Posteriors: 3
RMSD Weights: [1,1]
Training window size: 10
Validation window size: 10

#####################################################################

Posterior No. 2
Execution Time: 0.056 s
Tolerance: eps = 25.436656

Priors' Ranges:

	 $\beta_{I}$: 0.004077 <-> 0.998955
	 $\beta_{E}$: 0.003352 <-> 0.998854
	 $N$: 340764.424592 <-> 66055243.397560
	 $\mu$: 0.000021 <-> 0.969393
	 $\gamma$: 0.018737 <-> 0.999866
	 $t_{c}$: 0.473116 <-> 29.951875
	 RF_{0}: 0.000646 <-> 0.999484
	 $E_{0}$: 0.000594 <-> 1.997116

Estimated parameters (av +/- std):

	 $\beta_{I}$: 0.177386 +/- 0.264232
	 $\beta_{E}$: 0.822555 +/- 0.279884
	 $N$: 4709168.544143 +/- 17877245.673430
	 $\mu$: 0.000574 +/- 0.135000
	 $\gamma$: 0.103351 +/- 0.247384
	 $t_{c}$: 16.187988 +/- 7.115492
	 RF_{0}: 0.807341 +/- 0.228099
	 $E_{0}$: 0.562118 +/- 0.561171

Posterior distribution on file posterior_'param'.png

RMSD: 0.250355
Weighted RMSD: 0.250355
RMSD for validation data: 0.896159
RMSD for total data: 0.423629
AIC: 16.500709
AIC for validation data: 17.792317
AIC for total data: 16.847258

#####################################################################

Total time on ABC: 0.130 s
Number of trials: 13927

Fit on file model_fit.png