2021-12-01_00-51-50

Data Source: Número de casos confirmados de COVID-19 no Brasil (on GitHub)
https://raw.githubusercontent.com/wcota/covid19br/master/cases-brazil-cities-time.csv

Rejection ABC fitting of epidemic curves

Model: SEIRD
Parameters: $\beta_{I}$, $\beta_{E}$, $N$, $\mu$, $\gamma$, $t_{c}$, RF_{0}, $E_{0}$
#####################################################################

Number of Samples: 48
Number of Posteriors: 3
RMSD Weights: [1,1]
Training window size: 30
Validation window size: 10

#####################################################################

Posterior No. 1
Execution Time: 12.874 s
Tolerance: eps = 0.266518

Priors' Ranges:

	 $\beta_{I}$: 0.000000 <-> 1.000000
	 $\beta_{E}$: 0.000000 <-> 1.000000
	 $N$: 212559.409000 <-> 42511881.800000
	 $\mu$: 0.000000 <-> 1.000000
	 $\gamma$: 0.000000 <-> 1.000000
	 $t_{c}$: 0.000000 <-> 30.000000
	 RF_{0}: 0.000000 <-> 1.000000
	 $E_{0}$: 0.000000 <-> 2.000000

Estimated parameters (av +/- std):

	 $\beta_{I}$: 0.326566 +/- 0.286887
	 $\beta_{E}$: 0.381846 +/- 0.110940
	 $N$: 38362517.957001 +/- 12213322.027415
	 $\mu$: 0.023947 +/- 0.292264
	 $\gamma$: 0.750710 +/- 0.289219
	 $t_{c}$: 9.029612 +/- 8.592521
	 RF_{0}: 0.834856 +/- 0.288188
	 $E_{0}$: 1.417363 +/- 0.577103

Posterior distribution on file posterior_'param'.png

RMSD: 0.043883
Weighted RMSD: 0.043883
RMSD for validation data: 2.446396
RMSD for total data: 2.234154
AIC: 16.087765
AIC for validation data: 20.892791
AIC for total data: 20.468308

#####################################################################

Total time on ABC: 12.874 s
Number of trials: 1004943

Fit on file model_fit.png