2021-11-14_20-32-41

Data Source: Número de casos confirmados de COVID-19 no Brasil (on GitHub)
https://raw.githubusercontent.com/wcota/covid19br/master/cases-brazil-cities-time.csv

Rejection ABC fitting of epidemic curves

Model: SEIRD
Parameters: $\beta_{I}$, $\beta_{E}$, $N$, $\mu$, $\gamma$, $t_{c}$, RF_{0}, $E_{0}$
#####################################################################

Number of Samples: 48
Number of Posteriors: 3
RMSD Weights: [1,1]
Training window size: 45
Validation window size: 10

#####################################################################

Posterior No. 1
Execution Time: 0.238 s
Tolerance: eps = 4.830416

Priors' Ranges:

	 $\beta_{I}$: 0.000000 <-> 1.000000
	 $\beta_{E}$: 0.000000 <-> 1.000000
	 $N$: 67886.004000 <-> 13577200.800000
	 $\mu$: 0.000000 <-> 1.000000
	 $\gamma$: 0.000000 <-> 1.000000
	 $t_{c}$: 0.000000 <-> 30.000000
	 RF_{0}: 0.000000 <-> 1.000000
	 $E_{0}$: 0.000000 <-> 2.000000

Estimated parameters (av +/- std):

	 $\beta_{I}$: 0.238710 +/- 0.289868
	 $\beta_{E}$: 0.025498 +/- 0.285898
	 $N$: 1656666.135650 +/- 4406229.269628
	 $\mu$: 0.105667 +/- 0.295158
	 $\gamma$: 0.755724 +/- 0.264551
	 $t_{c}$: 8.553136 +/- 9.586427
	 RF_{0}: 0.880919 +/- 0.288608
	 $E_{0}$: 0.366013 +/- 0.568974

Posterior distribution on file posterior_'param'.png

RMSD: 0.106373
Weighted RMSD: 0.106373
RMSD for validation data: 3.532476
RMSD for total data: 0.498564
AIC: 16.212746
AIC for validation data: 23.064952
AIC for total data: 16.997129

#####################################################################

Total time on ABC: 0.238 s
Number of trials: 9469

Fit on file model_fit.png