2021-11-29_21-52-43

Data Source: Número de casos confirmados de COVID-19 no Brasil (on GitHub)
https://raw.githubusercontent.com/wcota/covid19br/master/cases-brazil-cities-time.csv

Rejection ABC fitting of epidemic curves

Model: SEIRD
Parameters: $\beta_{I}$, $\beta_{E}$, $N$, $\mu$, $\gamma$, $t_{c}$, RF_{0}, $E_{0}$
#####################################################################

Number of Samples: 48
Number of Posteriors: 3
RMSD Weights: [1,1]
Training window size: 15
Validation window size: 10

#####################################################################

Posterior No. 1
Execution Time: 1.049 s
Tolerance: eps = 26.890060

Priors' Ranges:

	 $\beta_{I}$: 0.000000 <-> 1.000000
	 $\beta_{E}$: 0.000000 <-> 1.000000
	 $N$: 212559.409000 <-> 42511881.800000
	 $\mu$: 0.000000 <-> 1.000000
	 $\gamma$: 0.000000 <-> 1.000000
	 $t_{c}$: 0.000000 <-> 30.000000
	 RF_{0}: 0.000000 <-> 1.000000
	 $E_{0}$: 0.000000 <-> 2.000000

Estimated parameters (av +/- std):

	 $\beta_{I}$: 0.493117 +/- 0.290679
	 $\beta_{E}$: 0.881576 +/- 0.288389
	 $N$: 12326472.343706 +/- 11490334.814319
	 $\mu$: 0.012601 +/- 0.237527
	 $\gamma$: 0.517213 +/- 0.266000
	 $t_{c}$: 10.088127 +/- 8.404084
	 RF_{0}: 0.969913 +/- 0.268265
	 $E_{0}$: 0.019615 +/- 0.589214

Posterior distribution on file posterior_'param'.png

RMSD: 0.155223
Weighted RMSD: 0.155223
RMSD for validation data: 0.206700
RMSD for total data: 0.487635
AIC: 16.310446
AIC for validation data: 16.413400
AIC for total data: 16.975270

#####################################################################

Total time on ABC: 1.049 s
Number of trials: 97400

Fit on file model_fit.png