2021-11-14_06-20-09

Data Source: Número de casos confirmados de COVID-19 no Brasil (on GitHub)
https://raw.githubusercontent.com/wcota/covid19br/master/cases-brazil-cities-time.csv

Rejection ABC fitting of epidemic curves

Model: SEIRD
Parameters: $\beta_{I}$, $\beta_{E}$, $N$, $\mu$, $\gamma$, $t_{c}$, RF_{0}, $E_{0}$
#####################################################################

Number of Samples: 960
Number of Posteriors: 3
RMSD Weights: [1,1]
Training window size: 30
Validation window size: 10

#####################################################################

Posterior No. 3
Execution Time: 3.612 s
Tolerance: eps = 0.015660

Priors' Ranges:

	 $\beta_{I}$: 0.001157 <-> 0.994945
	 $\beta_{E}$: 0.000245 <-> 0.125094
	 $N$: 23219127.714106 <-> 275500344.230256
	 $\mu$: 0.002017 <-> 0.008014
	 $\gamma$: 0.242035 <-> 0.998027
	 $t_{c}$: 5.925699 <-> 29.981049
	 RF_{0}: 0.993341 <-> 0.999489
	 $E_{0}$: 0.005696 <-> 0.031599

Estimated parameters (av +/- std):

	 $\beta_{I}$: 0.399040 +/- 0.260805
	 $\beta_{E}$: 0.036491 +/- 0.018960
	 $N$: 146315695.207528 +/- 66573300.287453
	 $\mu$: 0.005212 +/- 0.001232
	 $\gamma$: 0.686584 +/- 0.161519
	 $t_{c}$: 25.581746 +/- 5.099061
	 RF_{0}: 0.997621 +/- 0.000838
	 $E_{0}$: 0.024855 +/- 0.005179

Posterior distribution on file posterior_'param'.png

RMSD: 0.007594
Weighted RMSD: 0.007594
RMSD for validation data: 0.117223
RMSD for total data: 0.507633
AIC: 16.015188
AIC for validation data: 16.234446
AIC for total data: 17.015266

#####################################################################

Total time on ABC: 9.039 s
Number of trials: 283137

Fit on file model_fit.png