2021-11-14_21-02-25

Data Source: Número de casos confirmados de COVID-19 no Brasil (on GitHub)
https://raw.githubusercontent.com/wcota/covid19br/master/cases-brazil-cities-time.csv

Rejection ABC fitting of epidemic curves

Model: SEIRD
Parameters: $\beta_{I}$, $\beta_{E}$, $N$, $\mu$, $\gamma$, $t_{c}$, RF_{0}, $E_{0}$
#####################################################################

Number of Samples: 48
Number of Posteriors: 3
RMSD Weights: [1,1]
Training window size: 45
Validation window size: 10

#####################################################################

Posterior No. 1
Execution Time: 10.389 s
Tolerance: eps = 0.018590

Priors' Ranges:

	 $\beta_{I}$: 0.000000 <-> 1.000000
	 $\beta_{E}$: 0.000000 <-> 1.000000
	 $N$: 331002.647000 <-> 66200529.400000
	 $\mu$: 0.000000 <-> 1.000000
	 $\gamma$: 0.000000 <-> 1.000000
	 $t_{c}$: 0.000000 <-> 30.000000
	 RF_{0}: 0.000000 <-> 1.000000
	 $E_{0}$: 0.000000 <-> 2.000000

Estimated parameters (av +/- std):

	 $\beta_{I}$: 0.385259 +/- 0.263108
	 $\beta_{E}$: 0.017890 +/- 0.047290
	 $N$: 29375298.412147 +/- 9861022.558185
	 $\mu$: 0.001705 +/- 0.002508
	 $\gamma$: 0.128376 +/- 0.222119
	 $t_{c}$: 16.585817 +/- 5.254167
	 RF_{0}: 0.944173 +/- 0.013009
	 $E_{0}$: 0.253902 +/- 0.076037

Posterior distribution on file posterior_'param'.png

RMSD: 0.009515
Weighted RMSD: 0.009515
RMSD for validation data: 0.181227
RMSD for total data: 0.176857
AIC: 16.019031
AIC for validation data: 16.362454
AIC for total data: 16.353714

#####################################################################

Total time on ABC: 10.389 s
Number of trials: 530883

Fit on file model_fit.png