2021-11-14_20-27-56

Data Source: Número de casos confirmados de COVID-19 no Brasil (on GitHub)
https://raw.githubusercontent.com/wcota/covid19br/master/cases-brazil-cities-time.csv

Rejection ABC fitting of epidemic curves

Model: SEIRD
Parameters: $\beta_{I}$, $\beta_{E}$, $N$, $\mu$, $\gamma$, $t_{c}$, RF_{0}, $E_{0}$
#####################################################################

Number of Samples: 960
Number of Posteriors: 3
RMSD Weights: [1,1]
Training window size: 25
Validation window size: 10

#####################################################################

Posterior No. 3
Execution Time: 0.066 s
Tolerance: eps = 34.781898

Priors' Ranges:

	 $\beta_{I}$: 0.000120 <-> 0.996770
	 $\beta_{E}$: 0.000021 <-> 0.978150
	 $N$: 51981.336109 <-> 10247676.652214
	 $\mu$: 0.000078 <-> 0.997328
	 $\gamma$: 0.030074 <-> 0.999457
	 $t_{c}$: 0.042600 <-> 29.984350
	 RF_{0}: 0.000167 <-> 0.994483
	 $E_{0}$: 0.000023 <-> 1.993634

Estimated parameters (av +/- std):

	 $\beta_{I}$: 0.404591 +/- 0.255551
	 $\beta_{E}$: 0.027475 +/- 0.109043
	 $N$: 7284581.817973 +/- 2863745.086674
	 $\mu$: 0.001127 +/- 0.236848
	 $\gamma$: 0.914991 +/- 0.206797
	 $t_{c}$: 10.367437 +/- 7.875714
	 RF_{0}: 0.560873 +/- 0.261217
	 $E_{0}$: 0.246333 +/- 0.477506

Posterior distribution on file posterior_'param'.png

RMSD: 0.313625
Weighted RMSD: 0.313625
RMSD for validation data: 0.772339
RMSD for total data: 0.433979
AIC: 16.627251
AIC for validation data: 17.544679
AIC for total data: 16.867957

#####################################################################

Total time on ABC: 0.293 s
Number of trials: 11124

Fit on file model_fit.png