2021-11-14_08-20-25

Data Source: Número de casos confirmados de COVID-19 no Brasil (on GitHub)
https://raw.githubusercontent.com/wcota/covid19br/master/cases-brazil-cities-time.csv

Rejection ABC fitting of epidemic curves

Model: SEIRD
Parameters: $\beta_{I}$, $\beta_{E}$, $N$, $\mu$, $\gamma$, $t_{c}$, RF_{0}, $E_{0}$
#####################################################################

Number of Samples: 960
Number of Posteriors: 3
RMSD Weights: [1,1]
Training window size: 40
Validation window size: 10

#####################################################################

Posterior No. 2
Execution Time: 0.199 s
Tolerance: eps = 0.087541

Priors' Ranges:

	 $\beta_{I}$: 0.000546 <-> 0.994496
	 $\beta_{E}$: 0.000250 <-> 0.139505
	 $N$: 1776831.713621 <-> 42451292.548372
	 $\mu$: 0.005012 <-> 0.048372
	 $\gamma$: 0.122225 <-> 0.998251
	 $t_{c}$: 3.013325 <-> 29.996805
	 RF_{0}: 0.000944 <-> 0.999204
	 $E_{0}$: 0.027497 <-> 1.990718

Estimated parameters (av +/- std):

	 $\beta_{I}$: 0.728041 +/- 0.259557
	 $\beta_{E}$: 0.038252 +/- 0.025479
	 $N$: 4509836.954706 +/- 10975338.456557
	 $\mu$: 0.021500 +/- 0.008158
	 $\gamma$: 0.585842 +/- 0.182572
	 $t_{c}$: 23.139690 +/- 5.879789
	 RF_{0}: 0.597492 +/- 0.233718
	 $E_{0}$: 1.081643 +/- 0.444663

Posterior distribution on file posterior_'param'.png

RMSD: 0.017340
Weighted RMSD: 0.017340
RMSD for validation data: 0.146332
RMSD for total data: 0.369432
AIC: 16.034681
AIC for validation data: 16.292663
AIC for total data: 16.738864

#####################################################################

Total time on ABC: 0.359 s
Number of trials: 12562

Fit on file model_fit.png