2022-03-08_16-35-49

Data Source: Número de casos confirmados de COVID-19 no Brasil (on GitHub)
https://raw.githubusercontent.com/wcota/covid19br/master/cases-brazil-cities-time.csv

Rejection ABC fitting of epidemic curves

Model: SEIRD
Parameters: $\beta_{I}$, $\beta_{E}$, $N$, $\mu$, $\gamma$, $t_{c}$, RF_{0}, $E_{0}$
#####################################################################

Number of Samples: 960
Number of Posteriors: 3
RMSD Weights: [1,1]
Training window size: 40
Validation window size: 10

#####################################################################

Posterior No. 2
Execution Time: 4.129 s
Tolerance: eps = 0.022502

Priors' Ranges:

	 $\beta_{I}$: 0.000161 <-> 0.982119
	 $\beta_{E}$: 0.000032 <-> 0.084765
	 $N$: 7398165.169796 <-> 106218214.881856
	 $\mu$: 0.004380 <-> 0.024958
	 $\gamma$: 0.186150 <-> 0.999711
	 $t_{c}$: 2.807883 <-> 29.935691
	 RF_{0}: 0.933329 <-> 0.999759
	 $E_{0}$: 0.030481 <-> 0.370932

Estimated parameters (av +/- std):

	 $\beta_{I}$: 0.240054 +/- 0.203989
	 $\beta_{E}$: 0.030603 +/- 0.014258
	 $N$: 57690533.550822 +/- 28277334.694222
	 $\mu$: 0.017695 +/- 0.003872
	 $\gamma$: 0.754237 +/- 0.162937
	 $t_{c}$: 17.212765 +/- 5.466169
	 RF_{0}: 0.983774 +/- 0.009010
	 $E_{0}$: 0.199248 +/- 0.064839

Posterior distribution on file posterior_'param'.png

RMSD: 0.015221
Weighted RMSD: 0.015221
RMSD for validation data: 0.177281
RMSD for total data: 0.449499
AIC: 16.030441
AIC for validation data: 16.354562
AIC for total data: 16.898998

#####################################################################

Total time on ABC: 6.333 s
Number of trials: 270327

Fit on file model_fit.png