2021-11-14_06-20-09

Data Source: Número de casos confirmados de COVID-19 no Brasil (on GitHub)
https://raw.githubusercontent.com/wcota/covid19br/master/cases-brazil-cities-time.csv

Rejection ABC fitting of epidemic curves

Model: SEIRD
Parameters: $\beta_{I}$, $\beta_{E}$, $N$, $\mu$, $\gamma$, $t_{c}$, RF_{0}, $E_{0}$
#####################################################################

Number of Samples: 960
Number of Posteriors: 3
RMSD Weights: [1,1]
Training window size: 50
Validation window size: 10

#####################################################################

Posterior No. 3
Execution Time: 0.947 s
Tolerance: eps = 0.029941

Priors' Ranges:

	 $\beta_{I}$: 0.000015 <-> 0.899812
	 $\beta_{E}$: 0.000084 <-> 0.078470
	 $N$: 11979763.315149 <-> 275771699.056293
	 $\mu$: 0.002539 <-> 0.013851
	 $\gamma$: 0.191212 <-> 0.999610
	 $t_{c}$: 6.611738 <-> 29.919463
	 RF_{0}: 0.876447 <-> 0.999791
	 $E_{0}$: 0.157521 <-> 0.736919

Estimated parameters (av +/- std):

	 $\beta_{I}$: 0.456881 +/- 0.174465
	 $\beta_{E}$: 0.000226 +/- 0.013209
	 $N$: 102478941.170567 +/- 73002000.775376
	 $\mu$: 0.007812 +/- 0.002377
	 $\gamma$: 0.611100 +/- 0.183171
	 $t_{c}$: 18.902538 +/- 5.305010
	 RF_{0}: 0.975955 +/- 0.027173
	 $E_{0}$: 0.432931 +/- 0.120538

Posterior distribution on file posterior_'param'.png

RMSD: 0.008213
Weighted RMSD: 0.008213
RMSD for validation data: 0.146961
RMSD for total data: 0.507635
AIC: 16.016425
AIC for validation data: 16.293922
AIC for total data: 17.015271

#####################################################################

Total time on ABC: 2.119 s
Number of trials: 52869

Fit on file model_fit.png