2021-11-14_06-20-09

Data Source: Número de casos confirmados de COVID-19 no Brasil (on GitHub)
https://raw.githubusercontent.com/wcota/covid19br/master/cases-brazil-cities-time.csv

Rejection ABC fitting of epidemic curves

Model: SEIRD
Parameters: $\beta_{I}$, $\beta_{E}$, $N$, $\mu$, $\gamma$, $t_{c}$, RF_{0}, $E_{0}$
#####################################################################

Number of Samples: 960
Number of Posteriors: 3
RMSD Weights: [1,1]
Training window size: 45
Validation window size: 10

#####################################################################

Posterior No. 3
Execution Time: 0.752 s
Tolerance: eps = 0.039935

Priors' Ranges:

	 $\beta_{I}$: 0.000046 <-> 0.998739
	 $\beta_{E}$: 0.000222 <-> 0.104253
	 $N$: 10376694.615457 <-> 274445072.582915
	 $\mu$: 0.002720 <-> 0.015224
	 $\gamma$: 0.161446 <-> 0.999654
	 $t_{c}$: 2.747691 <-> 29.994091
	 RF_{0}: 0.682395 <-> 0.999120
	 $E_{0}$: 0.041911 <-> 1.160553

Estimated parameters (av +/- std):

	 $\beta_{I}$: 0.535612 +/- 0.250408
	 $\beta_{E}$: 0.011831 +/- 0.020161
	 $N$: 193212019.023081 +/- 71751594.309869
	 $\mu$: 0.007046 +/- 0.002292
	 $\gamma$: 0.494282 +/- 0.166027
	 $t_{c}$: 20.563740 +/- 6.035066
	 RF_{0}: 0.916982 +/- 0.066435
	 $E_{0}$: 0.550122 +/- 0.195914

Posterior distribution on file posterior_'param'.png

RMSD: 0.009892
Weighted RMSD: 0.009892
RMSD for validation data: 0.255337
RMSD for total data: 0.507619
AIC: 16.019783
AIC for validation data: 16.510674
AIC for total data: 17.015239

#####################################################################

Total time on ABC: 1.326 s
Number of trials: 37367

Fit on file model_fit.png