2021-11-14_10-31-06

Data Source: Número de casos confirmados de COVID-19 no Brasil (on GitHub)
https://raw.githubusercontent.com/wcota/covid19br/master/cases-brazil-cities-time.csv

Rejection ABC fitting of epidemic curves

Model: SEIRD
Parameters: $\beta_{I}$, $\beta_{E}$, $N$, $\mu$, $\gamma$, $t_{c}$, RF_{0}, $E_{0}$
#####################################################################

Number of Samples: 48
Number of Posteriors: 3
RMSD Weights: [1,1]
Training window size: 15
Validation window size: 10

#####################################################################

Posterior No. 1
Execution Time: 0.089 s
Tolerance: eps = 23.677163

Priors' Ranges:

	 $\beta_{I}$: 0.000000 <-> 1.000000
	 $\beta_{E}$: 0.000000 <-> 1.000000
	 $N$: 212559.409000 <-> 42511881.800000
	 $\mu$: 0.000000 <-> 1.000000
	 $\gamma$: 0.000000 <-> 1.000000
	 $t_{c}$: 0.000000 <-> 30.000000
	 RF_{0}: 0.000000 <-> 1.000000
	 $E_{0}$: 0.000000 <-> 2.000000

Estimated parameters (av +/- std):

	 $\beta_{I}$: 0.117559 +/- 0.286903
	 $\beta_{E}$: 0.890670 +/- 0.294318
	 $N$: 3456296.775723 +/- 12324736.383837
	 $\mu$: 0.000730 +/- 0.227412
	 $\gamma$: 0.871829 +/- 0.264339
	 $t_{c}$: 28.876219 +/- 8.316950
	 RF_{0}: 0.241253 +/- 0.269762
	 $E_{0}$: 0.458034 +/- 0.594897

Posterior distribution on file posterior_'param'.png

RMSD: 0.375222
Weighted RMSD: 0.375222
RMSD for validation data: 1.856563
RMSD for total data: 0.367090
AIC: 16.750444
AIC for validation data: 19.713126
AIC for total data: 16.734179

#####################################################################

Total time on ABC: 0.089 s
Number of trials: 8973

Fit on file model_fit.png