2021-11-14_20-30-25

Data Source: Número de casos confirmados de COVID-19 no Brasil (on GitHub)
https://raw.githubusercontent.com/wcota/covid19br/master/cases-brazil-cities-time.csv

Rejection ABC fitting of epidemic curves

Model: SEIRD
Parameters: $\beta_{I}$, $\beta_{E}$, $N$, $\mu$, $\gamma$, $t_{c}$, RF_{0}, $E_{0}$
#####################################################################

Number of Samples: 48
Number of Posteriors: 3
RMSD Weights: [1,1]
Training window size: 20
Validation window size: 10

#####################################################################

Posterior No. 1
Execution Time: 0.125 s
Tolerance: eps = 581.532790

Priors' Ranges:

	 $\beta_{I}$: 0.000000 <-> 1.000000
	 $\beta_{E}$: 0.000000 <-> 1.000000
	 $N$: 51269.183000 <-> 10253836.600000
	 $\mu$: 0.000000 <-> 1.000000
	 $\gamma$: 0.000000 <-> 1.000000
	 $t_{c}$: 0.000000 <-> 30.000000
	 RF_{0}: 0.000000 <-> 1.000000
	 $E_{0}$: 0.000000 <-> 2.000000

Estimated parameters (av +/- std):

	 $\beta_{I}$: 0.293552 +/- 0.284194
	 $\beta_{E}$: 0.020055 +/- 0.176399
	 $N$: 3686805.899693 +/- 3146451.100467
	 $\mu$: 0.017325 +/- 0.285960
	 $\gamma$: 0.710540 +/- 0.256458
	 $t_{c}$: 14.522856 +/- 8.638696
	 RF_{0}: 0.980351 +/- 0.282026
	 $E_{0}$: 0.175959 +/- 0.558310

Posterior distribution on file posterior_'param'.png

RMSD: 3.011184
Weighted RMSD: 3.011184
RMSD for validation data: 3.338571
RMSD for total data: 0.433979
AIC: 22.022369
AIC for validation data: 22.677142
AIC for total data: 16.867957

#####################################################################

Total time on ABC: 0.125 s
Number of trials: 9979

Fit on file model_fit.png