2021-11-14_07-42-31

Data Source: Número de casos confirmados de COVID-19 no Brasil (on GitHub)
https://raw.githubusercontent.com/wcota/covid19br/master/cases-brazil-cities-time.csv

Rejection ABC fitting of epidemic curves

Model: SEIRD
Parameters: $\beta_{I}$, $\beta_{E}$, $N$, $\mu$, $\gamma$, $t_{c}$, RF_{0}, $E_{0}$
#####################################################################

Number of Samples: 960
Number of Posteriors: 3
RMSD Weights: [1,1]
Training window size: 10
Validation window size: 10

#####################################################################

Posterior No. 2
Execution Time: 0.042 s
Tolerance: eps = 3.935149

Priors' Ranges:

	 $\beta_{I}$: 0.001224 <-> 0.991301
	 $\beta_{E}$: 0.001423 <-> 0.875896
	 $N$: 1615944.664898 <-> 275993646.725496
	 $\mu$: 0.000044 <-> 0.991464
	 $\gamma$: 0.041959 <-> 0.999926
	 $t_{c}$: 0.150081 <-> 29.896557
	 RF_{0}: 0.000204 <-> 0.998464
	 $E_{0}$: 0.001440 <-> 1.990875

Estimated parameters (av +/- std):

	 $\beta_{I}$: 0.365805 +/- 0.263739
	 $\beta_{E}$: 0.054547 +/- 0.133349
	 $N$: 211865261.118169 +/- 74423351.553027
	 $\mu$: 0.011993 +/- 0.212101
	 $\gamma$: 0.603987 +/- 0.233613
	 $t_{c}$: 21.731337 +/- 6.870506
	 RF_{0}: 0.518837 +/- 0.228573
	 $E_{0}$: 0.630080 +/- 0.472705

Posterior distribution on file posterior_'param'.png

RMSD: 0.076340
Weighted RMSD: 0.076340
RMSD for validation data: 0.087597
RMSD for total data: 0.464272
AIC: 16.152681
AIC for validation data: 16.175194
AIC for total data: 16.928543

#####################################################################

Total time on ABC: 0.110 s
Number of trials: 8821

Fit on file model_fit.png