2021-11-14_20-35-18

Data Source: Número de casos confirmados de COVID-19 no Brasil (on GitHub)
https://raw.githubusercontent.com/wcota/covid19br/master/cases-brazil-cities-time.csv

Rejection ABC fitting of epidemic curves

Model: SEIRD
Parameters: $\beta_{I}$, $\beta_{E}$, $N$, $\mu$, $\gamma$, $t_{c}$, RF_{0}, $E_{0}$
#####################################################################

Number of Samples: 48
Number of Posteriors: 3
RMSD Weights: [1,1]
Training window size: 10
Validation window size: 10

#####################################################################

Posterior No. 1
Execution Time: 0.063 s
Tolerance: eps = 219.997908

Priors' Ranges:

	 $\beta_{I}$: 0.000000 <-> 1.000000
	 $\beta_{E}$: 0.000000 <-> 1.000000
	 $N$: 67886.004000 <-> 13577200.800000
	 $\mu$: 0.000000 <-> 1.000000
	 $\gamma$: 0.000000 <-> 1.000000
	 $t_{c}$: 0.000000 <-> 30.000000
	 RF_{0}: 0.000000 <-> 1.000000
	 $E_{0}$: 0.000000 <-> 2.000000

Estimated parameters (av +/- std):

	 $\beta_{I}$: 0.555125 +/- 0.282993
	 $\beta_{E}$: 0.116169 +/- 0.285301
	 $N$: 12940769.133173 +/- 4229296.421553
	 $\mu$: 0.000343 +/- 0.238937
	 $\gamma$: 0.129581 +/- 0.273700
	 $t_{c}$: 15.921527 +/- 8.035464
	 RF_{0}: 0.894886 +/- 0.284558
	 $E_{0}$: 0.006668 +/- 0.568686

Posterior distribution on file posterior_'param'.png

RMSD: 0.255170
Weighted RMSD: 0.255170
RMSD for validation data: 2.406215
RMSD for total data: 1.233370
AIC: 16.510341
AIC for validation data: 20.812430
AIC for total data: 18.466740

#####################################################################

Total time on ABC: 0.063 s
Number of trials: 8980

Fit on file model_fit.png