2021-11-14_07-42-31

Data Source: Número de casos confirmados de COVID-19 no Brasil (on GitHub)
https://raw.githubusercontent.com/wcota/covid19br/master/cases-brazil-cities-time.csv

Rejection ABC fitting of epidemic curves

Model: SEIRD
Parameters: $\beta_{I}$, $\beta_{E}$, $N$, $\mu$, $\gamma$, $t_{c}$, RF_{0}, $E_{0}$
#####################################################################

Number of Samples: 960
Number of Posteriors: 3
RMSD Weights: [1,1]
Training window size: 20
Validation window size: 10

#####################################################################

Posterior No. 2
Execution Time: 0.053 s
Tolerance: eps = 1.934228

Priors' Ranges:

	 $\beta_{I}$: 0.002470 <-> 0.988049
	 $\beta_{E}$: 0.000250 <-> 0.450040
	 $N$: 1540384.926286 <-> 275622503.961933
	 $\mu$: 0.000402 <-> 0.987019
	 $\gamma$: 0.009748 <-> 0.997581
	 $t_{c}$: 0.140203 <-> 29.964080
	 RF_{0}: 0.014682 <-> 0.995161
	 $E_{0}$: 0.000560 <-> 1.978150

Estimated parameters (av +/- std):

	 $\beta_{I}$: 0.438535 +/- 0.259396
	 $\beta_{E}$: 0.031278 +/- 0.070221
	 $N$: 68094621.838993 +/- 74738963.861670
	 $\mu$: 0.015652 +/- 0.254665
	 $\gamma$: 0.529927 +/- 0.212213
	 $t_{c}$: 11.840269 +/- 7.709423
	 RF_{0}: 0.678566 +/- 0.251278
	 $E_{0}$: 1.183560 +/- 0.472952

Posterior distribution on file posterior_'param'.png

RMSD: 0.074796
Weighted RMSD: 0.074796
RMSD for validation data: 0.600077
RMSD for total data: 0.507557
AIC: 16.149591
AIC for validation data: 17.200155
AIC for total data: 17.015115

#####################################################################

Total time on ABC: 0.161 s
Number of trials: 7773

Fit on file model_fit.png