2021-11-14_06-20-09

Data Source: Número de casos confirmados de COVID-19 no Brasil (on GitHub)
https://raw.githubusercontent.com/wcota/covid19br/master/cases-brazil-cities-time.csv

Rejection ABC fitting of epidemic curves

Model: SEIRD
Parameters: $\beta_{I}$, $\beta_{E}$, $N$, $\mu$, $\gamma$, $t_{c}$, RF_{0}, $E_{0}$
#####################################################################

Number of Samples: 960
Number of Posteriors: 3
RMSD Weights: [1,1]
Training window size: 30
Validation window size: 10

#####################################################################

Posterior No. 3
Execution Time: 0.371 s
Tolerance: eps = 0.050347

Priors' Ranges:

	 $\beta_{I}$: 0.000285 <-> 0.978318
	 $\beta_{E}$: 0.000038 <-> 0.093365
	 $N$: 9560531.185053 <-> 275354440.707268
	 $\mu$: 0.001852 <-> 0.013239
	 $\gamma$: 0.214223 <-> 0.999032
	 $t_{c}$: 2.809894 <-> 29.990023
	 RF_{0}: 0.978019 <-> 0.999980
	 $E_{0}$: 0.005246 <-> 0.061965

Estimated parameters (av +/- std):

	 $\beta_{I}$: 0.005202 +/- 0.201101
	 $\beta_{E}$: 0.031509 +/- 0.016857
	 $N$: 224324103.040571 +/- 73319047.426507
	 $\mu$: 0.007707 +/- 0.002065
	 $\gamma$: 0.687537 +/- 0.180107
	 $t_{c}$: 20.556997 +/- 5.505298
	 RF_{0}: 0.996643 +/- 0.003674
	 $E_{0}$: 0.037353 +/- 0.010437

Posterior distribution on file posterior_'param'.png

RMSD: 0.009971
Weighted RMSD: 0.009971
RMSD for validation data: 0.178345
RMSD for total data: 0.507636
AIC: 16.019941
AIC for validation data: 16.356689
AIC for total data: 17.015271

#####################################################################

Total time on ABC: 0.800 s
Number of trials: 32438

Fit on file model_fit.png