2021-11-14_20-32-41

Data Source: Número de casos confirmados de COVID-19 no Brasil (on GitHub)
https://raw.githubusercontent.com/wcota/covid19br/master/cases-brazil-cities-time.csv

Rejection ABC fitting of epidemic curves

Model: SEIRD
Parameters: $\beta_{I}$, $\beta_{E}$, $N$, $\mu$, $\gamma$, $t_{c}$, RF_{0}, $E_{0}$
#####################################################################

Number of Samples: 48
Number of Posteriors: 3
RMSD Weights: [1,1]
Training window size: 25
Validation window size: 10

#####################################################################

Posterior No. 1
Execution Time: 0.181 s
Tolerance: eps = 10.489798

Priors' Ranges:

	 $\beta_{I}$: 0.000000 <-> 1.000000
	 $\beta_{E}$: 0.000000 <-> 1.000000
	 $N$: 67886.004000 <-> 13577200.800000
	 $\mu$: 0.000000 <-> 1.000000
	 $\gamma$: 0.000000 <-> 1.000000
	 $t_{c}$: 0.000000 <-> 30.000000
	 RF_{0}: 0.000000 <-> 1.000000
	 $E_{0}$: 0.000000 <-> 2.000000

Estimated parameters (av +/- std):

	 $\beta_{I}$: 0.836595 +/- 0.289019
	 $\beta_{E}$: 0.602176 +/- 0.293248
	 $N$: 2590184.025754 +/- 3552907.312949
	 $\mu$: 0.006749 +/- 0.239799
	 $\gamma$: 0.397587 +/- 0.259341
	 $t_{c}$: 26.420343 +/- 8.674823
	 RF_{0}: 0.849569 +/- 0.267556
	 $E_{0}$: 0.072291 +/- 0.589979

Posterior distribution on file posterior_'param'.png

RMSD: 0.099058
Weighted RMSD: 0.099058
RMSD for validation data: 0.576358
RMSD for total data: 0.343930
AIC: 16.198117
AIC for validation data: 17.152717
AIC for total data: 16.687861

#####################################################################

Total time on ABC: 0.181 s
Number of trials: 9849

Fit on file model_fit.png