2021-11-14_10-31-06

Data Source: Número de casos confirmados de COVID-19 no Brasil (on GitHub)
https://raw.githubusercontent.com/wcota/covid19br/master/cases-brazil-cities-time.csv

Rejection ABC fitting of epidemic curves

Model: SEIRD
Parameters: $\beta_{I}$, $\beta_{E}$, $N$, $\mu$, $\gamma$, $t_{c}$, RF_{0}, $E_{0}$
#####################################################################

Number of Samples: 960
Number of Posteriors: 3
RMSD Weights: [1,1]
Training window size: 15
Validation window size: 10

#####################################################################

Posterior No. 3
Execution Time: 0.075 s
Tolerance: eps = 5.028073

Priors' Ranges:

	 $\beta_{I}$: 0.000067 <-> 0.997461
	 $\beta_{E}$: 0.000710 <-> 0.998557
	 $N$: 213279.764419 <-> 41472984.611335
	 $\mu$: 0.000093 <-> 0.945857
	 $\gamma$: 0.006735 <-> 0.999952
	 $t_{c}$: 0.095449 <-> 29.993008
	 RF_{0}: 0.004086 <-> 0.999979
	 $E_{0}$: 0.000423 <-> 1.998192

Estimated parameters (av +/- std):

	 $\beta_{I}$: 0.364067 +/- 0.266796
	 $\beta_{E}$: 0.037433 +/- 0.285439
	 $N$: 12476908.209024 +/- 9764306.709599
	 $\mu$: 0.013539 +/- 0.113849
	 $\gamma$: 0.936865 +/- 0.228403
	 $t_{c}$: 17.883521 +/- 7.353871
	 RF_{0}: 0.900541 +/- 0.225437
	 $E_{0}$: 0.252025 +/- 0.561756

Posterior distribution on file posterior_'param'.png

RMSD: 0.067001
Weighted RMSD: 0.067001
RMSD for validation data: 0.310749
RMSD for total data: 0.449499
AIC: 16.134002
AIC for validation data: 16.621498
AIC for total data: 16.898998

#####################################################################

Total time on ABC: 0.247 s
Number of trials: 14267

Fit on file model_fit.png