2021-11-14_19-37-26

Data Source: Número de casos confirmados de COVID-19 no Brasil (on GitHub)
https://raw.githubusercontent.com/wcota/covid19br/master/cases-brazil-cities-time.csv

Rejection ABC fitting of epidemic curves

Model: SEIRD
Parameters: $\beta_{I}$, $\beta_{E}$, $N$, $\mu$, $\gamma$, $t_{c}$, RF_{0}, $E_{0}$
#####################################################################

Number of Samples: 48
Number of Posteriors: 3
RMSD Weights: [1,1]
Training window size: 45
Validation window size: 10

#####################################################################

Posterior No. 1
Execution Time: 5.151 s
Tolerance: eps = 0.039662

Priors' Ranges:

	 $\beta_{I}$: 0.000000 <-> 1.000000
	 $\beta_{E}$: 0.000000 <-> 1.000000
	 $N$: 67886.004000 <-> 13577200.800000
	 $\mu$: 0.000000 <-> 1.000000
	 $\gamma$: 0.000000 <-> 1.000000
	 $t_{c}$: 0.000000 <-> 30.000000
	 RF_{0}: 0.000000 <-> 1.000000
	 $E_{0}$: 0.000000 <-> 2.000000

Estimated parameters (av +/- std):

	 $\beta_{I}$: 0.147976 +/- 0.248454
	 $\beta_{E}$: 0.069548 +/- 0.074872
	 $N$: 2224975.265561 +/- 3384408.729229
	 $\mu$: 0.000840 +/- 0.002845
	 $\gamma$: 0.029898 +/- 0.267404
	 $t_{c}$: 23.723555 +/- 4.693333
	 RF_{0}: 0.948808 +/- 0.025308
	 $E_{0}$: 0.757967 +/- 0.145730

Posterior distribution on file posterior_'param'.png

RMSD: 0.013045
Weighted RMSD: 0.013045
RMSD for validation data: 0.085473
RMSD for total data: 0.257267
AIC: 16.026091
AIC for validation data: 16.170947
AIC for total data: 16.514535

#####################################################################

Total time on ABC: 5.151 s
Number of trials: 340834

Fit on file model_fit.png