2021-11-14_06-19-53

Data Source: Número de casos confirmados de COVID-19 no Brasil (on GitHub)
https://raw.githubusercontent.com/wcota/covid19br/master/cases-brazil-cities-time.csv

Rejection ABC fitting of epidemic curves

Model: SEIRD
Parameters: $\beta_{I}$, $\beta_{E}$, $N$, $\mu$, $\gamma$, $t_{c}$, RF_{0}, $E_{0}$
#####################################################################

Number of Samples: 960
Number of Posteriors: 3
RMSD Weights: [1,1]
Training window size: 15
Validation window size: 10

#####################################################################

Posterior No. 2
Execution Time: 0.068 s
Tolerance: eps = 132.853216

Priors' Ranges:

	 $\beta_{I}$: 0.002621 <-> 0.992840
	 $\beta_{E}$: 0.000423 <-> 0.983999
	 $N$: 90329.506922 <-> 16697262.984587
	 $\mu$: 0.000049 <-> 0.979620
	 $\gamma$: 0.002357 <-> 0.998450
	 $t_{c}$: 0.318202 <-> 29.952050
	 RF_{0}: 0.014032 <-> 0.999626
	 $E_{0}$: 0.000281 <-> 1.987006

Estimated parameters (av +/- std):

	 $\beta_{I}$: 0.317178 +/- 0.262604
	 $\beta_{E}$: 0.067448 +/- 0.185881
	 $N$: 11080103.185633 +/- 4702019.056722
	 $\mu$: 0.001208 +/- 0.205308
	 $\gamma$: 0.140761 +/- 0.235932
	 $t_{c}$: 17.545221 +/- 7.127824
	 RF_{0}: 0.947377 +/- 0.250577
	 $E_{0}$: 0.043114 +/- 0.496025

Posterior distribution on file posterior_'param'.png

RMSD: 0.607605
Weighted RMSD: 0.607605
RMSD for validation data: 7.763664
RMSD for total data: 1.193056
AIC: 17.215210
AIC for validation data: 31.527328
AIC for total data: 18.386113

#####################################################################

Total time on ABC: 0.163 s
Number of trials: 13425

Fit on file model_fit.png