2021-11-14_21-02-25

Data Source: Número de casos confirmados de COVID-19 no Brasil (on GitHub)
https://raw.githubusercontent.com/wcota/covid19br/master/cases-brazil-cities-time.csv

Rejection ABC fitting of epidemic curves

Model: SEIRD
Parameters: $\beta_{I}$, $\beta_{E}$, $N$, $\mu$, $\gamma$, $t_{c}$, RF_{0}, $E_{0}$
#####################################################################

Number of Samples: 960
Number of Posteriors: 3
RMSD Weights: [1,1]
Training window size: 40
Validation window size: 10

#####################################################################

Posterior No. 3
Execution Time: 1.979 s
Tolerance: eps = 0.029737

Priors' Ranges:

	 $\beta_{I}$: 0.000356 <-> 0.998574
	 $\beta_{E}$: 0.000377 <-> 0.191578
	 $N$: 14666474.494538 <-> 66132688.210806
	 $\mu$: 0.002503 <-> 0.012241
	 $\gamma$: 0.223456 <-> 0.999316
	 $t_{c}$: 5.170916 <-> 29.996583
	 RF_{0}: 0.925232 <-> 0.999926
	 $E_{0}$: 0.009247 <-> 0.211725

Estimated parameters (av +/- std):

	 $\beta_{I}$: 0.911856 +/- 0.253538
	 $\beta_{E}$: 0.047687 +/- 0.031839
	 $N$: 46742160.473410 +/- 12729393.367998
	 $\mu$: 0.009448 +/- 0.002024
	 $\gamma$: 0.856188 +/- 0.179033
	 $t_{c}$: 27.077924 +/- 5.171177
	 RF_{0}: 0.967364 +/- 0.015457
	 $E_{0}$: 0.132643 +/- 0.037234

Posterior distribution on file posterior_'param'.png

RMSD: 0.015702
Weighted RMSD: 0.015702
RMSD for validation data: 0.138024
RMSD for total data: 0.351189
AIC: 16.031403
AIC for validation data: 16.276048
AIC for total data: 16.702378

#####################################################################

Total time on ABC: 3.402 s
Number of trials: 100356

Fit on file model_fit.png