2021-11-14_23-05-32

Data Source: Número de casos confirmados de COVID-19 no Brasil (on GitHub)
https://raw.githubusercontent.com/wcota/covid19br/master/cases-brazil-cities-time.csv

Rejection ABC fitting of epidemic curves

Model: SEIRD
Parameters: $\beta_{I}$, $\beta_{E}$, $N$, $\mu$, $\gamma$, $t_{c}$, RF_{0}, $E_{0}$
#####################################################################

Number of Samples: 960
Number of Posteriors: 3
RMSD Weights: [1,1]
Training window size: 20
Validation window size: 10

#####################################################################

Posterior No. 2
Execution Time: 0.074 s
Tolerance: eps = 15.452874

Priors' Ranges:

	 $\beta_{I}$: 0.002408 <-> 0.999863
	 $\beta_{E}$: 0.003524 <-> 0.998388
	 $N$: 365482.825225 <-> 65208507.910504
	 $\mu$: 0.000170 <-> 0.981958
	 $\gamma$: 0.010061 <-> 0.998931
	 $t_{c}$: 0.213665 <-> 29.988127
	 RF_{0}: 0.002823 <-> 0.999745
	 $E_{0}$: 0.000305 <-> 1.994325

Estimated parameters (av +/- std):

	 $\beta_{I}$: 0.059833 +/- 0.264966
	 $\beta_{E}$: 0.740332 +/- 0.256494
	 $N$: 19127431.368376 +/- 13892634.893604
	 $\mu$: 0.001216 +/- 0.207476
	 $\gamma$: 0.317296 +/- 0.229740
	 $t_{c}$: 29.710781 +/- 7.666867
	 RF_{0}: 0.819072 +/- 0.222592
	 $E_{0}$: 0.482332 +/- 0.529535

Posterior distribution on file posterior_'param'.png

RMSD: 0.205627
Weighted RMSD: 0.205627
RMSD for validation data: 1.843752
RMSD for total data: 0.385641
AIC: 16.411253
AIC for validation data: 19.687503
AIC for total data: 16.771283

#####################################################################

Total time on ABC: 0.195 s
Number of trials: 14013

Fit on file model_fit.png