2021-11-14_20-35-18

Data Source: Número de casos confirmados de COVID-19 no Brasil (on GitHub)
https://raw.githubusercontent.com/wcota/covid19br/master/cases-brazil-cities-time.csv

Rejection ABC fitting of epidemic curves

Model: SEIRD
Parameters: $\beta_{I}$, $\beta_{E}$, $N$, $\mu$, $\gamma$, $t_{c}$, RF_{0}, $E_{0}$
#####################################################################

Number of Samples: 960
Number of Posteriors: 3
RMSD Weights: [1,1]
Training window size: 20
Validation window size: 10

#####################################################################

Posterior No. 2
Execution Time: 0.072 s
Tolerance: eps = 6.204862

Priors' Ranges:

	 $\beta_{I}$: 0.001023 <-> 0.999025
	 $\beta_{E}$: 0.000912 <-> 0.999784
	 $N$: 76821.099315 <-> 12887609.959510
	 $\mu$: 0.000133 <-> 0.978620
	 $\gamma$: 0.008324 <-> 0.999441
	 $t_{c}$: 0.063542 <-> 29.917099
	 RF_{0}: 0.010861 <-> 0.999918
	 $E_{0}$: 0.002683 <-> 1.996381

Estimated parameters (av +/- std):

	 $\beta_{I}$: 0.762067 +/- 0.272627
	 $\beta_{E}$: 0.824832 +/- 0.274680
	 $N$: 1697476.492783 +/- 2845833.736229
	 $\mu$: 0.001726 +/- 0.172888
	 $\gamma$: 0.433643 +/- 0.219754
	 $t_{c}$: 14.827092 +/- 7.712437
	 RF_{0}: 0.146237 +/- 0.244376
	 $E_{0}$: 0.521083 +/- 0.556178

Posterior distribution on file posterior_'param'.png

RMSD: 0.126085
Weighted RMSD: 0.126085
RMSD for validation data: 1.014319
RMSD for total data: 0.414917
AIC: 16.252170
AIC for validation data: 18.028639
AIC for total data: 16.829834

#####################################################################

Total time on ABC: 0.212 s
Number of trials: 13730

Fit on file model_fit.png