2021-11-29_22-05-24

Data Source: Número de casos confirmados de COVID-19 no Brasil (on GitHub)
https://raw.githubusercontent.com/wcota/covid19br/master/cases-brazil-cities-time.csv

Rejection ABC fitting of epidemic curves

Model: SEIRD
Parameters: $\beta_{I}$, $\beta_{E}$, $N$, $\mu$, $\gamma$, $t_{c}$, RF_{0}, $E_{0}$
#####################################################################

Number of Samples: 9984
Number of Posteriors: 3
RMSD Weights: [1,1]
Training window size: 10
Validation window size: 10

#####################################################################

Posterior No. 3
Execution Time: 1.720 s
Tolerance: eps = 17.192936

Priors' Ranges:

	 $\beta_{I}$: 0.000048 <-> 0.999158
	 $\beta_{E}$: 0.000064 <-> 0.999993
	 $N$: 213871.762690 <-> 42506073.784958
	 $\mu$: 0.000010 <-> 0.999111
	 $\gamma$: 0.000301 <-> 0.999827
	 $t_{c}$: 0.055978 <-> 29.993568
	 RF_{0}: 0.000543 <-> 0.999971
	 $E_{0}$: 0.000094 <-> 1.999364

Estimated parameters (av +/- std):

	 $\beta_{I}$: 0.566997 +/- 0.263813
	 $\beta_{E}$: 0.471150 +/- 0.267367
	 $N$: 4751398.199955 +/- 10874122.051296
	 $\mu$: 0.010984 +/- 0.120321
	 $\gamma$: 0.360085 +/- 0.233076
	 $t_{c}$: 23.762904 +/- 7.234864
	 RF_{0}: 0.993133 +/- 0.223719
	 $E_{0}$: 0.181242 +/- 0.539493

Posterior distribution on file posterior_'param'.png

RMSD: 0.104115
Weighted RMSD: 0.104115
RMSD for validation data: 0.436168
RMSD for total data: 0.238012
AIC: 16.208230
AIC for validation data: 16.872336
AIC for total data: 16.476025

#####################################################################

Total time on ABC: 4.140 s
Number of trials: 147607

Fit on file model_fit.png