2021-11-14_05-14-13

Data Source: Número de casos confirmados de COVID-19 no Brasil (on GitHub)
https://raw.githubusercontent.com/wcota/covid19br/master/cases-brazil-cities-time.csv

Rejection ABC fitting of epidemic curves

Model: SEIRD
Parameters: $\beta_{I}$, $\beta_{E}$, $N$, $\mu$, $\gamma$, $t_{c}$, RF_{0}, $E_{0}$
#####################################################################

Number of Samples: 48
Number of Posteriors: 3
RMSD Weights: [1,1]
Training window size: 35
Validation window size: 10

#####################################################################

Posterior No. 1
Execution Time: 1.485 s
Tolerance: eps = 0.049527

Priors' Ranges:

	 $\beta_{I}$: 0.000000 <-> 1.000000
	 $\beta_{E}$: 0.000000 <-> 1.000000
	 $N$: 83783.945000 <-> 16756789.000000
	 $\mu$: 0.000000 <-> 1.000000
	 $\gamma$: 0.000000 <-> 1.000000
	 $t_{c}$: 0.000000 <-> 30.000000
	 RF_{0}: 0.000000 <-> 1.000000
	 $E_{0}$: 0.000000 <-> 2.000000

Estimated parameters (av +/- std):

	 $\beta_{I}$: 0.091214 +/- 0.243886
	 $\beta_{E}$: 0.059174 +/- 0.033525
	 $N$: 11212740.758811 +/- 4541223.590504
	 $\mu$: 0.002118 +/- 0.001630
	 $\gamma$: 0.178405 +/- 0.177471
	 $t_{c}$: 14.995856 +/- 5.810883
	 RF_{0}: 0.965987 +/- 0.023339
	 $E_{0}$: 0.522242 +/- 0.208939

Posterior distribution on file posterior_'param'.png

RMSD: 0.030881
Weighted RMSD: 0.030881
RMSD for validation data: 0.362878
RMSD for total data: 0.414173
AIC: 16.061762
AIC for validation data: 16.725756
AIC for total data: 16.828345

#####################################################################

Total time on ABC: 1.485 s
Number of trials: 104933

Fit on file model_fit.png