2021-11-14_06-01-51

Data Source: Número de casos confirmados de COVID-19 no Brasil (on GitHub)
https://raw.githubusercontent.com/wcota/covid19br/master/cases-brazil-cities-time.csv

Rejection ABC fitting of epidemic curves

Model: SEIRD
Parameters: $\beta_{I}$, $\beta_{E}$, $N$, $\mu$, $\gamma$, $t_{c}$, RF_{0}, $E_{0}$
#####################################################################

Number of Samples: 960
Number of Posteriors: 3
RMSD Weights: [1,1]
Training window size: 30
Validation window size: 10

#####################################################################

Posterior No. 3
Execution Time: 0.146 s
Tolerance: eps = 0.123346

Priors' Ranges:

	 $\beta_{I}$: 0.001383 <-> 0.997164
	 $\beta_{E}$: 0.000035 <-> 0.251342
	 $N$: 1976813.195911 <-> 275050888.905715
	 $\mu$: 0.000014 <-> 0.856902
	 $\gamma$: 0.163509 <-> 0.999548
	 $t_{c}$: 0.076162 <-> 29.989469
	 RF_{0}: 0.008006 <-> 0.999584
	 $E_{0}$: 0.000005 <-> 1.891555

Estimated parameters (av +/- std):

	 $\beta_{I}$: 0.008964 +/- 0.238708
	 $\beta_{E}$: 0.236350 +/- 0.048593
	 $N$: 116824651.746192 +/- 70827906.560431
	 $\mu$: 0.000014 +/- 0.044755
	 $\gamma$: 0.377046 +/- 0.181814
	 $t_{c}$: 12.574728 +/- 7.641029
	 RF_{0}: 0.606186 +/- 0.221160
	 $E_{0}$: 0.055352 +/- 0.355229

Posterior distribution on file posterior_'param'.png

RMSD: 0.072025
Weighted RMSD: 0.072025
RMSD for validation data: 0.377432
RMSD for total data: 2.891816
AIC: 16.144050
AIC for validation data: 16.754864
AIC for total data: 21.783632

#####################################################################

Total time on ABC: 0.626 s
Number of trials: 19903

Fit on file model_fit.png