2021-11-14_04-49-43

Data Source: Número de casos confirmados de COVID-19 no Brasil (on GitHub)
https://raw.githubusercontent.com/wcota/covid19br/master/cases-brazil-cities-time.csv

Rejection ABC fitting of epidemic curves

Model: SEIRD
Parameters: $\beta_{I}$, $\beta_{E}$, $N$, $\mu$, $\gamma$, $t_{c}$, RF_{0}, $E_{0}$
#####################################################################

Number of Samples: 960
Number of Posteriors: 3
RMSD Weights: [1,1]
Training window size: 35
Validation window size: 10

#####################################################################

Posterior No. 3
Execution Time: 25.881 s
Tolerance: eps = 0.023509

Priors' Ranges:

	 $\beta_{I}$: 0.001066 <-> 0.988299
	 $\beta_{E}$: 0.000020 <-> 0.190964
	 $N$: 2591964.526287 <-> 16624304.024298
	 $\mu$: 0.005775 <-> 0.048578
	 $\gamma$: 0.102070 <-> 0.997271
	 $t_{c}$: 5.254940 <-> 29.995163
	 RF_{0}: 0.947136 <-> 0.999999
	 $E_{0}$: 0.067900 <-> 0.425383

Estimated parameters (av +/- std):

	 $\beta_{I}$: 0.444496 +/- 0.240679
	 $\beta_{E}$: 0.120915 +/- 0.037051
	 $N$: 2730022.321624 +/- 3800595.235518
	 $\mu$: 0.014071 +/- 0.009053
	 $\gamma$: 0.278373 +/- 0.190773
	 $t_{c}$: 26.967916 +/- 5.365675
	 RF_{0}: 0.982867 +/- 0.006651
	 $E_{0}$: 0.342350 +/- 0.069043

Posterior distribution on file posterior_'param'.png

RMSD: 0.018873
Weighted RMSD: 0.018873
RMSD for validation data: 0.163588
RMSD for total data: 0.688382
AIC: 16.037746
AIC for validation data: 16.327175
AIC for total data: 17.376764

#####################################################################

Total time on ABC: 46.663 s
Number of trials: 1717739

Fit on file model_fit.png