2021-11-14_04-14-21

Data Source: Número de casos confirmados de COVID-19 no Brasil (on GitHub)
https://raw.githubusercontent.com/wcota/covid19br/master/cases-brazil-cities-time.csv

Rejection ABC fitting of epidemic curves

Model: SEIRD
Parameters: $\beta_{I}$, $\beta_{E}$, $N$, $\mu$, $\gamma$, $t_{c}$, RF_{0}, $E_{0}$
#####################################################################

Number of Samples: 960
Number of Posteriors: 3
RMSD Weights: [1,1]
Training window size: 30
Validation window size: 10

#####################################################################

Posterior No. 3
Execution Time: 0.065 s
Tolerance: eps = 0.287098

Priors' Ranges:

	 $\beta_{I}$: 0.001462 <-> 0.994200
	 $\beta_{E}$: 0.000018 <-> 0.337654
	 $N$: 133280.150532 <-> 25259401.371821
	 $\mu$: 0.000287 <-> 0.994947
	 $\gamma$: 0.031992 <-> 0.999721
	 $t_{c}$: 0.548812 <-> 29.960370
	 RF_{0}: 0.003196 <-> 0.998144
	 $E_{0}$: 0.000765 <-> 1.997305

Estimated parameters (av +/- std):

	 $\beta_{I}$: 0.131139 +/- 0.251568
	 $\beta_{E}$: 0.214609 +/- 0.058178
	 $N$: 22005450.356860 +/- 6674472.834926
	 $\mu$: 0.018464 +/- 0.203068
	 $\gamma$: 0.692657 +/- 0.217659
	 $t_{c}$: 10.433165 +/- 7.316886
	 RF_{0}: 0.451757 +/- 0.258656
	 $E_{0}$: 1.295735 +/- 0.509418

Posterior distribution on file posterior_'param'.png

RMSD: 0.078152
Weighted RMSD: 0.078152
RMSD for validation data: 0.253658
RMSD for total data: 36.270976
AIC: 16.156304
AIC for validation data: 16.507317
AIC for total data: 88.541952

#####################################################################

Total time on ABC: 1.889 s
Number of trials: 7442

Fit on file model_fit.png