2021-11-14_20-27-56

Data Source: Número de casos confirmados de COVID-19 no Brasil (on GitHub)
https://raw.githubusercontent.com/wcota/covid19br/master/cases-brazil-cities-time.csv

Rejection ABC fitting of epidemic curves

Model: SEIRD
Parameters: $\beta_{I}$, $\beta_{E}$, $N$, $\mu$, $\gamma$, $t_{c}$, RF_{0}, $E_{0}$
#####################################################################

Number of Samples: 960
Number of Posteriors: 3
RMSD Weights: [1,1]
Training window size: 15
Validation window size: 10

#####################################################################

Posterior No. 3
Execution Time: 0.063 s
Tolerance: eps = 44.831029

Priors' Ranges:

	 $\beta_{I}$: 0.001649 <-> 0.998154
	 $\beta_{E}$: 0.000741 <-> 0.852850
	 $N$: 51817.318398 <-> 10198229.649579
	 $\mu$: 0.000038 <-> 0.999900
	 $\gamma$: 0.000116 <-> 0.999996
	 $t_{c}$: 0.140417 <-> 29.997628
	 RF_{0}: 0.010055 <-> 0.999875
	 $E_{0}$: 0.000837 <-> 1.984221

Estimated parameters (av +/- std):

	 $\beta_{I}$: 0.021298 +/- 0.270234
	 $\beta_{E}$: 0.175990 +/- 0.147711
	 $N$: 2869947.328203 +/- 2925453.627871
	 $\mu$: 0.001568 +/- 0.174076
	 $\gamma$: 0.786478 +/- 0.217410
	 $t_{c}$: 28.254223 +/- 7.114143
	 RF_{0}: 0.544036 +/- 0.247650
	 $E_{0}$: 0.051331 +/- 0.482683

Posterior distribution on file posterior_'param'.png

RMSD: 0.187103
Weighted RMSD: 0.187103
RMSD for validation data: 1.618285
RMSD for total data: 0.433979
AIC: 16.374206
AIC for validation data: 19.236571
AIC for total data: 16.867957

#####################################################################

Total time on ABC: 0.219 s
Number of trials: 12186

Fit on file model_fit.png