2021-11-14_08-20-25

Data Source: Número de casos confirmados de COVID-19 no Brasil (on GitHub)
https://raw.githubusercontent.com/wcota/covid19br/master/cases-brazil-cities-time.csv

Rejection ABC fitting of epidemic curves

Model: SEIRD
Parameters: $\beta_{I}$, $\beta_{E}$, $N$, $\mu$, $\gamma$, $t_{c}$, RF_{0}, $E_{0}$
#####################################################################

Number of Samples: 48
Number of Posteriors: 3
RMSD Weights: [1,1]
Training window size: 35
Validation window size: 10

#####################################################################

Posterior No. 1
Execution Time: 0.092 s
Tolerance: eps = 0.110901

Priors' Ranges:

	 $\beta_{I}$: 0.000000 <-> 1.000000
	 $\beta_{E}$: 0.000000 <-> 1.000000
	 $N$: 212559.409000 <-> 42511881.800000
	 $\mu$: 0.000000 <-> 1.000000
	 $\gamma$: 0.000000 <-> 1.000000
	 $t_{c}$: 0.000000 <-> 30.000000
	 RF_{0}: 0.000000 <-> 1.000000
	 $E_{0}$: 0.000000 <-> 2.000000

Estimated parameters (av +/- std):

	 $\beta_{I}$: 0.601058 +/- 0.261502
	 $\beta_{E}$: 0.081090 +/- 0.028343
	 $N$: 2461209.337176 +/- 11982013.718730
	 $\mu$: 0.056970 +/- 0.014071
	 $\gamma$: 0.967865 +/- 0.196660
	 $t_{c}$: 18.148931 +/- 5.376677
	 RF_{0}: 0.743093 +/- 0.251869
	 $E_{0}$: 1.467890 +/- 0.471705

Posterior distribution on file posterior_'param'.png

RMSD: 0.021513
Weighted RMSD: 0.021513
RMSD for validation data: 0.220216
RMSD for total data: 0.336266
AIC: 16.043025
AIC for validation data: 16.440431
AIC for total data: 16.672533

#####################################################################

Total time on ABC: 0.092 s
Number of trials: 5702

Fit on file model_fit.png