2021-12-01_00-51-50

Data Source: Número de casos confirmados de COVID-19 no Brasil (on GitHub)
https://raw.githubusercontent.com/wcota/covid19br/master/cases-brazil-cities-time.csv

Rejection ABC fitting of epidemic curves

Model: SEIRD
Parameters: $\beta_{I}$, $\beta_{E}$, $N$, $\mu$, $\gamma$, $t_{c}$, RF_{0}, $E_{0}$
#####################################################################

Number of Samples: 99984
Number of Posteriors: 3
RMSD Weights: [1,1]
Training window size: 20
Validation window size: 10

#####################################################################

Posterior No. 3
Execution Time: 88.906 s
Tolerance: eps = 11.906155

Priors' Ranges:

	 $\beta_{I}$: 0.000022 <-> 0.999962
	 $\beta_{E}$: 0.000006 <-> 0.999992
	 $N$: 212638.081592 <-> 42509367.771198
	 $\mu$: 0.000000 <-> 0.999932
	 $\gamma$: 0.000033 <-> 0.999999
	 $t_{c}$: 0.037062 <-> 29.999809
	 RF_{0}: 0.000305 <-> 0.999998
	 $E_{0}$: 0.000003 <-> 1.999888

Estimated parameters (av +/- std):

	 $\beta_{I}$: 0.087965 +/- 0.269523
	 $\beta_{E}$: 0.035302 +/- 0.272290
	 $N$: 9084520.411444 +/- 8305750.305508
	 $\mu$: 0.007753 +/- 0.150949
	 $\gamma$: 0.453044 +/- 0.223230
	 $t_{c}$: 22.706272 +/- 7.684316
	 RF_{0}: 0.980021 +/- 0.234203
	 $E_{0}$: 0.139878 +/- 0.548613

Posterior distribution on file posterior_'param'.png

RMSD: 0.086715
Weighted RMSD: 0.086715
RMSD for validation data: 0.425027
RMSD for total data: 0.449499
AIC: 16.173430
AIC for validation data: 16.850055
AIC for total data: 16.898998

#####################################################################

Total time on ABC: 183.038 s
Number of trials: 1537248

Fit on file model_fit.png