2022-03-08_16-22-08

Data Source: Número de casos confirmados de COVID-19 no Brasil (on GitHub)
https://raw.githubusercontent.com/wcota/covid19br/master/cases-brazil-cities-time.csv

Rejection ABC fitting of epidemic curves

Model: SEIRD
Parameters: $\beta_{I}$, $\beta_{E}$, $N$, $\mu$, $\gamma$, $t_{c}$, RF_{0}, $E_{0}$
#####################################################################

Number of Samples: 960
Number of Posteriors: 3
RMSD Weights: [1,1]
Training window size: 40
Validation window size: 10

#####################################################################

Posterior No. 3
Execution Time: 14.467 s
Tolerance: eps = 0.016185

Priors' Ranges:

	 $\beta_{I}$: 0.002385 <-> 0.999363
	 $\beta_{E}$: 0.000333 <-> 0.111564
	 $N$: 17155952.804588 <-> 106206496.294545
	 $\mu$: 0.006288 <-> 0.023622
	 $\gamma$: 0.271444 <-> 0.998298
	 $t_{c}$: 7.945006 <-> 29.984911
	 RF_{0}: 0.978554 <-> 0.998033
	 $E_{0}$: 0.038578 <-> 0.162640

Estimated parameters (av +/- std):

	 $\beta_{I}$: 0.686580 +/- 0.258622
	 $\beta_{E}$: 0.023303 +/- 0.018417
	 $N$: 86650665.411769 +/- 22151076.967217
	 $\mu$: 0.021803 +/- 0.003317
	 $\gamma$: 0.955934 +/- 0.147392
	 $t_{c}$: 28.686069 +/- 4.677100
	 RF_{0}: 0.993280 +/- 0.002963
	 $E_{0}$: 0.144580 +/- 0.024070

Posterior distribution on file posterior_'param'.png

RMSD: 0.013712
Weighted RMSD: 0.013712
RMSD for validation data: 0.195338
RMSD for total data: 0.449498
AIC: 16.027424
AIC for validation data: 16.390676
AIC for total data: 16.898996

#####################################################################

Total time on ABC: 30.551 s
Number of trials: 870494

Fit on file model_fit.png