2021-11-29_21-52-43

Data Source: Número de casos confirmados de COVID-19 no Brasil (on GitHub)
https://raw.githubusercontent.com/wcota/covid19br/master/cases-brazil-cities-time.csv

Rejection ABC fitting of epidemic curves

Model: SEIRD
Parameters: $\beta_{I}$, $\beta_{E}$, $N$, $\mu$, $\gamma$, $t_{c}$, RF_{0}, $E_{0}$
#####################################################################

Number of Samples: 9984
Number of Posteriors: 3
RMSD Weights: [1,1]
Training window size: 20
Validation window size: 10

#####################################################################

Posterior No. 2
Execution Time: 1.740 s
Tolerance: eps = 6.906239

Priors' Ranges:

	 $\beta_{I}$: 0.000107 <-> 0.999950
	 $\beta_{E}$: 0.000275 <-> 0.999785
	 $N$: 217185.481435 <-> 42499834.453335
	 $\mu$: 0.000002 <-> 0.993851
	 $\gamma$: 0.002734 <-> 0.999821
	 $t_{c}$: 0.037481 <-> 29.997869
	 RF_{0}: 0.002448 <-> 0.999979
	 $E_{0}$: 0.000139 <-> 1.998066

Estimated parameters (av +/- std):

	 $\beta_{I}$: 0.412923 +/- 0.267513
	 $\beta_{E}$: 0.637533 +/- 0.268075
	 $N$: 11467801.122552 +/- 8771703.025089
	 $\mu$: 0.029724 +/- 0.181909
	 $\gamma$: 0.704914 +/- 0.228626
	 $t_{c}$: 21.467649 +/- 7.648445
	 RF_{0}: 0.997750 +/- 0.227606
	 $E_{0}$: 0.225854 +/- 0.542900

Posterior distribution on file posterior_'param'.png

RMSD: 0.144710
Weighted RMSD: 0.144710
RMSD for validation data: 0.806625
RMSD for total data: 0.617569
AIC: 16.289421
AIC for validation data: 17.613249
AIC for total data: 17.235137

#####################################################################

Total time on ABC: 3.008 s
Number of trials: 133303

Fit on file model_fit.png