2021-11-14_10-28-32

Data Source: Número de casos confirmados de COVID-19 no Brasil (on GitHub)
https://raw.githubusercontent.com/wcota/covid19br/master/cases-brazil-cities-time.csv

Rejection ABC fitting of epidemic curves

Model: SEIRD
Parameters: $\beta_{I}$, $\beta_{E}$, $N$, $\mu$, $\gamma$, $t_{c}$, RF_{0}, $E_{0}$
#####################################################################

Number of Samples: 48
Number of Posteriors: 3
RMSD Weights: [1,1]
Training window size: 45
Validation window size: 10

#####################################################################

Posterior No. 1
Execution Time: 0.243 s
Tolerance: eps = 1.135115

Priors' Ranges:

	 $\beta_{I}$: 0.000000 <-> 1.000000
	 $\beta_{E}$: 0.000000 <-> 1.000000
	 $N$: 212559.409000 <-> 42511881.800000
	 $\mu$: 0.000000 <-> 1.000000
	 $\gamma$: 0.000000 <-> 1.000000
	 $t_{c}$: 0.000000 <-> 30.000000
	 RF_{0}: 0.000000 <-> 1.000000
	 $E_{0}$: 0.000000 <-> 2.000000

Estimated parameters (av +/- std):

	 $\beta_{I}$: 0.903175 +/- 0.288300
	 $\beta_{E}$: 0.051205 +/- 0.195065
	 $N$: 28604229.106602 +/- 13040938.846153
	 $\mu$: 0.046665 +/- 0.299161
	 $\gamma$: 0.889992 +/- 0.253583
	 $t_{c}$: 23.159128 +/- 9.750795
	 RF_{0}: 0.363561 +/- 0.288143
	 $E_{0}$: 1.880268 +/- 0.563973

Posterior distribution on file posterior_'param'.png

RMSD: 0.043111
Weighted RMSD: 0.043111
RMSD for validation data: 0.416320
RMSD for total data: 0.476573
AIC: 16.086222
AIC for validation data: 16.832639
AIC for total data: 16.953147

#####################################################################

Total time on ABC: 0.243 s
Number of trials: 10225

Fit on file model_fit.png