2021-11-14_04-03-32

Data Source: Número de casos confirmados de COVID-19 no Brasil (on GitHub)
https://raw.githubusercontent.com/wcota/covid19br/master/cases-brazil-cities-time.csv

Rejection ABC fitting of epidemic curves

Model: SEIRD
Parameters: $\beta_{I}$, $\beta_{E}$, $N$, $\mu$, $\gamma$, $t_{c}$, RF_{0}, $E_{0}$
#####################################################################

Number of Samples: 960
Number of Posteriors: 3
RMSD Weights: [1,1]
Training window size: 45
Validation window size: 10

#####################################################################

Posterior No. 2
Execution Time: 0.805 s
Tolerance: eps = 0.159846

Priors' Ranges:

	 $\beta_{I}$: 0.001385 <-> 0.997344
	 $\beta_{E}$: 0.000800 <-> 0.473094
	 $N$: 723105.373630 <-> 25211320.816402
	 $\mu$: 0.003107 <-> 0.039750
	 $\gamma$: 0.105153 <-> 0.997902
	 $t_{c}$: 0.398132 <-> 16.245251
	 RF_{0}: 0.005710 <-> 0.997621
	 $E_{0}$: 0.006504 <-> 1.996062

Estimated parameters (av +/- std):

	 $\beta_{I}$: 0.171940 +/- 0.257367
	 $\beta_{E}$: 0.127190 +/- 0.069771
	 $N$: 12170437.799843 +/- 5966001.382128
	 $\mu$: 0.013990 +/- 0.006716
	 $\gamma$: 0.364056 +/- 0.213331
	 $t_{c}$: 10.618469 +/- 3.720702
	 RF_{0}: 0.758307 +/- 0.263461
	 $E_{0}$: 1.892158 +/- 0.452923

Posterior distribution on file posterior_'param'.png

RMSD: 0.049088
Weighted RMSD: 0.049088
RMSD for validation data: 0.151349
RMSD for total data: 17.295781
AIC: 16.098177
AIC for validation data: 16.302698
AIC for total data: 50.591562

#####################################################################

Total time on ABC: 0.897 s
Number of trials: 46889

Fit on file model_fit.png