2021-11-14_04-49-43

Data Source: Número de casos confirmados de COVID-19 no Brasil (on GitHub)
https://raw.githubusercontent.com/wcota/covid19br/master/cases-brazil-cities-time.csv

Rejection ABC fitting of epidemic curves

Model: SEIRD
Parameters: $\beta_{I}$, $\beta_{E}$, $N$, $\mu$, $\gamma$, $t_{c}$, RF_{0}, $E_{0}$
#####################################################################

Number of Samples: 960
Number of Posteriors: 3
RMSD Weights: [1,1]
Training window size: 45
Validation window size: 10

#####################################################################

Posterior No. 2
Execution Time: 35.682 s
Tolerance: eps = 0.013977

Priors' Ranges:

	 $\beta_{I}$: 0.000014 <-> 0.863933
	 $\beta_{E}$: 0.000024 <-> 0.095113
	 $N$: 236673.850481 <-> 16736596.551197
	 $\mu$: 0.028252 <-> 0.115763
	 $\gamma$: 0.282427 <-> 0.999922
	 $t_{c}$: 3.433128 <-> 21.485181
	 RF_{0}: 0.924662 <-> 0.999872
	 $E_{0}$: 0.094539 <-> 0.512034

Estimated parameters (av +/- std):

	 $\beta_{I}$: 0.390962 +/- 0.150914
	 $\beta_{E}$: 0.000024 +/- 0.014988
	 $N$: 891573.134867 +/- 4457053.200158
	 $\mu$: 0.080886 +/- 0.015780
	 $\gamma$: 0.733380 +/- 0.134881
	 $t_{c}$: 12.125955 +/- 3.470445
	 RF_{0}: 0.980539 +/- 0.009266
	 $E_{0}$: 0.305096 +/- 0.084927

Posterior distribution on file posterior_'param'.png

RMSD: 0.011305
Weighted RMSD: 0.011305
RMSD for validation data: 0.322394
RMSD for total data: 0.415607
AIC: 16.022610
AIC for validation data: 16.644788
AIC for total data: 16.831215

#####################################################################

Total time on ABC: 54.978 s
Number of trials: 2260401

Fit on file model_fit.png