2021-11-14_10-28-32

Data Source: Número de casos confirmados de COVID-19 no Brasil (on GitHub)
https://raw.githubusercontent.com/wcota/covid19br/master/cases-brazil-cities-time.csv

Rejection ABC fitting of epidemic curves

Model: SEIRD
Parameters: $\beta_{I}$, $\beta_{E}$, $N$, $\mu$, $\gamma$, $t_{c}$, RF_{0}, $E_{0}$
#####################################################################

Number of Samples: 960
Number of Posteriors: 3
RMSD Weights: [1,1]
Training window size: 25
Validation window size: 10

#####################################################################

Posterior No. 3
Execution Time: 0.087 s
Tolerance: eps = 5.395029

Priors' Ranges:

	 $\beta_{I}$: 0.005128 <-> 0.997747
	 $\beta_{E}$: 0.000540 <-> 0.999338
	 $N$: 220442.316476 <-> 41961137.138888
	 $\mu$: 0.000120 <-> 0.911542
	 $\gamma$: 0.010060 <-> 0.999765
	 $t_{c}$: 0.332958 <-> 29.995359
	 RF_{0}: 0.010950 <-> 0.999893
	 $E_{0}$: 0.001168 <-> 1.985107

Estimated parameters (av +/- std):

	 $\beta_{I}$: 0.269356 +/- 0.268081
	 $\beta_{E}$: 0.284385 +/- 0.268026
	 $N$: 14730770.543101 +/- 7611639.519501
	 $\mu$: 0.006087 +/- 0.148838
	 $\gamma$: 0.623973 +/- 0.216895
	 $t_{c}$: 14.920855 +/- 7.565985
	 RF_{0}: 0.829058 +/- 0.226172
	 $E_{0}$: 0.056002 +/- 0.551341

Posterior distribution on file posterior_'param'.png

RMSD: 0.210647
Weighted RMSD: 0.210647
RMSD for validation data: 0.661296
RMSD for total data: 0.373449
AIC: 16.421294
AIC for validation data: 17.322592
AIC for total data: 16.746899

#####################################################################

Total time on ABC: 0.308 s
Number of trials: 13503

Fit on file model_fit.png