2021-11-14_19-38-02

Data Source: Número de casos confirmados de COVID-19 no Brasil (on GitHub)
https://raw.githubusercontent.com/wcota/covid19br/master/cases-brazil-cities-time.csv

Rejection ABC fitting of epidemic curves

Model: SEIRD
Parameters: $\beta_{I}$, $\beta_{E}$, $N$, $\mu$, $\gamma$, $t_{c}$, RF_{0}, $E_{0}$
#####################################################################

Number of Samples: 48
Number of Posteriors: 3
RMSD Weights: [1,1]
Training window size: 35
Validation window size: 10

#####################################################################

Posterior No. 1
Execution Time: 2.331 s
Tolerance: eps = 0.043276

Priors' Ranges:

	 $\beta_{I}$: 0.000000 <-> 1.000000
	 $\beta_{E}$: 0.000000 <-> 1.000000
	 $N$: 51269.183000 <-> 10253836.600000
	 $\mu$: 0.000000 <-> 1.000000
	 $\gamma$: 0.000000 <-> 1.000000
	 $t_{c}$: 0.000000 <-> 30.000000
	 RF_{0}: 0.000000 <-> 1.000000
	 $E_{0}$: 0.000000 <-> 2.000000

Estimated parameters (av +/- std):

	 $\beta_{I}$: 0.209561 +/- 0.246500
	 $\beta_{E}$: 0.036352 +/- 0.015293
	 $N$: 6717057.653283 +/- 2709907.729084
	 $\mu$: 0.004556 +/- 0.001343
	 $\gamma$: 0.587249 +/- 0.160021
	 $t_{c}$: 19.757041 +/- 5.188063
	 RF_{0}: 0.985134 +/- 0.002934
	 $E_{0}$: 0.074216 +/- 0.022021

Posterior distribution on file posterior_'param'.png

RMSD: 0.036657
Weighted RMSD: 0.036657
RMSD for validation data: 0.194822
RMSD for total data: 0.433979
AIC: 16.073314
AIC for validation data: 16.389644
AIC for total data: 16.867957

#####################################################################

Total time on ABC: 2.331 s
Number of trials: 155523

Fit on file model_fit.png