2022-03-08_16-22-08

Data Source: Número de casos confirmados de COVID-19 no Brasil (on GitHub)
https://raw.githubusercontent.com/wcota/covid19br/master/cases-brazil-cities-time.csv

Rejection ABC fitting of epidemic curves

Model: SEIRD
Parameters: $\beta_{I}$, $\beta_{E}$, $N$, $\mu$, $\gamma$, $t_{c}$, RF_{0}, $E_{0}$
#####################################################################

Number of Samples: 960
Number of Posteriors: 3
RMSD Weights: [1,1]
Training window size: 40
Validation window size: 10

#####################################################################

Posterior No. 2
Execution Time: 0.385 s
Tolerance: eps = 0.067306

Priors' Ranges:

	 $\beta_{I}$: 0.001591 <-> 0.997985
	 $\beta_{E}$: 0.000054 <-> 0.113224
	 $N$: 3146604.951535 <-> 106052155.305893
	 $\mu$: 0.007337 <-> 0.043664
	 $\gamma$: 0.259432 <-> 0.999972
	 $t_{c}$: 4.983633 <-> 29.979592
	 RF_{0}: 0.015114 <-> 0.996123
	 $E_{0}$: 0.047470 <-> 1.996404

Estimated parameters (av +/- std):

	 $\beta_{I}$: 0.269774 +/- 0.245269
	 $\beta_{E}$: 0.038753 +/- 0.027318
	 $N$: 27369513.189452 +/- 31215777.982784
	 $\mu$: 0.021802 +/- 0.005970
	 $\gamma$: 0.669264 +/- 0.162808
	 $t_{c}$: 28.767914 +/- 4.801952
	 RF_{0}: 0.832931 +/- 0.256796
	 $E_{0}$: 1.386995 +/- 0.353787

Posterior distribution on file posterior_'param'.png

RMSD: 0.019624
Weighted RMSD: 0.019624
RMSD for validation data: 0.182379
RMSD for total data: 0.449431
AIC: 16.039247
AIC for validation data: 16.364758
AIC for total data: 16.898861

#####################################################################

Total time on ABC: 0.510 s
Number of trials: 21632

Fit on file model_fit.png