2021-11-29_21-52-43

Data Source: Número de casos confirmados de COVID-19 no Brasil (on GitHub)
https://raw.githubusercontent.com/wcota/covid19br/master/cases-brazil-cities-time.csv

Rejection ABC fitting of epidemic curves

Model: SEIRD
Parameters: $\beta_{I}$, $\beta_{E}$, $N$, $\mu$, $\gamma$, $t_{c}$, RF_{0}, $E_{0}$
#####################################################################

Number of Samples: 48
Number of Posteriors: 3
RMSD Weights: [1,1]
Training window size: 35
Validation window size: 10

#####################################################################

Posterior No. 1
Execution Time: 1.958 s
Tolerance: eps = 18.335223

Priors' Ranges:

	 $\beta_{I}$: 0.000000 <-> 1.000000
	 $\beta_{E}$: 0.000000 <-> 1.000000
	 $N$: 212559.409000 <-> 42511881.800000
	 $\mu$: 0.000000 <-> 1.000000
	 $\gamma$: 0.000000 <-> 1.000000
	 $t_{c}$: 0.000000 <-> 30.000000
	 RF_{0}: 0.000000 <-> 1.000000
	 $E_{0}$: 0.000000 <-> 2.000000

Estimated parameters (av +/- std):

	 $\beta_{I}$: 0.823935 +/- 0.290859
	 $\beta_{E}$: 0.193520 +/- 0.296387
	 $N$: 7423113.499790 +/- 10130037.321277
	 $\mu$: 0.003788 +/- 0.262883
	 $\gamma$: 0.987548 +/- 0.258222
	 $t_{c}$: 29.939936 +/- 8.635650
	 RF_{0}: 0.606052 +/- 0.272088
	 $E_{0}$: 0.034524 +/- 0.591421

Posterior distribution on file posterior_'param'.png

RMSD: 0.183434
Weighted RMSD: 0.183434
RMSD for validation data: 2.150801
RMSD for total data: 0.286740
AIC: 16.366868
AIC for validation data: 20.301603
AIC for total data: 16.573479

#####################################################################

Total time on ABC: 1.958 s
Number of trials: 101276

Fit on file model_fit.png