2021-11-14_07-42-31

Data Source: Número de casos confirmados de COVID-19 no Brasil (on GitHub)
https://raw.githubusercontent.com/wcota/covid19br/master/cases-brazil-cities-time.csv

Rejection ABC fitting of epidemic curves

Model: SEIRD
Parameters: $\beta_{I}$, $\beta_{E}$, $N$, $\mu$, $\gamma$, $t_{c}$, RF_{0}, $E_{0}$
#####################################################################

Number of Samples: 960
Number of Posteriors: 3
RMSD Weights: [1,1]
Training window size: 15
Validation window size: 10

#####################################################################

Posterior No. 3
Execution Time: 0.047 s
Tolerance: eps = 2.473628

Priors' Ranges:

	 $\beta_{I}$: 0.001389 <-> 0.997835
	 $\beta_{E}$: 0.000467 <-> 0.394522
	 $N$: 1772598.124744 <-> 275956232.610840
	 $\mu$: 0.000125 <-> 0.966200
	 $\gamma$: 0.011210 <-> 0.998206
	 $t_{c}$: 0.196927 <-> 29.979287
	 RF_{0}: 0.001604 <-> 0.999811
	 $E_{0}$: 0.000692 <-> 1.990401

Estimated parameters (av +/- std):

	 $\beta_{I}$: 0.324708 +/- 0.264982
	 $\beta_{E}$: 0.179254 +/- 0.077340
	 $N$: 202820756.250918 +/- 70226887.636658
	 $\mu$: 0.023334 +/- 0.195861
	 $\gamma$: 0.438125 +/- 0.227771
	 $t_{c}$: 16.544662 +/- 7.392694
	 RF_{0}: 0.993221 +/- 0.233389
	 $E_{0}$: 0.323240 +/- 0.446129

Posterior distribution on file posterior_'param'.png

RMSD: 0.099011
Weighted RMSD: 0.099011
RMSD for validation data: 3.038837
RMSD for total data: 26.216673
AIC: 16.198021
AIC for validation data: 22.077675
AIC for total data: 68.433345

#####################################################################

Total time on ABC: 0.178 s
Number of trials: 7682

Fit on file model_fit.png