2021-11-14_19-38-02

Data Source: Número de casos confirmados de COVID-19 no Brasil (on GitHub)
https://raw.githubusercontent.com/wcota/covid19br/master/cases-brazil-cities-time.csv

Rejection ABC fitting of epidemic curves

Model: SEIRD
Parameters: $\beta_{I}$, $\beta_{E}$, $N$, $\mu$, $\gamma$, $t_{c}$, RF_{0}, $E_{0}$
#####################################################################

Number of Samples: 960
Number of Posteriors: 3
RMSD Weights: [1,1]
Training window size: 35
Validation window size: 10

#####################################################################

Posterior No. 2
Execution Time: 0.052 s
Tolerance: eps = 0.146842

Priors' Ranges:

	 $\beta_{I}$: 0.000247 <-> 0.632463
	 $\beta_{E}$: 0.000350 <-> 0.110575
	 $N$: 56962.311402 <-> 10253520.930638
	 $\mu$: 0.002843 <-> 0.009687
	 $\gamma$: 0.206642 <-> 0.996161
	 $t_{c}$: 2.182304 <-> 29.938846
	 RF_{0}: 0.814653 <-> 0.998923
	 $E_{0}$: 0.062435 <-> 0.318798

Estimated parameters (av +/- std):

	 $\beta_{I}$: 0.099494 +/- 0.162449
	 $\beta_{E}$: 0.020830 +/- 0.022014
	 $N$: 5859092.722983 +/- 3217433.848049
	 $\mu$: 0.003708 +/- 0.001436
	 $\gamma$: 0.281561 +/- 0.164373
	 $t_{c}$: 11.436128 +/- 7.437445
	 RF_{0}: 0.977743 +/- 0.036886
	 $E_{0}$: 0.220714 +/- 0.063574

Posterior distribution on file posterior_'param'.png

RMSD: 0.060680
Weighted RMSD: 0.060680
RMSD for validation data: 0.859534
RMSD for total data: 0.433979
AIC: 16.121360
AIC for validation data: 17.719067
AIC for total data: 16.867957

#####################################################################

Total time on ABC: 0.200 s
Number of trials: 2737

Fit on file model_fit.png