2021-11-14_07-39-52

Data Source: Número de casos confirmados de COVID-19 no Brasil (on GitHub)
https://raw.githubusercontent.com/wcota/covid19br/master/cases-brazil-cities-time.csv

Rejection ABC fitting of epidemic curves

Model: SEIRD
Parameters: $\beta_{I}$, $\beta_{E}$, $N$, $\mu$, $\gamma$, $t_{c}$, RF_{0}, $E_{0}$
#####################################################################

Number of Samples: 48
Number of Posteriors: 3
RMSD Weights: [1,1]
Training window size: 40
Validation window size: 10

#####################################################################

Posterior No. 1
Execution Time: 0.240 s
Tolerance: eps = 5.210131

Priors' Ranges:

	 $\beta_{I}$: 0.000000 <-> 1.000000
	 $\beta_{E}$: 0.000000 <-> 1.000000
	 $N$: 1380004.385000 <-> 276000877.000000
	 $\mu$: 0.000000 <-> 1.000000
	 $\gamma$: 0.000000 <-> 1.000000
	 $t_{c}$: 0.000000 <-> 30.000000
	 RF_{0}: 0.000000 <-> 1.000000
	 $E_{0}$: 0.000000 <-> 2.000000

Estimated parameters (av +/- std):

	 $\beta_{I}$: 0.978799 +/- 0.255893
	 $\beta_{E}$: 0.034292 +/- 0.177687
	 $N$: 268679152.464696 +/- 80956833.713624
	 $\mu$: 0.031357 +/- 0.294441
	 $\gamma$: 0.990249 +/- 0.255993
	 $t_{c}$: 17.342083 +/- 9.792604
	 RF_{0}: 0.705609 +/- 0.287108
	 $E_{0}$: 1.209337 +/- 0.569358

Posterior distribution on file posterior_'param'.png

RMSD: 0.069054
Weighted RMSD: 0.069054
RMSD for validation data: 0.126834
RMSD for total data: 0.481569
AIC: 16.138108
AIC for validation data: 16.253668
AIC for total data: 16.963138

#####################################################################

Total time on ABC: 0.240 s
Number of trials: 9641

Fit on file model_fit.png