2021-11-29_21-52-43

Data Source: Número de casos confirmados de COVID-19 no Brasil (on GitHub)
https://raw.githubusercontent.com/wcota/covid19br/master/cases-brazil-cities-time.csv

Rejection ABC fitting of epidemic curves

Model: SEIRD
Parameters: $\beta_{I}$, $\beta_{E}$, $N$, $\mu$, $\gamma$, $t_{c}$, RF_{0}, $E_{0}$
#####################################################################

Number of Samples: 9984
Number of Posteriors: 3
RMSD Weights: [1,1]
Training window size: 35
Validation window size: 10

#####################################################################

Posterior No. 2
Execution Time: 2.211 s
Tolerance: eps = 1.628355

Priors' Ranges:

	 $\beta_{I}$: 0.000009 <-> 0.998442
	 $\beta_{E}$: 0.000011 <-> 0.998623
	 $N$: 212853.610421 <-> 42495041.408914
	 $\mu$: 0.000012 <-> 0.999903
	 $\gamma$: 0.003264 <-> 0.999991
	 $t_{c}$: 0.036105 <-> 29.997783
	 RF_{0}: 0.000713 <-> 0.999964
	 $E_{0}$: 0.000017 <-> 1.999562

Estimated parameters (av +/- std):

	 $\beta_{I}$: 0.992723 +/- 0.258192
	 $\beta_{E}$: 0.072474 +/- 0.161907
	 $N$: 2114935.869412 +/- 12419706.966466
	 $\mu$: 0.030682 +/- 0.253811
	 $\gamma$: 0.636119 +/- 0.218843
	 $t_{c}$: 22.579128 +/- 8.733942
	 RF_{0}: 0.803560 +/- 0.254925
	 $E_{0}$: 1.157306 +/- 0.490725

Posterior distribution on file posterior_'param'.png

RMSD: 0.024410
Weighted RMSD: 0.024410
RMSD for validation data: 0.333111
RMSD for total data: 0.319903
AIC: 16.048820
AIC for validation data: 16.666223
AIC for total data: 16.639807

#####################################################################

Total time on ABC: 4.187 s
Number of trials: 171578

Fit on file model_fit.png