2021-11-14_06-20-09

Data Source: Número de casos confirmados de COVID-19 no Brasil (on GitHub)
https://raw.githubusercontent.com/wcota/covid19br/master/cases-brazil-cities-time.csv

Rejection ABC fitting of epidemic curves

Model: SEIRD
Parameters: $\beta_{I}$, $\beta_{E}$, $N$, $\mu$, $\gamma$, $t_{c}$, RF_{0}, $E_{0}$
#####################################################################

Number of Samples: 48
Number of Posteriors: 3
RMSD Weights: [1,1]
Training window size: 50
Validation window size: 10

#####################################################################

Posterior No. 1
Execution Time: 3.011 s
Tolerance: eps = 0.024656

Priors' Ranges:

	 $\beta_{I}$: 0.000000 <-> 1.000000
	 $\beta_{E}$: 0.000000 <-> 1.000000
	 $N$: 1380004.385000 <-> 276000877.000000
	 $\mu$: 0.000000 <-> 1.000000
	 $\gamma$: 0.000000 <-> 1.000000
	 $t_{c}$: 0.000000 <-> 30.000000
	 RF_{0}: 0.000000 <-> 1.000000
	 $E_{0}$: 0.000000 <-> 2.000000

Estimated parameters (av +/- std):

	 $\beta_{I}$: 0.576385 +/- 0.253331
	 $\beta_{E}$: 0.000680 +/- 0.018166
	 $N$: 65125858.720254 +/- 70525705.178702
	 $\mu$: 0.006335 +/- 0.004051
	 $\gamma$: 0.306747 +/- 0.201631
	 $t_{c}$: 22.726641 +/- 4.341328
	 RF_{0}: 0.349423 +/- 0.109045
	 $E_{0}$: 0.075755 +/- 0.244573

Posterior distribution on file posterior_'param'.png

RMSD: 0.011222
Weighted RMSD: 0.011222
RMSD for validation data: 0.181694
RMSD for total data: 0.496610
AIC: 16.022443
AIC for validation data: 16.363387
AIC for total data: 16.993220

#####################################################################

Total time on ABC: 3.011 s
Number of trials: 147514

Fit on file model_fit.png