2021-11-14_20-30-25

Data Source: Número de casos confirmados de COVID-19 no Brasil (on GitHub)
https://raw.githubusercontent.com/wcota/covid19br/master/cases-brazil-cities-time.csv

Rejection ABC fitting of epidemic curves

Model: SEIRD
Parameters: $\beta_{I}$, $\beta_{E}$, $N$, $\mu$, $\gamma$, $t_{c}$, RF_{0}, $E_{0}$
#####################################################################

Number of Samples: 48
Number of Posteriors: 3
RMSD Weights: [1,1]
Training window size: 45
Validation window size: 10

#####################################################################

Posterior No. 1
Execution Time: 0.248 s
Tolerance: eps = 190.522415

Priors' Ranges:

	 $\beta_{I}$: 0.000000 <-> 1.000000
	 $\beta_{E}$: 0.000000 <-> 1.000000
	 $N$: 51269.183000 <-> 10253836.600000
	 $\mu$: 0.000000 <-> 1.000000
	 $\gamma$: 0.000000 <-> 1.000000
	 $t_{c}$: 0.000000 <-> 30.000000
	 RF_{0}: 0.000000 <-> 1.000000
	 $E_{0}$: 0.000000 <-> 2.000000

Estimated parameters (av +/- std):

	 $\beta_{I}$: 0.268573 +/- 0.286194
	 $\beta_{E}$: 0.385446 +/- 0.293584
	 $N$: 93460.904185 +/- 3140769.245181
	 $\mu$: 0.003790 +/- 0.294157
	 $\gamma$: 0.324696 +/- 0.256558
	 $t_{c}$: 28.227024 +/- 9.402960
	 RF_{0}: 0.852661 +/- 0.288977
	 $E_{0}$: 1.000584 +/- 0.561335

Posterior distribution on file posterior_'param'.png

RMSD: 0.517766
Weighted RMSD: 0.517766
RMSD for validation data: 2.326085
RMSD for total data: 0.433979
AIC: 17.035533
AIC for validation data: 20.652171
AIC for total data: 16.867957

#####################################################################

Total time on ABC: 0.248 s
Number of trials: 9698

Fit on file model_fit.png