2021-11-14_07-46-07

Data Source: Número de casos confirmados de COVID-19 no Brasil (on GitHub)
https://raw.githubusercontent.com/wcota/covid19br/master/cases-brazil-cities-time.csv

Rejection ABC fitting of epidemic curves

Model: SEIRD
Parameters: $\beta_{I}$, $\beta_{E}$, $N$, $\mu$, $\gamma$, $t_{c}$, RF_{0}, $E_{0}$
#####################################################################

Number of Samples: 48
Number of Posteriors: 3
RMSD Weights: [1,1]
Training window size: 35
Validation window size: 10

#####################################################################

Posterior No. 1
Execution Time: 1.837 s
Tolerance: eps = 0.033798

Priors' Ranges:

	 $\beta_{I}$: 0.000000 <-> 1.000000
	 $\beta_{E}$: 0.000000 <-> 1.000000
	 $N$: 212559.409000 <-> 42511881.800000
	 $\mu$: 0.000000 <-> 1.000000
	 $\gamma$: 0.000000 <-> 1.000000
	 $t_{c}$: 0.000000 <-> 30.000000
	 RF_{0}: 0.000000 <-> 1.000000
	 $E_{0}$: 0.000000 <-> 2.000000

Estimated parameters (av +/- std):

	 $\beta_{I}$: 0.866004 +/- 0.258004
	 $\beta_{E}$: 0.015162 +/- 0.035477
	 $N$: 37056846.973829 +/- 8536725.869584
	 $\mu$: 0.012455 +/- 0.003282
	 $\gamma$: 0.685886 +/- 0.187824
	 $t_{c}$: 27.950514 +/- 5.672978
	 RF_{0}: 0.990568 +/- 0.004492
	 $E_{0}$: 0.151906 +/- 0.035924

Posterior distribution on file posterior_'param'.png

RMSD: 0.022952
Weighted RMSD: 0.022952
RMSD for validation data: 0.101583
RMSD for total data: 0.449467
AIC: 16.045904
AIC for validation data: 16.203166
AIC for total data: 16.898935

#####################################################################

Total time on ABC: 1.837 s
Number of trials: 119181

Fit on file model_fit.png