2021-11-14_05-14-13

Data Source: Número de casos confirmados de COVID-19 no Brasil (on GitHub)
https://raw.githubusercontent.com/wcota/covid19br/master/cases-brazil-cities-time.csv

Rejection ABC fitting of epidemic curves

Model: SEIRD
Parameters: $\beta_{I}$, $\beta_{E}$, $N$, $\mu$, $\gamma$, $t_{c}$, RF_{0}, $E_{0}$
#####################################################################

Number of Samples: 960
Number of Posteriors: 3
RMSD Weights: [1,1]
Training window size: 50
Validation window size: 10

#####################################################################

Posterior No. 2
Execution Time: 0.770 s
Tolerance: eps = 0.056099

Priors' Ranges:

	 $\beta_{I}$: 0.000556 <-> 0.995102
	 $\beta_{E}$: 0.000087 <-> 0.125621
	 $N$: 548520.949579 <-> 16723072.157616
	 $\mu$: 0.000915 <-> 0.006758
	 $\gamma$: 0.124361 <-> 0.999901
	 $t_{c}$: 5.290744 <-> 29.991402
	 RF_{0}: 0.942733 <-> 0.998521
	 $E_{0}$: 0.001510 <-> 0.079025

Estimated parameters (av +/- std):

	 $\beta_{I}$: 0.236320 +/- 0.267925
	 $\beta_{E}$: 0.065806 +/- 0.017871
	 $N$: 6407287.147865 +/- 3846977.725989
	 $\mu$: 0.005397 +/- 0.001300
	 $\gamma$: 0.939837 +/- 0.231183
	 $t_{c}$: 23.311610 +/- 4.394727
	 RF_{0}: 0.980949 +/- 0.008436
	 $E_{0}$: 0.042306 +/- 0.018090

Posterior distribution on file posterior_'param'.png

RMSD: 0.029879
Weighted RMSD: 0.029879
RMSD for validation data: 1.179892
RMSD for total data: 0.410786
AIC: 16.059757
AIC for validation data: 18.359784
AIC for total data: 16.821572

#####################################################################

Total time on ABC: 1.321 s
Number of trials: 35059

Fit on file model_fit.png