2021-11-14_20-32-41

Data Source: Número de casos confirmados de COVID-19 no Brasil (on GitHub)
https://raw.githubusercontent.com/wcota/covid19br/master/cases-brazil-cities-time.csv

Rejection ABC fitting of epidemic curves

Model: SEIRD
Parameters: $\beta_{I}$, $\beta_{E}$, $N$, $\mu$, $\gamma$, $t_{c}$, RF_{0}, $E_{0}$
#####################################################################

Number of Samples: 960
Number of Posteriors: 3
RMSD Weights: [1,1]
Training window size: 30
Validation window size: 10

#####################################################################

Posterior No. 2
Execution Time: 0.113 s
Tolerance: eps = 81.162124

Priors' Ranges:

	 $\beta_{I}$: 0.000440 <-> 0.995197
	 $\beta_{E}$: 0.000028 <-> 0.997578
	 $N$: 68919.557598 <-> 13491154.941664
	 $\mu$: 0.000111 <-> 0.984090
	 $\gamma$: 0.023269 <-> 0.997414
	 $t_{c}$: 0.072577 <-> 29.941039
	 RF_{0}: 0.004995 <-> 0.999535
	 $E_{0}$: 0.004596 <-> 1.992955

Estimated parameters (av +/- std):

	 $\beta_{I}$: 0.439949 +/- 0.260921
	 $\beta_{E}$: 0.361054 +/- 0.285873
	 $N$: 250466.447479 +/- 3809272.200501
	 $\mu$: 0.002666 +/- 0.228829
	 $\gamma$: 0.734488 +/- 0.217237
	 $t_{c}$: 16.675315 +/- 7.997602
	 RF_{0}: 0.705904 +/- 0.263190
	 $E_{0}$: 1.787109 +/- 0.539757

Posterior distribution on file posterior_'param'.png

RMSD: 1.085815
Weighted RMSD: 1.085815
RMSD for validation data: 1.511779
RMSD for total data: 0.478062
AIC: 18.171630
AIC for validation data: 19.023558
AIC for total data: 16.956124

#####################################################################

Total time on ABC: 0.317 s
Number of trials: 17836

Fit on file model_fit.png