2022-03-08_16-04-21

Data Source: Número de casos confirmados de COVID-19 no Brasil (on GitHub)
https://raw.githubusercontent.com/wcota/covid19br/master/cases-brazil-cities-time.csv

Rejection ABC fitting of epidemic curves

Model: SEIRD
Parameters: $\beta_{I}$, $\beta_{E}$, $N$, $\mu$, $\gamma$, $t_{c}$, RF_{0}, $E_{0}$
#####################################################################

Number of Samples: 48
Number of Posteriors: 3
RMSD Weights: [1,1]
Training window size: 20
Validation window size: 10

#####################################################################

Posterior No. 1
Execution Time: 0.560 s
Tolerance: eps = 0.04

Priors' Ranges:

	 $\beta_{I}$: 0.000000 <-> 1.000000
	 $\beta_{E}$: 0.000000 <-> 1.000000
	 $N$: 2125594.090000 <-> 106279704.500000
	 $\mu$: 0.000000 <-> 1.000000
	 $\gamma$: 0.000000 <-> 1.000000
	 $t_{c}$: 0.000000 <-> 30.000000
	 RF_{0}: 0.000000 <-> 1.000000
	 $E_{0}$: 0.000000 <-> 2.000000

Estimated parameters (av +/- std):

	 $\beta_{I}$: 0.778317 +/- 0.242838
	 $\beta_{E}$: 0.032738 +/- 0.020464
	 $N$: 6330801.206444 +/- 27572860.834612
	 $\mu$: 0.010106 +/- 0.003825
	 $\gamma$: 0.423117 +/- 0.163972
	 $t_{c}$: 19.040220 +/- 5.574498
	 RF_{0}: 0.964381 +/- 0.018117
	 $E_{0}$: 0.325833 +/- 0.100364

Posterior distribution on file posterior_'param'.png

RMSD: 0.018383
Weighted RMSD: 0.018383
RMSD for validation data: 0.041822
RMSD for total data: 0.276181
AIC: 16.036765
AIC for validation data: 16.083643
AIC for total data: 16.552362

#####################################################################

Total time on ABC: 0.560 s
Number of trials: 62872

Fit on file model_fit.png