2021-11-14_07-42-31

Data Source: Número de casos confirmados de COVID-19 no Brasil (on GitHub)
https://raw.githubusercontent.com/wcota/covid19br/master/cases-brazil-cities-time.csv

Rejection ABC fitting of epidemic curves

Model: SEIRD
Parameters: $\beta_{I}$, $\beta_{E}$, $N$, $\mu$, $\gamma$, $t_{c}$, RF_{0}, $E_{0}$
#####################################################################

Number of Samples: 48
Number of Posteriors: 3
RMSD Weights: [1,1]
Training window size: 40
Validation window size: 10

#####################################################################

Posterior No. 1
Execution Time: 0.195 s
Tolerance: eps = 47.146146

Priors' Ranges:

	 $\beta_{I}$: 0.000000 <-> 1.000000
	 $\beta_{E}$: 0.000000 <-> 1.000000
	 $N$: 1380004.385000 <-> 276000877.000000
	 $\mu$: 0.000000 <-> 1.000000
	 $\gamma$: 0.000000 <-> 1.000000
	 $t_{c}$: 0.000000 <-> 30.000000
	 RF_{0}: 0.000000 <-> 1.000000
	 $E_{0}$: 0.000000 <-> 2.000000

Estimated parameters (av +/- std):

	 $\beta_{I}$: 0.083258 +/- 0.286874
	 $\beta_{E}$: 0.005718 +/- 0.308454
	 $N$: 266784118.328825 +/- 79862190.962318
	 $\mu$: 0.010909 +/- 0.291373
	 $\gamma$: 0.905068 +/- 0.251512
	 $t_{c}$: 24.987941 +/- 8.730003
	 RF_{0}: 0.902600 +/- 0.279438
	 $E_{0}$: 0.218243 +/- 0.588402

Posterior distribution on file posterior_'param'.png

RMSD: 0.282421
Weighted RMSD: 0.282421
RMSD for validation data: 3.544957
RMSD for total data: 0.507636
AIC: 16.564842
AIC for validation data: 23.089915
AIC for total data: 17.015271

#####################################################################

Total time on ABC: 0.195 s
Number of trials: 9170

Fit on file model_fit.png