2021-11-14_23-03-08

Data Source: Número de casos confirmados de COVID-19 no Brasil (on GitHub)
https://raw.githubusercontent.com/wcota/covid19br/master/cases-brazil-cities-time.csv

Rejection ABC fitting of epidemic curves

Model: SEIRD
Parameters: $\beta_{I}$, $\beta_{E}$, $N$, $\mu$, $\gamma$, $t_{c}$, RF_{0}, $E_{0}$
#####################################################################

Number of Samples: 48
Number of Posteriors: 3
RMSD Weights: [1,1]
Training window size: 10
Validation window size: 10

#####################################################################

Posterior No. 1
Execution Time: 0.064 s
Tolerance: eps = 21.520453

Priors' Ranges:

	 $\beta_{I}$: 0.000000 <-> 1.000000
	 $\beta_{E}$: 0.000000 <-> 1.000000
	 $N$: 331002.647000 <-> 66200529.400000
	 $\mu$: 0.000000 <-> 1.000000
	 $\gamma$: 0.000000 <-> 1.000000
	 $t_{c}$: 0.000000 <-> 30.000000
	 RF_{0}: 0.000000 <-> 1.000000
	 $E_{0}$: 0.000000 <-> 2.000000

Estimated parameters (av +/- std):

	 $\beta_{I}$: 0.434094 +/- 0.287829
	 $\beta_{E}$: 0.983348 +/- 0.286539
	 $N$: 31178784.006804 +/- 19135255.152633
	 $\mu$: 0.006067 +/- 0.229703
	 $\gamma$: 0.793351 +/- 0.268981
	 $t_{c}$: 14.215218 +/- 8.270736
	 RF_{0}: 0.879094 +/- 0.266288
	 $E_{0}$: 0.075954 +/- 0.589430

Posterior distribution on file posterior_'param'.png

RMSD: 0.140800
Weighted RMSD: 0.140800
RMSD for validation data: 0.368580
RMSD for total data: 0.477515
AIC: 16.281601
AIC for validation data: 16.737160
AIC for total data: 16.955031

#####################################################################

Total time on ABC: 0.064 s
Number of trials: 9098

Fit on file model_fit.png