2021-11-14_05-08-12

Data Source: Número de casos confirmados de COVID-19 no Brasil (on GitHub)
https://raw.githubusercontent.com/wcota/covid19br/master/cases-brazil-cities-time.csv

Rejection ABC fitting of epidemic curves

Model: SEIRD
Parameters: $\beta_{I}$, $\beta_{E}$, $N$, $\mu$, $\gamma$, $t_{c}$, RF_{0}, $E_{0}$
#####################################################################

Number of Samples: 48
Number of Posteriors: 3
RMSD Weights: [1,1]
Training window size: 25
Validation window size: 10

#####################################################################

Posterior No. 1
Execution Time: 0.128 s
Tolerance: eps = 3.899162

Priors' Ranges:

	 $\beta_{I}$: 0.000000 <-> 1.000000
	 $\beta_{E}$: 0.000000 <-> 1.000000
	 $N$: 126476.458000 <-> 25295291.600000
	 $\mu$: 0.000000 <-> 1.000000
	 $\gamma$: 0.000000 <-> 1.000000
	 $t_{c}$: 0.000000 <-> 30.000000
	 RF_{0}: 0.000000 <-> 1.000000
	 $E_{0}$: 0.000000 <-> 2.000000

Estimated parameters (av +/- std):

	 $\beta_{I}$: 0.001441 +/- 0.282333
	 $\beta_{E}$: 0.135719 +/- 0.126720
	 $N$: 8798361.351103 +/- 7395493.126467
	 $\mu$: 0.008009 +/- 0.296311
	 $\gamma$: 0.201235 +/- 0.249218
	 $t_{c}$: 23.319439 +/- 9.106523
	 RF_{0}: 0.986744 +/- 0.276270
	 $E_{0}$: 1.160761 +/- 0.545282

Posterior distribution on file posterior_'param'.png

RMSD: 0.085727
Weighted RMSD: 0.085727
RMSD for validation data: 0.212447
RMSD for total data: 17.532342
AIC: 16.171455
AIC for validation data: 16.424895
AIC for total data: 51.064684

#####################################################################

Total time on ABC: 0.128 s
Number of trials: 9125

Fit on file model_fit.png