2021-11-14_21-31-10

Data Source: Número de casos confirmados de COVID-19 no Brasil (on GitHub)
https://raw.githubusercontent.com/wcota/covid19br/master/cases-brazil-cities-time.csv

Rejection ABC fitting of epidemic curves

Model: SEIRD
Parameters: $\beta_{I}$, $\beta_{E}$, $N$, $\mu$, $\gamma$, $t_{c}$, RF_{0}, $E_{0}$
#####################################################################

Number of Samples: 960
Number of Posteriors: 3
RMSD Weights: [1,1]
Training window size: 30
Validation window size: 10

#####################################################################

Posterior No. 2
Execution Time: 0.188 s
Tolerance: eps = 0.066898

Priors' Ranges:

	 $\beta_{I}$: 0.010428 <-> 0.999928
	 $\beta_{E}$: 0.038216 <-> 0.343082
	 $N$: 391630.366582 <-> 65918263.593498
	 $\mu$: 0.003812 <-> 0.038283
	 $\gamma$: 0.000847 <-> 0.999557
	 $t_{c}$: 1.797656 <-> 29.995003
	 RF_{0}: 0.000887 <-> 0.999530
	 $E_{0}$: 0.001943 <-> 1.993362

Estimated parameters (av +/- std):

	 $\beta_{I}$: 0.496173 +/- 0.240222
	 $\beta_{E}$: 0.265583 +/- 0.039263
	 $N$: 32335572.449951 +/- 16211809.780247
	 $\mu$: 0.021103 +/- 0.007169
	 $\gamma$: 0.699946 +/- 0.239877
	 $t_{c}$: 20.544933 +/- 6.603907
	 RF_{0}: 0.008431 +/- 0.267296
	 $E_{0}$: 0.936194 +/- 0.430694

Posterior distribution on file posterior_'param'.png

RMSD: 0.031019
Weighted RMSD: 0.031019
RMSD for validation data: 0.219868
RMSD for total data: 0.820810
AIC: 16.062038
AIC for validation data: 16.439735
AIC for total data: 17.641619

#####################################################################

Total time on ABC: 0.430 s
Number of trials: 12115

Fit on file model_fit.png