2022-03-08_16-04-21

Data Source: Número de casos confirmados de COVID-19 no Brasil (on GitHub)
https://raw.githubusercontent.com/wcota/covid19br/master/cases-brazil-cities-time.csv

Rejection ABC fitting of epidemic curves

Model: SEIRD
Parameters: $\beta_{I}$, $\beta_{E}$, $N$, $\mu$, $\gamma$, $t_{c}$, RF_{0}, $E_{0}$
#####################################################################

Number of Samples: 960
Number of Posteriors: 3
RMSD Weights: [1,1]
Training window size: 20
Validation window size: 10

#####################################################################

Posterior No. 2
Execution Time: 0.336 s
Tolerance: eps = 0.032390

Priors' Ranges:

	 $\beta_{I}$: 0.001080 <-> 0.994735
	 $\beta_{E}$: 0.001222 <-> 0.159592
	 $N$: 2140741.495100 <-> 106228218.414115
	 $\mu$: 0.014444 <-> 0.084274
	 $\gamma$: 0.134785 <-> 0.999324
	 $t_{c}$: 5.326717 <-> 29.709500
	 RF_{0}: 0.501783 <-> 0.999869
	 $E_{0}$: 0.319878 <-> 1.999390

Estimated parameters (av +/- std):

	 $\beta_{I}$: 0.305664 +/- 0.262337
	 $\beta_{E}$: 0.097598 +/- 0.025397
	 $N$: 27795675.431242 +/- 28183779.711694
	 $\mu$: 0.076397 +/- 0.013399
	 $\gamma$: 0.980470 +/- 0.177195
	 $t_{c}$: 15.571595 +/- 4.847827
	 RF_{0}: 0.913242 +/- 0.098090
	 $E_{0}$: 1.275377 +/- 0.348732

Posterior distribution on file posterior_'param'.png

RMSD: 0.013272
Weighted RMSD: 0.013272
RMSD for validation data: 0.103853
RMSD for total data: 0.728312
AIC: 16.026544
AIC for validation data: 16.207705
AIC for total data: 17.456623

#####################################################################

Total time on ABC: 0.470 s
Number of trials: 36444

Fit on file model_fit.png