2022-03-08_16-07-57

Data Source: Número de casos confirmados de COVID-19 no Brasil (on GitHub)
https://raw.githubusercontent.com/wcota/covid19br/master/cases-brazil-cities-time.csv

Rejection ABC fitting of epidemic curves

Model: SEIRD
Parameters: $\beta_{I}$, $\beta_{E}$, $N$, $\mu$, $\gamma$, $t_{c}$, RF_{0}, $E_{0}$
#####################################################################

Number of Samples: 48
Number of Posteriors: 3
RMSD Weights: [1,1]
Training window size: 30
Validation window size: 10

#####################################################################

Posterior No. 1
Execution Time: 4.069 s
Tolerance: eps = 0.02

Priors' Ranges:

	 $\beta_{I}$: 0.000000 <-> 1.000000
	 $\beta_{E}$: 0.000000 <-> 1.000000
	 $N$: 2125594.090000 <-> 106279704.500000
	 $\mu$: 0.000000 <-> 1.000000
	 $\gamma$: 0.000000 <-> 1.000000
	 $t_{c}$: 0.000000 <-> 30.000000
	 RF_{0}: 0.000000 <-> 1.000000
	 $E_{0}$: 0.000000 <-> 2.000000

Estimated parameters (av +/- std):

	 $\beta_{I}$: 0.357613 +/- 0.264943
	 $\beta_{E}$: 0.083267 +/- 0.024688
	 $N$: 40885710.509618 +/- 24333972.705088
	 $\mu$: 0.017481 +/- 0.003218
	 $\gamma$: 0.901098 +/- 0.170436
	 $t_{c}$: 16.280312 +/- 5.291452
	 RF_{0}: 0.994445 +/- 0.003674
	 $E_{0}$: 0.073548 +/- 0.025395

Posterior distribution on file posterior_'param'.png

RMSD: 0.018644
Weighted RMSD: 0.018644
RMSD for validation data: 0.188021
RMSD for total data: 0.390840
AIC: 16.037287
AIC for validation data: 16.376043
AIC for total data: 16.781680

#####################################################################

Total time on ABC: 4.069 s
Number of trials: 272380

Fit on file model_fit.png