2021-11-14_05-08-12

Data Source: Número de casos confirmados de COVID-19 no Brasil (on GitHub)
https://raw.githubusercontent.com/wcota/covid19br/master/cases-brazil-cities-time.csv

Rejection ABC fitting of epidemic curves

Model: SEIRD
Parameters: $\beta_{I}$, $\beta_{E}$, $N$, $\mu$, $\gamma$, $t_{c}$, RF_{0}, $E_{0}$
#####################################################################

Number of Samples: 48
Number of Posteriors: 3
RMSD Weights: [1,1]
Training window size: 25
Validation window size: 10

#####################################################################

Posterior No. 1
Execution Time: 0.143 s
Tolerance: eps = 76.297273

Priors' Ranges:

	 $\beta_{I}$: 0.000000 <-> 1.000000
	 $\beta_{E}$: 0.000000 <-> 1.000000
	 $N$: 126476.458000 <-> 25295291.600000
	 $\mu$: 0.000000 <-> 1.000000
	 $\gamma$: 0.000000 <-> 1.000000
	 $t_{c}$: 0.000000 <-> 30.000000
	 RF_{0}: 0.000000 <-> 1.000000
	 $E_{0}$: 0.000000 <-> 2.000000

Estimated parameters (av +/- std):

	 $\beta_{I}$: 0.426088 +/- 0.284534
	 $\beta_{E}$: 0.080018 +/- 0.167631
	 $N$: 10145926.148422 +/- 7506574.015688
	 $\mu$: 0.003024 +/- 0.299759
	 $\gamma$: 0.512819 +/- 0.253816
	 $t_{c}$: 12.496000 +/- 9.095436
	 RF_{0}: 0.961422 +/- 0.278955
	 $E_{0}$: 0.259583 +/- 0.543394

Posterior distribution on file posterior_'param'.png

RMSD: 0.095533
Weighted RMSD: 0.095533
RMSD for validation data: 2.316510
RMSD for total data: 4.985355
AIC: 16.191065
AIC for validation data: 20.633021
AIC for total data: 25.970710

#####################################################################

Total time on ABC: 0.143 s
Number of trials: 9393

Fit on file model_fit.png