2022-03-08_16-04-21

Data Source: Número de casos confirmados de COVID-19 no Brasil (on GitHub)
https://raw.githubusercontent.com/wcota/covid19br/master/cases-brazil-cities-time.csv

Rejection ABC fitting of epidemic curves

Model: SEIRD
Parameters: $\beta_{I}$, $\beta_{E}$, $N$, $\mu$, $\gamma$, $t_{c}$, RF_{0}, $E_{0}$
#####################################################################

Number of Samples: 960
Number of Posteriors: 3
RMSD Weights: [1,1]
Training window size: 20
Validation window size: 10

#####################################################################

Posterior No. 3
Execution Time: 1.013 s
Tolerance: eps = 0.026385

Priors' Ranges:

	 $\beta_{I}$: 0.000877 <-> 0.999006
	 $\beta_{E}$: 0.000441 <-> 0.140071
	 $N$: 11306727.781561 <-> 106279000.177833
	 $\mu$: 0.006058 <-> 0.017600
	 $\gamma$: 0.358680 <-> 0.999807
	 $t_{c}$: 6.597662 <-> 29.992761
	 RF_{0}: 0.977471 <-> 0.997047
	 $E_{0}$: 0.030725 <-> 0.154616

Estimated parameters (av +/- std):

	 $\beta_{I}$: 0.091511 +/- 0.249153
	 $\beta_{E}$: 0.103472 +/- 0.021074
	 $N$: 24198265.779764 +/- 26727992.980694
	 $\mu$: 0.008161 +/- 0.002262
	 $\gamma$: 0.491620 +/- 0.139633
	 $t_{c}$: 14.721452 +/- 5.305089
	 RF_{0}: 0.986726 +/- 0.003338
	 $E_{0}$: 0.069067 +/- 0.026043

Posterior distribution on file posterior_'param'.png

RMSD: 0.019310
Weighted RMSD: 0.019310
RMSD for validation data: 0.069937
RMSD for total data: 0.368741
AIC: 16.038619
AIC for validation data: 16.139874
AIC for total data: 16.737483

#####################################################################

Total time on ABC: 2.441 s
Number of trials: 107564

Fit on file model_fit.png