2022-03-08_16-35-49

Data Source: Número de casos confirmados de COVID-19 no Brasil (on GitHub)
https://raw.githubusercontent.com/wcota/covid19br/master/cases-brazil-cities-time.csv

Rejection ABC fitting of epidemic curves

Model: SEIRD
Parameters: $\beta_{I}$, $\beta_{E}$, $N$, $\mu$, $\gamma$, $t_{c}$, RF_{0}, $E_{0}$
#####################################################################

Number of Samples: 48
Number of Posteriors: 3
RMSD Weights: [1,1]
Training window size: 40
Validation window size: 10

#####################################################################

Posterior No. 1
Execution Time: 1.331 s
Tolerance: eps = 0.03

Priors' Ranges:

	 $\beta_{I}$: 0.000000 <-> 1.000000
	 $\beta_{E}$: 0.000000 <-> 1.000000
	 $N$: 2125594.090000 <-> 106279704.500000
	 $\mu$: 0.000000 <-> 1.000000
	 $\gamma$: 0.000000 <-> 1.000000
	 $t_{c}$: 0.000000 <-> 30.000000
	 RF_{0}: 0.000000 <-> 1.000000
	 $E_{0}$: 0.000000 <-> 2.000000

Estimated parameters (av +/- std):

	 $\beta_{I}$: 0.699595 +/- 0.253310
	 $\beta_{E}$: 0.066719 +/- 0.027333
	 $N$: 56737872.187436 +/- 28786139.906558
	 $\mu$: 0.065055 +/- 0.013330
	 $\gamma$: 0.920249 +/- 0.194440
	 $t_{c}$: 21.022679 +/- 5.406943
	 RF_{0}: 0.663235 +/- 0.235818
	 $E_{0}$: 1.932965 +/- 0.433281

Posterior distribution on file posterior_'param'.png

RMSD: 0.014792
Weighted RMSD: 0.014792
RMSD for validation data: 0.267978
RMSD for total data: 1.668442
AIC: 16.029584
AIC for validation data: 16.535956
AIC for total data: 19.336885

#####################################################################

Total time on ABC: 1.331 s
Number of trials: 93124

Fit on file model_fit.png