2021-11-14_19-37-26

Data Source: Número de casos confirmados de COVID-19 no Brasil (on GitHub)
https://raw.githubusercontent.com/wcota/covid19br/master/cases-brazil-cities-time.csv

Rejection ABC fitting of epidemic curves

Model: SEIRD
Parameters: $\beta_{I}$, $\beta_{E}$, $N$, $\mu$, $\gamma$, $t_{c}$, RF_{0}, $E_{0}$
#####################################################################

Number of Samples: 48
Number of Posteriors: 3
RMSD Weights: [1,1]
Training window size: 50
Validation window size: 10

#####################################################################

Posterior No. 1
Execution Time: 3.303 s
Tolerance: eps = 0.019397

Priors' Ranges:

	 $\beta_{I}$: 0.000000 <-> 1.000000
	 $\beta_{E}$: 0.000000 <-> 1.000000
	 $N$: 67886.004000 <-> 13577200.800000
	 $\mu$: 0.000000 <-> 1.000000
	 $\gamma$: 0.000000 <-> 1.000000
	 $t_{c}$: 0.000000 <-> 30.000000
	 RF_{0}: 0.000000 <-> 1.000000
	 $E_{0}$: 0.000000 <-> 2.000000

Estimated parameters (av +/- std):

	 $\beta_{I}$: 0.083899 +/- 0.265768
	 $\beta_{E}$: 0.861209 +/- 0.236393
	 $N$: 4302265.758367 +/- 133369.177774
	 $\mu$: 0.001857 +/- 0.000514
	 $\gamma$: 0.060501 +/- 0.020707
	 $t_{c}$: 21.708965 +/- 4.242489
	 RF_{0}: 0.920499 +/- 0.060286
	 $E_{0}$: 0.221856 +/- 0.144671

Posterior distribution on file posterior_'param'.png

RMSD: 0.008821
Weighted RMSD: 0.008821
RMSD for validation data: 0.167659
RMSD for total data: 0.603294
AIC: 16.017641
AIC for validation data: 16.335318
AIC for total data: 17.206588

#####################################################################

Total time on ABC: 3.303 s
Number of trials: 139857

Fit on file model_fit.png