2021-11-14_06-17-32

Data Source: Número de casos confirmados de COVID-19 no Brasil (on GitHub)
https://raw.githubusercontent.com/wcota/covid19br/master/cases-brazil-cities-time.csv

Rejection ABC fitting of epidemic curves

Model: SEIRD
Parameters: $\beta_{I}$, $\beta_{E}$, $N$, $\mu$, $\gamma$, $t_{c}$, RF_{0}, $E_{0}$
#####################################################################

Number of Samples: 48
Number of Posteriors: 3
RMSD Weights: [1,1]
Training window size: 25
Validation window size: 10

#####################################################################

Posterior No. 1
Execution Time: 0.146 s
Tolerance: eps = 25.504418

Priors' Ranges:

	 $\beta_{I}$: 0.000000 <-> 1.000000
	 $\beta_{E}$: 0.000000 <-> 1.000000
	 $N$: 83783.945000 <-> 16756789.000000
	 $\mu$: 0.000000 <-> 1.000000
	 $\gamma$: 0.000000 <-> 1.000000
	 $t_{c}$: 0.000000 <-> 30.000000
	 RF_{0}: 0.000000 <-> 1.000000
	 $E_{0}$: 0.000000 <-> 2.000000

Estimated parameters (av +/- std):

	 $\beta_{I}$: 0.694715 +/- 0.291743
	 $\beta_{E}$: 0.070105 +/- 0.298511
	 $N$: 16707941.672972 +/- 4863909.634139
	 $\mu$: 0.009439 +/- 0.255811
	 $\gamma$: 0.708738 +/- 0.258726
	 $t_{c}$: 19.596051 +/- 8.858700
	 RF_{0}: 0.940314 +/- 0.274493
	 $E_{0}$: 0.271169 +/- 0.588046

Posterior distribution on file posterior_'param'.png

RMSD: 0.223005
Weighted RMSD: 0.223005
RMSD for validation data: 0.600179
RMSD for total data: 1.519570
AIC: 16.446010
AIC for validation data: 17.200357
AIC for total data: 19.039139

#####################################################################

Total time on ABC: 0.146 s
Number of trials: 9237

Fit on file model_fit.png