2022-03-08_16-07-57

Data Source: Número de casos confirmados de COVID-19 no Brasil (on GitHub)
https://raw.githubusercontent.com/wcota/covid19br/master/cases-brazil-cities-time.csv

Rejection ABC fitting of epidemic curves

Model: SEIRD
Parameters: $\beta_{I}$, $\beta_{E}$, $N$, $\mu$, $\gamma$, $t_{c}$, RF_{0}, $E_{0}$
#####################################################################

Number of Samples: 48
Number of Posteriors: 3
RMSD Weights: [1,1]
Training window size: 30
Validation window size: 10

#####################################################################

Posterior No. 1
Execution Time: 0.372 s
Tolerance: eps = 0.05

Priors' Ranges:

	 $\beta_{I}$: 0.000000 <-> 1.000000
	 $\beta_{E}$: 0.000000 <-> 1.000000
	 $N$: 2125594.090000 <-> 106279704.500000
	 $\mu$: 0.000000 <-> 1.000000
	 $\gamma$: 0.000000 <-> 1.000000
	 $t_{c}$: 0.000000 <-> 30.000000
	 RF_{0}: 0.000000 <-> 1.000000
	 $E_{0}$: 0.000000 <-> 2.000000

Estimated parameters (av +/- std):

	 $\beta_{I}$: 0.866010 +/- 0.264806
	 $\beta_{E}$: 0.013808 +/- 0.022234
	 $N$: 8383388.259720 +/- 26768825.892305
	 $\mu$: 0.027334 +/- 0.009669
	 $\gamma$: 0.528173 +/- 0.170698
	 $t_{c}$: 20.431677 +/- 5.861251
	 RF_{0}: 0.684370 +/- 0.163156
	 $E_{0}$: 1.379268 +/- 0.426317

Posterior distribution on file posterior_'param'.png

RMSD: 0.019007
Weighted RMSD: 0.019007
RMSD for validation data: 0.322622
RMSD for total data: 0.391369
AIC: 16.038014
AIC for validation data: 16.645243
AIC for total data: 16.782739

#####################################################################

Total time on ABC: 0.372 s
Number of trials: 27373

Fit on file model_fit.png