2022-03-08_15-59-04

Data Source: Número de casos confirmados de COVID-19 no Brasil (on GitHub)
https://raw.githubusercontent.com/wcota/covid19br/master/cases-brazil-cities-time.csv

Rejection ABC fitting of epidemic curves

Model: SEIRD
Parameters: $\beta_{I}$, $\beta_{E}$, $N$, $\mu$, $\gamma$, $t_{c}$, RF_{0}, $E_{0}$
#####################################################################

Number of Samples: 960
Number of Posteriors: 3
RMSD Weights: [1,1]
Training window size: 30
Validation window size: 10

#####################################################################

Posterior No. 2
Execution Time: 1.742 s
Tolerance: eps = 0.021153

Priors' Ranges:

	 $\beta_{I}$: 0.001771 <-> 0.996988
	 $\beta_{E}$: 0.000108 <-> 0.152143
	 $N$: 18583943.251874 <-> 105767370.443562
	 $\mu$: 0.007093 <-> 0.025368
	 $\gamma$: 0.266475 <-> 0.999227
	 $t_{c}$: 6.308378 <-> 29.994424
	 RF_{0}: 0.983463 <-> 0.999930
	 $E_{0}$: 0.022733 <-> 0.161850

Estimated parameters (av +/- std):

	 $\beta_{I}$: 0.203678 +/- 0.238509
	 $\beta_{E}$: 0.080903 +/- 0.028264
	 $N$: 94062288.379837 +/- 23055082.351538
	 $\mu$: 0.021953 +/- 0.004370
	 $\gamma$: 0.888141 +/- 0.188441
	 $t_{c}$: 15.258102 +/- 4.944987
	 RF_{0}: 0.996516 +/- 0.003172
	 $E_{0}$: 0.073904 +/- 0.025815

Posterior distribution on file posterior_'param'.png

RMSD: 0.012784
Weighted RMSD: 0.012784
RMSD for validation data: 0.123684
RMSD for total data: 0.449108
AIC: 16.025568
AIC for validation data: 16.247367
AIC for total data: 16.898216

#####################################################################

Total time on ABC: 2.692 s
Number of trials: 129154

Fit on file model_fit.png