2021-11-14_20-30-25

Data Source: Número de casos confirmados de COVID-19 no Brasil (on GitHub)
https://raw.githubusercontent.com/wcota/covid19br/master/cases-brazil-cities-time.csv

Rejection ABC fitting of epidemic curves

Model: SEIRD
Parameters: $\beta_{I}$, $\beta_{E}$, $N$, $\mu$, $\gamma$, $t_{c}$, RF_{0}, $E_{0}$
#####################################################################

Number of Samples: 960
Number of Posteriors: 3
RMSD Weights: [1,1]
Training window size: 30
Validation window size: 10

#####################################################################

Posterior No. 3
Execution Time: 0.066 s
Tolerance: eps = 11.601269

Priors' Ranges:

	 $\beta_{I}$: 0.000226 <-> 0.999716
	 $\beta_{E}$: 0.000064 <-> 0.331559
	 $N$: 61166.190686 <-> 10245421.478029
	 $\mu$: 0.000304 <-> 0.992548
	 $\gamma$: 0.003996 <-> 0.999964
	 $t_{c}$: 0.065272 <-> 29.981410
	 RF_{0}: 0.001469 <-> 0.997274
	 $E_{0}$: 0.001116 <-> 1.996646

Estimated parameters (av +/- std):

	 $\beta_{I}$: 0.247583 +/- 0.255056
	 $\beta_{E}$: 0.085692 +/- 0.050011
	 $N$: 8745814.183799 +/- 2821374.028612
	 $\mu$: 0.028163 +/- 0.282169
	 $\gamma$: 0.836665 +/- 0.213551
	 $t_{c}$: 20.904931 +/- 8.262765
	 RF_{0}: 0.698029 +/- 0.250337
	 $E_{0}$: 0.010299 +/- 0.434272

Posterior distribution on file posterior_'param'.png

RMSD: 0.227041
Weighted RMSD: 0.227041
RMSD for validation data: 4.896847
RMSD for total data: 0.433979
AIC: 16.454082
AIC for validation data: 25.793694
AIC for total data: 16.867957

#####################################################################

Total time on ABC: 0.313 s
Number of trials: 7761

Fit on file model_fit.png