2021-11-14_06-01-51

Data Source: Número de casos confirmados de COVID-19 no Brasil (on GitHub)
https://raw.githubusercontent.com/wcota/covid19br/master/cases-brazil-cities-time.csv

Rejection ABC fitting of epidemic curves

Model: SEIRD
Parameters: $\beta_{I}$, $\beta_{E}$, $N$, $\mu$, $\gamma$, $t_{c}$, RF_{0}, $E_{0}$
#####################################################################

Number of Samples: 960
Number of Posteriors: 3
RMSD Weights: [1,1]
Training window size: 50
Validation window size: 10

#####################################################################

Posterior No. 3
Execution Time: 8.542 s
Tolerance: eps = 0.014819

Priors' Ranges:

	 $\beta_{I}$: 0.000038 <-> 0.971149
	 $\beta_{E}$: 0.000006 <-> 0.072104
	 $N$: 19174945.600002 <-> 275299080.383851
	 $\mu$: 0.003716 <-> 0.013003
	 $\gamma$: 0.279011 <-> 0.999839
	 $t_{c}$: 8.210010 <-> 29.990028
	 RF_{0}: 0.981655 <-> 0.999923
	 $E_{0}$: 0.046632 <-> 0.192173

Estimated parameters (av +/- std):

	 $\beta_{I}$: 0.185578 +/- 0.205833
	 $\beta_{E}$: 0.023577 +/- 0.013037
	 $N$: 227275127.671166 +/- 71851247.701478
	 $\mu$: 0.012096 +/- 0.001942
	 $\gamma$: 0.957043 +/- 0.155283
	 $t_{c}$: 25.301673 +/- 4.956441
	 RF_{0}: 0.996652 +/- 0.003445
	 $E_{0}$: 0.152215 +/- 0.029524

Posterior distribution on file posterior_'param'.png

RMSD: 0.007938
Weighted RMSD: 0.007938
RMSD for validation data: 0.303961
RMSD for total data: 0.507636
AIC: 16.015877
AIC for validation data: 16.607921
AIC for total data: 17.015271

#####################################################################

Total time on ABC: 17.948 s
Number of trials: 460904

Fit on file model_fit.png