2021-11-14_19-22-12

Data Source: Número de casos confirmados de COVID-19 no Brasil (on GitHub)
https://raw.githubusercontent.com/wcota/covid19br/master/cases-brazil-cities-time.csv

Rejection ABC fitting of epidemic curves

Model: SEIRD
Parameters: $\beta_{I}$, $\beta_{E}$, $N$, $\mu$, $\gamma$, $t_{c}$, RF_{0}, $E_{0}$
#####################################################################

Number of Samples: 960
Number of Posteriors: 3
RMSD Weights: [1,1]
Training window size: 50
Validation window size: 10

#####################################################################

Posterior No. 3
Execution Time: 0.168 s
Tolerance: eps = 0.130969

Priors' Ranges:

	 $\beta_{I}$: 0.000574 <-> 0.237088
	 $\beta_{E}$: 0.000064 <-> 0.282302
	 $N$: 73411.244566 <-> 10235237.359937
	 $\mu$: 0.005364 <-> 0.050277
	 $\gamma$: 0.081739 <-> 0.608735
	 $t_{c}$: 0.133262 <-> 13.465163
	 RF_{0}: 0.909227 <-> 0.999993
	 $E_{0}$: 0.002434 <-> 0.126369

Estimated parameters (av +/- std):

	 $\beta_{I}$: 0.145000 +/- 0.050093
	 $\beta_{E}$: 0.015630 +/- 0.039052
	 $N$: 3655109.716283 +/- 2481715.098786
	 $\mu$: 0.042639 +/- 0.008346
	 $\gamma$: 0.502357 +/- 0.111273
	 $t_{c}$: 8.553503 +/- 2.428976
	 RF_{0}: 0.989212 +/- 0.020218
	 $E_{0}$: 0.072097 +/- 0.020821

Posterior distribution on file posterior_'param'.png

RMSD: 0.037734
Weighted RMSD: 0.037734
RMSD for validation data: 1.021537
RMSD for total data: 0.433979
AIC: 16.075469
AIC for validation data: 18.043074
AIC for total data: 16.867957

#####################################################################

Total time on ABC: 0.414 s
Number of trials: 9286

Fit on file model_fit.png