2021-11-14_21-02-25

Data Source: Número de casos confirmados de COVID-19 no Brasil (on GitHub)
https://raw.githubusercontent.com/wcota/covid19br/master/cases-brazil-cities-time.csv

Rejection ABC fitting of epidemic curves

Model: SEIRD
Parameters: $\beta_{I}$, $\beta_{E}$, $N$, $\mu$, $\gamma$, $t_{c}$, RF_{0}, $E_{0}$
#####################################################################

Number of Samples: 48
Number of Posteriors: 3
RMSD Weights: [1,1]
Training window size: 30
Validation window size: 10

#####################################################################

Posterior No. 1
Execution Time: 0.489 s
Tolerance: eps = 0.042926

Priors' Ranges:

	 $\beta_{I}$: 0.000000 <-> 1.000000
	 $\beta_{E}$: 0.000000 <-> 1.000000
	 $N$: 331002.647000 <-> 66200529.400000
	 $\mu$: 0.000000 <-> 1.000000
	 $\gamma$: 0.000000 <-> 1.000000
	 $t_{c}$: 0.000000 <-> 30.000000
	 RF_{0}: 0.000000 <-> 1.000000
	 $E_{0}$: 0.000000 <-> 2.000000

Estimated parameters (av +/- std):

	 $\beta_{I}$: 0.393313 +/- 0.248587
	 $\beta_{E}$: 0.058714 +/- 0.034771
	 $N$: 9117069.426773 +/- 16371249.780324
	 $\mu$: 0.005620 +/- 0.002973
	 $\gamma$: 0.330728 +/- 0.194692
	 $t_{c}$: 17.060283 +/- 5.199052
	 RF_{0}: 0.969235 +/- 0.017939
	 $E_{0}$: 0.333955 +/- 0.113426

Posterior distribution on file posterior_'param'.png

RMSD: 0.013397
Weighted RMSD: 0.013397
RMSD for validation data: 0.131845
RMSD for total data: 0.368154
AIC: 16.026794
AIC for validation data: 16.263690
AIC for total data: 16.736308

#####################################################################

Total time on ABC: 0.489 s
Number of trials: 37834

Fit on file model_fit.png