2021-11-14_21-31-10

Data Source: Número de casos confirmados de COVID-19 no Brasil (on GitHub)
https://raw.githubusercontent.com/wcota/covid19br/master/cases-brazil-cities-time.csv

Rejection ABC fitting of epidemic curves

Model: SEIRD
Parameters: $\beta_{I}$, $\beta_{E}$, $N$, $\mu$, $\gamma$, $t_{c}$, RF_{0}, $E_{0}$
#####################################################################

Number of Samples: 960
Number of Posteriors: 3
RMSD Weights: [1,1]
Training window size: 40
Validation window size: 10

#####################################################################

Posterior No. 2
Execution Time: 0.087 s
Tolerance: eps = 0.084755

Priors' Ranges:

	 $\beta_{I}$: 0.007564 <-> 0.992297
	 $\beta_{E}$: 0.066915 <-> 0.297746
	 $N$: 1760055.057629 <-> 2091886.017377
	 $\mu$: 0.021928 <-> 0.076215
	 $\gamma$: 0.340358 <-> 0.999898
	 $t_{c}$: 23.817707 <-> 29.978090
	 RF_{0}: 0.745203 <-> 0.999507
	 $E_{0}$: 1.192091 <-> 1.964979

Estimated parameters (av +/- std):

	 $\beta_{I}$: 0.083197 +/- 0.271421
	 $\beta_{E}$: 0.139541 +/- 0.043479
	 $N$: 1999538.342215 +/- 62000.228362
	 $\mu$: 0.063630 +/- 0.009067
	 $\gamma$: 0.952636 +/- 0.132055
	 $t_{c}$: 29.944097 +/- 1.236056
	 RF_{0}: 0.980770 +/- 0.048322
	 $E_{0}$: 1.382832 +/- 0.149010

Posterior distribution on file posterior_'param'.png

RMSD: 0.043798
Weighted RMSD: 0.043798
RMSD for validation data: 0.806783
RMSD for total data: 0.391375
AIC: 16.087596
AIC for validation data: 17.613566
AIC for total data: 16.782750

#####################################################################

Total time on ABC: 0.193 s
Number of trials: 4421

Fit on file model_fit.png