2021-11-14_07-42-31

Data Source: Número de casos confirmados de COVID-19 no Brasil (on GitHub)
https://raw.githubusercontent.com/wcota/covid19br/master/cases-brazil-cities-time.csv

Rejection ABC fitting of epidemic curves

Model: SEIRD
Parameters: $\beta_{I}$, $\beta_{E}$, $N$, $\mu$, $\gamma$, $t_{c}$, RF_{0}, $E_{0}$
#####################################################################

Number of Samples: 48
Number of Posteriors: 3
RMSD Weights: [1,1]
Training window size: 40
Validation window size: 10

#####################################################################

Posterior No. 1
Execution Time: 0.254 s
Tolerance: eps = 30.780177

Priors' Ranges:

	 $\beta_{I}$: 0.000000 <-> 1.000000
	 $\beta_{E}$: 0.000000 <-> 1.000000
	 $N$: 1380004.385000 <-> 276000877.000000
	 $\mu$: 0.000000 <-> 1.000000
	 $\gamma$: 0.000000 <-> 1.000000
	 $t_{c}$: 0.000000 <-> 30.000000
	 RF_{0}: 0.000000 <-> 1.000000
	 $E_{0}$: 0.000000 <-> 2.000000

Estimated parameters (av +/- std):

	 $\beta_{I}$: 0.768283 +/- 0.289184
	 $\beta_{E}$: 0.258491 +/- 0.303175
	 $N$: 7367865.780736 +/- 82411624.550023
	 $\mu$: 0.005672 +/- 0.290593
	 $\gamma$: 0.789920 +/- 0.256970
	 $t_{c}$: 29.163186 +/- 9.224971
	 RF_{0}: 0.257582 +/- 0.287019
	 $E_{0}$: 0.720984 +/- 0.583572

Posterior distribution on file posterior_'param'.png

RMSD: 0.165014
Weighted RMSD: 0.165014
RMSD for validation data: 1.409377
RMSD for total data: 0.304657
AIC: 16.330028
AIC for validation data: 18.818754
AIC for total data: 16.609315

#####################################################################

Total time on ABC: 0.254 s
Number of trials: 9913

Fit on file model_fit.png