2022-03-08_15-59-59

Data Source: Número de casos confirmados de COVID-19 no Brasil (on GitHub)
https://raw.githubusercontent.com/wcota/covid19br/master/cases-brazil-cities-time.csv

Rejection ABC fitting of epidemic curves

Model: SEIRD
Parameters: $\beta_{I}$, $\beta_{E}$, $N$, $\mu$, $\gamma$, $t_{c}$, RF_{0}, $E_{0}$
#####################################################################

Number of Samples: 960
Number of Posteriors: 3
RMSD Weights: [1,1]
Training window size: 20
Validation window size: 10

#####################################################################

Posterior No. 2
Execution Time: 0.882 s
Tolerance: eps = 0.024109

Priors' Ranges:

	 $\beta_{I}$: 0.002771 <-> 0.999218
	 $\beta_{E}$: 0.001284 <-> 0.138038
	 $N$: 17303409.355590 <-> 106188810.233869
	 $\mu$: 0.007169 <-> 0.024607
	 $\gamma$: 0.275204 <-> 0.999447
	 $t_{c}$: 6.082490 <-> 29.995402
	 RF_{0}: 0.980427 <-> 0.999963
	 $E_{0}$: 0.028875 <-> 0.163453

Estimated parameters (av +/- std):

	 $\beta_{I}$: 0.467851 +/- 0.263643
	 $\beta_{E}$: 0.049338 +/- 0.023516
	 $N$: 77433384.956061 +/- 22939761.939398
	 $\mu$: 0.015893 +/- 0.003932
	 $\gamma$: 0.668061 +/- 0.171069
	 $t_{c}$: 19.122239 +/- 4.619386
	 RF_{0}: 0.993084 +/- 0.003372
	 $E_{0}$: 0.091905 +/- 0.023393

Posterior distribution on file posterior_'param'.png

RMSD: 0.016382
Weighted RMSD: 0.016382
RMSD for validation data: 0.061394
RMSD for total data: 0.448801
AIC: 16.032764
AIC for validation data: 16.122789
AIC for total data: 16.897601

#####################################################################

Total time on ABC: 1.295 s
Number of trials: 90253

Fit on file model_fit.png