2021-11-14_07-42-31

Data Source: Número de casos confirmados de COVID-19 no Brasil (on GitHub)
https://raw.githubusercontent.com/wcota/covid19br/master/cases-brazil-cities-time.csv

Rejection ABC fitting of epidemic curves

Model: SEIRD
Parameters: $\beta_{I}$, $\beta_{E}$, $N$, $\mu$, $\gamma$, $t_{c}$, RF_{0}, $E_{0}$
#####################################################################

Number of Samples: 960
Number of Posteriors: 3
RMSD Weights: [1,1]
Training window size: 20
Validation window size: 10

#####################################################################

Posterior No. 2
Execution Time: 0.055 s
Tolerance: eps = 0.474699

Priors' Ranges:

	 $\beta_{I}$: 0.000653 <-> 0.991103
	 $\beta_{E}$: 0.000023 <-> 0.813885
	 $N$: 1921645.679366 <-> 275452972.065731
	 $\mu$: 0.000867 <-> 0.988074
	 $\gamma$: 0.004116 <-> 0.998299
	 $t_{c}$: 0.039718 <-> 29.994535
	 RF_{0}: 0.007575 <-> 0.999317
	 $E_{0}$: 0.000298 <-> 1.995990

Estimated parameters (av +/- std):

	 $\beta_{I}$: 0.790787 +/- 0.265824
	 $\beta_{E}$: 0.203459 +/- 0.079452
	 $N$: 106513873.777345 +/- 72865982.371070
	 $\mu$: 0.022649 +/- 0.233626
	 $\gamma$: 0.830637 +/- 0.216324
	 $t_{c}$: 17.245994 +/- 7.506518
	 RF_{0}: 0.154374 +/- 0.247530
	 $E_{0}$: 0.851068 +/- 0.485032

Posterior distribution on file posterior_'param'.png

RMSD: 0.059786
Weighted RMSD: 0.059786
RMSD for validation data: 0.122563
RMSD for total data: 8.898599
AIC: 16.119572
AIC for validation data: 16.245126
AIC for total data: 33.797198

#####################################################################

Total time on ABC: 0.183 s
Number of trials: 8326

Fit on file model_fit.png