2021-11-14_10-28-32

Data Source: Número de casos confirmados de COVID-19 no Brasil (on GitHub)
https://raw.githubusercontent.com/wcota/covid19br/master/cases-brazil-cities-time.csv

Rejection ABC fitting of epidemic curves

Model: SEIRD
Parameters: $\beta_{I}$, $\beta_{E}$, $N$, $\mu$, $\gamma$, $t_{c}$, RF_{0}, $E_{0}$
#####################################################################

Number of Samples: 48
Number of Posteriors: 3
RMSD Weights: [1,1]
Training window size: 30
Validation window size: 10

#####################################################################

Posterior No. 1
Execution Time: 0.157 s
Tolerance: eps = 16.465874

Priors' Ranges:

	 $\beta_{I}$: 0.000000 <-> 1.000000
	 $\beta_{E}$: 0.000000 <-> 1.000000
	 $N$: 212559.409000 <-> 42511881.800000
	 $\mu$: 0.000000 <-> 1.000000
	 $\gamma$: 0.000000 <-> 1.000000
	 $t_{c}$: 0.000000 <-> 30.000000
	 RF_{0}: 0.000000 <-> 1.000000
	 $E_{0}$: 0.000000 <-> 2.000000

Estimated parameters (av +/- std):

	 $\beta_{I}$: 0.335658 +/- 0.286095
	 $\beta_{E}$: 0.040389 +/- 0.288907
	 $N$: 10855948.953647 +/- 10580744.698233
	 $\mu$: 0.008797 +/- 0.246559
	 $\gamma$: 0.680166 +/- 0.268048
	 $t_{c}$: 27.536021 +/- 8.389445
	 RF_{0}: 0.937540 +/- 0.276541
	 $E_{0}$: 0.201942 +/- 0.598058

Posterior distribution on file posterior_'param'.png

RMSD: 0.100151
Weighted RMSD: 0.100151
RMSD for validation data: 1.044151
RMSD for total data: 0.449470
AIC: 16.200303
AIC for validation data: 18.088301
AIC for total data: 16.898941

#####################################################################

Total time on ABC: 0.157 s
Number of trials: 8886

Fit on file model_fit.png