2021-11-29_21-52-43

Data Source: Número de casos confirmados de COVID-19 no Brasil (on GitHub)
https://raw.githubusercontent.com/wcota/covid19br/master/cases-brazil-cities-time.csv

Rejection ABC fitting of epidemic curves

Model: SEIRD
Parameters: $\beta_{I}$, $\beta_{E}$, $N$, $\mu$, $\gamma$, $t_{c}$, RF_{0}, $E_{0}$
#####################################################################

Number of Samples: 9984
Number of Posteriors: 3
RMSD Weights: [1,1]
Training window size: 30
Validation window size: 10

#####################################################################

Posterior No. 2
Execution Time: 2.378 s
Tolerance: eps = 3.309438

Priors' Ranges:

	 $\beta_{I}$: 0.000211 <-> 0.999918
	 $\beta_{E}$: 0.000009 <-> 0.998630
	 $N$: 213412.625033 <-> 42510949.395356
	 $\mu$: 0.000004 <-> 0.999751
	 $\gamma$: 0.001941 <-> 0.999885
	 $t_{c}$: 0.036841 <-> 29.994359
	 RF_{0}: 0.000297 <-> 0.999948
	 $E_{0}$: 0.000051 <-> 1.998736

Estimated parameters (av +/- std):

	 $\beta_{I}$: 0.507133 +/- 0.260505
	 $\beta_{E}$: 0.226457 +/- 0.245914
	 $N$: 2386706.664395 +/- 12351148.026931
	 $\mu$: 0.020078 +/- 0.221148
	 $\gamma$: 0.883825 +/- 0.217913
	 $t_{c}$: 17.580415 +/- 8.249532
	 RF_{0}: 0.700763 +/- 0.258570
	 $E_{0}$: 0.343990 +/- 0.520207

Posterior distribution on file posterior_'param'.png

RMSD: 0.061002
Weighted RMSD: 0.061002
RMSD for validation data: 0.487176
RMSD for total data: 0.336489
AIC: 16.122005
AIC for validation data: 16.974352
AIC for total data: 16.672979

#####################################################################

Total time on ABC: 3.992 s
Number of trials: 176487

Fit on file model_fit.png