2021-11-14_06-19-53

Data Source: Número de casos confirmados de COVID-19 no Brasil (on GitHub)
https://raw.githubusercontent.com/wcota/covid19br/master/cases-brazil-cities-time.csv

Rejection ABC fitting of epidemic curves

Model: SEIRD
Parameters: $\beta_{I}$, $\beta_{E}$, $N$, $\mu$, $\gamma$, $t_{c}$, RF_{0}, $E_{0}$
#####################################################################

Number of Samples: 48
Number of Posteriors: 3
RMSD Weights: [1,1]
Training window size: 50
Validation window size: 10

#####################################################################

Posterior No. 1
Execution Time: 0.343 s
Tolerance: eps = 6.174125

Priors' Ranges:

	 $\beta_{I}$: 0.000000 <-> 1.000000
	 $\beta_{E}$: 0.000000 <-> 1.000000
	 $N$: 83783.945000 <-> 16756789.000000
	 $\mu$: 0.000000 <-> 1.000000
	 $\gamma$: 0.000000 <-> 1.000000
	 $t_{c}$: 0.000000 <-> 30.000000
	 RF_{0}: 0.000000 <-> 1.000000
	 $E_{0}$: 0.000000 <-> 2.000000

Estimated parameters (av +/- std):

	 $\beta_{I}$: 0.083657 +/- 0.289523
	 $\beta_{E}$: 0.382202 +/- 0.303055
	 $N$: 1666587.689658 +/- 4308095.615249
	 $\mu$: 0.005268 +/- 0.270182
	 $\gamma$: 0.796839 +/- 0.260589
	 $t_{c}$: 18.286900 +/- 9.138718
	 RF_{0}: 0.397878 +/- 0.283205
	 $E_{0}$: 0.918368 +/- 0.599186

Posterior distribution on file posterior_'param'.png

RMSD: 0.205804
Weighted RMSD: 0.205804
RMSD for validation data: 2.193537
RMSD for total data: 0.342260
AIC: 16.411609
AIC for validation data: 20.387074
AIC for total data: 16.684520

#####################################################################

Total time on ABC: 0.343 s
Number of trials: 9704

Fit on file model_fit.png