2021-11-14_06-19-53

Data Source: Número de casos confirmados de COVID-19 no Brasil (on GitHub)
https://raw.githubusercontent.com/wcota/covid19br/master/cases-brazil-cities-time.csv

Rejection ABC fitting of epidemic curves

Model: SEIRD
Parameters: $\beta_{I}$, $\beta_{E}$, $N$, $\mu$, $\gamma$, $t_{c}$, RF_{0}, $E_{0}$
#####################################################################

Number of Samples: 48
Number of Posteriors: 3
RMSD Weights: [1,1]
Training window size: 40
Validation window size: 10

#####################################################################

Posterior No. 1
Execution Time: 0.241 s
Tolerance: eps = 2.703677

Priors' Ranges:

	 $\beta_{I}$: 0.000000 <-> 1.000000
	 $\beta_{E}$: 0.000000 <-> 1.000000
	 $N$: 83783.945000 <-> 16756789.000000
	 $\mu$: 0.000000 <-> 1.000000
	 $\gamma$: 0.000000 <-> 1.000000
	 $t_{c}$: 0.000000 <-> 30.000000
	 RF_{0}: 0.000000 <-> 1.000000
	 $E_{0}$: 0.000000 <-> 2.000000

Estimated parameters (av +/- std):

	 $\beta_{I}$: 0.526326 +/- 0.274300
	 $\beta_{E}$: 0.040782 +/- 0.193560
	 $N$: 8799476.571984 +/- 5025391.206447
	 $\mu$: 0.035053 +/- 0.292774
	 $\gamma$: 0.788297 +/- 0.242168
	 $t_{c}$: 4.285654 +/- 9.725543
	 RF_{0}: 0.388915 +/- 0.290886
	 $E_{0}$: 0.739483 +/- 0.547348

Posterior distribution on file posterior_'param'.png

RMSD: 0.150613
Weighted RMSD: 0.150613
RMSD for validation data: 2.572287
RMSD for total data: 0.415606
AIC: 16.301227
AIC for validation data: 21.144573
AIC for total data: 16.831212

#####################################################################

Total time on ABC: 0.241 s
Number of trials: 9851

Fit on file model_fit.png