2021-11-14_04-49-43

Data Source: Número de casos confirmados de COVID-19 no Brasil (on GitHub)
https://raw.githubusercontent.com/wcota/covid19br/master/cases-brazil-cities-time.csv

Rejection ABC fitting of epidemic curves

Model: SEIRD
Parameters: $\beta_{I}$, $\beta_{E}$, $N$, $\mu$, $\gamma$, $t_{c}$, RF_{0}, $E_{0}$
#####################################################################

Number of Samples: 48
Number of Posteriors: 3
RMSD Weights: [1,1]
Training window size: 45
Validation window size: 10

#####################################################################

Posterior No. 1
Execution Time: 3.982 s
Tolerance: eps = 0.046505

Priors' Ranges:

	 $\beta_{I}$: 0.000000 <-> 1.000000
	 $\beta_{E}$: 0.000000 <-> 1.000000
	 $N$: 83783.945000 <-> 16756789.000000
	 $\mu$: 0.000000 <-> 1.000000
	 $\gamma$: 0.000000 <-> 1.000000
	 $t_{c}$: 0.000000 <-> 30.000000
	 RF_{0}: 0.000000 <-> 1.000000
	 $E_{0}$: 0.000000 <-> 2.000000

Estimated parameters (av +/- std):

	 $\beta_{I}$: 0.460650 +/- 0.242612
	 $\beta_{E}$: 0.005010 +/- 0.260816
	 $N$: 4823449.991701 +/- 3139145.892568
	 $\mu$: 0.044290 +/- 0.014343
	 $\gamma$: 0.704591 +/- 0.228544
	 $t_{c}$: 28.210742 +/- 5.843737
	 RF_{0}: 0.993147 +/- 0.010381
	 $E_{0}$: 0.208126 +/- 0.045481

Posterior distribution on file posterior_'param'.png

RMSD: 0.015679
Weighted RMSD: 0.015679
RMSD for validation data: 0.361411
RMSD for total data: 0.415607
AIC: 16.031358
AIC for validation data: 16.722821
AIC for total data: 16.831215

#####################################################################

Total time on ABC: 3.982 s
Number of trials: 210121

Fit on file model_fit.png