2021-11-14_20-27-56

Data Source: Número de casos confirmados de COVID-19 no Brasil (on GitHub)
https://raw.githubusercontent.com/wcota/covid19br/master/cases-brazil-cities-time.csv

Rejection ABC fitting of epidemic curves

Model: SEIRD
Parameters: $\beta_{I}$, $\beta_{E}$, $N$, $\mu$, $\gamma$, $t_{c}$, RF_{0}, $E_{0}$
#####################################################################

Number of Samples: 960
Number of Posteriors: 3
RMSD Weights: [1,1]
Training window size: 20
Validation window size: 10

#####################################################################

Posterior No. 3
Execution Time: 0.057 s
Tolerance: eps = 56.214422

Priors' Ranges:

	 $\beta_{I}$: 0.000020 <-> 0.995955
	 $\beta_{E}$: 0.000176 <-> 0.528341
	 $N$: 51364.774425 <-> 10212611.067898
	 $\mu$: 0.000077 <-> 0.997570
	 $\gamma$: 0.050140 <-> 0.998606
	 $t_{c}$: 0.149127 <-> 29.991306
	 RF_{0}: 0.021259 <-> 0.999139
	 $E_{0}$: 0.000312 <-> 1.898333

Estimated parameters (av +/- std):

	 $\beta_{I}$: 0.029257 +/- 0.253043
	 $\beta_{E}$: 0.151748 +/- 0.059783
	 $N$: 3880247.080374 +/- 2733854.085858
	 $\mu$: 0.015308 +/- 0.260338
	 $\gamma$: 0.786701 +/- 0.221903
	 $t_{c}$: 23.686878 +/- 7.333147
	 RF_{0}: 0.299002 +/- 0.231646
	 $E_{0}$: 0.030251 +/- 0.370270

Posterior distribution on file posterior_'param'.png

RMSD: 3.295397
Weighted RMSD: 3.295397
RMSD for validation data: 19.988695
RMSD for total data: 0.433979
AIC: 22.590794
AIC for validation data: 55.977391
AIC for total data: 16.867957

#####################################################################

Total time on ABC: 0.225 s
Number of trials: 7328

Fit on file model_fit.png