2021-11-14_04-14-21

Data Source: Número de casos confirmados de COVID-19 no Brasil (on GitHub)
https://raw.githubusercontent.com/wcota/covid19br/master/cases-brazil-cities-time.csv

Rejection ABC fitting of epidemic curves

Model: SEIRD
Parameters: $\beta_{I}$, $\beta_{E}$, $N$, $\mu$, $\gamma$, $t_{c}$, RF_{0}, $E_{0}$
#####################################################################

Number of Samples: 960
Number of Posteriors: 3
RMSD Weights: [1,1]
Training window size: 40
Validation window size: 10

#####################################################################

Posterior No. 3
Execution Time: 0.143 s
Tolerance: eps = 0.100366

Priors' Ranges:

	 $\beta_{I}$: 0.000027 <-> 0.091488
	 $\beta_{E}$: 0.000045 <-> 0.107249
	 $N$: 219843.206013 <-> 25219606.704854
	 $\mu$: 0.000356 <-> 0.002703
	 $\gamma$: 0.021572 <-> 0.208011
	 $t_{c}$: 2.933874 <-> 29.995609
	 RF_{0}: 0.398889 <-> 0.999029
	 $E_{0}$: 0.005860 <-> 0.386903

Estimated parameters (av +/- std):

	 $\beta_{I}$: 0.022005 +/- 0.016678
	 $\beta_{E}$: 0.010870 +/- 0.018224
	 $N$: 7445629.455503 +/- 6684994.494249
	 $\mu$: 0.001563 +/- 0.000521
	 $\gamma$: 0.107501 +/- 0.034640
	 $t_{c}$: 27.569804 +/- 6.365296
	 RF_{0}: 0.856171 +/- 0.118930
	 $E_{0}$: 0.262796 +/- 0.073934

Posterior distribution on file posterior_'param'.png

RMSD: 0.019080
Weighted RMSD: 0.019080
RMSD for validation data: 0.362276
RMSD for total data: 0.399268
AIC: 16.038159
AIC for validation data: 16.724552
AIC for total data: 16.798535

#####################################################################

Total time on ABC: 0.400 s
Number of trials: 8727

Fit on file model_fit.png