2021-11-14_19-37-26

Data Source: Número de casos confirmados de COVID-19 no Brasil (on GitHub)
https://raw.githubusercontent.com/wcota/covid19br/master/cases-brazil-cities-time.csv

Rejection ABC fitting of epidemic curves

Model: SEIRD
Parameters: $\beta_{I}$, $\beta_{E}$, $N$, $\mu$, $\gamma$, $t_{c}$, RF_{0}, $E_{0}$
#####################################################################

Number of Samples: 960
Number of Posteriors: 3
RMSD Weights: [1,1]
Training window size: 40
Validation window size: 10

#####################################################################

Posterior No. 2
Execution Time: 0.576 s
Tolerance: eps = 0.084323

Priors' Ranges:

	 $\beta_{I}$: 0.000902 <-> 0.998314
	 $\beta_{E}$: 0.002174 <-> 0.971257
	 $N$: 330988.274744 <-> 942461.573567
	 $\mu$: 0.000867 <-> 0.018530
	 $\gamma$: 0.039896 <-> 0.999854
	 $t_{c}$: 3.927522 <-> 29.983033
	 RF_{0}: 0.865544 <-> 0.999991
	 $E_{0}$: 0.003601 <-> 0.142613

Estimated parameters (av +/- std):

	 $\beta_{I}$: 0.633216 +/- 0.294617
	 $\beta_{E}$: 0.222355 +/- 0.200951
	 $N$: 446289.754803 +/- 112916.477966
	 $\mu$: 0.008577 +/- 0.003468
	 $\gamma$: 0.657440 +/- 0.217089
	 $t_{c}$: 18.704037 +/- 6.277937
	 RF_{0}: 0.974460 +/- 0.022222
	 $E_{0}$: 0.035527 +/- 0.027884

Posterior distribution on file posterior_'param'.png

RMSD: 0.027953
Weighted RMSD: 0.027953
RMSD for validation data: 0.663694
RMSD for total data: 0.450765
AIC: 16.055906
AIC for validation data: 17.327387
AIC for total data: 16.901529

#####################################################################

Total time on ABC: 1.246 s
Number of trials: 42025

Fit on file model_fit.png