2021-11-14_19-26-42

Data Source: Número de casos confirmados de COVID-19 no Brasil (on GitHub)
https://raw.githubusercontent.com/wcota/covid19br/master/cases-brazil-cities-time.csv

Rejection ABC fitting of epidemic curves

Model: SEIRD
Parameters: $\beta_{I}$, $\beta_{E}$, $N$, $\mu$, $\gamma$, $t_{c}$, RF_{0}, $E_{0}$
#####################################################################

Number of Samples: 960
Number of Posteriors: 3
RMSD Weights: [1,1]
Training window size: 45
Validation window size: 10

#####################################################################

Posterior No. 2
Execution Time: 0.138 s
Tolerance: eps = 0.052115

Priors' Ranges:

	 $\beta_{I}$: 0.005181 <-> 0.994341
	 $\beta_{E}$: 0.002948 <-> 0.996059
	 $N$: 3947288.120101 <-> 4721460.210825
	 $\mu$: 0.000742 <-> 0.003701
	 $\gamma$: 0.011884 <-> 0.119602
	 $t_{c}$: 1.470932 <-> 29.966334
	 RF_{0}: 0.523965 <-> 0.997555
	 $E_{0}$: 0.009345 <-> 0.796100

Estimated parameters (av +/- std):

	 $\beta_{I}$: 0.557124 +/- 0.232523
	 $\beta_{E}$: 0.765104 +/- 0.229032
	 $N$: 4228026.268246 +/- 148918.960402
	 $\mu$: 0.001845 +/- 0.000543
	 $\gamma$: 0.055560 +/- 0.017884
	 $t_{c}$: 19.331798 +/- 5.297258
	 RF_{0}: 0.831503 +/- 0.099350
	 $E_{0}$: 0.413183 +/- 0.145180

Posterior distribution on file posterior_'param'.png

RMSD: 0.011902
Weighted RMSD: 0.011902
RMSD for validation data: 0.757958
RMSD for total data: 0.624197
AIC: 16.023804
AIC for validation data: 17.515916
AIC for total data: 17.248394

#####################################################################

Total time on ABC: 0.287 s
Number of trials: 6225

Fit on file model_fit.png