2021-11-14_23-05-32

Data Source: Número de casos confirmados de COVID-19 no Brasil (on GitHub)
https://raw.githubusercontent.com/wcota/covid19br/master/cases-brazil-cities-time.csv

Rejection ABC fitting of epidemic curves

Model: SEIRD
Parameters: $\beta_{I}$, $\beta_{E}$, $N$, $\mu$, $\gamma$, $t_{c}$, RF_{0}, $E_{0}$
#####################################################################

Number of Samples: 960
Number of Posteriors: 3
RMSD Weights: [1,1]
Training window size: 15
Validation window size: 10

#####################################################################

Posterior No. 3
Execution Time: 0.078 s
Tolerance: eps = 7.122778

Priors' Ranges:

	 $\beta_{I}$: 0.001768 <-> 0.999565
	 $\beta_{E}$: 0.000909 <-> 0.999467
	 $N$: 346327.157894 <-> 65883425.668497
	 $\mu$: 0.000045 <-> 0.883584
	 $\gamma$: 0.002325 <-> 0.999412
	 $t_{c}$: 0.117980 <-> 29.963097
	 RF_{0}: 0.014945 <-> 0.999459
	 $E_{0}$: 0.001318 <-> 1.999818

Estimated parameters (av +/- std):

	 $\beta_{I}$: 0.944450 +/- 0.267368
	 $\beta_{E}$: 0.070491 +/- 0.279690
	 $N$: 31788519.459758 +/- 17656706.324482
	 $\mu$: 0.006022 +/- 0.113083
	 $\gamma$: 0.920792 +/- 0.229969
	 $t_{c}$: 20.823629 +/- 7.739075
	 RF_{0}: 0.771990 +/- 0.254392
	 $E_{0}$: 0.127541 +/- 0.546048

Posterior distribution on file posterior_'param'.png

RMSD: 0.110690
Weighted RMSD: 0.110690
RMSD for validation data: 0.498746
RMSD for total data: 0.225364
AIC: 16.221380
AIC for validation data: 16.997492
AIC for total data: 16.450727

#####################################################################

Total time on ABC: 0.240 s
Number of trials: 16234

Fit on file model_fit.png