2021-12-01_05-20-35

Data Source: Número de casos confirmados de COVID-19 no Brasil (on GitHub)
https://raw.githubusercontent.com/wcota/covid19br/master/cases-brazil-cities-time.csv

Rejection ABC fitting of epidemic curves

Model: SEIRD
Parameters: $\beta_{I}$, $\beta_{E}$, $N$, $\mu$, $\gamma$, $t_{c}$, RF_{0}, $E_{0}$
#####################################################################

Number of Samples: 99984
Number of Posteriors: 3
RMSD Weights: [1,1]
Training window size: 30
Validation window size: 10

#####################################################################

Posterior No. 3
Execution Time: 86.920 s
Tolerance: eps = 9.814298

Priors' Ranges:

	 $\beta_{I}$: 0.000010 <-> 0.999991
	 $\beta_{E}$: 0.000015 <-> 0.999942
	 $N$: 212591.469389 <-> 42373263.419921
	 $\mu$: 0.000000 <-> 0.999910
	 $\gamma$: 0.000216 <-> 0.999998
	 $t_{c}$: 0.032175 <-> 29.999921
	 RF_{0}: 0.000009 <-> 1.000000
	 $E_{0}$: 0.000010 <-> 1.999970

Estimated parameters (av +/- std):

	 $\beta_{I}$: 0.356605 +/- 0.268500
	 $\beta_{E}$: 0.087867 +/- 0.271310
	 $N$: 20639093.052598 +/- 6404191.910891
	 $\mu$: 0.011514 +/- 0.173007
	 $\gamma$: 0.825142 +/- 0.224705
	 $t_{c}$: 19.429311 +/- 7.798247
	 RF_{0}: 0.982898 +/- 0.233042
	 $E_{0}$: 0.054071 +/- 0.548703

Posterior distribution on file posterior_'param'.png

RMSD: 0.077135
Weighted RMSD: 0.077135
RMSD for validation data: 0.433414
RMSD for total data: 0.272356
AIC: 16.154269
AIC for validation data: 16.866829
AIC for total data: 16.544712

#####################################################################

Total time on ABC: 186.134 s
Number of trials: 1421078

Fit on file model_fit.png