2021-11-14_05-05-40

Data Source: Número de casos confirmados de COVID-19 no Brasil (on GitHub)
https://raw.githubusercontent.com/wcota/covid19br/master/cases-brazil-cities-time.csv

Rejection ABC fitting of epidemic curves

Model: SEIRD
Parameters: $\beta_{I}$, $\beta_{E}$, $N$, $\mu$, $\gamma$, $t_{c}$, RF_{0}, $E_{0}$
#####################################################################

Number of Samples: 960
Number of Posteriors: 3
RMSD Weights: [1,1]
Training window size: 25
Validation window size: 10

#####################################################################

Posterior No. 3
Execution Time: 0.052 s
Tolerance: eps = 0.498209

Priors' Ranges:

	 $\beta_{I}$: 0.000038 <-> 0.993661
	 $\beta_{E}$: 0.000058 <-> 0.873222
	 $N$: 143126.935967 <-> 25272094.906163
	 $\mu$: 0.000600 <-> 0.999514
	 $\gamma$: 0.001608 <-> 0.999866
	 $t_{c}$: 0.044873 <-> 29.925508
	 RF_{0}: 0.013960 <-> 0.998265
	 $E_{0}$: 0.000209 <-> 1.993839

Estimated parameters (av +/- std):

	 $\beta_{I}$: 0.895348 +/- 0.258944
	 $\beta_{E}$: 0.133496 +/- 0.068676
	 $N$: 19824622.706682 +/- 6810764.911652
	 $\mu$: 0.024778 +/- 0.217752
	 $\gamma$: 0.896304 +/- 0.218897
	 $t_{c}$: 18.128835 +/- 7.760346
	 RF_{0}: 0.257665 +/- 0.244222
	 $E_{0}$: 0.574817 +/- 0.503168

Posterior distribution on file posterior_'param'.png

RMSD: 0.079835
Weighted RMSD: 0.079835
RMSD for validation data: 0.335344
RMSD for total data: 35.176634
AIC: 16.159671
AIC for validation data: 16.670689
AIC for total data: 86.353268

#####################################################################

Total time on ABC: 0.267 s
Number of trials: 7503

Fit on file model_fit.png