2021-11-29_22-05-24

Data Source: Número de casos confirmados de COVID-19 no Brasil (on GitHub)
https://raw.githubusercontent.com/wcota/covid19br/master/cases-brazil-cities-time.csv

Rejection ABC fitting of epidemic curves

Model: SEIRD
Parameters: $\beta_{I}$, $\beta_{E}$, $N$, $\mu$, $\gamma$, $t_{c}$, RF_{0}, $E_{0}$
#####################################################################

Number of Samples: 48
Number of Posteriors: 3
RMSD Weights: [1,1]
Training window size: 15
Validation window size: 10

#####################################################################

Posterior No. 1
Execution Time: 1.125 s
Tolerance: eps = 32.841912

Priors' Ranges:

	 $\beta_{I}$: 0.000000 <-> 1.000000
	 $\beta_{E}$: 0.000000 <-> 1.000000
	 $N$: 212559.409000 <-> 42511881.800000
	 $\mu$: 0.000000 <-> 1.000000
	 $\gamma$: 0.000000 <-> 1.000000
	 $t_{c}$: 0.000000 <-> 30.000000
	 RF_{0}: 0.000000 <-> 1.000000
	 $E_{0}$: 0.000000 <-> 2.000000

Estimated parameters (av +/- std):

	 $\beta_{I}$: 0.821643 +/- 0.289091
	 $\beta_{E}$: 0.712006 +/- 0.291628
	 $N$: 5613314.683010 +/- 11899243.158785
	 $\mu$: 0.000988 +/- 0.240785
	 $\gamma$: 0.759710 +/- 0.265961
	 $t_{c}$: 23.414310 +/- 8.254469
	 RF_{0}: 0.465485 +/- 0.273090
	 $E_{0}$: 0.201527 +/- 0.594236

Posterior distribution on file posterior_'param'.png

RMSD: 0.196257
Weighted RMSD: 0.196257
RMSD for validation data: 0.867696
RMSD for total data: 0.343138
AIC: 16.392513
AIC for validation data: 17.735393
AIC for total data: 16.686276

#####################################################################

Total time on ABC: 1.125 s
Number of trials: 101721

Fit on file model_fit.png