2021-11-29_21-52-43

Data Source: Número de casos confirmados de COVID-19 no Brasil (on GitHub)
https://raw.githubusercontent.com/wcota/covid19br/master/cases-brazil-cities-time.csv

Rejection ABC fitting of epidemic curves

Model: SEIRD
Parameters: $\beta_{I}$, $\beta_{E}$, $N$, $\mu$, $\gamma$, $t_{c}$, RF_{0}, $E_{0}$
#####################################################################

Number of Samples: 48
Number of Posteriors: 3
RMSD Weights: [1,1]
Training window size: 20
Validation window size: 10

#####################################################################

Posterior No. 1
Execution Time: 1.317 s
Tolerance: eps = 11.343378

Priors' Ranges:

	 $\beta_{I}$: 0.000000 <-> 1.000000
	 $\beta_{E}$: 0.000000 <-> 1.000000
	 $N$: 212559.409000 <-> 42511881.800000
	 $\mu$: 0.000000 <-> 1.000000
	 $\gamma$: 0.000000 <-> 1.000000
	 $t_{c}$: 0.000000 <-> 30.000000
	 RF_{0}: 0.000000 <-> 1.000000
	 $E_{0}$: 0.000000 <-> 2.000000

Estimated parameters (av +/- std):

	 $\beta_{I}$: 0.015646 +/- 0.289068
	 $\beta_{E}$: 0.267083 +/- 0.295786
	 $N$: 4464926.730335 +/- 12117936.116088
	 $\mu$: 0.012610 +/- 0.254317
	 $\gamma$: 0.411616 +/- 0.260676
	 $t_{c}$: 23.362347 +/- 8.495066
	 RF_{0}: 0.972417 +/- 0.276967
	 $E_{0}$: 0.376455 +/- 0.589781

Posterior distribution on file posterior_'param'.png

RMSD: 0.044710
Weighted RMSD: 0.044710
RMSD for validation data: 0.294142
RMSD for total data: 0.228699
AIC: 16.089420
AIC for validation data: 16.588284
AIC for total data: 16.457399

#####################################################################

Total time on ABC: 1.317 s
Number of trials: 103147

Fit on file model_fit.png