2021-11-14_08-20-25

Data Source: Número de casos confirmados de COVID-19 no Brasil (on GitHub)
https://raw.githubusercontent.com/wcota/covid19br/master/cases-brazil-cities-time.csv

Rejection ABC fitting of epidemic curves

Model: SEIRD
Parameters: $\beta_{I}$, $\beta_{E}$, $N$, $\mu$, $\gamma$, $t_{c}$, RF_{0}, $E_{0}$
#####################################################################

Number of Samples: 48
Number of Posteriors: 3
RMSD Weights: [1,1]
Training window size: 35
Validation window size: 10

#####################################################################

Posterior No. 1
Execution Time: 7.934 s
Tolerance: eps = 0.022047

Priors' Ranges:

	 $\beta_{I}$: 0.000000 <-> 1.000000
	 $\beta_{E}$: 0.000000 <-> 1.000000
	 $N$: 212559.409000 <-> 42511881.800000
	 $\mu$: 0.000000 <-> 1.000000
	 $\gamma$: 0.000000 <-> 1.000000
	 $t_{c}$: 0.000000 <-> 30.000000
	 RF_{0}: 0.000000 <-> 1.000000
	 $E_{0}$: 0.000000 <-> 2.000000

Estimated parameters (av +/- std):

	 $\beta_{I}$: 0.131684 +/- 0.258722
	 $\beta_{E}$: 0.206001 +/- 0.048280
	 $N$: 12220130.252158 +/- 8134775.663641
	 $\mu$: 0.008389 +/- 0.003664
	 $\gamma$: 0.408204 +/- 0.192791
	 $t_{c}$: 27.236622 +/- 5.431538
	 RF_{0}: 0.992817 +/- 0.004100
	 $E_{0}$: 0.121175 +/- 0.025478

Posterior distribution on file posterior_'param'.png

RMSD: 0.015809
Weighted RMSD: 0.015809
RMSD for validation data: 0.037120
RMSD for total data: 0.254363
AIC: 16.031619
AIC for validation data: 16.074241
AIC for total data: 16.508726

#####################################################################

Total time on ABC: 7.934 s
Number of trials: 438699

Fit on file model_fit.png