2021-12-01_00-51-50

Data Source: Número de casos confirmados de COVID-19 no Brasil (on GitHub)
https://raw.githubusercontent.com/wcota/covid19br/master/cases-brazil-cities-time.csv

Rejection ABC fitting of epidemic curves

Model: SEIRD
Parameters: $\beta_{I}$, $\beta_{E}$, $N$, $\mu$, $\gamma$, $t_{c}$, RF_{0}, $E_{0}$
#####################################################################

Number of Samples: 99984
Number of Posteriors: 3
RMSD Weights: [1,1]
Training window size: 50
Validation window size: 10

#####################################################################

Posterior No. 3
Execution Time: 73.854 s
Tolerance: eps = 0.277297

Priors' Ranges:

	 $\beta_{I}$: 0.000004 <-> 0.999962
	 $\beta_{E}$: 0.000003 <-> 0.994220
	 $N$: 212662.007643 <-> 42510898.427727
	 $\mu$: 0.000007 <-> 0.999930
	 $\gamma$: 0.000190 <-> 0.999981
	 $t_{c}$: 0.042530 <-> 29.999836
	 RF_{0}: 0.000035 <-> 0.999985
	 $E_{0}$: 0.000037 <-> 1.999956

Estimated parameters (av +/- std):

	 $\beta_{I}$: 0.495411 +/- 0.260620
	 $\beta_{E}$: 0.071534 +/- 0.041989
	 $N$: 34112223.213427 +/- 11425017.707421
	 $\mu$: 0.041096 +/- 0.256597
	 $\gamma$: 0.485426 +/- 0.227672
	 $t_{c}$: 9.488511 +/- 7.080023
	 RF_{0}: 0.241553 +/- 0.261808
	 $E_{0}$: 1.180482 +/- 0.517559

Posterior distribution on file posterior_'param'.png

RMSD: 0.016451
Weighted RMSD: 0.016451
RMSD for validation data: 0.259868
RMSD for total data: 1.183521
AIC: 16.032901
AIC for validation data: 16.519735
AIC for total data: 18.367041

#####################################################################

Total time on ABC: 176.196 s
Number of trials: 791765

Fit on file model_fit.png