2021-11-14_06-01-51

Data Source: Número de casos confirmados de COVID-19 no Brasil (on GitHub)
https://raw.githubusercontent.com/wcota/covid19br/master/cases-brazil-cities-time.csv

Rejection ABC fitting of epidemic curves

Model: SEIRD
Parameters: $\beta_{I}$, $\beta_{E}$, $N$, $\mu$, $\gamma$, $t_{c}$, RF_{0}, $E_{0}$
#####################################################################

Number of Samples: 960
Number of Posteriors: 3
RMSD Weights: [1,1]
Training window size: 40
Validation window size: 10

#####################################################################

Posterior No. 3
Execution Time: 0.600 s
Tolerance: eps = 0.036945

Priors' Ranges:

	 $\beta_{I}$: 0.001854 <-> 0.994719
	 $\beta_{E}$: 0.000015 <-> 0.087176
	 $N$: 15612854.707166 <-> 274758106.243877
	 $\mu$: 0.001561 <-> 0.009581
	 $\gamma$: 0.190424 <-> 0.998924
	 $t_{c}$: 3.054054 <-> 29.967013
	 RF_{0}: 0.987905 <-> 0.999922
	 $E_{0}$: 0.002686 <-> 0.046455

Estimated parameters (av +/- std):

	 $\beta_{I}$: 0.484064 +/- 0.212384
	 $\beta_{E}$: 0.029360 +/- 0.017380
	 $N$: 178370373.821245 +/- 70001190.381067
	 $\mu$: 0.006935 +/- 0.001453
	 $\gamma$: 0.836529 +/- 0.152795
	 $t_{c}$: 13.883736 +/- 5.712448
	 RF_{0}: 0.995286 +/- 0.002250
	 $E_{0}$: 0.016568 +/- 0.007957

Posterior distribution on file posterior_'param'.png

RMSD: 0.014692
Weighted RMSD: 0.014692
RMSD for validation data: 0.241208
RMSD for total data: 0.507636
AIC: 16.029384
AIC for validation data: 16.482416
AIC for total data: 17.015271

#####################################################################

Total time on ABC: 1.584 s
Number of trials: 34421

Fit on file model_fit.png