2021-11-29_22-05-24

Data Source: Número de casos confirmados de COVID-19 no Brasil (on GitHub)
https://raw.githubusercontent.com/wcota/covid19br/master/cases-brazil-cities-time.csv

Rejection ABC fitting of epidemic curves

Model: SEIRD
Parameters: $\beta_{I}$, $\beta_{E}$, $N$, $\mu$, $\gamma$, $t_{c}$, RF_{0}, $E_{0}$
#####################################################################

Number of Samples: 48
Number of Posteriors: 3
RMSD Weights: [1,1]
Training window size: 30
Validation window size: 10

#####################################################################

Posterior No. 1
Execution Time: 1.737 s
Tolerance: eps = 0.313907

Priors' Ranges:

	 $\beta_{I}$: 0.000000 <-> 1.000000
	 $\beta_{E}$: 0.000000 <-> 1.000000
	 $N$: 212559.409000 <-> 42511881.800000
	 $\mu$: 0.000000 <-> 1.000000
	 $\gamma$: 0.000000 <-> 1.000000
	 $t_{c}$: 0.000000 <-> 30.000000
	 RF_{0}: 0.000000 <-> 1.000000
	 $E_{0}$: 0.000000 <-> 2.000000

Estimated parameters (av +/- std):

	 $\beta_{I}$: 0.101545 +/- 0.285892
	 $\beta_{E}$: 0.381468 +/- 0.118372
	 $N$: 39472667.155967 +/- 12245712.723424
	 $\mu$: 0.028303 +/- 0.291019
	 $\gamma$: 0.448459 +/- 0.287947
	 $t_{c}$: 4.337003 +/- 8.685509
	 RF_{0}: 0.754321 +/- 0.288347
	 $E_{0}$: 1.838601 +/- 0.571403

Posterior distribution on file posterior_'param'.png

RMSD: 0.062130
Weighted RMSD: 0.062130
RMSD for validation data: 2.250456
RMSD for total data: 2.588543
AIC: 16.124261
AIC for validation data: 20.500913
AIC for total data: 21.177086

#####################################################################

Total time on ABC: 1.737 s
Number of trials: 100258

Fit on file model_fit.png