2021-11-14_20-30-25

Data Source: Número de casos confirmados de COVID-19 no Brasil (on GitHub)
https://raw.githubusercontent.com/wcota/covid19br/master/cases-brazil-cities-time.csv

Rejection ABC fitting of epidemic curves

Model: SEIRD
Parameters: $\beta_{I}$, $\beta_{E}$, $N$, $\mu$, $\gamma$, $t_{c}$, RF_{0}, $E_{0}$
#####################################################################

Number of Samples: 48
Number of Posteriors: 3
RMSD Weights: [1,1]
Training window size: 50
Validation window size: 10

#####################################################################

Posterior No. 1
Execution Time: 0.279 s
Tolerance: eps = 159.654075

Priors' Ranges:

	 $\beta_{I}$: 0.000000 <-> 1.000000
	 $\beta_{E}$: 0.000000 <-> 1.000000
	 $N$: 51269.183000 <-> 10253836.600000
	 $\mu$: 0.000000 <-> 1.000000
	 $\gamma$: 0.000000 <-> 1.000000
	 $t_{c}$: 0.000000 <-> 30.000000
	 RF_{0}: 0.000000 <-> 1.000000
	 $E_{0}$: 0.000000 <-> 2.000000

Estimated parameters (av +/- std):

	 $\beta_{I}$: 0.680471 +/- 0.277520
	 $\beta_{E}$: 0.014453 +/- 0.231587
	 $N$: 9784113.081566 +/- 3151216.746226
	 $\mu$: 0.013441 +/- 0.296061
	 $\gamma$: 0.967567 +/- 0.260774
	 $t_{c}$: 25.172779 +/- 9.597090
	 RF_{0}: 0.887568 +/- 0.288802
	 $E_{0}$: 0.310510 +/- 0.555374

Posterior distribution on file posterior_'param'.png

RMSD: 0.450710
Weighted RMSD: 0.450710
RMSD for validation data: 3.504547
RMSD for total data: 0.433979
AIC: 16.901420
AIC for validation data: 23.009094
AIC for total data: 16.867957

#####################################################################

Total time on ABC: 0.279 s
Number of trials: 9606

Fit on file model_fit.png