2021-11-14_20-32-41

Data Source: Número de casos confirmados de COVID-19 no Brasil (on GitHub)
https://raw.githubusercontent.com/wcota/covid19br/master/cases-brazil-cities-time.csv

Rejection ABC fitting of epidemic curves

Model: SEIRD
Parameters: $\beta_{I}$, $\beta_{E}$, $N$, $\mu$, $\gamma$, $t_{c}$, RF_{0}, $E_{0}$
#####################################################################

Number of Samples: 960
Number of Posteriors: 3
RMSD Weights: [1,1]
Training window size: 45
Validation window size: 10

#####################################################################

Posterior No. 2
Execution Time: 0.163 s
Tolerance: eps = 2.551020

Priors' Ranges:

	 $\beta_{I}$: 0.001637 <-> 0.998909
	 $\beta_{E}$: 0.000196 <-> 0.971598
	 $N$: 70948.009583 <-> 13521969.023687
	 $\mu$: 0.000456 <-> 0.995594
	 $\gamma$: 0.000549 <-> 0.999560
	 $t_{c}$: 0.060681 <-> 29.996150
	 RF_{0}: 0.006955 <-> 0.998833
	 $E_{0}$: 0.000575 <-> 1.987087

Estimated parameters (av +/- std):

	 $\beta_{I}$: 0.190596 +/- 0.256239
	 $\beta_{E}$: 0.369667 +/- 0.218415
	 $N$: 311541.909096 +/- 4237737.908746
	 $\mu$: 0.123608 +/- 0.265017
	 $\gamma$: 0.892480 +/- 0.226783
	 $t_{c}$: 26.972870 +/- 9.006489
	 RF_{0}: 0.830934 +/- 0.262526
	 $E_{0}$: 0.717636 +/- 0.507730

Posterior distribution on file posterior_'param'.png

RMSD: 0.069729
Weighted RMSD: 0.069729
RMSD for validation data: 1.838211
RMSD for total data: 0.371719
AIC: 16.139459
AIC for validation data: 19.676421
AIC for total data: 16.743437

#####################################################################

Total time on ABC: 0.401 s
Number of trials: 21465

Fit on file model_fit.png