2021-11-14_08-20-25

Data Source: Número de casos confirmados de COVID-19 no Brasil (on GitHub)
https://raw.githubusercontent.com/wcota/covid19br/master/cases-brazil-cities-time.csv

Rejection ABC fitting of epidemic curves

Model: SEIRD
Parameters: $\beta_{I}$, $\beta_{E}$, $N$, $\mu$, $\gamma$, $t_{c}$, RF_{0}, $E_{0}$
#####################################################################

Number of Samples: 48
Number of Posteriors: 3
RMSD Weights: [1,1]
Training window size: 40
Validation window size: 10

#####################################################################

Posterior No. 1
Execution Time: 0.079 s
Tolerance: eps = 0.128886

Priors' Ranges:

	 $\beta_{I}$: 0.000000 <-> 1.000000
	 $\beta_{E}$: 0.000000 <-> 1.000000
	 $N$: 212559.409000 <-> 42511881.800000
	 $\mu$: 0.000000 <-> 1.000000
	 $\gamma$: 0.000000 <-> 1.000000
	 $t_{c}$: 0.000000 <-> 30.000000
	 RF_{0}: 0.000000 <-> 1.000000
	 $E_{0}$: 0.000000 <-> 2.000000

Estimated parameters (av +/- std):

	 $\beta_{I}$: 0.974699 +/- 0.229065
	 $\beta_{E}$: 0.003334 +/- 0.022609
	 $N$: 32662301.262221 +/- 10046486.996315
	 $\mu$: 0.021134 +/- 0.004324
	 $\gamma$: 0.944029 +/- 0.167183
	 $t_{c}$: 16.038980 +/- 6.119419
	 RF_{0}: 0.994557 +/- 0.010908
	 $E_{0}$: 0.079908 +/- 0.045247

Posterior distribution on file posterior_'param'.png

RMSD: 0.019425
Weighted RMSD: 0.019425
RMSD for validation data: 0.262951
RMSD for total data: 0.449499
AIC: 16.038850
AIC for validation data: 16.525903
AIC for total data: 16.898998

#####################################################################

Total time on ABC: 0.079 s
Number of trials: 5011

Fit on file model_fit.png