2022-03-08_16-07-57

Data Source: Número de casos confirmados de COVID-19 no Brasil (on GitHub)
https://raw.githubusercontent.com/wcota/covid19br/master/cases-brazil-cities-time.csv

Rejection ABC fitting of epidemic curves

Model: SEIRD
Parameters: $\beta_{I}$, $\beta_{E}$, $N$, $\mu$, $\gamma$, $t_{c}$, RF_{0}, $E_{0}$
#####################################################################

Number of Samples: 960
Number of Posteriors: 3
RMSD Weights: [1,1]
Training window size: 30
Validation window size: 10

#####################################################################

Posterior No. 2
Execution Time: 0.339 s
Tolerance: eps = 0.043819

Priors' Ranges:

	 $\beta_{I}$: 0.001243 <-> 0.994116
	 $\beta_{E}$: 0.000469 <-> 0.111730
	 $N$: 2346676.284053 <-> 106099610.086020
	 $\mu$: 0.006654 <-> 0.043425
	 $\gamma$: 0.188671 <-> 0.998274
	 $t_{c}$: 2.358625 <-> 29.987544
	 RF_{0}: 0.335288 <-> 0.999849
	 $E_{0}$: 0.184536 <-> 1.988852

Estimated parameters (av +/- std):

	 $\beta_{I}$: 0.834970 +/- 0.254348
	 $\beta_{E}$: 0.012811 +/- 0.020683
	 $N$: 96834036.526900 +/- 26996172.007557
	 $\mu$: 0.035546 +/- 0.006386
	 $\gamma$: 0.903901 +/- 0.162553
	 $t_{c}$: 29.036203 +/- 5.598615
	 RF_{0}: 0.870608 +/- 0.130613
	 $E_{0}$: 1.804241 +/- 0.375201

Posterior distribution on file posterior_'param'.png

RMSD: 0.013238
Weighted RMSD: 0.013238
RMSD for validation data: 0.173099
RMSD for total data: 0.449491
AIC: 16.026475
AIC for validation data: 16.346199
AIC for total data: 16.898982

#####################################################################

Total time on ABC: 0.585 s
Number of trials: 28199

Fit on file model_fit.png