2021-11-14_19-38-02

Data Source: Número de casos confirmados de COVID-19 no Brasil (on GitHub)
https://raw.githubusercontent.com/wcota/covid19br/master/cases-brazil-cities-time.csv

Rejection ABC fitting of epidemic curves

Model: SEIRD
Parameters: $\beta_{I}$, $\beta_{E}$, $N$, $\mu$, $\gamma$, $t_{c}$, RF_{0}, $E_{0}$
#####################################################################

Number of Samples: 960
Number of Posteriors: 3
RMSD Weights: [1,1]
Training window size: 40
Validation window size: 10

#####################################################################

Posterior No. 2
Execution Time: 6.919 s
Tolerance: eps = 0.036273

Priors' Ranges:

	 $\beta_{I}$: 0.010317 <-> 0.986750
	 $\beta_{E}$: 0.000816 <-> 0.067893
	 $N$: 73048.980825 <-> 10235147.415018
	 $\mu$: 0.002518 <-> 0.008599
	 $\gamma$: 0.292851 <-> 0.999855
	 $t_{c}$: 9.287514 <-> 29.999629
	 RF_{0}: 0.975036 <-> 0.996682
	 $E_{0}$: 0.031621 <-> 0.116994

Estimated parameters (av +/- std):

	 $\beta_{I}$: 0.228732 +/- 0.240377
	 $\beta_{E}$: 0.023939 +/- 0.013754
	 $N$: 3065241.423659 +/- 2760944.892021
	 $\mu$: 0.003626 +/- 0.001240
	 $\gamma$: 0.463233 +/- 0.152150
	 $t_{c}$: 26.687160 +/- 4.721677
	 RF_{0}: 0.979679 +/- 0.004139
	 $E_{0}$: 0.096646 +/- 0.018437

Posterior distribution on file posterior_'param'.png

RMSD: 0.033654
Weighted RMSD: 0.033654
RMSD for validation data: 0.282092
RMSD for total data: 0.433979
AIC: 16.067308
AIC for validation data: 16.564184
AIC for total data: 16.867957

#####################################################################

Total time on ABC: 9.762 s
Number of trials: 417875

Fit on file model_fit.png