2021-11-14_05-08-12

Data Source: Número de casos confirmados de COVID-19 no Brasil (on GitHub)
https://raw.githubusercontent.com/wcota/covid19br/master/cases-brazil-cities-time.csv

Rejection ABC fitting of epidemic curves

Model: SEIRD
Parameters: $\beta_{I}$, $\beta_{E}$, $N$, $\mu$, $\gamma$, $t_{c}$, RF_{0}, $E_{0}$
#####################################################################

Number of Samples: 960
Number of Posteriors: 3
RMSD Weights: [1,1]
Training window size: 10
Validation window size: 10

#####################################################################

Posterior No. 3
Execution Time: 0.039 s
Tolerance: eps = 18.686326

Priors' Ranges:

	 $\beta_{I}$: 0.001762 <-> 0.992487
	 $\beta_{E}$: 0.000219 <-> 0.552799
	 $N$: 159519.756612 <-> 25270457.604525
	 $\mu$: 0.000057 <-> 0.991520
	 $\gamma$: 0.005735 <-> 0.998649
	 $t_{c}$: 0.070846 <-> 29.978557
	 RF_{0}: 0.017225 <-> 0.999266
	 $E_{0}$: 0.000955 <-> 1.983808

Estimated parameters (av +/- std):

	 $\beta_{I}$: 0.259575 +/- 0.274097
	 $\beta_{E}$: 0.169123 +/- 0.106030
	 $N$: 21369472.952254 +/- 6741482.894990
	 $\mu$: 0.059168 +/- 0.224894
	 $\gamma$: 0.363251 +/- 0.241355
	 $t_{c}$: 21.505990 +/- 6.648604
	 RF_{0}: 0.974768 +/- 0.201945
	 $E_{0}$: 0.029898 +/- 0.384701

Posterior distribution on file posterior_'param'.png

RMSD: 0.394007
Weighted RMSD: 0.394007
RMSD for validation data: 7.743406
RMSD for total data: 134.720951
AIC: 16.788015
AIC for validation data: 31.486812
AIC for total data: 285.441903

#####################################################################

Total time on ABC: 0.146 s
Number of trials: 8065

Fit on file model_fit.png