2021-11-14_07-39-52

Data Source: Número de casos confirmados de COVID-19 no Brasil (on GitHub)
https://raw.githubusercontent.com/wcota/covid19br/master/cases-brazil-cities-time.csv

Rejection ABC fitting of epidemic curves

Model: SEIRD
Parameters: $\beta_{I}$, $\beta_{E}$, $N$, $\mu$, $\gamma$, $t_{c}$, RF_{0}, $E_{0}$
#####################################################################

Number of Samples: 960
Number of Posteriors: 3
RMSD Weights: [1,1]
Training window size: 45
Validation window size: 10

#####################################################################

Posterior No. 2
Execution Time: 0.186 s
Tolerance: eps = 9.185734

Priors' Ranges:

	 $\beta_{I}$: 0.001207 <-> 0.999622
	 $\beta_{E}$: 0.000092 <-> 0.991833
	 $N$: 1399096.232396 <-> 275604419.986676
	 $\mu$: 0.000165 <-> 0.999800
	 $\gamma$: 0.024056 <-> 0.999931
	 $t_{c}$: 0.053700 <-> 29.963798
	 RF_{0}: 0.003781 <-> 0.998174
	 $E_{0}$: 0.000502 <-> 1.999110

Estimated parameters (av +/- std):

	 $\beta_{I}$: 0.634603 +/- 0.252070
	 $\beta_{E}$: 0.012069 +/- 0.138300
	 $N$: 185559669.904026 +/- 77454754.064130
	 $\mu$: 0.005687 +/- 0.269374
	 $\gamma$: 0.277884 +/- 0.218464
	 $t_{c}$: 18.546682 +/- 9.074849
	 RF_{0}: 0.875203 +/- 0.255896
	 $E_{0}$: 0.151823 +/- 0.496372

Posterior distribution on file posterior_'param'.png

RMSD: 0.132078
Weighted RMSD: 0.132078
RMSD for validation data: 2.878874
RMSD for total data: 5.196829
AIC: 16.264157
AIC for validation data: 21.757748
AIC for total data: 26.393658

#####################################################################

Total time on ABC: 0.444 s
Number of trials: 17596

Fit on file model_fit.png