2021-11-14_23-03-08

Data Source: Número de casos confirmados de COVID-19 no Brasil (on GitHub)
https://raw.githubusercontent.com/wcota/covid19br/master/cases-brazil-cities-time.csv

Rejection ABC fitting of epidemic curves

Model: SEIRD
Parameters: $\beta_{I}$, $\beta_{E}$, $N$, $\mu$, $\gamma$, $t_{c}$, RF_{0}, $E_{0}$
#####################################################################

Number of Samples: 960
Number of Posteriors: 3
RMSD Weights: [1,1]
Training window size: 15
Validation window size: 10

#####################################################################

Posterior No. 2
Execution Time: 0.070 s
Tolerance: eps = 20.576433

Priors' Ranges:

	 $\beta_{I}$: 0.001632 <-> 0.998496
	 $\beta_{E}$: 0.002338 <-> 0.999687
	 $N$: 363618.915210 <-> 66118216.270395
	 $\mu$: 0.000003 <-> 0.949504
	 $\gamma$: 0.009813 <-> 0.999325
	 $t_{c}$: 0.160604 <-> 29.948182
	 RF_{0}: 0.017069 <-> 0.999717
	 $E_{0}$: 0.000087 <-> 1.999411

Estimated parameters (av +/- std):

	 $\beta_{I}$: 0.424314 +/- 0.267152
	 $\beta_{E}$: 0.329485 +/- 0.261144
	 $N$: 3544140.848968 +/- 17169453.303750
	 $\mu$: 0.008632 +/- 0.158662
	 $\gamma$: 0.948865 +/- 0.229656
	 $t_{c}$: 25.097540 +/- 7.694778
	 RF_{0}: 0.934674 +/- 0.236220
	 $E_{0}$: 0.359313 +/- 0.564359

Posterior distribution on file posterior_'param'.png

RMSD: 0.299170
Weighted RMSD: 0.299170
RMSD for validation data: 1.524005
RMSD for total data: 0.429033
AIC: 16.598340
AIC for validation data: 19.048009
AIC for total data: 16.858066

#####################################################################

Total time on ABC: 0.179 s
Number of trials: 13426

Fit on file model_fit.png