2021-11-14_23-03-08

Data Source: Número de casos confirmados de COVID-19 no Brasil (on GitHub)
https://raw.githubusercontent.com/wcota/covid19br/master/cases-brazil-cities-time.csv

Rejection ABC fitting of epidemic curves

Model: SEIRD
Parameters: $\beta_{I}$, $\beta_{E}$, $N$, $\mu$, $\gamma$, $t_{c}$, RF_{0}, $E_{0}$
#####################################################################

Number of Samples: 48
Number of Posteriors: 3
RMSD Weights: [1,1]
Training window size: 20
Validation window size: 10

#####################################################################

Posterior No. 1
Execution Time: 0.144 s
Tolerance: eps = 38.046642

Priors' Ranges:

	 $\beta_{I}$: 0.000000 <-> 1.000000
	 $\beta_{E}$: 0.000000 <-> 1.000000
	 $N$: 331002.647000 <-> 66200529.400000
	 $\mu$: 0.000000 <-> 1.000000
	 $\gamma$: 0.000000 <-> 1.000000
	 $t_{c}$: 0.000000 <-> 30.000000
	 RF_{0}: 0.000000 <-> 1.000000
	 $E_{0}$: 0.000000 <-> 2.000000

Estimated parameters (av +/- std):

	 $\beta_{I}$: 0.786882 +/- 0.285923
	 $\beta_{E}$: 0.142731 +/- 0.286748
	 $N$: 13558463.372790 +/- 17333153.985787
	 $\mu$: 0.000091 +/- 0.234387
	 $\gamma$: 0.549613 +/- 0.255205
	 $t_{c}$: 18.270694 +/- 8.522062
	 RF_{0}: 0.853599 +/- 0.276086
	 $E_{0}$: 0.434154 +/- 0.597606

Posterior distribution on file posterior_'param'.png

RMSD: 0.480924
Weighted RMSD: 0.480924
RMSD for validation data: 2.491163
RMSD for total data: 0.382723
AIC: 16.961848
AIC for validation data: 20.982326
AIC for total data: 16.765446

#####################################################################

Total time on ABC: 0.144 s
Number of trials: 9934

Fit on file model_fit.png