2021-11-14_07-39-52

Data Source: Número de casos confirmados de COVID-19 no Brasil (on GitHub)
https://raw.githubusercontent.com/wcota/covid19br/master/cases-brazil-cities-time.csv

Rejection ABC fitting of epidemic curves

Model: SEIRD
Parameters: $\beta_{I}$, $\beta_{E}$, $N$, $\mu$, $\gamma$, $t_{c}$, RF_{0}, $E_{0}$
#####################################################################

Number of Samples: 960
Number of Posteriors: 3
RMSD Weights: [1,1]
Training window size: 50
Validation window size: 10

#####################################################################

Posterior No. 3
Execution Time: 0.115 s
Tolerance: eps = 1.385564

Priors' Ranges:

	 $\beta_{I}$: 0.000623 <-> 0.997330
	 $\beta_{E}$: 0.000195 <-> 0.755092
	 $N$: 1609539.266124 <-> 275333733.742424
	 $\mu$: 0.000090 <-> 0.993631
	 $\gamma$: 0.047604 <-> 0.998349
	 $t_{c}$: 0.039757 <-> 29.954692
	 RF_{0}: 0.001892 <-> 0.999656
	 $E_{0}$: 0.003262 <-> 1.973257

Estimated parameters (av +/- std):

	 $\beta_{I}$: 0.142691 +/- 0.233031
	 $\beta_{E}$: 0.088727 +/- 0.078206
	 $N$: 99498841.133438 +/- 75461963.041800
	 $\mu$: 0.013453 +/- 0.263029
	 $\gamma$: 0.381890 +/- 0.203149
	 $t_{c}$: 10.312895 +/- 9.188175
	 RF_{0}: 0.892357 +/- 0.255727
	 $E_{0}$: 0.799504 +/- 0.436563

Posterior distribution on file posterior_'param'.png

RMSD: 0.058256
Weighted RMSD: 0.058256
RMSD for validation data: 0.396769
RMSD for total data: 0.504377
AIC: 16.116513
AIC for validation data: 16.793538
AIC for total data: 17.008755

#####################################################################

Total time on ABC: 0.541 s
Number of trials: 10502

Fit on file model_fit.png