2021-11-14_06-20-09

Data Source: Número de casos confirmados de COVID-19 no Brasil (on GitHub)
https://raw.githubusercontent.com/wcota/covid19br/master/cases-brazil-cities-time.csv

Rejection ABC fitting of epidemic curves

Model: SEIRD
Parameters: $\beta_{I}$, $\beta_{E}$, $N$, $\mu$, $\gamma$, $t_{c}$, RF_{0}, $E_{0}$
#####################################################################

Number of Samples: 48
Number of Posteriors: 3
RMSD Weights: [1,1]
Training window size: 50
Validation window size: 10

#####################################################################

Posterior No. 1
Execution Time: 0.382 s
Tolerance: eps = 0.045699

Priors' Ranges:

	 $\beta_{I}$: 0.000000 <-> 1.000000
	 $\beta_{E}$: 0.000000 <-> 1.000000
	 $N$: 1380004.385000 <-> 276000877.000000
	 $\mu$: 0.000000 <-> 1.000000
	 $\gamma$: 0.000000 <-> 1.000000
	 $t_{c}$: 0.000000 <-> 30.000000
	 RF_{0}: 0.000000 <-> 1.000000
	 $E_{0}$: 0.000000 <-> 2.000000

Estimated parameters (av +/- std):

	 $\beta_{I}$: 0.062462 +/- 0.191570
	 $\beta_{E}$: 0.038376 +/- 0.012886
	 $N$: 43660283.511449 +/- 75746041.949573
	 $\mu$: 0.010342 +/- 0.001881
	 $\gamma$: 0.865687 +/- 0.145106
	 $t_{c}$: 20.609295 +/- 6.400221
	 RF_{0}: 0.979514 +/- 0.012044
	 $E_{0}$: 0.212061 +/- 0.075277

Posterior distribution on file posterior_'param'.png

RMSD: 0.011440
Weighted RMSD: 0.011440
RMSD for validation data: 0.392646
RMSD for total data: 0.507635
AIC: 16.022880
AIC for validation data: 16.785293
AIC for total data: 17.015271

#####################################################################

Total time on ABC: 0.382 s
Number of trials: 18115

Fit on file model_fit.png