2021-11-14_20-30-25

Data Source: Número de casos confirmados de COVID-19 no Brasil (on GitHub)
https://raw.githubusercontent.com/wcota/covid19br/master/cases-brazil-cities-time.csv

Rejection ABC fitting of epidemic curves

Model: SEIRD
Parameters: $\beta_{I}$, $\beta_{E}$, $N$, $\mu$, $\gamma$, $t_{c}$, RF_{0}, $E_{0}$
#####################################################################

Number of Samples: 960
Number of Posteriors: 3
RMSD Weights: [1,1]
Training window size: 15
Validation window size: 10

#####################################################################

Posterior No. 3
Execution Time: 0.046 s
Tolerance: eps = 103.715846

Priors' Ranges:

	 $\beta_{I}$: 0.003101 <-> 0.992679
	 $\beta_{E}$: 0.000191 <-> 0.646679
	 $N$: 51750.569413 <-> 10243506.479229
	 $\mu$: 0.000070 <-> 0.975850
	 $\gamma$: 0.010358 <-> 0.997780
	 $t_{c}$: 0.113939 <-> 29.929237
	 RF_{0}: 0.013408 <-> 0.999689
	 $E_{0}$: 0.001991 <-> 1.991117

Estimated parameters (av +/- std):

	 $\beta_{I}$: 0.065923 +/- 0.250260
	 $\beta_{E}$: 0.256383 +/- 0.092932
	 $N$: 2359980.854811 +/- 2800128.960577
	 $\mu$: 0.144173 +/- 0.187909
	 $\gamma$: 0.867609 +/- 0.216977
	 $t_{c}$: 20.914110 +/- 7.195857
	 RF_{0}: 0.999451 +/- 0.261877
	 $E_{0}$: 0.002571 +/- 0.480918

Posterior distribution on file posterior_'param'.png

RMSD: 0.436271
Weighted RMSD: 0.436271
RMSD for validation data: 10.269077
RMSD for total data: 0.433979
AIC: 16.872542
AIC for validation data: 36.538155
AIC for total data: 16.867957

#####################################################################

Total time on ABC: 0.179 s
Number of trials: 8283

Fit on file model_fit.png