2022-03-08_15-59-59

Data Source: Número de casos confirmados de COVID-19 no Brasil (on GitHub)
https://raw.githubusercontent.com/wcota/covid19br/master/cases-brazil-cities-time.csv

Rejection ABC fitting of epidemic curves

Model: SEIRD
Parameters: $\beta_{I}$, $\beta_{E}$, $N$, $\mu$, $\gamma$, $t_{c}$, RF_{0}, $E_{0}$
#####################################################################

Number of Samples: 960
Number of Posteriors: 3
RMSD Weights: [1,1]
Training window size: 20
Validation window size: 10

#####################################################################

Posterior No. 2
Execution Time: 0.650 s
Tolerance: eps = 0.033441

Priors' Ranges:

	 $\beta_{I}$: 0.000728 <-> 0.991047
	 $\beta_{E}$: 0.003100 <-> 0.226631
	 $N$: 2137959.358091 <-> 106100728.104745
	 $\mu$: 0.009187 <-> 0.088920
	 $\gamma$: 0.036015 <-> 0.999719
	 $t_{c}$: 3.836514 <-> 29.637211
	 RF_{0}: 0.412036 <-> 0.999376
	 $E_{0}$: 0.268206 <-> 1.999771

Estimated parameters (av +/- std):

	 $\beta_{I}$: 0.313471 +/- 0.256678
	 $\beta_{E}$: 0.114676 +/- 0.027421
	 $N$: 72031625.914035 +/- 27482479.604623
	 $\mu$: 0.075961 +/- 0.015931
	 $\gamma$: 0.898264 +/- 0.205935
	 $t_{c}$: 12.577975 +/- 4.673442
	 RF_{0}: 0.982717 +/- 0.096951
	 $E_{0}$: 1.108612 +/- 0.362851

Posterior distribution on file posterior_'param'.png

RMSD: 0.020468
Weighted RMSD: 0.020468
RMSD for validation data: 0.054171
RMSD for total data: 3.053046
AIC: 16.040935
AIC for validation data: 16.108342
AIC for total data: 22.106093

#####################################################################

Total time on ABC: 1.428 s
Number of trials: 70222

Fit on file model_fit.png