2021-11-14_05-05-40

Data Source: Número de casos confirmados de COVID-19 no Brasil (on GitHub)
https://raw.githubusercontent.com/wcota/covid19br/master/cases-brazil-cities-time.csv

Rejection ABC fitting of epidemic curves

Model: SEIRD
Parameters: $\beta_{I}$, $\beta_{E}$, $N$, $\mu$, $\gamma$, $t_{c}$, RF_{0}, $E_{0}$
#####################################################################

Number of Samples: 48
Number of Posteriors: 3
RMSD Weights: [1,1]
Training window size: 20
Validation window size: 10

#####################################################################

Posterior No. 1
Execution Time: 0.103 s
Tolerance: eps = 116.968489

Priors' Ranges:

	 $\beta_{I}$: 0.000000 <-> 1.000000
	 $\beta_{E}$: 0.000000 <-> 1.000000
	 $N$: 126476.458000 <-> 25295291.600000
	 $\mu$: 0.000000 <-> 1.000000
	 $\gamma$: 0.000000 <-> 1.000000
	 $t_{c}$: 0.000000 <-> 30.000000
	 RF_{0}: 0.000000 <-> 1.000000
	 $E_{0}$: 0.000000 <-> 2.000000

Estimated parameters (av +/- std):

	 $\beta_{I}$: 0.089421 +/- 0.289886
	 $\beta_{E}$: 0.002035 +/- 0.235826
	 $N$: 2103312.716698 +/- 7827992.441850
	 $\mu$: 0.000861 +/- 0.285050
	 $\gamma$: 0.278973 +/- 0.260015
	 $t_{c}$: 26.546094 +/- 8.794198
	 RF_{0}: 0.557101 +/- 0.281545
	 $E_{0}$: 0.760382 +/- 0.561591

Posterior distribution on file posterior_'param'.png

RMSD: 0.332441
Weighted RMSD: 0.332441
RMSD for validation data: 0.555809
RMSD for total data: 0.399267
AIC: 16.664882
AIC for validation data: 17.111619
AIC for total data: 16.798534

#####################################################################

Total time on ABC: 0.103 s
Number of trials: 9078

Fit on file model_fit.png