2021-11-14_23-05-32

Data Source: Número de casos confirmados de COVID-19 no Brasil (on GitHub)
https://raw.githubusercontent.com/wcota/covid19br/master/cases-brazil-cities-time.csv

Rejection ABC fitting of epidemic curves

Model: SEIRD
Parameters: $\beta_{I}$, $\beta_{E}$, $N$, $\mu$, $\gamma$, $t_{c}$, RF_{0}, $E_{0}$
#####################################################################

Number of Samples: 960
Number of Posteriors: 3
RMSD Weights: [1,1]
Training window size: 15
Validation window size: 10

#####################################################################

Posterior No. 2
Execution Time: 0.066 s
Tolerance: eps = 20.796364

Priors' Ranges:

	 $\beta_{I}$: 0.000797 <-> 0.999042
	 $\beta_{E}$: 0.000233 <-> 0.993208
	 $N$: 370614.937701 <-> 65371768.941997
	 $\mu$: 0.000055 <-> 0.983543
	 $\gamma$: 0.014847 <-> 0.998812
	 $t_{c}$: 0.256121 <-> 29.985058
	 RF_{0}: 0.004745 <-> 0.999238
	 $E_{0}$: 0.000924 <-> 1.998556

Estimated parameters (av +/- std):

	 $\beta_{I}$: 0.020081 +/- 0.265184
	 $\beta_{E}$: 0.648296 +/- 0.265116
	 $N$: 6154163.313398 +/- 17024719.505361
	 $\mu$: 0.004611 +/- 0.166487
	 $\gamma$: 0.320692 +/- 0.238343
	 $t_{c}$: 24.963401 +/- 7.201487
	 RF_{0}: 0.957723 +/- 0.246001
	 $E_{0}$: 0.336138 +/- 0.534612

Posterior distribution on file posterior_'param'.png

RMSD: 0.086714
Weighted RMSD: 0.086714
RMSD for validation data: 0.767250
RMSD for total data: 0.373348
AIC: 16.173429
AIC for validation data: 17.534501
AIC for total data: 16.746695

#####################################################################

Total time on ABC: 0.169 s
Number of trials: 12666

Fit on file model_fit.png