2021-11-14_04-03-32

Data Source: Número de casos confirmados de COVID-19 no Brasil (on GitHub)
https://raw.githubusercontent.com/wcota/covid19br/master/cases-brazil-cities-time.csv

Rejection ABC fitting of epidemic curves

Model: SEIRD
Parameters: $\beta_{I}$, $\beta_{E}$, $N$, $\mu$, $\gamma$, $t_{c}$, RF_{0}, $E_{0}$
#####################################################################

Number of Samples: 48
Number of Posteriors: 3
RMSD Weights: [1,1]
Training window size: 50
Validation window size: 10

#####################################################################

Posterior No. 1
Execution Time: 1.214 s
Tolerance: eps = 0.036164

Priors' Ranges:

	 $\beta_{I}$: 0.000000 <-> 1.000000
	 $\beta_{E}$: 0.000000 <-> 1.000000
	 $N$: 126476.458000 <-> 25295291.600000
	 $\mu$: 0.000000 <-> 1.000000
	 $\gamma$: 0.000000 <-> 1.000000
	 $t_{c}$: 0.000000 <-> 30.000000
	 RF_{0}: 0.000000 <-> 1.000000
	 $E_{0}$: 0.000000 <-> 2.000000

Estimated parameters (av +/- std):

	 $\beta_{I}$: 0.014955 +/- 0.229057
	 $\beta_{E}$: 0.044653 +/- 0.015189
	 $N$: 16395798.652429 +/- 6665795.422299
	 $\mu$: 0.009450 +/- 0.002331
	 $\gamma$: 0.830719 +/- 0.197621
	 $t_{c}$: 26.986879 +/- 4.899873
	 RF_{0}: 0.957534 +/- 0.012097
	 $E_{0}$: 0.157395 +/- 0.038062

Posterior distribution on file posterior_'param'.png

RMSD: 0.014410
Weighted RMSD: 0.014410
RMSD for validation data: 0.160824
RMSD for total data: 0.399238
AIC: 16.028820
AIC for validation data: 16.321647
AIC for total data: 16.798476

#####################################################################

Total time on ABC: 1.214 s
Number of trials: 58310

Fit on file model_fit.png