2022-03-08_15-59-59

Data Source: Número de casos confirmados de COVID-19 no Brasil (on GitHub)
https://raw.githubusercontent.com/wcota/covid19br/master/cases-brazil-cities-time.csv

Rejection ABC fitting of epidemic curves

Model: SEIRD
Parameters: $\beta_{I}$, $\beta_{E}$, $N$, $\mu$, $\gamma$, $t_{c}$, RF_{0}, $E_{0}$
#####################################################################

Number of Samples: 960
Number of Posteriors: 3
RMSD Weights: [1,1]
Training window size: 20
Validation window size: 10

#####################################################################

Posterior No. 2
Execution Time: 0.176 s
Tolerance: eps = 0.073476

Priors' Ranges:

	 $\beta_{I}$: 0.000823 <-> 0.999914
	 $\beta_{E}$: 0.000549 <-> 0.231305
	 $N$: 2178481.016148 <-> 106110828.343799
	 $\mu$: 0.015052 <-> 0.102867
	 $\gamma$: 0.110307 <-> 0.998048
	 $t_{c}$: 1.942018 <-> 28.284049
	 RF_{0}: 0.003077 <-> 0.997143
	 $E_{0}$: 0.003564 <-> 1.998649

Estimated parameters (av +/- std):

	 $\beta_{I}$: 0.697154 +/- 0.253857
	 $\beta_{E}$: 0.054565 +/- 0.040963
	 $N$: 42973665.837391 +/- 28328962.448378
	 $\mu$: 0.044423 +/- 0.015896
	 $\gamma$: 0.549803 +/- 0.207163
	 $t_{c}$: 11.034773 +/- 4.718591
	 RF_{0}: 0.766346 +/- 0.254546
	 $E_{0}$: 1.639190 +/- 0.407924

Posterior distribution on file posterior_'param'.png

RMSD: 0.020300
Weighted RMSD: 0.020300
RMSD for validation data: 0.058790
RMSD for total data: 1.849761
AIC: 16.040600
AIC for validation data: 16.117581
AIC for total data: 19.699521

#####################################################################

Total time on ABC: 0.307 s
Number of trials: 15527

Fit on file model_fit.png