2021-11-14_19-38-02

Data Source: Número de casos confirmados de COVID-19 no Brasil (on GitHub)
https://raw.githubusercontent.com/wcota/covid19br/master/cases-brazil-cities-time.csv

Rejection ABC fitting of epidemic curves

Model: SEIRD
Parameters: $\beta_{I}$, $\beta_{E}$, $N$, $\mu$, $\gamma$, $t_{c}$, RF_{0}, $E_{0}$
#####################################################################

Number of Samples: 960
Number of Posteriors: 3
RMSD Weights: [1,1]
Training window size: 50
Validation window size: 10

#####################################################################

Posterior No. 2
Execution Time: 0.309 s
Tolerance: eps = 0.063638

Priors' Ranges:

	 $\beta_{I}$: 0.000108 <-> 0.650758
	 $\beta_{E}$: 0.000001 <-> 0.077237
	 $N$: 116665.952314 <-> 10239248.570466
	 $\mu$: 0.003606 <-> 0.030122
	 $\gamma$: 0.122790 <-> 0.997858
	 $t_{c}$: 6.176130 <-> 29.934620
	 RF_{0}: 0.900369 <-> 0.999732
	 $E_{0}$: 0.148597 <-> 0.672471

Estimated parameters (av +/- std):

	 $\beta_{I}$: 0.077415 +/- 0.134871
	 $\beta_{E}$: 0.003440 +/- 0.014678
	 $N$: 9081993.516333 +/- 2666002.879045
	 $\mu$: 0.007437 +/- 0.004559
	 $\gamma$: 0.293352 +/- 0.172547
	 $t_{c}$: 23.433334 +/- 5.878718
	 RF_{0}: 0.955525 +/- 0.022739
	 $E_{0}$: 0.521497 +/- 0.111907

Posterior distribution on file posterior_'param'.png

RMSD: 0.016254
Weighted RMSD: 0.016254
RMSD for validation data: 0.220367
RMSD for total data: 0.433979
AIC: 16.032507
AIC for validation data: 16.440733
AIC for total data: 16.867957

#####################################################################

Total time on ABC: 0.580 s
Number of trials: 16550

Fit on file model_fit.png