2021-11-14_06-01-51

Data Source: Número de casos confirmados de COVID-19 no Brasil (on GitHub)
https://raw.githubusercontent.com/wcota/covid19br/master/cases-brazil-cities-time.csv

Rejection ABC fitting of epidemic curves

Model: SEIRD
Parameters: $\beta_{I}$, $\beta_{E}$, $N$, $\mu$, $\gamma$, $t_{c}$, RF_{0}, $E_{0}$
#####################################################################

Number of Samples: 960
Number of Posteriors: 3
RMSD Weights: [1,1]
Training window size: 40
Validation window size: 10

#####################################################################

Posterior No. 3
Execution Time: 12.478 s
Tolerance: eps = 0.015016

Priors' Ranges:

	 $\beta_{I}$: 0.002011 <-> 0.912623
	 $\beta_{E}$: 0.000081 <-> 0.082281
	 $N$: 17318467.364364 <-> 275358925.950291
	 $\mu$: 0.002349 <-> 0.010426
	 $\gamma$: 0.248520 <-> 0.999519
	 $t_{c}$: 7.134930 <-> 29.981208
	 RF_{0}: 0.988709 <-> 0.998317
	 $E_{0}$: 0.011313 <-> 0.051021

Estimated parameters (av +/- std):

	 $\beta_{I}$: 0.041875 +/- 0.184528
	 $\beta_{E}$: 0.019906 +/- 0.014953
	 $N$: 119279741.146765 +/- 72565628.380020
	 $\mu$: 0.002839 +/- 0.001645
	 $\gamma$: 0.297416 +/- 0.160014
	 $t_{c}$: 29.898645 +/- 5.473408
	 RF_{0}: 0.991841 +/- 0.001241
	 $E_{0}$: 0.045188 +/- 0.008671

Posterior distribution on file posterior_'param'.png

RMSD: 0.010034
Weighted RMSD: 0.010034
RMSD for validation data: 0.186228
RMSD for total data: 0.507636
AIC: 16.020069
AIC for validation data: 16.372455
AIC for total data: 17.015271

#####################################################################

Total time on ABC: 27.179 s
Number of trials: 794854

Fit on file model_fit.png