2021-11-14_04-03-32

Data Source: Número de casos confirmados de COVID-19 no Brasil (on GitHub)
https://raw.githubusercontent.com/wcota/covid19br/master/cases-brazil-cities-time.csv

Rejection ABC fitting of epidemic curves

Model: SEIRD
Parameters: $\beta_{I}$, $\beta_{E}$, $N$, $\mu$, $\gamma$, $t_{c}$, RF_{0}, $E_{0}$
#####################################################################

Number of Samples: 960
Number of Posteriors: 3
RMSD Weights: [1,1]
Training window size: 45
Validation window size: 10

#####################################################################

Posterior No. 3
Execution Time: 0.312 s
Tolerance: eps = 0.067692

Priors' Ranges:

	 $\beta_{I}$: 0.002838 <-> 0.998826
	 $\beta_{E}$: 0.000041 <-> 0.201852
	 $N$: 127046.568107 <-> 25269635.890617
	 $\mu$: 0.004897 <-> 0.035327
	 $\gamma$: 0.096084 <-> 0.998702
	 $t_{c}$: 1.269524 <-> 29.975425
	 RF_{0}: 0.000613 <-> 0.998715
	 $E_{0}$: 0.002774 <-> 1.994501

Estimated parameters (av +/- std):

	 $\beta_{I}$: 0.548232 +/- 0.259218
	 $\beta_{E}$: 0.125908 +/- 0.031381
	 $N$: 15848316.892996 +/- 6595050.567517
	 $\mu$: 0.024822 +/- 0.005582
	 $\gamma$: 0.973817 +/- 0.188407
	 $t_{c}$: 9.571711 +/- 5.779429
	 RF_{0}: 0.143865 +/- 0.263014
	 $E_{0}$: 0.402347 +/- 0.438549

Posterior distribution on file posterior_'param'.png

RMSD: 0.038158
Weighted RMSD: 0.038158
RMSD for validation data: 0.094462
RMSD for total data: 17.232770
AIC: 16.076316
AIC for validation data: 16.188923
AIC for total data: 50.465540

#####################################################################

Total time on ABC: 0.612 s
Number of trials: 18117

Fit on file model_fit.png