2021-11-14_04-14-21

Data Source: Número de casos confirmados de COVID-19 no Brasil (on GitHub)
https://raw.githubusercontent.com/wcota/covid19br/master/cases-brazil-cities-time.csv

Rejection ABC fitting of epidemic curves

Model: SEIRD
Parameters: $\beta_{I}$, $\beta_{E}$, $N$, $\mu$, $\gamma$, $t_{c}$, RF_{0}, $E_{0}$
#####################################################################

Number of Samples: 960
Number of Posteriors: 3
RMSD Weights: [1,1]
Training window size: 30
Validation window size: 10

#####################################################################

Posterior No. 2
Execution Time: 0.430 s
Tolerance: eps = 0.071749

Priors' Ranges:

	 $\beta_{I}$: 0.000434 <-> 0.999268
	 $\beta_{E}$: 0.000007 <-> 0.121118
	 $N$: 151899.066936 <-> 25198952.282351
	 $\mu$: 0.000309 <-> 0.009230
	 $\gamma$: 0.002018 <-> 0.998744
	 $t_{c}$: 3.119487 <-> 29.966719
	 RF_{0}: 0.647676 <-> 0.999690
	 $E_{0}$: 0.098031 <-> 1.077217

Estimated parameters (av +/- std):

	 $\beta_{I}$: 0.005765 +/- 0.201615
	 $\beta_{E}$: 0.010008 +/- 0.018663
	 $N$: 12398303.535183 +/- 6573034.503831
	 $\mu$: 0.000420 +/- 0.001845
	 $\gamma$: 0.008600 +/- 0.224399
	 $t_{c}$: 15.511996 +/- 5.885331
	 RF_{0}: 0.695829 +/- 0.054577
	 $E_{0}$: 0.654249 +/- 0.184901

Posterior distribution on file posterior_'param'.png

RMSD: 0.033570
Weighted RMSD: 0.033570
RMSD for validation data: 0.291063
RMSD for total data: 0.399260
AIC: 16.067141
AIC for validation data: 16.582127
AIC for total data: 16.798519

#####################################################################

Total time on ABC: 1.420 s
Number of trials: 40977

Fit on file model_fit.png