2021-11-29_22-05-24

Data Source: Número de casos confirmados de COVID-19 no Brasil (on GitHub)
https://raw.githubusercontent.com/wcota/covid19br/master/cases-brazil-cities-time.csv

Rejection ABC fitting of epidemic curves

Model: SEIRD
Parameters: $\beta_{I}$, $\beta_{E}$, $N$, $\mu$, $\gamma$, $t_{c}$, RF_{0}, $E_{0}$
#####################################################################

Number of Samples: 9984
Number of Posteriors: 3
RMSD Weights: [1,1]
Training window size: 15
Validation window size: 10

#####################################################################

Posterior No. 2
Execution Time: 1.776 s
Tolerance: eps = 6.903321

Priors' Ranges:

	 $\beta_{I}$: 0.000139 <-> 0.999613
	 $\beta_{E}$: 0.000010 <-> 0.999290
	 $N$: 213417.093077 <-> 42496719.681043
	 $\mu$: 0.000003 <-> 0.995867
	 $\gamma$: 0.002443 <-> 0.999788
	 $t_{c}$: 0.040570 <-> 29.999142
	 RF_{0}: 0.000057 <-> 0.999975
	 $E_{0}$: 0.000030 <-> 1.999946

Estimated parameters (av +/- std):

	 $\beta_{I}$: 0.982662 +/- 0.268714
	 $\beta_{E}$: 0.358713 +/- 0.269471
	 $N$: 3768532.818534 +/- 11280129.692694
	 $\mu$: 0.004546 +/- 0.172288
	 $\gamma$: 0.367511 +/- 0.225006
	 $t_{c}$: 25.594673 +/- 7.329697
	 RF_{0}: 0.656524 +/- 0.246651
	 $E_{0}$: 0.654734 +/- 0.542401

Posterior distribution on file posterior_'param'.png

RMSD: 0.088273
Weighted RMSD: 0.088273
RMSD for validation data: 0.252495
RMSD for total data: 0.316201
AIC: 16.176545
AIC for validation data: 16.504989
AIC for total data: 16.632403

#####################################################################

Total time on ABC: 2.827 s
Number of trials: 147186

Fit on file model_fit.png