2021-11-14_07-39-52

Data Source: Número de casos confirmados de COVID-19 no Brasil (on GitHub)
https://raw.githubusercontent.com/wcota/covid19br/master/cases-brazil-cities-time.csv

Rejection ABC fitting of epidemic curves

Model: SEIRD
Parameters: $\beta_{I}$, $\beta_{E}$, $N$, $\mu$, $\gamma$, $t_{c}$, RF_{0}, $E_{0}$
#####################################################################

Number of Samples: 960
Number of Posteriors: 3
RMSD Weights: [1,1]
Training window size: 50
Validation window size: 10

#####################################################################

Posterior No. 3
Execution Time: 0.144 s
Tolerance: eps = 3.681935

Priors' Ranges:

	 $\beta_{I}$: 0.000466 <-> 0.977457
	 $\beta_{E}$: 0.000381 <-> 0.970342
	 $N$: 1416385.235723 <-> 275447385.243412
	 $\mu$: 0.000100 <-> 0.993439
	 $\gamma$: 0.060869 <-> 0.999911
	 $t_{c}$: 0.043771 <-> 29.934541
	 RF_{0}: 0.002508 <-> 0.999950
	 $E_{0}$: 0.000614 <-> 1.981207

Estimated parameters (av +/- std):

	 $\beta_{I}$: 0.449925 +/- 0.220916
	 $\beta_{E}$: 0.206628 +/- 0.111795
	 $N$: 3381712.483726 +/- 76252744.864572
	 $\mu$: 0.017123 +/- 0.268199
	 $\gamma$: 0.925383 +/- 0.199874
	 $t_{c}$: 20.617794 +/- 9.127147
	 RF_{0}: 0.970911 +/- 0.246733
	 $E_{0}$: 0.440535 +/- 0.453906

Posterior distribution on file posterior_'param'.png

RMSD: 0.040543
Weighted RMSD: 0.040543
RMSD for validation data: 0.692451
RMSD for total data: 0.322555
AIC: 16.081085
AIC for validation data: 17.384903
AIC for total data: 16.645111

#####################################################################

Total time on ABC: 0.573 s
Number of trials: 14374

Fit on file model_fit.png