2021-11-14_10-28-32

Data Source: Número de casos confirmados de COVID-19 no Brasil (on GitHub)
https://raw.githubusercontent.com/wcota/covid19br/master/cases-brazil-cities-time.csv

Rejection ABC fitting of epidemic curves

Model: SEIRD
Parameters: $\beta_{I}$, $\beta_{E}$, $N$, $\mu$, $\gamma$, $t_{c}$, RF_{0}, $E_{0}$
#####################################################################

Number of Samples: 48
Number of Posteriors: 3
RMSD Weights: [1,1]
Training window size: 30
Validation window size: 10

#####################################################################

Posterior No. 1
Execution Time: 0.173 s
Tolerance: eps = 16.806156

Priors' Ranges:

	 $\beta_{I}$: 0.000000 <-> 1.000000
	 $\beta_{E}$: 0.000000 <-> 1.000000
	 $N$: 212559.409000 <-> 42511881.800000
	 $\mu$: 0.000000 <-> 1.000000
	 $\gamma$: 0.000000 <-> 1.000000
	 $t_{c}$: 0.000000 <-> 30.000000
	 RF_{0}: 0.000000 <-> 1.000000
	 $E_{0}$: 0.000000 <-> 2.000000

Estimated parameters (av +/- std):

	 $\beta_{I}$: 0.628040 +/- 0.286495
	 $\beta_{E}$: 0.984117 +/- 0.293843
	 $N$: 9654958.564726 +/- 10679536.167732
	 $\mu$: 0.008944 +/- 0.252354
	 $\gamma$: 0.214997 +/- 0.273174
	 $t_{c}$: 24.131389 +/- 8.402021
	 RF_{0}: 0.992959 +/- 0.266096
	 $E_{0}$: 0.227710 +/- 0.573933

Posterior distribution on file posterior_'param'.png

RMSD: 0.182200
Weighted RMSD: 0.182200
RMSD for validation data: 0.936085
RMSD for total data: 0.490660
AIC: 16.364401
AIC for validation data: 17.872170
AIC for total data: 16.981320

#####################################################################

Total time on ABC: 0.173 s
Number of trials: 9458

Fit on file model_fit.png