2021-11-14_06-17-32

Data Source: Número de casos confirmados de COVID-19 no Brasil (on GitHub)
https://raw.githubusercontent.com/wcota/covid19br/master/cases-brazil-cities-time.csv

Rejection ABC fitting of epidemic curves

Model: SEIRD
Parameters: $\beta_{I}$, $\beta_{E}$, $N$, $\mu$, $\gamma$, $t_{c}$, RF_{0}, $E_{0}$
#####################################################################

Number of Samples: 960
Number of Posteriors: 3
RMSD Weights: [1,1]
Training window size: 10
Validation window size: 10

#####################################################################

Posterior No. 3
Execution Time: 0.056 s
Tolerance: eps = 39.027404

Priors' Ranges:

	 $\beta_{I}$: 0.001982 <-> 0.999230
	 $\beta_{E}$: 0.000440 <-> 0.892562
	 $N$: 88101.426466 <-> 16750393.231670
	 $\mu$: 0.000043 <-> 0.984194
	 $\gamma$: 0.005677 <-> 0.999760
	 $t_{c}$: 0.131371 <-> 29.923371
	 RF_{0}: 0.006744 <-> 0.999879
	 $E_{0}$: 0.000763 <-> 1.957203

Estimated parameters (av +/- std):

	 $\beta_{I}$: 0.382482 +/- 0.267635
	 $\beta_{E}$: 0.045475 +/- 0.150795
	 $N$: 7244837.148826 +/- 4867329.197506
	 $\mu$: 0.032802 +/- 0.182900
	 $\gamma$: 0.753762 +/- 0.230004
	 $t_{c}$: 14.078603 +/- 6.773798
	 RF_{0}: 0.975531 +/- 0.213318
	 $E_{0}$: 0.104563 +/- 0.438664

Posterior distribution on file posterior_'param'.png

RMSD: 1.646230
Weighted RMSD: 1.646230
RMSD for validation data: 4.826279
RMSD for total data: 0.415601
AIC: 19.292460
AIC for validation data: 25.652559
AIC for total data: 16.831203

#####################################################################

Total time on ABC: 0.172 s
Number of trials: 10381

Fit on file model_fit.png