2021-11-14_19-26-42

Data Source: Número de casos confirmados de COVID-19 no Brasil (on GitHub)
https://raw.githubusercontent.com/wcota/covid19br/master/cases-brazil-cities-time.csv

Rejection ABC fitting of epidemic curves

Model: SEIRD
Parameters: $\beta_{I}$, $\beta_{E}$, $N$, $\mu$, $\gamma$, $t_{c}$, RF_{0}, $E_{0}$
#####################################################################

Number of Samples: 48
Number of Posteriors: 3
RMSD Weights: [1,1]
Training window size: 10
Validation window size: 10

#####################################################################

Posterior No. 1
Execution Time: 0.167 s
Tolerance: eps = 0.121824

Priors' Ranges:

	 $\beta_{I}$: 0.000000 <-> 1.000000
	 $\beta_{E}$: 0.000000 <-> 1.000000
	 $N$: 67886.004000 <-> 13577200.800000
	 $\mu$: 0.000000 <-> 1.000000
	 $\gamma$: 0.000000 <-> 1.000000
	 $t_{c}$: 0.000000 <-> 30.000000
	 RF_{0}: 0.000000 <-> 1.000000
	 $E_{0}$: 0.000000 <-> 2.000000

Estimated parameters (av +/- std):

	 $\beta_{I}$: 0.203702 +/- 0.269373
	 $\beta_{E}$: 0.149236 +/- 0.274433
	 $N$: 5918416.504940 +/- 670232.706477
	 $\mu$: 0.007329 +/- 0.003354
	 $\gamma$: 0.603745 +/- 0.237044
	 $t_{c}$: 23.333654 +/- 5.392702
	 RF_{0}: 0.995507 +/- 0.043621
	 $E_{0}$: 0.031434 +/- 0.010588

Posterior distribution on file posterior_'param'.png

RMSD: 0.025495
Weighted RMSD: 0.025495
RMSD for validation data: 0.264927
RMSD for total data: 0.437694
AIC: 16.050989
AIC for validation data: 16.529854
AIC for total data: 16.875388

#####################################################################

Total time on ABC: 0.167 s
Number of trials: 30932

Fit on file model_fit.png