2022-03-08_16-04-21

Data Source: Número de casos confirmados de COVID-19 no Brasil (on GitHub)
https://raw.githubusercontent.com/wcota/covid19br/master/cases-brazil-cities-time.csv

Rejection ABC fitting of epidemic curves

Model: SEIRD
Parameters: $\beta_{I}$, $\beta_{E}$, $N$, $\mu$, $\gamma$, $t_{c}$, RF_{0}, $E_{0}$
#####################################################################

Number of Samples: 48
Number of Posteriors: 3
RMSD Weights: [1,1]
Training window size: 20
Validation window size: 10

#####################################################################

Posterior No. 1
Execution Time: 0.958 s
Tolerance: eps = 0.05

Priors' Ranges:

	 $\beta_{I}$: 0.000000 <-> 1.000000
	 $\beta_{E}$: 0.000000 <-> 1.000000
	 $N$: 2125594.090000 <-> 106279704.500000
	 $\mu$: 0.000000 <-> 1.000000
	 $\gamma$: 0.000000 <-> 1.000000
	 $t_{c}$: 0.000000 <-> 30.000000
	 RF_{0}: 0.000000 <-> 1.000000
	 $E_{0}$: 0.000000 <-> 2.000000

Estimated parameters (av +/- std):

	 $\beta_{I}$: 0.720198 +/- 0.236907
	 $\beta_{E}$: 0.064478 +/- 0.030157
	 $N$: 46758678.004314 +/- 23437988.783481
	 $\mu$: 0.016844 +/- 0.003464
	 $\gamma$: 0.934179 +/- 0.181477
	 $t_{c}$: 26.375275 +/- 5.952752
	 RF_{0}: 0.992390 +/- 0.004323
	 $E_{0}$: 0.068835 +/- 0.022143

Posterior distribution on file posterior_'param'.png

RMSD: 0.031971
Weighted RMSD: 0.031971
RMSD for validation data: 0.159222
RMSD for total data: 0.329517
AIC: 16.063942
AIC for validation data: 16.318444
AIC for total data: 16.659033

#####################################################################

Total time on ABC: 0.958 s
Number of trials: 83585

Fit on file model_fit.png