2021-11-14_04-14-21

Data Source: Número de casos confirmados de COVID-19 no Brasil (on GitHub)
https://raw.githubusercontent.com/wcota/covid19br/master/cases-brazil-cities-time.csv

Rejection ABC fitting of epidemic curves

Model: SEIRD
Parameters: $\beta_{I}$, $\beta_{E}$, $N$, $\mu$, $\gamma$, $t_{c}$, RF_{0}, $E_{0}$
#####################################################################

Number of Samples: 960
Number of Posteriors: 3
RMSD Weights: [1,1]
Training window size: 30
Validation window size: 10

#####################################################################

Posterior No. 2
Execution Time: 0.456 s
Tolerance: eps = 0.052929

Priors' Ranges:

	 $\beta_{I}$: 0.000893 <-> 0.708368
	 $\beta_{E}$: 0.000002 <-> 0.088751
	 $N$: 165983.418724 <-> 25203174.864973
	 $\mu$: 0.048865 <-> 0.300747
	 $\gamma$: 0.229519 <-> 0.999941
	 $t_{c}$: 3.589690 <-> 29.958137
	 RF_{0}: 0.963976 <-> 0.999930
	 $E_{0}$: 0.023074 <-> 0.147681

Estimated parameters (av +/- std):

	 $\beta_{I}$: 0.241988 +/- 0.138887
	 $\beta_{E}$: 0.015996 +/- 0.017140
	 $N$: 7883923.067779 +/- 6359221.280362
	 $\mu$: 0.261080 +/- 0.047858
	 $\gamma$: 0.907967 +/- 0.169588
	 $t_{c}$: 11.036566 +/- 5.760729
	 RF_{0}: 0.997198 +/- 0.006778
	 $E_{0}$: 0.070656 +/- 0.026588

Posterior distribution on file posterior_'param'.png

RMSD: 0.026417
Weighted RMSD: 0.026417
RMSD for validation data: 0.922025
RMSD for total data: 0.399267
AIC: 16.052834
AIC for validation data: 17.844050
AIC for total data: 16.798534

#####################################################################

Total time on ABC: 1.529 s
Number of trials: 39510

Fit on file model_fit.png