2021-11-14_19-22-12

Data Source: Número de casos confirmados de COVID-19 no Brasil (on GitHub)
https://raw.githubusercontent.com/wcota/covid19br/master/cases-brazil-cities-time.csv

Rejection ABC fitting of epidemic curves

Model: SEIRD
Parameters: $\beta_{I}$, $\beta_{E}$, $N$, $\mu$, $\gamma$, $t_{c}$, RF_{0}, $E_{0}$
#####################################################################

Number of Samples: 960
Number of Posteriors: 3
RMSD Weights: [1,1]
Training window size: 40
Validation window size: 10

#####################################################################

Posterior No. 3
Execution Time: 0.176 s
Tolerance: eps = 0.108470

Priors' Ranges:

	 $\beta_{I}$: 0.000094 <-> 0.999126
	 $\beta_{E}$: 0.003666 <-> 0.147176
	 $N$: 65150.673612 <-> 10245481.511210
	 $\mu$: 0.001382 <-> 0.006289
	 $\gamma$: 0.230287 <-> 0.998726
	 $t_{c}$: 2.614599 <-> 29.946797
	 RF_{0}: 0.921309 <-> 0.999475
	 $E_{0}$: 0.000220 <-> 0.151697

Estimated parameters (av +/- std):

	 $\beta_{I}$: 0.839040 +/- 0.251295
	 $\beta_{E}$: 0.045337 +/- 0.021340
	 $N$: 4665424.078673 +/- 2718443.410413
	 $\mu$: 0.003342 +/- 0.000804
	 $\gamma$: 0.613681 +/- 0.166782
	 $t_{c}$: 22.920889 +/- 5.688950
	 RF_{0}: 0.991232 +/- 0.015555
	 $E_{0}$: 0.110786 +/- 0.029544

Posterior distribution on file posterior_'param'.png

RMSD: 0.072159
Weighted RMSD: 0.072159
RMSD for validation data: 3.247836
RMSD for total data: 0.433979
AIC: 16.144317
AIC for validation data: 22.495671
AIC for total data: 16.867957

#####################################################################

Total time on ABC: 0.349 s
Number of trials: 8423

Fit on file model_fit.png