2021-11-14_06-19-53

Data Source: Número de casos confirmados de COVID-19 no Brasil (on GitHub)
https://raw.githubusercontent.com/wcota/covid19br/master/cases-brazil-cities-time.csv

Rejection ABC fitting of epidemic curves

Model: SEIRD
Parameters: $\beta_{I}$, $\beta_{E}$, $N$, $\mu$, $\gamma$, $t_{c}$, RF_{0}, $E_{0}$
#####################################################################

Number of Samples: 48
Number of Posteriors: 3
RMSD Weights: [1,1]
Training window size: 50
Validation window size: 10

#####################################################################

Posterior No. 1
Execution Time: 0.269 s
Tolerance: eps = 10.931267

Priors' Ranges:

	 $\beta_{I}$: 0.000000 <-> 1.000000
	 $\beta_{E}$: 0.000000 <-> 1.000000
	 $N$: 83783.945000 <-> 16756789.000000
	 $\mu$: 0.000000 <-> 1.000000
	 $\gamma$: 0.000000 <-> 1.000000
	 $t_{c}$: 0.000000 <-> 30.000000
	 RF_{0}: 0.000000 <-> 1.000000
	 $E_{0}$: 0.000000 <-> 2.000000

Estimated parameters (av +/- std):

	 $\beta_{I}$: 0.243627 +/- 0.291345
	 $\beta_{E}$: 0.017472 +/- 0.307489
	 $N$: 7576811.694694 +/- 4634792.716696
	 $\mu$: 0.004533 +/- 0.266565
	 $\gamma$: 0.809018 +/- 0.250635
	 $t_{c}$: 26.702414 +/- 9.325052
	 RF_{0}: 0.867067 +/- 0.286181
	 $E_{0}$: 1.645878 +/- 0.588356

Posterior distribution on file posterior_'param'.png

RMSD: 0.135123
Weighted RMSD: 0.135123
RMSD for validation data: 0.911924
RMSD for total data: 0.415607
AIC: 16.270245
AIC for validation data: 17.823849
AIC for total data: 16.831214

#####################################################################

Total time on ABC: 0.269 s
Number of trials: 9919

Fit on file model_fit.png