2022-03-08_15-59-59

Data Source: Número de casos confirmados de COVID-19 no Brasil (on GitHub)
https://raw.githubusercontent.com/wcota/covid19br/master/cases-brazil-cities-time.csv

Rejection ABC fitting of epidemic curves

Model: SEIRD
Parameters: $\beta_{I}$, $\beta_{E}$, $N$, $\mu$, $\gamma$, $t_{c}$, RF_{0}, $E_{0}$
#####################################################################

Number of Samples: 48
Number of Posteriors: 3
RMSD Weights: [1,1]
Training window size: 20
Validation window size: 10

#####################################################################

Posterior No. 1
Execution Time: 0.196 s
Tolerance: eps = 0.05

Priors' Ranges:

	 $\beta_{I}$: 0.000000 <-> 1.000000
	 $\beta_{E}$: 0.000000 <-> 1.000000
	 $N$: 2125594.090000 <-> 106279704.500000
	 $\mu$: 0.000000 <-> 1.000000
	 $\gamma$: 0.000000 <-> 1.000000
	 $t_{c}$: 0.000000 <-> 30.000000
	 RF_{0}: 0.000000 <-> 1.000000
	 $E_{0}$: 0.000000 <-> 2.000000

Estimated parameters (av +/- std):

	 $\beta_{I}$: 0.723341 +/- 0.247523
	 $\beta_{E}$: 0.014693 +/- 0.022987
	 $N$: 91604235.300596 +/- 25665162.253100
	 $\mu$: 0.018720 +/- 0.003352
	 $\gamma$: 0.857070 +/- 0.170000
	 $t_{c}$: 25.316199 +/- 5.731121
	 RF_{0}: 0.996876 +/- 0.003860
	 $E_{0}$: 0.152584 +/- 0.038062

Posterior distribution on file posterior_'param'.png

RMSD: 0.018138
Weighted RMSD: 0.018138
RMSD for validation data: 0.125115
RMSD for total data: 0.449499
AIC: 16.036276
AIC for validation data: 16.250230
AIC for total data: 16.898998

#####################################################################

Total time on ABC: 0.196 s
Number of trials: 15534

Fit on file model_fit.png